Instance name: /home/cuong/CLionProjects/uMV-FSTSP/50_dis_rand_ins/v13
Write arg val: 1

drone speed: 1 miles/minute
uav non-eligible customer: 5 11 
Printing tau:
0 19.4657 62.013 51.6137 69.8151 70.65 69.3334 59.8631 45.9784 104.896 88.4402 0 
19.4657 0 52.0976 41.6984 50.3494 51.1843 49.8677 53.7221 55.8938 85.4303 68.9745 19.4657 
62.013 52.0976 0 13.2667 50.847 48.7325 57.3885 105.82 107.991 62.2151 54.9846 62.013 
51.6137 41.6984 13.2667 0 40.4477 38.3332 46.9892 95.4205 97.5922 67.5945 51.1388 51.6137 
69.8151 50.3494 50.847 40.4477 0 2.11453 6.5415 54.9727 57.1444 35.0808 18.6251 69.8151 
70.65 51.1843 48.7325 38.3332 2.11453 0 8.65603 57.0872 59.259 34.2459 17.7902 70.65 
69.3334 49.8677 57.3885 46.9892 6.5415 8.65603 0 48.4312 50.6029 35.5626 19.1069 69.3334 
59.8631 53.7221 105.82 95.4205 54.9727 57.0872 48.4312 0 14.6912 45.0329 50.8351 59.8631 
45.9784 55.8938 107.991 97.5922 57.1444 59.259 50.6029 14.6912 0 59.7241 53.0068 45.9784 
104.896 85.4303 62.2151 67.5945 35.0808 34.2459 35.5626 45.0329 59.7241 0 16.4557 104.896 
88.4402 68.9745 54.9846 51.1388 18.6251 17.7902 19.1069 50.8351 53.0068 16.4557 0 88.4402 
0 0 0 0 0 0 0 0 0 0 0 0 
Printing tau_prime:
0 3.08942 11.3161 9.00597 9.99883 10.1664 9.827 10.4906 9.11539 14.8346 12.5468 0 
3.08942 0 8.58082 6.41384 7.12268 7.25419 7.09194 9.5058 8.70049 12.1661 9.76302 3.08942 
11.3161 8.58082 0 2.3839 7.68877 7.45403 8.53882 15.0228 15.2913 11.6809 9.44203 11.3161 
9.00597 6.41384 2.3839 0 7.33915 7.18549 8.04243 13.8666 13.8464 12.0448 9.59482 9.00597 
9.99883 7.12268 7.68877 7.33915 0 0.321506 0.927614 7.90069 8.80088 5.21517 2.6982 9.99883 
10.1664 7.25419 7.45403 7.18549 0.321506 0 1.23823 8.21622 9.12224 5.20493 2.66676 10.1664 
9.827 7.09194 8.53882 8.04243 0.927614 1.23823 0 6.97892 7.93024 5.07542 2.72342 9.827 
10.4906 9.5058 15.0228 13.8666 7.90069 8.21622 6.97892 0 2.10023 8.8649 8.24726 10.4906 
9.11539 8.70049 15.2913 13.8464 8.80088 9.12224 7.93024 2.10023 0 10.6418 9.67665 9.11539 
14.8346 12.1661 11.6809 12.0448 5.21517 5.20493 5.07542 8.8649 10.6418 0 2.54193 14.8346 
12.5468 9.76302 9.44203 9.59482 2.6982 2.66676 2.72342 8.24726 9.67665 2.54193 0 12.5468 
0 0 0 0 0 0 0 0 0 0 0 0 
Printing number of nodes: 11

Version identifier: 22.1.1.0 | 2022-11-28 | 9160aff4d
CPXPARAM_ClockType                               0
CPXPARAM_Emphasis_MIP                            2
CPXPARAM_MIP_Tolerances_Integrality              0
Tried aggregator 2 times.
MIP Presolve eliminated 587 rows and 1207 columns.
MIP Presolve modified 795 coefficients.
Aggregator did 18 substitutions.
Reduced MIP has 5526 rows, 490 columns, and 160916 nonzeros.
Reduced MIP has 481 binaries, 0 generals, 0 SOSs, and 0 indicators.
Presolve time = 0.14 sec. (378.86 ticks)
Found incumbent of value 581.270600 after 0.19 sec. (478.31 ticks)
Probing fixed 96 vars, tightened 0 bounds.
Probing changed sense of 22 constraints.
Probing time = 0.10 sec. (21.02 ticks)
Tried aggregator 2 times.
MIP Presolve eliminated 145 rows and 139 columns.
MIP Presolve modified 180 coefficients.
Aggregator did 1 substitutions.
Reduced MIP has 5378 rows, 350 columns, and 159927 nonzeros.
Reduced MIP has 341 binaries, 0 generals, 0 SOSs, and 0 indicators.
Presolve time = 0.10 sec. (218.04 ticks)
Probing changed sense of 4 constraints.
Probing time = 0.01 sec. (16.20 ticks)
Tried aggregator 1 time.
Detecting symmetries...
MIP Presolve eliminated 26 rows and 32 columns.
MIP Presolve modified 38 coefficients.
Reduced MIP has 5352 rows, 318 columns, and 159815 nonzeros.
Reduced MIP has 309 binaries, 0 generals, 0 SOSs, and 0 indicators.
Presolve time = 0.06 sec. (145.00 ticks)
Probing time = 0.01 sec. (12.89 ticks)
Clique table members: 20795.
MIP emphasis: optimality.
MIP search method: dynamic search.
Parallel mode: deterministic, using up to 20 threads.
Root relaxation solution time = 0.05 sec. (67.63 ticks)

        Nodes                                         Cuts/
   Node  Left     Objective  IInf  Best Integer    Best Bound    ItCnt     Gap

*     0+    0                          581.2706        0.0000           100.00%
      0     0      220.4945    52      581.2706      220.4945      754   62.07%
*     0+    0                          228.5097      220.4945             3.51%
      0     0      224.4759    88      228.5097      Cuts: 90      888    1.77%
      0     0      225.0049    77      228.5097      Cuts: 45      968    1.53%
      0     0        cutoff            228.5097      228.5097      968    0.00%
Elapsed time = 0.91 sec. (2028.03 ticks, tree = 0.01 MB, solutions = 2)

Clique cuts applied:  35
Implied bound cuts applied:  8
Mixed integer rounding cuts applied:  1
Zero-half cuts applied:  4
Gomory fractional cuts applied:  3

Root node processing (before b&c):
  Real time             =    0.91 sec. (2028.55 ticks)
Parallel b&c, 20 threads:
  Real time             =    0.00 sec. (0.00 ticks)
  Sync time (average)   =    0.00 sec.
  Wait time (average)   =    0.00 sec.
                          ------------
Total (root+branch&cut) =    0.91 sec. (2028.55 ticks)
Truck arcs:
0 1
1 6
4 5
5 10
6 4
7 8
8 11
9 7
10 9
customer 2 is served by drone
start of this sortie: 5
end of this sortie: 10

customer 3 is served by drone
start of this sortie: 6
end of this sortie: 5

228.51
In write mode
