Instance name: /home/cuong/CLionProjects/uMV-FSTSP/50_dis_rand_ins/v14
Write arg val: 1

drone speed: 1 miles/minute
uav non-eligible customer: 11 
Printing tau:
0 17.8372 59.2152 54.6979 39.4364 58.025 34.3716 57.7669 65.3674 95.0019 71.9464 0 
17.8372 0 55.2989 55.522 35.5201 54.1087 30.4553 44.7193 47.5301 91.0856 68.0301 17.8372 
59.2152 55.2989 0 10.2631 25.8558 32.7603 43.6167 85.1885 92.7889 48.5773 37.6079 59.2152 
54.6979 55.522 10.2631 0 36.1189 43.0234 53.8799 95.4516 103.052 58.8404 47.871 54.6979 
39.4364 35.5201 25.8558 36.1189 0 18.5886 17.761 59.3327 66.9332 55.5655 32.51 39.4364 
58.025 54.1087 32.7603 43.0234 18.5886 0 23.6534 52.4282 60.0286 36.9769 13.9214 58.025 
34.3716 30.4553 43.6167 53.8799 17.761 23.6534 0 41.5718 49.1722 60.6303 37.5748 34.3716 
57.7669 44.7193 85.1885 95.4516 59.3327 52.4282 41.5718 0 10.1292 46.3663 47.5806 57.7669 
65.3674 47.5301 92.7889 103.052 66.9332 60.0286 49.1722 10.1292 0 56.4955 55.1811 65.3674 
95.0019 91.0856 48.5773 58.8404 55.5655 36.9769 60.6303 46.3663 56.4955 0 23.0555 95.0019 
71.9464 68.0301 37.6079 47.871 32.51 13.9214 37.5748 47.5806 55.1811 23.0555 0 71.9464 
0 0 0 0 0 0 0 0 0 0 0 0 
Printing tau_prime:
0 2.58265 9.22864 9.39361 5.58154 8.24064 5.37344 10.6794 10.7291 13.7644 10.2762 0 
2.58265 0 10.1058 10.6409 5.7239 7.85362 4.31328 8.47844 8.31335 12.89 9.68156 2.58265 
9.22864 10.1058 0 1.5858 4.60374 4.63606 7.09877 12.14 13.4452 8.53281 5.61504 9.22864 
9.39361 10.6409 1.5858 0 5.54524 6.1026 8.14395 13.5261 14.7526 10.0862 7.19604 9.39361 
5.58154 5.7239 4.60374 5.54524 0 2.80432 2.61191 8.49117 9.4667 8.48975 4.88879 5.58154 
8.24064 7.85362 4.63606 6.1026 2.80432 0 3.68062 7.53243 8.92683 5.68765 2.08472 8.24064 
5.37344 4.31328 7.09877 8.14395 2.61191 3.68062 0 6.21558 6.97854 8.60307 5.3814 5.37344 
10.6794 8.47844 12.14 13.5261 8.49117 7.53243 6.21558 0 1.79091 8.35489 7.49307 10.6794 
10.7291 8.31335 13.4452 14.7526 9.4667 8.92683 6.97854 1.79091 0 10.1454 9.12489 10.7291 
13.7644 12.89 8.53281 10.0862 8.48975 5.68765 8.60307 8.35489 10.1454 0 3.61077 13.7644 
10.2762 9.68156 5.61504 7.19604 4.88879 2.08472 5.3814 7.49307 9.12489 3.61077 0 10.2762 
0 0 0 0 0 0 0 0 0 0 0 0 
Printing number of nodes: 11

Version identifier: 22.1.1.0 | 2022-11-28 | 9160aff4d
CPXPARAM_ClockType                               0
CPXPARAM_Emphasis_MIP                            2
CPXPARAM_MIP_Tolerances_Integrality              0
Tried aggregator 3 times.
MIP Presolve eliminated 363 rows and 1195 columns.
MIP Presolve modified 912 coefficients.
Aggregator did 36 substitutions.
Reduced MIP has 5588 rows, 484 columns, and 163349 nonzeros.
Reduced MIP has 474 binaries, 0 generals, 0 SOSs, and 0 indicators.
Presolve time = 0.14 sec. (471.25 ticks)
Found incumbent of value 579.886100 after 0.19 sec. (570.59 ticks)
Probing fixed 64 vars, tightened 0 bounds.
Probing changed sense of 5 constraints.
Probing time = 0.20 sec. (18.38 ticks)
Cover probing fixed 12 vars, tightened 0 bounds.
Tried aggregator 2 times.
MIP Presolve eliminated 112 rows and 95 columns.
MIP Presolve modified 144 coefficients.
Aggregator did 5 substitutions.
Reduced MIP has 5470 rows, 384 columns, and 162550 nonzeros.
Reduced MIP has 374 binaries, 0 generals, 0 SOSs, and 0 indicators.
Presolve time = 0.19 sec. (442.02 ticks)
Probing changed sense of 22 constraints.
Probing time = 0.36 sec. (17.34 ticks)
Tried aggregator 1 time.
MIP Presolve eliminated 100 rows and 106 columns.
MIP Presolve modified 75 coefficients.
Reduced MIP has 5370 rows, 278 columns, and 162077 nonzeros.
Reduced MIP has 270 binaries, 0 generals, 0 SOSs, and 0 indicators.
Presolve time = 0.11 sec. (234.41 ticks)
Probing time = 0.20 sec. (10.99 ticks)
Tried aggregator 1 time.
Detecting symmetries...
MIP Presolve modified 5 coefficients.
Reduced MIP has 5370 rows, 278 columns, and 162075 nonzeros.
Reduced MIP has 270 binaries, 0 generals, 0 SOSs, and 0 indicators.
Presolve time = 0.05 sec. (87.60 ticks)
Probing time = 0.08 sec. (11.44 ticks)
Clique table members: 14677.
MIP emphasis: optimality.
MIP search method: dynamic search.
Parallel mode: deterministic, using up to 20 threads.
Root relaxation solution time = 0.04 sec. (49.40 ticks)

        Nodes                                         Cuts/
   Node  Left     Objective  IInf  Best Integer    Best Bound    ItCnt     Gap

*     0+    0                          579.8861       -3.0000           100.52%
*     0+    0                          364.9585       -3.0000           100.82%
      0     0      186.1225    89      364.9585      186.1225      487   49.00%
*     0+    0                          267.3888      186.1225            30.39%
*     0+    0                          204.6715      186.1225             9.06%
      0     0        cutoff            204.6715      204.6715      661    0.00%
Elapsed time = 1.85 sec. (2373.14 ticks, tree = 0.01 MB, solutions = 4)

Clique cuts applied:  23
Implied bound cuts applied:  2
Flow cuts applied:  2
Mixed integer rounding cuts applied:  2
Zero-half cuts applied:  4
Gomory fractional cuts applied:  16

Root node processing (before b&c):
  Real time             =    1.85 sec. (2373.70 ticks)
Parallel b&c, 20 threads:
  Real time             =    0.00 sec. (0.00 ticks)
  Sync time (average)   =    0.00 sec.
  Wait time (average)   =    0.00 sec.
                          ------------
Total (root+branch&cut) =    1.85 sec. (2373.70 ticks)
Truck arcs:
0 3
2 10
3 2
4 6
5 4
6 11
10 5
customer 1 is served by drone
start of this sortie: 5
end of this sortie: 4

customer 7 is served by drone
start of this sortie: 10
end of this sortie: 5

customer 8 is served by drone
start of this sortie: 4
end of this sortie: 6

customer 9 is served by drone
start of this sortie: 3
end of this sortie: 2

204.672
In write mode
