Instance name: /home/cuong/CLionProjects/uMV-FSTSP/50_dis_rand_ins/v15
Write arg val: 1

drone speed: 1 miles/minute
uav non-eligible customer: 6 11 
Printing tau:
0 7.20897 51.7595 59.6483 53.4411 54.4437 41.6613 47.5475 62.2498 90.8398 78.254 0 
7.20897 0 54.5264 52.4393 56.208 57.2106 44.4282 50.3145 65.0167 93.6067 81.0209 7.20897 
51.7595 54.5264 0 19.1104 17.0169 21.0038 40.3002 69.7595 80.063 39.0803 31.0528 51.7595 
59.6483 52.4393 19.1104 0 34.6213 38.6081 57.9045 87.3638 97.6674 58.1907 48.6572 59.6483 
53.4411 56.208 17.0169 34.6213 0 3.98685 23.2833 52.7425 63.0461 37.3987 24.8129 53.4411 
54.4437 57.2106 21.0038 38.6081 3.98685 0 19.2964 48.7557 59.0593 36.3961 23.8103 54.4437 
41.6613 44.4282 40.3002 57.9045 23.2833 19.2964 0 29.4593 39.7629 49.1785 36.5927 41.6613 
47.5475 50.3145 69.7595 87.3638 52.7425 48.7557 29.4593 0 14.7023 43.2922 38.7066 47.5475 
62.2498 65.0167 80.063 97.6674 63.0461 59.0593 39.7629 14.7023 0 53.3469 49.0102 62.2498 
90.8398 93.6067 39.0803 58.1907 37.3987 36.3961 49.1785 43.2922 53.3469 0 12.5858 90.8398 
78.254 81.0209 31.0528 48.6572 24.8129 23.8103 36.5927 38.7066 49.0102 12.5858 0 78.254 
0 0 0 0 0 0 0 0 0 0 0 0 
Printing tau_prime:
0 1.09202 9.43052 9.61653 8.34542 8.25446 5.89695 7.78321 10.3155 13.0283 11.1754 0 
1.09202 0 9.15052 8.94894 8.33885 8.32389 6.33046 8.66171 11.2007 13.2877 11.4706 1.09202 
9.43052 9.15052 0 3.67456 2.41828 2.99454 5.87551 9.88344 11.4194 6.69481 5.77276 9.43052 
9.61653 8.94894 3.67456 0 5.71129 6.26991 8.28753 12.5335 14.4327 10.3445 9.43115 9.61653 
8.34542 8.33885 2.41828 5.71129 0 0.581381 3.69019 7.50534 9.00267 5.46395 4.03159 8.34542 
8.25446 8.32389 2.99454 6.26991 0.581381 0 3.27335 6.96373 8.42488 5.21019 3.65489 8.25446 
5.89695 6.33046 5.87551 8.28753 3.69019 3.27335 0 4.24852 6.33241 7.21533 5.33767 5.89695 
7.78321 8.66171 9.88344 12.5335 7.50534 6.96373 4.24852 0 2.53898 8.63359 6.98726 7.78321 
10.3155 11.2007 11.4194 14.4327 9.00267 8.42488 6.33241 2.53898 0 8.55953 7.29127 10.3155 
13.0283 13.2877 6.69481 10.3445 5.46395 5.21019 7.21533 8.63359 8.55953 0 1.8826 13.0283 
11.1754 11.4706 5.77276 9.43115 4.03159 3.65489 5.33767 6.98726 7.29127 1.8826 0 11.1754 
0 0 0 0 0 0 0 0 0 0 0 0 
Printing number of nodes: 11

Version identifier: 22.1.1.0 | 2022-11-28 | 9160aff4d
CPXPARAM_ClockType                               0
CPXPARAM_Emphasis_MIP                            2
CPXPARAM_MIP_Tolerances_Integrality              0
Tried aggregator 3 times.
MIP Presolve eliminated 543 rows and 1225 columns.
MIP Presolve modified 756 coefficients.
Aggregator did 51 substitutions.
Reduced MIP has 5537 rows, 439 columns, and 160760 nonzeros.
Reduced MIP has 430 binaries, 0 generals, 0 SOSs, and 0 indicators.
Presolve time = 0.11 sec. (426.82 ticks)
Found incumbent of value 529.979270 after 0.16 sec. (518.41 ticks)
Probing fixed 83 vars, tightened 0 bounds.
Probing changed sense of 1 constraints.
Probing time = 0.02 sec. (16.67 ticks)
Cover probing fixed 6 vars, tightened 0 bounds.
Tried aggregator 2 times.
MIP Presolve eliminated 112 rows and 97 columns.
MIP Presolve modified 76 coefficients.
Aggregator did 4 substitutions.
Reduced MIP has 5420 rows, 338 columns, and 159911 nonzeros.
Reduced MIP has 329 binaries, 0 generals, 0 SOSs, and 0 indicators.
Presolve time = 0.11 sec. (277.91 ticks)
Probing fixed 9 vars, tightened 0 bounds.
Probing changed sense of 13 constraints.
Probing time = 0.01 sec. (15.97 ticks)
Tried aggregator 1 time.
MIP Presolve eliminated 95 rows and 102 columns.
MIP Presolve added 2 rows and 0 columns.
MIP Presolve modified 128 coefficients.
Reduced MIP has 5323 rows, 236 columns, and 159438 nonzeros.
Reduced MIP has 228 binaries, 0 generals, 0 SOSs, and 0 indicators.
Presolve time = 0.06 sec. (169.63 ticks)
Probing changed sense of 1 constraints.
Probing time = 0.01 sec. (9.67 ticks)
Tried aggregator 1 time.
Detecting symmetries...
MIP Presolve eliminated 3 rows and 1 columns.
MIP Presolve modified 3 coefficients.
Reduced MIP has 5320 rows, 235 columns, and 159428 nonzeros.
Reduced MIP has 227 binaries, 0 generals, 0 SOSs, and 0 indicators.
Presolve time = 0.04 sec. (92.38 ticks)
Probing time = 0.01 sec. (10.97 ticks)
Clique table members: 11688.
MIP emphasis: optimality.
MIP search method: dynamic search.
Parallel mode: deterministic, using up to 20 threads.
Root relaxation solution time = 0.04 sec. (49.62 ticks)

        Nodes                                         Cuts/
   Node  Left     Objective  IInf  Best Integer    Best Bound    ItCnt     Gap

*     0+    0                          529.9793       -5.0000           100.94%
      0     0      197.9406    64      529.9793      197.9406      455   62.65%
*     0+    0                          216.2388      197.9406             8.46%
      0     0      202.8137    83      216.2388      Cuts: 65      533    3.95%
      0     0      206.4361    74      216.2388      Cuts: 34      636    3.95%
*     0+    0                          216.2387      207.6927             3.95%
      0     0        cutoff            216.2387      216.2387      669    0.00%
Elapsed time = 0.69 sec. (1736.33 ticks, tree = 0.01 MB, solutions = 3)

Clique cuts applied:  37
Implied bound cuts applied:  10
Flow cuts applied:  1
Mixed integer rounding cuts applied:  3
Zero-half cuts applied:  2
Gomory fractional cuts applied:  5

Root node processing (before b&c):
  Real time             =    0.69 sec. (1736.86 ticks)
Parallel b&c, 20 threads:
  Real time             =    0.00 sec. (0.00 ticks)
  Sync time (average)   =    0.00 sec.
  Wait time (average)   =    0.00 sec.
                          ------------
Total (root+branch&cut) =    0.69 sec. (1736.86 ticks)
Truck arcs:
0 1
1 2
2 4
4 5
5 6
6 8
7 11
8 7
customer 3 is served by drone
start of this sortie: 2
end of this sortie: 4

customer 9 is served by drone
start of this sortie: 8
end of this sortie: 7

customer 10 is served by drone
start of this sortie: 4
end of this sortie: 5

216.239
In write mode
