Instance name: /home/cuong/CLionProjects/uMV-FSTSP/50_dis_rand_ins/v40
Write arg val: 1

drone speed: 1 miles/minute
uav non-eligible customer: 8 11 
Printing tau:
0 19.1434 53.1564 33.706 31.5822 47.5717 44.8702 44.612 58.8524 98.7113 93.5156 0 
19.1434 0 58.0543 51.7074 50.7256 66.715 64.0136 50.4046 64.8225 117.855 112.659 19.1434 
53.1564 58.0543 0 19.4504 64.2694 38.5239 61.0233 97.7684 112.009 71.9996 66.8039 53.1564 
33.706 51.7074 19.4504 0 44.819 19.0735 41.5729 78.3179 92.5584 66.1473 60.9516 33.706 
31.5822 50.7256 64.2694 44.819 0 25.7455 13.288 33.499 47.7394 67.1291 61.9334 31.5822 
47.5717 66.715 38.5239 19.0735 25.7455 0 22.4994 59.2445 73.4849 51.1396 45.9439 47.5717 
44.8702 64.0136 61.0233 41.5729 13.288 22.4994 0 36.7451 50.9855 53.8411 48.6454 44.8702 
44.612 50.4046 97.7684 78.3179 33.499 59.2445 36.7451 0 14.4179 67.4501 62.2544 44.612 
58.8524 64.8225 112.009 92.5584 47.7394 73.4849 50.9855 14.4179 0 54.3925 52.3527 58.8524 
98.7113 117.855 71.9996 66.1473 67.1291 51.1396 53.8411 67.4501 54.3925 0 5.19574 98.7113 
93.5156 112.659 66.8039 60.9516 61.9334 45.9439 48.6454 62.2544 52.3527 5.19574 0 93.5156 
0 0 0 0 0 0 0 0 0 0 0 0 
Printing tau_prime:
0 2.79449 8.41323 6.62798 4.73484 7.03871 6.4424 7.70388 10.5358 13.9741 13.257 0 
2.79449 0 10.4623 9.12569 7.22732 9.8309 9.06262 9.07506 11.9273 16.6673 15.934 2.79449 
8.41323 10.4623 0 2.87252 9.11513 6.19553 9.00397 13.8415 16.0659 13.0412 12.6662 8.41323 
6.62798 9.12569 2.87252 0 6.33988 3.43228 6.13147 11.0774 13.2205 10.8001 10.3263 6.62798 
4.73484 7.22732 9.11513 6.33988 0 4.28601 1.93447 4.73769 7.03956 9.54 8.78297 4.73484 
7.03871 9.8309 6.19553 3.43228 4.28601 0 3.20475 8.69015 10.3958 7.71982 7.1518 7.03871 
6.4424 9.06262 9.00397 6.13147 1.93447 3.20475 0 5.54149 7.21135 7.62951 6.88221 6.4424 
7.70388 9.07506 13.8415 11.0774 4.73769 8.69015 5.54149 0 2.86589 11.1011 10.3229 7.70388 
10.5358 11.9273 16.0659 13.2205 7.03956 10.3958 7.21135 2.86589 0 10.7433 10.0291 10.5358 
13.9741 16.6673 13.0412 10.8001 9.54 7.71982 7.62951 11.1011 10.7433 0 0.789384 13.9741 
13.257 15.934 12.6662 10.3263 8.78297 7.1518 6.88221 10.3229 10.0291 0.789384 0 13.257 
0 0 0 0 0 0 0 0 0 0 0 0 
Printing number of nodes: 11

Version identifier: 22.1.1.0 | 2022-11-28 | 9160aff4d
CPXPARAM_ClockType                               0
CPXPARAM_Emphasis_MIP                            2
CPXPARAM_MIP_Tolerances_Integrality              0
Tried aggregator 2 times.
MIP Presolve eliminated 625 rows and 1312 columns.
MIP Presolve modified 570 coefficients.
Aggregator did 43 substitutions.
Reduced MIP has 5463 rows, 360 columns, and 160209 nonzeros.
Reduced MIP has 351 binaries, 0 generals, 0 SOSs, and 0 indicators.
Presolve time = 0.13 sec. (422.38 ticks)
Found incumbent of value 644.404600 after 0.21 sec. (559.93 ticks)
Probing fixed 120 vars, tightened 0 bounds.
Probing changed sense of 26 constraints.
Probing time = 0.13 sec. (14.14 ticks)
Cover probing fixed 2 vars, tightened 0 bounds.
Tried aggregator 1 time.
MIP Presolve eliminated 186 rows and 143 columns.
MIP Presolve added 4 rows and 0 columns.
MIP Presolve modified 102 coefficients.
Reduced MIP has 5281 rows, 217 columns, and 159050 nonzeros.
Reduced MIP has 210 binaries, 0 generals, 0 SOSs, and 0 indicators.
Presolve time = 0.07 sec. (174.41 ticks)
Probing changed sense of 21 constraints.
Probing time = 0.11 sec. (11.52 ticks)
Tried aggregator 1 time.
MIP Presolve eliminated 79 rows and 59 columns.
MIP Presolve modified 28 coefficients.
Reduced MIP has 5202 rows, 158 columns, and 158752 nonzeros.
Reduced MIP has 155 binaries, 0 generals, 0 SOSs, and 0 indicators.
Presolve time = 0.07 sec. (160.54 ticks)
Probing time = 0.08 sec. (8.43 ticks)
Tried aggregator 1 time.
Detecting symmetries...
Reduced MIP has 5202 rows, 158 columns, and 158752 nonzeros.
Reduced MIP has 155 binaries, 0 generals, 0 SOSs, and 0 indicators.
Presolve time = 0.04 sec. (83.98 ticks)
Probing time = 0.01 sec. (9.72 ticks)
Clique table members: 5023.
MIP emphasis: optimality.
MIP search method: dynamic search.
Parallel mode: deterministic, using up to 20 threads.
Root relaxation solution time = 0.04 sec. (32.92 ticks)

        Nodes                                         Cuts/
   Node  Left     Objective  IInf  Best Integer    Best Bound    ItCnt     Gap

*     0+    0                          644.4046        0.0000           100.00%
      0     0      281.9807    48      644.4046      281.9807      107   56.24%
*     0+    0                          366.8283      281.9807            23.13%
*     0+    0                          290.8436      281.9807             3.05%
      0     0        cutoff            290.8436      290.8436      120    0.00%
Elapsed time = 1.03 sec. (1728.94 ticks, tree = 0.01 MB, solutions = 3)

Clique cuts applied:  3
Implied bound cuts applied:  3
Flow cuts applied:  2
Gomory fractional cuts applied:  9

Root node processing (before b&c):
  Real time             =    1.03 sec. (1729.47 ticks)
Parallel b&c, 20 threads:
  Real time             =    0.00 sec. (0.00 ticks)
  Sync time (average)   =    0.00 sec.
  Wait time (average)   =    0.00 sec.
                          ------------
Total (root+branch&cut) =    1.03 sec. (1729.47 ticks)
Truck arcs:
0 1
1 7
3 11
4 5
5 3
6 4
7 8
8 9
9 10
10 6
customer 2 is served by drone
start of this sortie: 6
end of this sortie: 4

290.844
In write mode
