Instance name: /home/cuong/CLionProjects/uMV-FSTSP/50_dis_rand_ins/v54
Write arg val: 1

drone speed: 1 miles/minute
uav non-eligible customer: 5 11 
Printing tau:
0 7.76752 42.7713 48.6866 51.1535 46.2685 50.9453 52.8853 57.2249 103.363 73.5036 0 
7.76752 0 49.6889 53.6917 58.921 54.036 58.7128 52.0188 52.2198 111.13 81.2711 7.76752 
42.7713 49.6889 0 5.91536 50.9421 49.0535 52.9683 95.6565 99.9961 61.4414 47.5335 42.7713 
48.6866 53.6917 5.91536 0 56.8575 54.9689 58.8836 101.572 105.911 64.9302 53.4488 48.6866 
51.1535 58.921 50.9421 56.8575 0 4.88499 2.02615 44.7144 49.054 52.2094 22.3501 51.1535 
46.2685 54.036 49.0535 54.9689 4.88499 0 4.67678 46.603 50.9426 57.0943 27.2351 46.2685 
50.9453 58.7128 52.9683 58.8836 2.02615 4.67678 0 42.6883 47.0278 52.4176 22.5583 50.9453 
52.8853 52.0188 95.6565 101.572 44.7144 46.603 42.6883 0 19.5616 59.1116 48.123 52.8853 
57.2249 52.2198 99.9961 105.911 49.054 50.9426 47.0278 19.5616 0 78.6732 52.4626 57.2249 
103.363 111.13 61.4414 64.9302 52.2094 57.0943 52.4176 59.1116 78.6732 0 29.8592 103.363 
73.5036 81.2711 47.5335 53.4488 22.3501 27.2351 22.5583 48.123 52.4626 29.8592 0 73.5036 
0 0 0 0 0 0 0 0 0 0 0 0 
Printing tau_prime:
0 1.30679 8.46969 9.26365 7.3259 6.60339 7.34765 9.75195 8.81393 14.7971 10.4168 0 
1.30679 0 9.7484 10.5302 8.34471 7.64398 8.33564 9.99847 8.69526 15.7964 11.4935 1.30679 
8.46969 9.7484 0 0.87868 7.32165 6.9644 7.59877 13.5319 14.35 12.0481 8.07077 8.46969 
9.26365 10.5302 0.87868 0 8.10743 7.78147 8.38811 14.3646 15.2206 12.4588 8.64613 9.26365 
7.3259 8.34471 7.32165 8.10743 0 0.740675 0.288049 6.39847 7.88242 7.47126 3.19733 7.3259 
6.60339 7.64398 6.9644 7.78147 0.740675 0 0.862527 6.59684 7.82406 8.19633 3.85762 6.60339 
7.34765 8.33564 7.59877 8.38811 0.288049 0.862527 0 6.11081 7.61705 7.46212 3.28151 7.34765 
9.75195 9.99847 13.5319 14.3646 6.39847 6.59684 6.11081 0 2.83368 9.83544 7.96433 9.75195 
8.81393 8.69526 14.35 15.2206 7.88242 7.82406 7.61705 2.83368 0 12.5451 10.1342 8.81393 
14.7971 15.7964 12.0481 12.4588 7.47126 8.19633 7.46212 9.83544 12.5451 0 4.52414 14.7971 
10.4168 11.4935 8.07077 8.64613 3.19733 3.85762 3.28151 7.96433 10.1342 4.52414 0 10.4168 
0 0 0 0 0 0 0 0 0 0 0 0 
Printing number of nodes: 11

Version identifier: 22.1.1.0 | 2022-11-28 | 9160aff4d
CPXPARAM_ClockType                               0
CPXPARAM_Emphasis_MIP                            2
CPXPARAM_MIP_Tolerances_Integrality              0
Tried aggregator 3 times.
MIP Presolve eliminated 571 rows and 1249 columns.
MIP Presolve modified 611 coefficients.
Aggregator did 55 substitutions.
Reduced MIP has 5505 rows, 411 columns, and 160528 nonzeros.
Reduced MIP has 402 binaries, 0 generals, 0 SOSs, and 0 indicators.
Presolve time = 0.11 sec. (396.33 ticks)
Found incumbent of value 559.755920 after 0.15 sec. (487.05 ticks)
Probing fixed 76 vars, tightened 0 bounds.
Probing changed sense of 21 constraints.
Probing time = 0.02 sec. (16.98 ticks)
Cover probing fixed 7 vars, tightened 0 bounds.
Tried aggregator 1 time.
MIP Presolve eliminated 146 rows and 106 columns.
MIP Presolve modified 106 coefficients.
Reduced MIP has 5358 rows, 305 columns, and 159630 nonzeros.
Reduced MIP has 296 binaries, 0 generals, 0 SOSs, and 0 indicators.
Presolve time = 0.05 sec. (132.97 ticks)
Probing fixed 2 vars, tightened 0 bounds.
Probing changed sense of 21 constraints.
Probing time = 0.01 sec. (14.84 ticks)
Tried aggregator 1 time.
Detecting symmetries...
MIP Presolve eliminated 69 rows and 52 columns.
MIP Presolve modified 47 coefficients.
Reduced MIP has 5287 rows, 253 columns, and 159331 nonzeros.
Reduced MIP has 244 binaries, 0 generals, 0 SOSs, and 0 indicators.
Presolve time = 0.05 sec. (143.02 ticks)
Probing time = 0.01 sec. (11.09 ticks)
Clique table members: 12793.
MIP emphasis: optimality.
MIP search method: dynamic search.
Parallel mode: deterministic, using up to 20 threads.
Root relaxation solution time = 0.03 sec. (38.88 ticks)

        Nodes                                         Cuts/
   Node  Left     Objective  IInf  Best Integer    Best Bound    ItCnt     Gap

*     0+    0                          559.7559       -5.0000           100.89%
      0     0      212.2865    53      559.7559      212.2865      227   62.08%
*     0+    0                          302.5615      212.2865            29.84%
      0     0      217.7678    62      302.5615      Cuts: 46      279   28.03%
*     0+    0                          220.7694      217.7678             1.36%
      0     0      219.7694     9      220.7694      Cuts: 20      322    0.45%
*     0+    0                          219.7694      219.7694             0.00%
      0     0        cutoff            219.7694      219.7694      322    0.00%
Elapsed time = 0.45 sec. (1176.08 ticks, tree = 0.01 MB, solutions = 4)

Clique cuts applied:  7
Zero-half cuts applied:  10
Lift and project cuts applied:  7
Gomory fractional cuts applied:  8

Root node processing (before b&c):
  Real time             =    0.45 sec. (1176.65 ticks)
Parallel b&c, 20 threads:
  Real time             =    0.00 sec. (0.00 ticks)
  Sync time (average)   =    0.00 sec.
  Wait time (average)   =    0.00 sec.
                          ------------
Total (root+branch&cut) =    0.45 sec. (1176.65 ticks)
Truck arcs:
0 1
1 3
2 4
3 2
4 6
5 11
6 5
customer 7 is served by drone
start of this sortie: 6
end of this sortie: 5

customer 8 is served by drone
start of this sortie: 0
end of this sortie: 1

customer 9 is served by drone
start of this sortie: 4
end of this sortie: 6

customer 10 is served by drone
start of this sortie: 3
end of this sortie: 2

219.769
In write mode
