Instance name: /home/orlab/CLionProjects/RV-FSTSP/Murray_instances/FSTSP/FSTSP_10_customer_problems/20140810T123440v7
Write arg val: 1
Input is specified as type M: Murray instance.-.-.-.-.-.-.-.-.-.-.-.-.-.-.-.-.-.-.-.-

drone speed: 0.4 miles/minute
uav non-eligible customer: 4 5 
Printing tau:
0 6.70596 5.99218 19.8811 13.1652 11.7619 4.72699 12.4128 7.62306 8.49346 13.6525 0 
6.70596 0 7.41815 13.1751 7.41924 8.38408 3.41898 9.99874 2.95098 5.14749 6.9465 6.70596 
5.99218 7.41815 0 14.3533 14.8374 5.76971 3.99917 6.42059 10.3691 12.5656 10.5246 5.99218 
19.8811 13.1751 14.3533 0 6.71587 15.3192 15.1541 16.9338 12.258 15.4145 6.22861 19.8811 
13.1652 7.41924 14.8374 6.71587 0 15.8033 10.8382 17.418 5.54215 8.69866 4.31275 13.1652 
11.7619 8.38408 5.76971 15.3192 15.8033 0 7.0349 1.61466 11.3351 13.5316 11.4906 11.7619 
4.72699 3.41898 3.99917 15.1541 10.8382 7.0349 0 7.68579 6.36995 8.56647 8.92548 4.72699 
12.4128 9.99874 6.42059 16.9338 17.418 1.61466 7.68579 0 12.9497 15.1462 13.1052 12.4128 
7.62306 2.95098 10.3691 12.258 5.54215 11.3351 6.36995 12.9497 0 3.15652 6.0294 7.62306 
8.49346 5.14749 12.5656 15.4145 8.69866 13.5316 8.56647 15.1462 3.15652 0 9.18592 8.49346 
13.6525 6.9465 10.5246 6.22861 4.31275 11.4906 8.92548 13.1052 6.0294 9.18592 0 13.6525 
0 0 0 0 0 0 0 0 0 0 0 0 
Printing tau_prime:
0 5.29931 5.12294 15.8265 12.0252 9.04778 3.34288 9.95832 6.99151 6.7856 10.6776 0 
5.29931 0 5.26965 10.528 6.95583 6.92297 2.79336 8.14071 2.1851 3.96936 5.38071 5.29931 
5.12294 5.26965 0 14.123 11.6533 4.13658 2.96598 4.89302 7.42221 8.9505 9.20456 5.12294 
15.8265 10.528 14.123 0 4.76116 12.2597 12.9779 13.0868 9.11406 10.9728 5.16981 15.8265 
12.0252 6.95583 11.6533 4.76116 0 11.2186 9.71264 12.3279 5.03393 6.35719 3.06897 12.0252 
9.04778 6.92297 4.13658 12.2597 11.2186 0 6.0886 1.23101 8.53268 10.8703 8.2343 9.04778 
3.34288 2.79336 2.96598 12.9779 9.71264 6.0886 0 7.15418 4.94791 6.06021 7.81812 3.34288 
9.95832 8.14071 4.89302 13.0868 12.3279 1.23101 7.15418 0 9.7631 12.0944 9.30817 9.95832 
6.99151 2.1851 7.42221 9.11406 5.03393 8.53268 4.94791 9.7631 0 2.71922 4.26485 6.99151 
6.7856 3.96936 8.9505 10.9728 6.35719 10.8703 6.06021 12.0944 2.71922 0 6.65382 6.7856 
10.6776 5.38071 9.20456 5.16981 3.06897 8.2343 7.81812 9.30817 4.26485 6.65382 0 10.6776 
0 0 0 0 0 0 0 0 0 0 0 0 
---------------------------------------------------------------
Current config:
- Number of threads = 16
- Drone endurance = 20
- SL = 1
- SR = 1
- L = 2
- Allow loop = 0
- Use TSP optimal solution as warmstart: = 0
- Use cutting plane method: = 0
- Use CPLEX conflict refiner: = 0
---------------------------------------------------------------
M value: 534.879
Warning:  Output names have been modified due to duplicate names or characters invalid in LP format.
Version identifier: 22.1.1.0 | 2022-11-28 | 9160aff4d
CPXPARAM_Threads                                 16
CPXPARAM_TimeLimit                               3600
Tried aggregator 2 times.
MIP Presolve eliminated 1031 rows and 429 columns.
MIP Presolve modified 2697 coefficients.
Aggregator did 34 substitutions.
Reduced MIP has 3967 rows, 2981 columns, and 84108 nonzeros.
Reduced MIP has 2805 binaries, 0 generals, 0 SOSs, and 0 indicators.
Presolve time = 0.07 sec. (131.42 ticks)
Probing fixed 6 vars, tightened 0 bounds.
Probing time = 0.02 sec. (61.78 ticks)
Tried aggregator 1 time.
Detecting symmetries...
MIP Presolve eliminated 2 rows and 6 columns.
MIP Presolve modified 30 coefficients.
Reduced MIP has 3965 rows, 2975 columns, and 83898 nonzeros.
Reduced MIP has 2799 binaries, 0 generals, 0 SOSs, and 0 indicators.
Presolve time = 0.04 sec. (59.07 ticks)
Probing time = 0.01 sec. (7.63 ticks)
Clique table members: 38772.
MIP emphasis: balance optimality and feasibility.
MIP search method: dynamic search.
Parallel mode: deterministic, using up to 16 threads.
Root relaxation solution time = 0.16 sec. (314.40 ticks)

        Nodes                                         Cuts/
   Node  Left     Objective  IInf  Best Integer    Best Bound    ItCnt     Gap

*     0+    0                        53474.7512        0.0000           100.00%
      0     0       24.4547   212    53474.7512       24.4547     2081   99.95%
*     0+    0                           99.3954       24.4547            75.40%
      0     0       34.1026   202       99.3954      Cuts: 38     3449   65.69%
      0     0       35.0808   220       99.3954     Cuts: 181     4409   64.71%
*     0+    0                           92.0612       35.0808            61.89%
      0     0       38.7679   206       92.0612     Cuts: 182     9154   57.89%
*     0+    0                           87.0119       38.7679            55.45%
*     0+    0                           61.3815       38.7679            36.84%
      0     0       39.8067   187       61.3815     Cuts: 102    10622   35.15%
      0     0       40.0791   170       61.3815     Cuts: 170    12646   34.70%
Detecting symmetries...
      0     0       40.5533   219       61.3815      Cuts: 86    15162   33.93%
      0     0       40.5663   244       61.3815     Cuts: 168    16090   33.91%
      0     0       40.5701   289       61.3815      Cuts: 87    16775   33.91%
      0     0       40.5701   276       61.3815      Cuts: 92    17383   33.91%
      0     0       40.6285   248       61.3815      Cuts: 91    18550   33.81%
      0     0       40.7906   227       61.3815     Cuts: 116    20109   33.55%
      0     0       40.9049   256       61.3815     Cuts: 122    21978   33.36%
      0     0       40.9292   259       61.3815      Cuts: 81    22794   33.32%
      0     0       40.9433   249       61.3815      Cuts: 51    23340   33.30%
      0     0       40.9546   264       61.3815     Cuts: 101    23845   33.28%
      0     0       41.1749   228       61.3815      Cuts: 79    25040   32.92%
      0     0       41.1749   265       61.3815      Cuts: 55    25552   32.92%
      0     0       41.2050   283       61.3815       Cuts: 8    26122   32.87%
      0     0       41.2050   271       61.3815     Cuts: 119    26895   32.87%
Detecting symmetries...
      0     2       41.2050   253       61.3815       41.2050    26895   32.87%
Elapsed time = 4.43 sec. (8739.60 ticks, tree = 0.02 MB, solutions = 5)
      1     3       45.3208   130       61.3815       41.2755    28967   32.76%
*     7+    2                           60.6543       41.2755            31.95%
     15    11    infeasible             60.6543       42.1005    33162   30.59%
*    23+   10                           56.8867       42.1005            25.99%
     56    24       44.7957    97       56.8867       42.1005    39083   25.99%
    287   139       49.5521    48       56.8867       42.2153    66569   25.79%
    538   328    infeasible             56.8867       42.2153    88306   25.79%
    965   456       45.3835    57       56.8867       42.3946   100501   25.48%
   1315   782       47.8473    31       56.8867       42.3946   127265   25.48%
   1528   996       45.3919    62       56.8867       42.3946   151392   25.48%
   1799  1140       51.1791    61       56.8867       42.3946   172834   25.48%
*  2574+ 1687                           55.6782       42.3946            23.86%
   2819  1715       44.7304    78       55.6782       42.4402   255712   23.78%
Elapsed time = 7.73 sec. (11892.34 ticks, tree = 34.30 MB, solutions = 9)
   3760  2330       45.7304   114       55.6782       42.9822   342789   22.80%
*  3831  2476      integral     0       55.0289       42.9822   377157   21.89%
*  3833  2435      integral     0       52.5916       42.9822   383067   18.27%
*  3980  2269      integral     0       49.9741       42.9822   404663   13.99%
   4060  1866       45.7304    64       49.9741       42.9822   419302   13.99%

Performing restart 1

Repeating presolve.
Tried aggregator 2 times.
MIP Presolve eliminated 8 rows and 289 columns.
MIP Presolve modified 3206 coefficients.
Aggregator did 8 substitutions.
Reduced MIP has 3949 rows, 2678 columns, and 68675 nonzeros.
Reduced MIP has 2502 binaries, 0 generals, 0 SOSs, and 0 indicators.
Presolve time = 0.05 sec. (92.94 ticks)
Tried aggregator 1 time.
Reduced MIP has 3949 rows, 2678 columns, and 68675 nonzeros.
Reduced MIP has 2502 binaries, 0 generals, 0 SOSs, and 0 indicators.
Presolve time = 0.02 sec. (38.02 ticks)
Represolve time = 0.16 sec. (271.43 ticks)
   4097     0       41.3540   280       49.9741      Cuts: 42   450985   13.99%
   4097     0       41.7558   286       49.9741     Cuts: 101   454319   13.99%
   4097     0       41.7558   263       49.9741      Cuts: 72   454810   13.99%
   4097     0       41.7558   303       49.9741      Cuts: 65   455808   13.99%
   4097     0       41.8084   229       49.9741      Cuts: 19   457353   13.99%
   4097     0       41.8212   243       49.9741     Cuts: 103   459347   13.99%
   4097     0       41.8212   307       49.9741      Cuts: 65   460085   13.99%
   4097     0       41.8212   249       49.9741       Cuts: 7   460424   13.99%
   4097     0       41.8212   276       49.9741     Cuts: 118   462554   13.99%
   4097     2       41.8212   276       49.9741       42.9822   462554   13.99%
   4098     3       42.1085   227       49.9741       42.9822   463073   13.99%
   4100     3       45.8316   137       49.9741       42.9822   465252   13.99%
   4110     8       47.7304    73       49.9741       42.9822   476707   13.99%
   4125     7        cutoff             49.9741       42.9822   492145   13.99%
   4138    12        cutoff             49.9741       42.9822   502967   13.99%
   4165    10       42.8433   203       49.9741       42.9822   496768   13.99%
Elapsed time = 20.03 sec. (33040.58 ticks, tree = 0.02 MB, solutions = 12)
   4198    30       46.8002    82       49.9741       42.9822   524464   13.99%
   4240    53       45.8002    43       49.9741       42.9822   542094   13.99%
   4317   105       47.5550    73       49.9741       42.9822   581110   13.99%
   4408   138       49.6413    97       49.9741       42.9822   613209   13.99%
   4511   227       47.4920    79       49.9741       42.9822   685640   13.99%
   4604   240       48.1714   105       49.9741       42.9822   699091   13.99%
   4653   317       48.1952   147       49.9741       42.9822   780013   13.99%
   4698   315       45.8577    75       49.9741       42.9822   786733   13.99%
   4765   348       45.6968    80       49.9741       42.9822   851312   13.99%
   4876   418       46.7726    58       49.9741       42.9822   913931   13.99%
Elapsed time = 29.64 sec. (42673.08 ticks, tree = 1.14 MB, solutions = 12)
   5008   374       48.4207   114       49.9741       42.9822   885855   13.99%
   5102   471       45.7304    56       49.9741       42.9822   958386   13.99%
   5204   579       47.6431   151       49.9741       42.9822  1035562   13.99%
   5269   552       44.7581    96       49.9741       42.9822  1033344   13.99%
   5325   656       46.4864    37       49.9741       42.9822  1152857   13.99%
*  5357   684      integral     0       49.0524       42.9822  1177759   12.37%
   5409   706       46.7295    57       49.0524       42.9822  1231004   12.37%
   5471   717       46.1456    66       49.0524       42.9822  1238643   12.37%
   5538   737       45.7304    37       49.0524       42.9822  1274869   12.37%
   5671   752       45.6904    62       49.0524       42.9822  1327085   12.37%
   5826   793        cutoff             49.0524       42.9822  1343987   12.37%
Elapsed time = 38.68 sec. (52327.35 ticks, tree = 2.55 MB, solutions = 13)
   5936   913       45.8059   126       49.0524       42.9822  1452999   12.37%
   6042   854       47.2638    67       49.0524       42.9822  1431442   12.37%
   6114   969        cutoff             49.0524       42.9822  1510830   12.37%
   6155   939       48.9536   103       49.0524       42.9822  1484202   12.37%
   6241  1081        cutoff             49.0524       42.9822  1629432   12.37%
   6297  1081       48.4674    79       49.0524       43.4248  1632719   11.47%
   6363  1125       45.4238    94       49.0524       43.4248  1717408   11.47%
   6438  1136       45.7892    88       49.0524       43.4248  1719886   11.47%
   6524  1158       48.3579     8       49.0524       43.4248  1764886   11.47%
   6629  1286       47.6339   148       49.0524       43.4248  1885627   11.47%
Elapsed time = 47.92 sec. (61954.84 ticks, tree = 7.78 MB, solutions = 13)
*  6729+ 1251                           48.0924       43.4967             9.56%
   6824  1285       45.2304    85       48.0924       43.4967  1882838    9.56%
   6982  1318        cutoff             48.0924       43.4967  1895781    9.56%
   7205  1417       47.9990    73       48.0924       43.4967  2030585    9.56%
   7360  1452       47.2096   151       48.0924       43.4967  2049018    9.56%
   7477  1298       45.0925   133       48.0924       43.4967  1995329    9.56%
   7599  1571       46.1526   137       48.0924       43.4967  2120951    9.56%
   7649  1599       45.1610   108       48.0924       43.6169  2153072    9.31%
   7696  1780       47.3024   206       48.0924       43.6169  2313888    9.31%
   7758  1798       47.1414    97       48.0924       43.6169  2335431    9.31%
   7834  1794       46.7323   155       48.0924       43.6169  2328462    9.31%
Elapsed time = 57.71 sec. (71669.08 ticks, tree = 24.09 MB, solutions = 14)
   7920  1847       45.4702   195       48.0924       43.6169  2399416    9.31%
   7996  1844       45.7304    95       48.0924       43.6169  2433525    9.31%
   8106  1991       45.5788   131       48.0924       43.6169  2561895    9.31%
   8255  1960       45.9624   153       48.0924       43.6169  2525713    9.31%
   8479  2024       47.2065   117       48.0924       43.6169  2582291    9.31%
   8775  2170       45.3153    65       48.0924       43.8478  2632441    8.83%
   8947  2345       45.9255   148       48.0924       43.8478  2709936    8.83%
   9032  2424       45.8767   204       48.0924       44.0454  2764702    8.41%
   9119  2550       44.8869   141       48.0924       44.0454  2849371    8.41%
   9180  2600       44.7304    77       48.0924       44.0454  2884830    8.41%
Elapsed time = 67.15 sec. (81286.33 ticks, tree = 37.67 MB, solutions = 14)
   9247  2773       47.0278   182       48.0924       44.4297  2955831    7.62%
   9333  2759        cutoff             48.0924       44.4297  2947002    7.62%
   9458  2916        cutoff             48.0924       44.4297  3031996    7.62%
   9682  2939       46.5428   110       48.0924       44.4297  3095068    7.62%
   9944  2938       46.8043    74       48.0924       44.4297  3099650    7.62%
  10094  2978       47.1819   105       48.0924       44.4297  3118626    7.62%
  10330  3255       45.3778   176       48.0924       44.4297  3252949    7.62%
  10531  3239       46.0980   143       48.0924       44.7304  3238212    6.99%
  10626  3653       45.0884    71       48.0924       44.7304  3394112    6.99%
  10727  3514        cutoff             48.0924       44.7304  3354897    6.99%
Elapsed time = 76.41 sec. (90880.96 ticks, tree = 63.55 MB, solutions = 14)
  10811  3763       45.1219   266       48.0924       44.7304  3468717    6.99%
  10911  3788       45.7965   182       48.0924       44.7304  3487787    6.99%
  11008  3939       45.6268   219       48.0924       44.7304  3601731    6.99%
  11121  4003       45.7214    71       48.0924       44.7304  3644765    6.99%
  11327  4031       46.9610    75       48.0924       44.7304  3649920    6.99%
  11761  4035        cutoff             48.0924       44.7304  3674046    6.99%
  12090  4402       45.0123   268       48.0924       44.7304  3809943    6.99%
  12454  4113       48.0908    68       48.0924       44.7304  3697124    6.99%
  12770  4511       47.1546   138       48.0924       44.8086  3848755    6.83%
  13004  4636        cutoff             48.0924       44.8318  3892279    6.78%
Elapsed time = 85.49 sec. (100467.25 ticks, tree = 86.70 MB, solutions = 14)
  13167  4840       47.9922    67       48.0924       44.8318  4003440    6.78%
  13297  5008       45.2590   248       48.0924       44.8698  4035633    6.70%
  13418  5245       45.3560   179       48.0924       44.8724  4137302    6.70%
  13542  5220        cutoff             48.0924       44.8808  4150711    6.68%
  13655  5297       45.7387    75       48.0924       44.8874  4275939    6.66%
  13793  5304       45.8043    67       48.0924       44.8874  4244660    6.66%
  13910  5301        cutoff             48.0924       44.9831  4363563    6.47%
  14021  5317       45.7370    59       48.0924       44.9831  4310772    6.47%
  14162  5352        cutoff             48.0924       44.9831  4436409    6.47%
  14685  5418        cutoff             48.0924       44.9912  4657281    6.45%
Elapsed time = 97.13 sec. (112958.10 ticks, tree = 108.54 MB, solutions = 14)
  15158  5401       45.7304    56       48.0924       45.0714  4736201    6.28%
  15603  5404        cutoff             48.0924       45.1362  5022436    6.15%
  16064  5443        cutoff             48.0924       45.1993  5276972    6.02%
  16470  5488       45.8325   159       48.0924       45.4099  5383129    5.58%
  16779  5586       45.8618   176       48.0924       45.4099  5608771    5.58%
  17113  5648       45.7740   149       48.0924       45.5157  5799004    5.36%
  17436  5776       46.7171   105       48.0924       45.6591  6036214    5.06%
  17730  5872       45.9993   259       48.0924       45.6904  6250184    4.99%
  18090  5979       46.0956    91       48.0924       45.6904  6401997    4.99%
  18369  6077       48.0862    84       48.0924       45.6904  6547771    4.99%
Elapsed time = 134.50 sec. (151252.66 ticks, tree = 121.75 MB, solutions = 14)
  18674  6171       45.8403   140       48.0924       45.7091  6682419    4.96%
  18976  6394       46.1424   130       48.0924       45.7293  6985353    4.91%
  19242  6420        cutoff             48.0924       45.7304  7078999    4.91%
  19556  6505       45.7304    93       48.0924       45.7304  7232224    4.91%
  19899  6688       47.6600   131       48.0924       45.7304  7455063    4.91%
  20150  6705       45.9920   122       48.0924       45.7304  7507649    4.91%
  20453  6790       46.5339    93       48.0924       45.7304  7880399    4.91%
  20837  6862        cutoff             48.0924       45.7304  8157722    4.91%
  21283  6890       45.7304    90       48.0924       45.7304  8220499    4.91%
  21706  6909        cutoff             48.0924       45.7304  8390379    4.91%
Elapsed time = 171.82 sec. (189518.51 ticks, tree = 142.93 MB, solutions = 14)
  22133  7025       47.8108   100       48.0924       45.7304  8650529    4.91%
  22536  7060        cutoff             48.0924       45.7304  8867895    4.91%
  22990  7055        cutoff             48.0924       45.7644  8979365    4.84%
  23441  7103        cutoff             48.0924       45.7840  9172275    4.80%
  23950  7190       46.5067   146       48.0924       45.8043  9362077    4.76%
  24482  7224       47.2991    88       48.0924       45.8043  9698619    4.76%
  24915  7307        cutoff             48.0924       45.8043  9931016    4.76%
  25361  7309       46.1791    63       48.0924       45.8043 10101649    4.76%
  25933  7371        cutoff             48.0924       45.8043 10335450    4.76%
  26500  7347        cutoff             48.0924       45.8073 10348498    4.75%
Elapsed time = 209.94 sec. (227747.30 ticks, tree = 144.74 MB, solutions = 14)
  26996  7277        cutoff             48.0924       45.8386 10634813    4.69%
  27475  7276       46.1945   160       48.0924       45.8647 10739246    4.63%
  27913  7298       46.0868   105       48.0924       45.9020 10922609    4.55%
  28529  7192       46.9274   119       48.0924       45.9178 11274388    4.52%
  29189  7109        cutoff             48.0924       45.9205 11416450    4.52%
  29805  6998        cutoff             48.0924       45.9702 11723226    4.41%
  30392  6914       48.0412    65       48.0924       45.9968 11836461    4.36%
  31049  6828       47.9960    53       48.0924       46.0329 12015944    4.28%
  31638  6699       48.0331   174       48.0924       46.0682 12158515    4.21%
  32274  6254        cutoff             48.0924       46.1688 12664982    4.00%
Elapsed time = 247.56 sec. (265955.87 ticks, tree = 122.55 MB, solutions = 14)
  32942  6022        cutoff             48.0924       46.2460 12863559    3.84%
  33520  5932        cutoff             48.0924       46.2991 12941068    3.73%
  34048  5725        cutoff             48.0924       46.4425 13263747    3.43%
  34500  5684        cutoff             48.0924       46.5014 13386617    3.31%
  34951  5570       46.8156   147       48.0924       46.5449 13688093    3.22%
  35303  5485       47.0086   103       48.0924       46.5882 13858331    3.13%
  35752  5484        cutoff             48.0924       46.6151 14099405    3.07%
  36172  5511        cutoff             48.0924       46.6385 14019943    3.02%
  36502  5453       47.9426    79       48.0924       46.6904 14330821    2.92%
  36997  5447       47.9106   114       48.0924       46.6904 14457717    2.92%
Elapsed time = 286.72 sec. (304230.86 ticks, tree = 97.81 MB, solutions = 14)
  37439  5365        cutoff             48.0924       46.6904 14956127    2.92%
  37899  5373        cutoff             48.0924       46.7196 14947134    2.85%
  38296  5209        cutoff             48.0924       46.7304 15355463    2.83%
  38767  5159        cutoff             48.0924       46.7643 15464713    2.76%
  39271  5182        cutoff             48.0924       46.7643 15451920    2.76%
  39808  4946       46.8798   111       48.0924       46.8043 16011420    2.68%
  40414  4713       47.3597    34       48.0924       46.8043 16311678    2.68%
  41046  4689       47.0256    55       48.0924       46.8043 16328824    2.68%
  41587  4470       47.1436    68       48.0924       46.8043 16679810    2.68%
  42057  4355       47.2931    78       48.0924       46.8043 16818064    2.68%
Elapsed time = 325.86 sec. (342460.25 ticks, tree = 77.38 MB, solutions = 14)
  42492  4364       46.9960    44       48.0924       46.8043 16848667    2.68%
  42964  4151        cutoff             48.0924       46.8043 17197522    2.68%
  43597  4032        cutoff             48.0924       46.9693 17401438    2.34%
  44177  3740        cutoff             48.0924       46.9960 17773149    2.28%
  44645  3659        cutoff             48.0924       47.0101 17836715    2.25%

Performing restart 2

Repeating presolve.
Tried aggregator 2 times.
MIP Presolve eliminated 2 rows and 102 columns.
MIP Presolve modified 5921 coefficients.
Aggregator did 4 substitutions.
Reduced MIP has 3943 rows, 2572 columns, and 81114 nonzeros.
Reduced MIP has 2396 binaries, 0 generals, 0 SOSs, and 0 indicators.
Presolve time = 0.08 sec. (198.67 ticks)
Tried aggregator 1 time.
Reduced MIP has 3943 rows, 2572 columns, and 81114 nonzeros.
Reduced MIP has 2396 binaries, 0 generals, 0 SOSs, and 0 indicators.
Presolve time = 0.03 sec. (59.97 ticks)
Represolve time = 0.22 sec. (459.71 ticks)
  44666     0       41.8771   295       48.0924      Cuts: 11 18058742    2.10%
  44666     0       41.8771   249       48.0924      Cuts: 22 18059331    2.10%
  44666     0       41.8948   320       48.0924     Cuts: 116 18062563    2.10%
  44666     0       41.8948   276       48.0924      Cuts: 20 18062824    2.10%
  44666     0       41.8948   282       48.0924      Cuts: 68 18063451    2.10%
  44666     0       41.9357   268       48.0924      Cuts: 32 18065814    2.10%
  44666     0       41.9434   318       48.0924     Cuts: 168 18067499    2.10%
  44666     0       41.9434   308       48.0924       Cuts: 7 18068067    2.10%
  44666     0       41.9434   309       48.0924      Cuts: 91 18069698    2.10%
  44666     0       41.9434   294       48.0924      Cuts: 13 18069827    2.10%
  44666     0       41.9434   301       48.0924      Cuts: 54 18070329    2.10%
  44666     2       41.9434   275       48.0924       47.0807 18070351    2.10%
  44668     3       45.9960    76       48.0924       47.0807 18073363    2.10%
  44675     4       45.9960    75       48.0924       47.0807 18077404    2.10%
  44696    13       45.9960    24       48.0924       47.0807 18098747    2.10%
  44747     9       45.8002    48       48.0924       47.0807 18123418    2.10%
Elapsed time = 369.53 sec. (413734.50 ticks, tree = 0.02 MB, solutions = 14)
  45155    40       46.8195    62       48.0924       47.0807 18190635    2.10%
  46070    43       45.8043    99       48.0924       47.0807 18285382    2.10%
  46742    15    infeasible             48.0924       47.0807 18400130    2.10%
  46999    28       47.7537    55       48.0924       47.0807 18490968    2.10%
  47562    44       44.7651    81       48.0924       47.0807 18593815    2.10%
  47923   135       47.1229    80       48.0924       47.0807 18726151    2.10%
  48225   249       46.1330    61       48.0924       47.0807 18867536    2.10%
  48499   362       45.7463   193       48.0924       47.0807 19000902    2.10%
  48956   650       47.1304    72       48.0924       47.0807 19171612    2.10%
  49156   853        cutoff             48.0924       47.0807 19381007    2.10%
Elapsed time = 402.48 sec. (451987.41 ticks, tree = 12.45 MB, solutions = 14)
  49375   918       45.1674   286       48.0924       47.0807 19526585    2.10%
  49839  1122       45.0023   200       48.0924       47.0807 19668343    2.10%
  50355  1445       46.5196    85       48.0924       47.0807 19889504    2.10%
  50622  1689       45.7289    88       48.0924       47.0807 20037620    2.10%
  51003  1781       48.0020    81       48.0924       47.0807 20186349    2.10%
  51463  1969        cutoff             48.0924       47.0807 20415399    2.10%
  51792  2085    infeasible             48.0924       47.0807 20625210    2.10%
  52121  2183       46.6904    69       48.0924       47.0807 20786868    2.10%
  52530  2232       45.7603    98       48.0924       47.0807 20942227    2.10%
  52931  2279       46.1183    99       48.0924       47.0807 21106673    2.10%
Elapsed time = 438.40 sec. (490260.49 ticks, tree = 45.96 MB, solutions = 14)
  53309  2354       45.7569   237       48.0924       47.0807 21309518    2.10%
  53686  2449       46.2221    60       48.0924       47.0807 21535810    2.10%
  54107  2528        cutoff             48.0924       47.0807 21660045    2.10%
  54536  2622        cutoff             48.0924       47.0807 21852326    2.10%
  54876  2626       46.0791   282       48.0924       47.0807 22011365    2.10%
  55320  2648        cutoff             48.0924       47.0807 22245023    2.10%
  55713  2660        cutoff             48.0924       47.0807 22308877    2.10%
  56165  2711       47.7025    68       48.0924       47.0807 22455356    2.10%
  56532  2685       47.5564    98       48.0924       47.0807 22663467    2.10%
  56834  2683        cutoff             48.0924       47.0807 22964394    2.10%
Elapsed time = 475.06 sec. (528504.01 ticks, tree = 47.06 MB, solutions = 14)
  57157  2650        cutoff             48.0924       47.0807 23189421    2.10%
  57590  2666        cutoff             48.0924       47.0807 23332725    2.10%
  58048  2658       47.8801   132       48.0924       47.0807 23378368    2.10%
  58509  2603       47.6592   102       48.0924       47.0807 23713337    2.10%
  58913  2552       47.3881    34       48.0924       47.0807 23876512    2.10%
  59318  2506       46.8371    98       48.0924       47.0807 24000856    2.10%
  59738  2451       47.6583    89       48.0924       47.0807 24124489    2.10%
  60219  2280       47.1997    52       48.0924       47.0807 24427840    2.10%
  60624  2231       47.5797   104       48.0924       47.0807 24506935    2.10%
  60966  2095       48.0698    79       48.0924       47.0807 24780984    2.10%
Elapsed time = 511.44 sec. (566782.55 ticks, tree = 33.38 MB, solutions = 14)
  61319  2000       47.6520    91       48.0924       47.0807 24967749    2.10%
  61732  1933       47.8649   108       48.0924       47.0807 25245268    2.10%
  62317  1860        cutoff             48.0924       47.0807 25447655    2.10%
  62796  1726        cutoff             48.0924       47.0807 25581866    2.10%
  63423  1454        cutoff             48.0924       47.1330 25763235    1.99%
  64308   796       48.0329    45       48.0924       47.3706 26085726    1.50%
  65050   407       47.9597    38       48.0924       47.8002 26286252    0.61%
  65576   421        cutoff             48.0924       47.8905 26290420    0.42%

GUB cover cuts applied:  77
Clique cuts applied:  23
Cover cuts applied:  500
Implied bound cuts applied:  19
Flow cuts applied:  2
Mixed integer rounding cuts applied:  53
Zero-half cuts applied:  104
Lift and project cuts applied:  12
Gomory fractional cuts applied:  9

Root node processing (before b&c):
  Real time             =    4.32 sec. (8437.98 ticks)
Parallel b&c, 16 threads:
  Real time             =  536.84 sec. (590796.77 ticks)
  Sync time (average)   =  227.76 sec.
  Wait time (average)   =    0.03 sec.
                          ------------
Total (root+branch&cut) =  541.16 sec. (599234.76 ticks)
Feasible solution found!
Truck nodes:
Truck at node 0 at stage 1
Truck at node 2 at stage 2
Truck at node 5 at stage 3
Truck at node 1 at stage 4
Truck at node 4 at stage 5
Truck at node 8 at stage 6
Truck at node 11 at stage 7

Truck arcs:
Arc 1 connecting 0 and 2 with cost 5.99218 
Arc 2 connecting 2 and 5 with cost 5.76971 
Arc 3 connecting 5 and 1 with cost 8.38408 
Arc 4 connecting 1 and 4 with cost 7.41924 
Arc 5 connecting 4 and 8 with cost 5.54215 
Arc 6 connecting 8 and 11 with cost 7.62306 
Truck route length: 40.7304
Customer 3 was served by drone!
Customer 6 was served by drone!
Customer 7 was served by drone!
Customer 9 was served by drone!
Customer 10 was served by drone!
served customer 6 with st stage 1
start from stage 1 at node 0
end at node 5
end at stage 3
served customer 7 with st stage 1
start from stage 1 at node 0
end at node 5
end at stage 3
served customer 3 with st stage 3
start from stage 3 at node 5
end at node 4
end at stage 5
served customer 10 with st stage 3
start from stage 3 at node 5
end at node 4
end at stage 5
served customer 9 with st stage 5
start from stage 5 at node 4
end at node 11
end at stage 7
Printing wait:
wait[3][5]== 2.36195
Printing z(k, k') and drone travel time: 
---------------------------------------------------------------
Sortie starts at stage 1 and ends at stage 3
Start node: 0
End node: 5
Customer served in this sortie:6 7 
Drone arcs during this sortie:
0-->6, l = 3.34288
6-->7, l = 7.15418
7-->5, l = 1.23101
Truck arcs during this sortie:
0---2, l = 5.99218
2---5, l = 5.76971
Drone travel time during sortie: 11.7281
Truck travel time during sortie: 11.7619
Wait time for this sortie: 0
---------------------------------------------------------------
---------------------------------------------------------------
Sortie starts at stage 3 and ends at stage 5
Start node: 5
End node: 4
Customer served in this sortie:3 10 
Drone arcs during this sortie:
3-->4, l = 4.76116
5-->10, l = 8.2343
10-->3, l = 5.16981
Truck arcs during this sortie:
5---1, l = 8.38408
1---4, l = 7.41924
Drone travel time during sortie: 18.1653
Truck travel time during sortie: 15.8033
Wait time for this sortie: 2.36195
---------------------------------------------------------------
---------------------------------------------------------------
Sortie starts at stage 5 and ends at stage 7
Start node: 4
End node: 11
Customer served in this sortie:9 
Drone arcs during this sortie:
4-->9, l = 6.35719
9-->11, l = 6.7856
Truck arcs during this sortie:
4---8, l = 5.54215
8---11, l = 7.62306
Drone travel time during sortie: 13.1428
Truck travel time during sortie: 13.1652
Wait time for this sortie: 0
---------------------------------------------------------------
Printing zl:
zl[1][0] = 1
zl[3][5] = 1
zl[5][4] = 1
Printing zr:
zr[1][5] = 1
zr[3][4] = 1
zr[5][11] = 1
Printing zs:
zs[1][6] = 1
zs[1][7] = 1
zs[3][3] = 1
zs[3][10] = 1
zs[5][9] = 1
Printing x_d:
x_d[0][6] = 1
x_d[3][4] = 1
x_d[4][9] = 1
x_d[5][10] = 1
x_d[6][7] = 1
x_d[7][5] = 1
x_d[9][11] = 1
x_d[10][3] = 1
Done!
Solve time: 541.174
OBJECTIVE VALUE: 48.0924.
In write mode
