Instance name: /home/orlab/CLionProjects/RV-FSTSP/Murray_instances/FSTSP/FSTSP_10_customer_problems/20140810T123437v8
Write arg val: 1
Input is specified as type M: Murray instance.-.-.-.-.-.-.-.-.-.-.-.-.-.-.-.-.-.-.-.-

drone speed: 0.4 miles/minute
uav non-eligible customer: 10 
Printing tau:
0 20.6149 13.856 24.5512 16.9846 21.545 21.069 20.7671 18.9333 7.71706 12.8383 0 
20.6149 0 18.3108 3.93636 13.7595 7.22991 8.18583 7.04774 13.7881 14.0919 12.0132 20.6149 
13.856 18.3108 0 22.2472 4.55136 11.0809 10.125 11.2631 5.10923 6.13892 11.4943 13.856 
24.5512 3.93636 22.2472 0 17.6958 11.1663 12.1222 10.9841 17.7245 18.0283 15.9496 24.5512 
16.9846 13.7595 4.55136 17.6958 0 6.52957 5.57365 6.71174 1.94864 9.26756 8.38296 16.9846 
21.545 7.22991 11.0809 11.1663 6.52957 0 0.955922 0.777831 6.55821 13.8279 12.9433 21.545 
21.069 8.18583 10.125 12.1222 5.57365 0.955922 0 1.13809 5.60229 13.352 12.4674 21.069 
20.7671 7.04774 11.2631 10.9841 6.71174 0.777831 1.13809 0 6.74038 13.0501 12.1655 20.7671 
18.9333 13.7881 5.10923 17.7245 1.94864 6.55821 5.60229 6.74038 0 11.2162 10.3316 18.9333 
7.71706 14.0919 6.13892 18.0283 9.26756 13.8279 13.352 13.0501 11.2162 0 7.2754 7.71706 
12.8383 12.0132 11.4943 15.9496 8.38296 12.9433 12.4674 12.1655 10.3316 7.2754 0 12.8383 
0 0 0 0 0 0 0 0 0 0 0 0 
Printing tau_prime:
0 20.1406 9.84364 24.076 12.7128 17.5864 16.9624 17.1787 14.0158 6.72679 10.9273 0 
20.1406 0 13.8016 3.93636 10.0624 5.15445 5.79716 4.98467 9.82192 13.5081 9.76684 20.1406 
9.84364 13.8016 0 17.4546 3.90533 9.53697 8.79045 9.34402 4.808 5.26714 8.93665 9.84364 
24.076 3.93636 17.4546 0 13.6088 8.1769 8.91833 8.21492 13.1476 17.4415 13.6017 24.076 
12.7128 10.0624 3.90533 13.6088 0 5.6317 4.88611 5.4477 1.37804 6.55737 7.69671 12.7128 
17.5864 5.15445 9.53697 8.1769 5.6317 0 0.755079 0.564892 4.99155 10.9155 9.15697 17.5864 
16.9624 5.79716 8.79045 8.91833 4.88611 0.755079 0 0.832586 4.23953 10.3237 8.86878 16.9624 
17.1787 4.98467 9.34402 8.21492 5.4477 0.564892 0.832586 0 4.93942 10.4863 8.60384 17.1787 
14.0158 9.82192 4.808 13.1476 1.37804 4.99155 4.23953 4.93942 0 7.93396 8.8132 14.0158 
6.72679 13.5081 5.26714 17.4415 6.55737 10.9155 10.3237 10.4863 7.93396 0 5.18237 6.72679 
10.9273 9.76684 8.93665 13.6017 7.69671 9.15697 8.86878 8.60384 8.8132 5.18237 0 10.9273 
0 0 0 0 0 0 0 0 0 0 0 0 
---------------------------------------------------------------
Current config:
- Number of threads = 16
- Drone endurance = 20
- SL = 1
- SR = 1
- L = 2
- Allow loop = 0
- Use TSP optimal solution as warmstart: = 0
- Use cutting plane method: = 0
- Use CPLEX conflict refiner: = 0
---------------------------------------------------------------
M value: 629.737
Warning:  Output names have been modified due to duplicate names or characters invalid in LP format.
Version identifier: 22.1.1.0 | 2022-11-28 | 9160aff4d
CPXPARAM_Threads                                 16
CPXPARAM_TimeLimit                               3600
Tried aggregator 2 times.
MIP Presolve eliminated 1043 rows and 455 columns.
MIP Presolve modified 2646 coefficients.
Aggregator did 30 substitutions.
Reduced MIP has 3959 rows, 2959 columns, and 83692 nonzeros.
Reduced MIP has 2783 binaries, 0 generals, 0 SOSs, and 0 indicators.
Presolve time = 0.06 sec. (105.26 ticks)
Probing fixed 17 vars, tightened 0 bounds.
Probing time = 0.03 sec. (88.77 ticks)
Tried aggregator 1 time.
Detecting symmetries...
MIP Presolve eliminated 7 rows and 17 columns.
MIP Presolve modified 34 coefficients.
Reduced MIP has 3952 rows, 2942 columns, and 83232 nonzeros.
Reduced MIP has 2766 binaries, 0 generals, 0 SOSs, and 0 indicators.
Presolve time = 0.03 sec. (56.37 ticks)
Probing time = 0.01 sec. (8.90 ticks)
Clique table members: 36417.
MIP emphasis: balance optimality and feasibility.
MIP search method: dynamic search.
Parallel mode: deterministic, using up to 16 threads.
Root relaxation solution time = 0.18 sec. (363.36 ticks)

        Nodes                                         Cuts/
   Node  Left     Objective  IInf  Best Integer    Best Bound    ItCnt     Gap

*     0+    0                        58283.8790        0.0000           100.00%
      0     0       25.9376   363    58283.8790       25.9376     4396   99.96%
*     0+    0                          103.0273       25.9376            74.82%
      0     0       36.8930   169      103.0273      Cuts: 24     9339   64.19%
      0     0       38.0013   251      103.0273     Cuts: 272    15512   63.12%
      0     0       38.0013   295      103.0273     Cuts: 205    17475   63.12%
*     0+    0                           74.7307       38.0013            49.15%
      0     0       38.0431   325       74.7307      Cuts: 31    20861   48.59%
      0     0       38.0464   314       74.7307     Cuts: 182    23142   48.59%
Detecting symmetries...
      0     0       38.0467   318       74.7307     Cuts: 201    23922   48.59%
*     0+    0                           73.7307       38.4199            47.89%
Detecting symmetries...
      0     2       38.0467   266       73.7307       38.7409    23922   47.46%
Elapsed time = 4.43 sec. (9236.41 ticks, tree = 0.02 MB, solutions = 4)
      8     5       44.1886    84       73.7307       38.7409    25235   47.46%
     98    12       48.7148    79       73.7307       38.7409    28495   47.46%
    301     9       43.2350   100       73.7307       43.2341    52255   41.36%
    369    20       52.6424    78       73.7307       44.1886    63981   40.07%
    580    30       52.1039    93       73.7307       44.1886    81659   40.07%
    965    37       62.4639    36       73.7307       44.1886   111235   40.07%
   1305    62        cutoff             73.7307       44.2313   129823   40.01%
*  1511+  128                           72.7666       44.6286            38.67%
*  1584   151      integral     0       69.8015       44.6286   145488   36.06%
*  1809   161      integral     0       69.2540       44.6286   150376   35.56%
*  1894   100      integral     0       69.2003       44.6286   157696   35.51%
*  1925    42      integral     0       68.8869       44.6286   168272   35.21%
Elapsed time = 6.37 sec. (11286.35 ticks, tree = 0.24 MB, solutions = 10)
   2045    15       44.6286   101       68.8869       44.6286   189940   35.21%
   2096    43       47.4220   111       68.8869       44.6286   231109   35.21%
   2126    58       50.7110   189       68.8869       44.6286   263745   35.21%
   2200   105       50.1994   100       68.8869       44.6286   346886   35.21%
   2289   166    infeasible             68.8869       44.6286   396141   35.21%
   2386   240       62.4680    96       68.8869       44.6286   458053   35.21%
   2640   357       44.6286    79       68.8869       44.6286   559681   35.21%
   2771   474        cutoff             68.8869       44.6286   621476   35.21%
   2876   585       46.3447   175       68.8869       44.6286   684400   35.21%
   3011   685       46.8622    98       68.8869       44.6286   755469   35.21%
Elapsed time = 16.16 sec. (21044.88 ticks, tree = 12.14 MB, solutions = 11)
   3158   789       62.8883    88       68.8869       44.6286   797725   35.21%
   3311   918       47.5310   100       68.8869       44.6286   853770   35.21%
   3498  1007        cutoff             68.8869       44.6286   916668   35.21%
   3663  1160       47.1351    50       68.8869       44.6286  1017903   35.21%
   3764  1217       61.7508   203       68.8869       44.6286  1055796   35.21%
   3819  1337       45.8945   204       68.8869       44.6286  1127799   35.21%
   3903  1375       50.3082   150       68.8869       44.6286  1177085   35.21%
   4140  1442    infeasible             68.8869       44.6286  1246219   35.21%
   4348  1532       53.0774   272       68.8869       44.6286  1304628   35.21%
   4600  1738       59.4978   178       68.8869       44.6286  1384769   35.21%
Elapsed time = 26.14 sec. (30630.53 ticks, tree = 31.00 MB, solutions = 11)
   4830  1814       46.8194   230       68.8869       44.6286  1406697   35.21%
   5177  1837       47.7499   119       68.8869       44.6489  1443914   35.19%
   5383  2470       61.8816   141       68.8869       44.6490  1597592   35.19%
   5518  2556       55.0828    86       68.8869       44.6781  1674858   35.14%
   5683  2750       57.6047   103       68.8869       44.9665  1759043   34.72%
   5876  2750       67.0610   105       68.8869       44.9775  1758192   34.71%
   6010  2902       57.2168   112       68.8869       44.9775  1889671   34.71%
   6199  2875       49.0859   156       68.8869       44.9775  1867361   34.71%
   6275  3095       47.5259    66       68.8869       44.9775  2005885   34.71%
   6303  3111       46.8394   103       68.8869       44.9775  2020367   34.71%
Elapsed time = 36.03 sec. (40331.88 ticks, tree = 72.32 MB, solutions = 11)

Performing restart 1

Repeating presolve.
Tried aggregator 1 time.
MIP Presolve eliminated 4 rows and 9 columns.
MIP Presolve modified 2563 coefficients.
Reduced MIP has 3948 rows, 2933 columns, and 82055 nonzeros.
Reduced MIP has 2757 binaries, 0 generals, 0 SOSs, and 0 indicators.
Presolve time = 0.05 sec. (83.17 ticks)
Tried aggregator 1 time.
MIP Presolve eliminated 25 rows and 4 columns.
Reduced MIP has 3923 rows, 2929 columns, and 79007 nonzeros.
Reduced MIP has 2755 binaries, 0 generals, 0 SOSs, and 0 indicators.
Presolve time = 0.03 sec. (47.74 ticks)
Represolve time = 0.16 sec. (317.80 ticks)
   6309     0       38.5185   332       68.8869      Cuts: 43  2160594   34.71%
   6309     0       41.3134   292       68.8869     Cuts: 143  2166296   34.71%
   6309     0       41.7894   298       68.8869     Cuts: 121  2168946   34.71%
   6309     0       42.4705   240       68.8869     Cuts: 161  2172650   34.71%
   6309     0       42.7694   230       68.8869     Cuts: 105  2175921   34.71%
   6309     0       42.7907   289       68.8869     Cuts: 100  2179259   34.71%
   6309     0       42.7907   305       68.8869      Cuts: 29  2182612   34.71%
   6309     0       42.7907   257       68.8869      Cuts: 62  2183341   34.71%
   6309     0       42.7907   305       68.8869     Cuts: 124  2186019   34.71%
   6309     0       42.7907   284       68.8869      Cuts: 42  2187014   34.71%
   6309     0       42.7907   300       68.8869     Cuts: 139  2189165   34.71%
   6309     2       42.7907   283       68.8869       44.9775  2189165   34.71%
   6310     3       51.4232    70       68.8869       44.9775  2192083   34.71%
   6311     3       51.4232   107       68.8869       44.9775  2194749   34.71%
   6312     3       51.4232    72       68.8869       44.9775  2193534   34.71%
   6314     2       42.8702   261       68.8869       44.9775  2192833   34.71%
   6316     4       51.4232    93       68.8869       44.9775  2198138   34.71%
   6320     8       51.4232    93       68.8869       44.9775  2204253   34.71%
   6326     6       51.4232   163       68.8869       44.9775  2196628   34.71%
   6334    16       63.2962    70       68.8869       44.9775  2223697   34.71%
   6354    19        cutoff             68.8869       44.9775  2234223   34.71%
Elapsed time = 59.30 sec. (88275.04 ticks, tree = 0.02 MB, solutions = 11)
*  6367+   14                           68.4015       44.9775            34.24%
   6378    27       60.7736    39       68.4015       44.9775  2232672   34.24%
   6407    26       52.4435    74       68.4015       44.9775  2249660   34.24%
   6436    47       52.2958    49       68.4015       44.9775  2268803   34.24%
   6493    71       56.2331    48       68.4015       44.9775  2289580   34.24%
   6611   111       56.7331    83       68.4015       44.9775  2325394   34.24%
   6758   153       66.2427    61       68.4015       44.9775  2346140   34.24%
   7013   237       55.2676    56       68.4015       44.9775  2374617   34.24%
   7341   415       61.3073    99       68.4015       44.9775  2421999   34.24%
*  7467+  584                           64.0978       44.9775            29.83%
   7639   590       56.6206    96       64.0978       44.9775  2485861   29.83%
   7951   561       63.0731    64       64.0978       44.9775  2485148   29.83%
Elapsed time = 67.76 sec. (97905.98 ticks, tree = 4.35 MB, solutions = 13)
   8232   993       52.4232    94       64.0978       44.9775  2617343   29.83%
   8464   977       54.6777   157       64.0978       44.9775  2610993   29.83%
   8527  1335       60.2196   135       64.0978       44.9775  2723331   29.83%
   8604  1425       63.0377    40       64.0978       44.9775  2787892   29.83%
   8898  1439       56.9201   144       64.0978       44.9775  2808388   29.83%
   9282  1509       56.8939   121       64.0978       44.9775  2823943   29.83%
   9548  1913       53.9833   147       64.0978       44.9775  2967741   29.83%
   9839  2052    infeasible             64.0978       44.9775  3031100   29.83%
  10020  2231       52.5497   189       64.0978       44.9775  3116046   29.83%
  10102  2345       54.5828   149       64.0978       44.9775  3160320   29.83%
Elapsed time = 77.14 sec. (107518.69 ticks, tree = 8.83 MB, solutions = 13)
  10169  2537        cutoff             64.0978       44.9775  3292845   29.83%
  10260  2551       54.8269   113       64.0978       44.9775  3298450   29.83%
  10340  2599       54.6880   107       64.0978       44.9775  3344572   29.83%
  10450  2613       50.1456   228       64.0978       44.9775  3393310   29.83%
  10550  2689       53.0460   204       64.0978       44.9775  3435029   29.83%
  10682  2717       49.3390   221       64.0978       44.9775  3459586   29.83%
  10739  2778        cutoff             64.0978       44.9775  3527850   29.83%
  10786  2958       56.6214   153       64.0978       44.9775  3647025   29.83%
  10929  2905       51.3706   150       64.0978       44.9775  3600221   29.83%
  11074  2979       62.3669   128       64.0978       44.9775  3683934   29.83%
Elapsed time = 86.24 sec. (117171.71 ticks, tree = 10.49 MB, solutions = 13)
  11374  3133       48.5730    84       64.0978       44.9775  3778475   29.83%
  11425  3137       54.6028    89       64.0978       44.9775  3823059   29.83%
  11469  3347       56.2570    70       64.0978       44.9775  3938908   29.83%
  11528  3507       58.8041    77       64.0978       44.9775  4057616   29.83%
  11587  3516       58.9620    75       64.0978       44.9775  4057963   29.83%
  11696  3522       58.1379   160       64.0978       44.9775  4121608   29.83%
  11926  3639       59.1450    59       64.0978       44.9775  4189024   29.83%
  12199  3616       59.3866   143       64.0978       44.9775  4202640   29.83%
  12417  3915       46.1351    83       64.0978       44.9775  4354075   29.83%
  12612  3993       56.7055   118       64.0978       44.9775  4377028   29.83%
Elapsed time = 95.82 sec. (126847.22 ticks, tree = 12.54 MB, solutions = 13)
  12797  4410       57.5200   149       64.0978       44.9775  4580874   29.83%
  12842  4578       49.4732   181       64.0978       44.9775  4653143   29.83%
  12882  4580       61.9049   119       64.0978       44.9775  4658289   29.83%
  12946  4666       46.7828   116       64.0978       44.9775  4739159   29.83%
  13028  4685       58.0146    80       64.0978       44.9775  4782666   29.83%
  13167  4758       59.5329    59       64.0978       44.9775  4882596   29.83%
  13570  4796       59.5732   104       64.0978       44.9775  4869845   29.83%
  13788  4908       59.7521   110       64.0978       44.9775  4961509   29.83%
  14013  5272       49.2800   137       64.0978       44.9775  5134525   29.83%
  14493  5273       46.6351    72       64.0978       44.9775  5136819   29.83%
Elapsed time = 107.21 sec. (140598.09 ticks, tree = 15.55 MB, solutions = 13)

Performing restart 2

Repeating presolve.
Tried aggregator 1 time.
MIP Presolve eliminated 0 rows and 35 columns.
MIP Presolve modified 12849 coefficients.
Reduced MIP has 3923 rows, 2894 columns, and 86860 nonzeros.
Reduced MIP has 2720 binaries, 0 generals, 0 SOSs, and 0 indicators.
Presolve time = 0.07 sec. (179.60 ticks)
Tried aggregator 1 time.
Reduced MIP has 3923 rows, 2894 columns, and 86860 nonzeros.
Reduced MIP has 2720 binaries, 0 generals, 0 SOSs, and 0 indicators.
Presolve time = 0.03 sec. (55.38 ticks)
Represolve time = 0.23 sec. (456.96 ticks)
  14495     0       42.9763   261       64.0978      Cuts: 52  5458724   29.83%
  14495     0       42.9897   280       64.0978     Cuts: 134  5461076   29.83%
  14495     0       42.9897   324       64.0978      Cuts: 13  5464606   29.83%
* 14495+    0                           63.7209       44.9775            29.41%
  14495     0       42.9897   255       63.7209      Cuts: 26  5465061   29.41%
  14495     0       42.9897   297       63.7209      Cuts: 97  5467043   29.41%
  14495     0       42.9897   299       63.7209      Cuts: 87  5468463   29.41%
  14495     0       42.9897   318       63.7209      Cuts: 18  5469306   29.41%
  14495     0       43.0125   329       63.7209      Cuts: 33  5472021   29.41%
* 14495+    0                           62.8040       44.9775            28.38%
  14495     2       43.0125   279       62.8040       44.9775  5472021   28.38%
  14540     4       44.6286   110       62.8040       44.9775  5495116   28.38%
  14549     9       44.6331   105       62.8040       44.9775  5518492   28.38%
  14681    87       52.2958    60       62.8040       44.9775  5667182   28.38%
  14995   237       47.8756   184       62.8040       44.9775  5871976   28.38%
  15357   466       45.7845   115       62.8040       44.9775  6132591   28.38%
  15947   833       46.7828    78       62.8040       44.9775  6440292   28.38%
  16532  1119       58.1292   108       62.8040       44.9775  6637955   28.38%
  17305  1678       51.8038   130       62.8040       44.9775  6940699   28.38%
  17761  2112       47.0494    95       62.8040       45.1136  7244876   28.17%
Elapsed time = 154.10 sec. (218014.31 ticks, tree = 3.74 MB, solutions = 15)
  17940  2408       60.7168   148       62.8040       45.1800  7563464   28.06%
  18627  2620       46.6099   104       62.8040       45.8976  7753718   26.92%
  19265  3275       56.2219    85       62.8040       46.1156  8267843   26.57%
  19578  3496       57.4203   141       62.8040       46.1351  8483608   26.54%
  20169  3628       47.4257   113       62.8040       46.3035  8625772   26.27%
  20868  4338       53.3956   212       62.8040       46.5738  9068534   25.84%
  21149  4680       49.2802    85       62.8040       46.6351  9368023   25.74%
  21665  4821       50.7717   189       62.8040       46.6351  9490596   25.74%
  22349  5369       61.6801    65       62.8040       46.7828  9992836   25.51%
  22897  5786       56.2130    78       62.8040       46.8053 10418658   25.47%
Elapsed time = 192.16 sec. (256234.46 ticks, tree = 11.18 MB, solutions = 15)
  23181  5959       56.2255   135       62.8040       46.8279 10629812   25.44%
  23504  6096       54.0365   177       62.8040       46.9130 10826984   25.30%
  24100  6444       53.2799   106       62.8040       47.1161 11194216   24.98%
  24679  6642       56.8425    71       62.8040       47.1351 11380295   24.95%
  24984  7091        cutoff             62.8040       47.1351 11878399   24.95%
  25554  7296       50.5948    81       62.8040       47.1351 12066273   24.95%
  26245  7504       56.7131   125       62.8040       47.1351 12265120   24.95%
  26560  8081       60.8665    73       62.8040       47.4036 12811377   24.52%
  26919  8180       53.1497    58       62.8040       47.4694 12952348   24.42%
  27531  8613       51.4712   118       62.8040       47.5259 13309647   24.33%
Elapsed time = 230.11 sec. (294542.61 ticks, tree = 16.79 MB, solutions = 15)
  28159  8797       48.2733   113       62.8040       47.5259 13476271   24.33%
  28824  9336        cutoff             62.8040       47.5259 14105674   24.33%
  29202  9594       56.9222    98       62.8040       47.5676 14311098   24.26%
  29502  9804       50.6962    58       62.8040       47.5676 14585862   24.26%
  30050 10073        cutoff             62.8040       47.8599 14837630   23.79%
  30643 10408       48.5596   203       62.8040       47.9004 15202810   23.73%
  31322 10642       51.1704   192       62.8040       47.9419 15386597   23.66%
  31632 11193    infeasible             62.8040       48.0568 15918161   23.48%
  31963 11310       51.3033   139       62.8040       48.0736 16039053   23.45%
  32698 11415       56.4241    95       62.8040       48.1032 16173434   23.41%
Elapsed time = 269.50 sec. (332749.14 ticks, tree = 22.60 MB, solutions = 15)
  33277 12160       49.0711   209       62.8040       48.1379 16814800   23.35%
  33680 12303       53.2666    67       62.8040       48.1879 17055446   23.27%
  33955 12578       56.5857    92       62.8040       48.2447 17379219   23.18%
  34241 12766       58.0347    48       62.8040       48.2536 17648153   23.17%
  34869 12864    infeasible             62.8040       48.2720 17744041   23.14%
  35358 13150       56.9536    57       62.8040       48.3186 17983739   23.06%
  35953 13681       50.6465   126       62.8040       48.3353 18605290   23.04%
  36298 13729       51.0022   176       62.8040       48.3870 18701594   22.96%
  36563 14096       60.5648   112       62.8040       48.4132 19217519   22.91%
  37021 14156       48.8609   199       62.8040       48.5140 19340362   22.75%
Elapsed time = 308.29 sec. (371006.52 ticks, tree = 28.05 MB, solutions = 15)
  37639 14390       57.3672   116       62.8040       48.5476 19650317   22.70%
  38241 14582       60.0003   119       62.8040       48.6055 19850904   22.61%
  38645 14908       56.6958    63       62.8040       48.6419 20248919   22.55%
  38927 15251       49.1608   114       62.8040       48.7070 20715076   22.45%
  39270 15378       55.2455    82       62.8040       48.7096 20946940   22.44%
  39906 15395       50.6836   174       62.8040       48.8126 20958568   22.28%
  40694 15854        cutoff             62.8040       48.9454 21557062   22.07%
  41277 15810        cutoff             62.8040       48.9741 21543758   22.02%
  41634 16049       62.6540   108       62.8040       49.0715 21859428   21.87%
  41922 16460       60.8038    69       62.8040       49.1483 22442442   21.74%
Elapsed time = 346.97 sec. (409252.00 ticks, tree = 32.75 MB, solutions = 15)
  42224 16517        cutoff             62.8040       49.2128 22575329   21.64%
  42438 16570       53.3444   184       62.8040       49.2323 22736998   21.61%
  42779 16655       58.5714    85       62.8040       49.2323 22916277   21.61%
  43240 16753       52.9515   171       62.8040       49.2323 23151726   21.61%
  43899 16827       62.7722   109       62.8040       49.2773 23300334   21.54%
  44439 17045       57.3148   134       62.8040       49.3520 23559204   21.42%
  44796 17657       56.1591    97       62.8040       49.4266 24281615   21.30%
  45066 17762       51.2278   148       62.8040       49.4978 24500891   21.19%
  45411 17848       59.8272    40       62.8040       49.4978 24641843   21.19%
  45988 17936       60.2742    44       62.8040       49.5708 24786035   21.07%
Elapsed time = 385.02 sec. (447504.94 ticks, tree = 36.71 MB, solutions = 15)
  46682 18292       50.5414   142       62.8040       49.6051 25239046   21.02%
  47450 18386       58.3713    89       62.8040       49.6516 25336944   20.94%
  48213 19180       54.5183   202       62.8040       49.6991 26090215   20.87%
  48677 19150       57.5974    73       62.8040       49.7460 26063997   20.79%
  49028 19484        cutoff             62.8040       49.7801 26456133   20.74%
  49296 19822       57.3844   108       62.8040       49.8237 26859530   20.67%
  49667 19848        cutoff             62.8040       49.8336 26892048   20.65%
  50329 20088        cutoff             62.8040       49.9590 27263776   20.45%
  50971 20186       50.3490   168       62.8040       49.9929 27363071   20.40%
  51699 20736       59.9031   153       62.8040       50.0613 27999419   20.29%
Elapsed time = 424.71 sec. (485752.33 ticks, tree = 42.44 MB, solutions = 15)
  52456 20765       59.3565    63       62.8040       50.1112 28025003   20.21%
  52950 21319       57.3992   113       62.8040       50.1800 28607589   20.10%
  53278 21786       60.7434    35       62.8040       50.2116 28972341   20.05%
  53566 21837       52.4263   273       62.8040       50.2573 29060203   19.98%
  53942 22137       58.4203   103       62.8040       50.2893 29388845   19.93%
  54568 22297       59.3379   124       62.8040       50.3224 29624664   19.87%
  55239 22638       52.0198   151       62.8040       50.3224 29953896   19.87%
  55996 23226        cutoff             62.8040       50.4303 30484256   19.70%
  56628 23324        cutoff             62.8040       50.4510 30600963   19.67%
  56993 23873       55.1483   119       62.8040       50.4637 31217816   19.65%
Elapsed time = 464.31 sec. (523989.57 ticks, tree = 48.83 MB, solutions = 15)
  57310 23546       53.4232    72       62.8040       50.4880 30893749   19.61%
  57643 24265       55.6121    99       62.8040       50.5259 31678447   19.55%
  58076 24367       53.0458   140       62.8040       50.5324 31816900   19.54%
  58740 24498       60.4417    78       62.8040       50.5324 31942580   19.54%
  59459 24563       57.1453   109       62.8040       50.5723 32073808   19.48%
  60250 24823       61.2050    74       62.8040       50.6035 32309862   19.43%
  60892 25757        cutoff             62.8040       50.6414 33177937   19.37%
  61421 25409        cutoff             62.8040       50.6881 32846165   19.29%
  61769 26361        cutoff             62.8040       50.7335 33924241   19.22%
  62095 26505       53.8010   126       62.8040       50.7539 34134440   19.19%
Elapsed time = 502.93 sec. (562217.40 ticks, tree = 54.30 MB, solutions = 15)
  62422 26503        cutoff             62.8040       50.7845 34147508   19.14%
  62758 26732       60.5446    65       62.8040       50.8300 34484438   19.07%
  63277 26789       60.8315    66       62.8040       50.8613 34548399   19.02%
  63819 26787       53.8867   147       62.8040       50.8886 34597497   18.97%
  64449 26889       60.4684    86       62.8040       50.9142 34699218   18.93%
  65041 27004       57.3519   180       62.8040       50.9384 34821218   18.89%
  65678 27812       53.1722   125       62.8040       50.9803 35818625   18.83%
  66258 27679       57.3487   127       62.8040       51.0051 35582639   18.79%
  66701 28192       56.1526   107       62.8040       51.0339 36329273   18.74%
  67053 28673       60.9398    77       62.8040       51.0674 36931756   18.69%
Elapsed time = 543.28 sec. (600538.18 ticks, tree = 58.72 MB, solutions = 15)
  67331 28853       60.0375    89       62.8040       51.0900 37159361   18.65%
  67641 29060    infeasible             62.8040       51.1244 37441741   18.60%
  67962 29087        cutoff             62.8040       51.1545 37483936   18.55%
  68354 29252       56.1922    50       62.8040       51.1841 37716128   18.50%
  68906 29421       60.7516    73       62.8040       51.2114 38103383   18.46%
  69613 29354        cutoff             62.8040       51.2293 37872282   18.43%
  70370 29437       53.1707   130       62.8040       51.2624 38111576   18.38%
  70951 29671       62.3598   122       62.8040       51.2975 38422441   18.32%
  71297 29929       54.4637   105       62.8040       51.3322 38774178   18.27%
  71628 30224       62.0325   130       62.8040       51.3488 39168212   18.24%
Elapsed time = 582.84 sec. (638831.57 ticks, tree = 62.07 MB, solutions = 15)
  71979 30548        cutoff             62.8040       51.3753 39561834   18.20%
  72291 30859        cutoff             62.8040       51.4093 40193595   18.14%
  72594 30796       56.3987   156       62.8040       51.4364 39978390   18.10%
  72919 30843        cutoff             62.8040       51.4652 40191795   18.05%
  73283 31028        cutoff             62.8040       51.5232 40557604   17.96%
  73532 31275       56.1144   108       62.8040       51.5645 41041677   17.90%
  73752 31376       60.0019   173       62.8040       51.5986 41248207   17.84%
  74087 31446       53.0266   126       62.8040       51.6320 41314778   17.79%
  74556 31340       54.6274   101       62.8040       51.6506 41197227   17.76%
  74947 31603       51.8615    87       62.8040       51.6795 41554441   17.71%
Elapsed time = 618.93 sec. (677080.79 ticks, tree = 73.17 MB, solutions = 15)
  75554 31940    infeasible             62.8040       51.6881 41918673   17.70%
  76201 31707       55.0687   142       62.8040       51.7136 41616983   17.66%
  76738 32287       60.6769    63       62.8040       51.7656 42318030   17.58%
  77295 32719        cutoff             62.8040       51.7722 42735266   17.57%
  77636 32373        cutoff             62.8040       51.8092 42449915   17.51%
  77927 32944       56.2700   179       62.8040       51.8457 42898292   17.45%
  78197 33363       56.4131   167       62.8040       51.8527 43291400   17.44%
  78422 33523       60.9720    70       62.8040       51.8666 43520825   17.42%
  78685 33489       53.4757    90       62.8040       51.8955 43470326   17.37%
  79035 33503        cutoff             62.8040       51.9120 43478250   17.34%
Elapsed time = 655.10 sec. (715315.51 ticks, tree = 128.06 MB, solutions = 15)
  79514 33821       60.2953    40       62.8040       51.9232 43981910   17.33%
  80080 33835        cutoff             62.8040       51.9232 44034599   17.33%
  80711 34055       62.0064    56       62.8040       51.9232 44279128   17.33%
  81360 34332        cutoff             62.8040       51.9420 44537369   17.30%
  81936 34162       53.0112   149       62.8040       52.0127 44412376   17.18%
  82299 34304       53.4232   117       62.8040       52.0239 44522681   17.16%
  82622 34804       55.5102   104       62.8040       52.0301 44998244   17.15%
  82903 34922       54.9676   123       62.8040       52.0436 45125335   17.13%
  83115 35620       53.0632   107       62.8040       52.0726 45957380   17.09%
  83415 35577       53.4942   158       62.8040       52.0823 45907559   17.07%
Elapsed time = 693.22 sec. (753556.31 ticks, tree = 198.44 MB, solutions = 15)
  83714 35793        cutoff             62.8040       52.1008 46211121   17.04%
  83977 35744       58.9365   127       62.8040       52.1245 46172883   17.00%
  84251 35964       60.1251   145       62.8040       52.1361 46497869   16.99%
  84704 35948       61.3296    87       62.8040       52.1505 46480574   16.96%
  85317 35973       52.8555   148       62.8040       52.1885 46524275   16.90%
  85905 36366        cutoff             62.8040       52.2056 46994609   16.88%
  86571 36348       53.7208   128       62.8040       52.2256 46897542   16.84%
  87186 36795       54.6550   180       62.8040       52.2476 47432609   16.81%
  87608 36930       54.2767   147       62.8040       52.2662 47591141   16.78%
  88015 36917       62.4304    94       62.8040       52.2790 47540706   16.76%
Elapsed time = 731.59 sec. (791841.70 ticks, tree = 206.60 MB, solutions = 15)
  88413 38086    infeasible             62.8040       52.3000 48640260   16.73%
  88735 38161       54.7929   104       62.8040       52.3066 48689791   16.71%
  89103 38325        cutoff             62.8040       52.3092 48856435   16.71%
  89443 38391       61.4760    61       62.8040       52.3185 48953583   16.70%
  89821 38515       60.0260    90       62.8040       52.3326 49092672   16.67%
  90335 38555        cutoff             62.8040       52.3480 49201267   16.65%
  90776 38768       57.0391   125       62.8040       52.3615 49471833   16.63%
  91291 38771       58.7867   114       62.8040       52.3700 49490800   16.61%
  92032 38955        cutoff             62.8040       52.3780 49700800   16.60%
  92746 39235       61.6812    91       62.8040       52.3845 50071640   16.59%
Elapsed time = 769.52 sec. (830107.96 ticks, tree = 252.82 MB, solutions = 15)
  93414 39693       54.6017   113       62.8040       52.3955 50636208   16.57%
  94032 40351        cutoff             62.8040       52.4113 51413650   16.55%
  94443 40393       54.6428    70       62.8040       52.4232 51503936   16.53%
  94846 40083        cutoff             62.8040       52.4279 51100141   16.52%
  95211 40471        cutoff             62.8040       52.4346 51607446   16.51%
  95490 41147       53.4134   158       62.8040       52.4573 52704901   16.47%
  95789 40905       58.9997   137       62.8040       52.4689 52238467   16.46%
  96108 41199       61.1515    66       62.8040       52.4835 52760849   16.43%
  96443 41281       52.8255   103       62.8040       52.4987 52995251   16.41%
  96720 41519       55.6676   128       62.8040       52.5187 53408099   16.38%
Elapsed time = 804.83 sec. (868438.03 ticks, tree = 254.56 MB, solutions = 15)
  97112 41625       57.4544   166       62.8040       52.5410 53667790   16.34%
  97496 41732       57.8891    53       62.8040       52.5524 53786176   16.32%
  97944 41566       58.7752    64       62.8040       52.5740 53548779   16.29%
  98557 41619       59.7124    91       62.8040       52.5925 53663885   16.26%
  99247 42233       57.6989    68       62.8040       52.6180 54540331   16.22%
* 99430+42152                           62.3813       52.6232            15.64%
  99964 41960        cutoff             62.3813       52.6285 54049845   15.63%
 100636 41964       58.2135   135       62.3813       52.6385 54122528   15.62%
 101192 42470       55.2372   166       62.3813       52.6711 54776440   15.57%
 101727 42730       62.3763    57       62.3813       52.6740 55816947   15.56%
 102078 42088       59.4569   114       62.3813       52.6858 55214547   15.54%
Elapsed time = 845.71 sec. (906691.77 ticks, tree = 250.02 MB, solutions = 16)
 102368 42739       52.9230   288       62.3813       52.6986 55843321   15.52%
 102661 43487       58.1183    85       62.3813       52.7091 56688329   15.50%
 102935 43638       59.4602    55       62.3813       52.7124 56999943   15.50%
 103219 43555        cutoff             62.3813       52.7278 56830243   15.47%
 103566 43648       54.8203   102       62.3813       52.7438 56977596   15.45%
 103890 43676       58.6313    62       62.3813       52.7580 57070251   15.43%
 104289 44110       54.2347   152       62.3813       52.7728 57718027   15.40%
 104721 44280        cutoff             62.3813       52.7828 58016262   15.39%
 105283 44293       53.7190    95       62.3813       52.8055 58041655   15.35%
 105859 44495       55.3651   102       62.3813       52.8122 58327897   15.34%
Elapsed time = 882.79 sec. (944958.90 ticks, tree = 253.68 MB, solutions = 16)
 106385 44465       54.9402    84       62.3813       52.8152 58255830   15.33%
 107034 44486       56.2181    75       62.3813       52.8243 58280245   15.32%
 107732 45362       55.9925    58       62.3813       52.8379 59432103   15.30%
 108310 45233       60.7966   117       62.3813       52.8439 59203018   15.29%
 108829 45628       55.9809    57       62.3813       52.8561 59711755   15.27%
 109409 45651       59.2722    59       62.3813       52.8625 59719897   15.26%
 109743 45718       58.3659   122       62.3813       52.8728 59821215   15.24%
 110084 46700        cutoff             62.3813       52.8791 60929507   15.23%
 110341 46913       55.7329   102       62.3813       52.8850 61191104   15.22%
 110694 46973       56.9382    83       62.3813       52.8930 61340063   15.21%
Elapsed time = 921.56 sec. (983244.96 ticks, tree = 255.92 MB, solutions = 16)
 111061 46983        cutoff             62.3813       52.9068 61348108   15.19%
 111401 46869       56.0418   100       62.3813       52.9147 61141716   15.18%
 111768 47312       56.2568    86       62.3813       52.9251 61984874   15.16%
 112090 47207        cutoff             62.3813       52.9384 61706302   15.14%
 112425 47615       56.7143    91       62.3813       52.9576 62501296   15.11%
 112773 47507       54.3885   119       62.3813       52.9582 62339216   15.11%
 113104 47734       55.3017   131       62.3813       52.9671 62780099   15.09%
 113594 47904       56.7395    82       62.3813       52.9881 63040701   15.06%
 114180 47792       60.7195   142       62.3813       53.0005 62870374   15.04%
 114727 47695       53.4774   136       62.3813       53.0058 62670604   15.03%
Elapsed time = 958.92 sec. (1021572.23 ticks, tree = 256.82 MB, solutions = 16)
 115418 47934       53.5719   111       62.3813       53.0154 63022024   15.01%
 115989 48190       61.9081   170       62.3813       53.0416 63426748   14.97%
 116518 48923       53.3161   110       62.3813       53.0549 64384154   14.95%
 117156 48952       61.2189    88       62.3813       53.0684 64406652   14.93%
 117735 48723       56.9447    90       62.3813       53.0771 64093193   14.92%
 118180 48951       61.1085    98       62.3813       53.1036 64378972   14.87%
 118604 49883       55.3126    87       62.3813       53.1254 65492494   14.84%
 118983 49518       55.0533    88       62.3813       53.1358 65033991   14.82%
 119294 50357       53.7576    75       62.3813       53.1428 66121409   14.81%
 119717 50216       54.7800    66       62.3813       53.1484 65914414   14.80%
Elapsed time = 998.78 sec. (1059791.29 ticks, tree = 259.50 MB, solutions = 16)
 120077 50352       54.2958    50       62.3813       53.1572 66094250   14.79%
 120386 50588       55.4025    51       62.3813       53.1589 66341717   14.78%
 120730 50687        cutoff             62.3813       53.1710 66438948   14.76%
 121147 50902        cutoff             62.3813       53.1839 66776176   14.74%
 121769 51056       57.8633    93       62.3813       53.1947 66990745   14.73%
 122388 51282       56.3441   141       62.3813       53.1958 67254233   14.72%
 123103 51213    infeasible             62.3813       53.2121 67140877   14.70%
 123764 51488       58.7156    97       62.3813       53.2324 67590447   14.67%
 124513 51797        cutoff             62.3813       53.2410 67906204   14.65%
 125143 51636        cutoff             62.3813       53.2507 67743426   14.64%
Elapsed time = 1040.07 sec. (1098043.09 ticks, tree = 262.29 MB, solutions = 16)
 125820 52189        cutoff             62.3813       53.2558 68302075   14.63%
 126325 52910    infeasible             62.3813       53.2665 69052541   14.61%
 126647 53438       53.4435    84       62.3813       53.2722 69710142   14.60%
 126997 53160       53.9818    86       62.3813       53.2793 69353054   14.59%
 127321 53297       55.6923    97       62.3813       53.2829 69537684   14.59%
 127600 53915       53.8434   141       62.3813       53.2988 70212642   14.56%
 127981 54312        cutoff             62.3813       53.3063 70767484   14.55%
 128353 54339       60.7006    28       62.3813       53.3091 70771542   14.54%
 128722 54229       60.0820   110       62.3813       53.3091 70660585   14.54%
 129070 54648       53.9715   154       62.3813       53.3134 71135042   14.54%
Elapsed time = 1076.19 sec. (1136235.55 ticks, tree = 267.30 MB, solutions = 16)
 129565 55072       61.1195   145       62.3813       53.3207 71690772   14.52%
 130121 54880       56.2005   107       62.3813       53.3272 71335742   14.51%
 130721 55134       58.2770    95       62.3813       53.3341 71795591   14.50%
 131504 55627        cutoff             62.3813       53.3485 72241474   14.48%
 132282 55459       54.9059    81       62.3813       53.3541 72104794   14.47%
 133007 55378       54.2008   122       62.3813       53.3626 72062163   14.46%
 133648 56450       57.9919   122       62.3813       53.3685 73173556   14.45%
 134315 56160       53.7599    73       62.3813       53.3865 72781847   14.42%
 134860 56988       54.7681   159       62.3813       53.3977 73730536   14.40%
 135190 56730       56.6304    61       62.3813       53.4039 73471263   14.39%
Elapsed time = 1116.76 sec. (1174506.74 ticks, tree = 270.82 MB, solutions = 16)
 135592 57626       56.6077     2       62.3813       53.4128 74201883   14.38%
 136007 57851       53.9388   102       62.3813       53.4199 74478711   14.37%
 136357 58140       58.0483    47       62.3813       53.4232 74972563   14.36%
 136762 58145       53.6585    94       62.3813       53.4251 75050660   14.36%
 137165 58280       56.2050   105       62.3813       53.4322 75231374   14.35%
 137573 58212       55.5085    63       62.3813       53.4512 75167071   14.32%
 137942 58722       57.3737   151       62.3813       53.4595 75860408   14.30%
 138284 58556       54.9885   104       62.3813       53.4691 75639196   14.29%
 138618 58877       54.7951    76       62.3813       53.4816 76117162   14.27%
 138980 59131        cutoff             62.3813       53.4960 76464158   14.24%
Elapsed time = 1152.59 sec. (1212751.68 ticks, tree = 274.63 MB, solutions = 16)
 139363 58993       54.1642   139       62.3813       53.5014 76269044   14.23%
 139682 59338       60.0120    84       62.3813       53.5068 76894530   14.23%
 140159 59115       57.4717   101       62.3813       53.5194 76462649   14.21%
 140779 59627       62.0551   110       62.3813       53.5307 77272557   14.19%
 141358 59822       54.3515   161       62.3813       53.5387 77518484   14.18%
 141955 59813       55.4420   125       62.3813       53.5460 77483606   14.16%
 142757 59945       55.2249    59       62.3813       53.5521 77665051   14.15%
 143459 60010       59.7926    80       62.3813       53.5700 77755866   14.12%
 144158 60148       55.9063    95       62.3813       53.5764 77915247   14.11%
 144675 60665       56.7331   108       62.3813       53.5820 78462105   14.11%
Elapsed time = 1194.31 sec. (1251021.61 ticks, tree = 277.33 MB, solutions = 16)
 145061 61756       58.1354   126       62.3813       53.5922 79439938   14.09%
 145398 61990       57.4839    43       62.3813       53.6085 79627278   14.06%
 145738 62007       54.3056    56       62.3813       53.6130 79633833   14.06%
 146098 62099       54.4020   133       62.3813       53.6208 79811608   14.04%
 146503 62267       60.4736    56       62.3813       53.6232 79953135   14.04%
 146903 62796       55.1704   123       62.3813       53.6357 80587760   14.02%
 147275 62596       56.8440    85       62.3813       53.6415 80344239   14.01%
 147679 62986        cutoff             62.3813       53.6428 80819565   14.01%
 148154 63118       59.7081    83       62.3813       53.6473 81023757   14.00%
 148801 63151        cutoff             62.3813       53.6582 81082244   13.98%
Elapsed time = 1231.43 sec. (1289273.91 ticks, tree = 282.22 MB, solutions = 16)
 149574 63305       56.1242    96       62.3813       53.6672 81195786   13.97%
 150297 63520        cutoff             62.3813       53.6747 81534295   13.96%
 150953 63350       62.1871   136       62.3813       53.6806 81240379   13.95%
 151600 64756        cutoff             62.3813       53.6956 82688886   13.92%
 152150 64363       59.6048    84       62.3813       53.7008 82342853   13.92%
 152621 65244        cutoff             62.3813       53.7021 83143031   13.91%
 153100 64376       54.6295   102       62.3813       53.7101 82368814   13.90%
 153483 64903        cutoff             62.3813       53.7177 82808596   13.89%
 153878 66053       54.7365    95       62.3813       53.7211 84027191   13.88%
 154248 65901        cutoff             62.3813       53.7234 83929846   13.88%
Elapsed time = 1270.42 sec. (1327513.61 ticks, tree = 287.27 MB, solutions = 16)
 154635 65805       57.2599    37       62.3813       53.7303 83724856   13.87%
 155056 66305       59.2595    48       62.3813       53.7374 84313509   13.86%
 155483 66466       58.8275   117       62.3813       53.7388 84491024   13.85%
 155892 66530       59.1009    54       62.3813       53.7423 84534952   13.85%
 156370 66944       53.8672   164       62.3813       53.7495 85039882   13.84%
 156853 67040        cutoff             62.3813       53.7584 85142984   13.82%
 157455 67178       59.8500    53       62.3813       53.7618 85288753   13.82%
 158070 66997       54.5189    67       62.3813       53.7633 85108192   13.81%
 158847 67792       61.3190   103       62.3813       53.7670 85991984   13.81%
 159586 68156       56.4928   162       62.3813       53.7756 86442994   13.80%
Elapsed time = 1310.98 sec. (1365711.01 ticks, tree = 294.29 MB, solutions = 16)
 160302 68022       54.4009    47       62.3813       53.7805 86284796   13.79%
 160853 68599        cutoff             62.3813       53.7824 86915628   13.78%
 161401 68683       56.3331   118       62.3813       53.7877 87003340   13.78%
 161867 68996       56.0413    68       62.3813       53.7987 87383608   13.76%
 162269 69526       60.8929    76       62.3813       53.8025 87931218   13.75%
 162617 69838       58.5346   101       62.3813       53.8041 88262247   13.75%
 163039 69378       57.8526    48       62.3813       53.8075 87779609   13.74%
 163494 70160       61.5259   103       62.3813       53.8151 88638015   13.73%
 163864 70452       54.3590    75       62.3813       53.8227 88950126   13.72%
 164282 70082       55.2956   129       62.3813       53.8240 88520929   13.72%
Elapsed time = 1348.62 sec. (1403953.82 ticks, tree = 298.69 MB, solutions = 16)
 164780 70367       59.1929   121       62.3813       53.8294 88843856   13.71%
 165376 71106        cutoff             62.3813       53.8416 89558458   13.69%
 166079 70694       56.9641    78       62.3813       53.8484 89164328   13.68%
 166754 70941       57.4598    97       62.3813       53.8512 89468527   13.67%
 167381 71360       57.3901    71       62.3813       53.8579 89878212   13.66%
 168097 71730       60.9818   182       62.3813       53.8623 90207424   13.66%
 168837 71671       57.2742    39       62.3813       53.8629 90146284   13.66%
 169548 71404       55.5299    65       62.3813       53.8647 89949763   13.65%
 170134 73073       54.1683    86       62.3813       53.8664 91585926   13.65%
 170545 73348       54.8139   105       62.3813       53.8683 91864940   13.65%
Elapsed time = 1389.91 sec. (1442208.94 ticks, tree = 305.72 MB, solutions = 16)
 170976 73745       53.9677   112       62.3813       53.8779 92213311   13.63%
 171334 73037    infeasible             62.3813       53.8814 91513866   13.63%
 171751 73287       54.0984    97       62.3813       53.8838 91811700   13.62%
 172112 74183       56.2558    57       62.3813       53.8908 92788032   13.61%
 172574 74417       57.9135   160       62.3813       53.8925 93091449   13.61%
 172969 74519       54.6144   108       62.3813       53.8977 93257825   13.60%
 173336 74098       55.0802    65       62.3813       53.9013 92690643   13.59%
 173771 74481       55.2601   126       62.3813       53.9079 93167835   13.58%
 174169 74549       57.4020    81       62.3813       53.9126 93291641   13.58%
 174660 74897        cutoff             62.3813       53.9158 93852430   13.57%
Elapsed time = 1426.68 sec. (1480431.62 ticks, tree = 308.12 MB, solutions = 16)
 175163 74849       60.9128    90       62.3813       53.9223 93815720   13.56%
 175739 74929        cutoff             62.3813       53.9315 93935171   13.55%
 176406 75402       54.3651   101       62.3813       53.9386 94429467   13.53%
 177146 75434       54.9965    86       62.3813       53.9414 94543318   13.53%
 177736 75860        cutoff             62.3813       53.9493 94988204   13.52%
 178478 75599       54.8268   141       62.3813       53.9599 94746995   13.50%
 179004 75608       56.5094   147       62.3813       53.9648 94874547   13.49%
 179575 76475       55.3197    68       62.3813       53.9672 95734754   13.49%
 179929 76909       55.5376    41       62.3813       53.9730 96123177   13.48%
 180300 77396       55.5695   116       62.3813       53.9814 96661039   13.47%
Elapsed time = 1466.40 sec. (1518669.15 ticks, tree = 313.40 MB, solutions = 16)
 180749 77546        cutoff             62.3813       53.9880 96820414   13.45%
 181151 77545       55.3425    87       62.3813       53.9907 96833180   13.45%
 181536 77612       55.9063   105       62.3813       53.9977 96895478   13.44%
 181874 78123       57.7869    74       62.3813       54.0069 97700800   13.42%
 182266 78034    infeasible             62.3813       54.0124 97581195   13.42%
 182632 78390       55.0131    56       62.3813       54.0165 98129420   13.41%
 183022 78192        cutoff             62.3813       54.0256 97790711   13.39%
 183357 78692        cutoff             62.3813       54.0320 98592592   13.38%
 183749 78561       55.4091    84       62.3813       54.0399 98425075   13.37%
 184146 78689       57.7271    24       62.3813       54.0443 98566548   13.36%
Elapsed time = 1503.39 sec. (1556939.54 ticks, tree = 315.57 MB, solutions = 16)
 184529 78931       56.0871    72       62.3813       54.0488 98915676   13.36%
 184951 79270       54.7500    62       62.3813       54.0564 99401566   13.35%
 185460 79449        cutoff             62.3813       54.0630 99662432   13.33%
 186132 79538       54.4245   142       62.3813       54.0686 99778954   13.33%
 186699 79347       56.5239    17       62.3813       54.0729 99430999   13.32%
 187489 79948       54.1611   154       62.3813       54.0802 1.00e+08   13.31%
 188277 79993       54.4510   120       62.3813       54.0864 1.00e+08   13.30%
 189001 80826       56.7946    95       62.3813       54.0910 1.01e+08   13.29%
 189525 79803       55.2497   123       62.3813       54.0923 1.00e+08   13.29%
 190024 80056       54.4338    83       62.3813       54.0997 1.00e+08   13.28%
Elapsed time = 1542.66 sec. (1595175.84 ticks, tree = 318.26 MB, solutions = 16)
 190473 80694       59.9670   114       62.3813       54.1028 1.01e+08   13.27%
 190814 81965       56.1985    82       62.3813       54.1083 1.02e+08   13.26%
 191249 82036       57.8115    46       62.3813       54.1098 1.02e+08   13.26%
 191666 82196       56.0827   121       62.3813       54.1186 1.03e+08   13.25%
 192084 82212       58.0106    54       62.3813       54.1229 1.03e+08   13.24%
 192529 82201       55.3590   135       62.3813       54.1271 1.03e+08   13.23%
 192868 82430       60.5660    60       62.3813       54.1271 1.03e+08   13.23%
 193245 82344       56.2096    65       62.3813       54.1335 1.03e+08   13.22%
 193688 83108       55.7375   106       62.3813       54.1413 1.03e+08   13.21%
 194178 83162       60.7219    83       62.3813       54.1497 1.04e+08   13.20%
Elapsed time = 1580.93 sec. (1633451.45 ticks, tree = 324.71 MB, solutions = 16)
 194860 83206       54.2499    96       62.3813       54.1497 1.04e+08   13.20%
 195571 83495       57.9828    92       62.3813       54.1546 1.04e+08   13.19%
 196267 83545       56.1871    77       62.3813       54.1612 1.04e+08   13.18%
 197116 84165       57.4764    42       62.3813       54.1677 1.05e+08   13.17%
 197840 83643        cutoff             62.3813       54.1696 1.04e+08   13.16%
 198443 84344       62.3275    35       62.3813       54.1720 1.05e+08   13.16%
 198976 84267        cutoff             62.3813       54.1808 1.05e+08   13.15%
 199325 85949       55.2162   189       62.3813       54.1865 1.06e+08   13.14%
 199762 85063       58.2957   112       62.3813       54.1881 1.05e+08   13.13%
 200182 85566       56.4469    62       62.3813       54.1918 1.06e+08   13.13%
Elapsed time = 1619.75 sec. (1671662.54 ticks, tree = 330.00 MB, solutions = 16)
 200653 86212       54.5907   148       62.3813       54.1989 1.06e+08   13.12%
 201154 86553        cutoff             62.3813       54.2032 1.07e+08   13.11%
 201591 86483       55.3322   112       62.3813       54.2049 1.07e+08   13.11%
 201989 86806       55.7567    92       62.3813       54.2077 1.07e+08   13.10%
 202410 87073        cutoff             62.3813       54.2117 1.08e+08   13.10%
 202875 87308       55.1985    27       62.3813       54.2180 1.08e+08   13.09%
 203240 87193       62.2336    44       62.3813       54.2186 1.08e+08   13.09%
 203676 87740       54.6758    71       62.3813       54.2206 1.08e+08   13.08%
 204137 87784        cutoff             62.3813       54.2256 1.08e+08   13.07%
 204714 88138       55.5462   158       62.3813       54.2380 1.09e+08   13.05%
Elapsed time = 1654.82 sec. (1709859.37 ticks, tree = 335.68 MB, solutions = 16)
 205371 87793        cutoff             62.3813       54.2393 1.08e+08   13.05%
 206110 88169       55.0736   122       62.3813       54.2400 1.09e+08   13.05%
 206895 88408       55.0141    82       62.3813       54.2466 1.09e+08   13.04%
 207548 88448       55.1188   125       62.3813       54.2547 1.09e+08   13.03%
 208310 88559       55.5832   101       62.3813       54.2558 1.09e+08   13.03%
 209047 89298       55.6212    37       62.3813       54.2558 1.10e+08   13.03%
 209705 90075       55.5332   126       62.3813       54.2575 1.10e+08   13.02%
 210170 90891       55.0828   110       62.3813       54.2640 1.11e+08   13.01%
 210653 90739       54.7466    72       62.3813       54.2684 1.11e+08   13.01%
 211090 91118        cutoff             62.3813       54.2684 1.11e+08   13.01%
Elapsed time = 1696.38 sec. (1748084.13 ticks, tree = 341.82 MB, solutions = 16)
 211533 90428       55.2922    53       62.3813       54.2714 1.11e+08   13.00%
 212003 91913       56.9095   132       62.3813       54.2780 1.12e+08   12.99%
 212425 92012       56.8788   111       62.3813       54.2836 1.12e+08   12.98%
 212915 91808       55.6070   103       62.3813       54.2843 1.12e+08   12.98%
 213377 91816        cutoff             62.3813       54.2872 1.12e+08   12.98%
 213775 92620        cutoff             62.3813       54.2928 1.13e+08   12.97%
 214160 92592    infeasible             62.3813       54.2958 1.13e+08   12.96%
 214747 92490       56.4494   118       62.3813       54.2965 1.13e+08   12.96%
 215337 92655       61.1032    51       62.3813       54.3006 1.13e+08   12.95%
 215868 93416       55.6247    53       62.3813       54.3060 1.14e+08   12.95%
Elapsed time = 1732.98 sec. (1786415.39 ticks, tree = 347.22 MB, solutions = 16)
 216709 93295       55.9672   150       62.3813       54.3098 1.13e+08   12.94%
 217469 93966       58.8937    97       62.3813       54.3124 1.14e+08   12.93%
 218427 94064        cutoff             62.3813       54.3161 1.14e+08   12.93%
 219210 93599        cutoff             62.3813       54.3187 1.14e+08   12.92%
 219766 94379    infeasible             62.3813       54.3252 1.15e+08   12.91%
 220255 95299       54.9533   126       62.3813       54.3285 1.15e+08   12.91%
 220685 94948       54.6484    75       62.3813       54.3302 1.15e+08   12.91%
 221138 95758       56.9626   102       62.3813       54.3339 1.16e+08   12.90%
 221550 96228    infeasible             62.3813       54.3403 1.16e+08   12.89%
 222008 96400       55.2077   170       62.3813       54.3433 1.17e+08   12.89%
Elapsed time = 1773.11 sec. (1824619.59 ticks, tree = 353.57 MB, solutions = 16)
 222431 96382        cutoff             62.3813       54.3433 1.17e+08   12.89%
 222853 96563       61.2728    98       62.3813       54.3477 1.17e+08   12.88%
 223300 96704       59.0262   149       62.3813       54.3515 1.17e+08   12.87%
 223791 96696       62.0378    41       62.3813       54.3558 1.17e+08   12.87%
 224224 96732       57.9756   124       62.3813       54.3558 1.17e+08   12.87%
 224642 96734       57.0047    90       62.3813       54.3620 1.17e+08   12.86%
 225070 97371       56.5064   109       62.3813       54.3623 1.18e+08   12.85%
 225519 97518       55.4296    87       62.3813       54.3658 1.18e+08   12.85%
 225957 97778       55.8035    72       62.3813       54.3671 1.18e+08   12.85%
 226390 97669       56.2262   109       62.3813       54.3705 1.18e+08   12.84%
Elapsed time = 1809.14 sec. (1862886.17 ticks, tree = 355.77 MB, solutions = 16)
 226973 98169       57.6115    62       62.3813       54.3793 1.19e+08   12.83%
 227626 97886       61.3472   108       62.3813       54.3837 1.18e+08   12.82%
 228224 98390        cutoff             62.3813       54.3857 1.19e+08   12.82%
 229021 98217       57.1624    59       62.3813       54.3896 1.19e+08   12.81%
 229766 98526        cutoff             62.3813       54.3946 1.19e+08   12.80%
 230412 99599       62.0645   164       62.3813       54.3990 1.20e+08   12.80%
 230988 98714       61.7324    36       62.3813       54.4025 1.19e+08   12.79%
 231497 99966       62.1513    57       62.3813       54.4035 1.21e+08   12.79%
 231900 99322       55.2743   144       62.3813       54.4062 1.20e+08   12.78%
 232305 100603       54.5497   140       62.3813       54.4148 1.21e+08   12.77%
Elapsed time = 1848.31 sec. (1901109.66 ticks, tree = 362.54 MB, solutions = 16)
 232696 100078       56.9642    94       62.3813       54.4184 1.21e+08   12.76%
 233117 100241       54.8682    79       62.3813       54.4196 1.21e+08   12.76%
 233562 100511       54.5495    49       62.3813       54.4232 1.21e+08   12.76%
 234008 100813        cutoff             62.3813       54.4297 1.22e+08   12.75%
 234500 100838        cutoff             62.3813       54.4359 1.22e+08   12.74%
 234974 101396       58.1857   168       62.3813       54.4372 1.22e+08   12.73%
 235410 100954       55.1275    83       62.3813       54.4414 1.22e+08   12.73%
 235782 101572       54.6716   112       62.3813       54.4496 1.23e+08   12.71%
 236139 101712       54.7857   112       62.3813       54.4560 1.23e+08   12.70%
 236645 101805       55.1343   104       62.3813       54.4573 1.23e+08   12.70%
Elapsed time = 1885.91 sec. (1939345.83 ticks, tree = 364.99 MB, solutions = 16)
 237247 102079        cutoff             62.3813       54.4603 1.23e+08   12.70%
 237839 101876       58.6687    38       62.3813       54.4651 1.23e+08   12.69%
 238698 102090       60.2240   116       62.3813       54.4727 1.23e+08   12.68%
 239529 102105       60.9133    53       62.3813       54.4755 1.23e+08   12.67%
 240151 103084       56.4226    89       62.3813       54.4792 1.24e+08   12.67%
 240840 102691       57.2057    31       62.3813       54.4816 1.24e+08   12.66%
 241372 104041       56.0903    89       62.3813       54.4898 1.25e+08   12.65%
 241901 104257       58.1769    10       62.3813       54.4929 1.25e+08   12.65%
 242234 103913       56.8059   121       62.3813       54.4934 1.25e+08   12.64%
 242618 104731        cutoff             62.3813       54.4973 1.26e+08   12.64%
Elapsed time = 1926.82 sec. (1977638.82 ticks, tree = 371.42 MB, solutions = 16)
 243015 104892       55.4686    87       62.3813       54.5033 1.26e+08   12.63%
 243414 104741       54.7685    39       62.3813       54.5104 1.26e+08   12.62%
 243896 104529       56.9953    93       62.3813       54.5115 1.26e+08   12.62%
 244275 105354       54.7174   105       62.3813       54.5166 1.27e+08   12.61%
 244649 105438       55.0488    81       62.3813       54.5219 1.27e+08   12.60%
 245021 105454       57.2605   126       62.3813       54.5275 1.27e+08   12.59%
 245403 105581        cutoff             62.3813       54.5295 1.27e+08   12.59%
 245960 106042       55.6829   130       62.3813       54.5337 1.28e+08   12.58%
 246585 106182       57.7565    55       62.3813       54.5396 1.28e+08   12.57%
 247192 106234       58.0617    58       62.3813       54.5457 1.28e+08   12.56%
Elapsed time = 1965.01 sec. (2015889.12 ticks, tree = 374.85 MB, solutions = 16)
 247984 106264        cutoff             62.3813       54.5501 1.28e+08   12.55%
 248724 106757        cutoff             62.3813       54.5548 1.28e+08   12.55%
 249360 107147        cutoff             62.3813       54.5607 1.29e+08   12.54%
 250001 107488       54.8454   112       62.3813       54.5651 1.29e+08   12.53%
 250483 107270       54.6028    65       62.3813       54.5698 1.29e+08   12.52%
 250955 107126       56.7184   122       62.3813       54.5715 1.29e+08   12.52%
 251381 107942       55.0700   107       62.3813       54.5720 1.29e+08   12.52%
 251767 107897       58.1277    24       62.3813       54.5773 1.29e+08   12.51%
 252240 108360        cutoff             62.3813       54.5818 1.30e+08   12.50%
 252592 108789       55.4729   201       62.3813       54.5826 1.30e+08   12.50%
Elapsed time = 2005.03 sec. (2054095.92 ticks, tree = 380.67 MB, solutions = 16)
 253066 108594       56.7026   176       62.3813       54.5828 1.30e+08   12.50%
 253547 108918       60.1950   104       62.3813       54.5841 1.31e+08   12.50%
 254050 109861       56.3120    66       62.3813       54.5876 1.31e+08   12.49%
 254695 109951       55.0454   129       62.3813       54.5893 1.31e+08   12.49%
 255384 109456       59.5990    55       62.3813       54.5920 1.31e+08   12.49%
 255996 109918       54.6487   100       62.3813       54.5964 1.31e+08   12.48%
 256536 110013       56.9537   139       62.3813       54.5999 1.31e+08   12.47%
 257204 110215       56.2679   121       62.3813       54.6028 1.32e+08   12.47%
 257777 110486       58.1701    78       62.3813       54.6028 1.32e+08   12.47%
 258392 111069       56.3393    69       62.3813       54.6076 1.33e+08   12.46%
Elapsed time = 2046.39 sec. (2092324.56 ticks, tree = 385.65 MB, solutions = 16)
 258943 111111       55.6559   125       62.3813       54.6105 1.33e+08   12.46%
 259414 111512       54.9169   141       62.3813       54.6122 1.33e+08   12.45%
 259799 111299       56.0592   110       62.3813       54.6137 1.33e+08   12.45%
 260153 112677       57.5991    81       62.3813       54.6153 1.34e+08   12.45%
 260504 112564       58.0724   116       62.3813       54.6191 1.34e+08   12.44%
 260838 112827       58.5216    72       62.3813       54.6201 1.34e+08   12.44%
 261199 112705       54.8616   104       62.3813       54.6201 1.34e+08   12.44%
 261629 113180       55.6217    96       62.3813       54.6241 1.35e+08   12.44%
 262014 113245       56.7253    51       62.3813       54.6241 1.35e+08   12.44%
 262422 113576        cutoff             62.3813       54.6241 1.35e+08   12.44%
Elapsed time = 2084.51 sec. (2130604.82 ticks, tree = 391.65 MB, solutions = 16)
 262887 113168       59.1556    48       62.3813       54.6344 1.35e+08   12.42%
 263360 113901       55.9815   112       62.3813       54.6399 1.36e+08   12.41%
 263945 113832       58.7594    69       62.3813       54.6428 1.36e+08   12.41%
 264539 114151       57.7266   138       62.3813       54.6428 1.36e+08   12.41%
 265263 114341       55.1656    89       62.3813       54.6465 1.36e+08   12.40%
 266052 114493       55.9936   130       62.3813       54.6494 1.36e+08   12.39%
 266747 114608        cutoff             62.3813       54.6520 1.36e+08   12.39%
 267506 115470       58.8605    36       62.3813       54.6570 1.37e+08   12.38%
 268289 115020       54.8916   129       62.3813       54.6595 1.37e+08   12.38%
 268908 115270       56.0547    45       62.3813       54.6595 1.37e+08   12.38%
Elapsed time = 2128.45 sec. (2168864.15 ticks, tree = 395.57 MB, solutions = 16)
 269432 115928       56.1677    34       62.3813       54.6654 1.37e+08   12.37%
 269884 116463       61.6139   118       62.3813       54.6693 1.38e+08   12.36%
 270342 116801       58.3132     9       62.3813       54.6708 1.38e+08   12.36%
 270771 117099       61.1806    67       62.3813       54.6731 1.39e+08   12.36%
 271155 117440       54.9433    47       62.3813       54.6767 1.39e+08   12.35%
 271526 117352       55.9871   111       62.3813       54.6785 1.39e+08   12.35%
 271920 117919       54.8938    87       62.3813       54.6830 1.39e+08   12.34%
 272363 118546       57.1753    86       62.3813       54.6860 1.40e+08   12.34%
 272722 118048       56.4360    54       62.3813       54.6884 1.39e+08   12.33%
 273181 118755       57.0841   111       62.3813       54.6917 1.40e+08   12.33%
Elapsed time = 2165.26 sec. (2207102.11 ticks, tree = 403.69 MB, solutions = 16)
 273767 119056        cutoff             62.3813       54.6963 1.40e+08   12.32%
 274381 118955        cutoff             62.3813       54.6985 1.40e+08   12.32%
 275055 118920       57.2485   175       62.3813       54.6985 1.40e+08   12.32%
 275930 119267        cutoff             62.3813       54.6985 1.41e+08   12.32%
 276588 119414       56.4227    85       62.3813       54.7005 1.41e+08   12.31%
 277112 120500       55.9583    51       62.3813       54.7030 1.42e+08   12.31%
 277690 119868        cutoff             62.3813       54.7051 1.41e+08   12.31%
 278271 120311       57.8376   142       62.3813       54.7082 1.42e+08   12.30%
 278663 121108       56.7593   156       62.3813       54.7114 1.42e+08   12.30%
 279089 121056       57.4687    84       62.3813       54.7146 1.42e+08   12.29%
Elapsed time = 2208.06 sec. (2245326.25 ticks, tree = 408.70 MB, solutions = 16)
 279496 121780       57.9066     9       62.3813       54.7181 1.43e+08   12.28%
 279943 121869       55.4236    85       62.3813       54.7185 1.43e+08   12.28%
 280361 122158       55.1885    60       62.3813       54.7186 1.43e+08   12.28%
 280710 121900       55.7524    87       62.3813       54.7203 1.43e+08   12.28%
 281082 122185       58.0472   221       62.3813       54.7226 1.43e+08   12.28%
 281483 122472        cutoff             62.3813       54.7244 1.44e+08   12.27%
 281889 122744       56.9233   105       62.3813       54.7278 1.44e+08   12.27%
 282252 122661       60.3883   153       62.3813       54.7307 1.44e+08   12.26%
 282647 123127       56.0726    81       62.3813       54.7330 1.45e+08   12.26%
 283141 122666       61.9367    60       62.3813       54.7351 1.44e+08   12.26%
Elapsed time = 2246.12 sec. (2283554.87 ticks, tree = 412.20 MB, solutions = 16)
 283587 123069       57.5051    22       62.3813       54.7358 1.45e+08   12.26%
 284168 123614       57.2632    74       62.3813       54.7386 1.45e+08   12.25%
 284874 123788       55.2252    90       62.3813       54.7413 1.46e+08   12.25%
 285707 123766       59.1530   147       62.3813       54.7438 1.45e+08   12.24%
 286442 124196       55.3934   111       62.3813       54.7466 1.46e+08   12.24%
 287099 123947        cutoff             62.3813       54.7500 1.46e+08   12.23%
 287778 124084       56.3368   112       62.3813       54.7529 1.46e+08   12.23%
 288281 124320       57.2515    94       62.3813       54.7538 1.46e+08   12.23%
 288674 125872       55.6046    94       62.3813       54.7554 1.47e+08   12.22%
 289102 125249       57.2915    41       62.3813       54.7577 1.47e+08   12.22%
Elapsed time = 2288.95 sec. (2321754.19 ticks, tree = 418.26 MB, solutions = 16)
 289548 126380       56.3882    64       62.3813       54.7614 1.48e+08   12.22%
 289891 126194       61.5582    50       62.3813       54.7633 1.48e+08   12.21%
 290315 126317        cutoff             62.3813       54.7648 1.48e+08   12.21%
 290723 126340       59.8486    58       62.3813       54.7666 1.48e+08   12.21%
 291235 126348       57.9395   123       62.3813       54.7666 1.48e+08   12.21%
 291703 126988        cutoff             62.3813       54.7679 1.49e+08   12.20%
 292205 126802        cutoff             62.3813       54.7699 1.49e+08   12.20%
 292648 127148       57.3860   125       62.3813       54.7711 1.49e+08   12.20%
 293117 127099        cutoff             62.3813       54.7752 1.49e+08   12.19%
 293540 127757       60.1513     9       62.3813       54.7780 1.50e+08   12.19%
Elapsed time = 2326.21 sec. (2359960.39 ticks, tree = 424.01 MB, solutions = 16)
 294158 127554       54.9950    72       62.3813       54.7806 1.49e+08   12.18%
 294714 128259       57.4832    12       62.3813       54.7833 1.50e+08   12.18%
 295255 127797       57.0163   107       62.3813       54.7868 1.50e+08   12.17%
 296052 128417       61.8562    48       62.3813       54.7897 1.50e+08   12.17%
 296729 128601       56.8540   116       62.3813       54.7915 1.50e+08   12.17%
 297473 128913        cutoff             62.3813       54.7931 1.51e+08   12.16%
 298173 128541       57.5829    67       62.3813       54.7952 1.50e+08   12.16%
 298793 129148       55.6512   109       62.3813       54.7976 1.51e+08   12.16%
 299367 129385       56.2714    99       62.3813       54.8005 1.51e+08   12.15%
 299857 129922       58.1452    36       62.3813       54.8013 1.52e+08   12.15%
Elapsed time = 2368.54 sec. (2398210.31 ticks, tree = 428.80 MB, solutions = 16)
 300282 129944       61.5096    28       62.3813       54.8032 1.52e+08   12.15%
 300630 130291       55.6179    73       62.3813       54.8055 1.52e+08   12.14%
 301075 131158       55.2154    62       62.3813       54.8092 1.53e+08   12.14%
 301515 131037       60.3849    92       62.3813       54.8109 1.53e+08   12.14%
 301910 130958        cutoff             62.3813       54.8131 1.53e+08   12.13%
 302348 131661       56.4112    76       62.3813       54.8161 1.54e+08   12.13%
 302807 131953       55.7021    62       62.3813       54.8191 1.54e+08   12.12%
 303249 132114       56.5301   183       62.3813       54.8220 1.54e+08   12.12%
 303664 131960       56.7872    90       62.3813       54.8224 1.54e+08   12.12%
 304151 132094       58.9079   118       62.3813       54.8241 1.54e+08   12.11%
Elapsed time = 2406.70 sec. (2436428.61 ticks, tree = 433.47 MB, solutions = 16)
 304665 132439       57.5036    77       62.3813       54.8281 1.54e+08   12.11%
 305096 132576       57.6355    81       62.3813       54.8314 1.55e+08   12.10%
 305523 132743       56.9071    41       62.3813       54.8339 1.55e+08   12.10%
 306048 133030       56.4234    74       62.3813       54.8366 1.55e+08   12.09%
 306754 133053       58.7235    40       62.3813       54.8383 1.55e+08   12.09%
 307357 133457        cutoff             62.3813       54.8400 1.56e+08   12.09%
 308013 133685       57.0286   111       62.3813       54.8419 1.56e+08   12.09%
 308844 134208       61.7361    51       62.3813       54.8445 1.56e+08   12.08%
 309670 133475       56.6185    49       62.3813       54.8452 1.56e+08   12.08%
 310492 133635       58.2254   105       62.3813       54.8493 1.56e+08   12.07%
Elapsed time = 2449.09 sec. (2474686.74 ticks, tree = 440.81 MB, solutions = 16)
 311212 135106       55.5548   138       62.3813       54.8515 1.57e+08   12.07%
 311826 135382       56.0230   103       62.3813       54.8525 1.57e+08   12.07%
 312348 135730       54.9399    83       62.3813       54.8549 1.57e+08   12.07%
 312788 134937       56.8991    93       62.3813       54.8562 1.57e+08   12.06%
 313206 135761       58.1910    52       62.3813       54.8577 1.57e+08   12.06%
 313629 136930       55.6796   126       62.3813       54.8598 1.59e+08   12.06%
 314001 136364       59.6290    44       62.3813       54.8614 1.58e+08   12.05%
 314410 137080       58.9775    85       62.3813       54.8634 1.59e+08   12.05%
 314913 137181       56.9074   113       62.3813       54.8671 1.59e+08   12.05%
 315414 137193       57.4786    96       62.3813       54.8679 1.59e+08   12.04%
Elapsed time = 2486.94 sec. (2512936.41 ticks, tree = 448.81 MB, solutions = 16)
 315856 137272        cutoff             62.3813       54.8703 1.59e+08   12.04%
 316391 137731       58.2455   110       62.3813       54.8721 1.59e+08   12.04%
 316954 138227       57.6385    46       62.3813       54.8738 1.60e+08   12.03%
 317684 138270       56.1121   145       62.3813       54.8766 1.60e+08   12.03%
 318373 138176       54.9665    76       62.3813       54.8791 1.60e+08   12.03%
 319048 138987       55.1336    76       62.3813       54.8814 1.61e+08   12.02%
 319691 138671       58.7092   202       62.3813       54.8823 1.60e+08   12.02%
 320451 139422       58.5570    72       62.3813       54.8835 1.61e+08   12.02%
 321188 138894       56.4455    57       62.3813       54.8859 1.61e+08   12.02%
 321789 139076       57.2269   115       62.3813       54.8864 1.61e+08   12.01%
Elapsed time = 2530.23 sec. (2551163.42 ticks, tree = 452.85 MB, solutions = 16)
 322431 139513       61.7173   150       62.3813       54.8891 1.61e+08   12.01%
 322931 140516       55.3843    81       62.3813       54.8924 1.62e+08   12.01%
 323400 140309       55.3101    75       62.3813       54.8948 1.62e+08   12.00%
 323862 140951        cutoff             62.3813       54.8983 1.62e+08   12.00%
 324274 141418       60.8152    71       62.3813       54.9001 1.63e+08   11.99%
 324736 141348       56.3192    66       62.3813       54.9024 1.63e+08   11.99%
 325190 141798       55.8853    87       62.3813       54.9046 1.63e+08   11.99%
 325694 141819       56.9460   114       62.3813       54.9082 1.63e+08   11.98%
 326201 142069        cutoff             62.3813       54.9089 1.64e+08   11.98%
 326585 141994        cutoff             62.3813       54.9125 1.64e+08   11.97%
Elapsed time = 2567.80 sec. (2589360.04 ticks, tree = 459.85 MB, solutions = 16)
 326975 142053       57.1585    64       62.3813       54.9144 1.64e+08   11.97%
 327381 142663       56.6313    88       62.3813       54.9172 1.64e+08   11.97%
 327799 142767        cutoff             62.3813       54.9202 1.64e+08   11.96%
 328253 142870       55.6415   177       62.3813       54.9222 1.65e+08   11.96%
 328660 142910       60.9445    47       62.3813       54.9237 1.65e+08   11.95%
 329129 143349       57.3252    75       62.3813       54.9265 1.65e+08   11.95%
 329726 143318       57.1131    57       62.3813       54.9300 1.65e+08   11.94%
 330222 143762        cutoff             62.3813       54.9308 1.66e+08   11.94%
 330868 143423       60.0810    41       62.3813       54.9339 1.65e+08   11.94%
 331641 144134       55.6510    69       62.3813       54.9368 1.66e+08   11.93%
Elapsed time = 2607.94 sec. (2627597.82 ticks, tree = 464.57 MB, solutions = 16)
 332505 143681    infeasible             62.3813       54.9379 1.65e+08   11.93%
 333207 144234        cutoff             62.3813       54.9424 1.66e+08   11.92%
 333861 144691       56.4027    73       62.3813       54.9432 1.67e+08   11.92%
 334343 144475        cutoff             62.3813       54.9462 1.66e+08   11.92%
 334739 145205        cutoff             62.3813       54.9485 1.67e+08   11.92%
 335201 146150       56.9728   120       62.3813       54.9523 1.68e+08   11.91%
 335629 146208       60.2982    39       62.3813       54.9534 1.68e+08   11.91%
 336075 146145       56.6618   161       62.3813       54.9565 1.68e+08   11.90%
 336493 146064        cutoff             62.3813       54.9584 1.68e+08   11.90%
 336907 146279       58.9950   101       62.3813       54.9590 1.68e+08   11.90%
Elapsed time = 2647.21 sec. (2665835.35 ticks, tree = 469.42 MB, solutions = 16)
 337402 146680       57.2914    90       62.3813       54.9617 1.69e+08   11.89%
 337871 146880       57.9315   105       62.3813       54.9636 1.69e+08   11.89%
 338262 147010    infeasible             62.3813       54.9655 1.69e+08   11.89%
 338672 147000       56.2155    87       62.3813       54.9695 1.69e+08   11.88%
 339106 147391       60.5810    64       62.3813       54.9720 1.70e+08   11.88%
 339599 147199       55.6027   136       62.3813       54.9734 1.69e+08   11.88%
 340202 147372       56.9486   111       62.3813       54.9764 1.70e+08   11.87%
 340793 147937       58.3932    32       62.3813       54.9807 1.70e+08   11.86%
 341566 148036       56.0234   105       62.3813       54.9830 1.70e+08   11.86%
 342405 147773       55.5229    97       62.3813       54.9882 1.70e+08   11.85%
Elapsed time = 2686.85 sec. (2704070.05 ticks, tree = 472.88 MB, solutions = 16)
 343133 148691       57.5103   102       62.3813       54.9889 1.71e+08   11.85%
 343966 148073       58.1299   100       62.3813       54.9927 1.70e+08   11.84%
 344746 148901       57.4247    97       62.3813       54.9957 1.71e+08   11.84%
 345359 148896        cutoff             62.3813       54.9986 1.71e+08   11.83%
 345884 149498       55.1437    67       62.3813       55.0011 1.72e+08   11.83%
 346331 150615       58.2811   136       62.3813       55.0028 1.73e+08   11.83%
 346868 150539       59.5278    45       62.3813       55.0071 1.73e+08   11.82%
 347302 151163       56.6585    90       62.3813       55.0084 1.73e+08   11.82%
 347787 151152       55.3915    63       62.3813       55.0127 1.73e+08   11.81%
 348298 151566        cutoff             62.3813       55.0127 1.73e+08   11.81%
Elapsed time = 2726.15 sec. (2742277.01 ticks, tree = 482.21 MB, solutions = 16)
 348772 151105       57.5320    22       62.3813       55.0178 1.73e+08   11.80%
 349225 151851        cutoff             62.3813       55.0244 1.74e+08   11.79%
 349644 152027       56.0628    21       62.3813       55.0258 1.74e+08   11.79%
 350087 152256        cutoff             62.3813       55.0282 1.74e+08   11.79%
 350584 152317       56.6709    98       62.3813       55.0318 1.74e+08   11.78%
 351091 152376        cutoff             62.3813       55.0337 1.74e+08   11.78%
 351458 152652       56.1252    83       62.3813       55.0357 1.75e+08   11.78%
 351943 152919        cutoff             62.3813       55.0416 1.75e+08   11.77%
 352418 152605       55.5327   108       62.3813       55.0416 1.75e+08   11.77%
 353112 153241       56.7881   131       62.3813       55.0444 1.75e+08   11.76%
Elapsed time = 2764.84 sec. (2780516.47 ticks, tree = 486.15 MB, solutions = 16)
 353875 153363       57.8724    82       62.3813       55.0495 1.75e+08   11.75%
 354580 153285       58.3816   163       62.3813       55.0514 1.75e+08   11.75%
 355353 153588       59.8134    60       62.3813       55.0546 1.76e+08   11.74%
 356099 153438       56.8856   121       62.3813       55.0556 1.76e+08   11.74%
 356935 154168       58.7764   103       62.3813       55.0580 1.76e+08   11.74%
 357601 154571        cutoff             62.3813       55.0614 1.77e+08   11.73%
 358086 155251       55.9530    48       62.3813       55.0641 1.77e+08   11.73%
 358547 154936       56.1622   106       62.3813       55.0657 1.77e+08   11.73%
 359025 155654        cutoff             62.3813       55.0686 1.78e+08   11.72%
 359435 156219        cutoff             62.3813       55.0720 1.78e+08   11.72%
Elapsed time = 2805.95 sec. (2818731.76 ticks, tree = 493.36 MB, solutions = 16)
 359871 156099       60.1009    75       62.3813       55.0738 1.78e+08   11.71%
 360312 156366       56.2239    69       62.3813       55.0773 1.78e+08   11.71%
 360714 156399       57.6748   136       62.3813       55.0778 1.78e+08   11.71%
 361058 156412        cutoff             62.3813       55.0803 1.78e+08   11.70%
 361451 156684       62.1795    55       62.3813       55.0828 1.79e+08   11.70%
 361849 156773       58.9146    43       62.3813       55.0828 1.79e+08   11.70%
 362351 157480       56.8341   155       62.3813       55.0828 1.80e+08   11.70%
 362930 157218       58.3369   104       62.3813       55.0828 1.79e+08   11.70%
 363568 157696       61.4283    96       62.3813       55.0841 1.80e+08   11.70%
 364326 157428       55.5720    21       62.3813       55.0863 1.80e+08   11.69%
Elapsed time = 2845.01 sec. (2856921.99 ticks, tree = 496.07 MB, solutions = 16)
 365116 158333        cutoff             62.3813       55.0901 1.80e+08   11.69%
 365897 157934       59.4988    66       62.3813       55.0910 1.80e+08   11.69%
 366579 157982       55.6990   103       62.3813       55.0948 1.80e+08   11.68%
 367278 159084       55.1240    60       62.3813       55.0988 1.81e+08   11.67%
 367878 159012       57.8882    42       62.3813       55.1013 1.81e+08   11.67%
 368376 158668       56.1373    78       62.3813       55.1052 1.81e+08   11.66%
 368957 159735       56.5320    33       62.3813       55.1056 1.82e+08   11.66%
 369527 160485        cutoff             62.3813       55.1104 1.83e+08   11.66%
 369954 160610       56.7950   107       62.3813       55.1128 1.83e+08   11.65%
 370408 160630       58.7542    38       62.3813       55.1158 1.83e+08   11.65%
Elapsed time = 2887.70 sec. (2895121.18 ticks, tree = 505.30 MB, solutions = 16)
 370874 160424       57.8708    86       62.3813       55.1171 1.83e+08   11.64%
 371350 160647       57.1790    29       62.3813       55.1193 1.83e+08   11.64%
 371795 161317       56.4483    41       62.3813       55.1213 1.84e+08   11.64%
 372308 160944       61.6746    40       62.3813       55.1228 1.83e+08   11.64%
 372744 161154       56.0934    50       62.3813       55.1240 1.83e+08   11.63%
 373245 161770       57.5412    69       62.3813       55.1241 1.84e+08   11.63%
 373729 161475       58.0917   116       62.3813       55.1262 1.84e+08   11.63%
 374199 162284       59.2570    57       62.3813       55.1301 1.85e+08   11.62%
 374720 162232        cutoff             62.3813       55.1321 1.85e+08   11.62%
 375171 162219       60.2306    93       62.3813       55.1341 1.84e+08   11.62%
Elapsed time = 2925.02 sec. (2933369.67 ticks, tree = 509.17 MB, solutions = 16)
 375782 162399       57.2061    24       62.3813       55.1367 1.85e+08   11.61%
 376380 162721       56.0590    54       62.3813       55.1402 1.85e+08   11.61%
 377142 162945       55.1878   111       62.3813       55.1427 1.85e+08   11.60%
 377909 163488       55.5398    91       62.3813       55.1475 1.86e+08   11.60%
 378707 163519        cutoff             62.3813       55.1475 1.86e+08   11.60%
 379542 163496       57.3603    73       62.3813       55.1507 1.86e+08   11.59%
 380436 163276        cutoff             62.3813       55.1526 1.86e+08   11.59%
 381226 163584    infeasible             62.3813       55.1553 1.86e+08   11.58%
 382040 164410       55.2319    87       62.3813       55.1586 1.86e+08   11.58%
 382761 164370       57.6865   142       62.3813       55.1588 1.86e+08   11.58%
Elapsed time = 2967.51 sec. (2971623.14 ticks, tree = 514.23 MB, solutions = 16)
 383289 165043       55.6785    40       62.3813       55.1603 1.87e+08   11.58%
 383744 164931       58.1677    34       62.3813       55.1639 1.87e+08   11.57%
 384106 166853       56.3443   108       62.3813       55.1671 1.88e+08   11.56%
 384534 166126        cutoff             62.3813       55.1677 1.88e+08   11.56%
 385116 166522       55.6785    73       62.3813       55.1677 1.88e+08   11.56%
 385689 167483       55.6672    81       62.3813       55.1718 1.89e+08   11.56%
 386238 167557       56.3242    97       62.3813       55.1741 1.89e+08   11.55%
 386727 167390       56.2145    59       62.3813       55.1785 1.89e+08   11.55%
 387243 167909       59.0395    33       62.3813       55.1785 1.89e+08   11.55%
 387712 168038       57.0135    78       62.3813       55.1785 1.89e+08   11.55%
Elapsed time = 3004.99 sec. (3009884.05 ticks, tree = 523.71 MB, solutions = 16)
 388248 168191       56.6307    62       62.3813       55.1813 1.90e+08   11.54%
 388881 168300       55.7076    97       62.3813       55.1835 1.90e+08   11.54%
 389560 168644       57.4556    48       62.3813       55.1865 1.90e+08   11.53%
 390336 169047       57.5309    68       62.3813       55.1870 1.90e+08   11.53%
 391171 168503       59.0351    72       62.3813       55.1887 1.90e+08   11.53%
 392024 169912        cutoff             62.3813       55.1933 1.91e+08   11.52%
 392729 169564       55.6585    73       62.3813       55.1951 1.91e+08   11.52%
 393526 169538       62.1762    94       62.3813       55.1971 1.91e+08   11.52%
 394303 171055       57.0589    53       62.3813       55.1985 1.92e+08   11.51%
 395101 171419       58.8292    54       62.3813       55.1985 1.92e+08   11.51%
Elapsed time = 3046.09 sec. (3048172.19 ticks, tree = 531.85 MB, solutions = 16)
 395685 170509       58.5933    50       62.3813       55.1985 1.91e+08   11.51%
 396165 172447       56.6103    88       62.3813       55.1985 1.93e+08   11.51%
 396565 171813        cutoff             62.3813       55.1985 1.92e+08   11.51%
 397059 172708        cutoff             62.3813       55.1989 1.93e+08   11.51%
 397453 172627       55.2811   116       62.3813       55.2010 1.93e+08   11.51%
 397937 172434       56.1517    60       62.3813       55.2019 1.93e+08   11.51%
 398422 173178       59.3872    60       62.3813       55.2052 1.94e+08   11.50%
 398924 173365       58.1935    72       62.3813       55.2058 1.94e+08   11.50%
 399375 173200       57.2965    60       62.3813       55.2067 1.94e+08   11.50%
 399812 173447       61.9901    49       62.3813       55.2081 1.94e+08   11.50%
Elapsed time = 3082.48 sec. (3086422.21 ticks, tree = 536.64 MB, solutions = 16)
 400204 173623       58.3097   113       62.3813       55.2100 1.94e+08   11.50%
 400603 174084    infeasible             62.3813       55.2117 1.95e+08   11.49%
 401076 173672        cutoff             62.3813       55.2136 1.94e+08   11.49%
 401575 174228       57.3359    58       62.3813       55.2156 1.95e+08   11.49%
 402137 174612       58.4725   134       62.3813       55.2173 1.95e+08   11.48%
 402871 174820        cutoff             62.3813       55.2195 1.95e+08   11.48%
 403567 174992        cutoff             62.3813       55.2210 1.96e+08   11.48%
 404294 174708       57.2658    60       62.3813       55.2241 1.95e+08   11.47%
 405042 175175        cutoff             62.3813       55.2255 1.96e+08   11.47%
 405636 175937       55.5059    97       62.3813       55.2268 1.96e+08   11.47%
Elapsed time = 3126.33 sec. (3124630.93 ticks, tree = 542.59 MB, solutions = 16)
 406244 176588       56.8501    33       62.3813       55.2292 1.97e+08   11.47%
 406800 176727        cutoff             62.3813       55.2302 1.97e+08   11.46%
 407395 176813        cutoff             62.3813       55.2320 1.97e+08   11.46%
 407894 176067       55.7661   151       62.3813       55.2331 1.97e+08   11.46%
 408340 176630       60.0950    79       62.3813       55.2343 1.97e+08   11.46%
 408786 177711       55.8257    61       62.3813       55.2359 1.98e+08   11.45%
 409190 177897       59.6616    81       62.3813       55.2369 1.98e+08   11.45%
 409623 177979       56.8380   125       62.3813       55.2385 1.98e+08   11.45%
 410060 178170       56.6363   123       62.3813       55.2385 1.99e+08   11.45%
 410659 178348       55.3456   157       62.3813       55.2394 1.99e+08   11.45%
Elapsed time = 3164.06 sec. (3162877.49 ticks, tree = 548.30 MB, solutions = 16)
 411053 178477        cutoff             62.3813       55.2402 1.99e+08   11.45%
 411549 178632       56.4839     8       62.3813       55.2424 1.99e+08   11.44%
 411949 178430       61.5707   113       62.3813       55.2436 1.99e+08   11.44%
 412443 178556       56.6050    69       62.3813       55.2447 1.99e+08   11.44%
 412814 178724        cutoff             62.3813       55.2466 1.99e+08   11.44%
 413269 179421       58.6319    68       62.3813       55.2466 2.00e+08   11.44%
 413741 179164       58.2106    57       62.3813       55.2479 2.00e+08   11.44%
 414179 179758       58.3593   105       62.3813       55.2490 2.00e+08   11.43%
 414605 179893       56.0828    62       62.3813       55.2507 2.01e+08   11.43%
 415121 180082       57.1168   130       62.3813       55.2544 2.01e+08   11.42%
Elapsed time = 3202.89 sec. (3201178.48 ticks, tree = 552.75 MB, solutions = 16)
 415733 180107        cutoff             62.3813       55.2554 2.01e+08   11.42%
 416573 180204       58.1311    78       62.3813       55.2558 2.01e+08   11.42%
 417286 180302       59.2898    78       62.3813       55.2593 2.01e+08   11.42%
 418138 180618       60.3872    10       62.3813       55.2598 2.02e+08   11.42%
 419111 181325       56.0316   122       62.3813       55.2624 2.02e+08   11.41%
 419957 181742       56.6992    53       62.3813       55.2635 2.02e+08   11.41%
 420690 181848       58.8628   106       62.3813       55.2650 2.02e+08   11.41%
 421219 180829       61.7361    10       62.3813       55.2664 2.02e+08   11.41%
 421729 181378        cutoff             62.3813       55.2671 2.02e+08   11.40%
Starting limited solution polishing.
 422207 183123       55.3262   124       62.3813       55.2699 2.03e+08   11.40%
Elapsed time = 3244.87 sec. (3239371.54 ticks, tree = 560.34 MB, solutions = 16)
 422667 183132       59.4296   135       62.3813       55.2720 2.03e+08   11.40%
 423114 183205       58.8329    97       62.3813       55.2731 2.04e+08   11.39%
 423583 183181        cutoff             62.3813       55.2740 2.04e+08   11.39%
 424082 183848       57.1398   102       62.3813       55.2751 2.04e+08   11.39%
 424590 183723       57.2415   165       62.3813       55.2761 2.04e+08   11.39%
 425035 183734       57.3568    75       62.3813       55.2780 2.04e+08   11.39%
 425528 184100        cutoff             62.3813       55.2796 2.05e+08   11.38%
 425929 184155        cutoff             62.3813       55.2813 2.05e+08   11.38%
 426390 184823       56.1803    33       62.3813       55.2835 2.05e+08   11.38%
 426853 184560       56.9078    71       62.3813       55.2848 2.05e+08   11.38%
Elapsed time = 3282.66 sec. (3277540.58 ticks, tree = 563.69 MB, solutions = 16)
 427310 184412       55.8868    48       62.3813       55.2868 2.05e+08   11.37%
 427750 185258       57.4338    95       62.3813       55.2883 2.06e+08   11.37%
 428149 185353       56.8875   113       62.3813       55.2907 2.06e+08   11.37%
 428672 185362       56.9917   114       62.3813       55.2939 2.06e+08   11.36%
 429153 185568       59.8412    63       62.3813       55.2941 2.06e+08   11.36%
 429673 185331       59.9544   122       62.3813       55.2947 2.06e+08   11.36%
 430094 185860       56.0546   125       62.3813       55.2958 2.07e+08   11.36%
 430577 185652        cutoff             62.3813       55.2978 2.06e+08   11.36%
 431054 186268       56.8503    60       62.3813       55.2991 2.07e+08   11.35%
 431482 186109       57.2515    18       62.3813       55.3002 2.07e+08   11.35%
Elapsed time = 3320.00 sec. (3315791.75 ticks, tree = 567.71 MB, solutions = 16)
 431952 186322       55.3243    95       62.3813       55.3022 2.07e+08   11.35%
 432391 186205       57.0561    68       62.3813       55.3024 2.07e+08   11.35%
 432930 187087    infeasible             62.3813       55.3044 2.08e+08   11.34%
 433551 187095       60.3673   184       62.3813       55.3051 2.08e+08   11.34%
 434046 187283        cutoff             62.3813       55.3067 2.08e+08   11.34%
 434828 187151        cutoff             62.3813       55.3075 2.08e+08   11.34%
 435523 187246       57.1012    78       62.3813       55.3087 2.08e+08   11.34%
 436340 187724       56.0819    70       62.3813       55.3110 2.09e+08   11.33%
 437183 187647       57.7210    79       62.3813       55.3120 2.08e+08   11.33%
 438009 187935       59.3610    83       62.3813       55.3132 2.09e+08   11.33%
Elapsed time = 3362.88 sec. (3353967.80 ticks, tree = 572.45 MB, solutions = 16)
 438665 188054       57.5884   103       62.3813       55.3143 2.09e+08   11.33%
 439288 189357       57.2350   126       62.3813       55.3151 2.10e+08   11.33%
 439943 188680       55.6353   116       62.3813       55.3167 2.09e+08   11.32%
 440402 189599       59.4470    89       62.3813       55.3180 2.10e+08   11.32%
 440898 190628       58.8019    62       62.3813       55.3195 2.11e+08   11.32%
 441350 190885       55.3681   109       62.3813       55.3211 2.11e+08   11.32%
 441826 190774       55.4478    69       62.3813       55.3223 2.11e+08   11.32%
 442285 191270       55.3997   117       62.3813       55.3223 2.12e+08   11.32%
 442785 191355       56.3650    48       62.3813       55.3232 2.12e+08   11.31%
 443232 191655       59.9617    80       62.3813       55.3246 2.12e+08   11.31%
Elapsed time = 3401.19 sec. (3392161.57 ticks, tree = 583.59 MB, solutions = 16)
 443641 191304       59.5670    67       62.3813       55.3264 2.12e+08   11.31%
 444060 191929        cutoff             62.3813       55.3277 2.12e+08   11.31%
 444478 192183       56.1423   101       62.3813       55.3295 2.12e+08   11.30%
 444879 192440       62.1207    85       62.3813       55.3312 2.13e+08   11.30%
 445235 192112       56.7995    55       62.3813       55.3315 2.12e+08   11.30%
 445672 192038       58.4262   108       62.3813       55.3315 2.12e+08   11.30%
 446180 192527       56.2954   106       62.3813       55.3339 2.13e+08   11.30%
 446709 192698       55.9007    58       62.3813       55.3355 2.13e+08   11.29%
 447224 192538       58.6250    20       62.3813       55.3368 2.13e+08   11.29%
 447834 193075       55.5088   141       62.3813       55.3380 2.14e+08   11.29%
Elapsed time = 3439.93 sec. (3430397.74 ticks, tree = 587.13 MB, solutions = 16)
 448387 193457       60.5577    44       62.3813       55.3400 2.14e+08   11.29%
 448970 193580        cutoff             62.3813       55.3434 2.14e+08   11.28%
 449828 193801        cutoff             62.3813       55.3442 2.14e+08   11.28%
 450577 193829       56.4912    98       62.3813       55.3459 2.14e+08   11.28%
 451459 194308       55.3665   122       62.3813       55.3469 2.15e+08   11.28%
 452117 194352       57.8628    83       62.3813       55.3480 2.15e+08   11.27%
 452635 194373       59.7534   177       62.3813       55.3495 2.15e+08   11.27%
 453330 194951       56.6385    63       62.3813       55.3512 2.15e+08   11.27%
 453836 194502       60.3487    87       62.3813       55.3525 2.15e+08   11.27%
 454373 195439       56.1898   111       62.3813       55.3531 2.16e+08   11.27%
Elapsed time = 3482.06 sec. (3468621.21 ticks, tree = 592.80 MB, solutions = 16)
 454835 196256       61.9784   122       62.3813       55.3545 2.16e+08   11.26%
 455241 195881        cutoff             62.3813       55.3564 2.16e+08   11.26%
 455846 196042       56.1832   234       62.3813       55.3572 2.16e+08   11.26%
 456273 196539       57.7663   110       62.3813       55.3588 2.17e+08   11.26%
 456637 197001       57.9586   115       62.3813       55.3598 2.17e+08   11.26%
 457020 197103       57.1528    98       62.3813       55.3607 2.17e+08   11.25%
 457396 197347       55.9148   153       62.3813       55.3623 2.17e+08   11.25%
 457800 197749       57.3168    91       62.3813       55.3623 2.18e+08   11.25%
 458133 197302       60.0547    89       62.3813       55.3623 2.17e+08   11.25%
 458567 197862       57.9161    95       62.3813       55.3632 2.18e+08   11.25%
Elapsed time = 3520.22 sec. (3506893.03 ticks, tree = 599.01 MB, solutions = 16)
 459002 197684       58.0704    10       62.3813       55.3635 2.18e+08   11.25%
 459539 198336        cutoff             62.3813       55.3656 2.19e+08   11.25%
 459961 198485       56.7122   123       62.3813       55.3659 2.19e+08   11.25%
 460362 198590        cutoff             62.3813       55.3672 2.19e+08   11.24%
 460803 198837       56.9409    40       62.3813       55.3686 2.19e+08   11.24%
 461221 198771       61.8761    85       62.3813       55.3696 2.19e+08   11.24%
 461805 199013        cutoff             62.3813       55.3722 2.19e+08   11.24%
 462312 199111       60.8284   116       62.3813       55.3739 2.19e+08   11.23%
 462876 199381       55.4817   104       62.3813       55.3745 2.20e+08   11.23%
 463572 199493       58.0892   121       62.3813       55.3768 2.20e+08   11.23%
Elapsed time = 3561.29 sec. (3545160.54 ticks, tree = 603.29 MB, solutions = 16)
 464325 199429       56.1348   169       62.3813       55.3779 2.20e+08   11.23%
 464894 200402       59.3872    15       62.3813       55.3804 2.21e+08   11.22%
 465405 199903       56.1985    67       62.3813       55.3814 2.20e+08   11.22%
 465833 199884       59.0073    63       62.3813       55.3818 2.20e+08   11.22%
 466222 199925       60.7488    82       62.3813       55.3829 2.20e+08   11.22%
 466579 201225       58.6792   126       62.3813       55.3837 2.21e+08   11.22%
 466964 201578       57.4787    97       62.3813       55.3858 2.22e+08   11.21%
 467346 201516       60.2821    85       62.3813       55.3864 2.22e+08   11.21%
 467731 201624       58.5273    82       62.3813       55.3864 2.22e+08   11.21%
 467997 201821       57.3704    96       62.3813       55.3864 2.22e+08   11.21%
Elapsed time = 3600.03 sec. (3583397.07 ticks, tree = 608.79 MB, solutions = 16)
 468241 201824        cutoff             62.3813       55.3864 2.22e+08   11.21%
 468349 201762       56.3173   133       62.3813       55.3864 2.22e+08   11.21%

GUB cover cuts applied:  103
Clique cuts applied:  54
Cover cuts applied:  1637
Implied bound cuts applied:  123
Flow cuts applied:  22
Mixed integer rounding cuts applied:  211
Zero-half cuts applied:  112
Lift and project cuts applied:  1
Gomory fractional cuts applied:  11

Root node processing (before b&c):
  Real time             =    4.34 sec. (8989.02 ticks)
Parallel b&c, 16 threads:
  Real time             = 3595.84 sec. (3584277.04 ticks)
  Sync time (average)   = 1512.69 sec.
  Wait time (average)   =    0.04 sec.
                          ------------
Total (root+branch&cut) = 3600.18 sec. (3593266.05 ticks)
Feasible solution found!
Truck nodes:
Truck at node 0 at stage 1
Truck at node 9 at stage 2
Truck at node 4 at stage 3
Truck at node 6 at stage 4
Truck at node 5 at stage 5
Truck at node 7 at stage 6
Truck at node 1 at stage 7
Truck at node 10 at stage 8
Truck at node 11 at stage 9

Truck arcs:
Arc 1 connecting 0 and 9 with cost 7.71706 
Arc 2 connecting 9 and 4 with cost 9.26756 
Arc 3 connecting 4 and 6 with cost 5.57365 
Arc 4 connecting 6 and 5 with cost 0.955922 
Arc 5 connecting 5 and 7 with cost 0.777831 
Arc 6 connecting 7 and 1 with cost 7.04774 
Arc 7 connecting 1 and 10 with cost 12.0132 
Arc 8 connecting 10 and 11 with cost 12.8383 
Truck route length: 56.1913
Customer 2 was served by drone!
Customer 3 was served by drone!
Customer 8 was served by drone!
served customer 2 with st stage 1
start from stage 1 at node 0
end at node 4
end at stage 3
served customer 8 with st stage 1
start from stage 1 at node 0
end at node 4
end at stage 3
served customer 3 with st stage 3
start from stage 3 at node 4
end at node 1
end at stage 7
Printing wait:
wait[3][7]== 3.18998
Printing z(k, k') and drone travel time: 
---------------------------------------------------------------
Sortie starts at stage 1 and ends at stage 3
Start node: 0
End node: 4
Customer served in this sortie:2 8 
Drone arcs during this sortie:
0-->2, l = 9.84364
2-->8, l = 4.808
8-->4, l = 1.37804
Truck arcs during this sortie:
0---9, l = 7.71706
9---4, l = 9.26756
Drone travel time during sortie: 16.0297
Truck travel time during sortie: 16.9846
Wait time for this sortie: 0
---------------------------------------------------------------
---------------------------------------------------------------
Sortie starts at stage 3 and ends at stage 7
Start node: 4
End node: 1
Customer served in this sortie:3 
Drone arcs during this sortie:
3-->1, l = 3.93636
4-->3, l = 13.6088
Truck arcs during this sortie:
4---6, l = 5.57365
6---5, l = 0.955922
5---7, l = 0.777831
7---1, l = 7.04774
Drone travel time during sortie: 17.5451
Truck travel time during sortie: 14.3551
Wait time for this sortie: 3.18998
---------------------------------------------------------------
Printing zl:
zl[1][0] = 1
zl[3][4] = 1
Printing zr:
zr[1][4] = 1
zr[3][1] = 1
Printing zs:
zs[1][2] = 1
zs[1][8] = 1
zs[3][3] = 1
Printing x_d:
x_d[0][2] = 1
x_d[2][8] = 1
x_d[3][1] = 1
x_d[4][3] = 1
x_d[8][4] = 1
Done!
Solve time: 3600.18
OBJECTIVE VALUE: 62.3813.
In write mode
