Instance name: /home/orlab/CLionProjects/RV-FSTSP/Murray_instances/FSTSP/FSTSP_10_customer_problems/20140810T123443v8
Write arg val: 1
Input is specified as type M: Murray instance.-.-.-.-.-.-.-.-.-.-.-.-.-.-.-.-.-.-.-.-

drone speed: 0.4 miles/minute
uav non-eligible customer: 4 8 
Printing tau:
0 20.1617 17.555 24.7489 26.848 22.0899 22.0816 22.3793 17.0796 19.5667 16.3153 0 
20.1617 0 8.59672 16.5872 14.8463 1.92825 1.9199 7.49765 3.32128 11.405 7.04299 20.1617 
17.555 8.59672 0 25.184 23.443 8.42508 9.39342 16.0944 11.7546 20.0018 15.6397 17.555 
24.7489 16.5872 25.184 0 20.0769 16.7589 15.7905 15.6083 13.4294 5.1822 10.0243 24.7489 
26.848 14.8463 23.443 20.0769 0 15.0179 14.0496 7.34864 11.6884 17.2947 10.5327 26.848 
22.0899 1.92825 8.42508 16.7589 15.0179 0 0.968346 7.66929 5.01036 12.5367 7.21463 22.0899 
22.0816 1.9199 9.39342 15.7905 14.0496 0.968346 0 6.70095 5.00201 12.5283 6.24629 22.0816 
22.3793 7.49765 16.0944 15.6083 7.34864 7.66929 6.70095 0 5.29976 12.8261 6.06403 22.3793 
17.0796 3.32128 11.7546 13.4294 11.6884 5.01036 5.00201 5.29976 0 8.24716 3.8851 17.0796 
19.5667 11.405 20.0018 5.1822 17.2947 12.5367 12.5283 12.8261 8.24716 0 6.76206 19.5667 
16.3153 7.04299 15.6397 10.0243 10.5327 7.21463 6.24629 6.06403 3.8851 6.76206 0 16.3153 
0 0 0 0 0 0 0 0 0 0 0 0 
Printing tau_prime:
0 15.3803 12.4171 18.1433 25.0018 16.6103 16.8501 19.3139 14.4887 15.3968 15.7698 0 
15.3803 0 6.3521 15.0739 11.5134 1.36887 1.46982 5.52869 3.12023 11.0139 5.67443 15.3803 
12.4171 6.3521 0 19.3717 17.8316 6.76563 7.37314 11.8807 8.31856 15.2332 11.0936 12.4171 
18.1433 15.0739 19.3717 0 14.2498 16.055 15.5524 12.7718 11.9711 4.15908 9.54426 18.1433 
25.0018 11.5134 17.8316 14.2498 0 11.1395 10.4907 6.08158 10.7713 12.469 9.269 25.0018 
16.6103 1.36887 6.76563 16.055 11.1395 0 0.684749 5.42687 4.25379 12.0662 6.53442 16.6103 
16.8501 1.46982 7.37314 15.5524 10.4907 0.684749 0 4.74296 3.91122 11.6081 6.01108 16.8501 
19.3139 5.52869 11.8807 12.7718 6.08158 5.42687 4.74296 0 4.8436 9.48094 4.29995 19.3139 
14.4887 3.12023 8.31856 11.9711 10.7713 4.25379 3.91122 4.8436 0 7.89497 2.79983 14.4887 
15.3968 11.0139 15.2332 4.15908 12.469 12.0662 11.6081 9.48094 7.89497 0 5.69004 15.3968 
15.7698 5.67443 11.0936 9.54426 9.269 6.53442 6.01108 4.29995 2.79983 5.69004 0 15.7698 
0 0 0 0 0 0 0 0 0 0 0 0 
---------------------------------------------------------------
Current config:
- Number of threads = 16
- Drone endurance = 20
- SL = 1
- SR = 1
- L = 2
- Allow loop = 0
- Use TSP optimal solution as warmstart: = 0
- Use cutting plane method: = 0
- Use CPLEX conflict refiner: = 0
---------------------------------------------------------------
M value: 691.671
Warning:  Output names have been modified due to duplicate names or characters invalid in LP format.
Version identifier: 22.1.1.0 | 2022-11-28 | 9160aff4d
CPXPARAM_Threads                                 16
CPXPARAM_TimeLimit                               3600
Tried aggregator 2 times.
MIP Presolve eliminated 1088 rows and 500 columns.
MIP Presolve modified 2677 coefficients.
Aggregator did 30 substitutions.
Reduced MIP has 3914 rows, 2914 columns, and 83059 nonzeros.
Reduced MIP has 2738 binaries, 0 generals, 0 SOSs, and 0 indicators.
Presolve time = 0.06 sec. (107.03 ticks)
Probing fixed 62 vars, tightened 0 bounds.
Probing time = 0.04 sec. (124.72 ticks)
Cover probing fixed 6 vars, tightened 0 bounds.
Tried aggregator 2 times.
Detecting symmetries...
MIP Presolve eliminated 166 rows and 83 columns.
MIP Presolve modified 70 coefficients.
Aggregator did 2 substitutions.
Reduced MIP has 3746 rows, 2829 columns, and 71808 nonzeros.
Reduced MIP has 2659 binaries, 0 generals, 0 SOSs, and 0 indicators.
Presolve time = 0.04 sec. (70.00 ticks)
Probing time = 0.00 sec. (7.61 ticks)
Clique table members: 30981.
MIP emphasis: balance optimality and feasibility.
MIP search method: dynamic search.
Parallel mode: deterministic, using up to 16 threads.
Root relaxation solution time = 0.13 sec. (276.55 ticks)

        Nodes                                         Cuts/
   Node  Left     Objective  IInf  Best Integer    Best Bound    ItCnt     Gap

      0     0       58.1401   199                     58.1401     3454         
*     0+    0                        57718.1881       58.1401            99.90%
      0     0       60.1773   192    57718.1881     Cuts: 124     5401   99.90%
      0     0       61.2184   184    57718.1881     Cuts: 194     7851   99.89%
      0     0       61.5497   190    57718.1881     Cuts: 115    10848   99.89%
*     0+    0                          128.3828       61.5497            52.06%
*     0+    0                          125.5028       61.5497            50.96%
      0     0       61.5760   123      125.5028     Cuts: 130    13199   50.94%
*     0+    0                          119.4093       61.5760            48.43%
      0     0       61.6083   140      119.4093     Cuts: 109    17158   48.41%
Detecting symmetries...
      0     0       61.6378   137      119.4093      Cuts: 82    17665   48.38%
*     0+    0                          108.9439       61.6378            43.42%
      0     0  -1.00000e+75     0      108.9439       61.6378    17665   43.42%
      0     0       61.7342   140      108.9439      Cuts: 99    20541   43.33%
      0     0       61.7544   158      108.9439     Cuts: 105    22221   43.32%
      0     0       61.7609   174      108.9439     Cuts: 122    23496   43.31%
*     0+    0                          107.0874       61.7609            42.33%
      0     0       61.7629   167      107.0874      Cuts: 99    24427   42.32%
      0     0       61.7654   147      107.0874      Cuts: 27    25784   42.32%
      0     0       61.7672   158      107.0874      Cuts: 99    27407   42.32%
*     0+    0                          104.8312       61.7672            41.08%
Detecting symmetries...
      0     2       61.7672   148      104.8312       61.7672    27407   41.08%
Elapsed time = 3.98 sec. (8377.94 ticks, tree = 0.02 MB, solutions = 7)
*     8+    2                          101.1538       61.7672            38.94%
      8     4       61.9447   142      101.1538       61.7672    28594   38.94%
     40    10    infeasible            101.1538       61.7672    35825   38.94%
    163    20       62.8792   153      101.1538       61.7672    49464   38.94%
    218     3       61.8155   180      101.1538       61.7672    33479   38.94%
    221     4       61.8363   214      101.1538       61.8155    75270   38.89%
    227    10       61.8433   238      101.1538       61.8155    78292   38.89%
    252     9       65.3306   113      101.1538       61.8155    79309   38.89%
    317    67       81.8108    44      101.1538       61.8155   105718   38.89%
    382    99       72.0317    87      101.1538       61.8424   118162   38.86%
    557   257       73.9556    96      101.1538       61.8424   207527   38.86%
Elapsed time = 6.83 sec. (12033.10 ticks, tree = 0.44 MB, solutions = 9)
    698   361       70.9056   133      101.1538       61.8424   280792   38.86%
*   699+  313                           95.0113       61.8424            34.91%
    777   387       88.6891    91       95.0113       61.8424   311622   34.91%
   1189   648    infeasible             95.0113       61.8492   394318   34.90%
   1428   810    infeasible             95.0113       61.8818   461979   34.87%
   1891  1240        cutoff             95.0113       61.8872   567825   34.86%
   2250  1310       86.5356    94       95.0113       61.9325   601232   34.82%
   2500  1679       65.0026   151       95.0113       61.9425   708765   34.81%
   2557  1747       88.5883   113       95.0113       61.9458   744397   34.80%
*  2647+ 1798                           92.1127       61.9458            32.75%
   2706  1772       65.8022   150       92.1127       61.9458   810984   32.75%
   3090  1891        cutoff             92.1127       62.0819   872048   32.60%
Elapsed time = 16.60 sec. (21681.73 ticks, tree = 25.91 MB, solutions = 11)
*  3277  2160      integral     0       91.9121       62.1614   936389   32.37%
*  3493+ 2018                           87.1841       62.1614            28.70%
   3674  2204       90.1968    77       87.1841       62.3221   954841   28.52%
   4102  2265       72.8734    62       87.1841       62.4576  1079901   28.36%
   4531  2376       63.5021   115       87.1841       62.6545  1117276   28.14%

Performing restart 1

Repeating presolve.
Tried aggregator 1 time.
MIP Presolve eliminated 12 rows and 24 columns.
MIP Presolve modified 2238 coefficients.
Reduced MIP has 3734 rows, 2805 columns, and 70095 nonzeros.
Reduced MIP has 2635 binaries, 0 generals, 0 SOSs, and 0 indicators.
Presolve time = 0.04 sec. (60.32 ticks)
Tried aggregator 1 time.
MIP Presolve eliminated 0 rows and 1 columns.
Reduced MIP has 3734 rows, 2804 columns, and 70079 nonzeros.
Reduced MIP has 2634 binaries, 0 generals, 0 SOSs, and 0 indicators.
Presolve time = 0.02 sec. (37.80 ticks)
Represolve time = 0.14 sec. (261.08 ticks)
   4585     0       61.8534   157       87.1841      Cuts: 22  1228229   27.66%
   4585     0       61.8617   146       87.1841     Cuts: 100  1229731   27.66%
*  4585+    0                           86.8779       63.0729            27.40%
   4585     0       62.3695   136       86.8779     Cuts: 108  1235671   27.40%
   4585     0       62.4084   165       86.8779     Cuts: 135  1238671   27.40%
   4585     0       62.4419   139       86.8779     Cuts: 123  1240707   27.40%
   4585     0       62.5002   232       86.8779     Cuts: 122  1244741   27.40%
   4585     0       62.5153   293       86.8779      Cuts: 37  1246723   27.40%
   4585     0       62.5238   204       86.8779      Cuts: 35  1247279   27.40%
   4585     0       62.5249   234       86.8779     Cuts: 135  1249543   27.40%
*  4585+    0                           84.0971       63.0729            25.00%
   4585     2       62.5249   178       84.0971       63.0729  1249543   25.00%
   4586     3       62.5655   126       84.0971       63.0729  1250390   25.00%
   4588     4       62.5694   141       84.0971       63.0729  1251894   25.00%
   4595     4       62.5760   105       84.0971       63.0729  1257669   25.00%
   4602     8       62.5760    89       84.0971       63.0729  1258920   25.00%
   4612    18       62.5760   127       84.0971       63.0729  1262921   25.00%
Elapsed time = 30.31 sec. (46819.08 ticks, tree = 0.05 MB, solutions = 15)
   4632    25       62.5760   116       84.0971       63.0729  1267558   25.00%
   4672    30       69.2846   131       84.0971       63.0729  1271597   25.00%
   4712    42       68.3550   130       84.0971       63.0729  1281496   25.00%
   4742   112       75.0358    92       84.0971       63.0729  1312375   25.00%
   4759   118       81.9903   117       84.0971       63.0729  1323110   25.00%
   4792    77       72.6227   252       84.0971       63.0729  1308690   25.00%
   4840   142       73.6216    85       84.0971       63.0729  1365019   25.00%
   4923   190       71.1066    85       84.0971       63.0729  1420715   25.00%
   5091   227       77.4556   119       84.0971       63.0729  1440990   25.00%
   5307   344       68.4415   162       84.0971       63.0729  1499066   25.00%
Elapsed time = 39.10 sec. (56673.08 ticks, tree = 4.83 MB, solutions = 15)
   5605   371       73.5031   155       84.0971       63.0729  1502883   25.00%
   5869   620       62.7205   215       84.0971       63.0729  1589396   25.00%
   6009   756       74.5189   118       84.0971       63.0729  1631478   25.00%
   6086   945       75.8405    95       84.0971       63.0729  1676463   25.00%
   6135   951       79.6695    92       84.0971       63.0729  1677446   25.00%
   6199   998       76.2116   194       84.0971       63.0729  1710421   25.00%
   6441  1151       76.7925   107       84.0971       63.0729  1760246   25.00%
   6743  1191       63.0302   210       84.0971       63.0729  1760174   25.00%
   7287  1200       73.0590    75       84.0971       63.0729  1775291   25.00%
   8001  1961       70.4639   136       84.0971       63.0729  1878366   25.00%
Elapsed time = 47.67 sec. (66236.37 ticks, tree = 41.96 MB, solutions = 15)
   8673  2455       68.9166   178       84.0971       63.0729  1925902   25.00%
   9095  3519       73.7173   120       84.0971       63.0729  2014176   25.00%
   9562  3668       76.6794    95       84.0971       63.0729  2039797   25.00%
   9834  3805       75.5980   130       84.0971       63.0729  2080628   25.00%
   9896  4361       71.2087    71       84.0971       63.0729  2172366   25.00%
   9989  4418       69.0775   187       84.0971       63.0729  2191844   25.00%
  10177  4544       76.4935   148       84.0971       63.0729  2245264   25.00%
  10584  4564       72.7348    68       84.0971       63.0729  2251308   25.00%
  11144  4920       69.5636    76       84.0971       63.0729  2296619   25.00%
  11528  5070       72.2476   183       84.0971       63.0729  2336925   25.00%
Elapsed time = 56.75 sec. (75864.06 ticks, tree = 117.75 MB, solutions = 15)
  11940  5936       72.7421    93       84.0971       63.0729  2467806   25.00%
  12275  6010       66.8277   133       84.0971       63.0729  2505141   25.00%
  12360  6256       67.6162   213       84.0971       63.0729  2553423   25.00%
  12414  6538       66.3499   192       84.0971       63.0729  2662757   25.00%
  12493  6542       73.2377   179       84.0971       63.0729  2674777   25.00%
  12631  6673       79.5582   138       84.0971       63.0729  2737034   25.00%
  12929  6665       66.4189   121       84.0971       63.0729  2740621   25.00%
  13463  6759       65.6480   182       84.0971       63.0729  2778206   25.00%
  13897  7263       64.3704   185       84.0971       63.0729  2857360   25.00%
  14183  7532        cutoff             84.0971       63.0729  2938408   25.00%
Elapsed time = 65.36 sec. (85464.46 ticks, tree = 195.55 MB, solutions = 15)
  14265  8080       75.2655   140       84.0971       63.0729  3030860   25.00%
  14331  8085       70.2146    72       84.0971       63.0729  3042062   25.00%
  14425  8184       79.4988   136       84.0971       63.0729  3095906   25.00%
  14781  8230       71.9227   126       84.0971       63.0729  3101857   25.00%
  15572  8407       73.1759    98       84.0971       63.0729  3114944   25.00%
  16115  8931       69.4581   155       84.0971       63.0729  3206956   25.00%
  16616  9675       74.9526   151       84.0971       63.0729  3294906   25.00%
  17318  9891       77.0606   210       84.0971       63.0729  3306185   25.00%
  17803 10941       73.2656   175       84.0971       63.0729  3462351   25.00%
  18284 11031       77.9985   165       84.0971       63.0729  3466823   25.00%
Elapsed time = 74.13 sec. (95061.79 ticks, tree = 307.53 MB, solutions = 15)
  18512 11357       73.3255    69       84.0971       63.0729  3543424   25.00%
  18649 11643       74.8799   172       84.0971       63.0729  3597582   25.00%
  18787 12074       73.4241    95       84.0971       63.0729  3690956   25.00%
  19317 12148       76.0831   125       84.0971       63.0729  3714343   25.00%
  20027 12141    infeasible             84.0971       63.0729  3712459   25.00%
  20645 13111       75.1408    73       84.0971       63.0729  3819772   25.00%
  21231 12970       71.8180   117       84.0971       63.0729  3809581   25.00%
  21802 13900       78.7025   152       84.0971       63.0729  3944182   25.00%
  22350 14587       77.3785   135       84.0971       63.0729  4061604   25.00%
  22658 14661       66.0527   186       84.0971       63.0729  4076312   25.00%
Elapsed time = 82.96 sec. (104620.30 ticks, tree = 423.07 MB, solutions = 15)
  22757 15600       77.4270   106       84.0971       63.0729  4223655   25.00%
  22860 15656       78.3007   180       84.0971       63.0729  4276848   25.00%
  22954 15724       75.7395   163       84.0971       63.0729  4300397   25.00%
  23233 15801       75.8000   163       84.0971       63.0729  4317901   25.00%
  24014 15847        cutoff             84.0971       63.0729  4329955   25.00%
  24562 16484       73.2227   114       84.0971       63.0729  4438072   25.00%
  25011 16861       73.5262   158       84.0971       63.0729  4491566   25.00%
  25388 16879       80.3215   142       84.0971       63.0735  4497396   25.00%
  25646 17790       73.2935    82       84.0971       63.0769  4666146   25.00%
  25997 18194       74.3993   153       84.0971       63.1259  4827115   24.94%
Elapsed time = 93.81 sec. (117113.15 ticks, tree = 536.31 MB, solutions = 15)
  27291 18605       70.4573   150       84.0971       63.1481  4948794   24.91%
  28136 19634       71.4225    90       84.0971       63.2680  5174178   24.77%
  28944 20079       71.8369   177       84.0971       63.3010  5350756   24.73%
  30646 20839       75.4362   125       84.0971       63.4150  5530063   24.59%
  31116 22040       74.0449   129       84.0971       63.4806  5826225   24.52%
  31480 22306       79.4577   123       84.0971       63.5318  5962874   24.45%
  33364 22808       76.3309   139       84.0971       63.6138  6116977   24.36%
  34740 24329       71.0132   166       84.0971       63.7088  6493723   24.24%
  35123 25019       72.1157   142       84.0971       63.7448  6701320   24.20%
  35599 25381       73.4429   163       84.0971       63.8106  6856776   24.12%
Elapsed time = 127.44 sec. (155305.34 ticks, tree = 676.71 MB, solutions = 15)
  37359 25953       70.8540   127       84.0971       63.9105  7039042   24.00%
  38421 27594       74.1908   119       84.0971       64.0000  7359723   23.90%
  38805 27769       75.6015   141       84.0971       64.0340  7469904   23.86%
  40311 28062       69.7609   219       84.0971       64.0586  7602964   23.83%
  41690 29961       75.8162   175       84.0971       64.1876  7983565   23.67%
  42085 30216       74.0405    92       84.0971       64.3258  8073918   23.51%
  42461 30539       70.6245   223       84.0971       64.3316  8288245   23.50%
  43034 30560       68.4312   166       84.0971       64.3421  8353182   23.49%
  44835 30984       74.4048   151       84.0971       64.4378  8517816   23.38%
  45621 32062       73.3993   104       84.0971       64.5336  8757664   23.26%
Elapsed time = 161.80 sec. (193493.04 ticks, tree = 858.62 MB, solutions = 15)
  45907 33045        cutoff             84.0971       64.6408  9124593   23.14%
  46124 33057       71.7290   150       84.0971       64.6490  9137584   23.13%

Performing restart 2

Repeating presolve.
Tried aggregator 2 times.
MIP Presolve eliminated 117 rows and 119 columns.
MIP Presolve modified 7741 coefficients.
Aggregator did 3 substitutions.
Reduced MIP has 3614 rows, 2682 columns, and 75158 nonzeros.
Reduced MIP has 2512 binaries, 0 generals, 0 SOSs, and 0 indicators.
Presolve time = 0.10 sec. (207.18 ticks)
Tried aggregator 1 time.
MIP Presolve eliminated 39 rows and 43 columns.
MIP Presolve modified 12 coefficients.
Reduced MIP has 3575 rows, 2639 columns, and 74701 nonzeros.
Reduced MIP has 2469 binaries, 0 generals, 0 SOSs, and 0 indicators.
Presolve time = 0.02 sec. (46.56 ticks)
Tried aggregator 1 time.
MIP Presolve eliminated 5 rows and 6 columns.
MIP Presolve modified 28 coefficients.
Reduced MIP has 3570 rows, 2633 columns, and 74642 nonzeros.
Reduced MIP has 2463 binaries, 0 generals, 0 SOSs, and 0 indicators.
Presolve time = 0.03 sec. (47.94 ticks)
Represolve time = 0.39 sec. (720.30 ticks)
  46142     0       62.5547   276       84.0971      Cuts: 38  9267568   23.11%
  46142     0       62.5739   170       84.0971      Cuts: 11  9272028   23.11%
  46142     0       62.5760   151       84.0971     Cuts: 102  9274418   23.11%
  46142     0       62.5760   148       84.0971     Cuts: 111  9276312   23.11%
  46142     0       62.5760   146       84.0971      Cuts: 24  9279118   23.11%
  46142     0       62.5760   146       84.0971      Cuts: 42  9281649   23.11%
  46142     0       62.5760   126       84.0971      Cuts: 21  9283156   23.11%
  46142     0       62.5760   157       84.0971     Cuts: 143  9286227   23.11%
  46142     0       62.5760   144       84.0971      Cuts: 17  9286709   23.11%
  46142     0       62.5760   149       84.0971     Cuts: 145  9288575   23.11%
  46142     2       62.5760   115       84.0971       64.6612  9288575   23.11%
  46143     3       62.5760   121       84.0971       64.6612  9288655   23.11%
  46148     4       62.5760   129       84.0971       64.6612  9291942   23.11%
  46168    11       76.9930   114       84.0971       64.6612  9318730   23.11%
  46246    42       62.5760   100       84.0971       64.6612  9397346   23.11%
  46599   152       71.5504    94       84.0971       64.6612  9482872   23.11%
  47043   467       64.0440   222       84.0971       64.6612  9723257   23.11%
  47574   849       63.0187   247       84.0971       64.6612 10002016   23.11%
Elapsed time = 206.20 sec. (273945.76 ticks, tree = 4.58 MB, solutions = 15)
  48105  1362        cutoff             84.0971       64.6612 10277585   23.11%
  48631  1832       77.4934   116       84.0971       64.6612 10616534   23.11%
  49116  2026       75.7711   148       84.0971       64.6612 10763283   23.11%
  49761  2558       72.3594   116       84.0971       64.6612 11111638   23.11%
  50367  2993       66.6633   149       84.0971       64.6612 11441654   23.11%
  50699  3355       73.4566   116       84.0971       64.6612 11765638   23.11%
  51356  3789       75.7417    68       84.0971       64.6612 12142949   23.11%
  51994  4201       72.0496   150       84.0971       64.6612 12464729   23.11%
  52432  4509        cutoff             84.0971       64.6612 12733744   23.11%
  53059  4813       83.5961   173       84.0971       64.6612 12947172   23.11%
Elapsed time = 242.41 sec. (312179.05 ticks, tree = 11.63 MB, solutions = 15)
  53511  5413       67.6450   136       84.0971       64.6612 13436533   23.11%
  53958  5493       71.8354   215       84.0971       64.6612 13555369   23.11%
  54568  6071       69.6851   116       84.0971       64.6612 14042090   23.11%
  55154  6233       70.5960    91       84.0971       64.6612 14182220   23.11%
  55720  6812       77.1663   169       84.0971       64.7147 14670902   23.05%
  56335  7042       73.9967   106       84.0971       65.0284 14889350   22.67%
  56742  7453       78.3460    11       84.0971       65.0609 15264979   22.64%
  57490  7630       70.2260   131       84.0971       65.3414 15406945   22.30%
  58097  8176       71.8240   108       84.0971       65.4812 15873742   22.14%
  58385  8441       72.0770   227       84.0971       65.5164 16118549   22.09%
Elapsed time = 277.57 sec. (350414.86 ticks, tree = 17.52 MB, solutions = 15)
  59096  8675       69.3129   118       84.0971       65.5164 16378002   22.09%
  59746  9267       70.6512   167       84.0971       65.5164 16934666   22.09%
  60145  9484       80.6161   134       84.0971       65.5164 17214014   22.09%
  60525  9610       76.9741   150       84.0971       65.5164 17412284   22.09%
  61240  9930       75.4487   107       84.0971       65.6895 17697351   21.89%
  61849 10117       82.1778   153       84.0971       66.0182 17888228   21.50%
  62233 10417        cutoff             84.0971       66.5346 18230153   20.88%
  62531 10746       67.8454   145       84.0971       66.6665 18695428   20.73%
  63264 10921       68.4990   144       84.0971       66.7039 18840647   20.68%
  63950 11560       72.9671   140       84.0971       67.2253 19259422   20.06%
Elapsed time = 312.88 sec. (388616.52 ticks, tree = 23.30 MB, solutions = 15)
  64635 11922       69.0088   198       84.0971       67.3717 19661934   19.89%
  65198 12080       75.1015   153       84.0971       67.3717 19796457   19.89%
  65569 12705       75.2514   123       84.0971       67.5048 20477812   19.73%
  65970 12768       68.5191   196       84.0971       67.6168 20541796   19.60%
  66582 12978       70.0441   126       84.0971       67.6168 20798060   19.60%
  67139 13105       76.0529   120       84.0971       67.7218 21038779   19.47%
  67519 13541    infeasible             84.0971       67.7626 21756781   19.42%
  67832 13608       81.6747    60       84.0971       67.8851 21885459   19.28%
  68228 13667       82.4637   142       84.0971       67.9176 22034407   19.24%
  68824 13803       70.4961   105       84.0971       68.0411 22277710   19.09%
Elapsed time = 348.79 sec. (426931.29 ticks, tree = 27.08 MB, solutions = 15)
  69386 13909        cutoff             84.0971       68.0910 22578393   19.03%
  69736 14296        cutoff             84.0971       68.1624 23072108   18.95%
  70049 14420       70.6251   153       84.0971       68.2327 23381413   18.86%
  70427 14509        cutoff             84.0971       68.2585 23582493   18.83%
  70998 14617       81.7323   102       84.0971       68.3241 23729200   18.76%
  71692 14704       77.1024   163       84.0971       68.3543 23992176   18.72%
  72161 15019       81.7189   111       84.0971       68.4587 24360859   18.60%
  72504 15504       70.6406   157       84.0971       68.4587 24916444   18.60%
  72805 15631       74.6198   170       84.0971       68.5892 25217984   18.44%
  73339 15765       79.3185   104       84.0971       68.5995 25429115   18.43%
Elapsed time = 383.67 sec. (465125.53 ticks, tree = 30.80 MB, solutions = 15)
  73949 15797       70.0864   158       84.0971       68.7053 25476090   18.30%
  74631 16238       80.4119   117       84.0971       68.7769 26090768   18.22%
  75129 16541        cutoff             84.0971       68.8276 26627824   18.16%
  75459 16655       71.7063   114       84.0971       68.8860 26870392   18.09%
  75803 16693       80.7311   130       84.0971       68.9295 26980351   18.04%
  76240 16756       79.0881    86       84.0971       68.9296 27060606   18.04%
  76843 16929       79.5126    92       84.0971       69.0374 27404256   17.91%
  77445 17026       78.2255   176       84.0971       69.1490 27542396   17.77%
  77852 17475        cutoff             84.0971       69.2292 27983071   17.68%
  78195 17784       75.7519   146       84.0971       69.3228 28224212   17.57%
Elapsed time = 418.74 sec. (503355.85 ticks, tree = 59.53 MB, solutions = 15)
  78626 17970       71.2785    98       84.0971       69.3678 28425608   17.51%
  79238 17969       81.4506    84       84.0971       69.4231 28415989   17.45%
  79832 18469       80.6788   107       84.0971       69.4628 28836237   17.40%
  80499 18626       70.3140   154       84.0971       69.5189 29043471   17.33%
  81036 18778       80.4354    78       84.0971       69.5684 29236353   17.28%
  81398 18937        cutoff             84.0971       69.6101 29403428   17.23%
  81719 19335        cutoff             84.0971       69.6752 29698151   17.15%
  82268 19606       72.5052   167       84.0971       69.7394 29997923   17.07%
  82890 19612        cutoff             84.0971       69.7598 29986461   17.05%
  83457 19930       80.6318   116       84.0971       69.7993 30317283   17.00%
Elapsed time = 454.25 sec. (541589.02 ticks, tree = 107.44 MB, solutions = 15)
  84060 20062       79.8189    89       84.0971       69.8290 30432482   16.97%
  84533 20333       74.9975   136       84.0971       69.8824 30647316   16.90%
  84884 20778       77.9446   156       84.0971       69.9008 31181392   16.88%
  85207 20934       81.8529   109       84.0971       69.9830 31484178   16.78%
  85563 20911       74.3022   157       84.0971       70.0071 31422833   16.75%
  86065 21072       74.4625   132       84.0971       70.0127 31630529   16.75%
  86563 21172       71.5344   126       84.0971       70.0816 31784787   16.67%
  87072 21392        cutoff             84.0971       70.1037 32001645   16.64%
  87557 21554       76.3714   137       84.0971       70.1573 32202467   16.58%
  87938 21638       81.2184   154       84.0971       70.2010 32392127   16.52%
Elapsed time = 488.93 sec. (579785.18 ticks, tree = 139.04 MB, solutions = 15)
  88303 21950       80.8306   122       84.0971       70.2426 33063399   16.47%
  88676 21958       78.0175   121       84.0971       70.2730 33153630   16.44%
  89011 22030       79.9579    48       84.0971       70.3233 33248753   16.38%
  89375 22049       75.2572   134       84.0971       70.3761 33255587   16.32%
  89772 22148       77.2409   111       84.0971       70.4176 33493857   16.27%
  90295 22363        cutoff             84.0971       70.4264 33817361   16.26%
  90817 22388        cutoff             84.0971       70.5105 33950160   16.16%
  91457 22676       77.1269   129       84.0971       70.5597 34324400   16.10%
  91937 22672       77.3142   136       84.0971       70.5843 34256927   16.07%
  92386 22899       72.9050   156       84.0971       70.6158 34657173   16.03%
Elapsed time = 523.17 sec. (618037.98 ticks, tree = 165.97 MB, solutions = 15)
  92768 22954       75.2078   108       84.0971       70.6552 34735728   15.98%
  93106 23174       79.0385   112       84.0971       70.6655 34999178   15.97%
  93447 23409       79.8593   103       84.0971       70.6738 35441858   15.96%
  93813 23454       83.7001    35       84.0971       70.7036 35560023   15.93%
  94277 23487       80.9737   122       84.0971       70.8192 35635319   15.79%
  94826 23517       78.9487   169       84.0971       70.8509 35847271   15.75%
  95401 23603        cutoff             84.0971       70.9028 35951655   15.69%
  95873 23886       79.1302    86       84.0971       70.9279 36513631   15.66%
  96209 24034        cutoff             84.0971       70.9599 36860873   15.62%
  96586 24102       81.8557    99       84.0971       71.0055 36981286   15.57%
Elapsed time = 557.33 sec. (656279.29 ticks, tree = 207.79 MB, solutions = 15)
  96992 24239        cutoff             84.0971       71.0336 37169217   15.53%
  97374 24264       82.2746    62       84.0971       71.0700 37196338   15.49%
  97725 24276       72.5393   127       84.0971       71.1010 37286649   15.45%
  98153 24390       80.0871    85       84.0971       71.1221 37391708   15.43%
  98730 24528        cutoff             84.0971       71.1592 37822099   15.38%
  99346 24561       80.9586   169       84.0971       71.1913 37915640   15.35%
  99902 24593       77.3913   108       84.0971       71.2228 38033263   15.31%
 100388 25044        cutoff             84.0971       71.2579 38786366   15.27%
 100712 24863       72.2691    91       84.0971       71.2677 38664750   15.26%
 101008 25063       83.8566   122       84.0971       71.3005 38798939   15.22%
Elapsed time = 591.81 sec. (694526.22 ticks, tree = 228.78 MB, solutions = 15)
 101365 25195       75.7239   196       84.0971       71.3251 39000470   15.19%
 101734 25373       78.4176   131       84.0971       71.3632 39313776   15.14%
 102246 25347        cutoff             84.0971       71.3929 39284248   15.11%
 102851 25595        cutoff             84.0971       71.4168 39635919   15.08%
 103476 25566    infeasible             84.0971       71.4601 39714957   15.03%
 104033 25588       83.3976    88       84.0971       71.5093 39758260   14.97%
 104606 25978       74.4783   162       84.0971       71.5258 40328539   14.95%
 105022 25996       79.0339    41       84.0971       71.5643 40279119   14.90%
 105364 26176       83.0097   106       84.0971       71.6018 40932802   14.86%
 105773 26371       82.7684   123       84.0971       71.6212 41204821   14.84%
Elapsed time = 627.20 sec. (732725.59 ticks, tree = 264.81 MB, solutions = 15)
 106160 26371        cutoff             84.0971       71.6434 41215417   14.81%
 106550 26361       76.4797   193       84.0971       71.6736 41254862   14.77%
 106943 26387        cutoff             84.0971       71.7171 41482651   14.72%
 107319 26492       77.7877   163       84.0971       71.7617 41902904   14.67%
 107684 26494       80.6081    92       84.0971       71.8068 42011021   14.61%
 108071 26507        cutoff             84.0971       71.8672 42213664   14.54%
 108449 26545       81.8893    70       84.0971       71.9049 42414620   14.50%
 108766 26595       80.8253   137       84.0971       71.9560 42484818   14.44%
 109112 26556        cutoff             84.0971       71.9932 42356946   14.39%
 109505 26672        cutoff             84.0971       72.0311 43013290   14.35%
Elapsed time = 660.54 sec. (770985.10 ticks, tree = 288.19 MB, solutions = 15)
 109849 26642        cutoff             84.0971       72.0619 42921745   14.31%
 110196 26678       72.9957    87       84.0971       72.1088 43100161   14.26%
 110585 26714        cutoff             84.0971       72.1267 43496299   14.23%
 111002 26725       81.9539    84       84.0971       72.1722 43609699   14.18%
 111509 26785        cutoff             84.0971       72.2278 43922552   14.11%
 111945 26695        cutoff             84.0971       72.2444 43703438   14.09%
 112631 26929        cutoff             84.0971       72.2791 44169566   14.05%
 113258 26921        cutoff             84.0971       72.3291 44096203   13.99%
 113927 26997       74.2891    99       84.0971       72.3460 44133129   13.97%
 114454 26934       81.9717   153       84.0971       72.3703 44316251   13.94%
Elapsed time = 696.05 sec. (809211.18 ticks, tree = 304.69 MB, solutions = 15)
 114895 27444       82.8440   108       84.0971       72.4090 45030042   13.90%
 115297 27113       76.8239   135       84.0971       72.4308 44695709   13.87%
 115638 27712       78.7254   159       84.0971       72.4728 45488160   13.82%
 116064 27747       73.2777   203       84.0971       72.4959 45634821   13.79%
 116505 27733       72.9430   172       84.0971       72.5318 45684365   13.75%
 116979 27873       83.6101   119       84.0971       72.5793 45959523   13.70%
 117447 27955       82.7261    61       84.0971       72.5989 46039977   13.67%
 117952 28090       76.0132    83       84.0971       72.6413 46282411   13.62%
 118487 28280        cutoff             84.0971       72.6631 46429577   13.60%
 118962 28531       82.9338   108       84.0971       72.6998 46826236   13.55%
Elapsed time = 729.84 sec. (847478.47 ticks, tree = 352.29 MB, solutions = 15)
 119696 28518        cutoff             84.0971       72.7385 46713237   13.51%
 120536 28527       79.0896   128       84.0971       72.7536 46803883   13.49%
 121254 28686        cutoff             84.0971       72.7799 47055001   13.46%
 121999 28722       83.2389    84       84.0971       72.7940 47039185   13.44%
 122559 28939       81.6871   100       84.0971       72.8357 47483240   13.39%
 123063 29031        cutoff             84.0971       72.8504 47675823   13.37%
 123435 29518       81.2801    41       84.0971       72.8886 48576908   13.33%
 123785 29508       80.0835    36       84.0971       72.9155 48756362   13.30%
 124186 29487       79.5307    74       84.0971       72.9323 48569810   13.28%
 124590 29508       73.5996   199       84.0971       72.9614 48655608   13.24%
Elapsed time = 764.53 sec. (885703.53 ticks, tree = 380.17 MB, solutions = 15)
 124999 29543        cutoff             84.0971       72.9833 48822208   13.22%
 125510 29625       76.7150    92       84.0971       73.0258 49087149   13.16%
 125948 29603        cutoff             84.0971       73.0474 49396949   13.14%
 126317 29775       78.7196   117       84.0971       73.0827 49721083   13.10%
 126778 29712        cutoff             84.0971       73.1227 49680866   13.05%
 127238 29785       79.8662   134       84.0971       73.1671 49743166   13.00%
 127702 29907       81.4556    80       84.0971       73.1758 50196850   12.99%
 128119 29903       79.3951   133       84.0971       73.2647 50502362   12.88%
 128561 29893       83.3232    79       84.0971       73.3202 50330783   12.81%
 128986 30012        cutoff             84.0971       73.3521 50624692   12.78%
Elapsed time = 797.57 sec. (923921.26 ticks, tree = 409.65 MB, solutions = 15)
 129382 30156       82.2434   137       84.0971       73.4025 51046404   12.72%
 129809 30141       82.9935    80       84.0971       73.4263 50809422   12.69%
 130242 30198        cutoff             84.0971       73.4558 51065932   12.65%
 130672 30196       83.1461    73       84.0971       73.4735 51612322   12.63%
 131120 30210        cutoff             84.0971       73.5142 51849924   12.58%
 131489 30228       78.2008   164       84.0971       73.5404 51764481   12.55%
 131963 30252        cutoff             84.0971       73.5846 51959832   12.50%
 132387 30246       79.2852    93       84.0971       73.6043 52015320   12.48%
 132840 30294        cutoff             84.0971       73.6566 52243008   12.41%
 133330 30283        cutoff             84.0971       73.7059 52255344   12.36%
Elapsed time = 831.75 sec. (962218.85 ticks, tree = 413.36 MB, solutions = 15)
 133785 30242        cutoff             84.0971       73.7419 52938729   12.31%
 134212 30297       77.9790   169       84.0971       73.7796 52616482   12.27%
 134583 30155        cutoff             84.0971       73.8233 53250807   12.22%
 134996 30192       79.8979   114       84.0971       73.8599 53021429   12.17%
 135460 30135        cutoff             84.0971       73.9007 53415463   12.12%
 135918 30102        cutoff             84.0971       73.9338 53609556   12.09%
 136331 30102       80.3631   124       84.0971       73.9977 53704438   12.01%
 136735 30057       79.3210   136       84.0971       74.0351 53990996   11.96%
 137133 30078       83.0163    59       84.0971       74.0592 54439185   11.94%
 137531 30078       82.7776    97       84.0971       74.1244 54235085   11.86%
Elapsed time = 865.67 sec. (1000459.41 ticks, tree = 424.37 MB, solutions = 15)
 137983 30055       84.0799    99       84.0971       74.1561 54196818   11.82%
 138393 30039       82.6747   116       84.0971       74.2116 54973961   11.75%
 138882 30064       78.7266   101       84.0971       74.2342 54753487   11.73%
 139402 30142       80.3649   115       84.0971       74.2841 55345761   11.67%
 139900 30148       82.3910    59       84.0971       74.3152 55402633   11.63%
 140401 30110       78.4905    92       84.0971       74.3775 55290292   11.56%
 140866 30155       79.0428   118       84.0971       74.4070 55616817   11.52%
 141376 30123        cutoff             84.0971       74.4644 55509985   11.45%
 141817 30267       80.6596   210       84.0971       74.5233 56034894   11.38%
 142263 30229        cutoff             84.0971       74.5736 55971433   11.32%
Elapsed time = 899.16 sec. (1038693.67 ticks, tree = 438.28 MB, solutions = 15)
 142718 30406       76.9724   105       84.0971       74.6166 56476492   11.27%
 143161 30348       80.2526   126       84.0971       74.6923 56394585   11.18%
 143661 30363        cutoff             84.0971       74.7504 56974943   11.11%
 144134 30399    infeasible             84.0971       74.7939 56663436   11.06%
 144614 30370        cutoff             84.0971       74.8186 56868910   11.03%
 145071 30389       83.3632   109       84.0971       74.8523 57540029   10.99%
 145621 30394        cutoff             84.0971       74.9188 57273380   10.91%
 146140 30498       79.9491    40       84.0971       74.9456 57894916   10.88%
 146725 30415       77.9031    72       84.0971       74.9871 57563761   10.83%
 147375 30477        cutoff             84.0971       75.0304 57789218   10.78%
Elapsed time = 933.04 sec. (1076932.66 ticks, tree = 445.85 MB, solutions = 15)
 147883 30513        cutoff             84.0971       75.0649 58287917   10.74%
 148371 30458        cutoff             84.0971       75.1001 58149855   10.70%
 148896 30524       81.4014   110       84.0971       75.1549 58561812   10.63%
 149388 30516        cutoff             84.0971       75.2159 58841176   10.56%
 149883 30529        cutoff             84.0971       75.2632 58966064   10.50%
 150410 30579       83.3272   123       84.0971       75.3181 58771817   10.44%
 150834 30547        cutoff             84.0971       75.3705 59392001   10.38%
 151320 30559       79.0276    84       84.0971       75.3993 59677023   10.34%
 151793 30517       83.5751   156       84.0971       75.4684 59562657   10.26%
 152289 30550       78.6989   118       84.0971       75.4849 59794095   10.24%
Elapsed time = 967.54 sec. (1115191.21 ticks, tree = 467.87 MB, solutions = 15)
 152754 30441       82.3462    58       84.0971       75.5394 60073430   10.18%
 153218 30424        cutoff             84.0971       75.5759 60168418   10.13%
 153764 30479        cutoff             84.0971       75.6638 60675458   10.03%
 154289 30423       79.6396   165       84.0971       75.6869 60919769   10.00%
 154820 30511        cutoff             84.0971       75.7235 60560134    9.96%
 155326 30443       82.1037    92       84.0971       75.7802 61069216    9.89%
 155820 30523        cutoff             84.0971       75.8437 61225559    9.81%
 156348 30519       77.9947   205       84.0971       75.8783 61235176    9.77%
 156860 30483        cutoff             84.0971       75.9442 61495884    9.69%
 157380 30411       81.0153    93       84.0971       75.9824 61870139    9.65%
Elapsed time = 1001.53 sec. (1153427.04 ticks, tree = 475.80 MB, solutions = 15)
 157838 30333       82.9385   148       84.0971       76.0168 62275329    9.61%
 158328 30336        cutoff             84.0971       76.0721 62078207    9.54%
 158840 30338        cutoff             84.0971       76.1178 62092441    9.49%
 159347 30396        cutoff             84.0971       76.1632 62596277    9.43%
 159876 30410        cutoff             84.0971       76.2075 63025297    9.38%
 160396 30403       82.8721    91       84.0971       76.2434 62749789    9.34%
 160937 30475       82.2742   122       84.0971       76.2731 63109145    9.30%
 161463 30470       82.0886   122       84.0971       76.3241 63081156    9.24%
 161966 30368       82.5984   128       84.0971       76.3553 63374418    9.21%
 162509 30486       83.7219   109       84.0971       76.4174 63860638    9.13%
Elapsed time = 1035.51 sec. (1191621.95 ticks, tree = 466.80 MB, solutions = 15)
 163072 30470       77.3833   155       84.0971       76.4685 63695907    9.07%
 163613 30463        cutoff             84.0971       76.5058 64076740    9.03%
 164211 30459        cutoff             84.0971       76.5451 63893961    8.98%
 164799 30541       78.3530    47       84.0971       76.5978 64488528    8.92%
 165386 30480       79.2913    97       84.0971       76.6460 64288864    8.86%
 166012 30546       82.5844    62       84.0971       76.6930 64549129    8.80%
 166528 30580       79.8335   167       84.0971       76.7203 64806741    8.77%
 167091 30659       78.1323    88       84.0971       76.7684 64877768    8.71%
 167612 30685        cutoff             84.0971       76.8009 64914860    8.68%
 168132 30653       83.6362   108       84.0971       76.8489 65176470    8.62%
Elapsed time = 1069.73 sec. (1229850.91 ticks, tree = 496.22 MB, solutions = 15)
 168688 30629        cutoff             84.0971       76.8803 65095586    8.58%
 169213 30731       82.5746    59       84.0971       76.9336 65484835    8.52%
 169789 30728        cutoff             84.0971       76.9828 65717349    8.46%
 170345 30773       80.6872    96       84.0971       77.0329 66224637    8.40%
 170959 30758       77.7077   181       84.0971       77.0871 66444051    8.34%
 171524 30793        cutoff             84.0971       77.1407 66566616    8.27%
 172089 30769       78.5622    90       84.0971       77.1956 66669367    8.21%
 172644 30733        cutoff             84.0971       77.2404 66723071    8.15%
 173224 30635       81.9701   137       84.0971       77.2712 67188965    8.12%
 173818 30651        cutoff             84.0971       77.3275 67097403    8.05%
Elapsed time = 1105.08 sec. (1268084.31 ticks, tree = 496.78 MB, solutions = 15)
 174341 30628       80.9119   162       84.0971       77.3495 67215481    8.02%
 174886 30463       79.8530   147       84.0971       77.3821 67794930    7.98%
 175463 30453       79.3969   141       84.0971       77.4068 67942367    7.96%
 176002 30469       81.7334    34       84.0971       77.4676 67617681    7.88%
 176486 30477       82.2391   119       84.0971       77.5060 67826496    7.84%
 176962 30559       78.7280   130       84.0971       77.5372 68507035    7.80%
 177532 30605       81.8001    20       84.0971       77.5903 68428677    7.74%
 178180 30596        cutoff             84.0971       77.6226 68349559    7.70%
 178801 30626        cutoff             84.0971       77.6677 68752379    7.65%
 179468 30751       78.9775   147       84.0971       77.7058 69137647    7.60%
Elapsed time = 1139.59 sec. (1306326.44 ticks, tree = 491.70 MB, solutions = 15)
 180032 30797       79.4722   158       84.0971       77.7456 69381250    7.55%
 180621 30802       80.7791   112       84.0971       77.7918 69392247    7.50%
 181300 30805        cutoff             84.0971       77.8506 69435101    7.43%
 182042 30911       79.3800   198       84.0971       77.8889 69699247    7.38%
 182790 30832        cutoff             84.0971       77.9440 69530275    7.32%
 183676 31088       80.6744    87       84.0971       77.9801 70034557    7.27%
 184544 31044        cutoff             84.0971       78.0201 70222040    7.23%
 185461 31077        cutoff             84.0971       78.0452 70206774    7.20%
 186127 31016       82.7629   118       84.0971       78.0934 70347503    7.14%
 186837 31029        cutoff             84.0971       78.1204 70454431    7.11%
Elapsed time = 1175.37 sec. (1344542.58 ticks, tree = 529.02 MB, solutions = 15)
 187447 31088       82.1224    93       84.0971       78.1468 70591245    7.08%
 188083 31233       80.6918    40       84.0971       78.1880 71358191    7.03%
 188684 31172        cutoff             84.0971       78.2200 71162615    6.99%
 189327 31179       80.0689    51       84.0971       78.2423 71961220    6.96%
 190059 31060       79.8692   107       84.0971       78.3088 72371488    6.88%
 190708 31020       79.2676    63       84.0971       78.3346 72492859    6.85%
 191313 31107       80.8456   194       84.0971       78.3482 72287223    6.84%
 191924 31073       82.1660    71       84.0971       78.3837 72690546    6.79%
 192509 31100       84.0249   102       84.0971       78.4336 72512010    6.73%
 193103 31021       80.4451   105       84.0971       78.4545 72833488    6.71%
Elapsed time = 1209.58 sec. (1382726.42 ticks, tree = 529.25 MB, solutions = 15)
 193743 31052       82.3929   144       84.0971       78.4758 72680322    6.68%
 194341 30994        cutoff             84.0971       78.5143 72920301    6.64%
 194918 31162       79.1697    90       84.0971       78.5707 73419566    6.57%
 195582 31192       80.4146   175       84.0971       78.6155 73274025    6.52%
 196300 31173       81.0426    89       84.0971       78.6409 73803417    6.49%
 196990 31142       80.7725    54       84.0971       78.7183 73642402    6.40%
 197587 31213       79.1826   115       84.0971       78.7571 74018160    6.35%
 198225 31160        cutoff             84.0971       78.8051 74112363    6.29%
 198911 31130       80.9922    61       84.0971       78.8531 74295269    6.24%
 199716 30998       81.4190    69       84.0971       78.9152 74928992    6.16%
Elapsed time = 1244.22 sec. (1420921.87 ticks, tree = 525.03 MB, solutions = 15)
 200465 30998       80.2575   147       84.0971       78.9341 74970884    6.14%
 201273 31106       83.2489   128       84.0971       78.9713 74791578    6.10%
 201927 30966       82.3951   184       84.0971       79.0130 75282603    6.05%
 202610 30977       80.6798    50       84.0971       79.0362 75290241    6.02%
 203373 30893        cutoff             84.0971       79.0565 75416106    5.99%
 204154 30904       82.9235    16       84.0971       79.0767 75594122    5.97%
 204825 30798        cutoff             84.0971       79.0983 75840287    5.94%
 205450 30876        cutoff             84.0971       79.1281 76141570    5.91%
 206113 30871       82.5306   141       84.0971       79.1705 76177938    5.86%
 206852 30827        cutoff             84.0971       79.1865 76027028    5.84%
Elapsed time = 1279.01 sec. (1459131.97 ticks, tree = 538.73 MB, solutions = 15)
 207529 30842       80.1165   126       84.0971       79.2112 76309443    5.81%
 208264 30731       81.3828   133       84.0971       79.2366 76498291    5.78%
 208947 30738        cutoff             84.0971       79.2688 76990017    5.74%
 209641 30729       83.3883    62       84.0971       79.2935 76634578    5.71%
 210347 30536       79.9660    39       84.0971       79.3561 77236770    5.64%
 211085 30700       80.3462    32       84.0971       79.3917 77065683    5.60%
 211812 30549       82.7339    41       84.0971       79.4080 77397763    5.58%
 212444 30482       81.8363    45       84.0971       79.4740 77661042    5.50%
 213133 30306    infeasible             84.0971       79.5101 77930230    5.45%
 213735 30218        cutoff             84.0971       79.5337 78150562    5.43%
Elapsed time = 1313.77 sec. (1497317.46 ticks, tree = 537.94 MB, solutions = 15)
 214343 30305        cutoff             84.0971       79.5734 77922008    5.38%
 215033 30214       82.2761   129       84.0971       79.6122 78237198    5.33%
 215737 30089       83.4653   103       84.0971       79.6337 78625339    5.31%
 216429 30148       80.1879    42       84.0971       79.6622 78767407    5.27%
 217135 30081        cutoff             84.0971       79.7194 78899311    5.21%
 217813 30135        cutoff             84.0971       79.7426 78758624    5.18%
 218576 30150       80.2489    40       84.0971       79.7596 79108125    5.16%
 219452 30148        cutoff             84.0971       79.7798 79117321    5.13%
 220325 29991       82.4070    81       84.0971       79.8335 79626741    5.07%
 221182 30022       82.8780   174       84.0971       79.8535 79383705    5.05%
Elapsed time = 1348.22 sec. (1535528.87 ticks, tree = 520.87 MB, solutions = 15)
 222069 29889       80.6953    94       84.0971       79.8943 79677656    5.00%
 222911 29851       82.5445    54       84.0971       79.9361 79847524    4.95%
 223781 29878       83.2112   102       84.0971       79.9664 80048225    4.91%
 224677 29523        cutoff             84.0971       79.9854 80487441    4.89%
 225501 29452       83.3014    58       84.0971       80.0252 80617023    4.84%
 226332 29464       81.1307    20       84.0971       80.0863 80537390    4.77%
 227102 29402       81.7467   117       84.0971       80.0863 80732054    4.77%
 227882 29375        cutoff             84.0971       80.1068 80677236    4.74%
 228679 29213       81.3402   175       84.0971       80.1483 81033514    4.70%
 229414 29085        cutoff             84.0971       80.1752 81209020    4.66%
Elapsed time = 1382.50 sec. (1573728.02 ticks, tree = 544.09 MB, solutions = 15)
 230145 28699        cutoff             84.0971       80.2218 81580281    4.61%
 231009 28493        cutoff             84.0971       80.2321 81796205    4.60%
 231992 28141       81.5601   114       84.0971       80.2827 82130575    4.54%
 232939 28197        cutoff             84.0971       80.3169 82058120    4.50%
 233933 27809       82.7424    73       84.0971       80.3462 82455459    4.46%
 234857 27873        cutoff             84.0971       80.3678 82331982    4.43%
 235762 27682        cutoff             84.0971       80.4130 82507923    4.38%
 236641 27663       81.8768    84       84.0971       80.5060 82559934    4.27%
 237479 27163        cutoff             84.0971       80.5060 82933282    4.27%
 238309 26989       81.0398   105       84.0971       80.5901 83058408    4.17%
Elapsed time = 1418.73 sec. (1611916.20 ticks, tree = 511.97 MB, solutions = 15)
 239196 26891       81.0836   145       84.0971       80.5971 83118775    4.16%
 240096 26517       81.0885    16       84.0971       80.6305 83485831    4.12%
 240912 26425        cutoff             84.0971       80.6689 83593505    4.08%
 241703 26352        cutoff             84.0971       80.6926 83652676    4.05%
 242704 25616        cutoff             84.0971       80.7567 84316602    3.97%
 243727 25673        cutoff             84.0971       80.7619 84267637    3.97%
 244808 25096        cutoff             84.0971       80.8337 84679282    3.88%
 246005 25275    infeasible             84.0971       80.8834 84569101    3.82%
 247170 24928        cutoff             84.0971       80.9160 84812734    3.78%
 248361 24363        cutoff             84.0971       80.9574 85077739    3.73%
Elapsed time = 1455.21 sec. (1650118.51 ticks, tree = 467.30 MB, solutions = 15)
 249473 24240        cutoff             84.0971       81.0380 85144319    3.64%
 250459 23602        cutoff             84.0971       81.0835 85467060    3.58%
 251393 23485       82.4693   144       84.0971       81.0835 85534947    3.58%
 252382 23042       83.2063    72       84.0971       81.1490 85803413    3.51%
 253518 22957        cutoff             84.0971       81.1789 85921340    3.47%
 254602 22354        cutoff             84.0971       81.2561 86261834    3.38%
 255584 22199       83.0733    66       84.0971       81.3032 86340082    3.32%
 256522 22536        cutoff             84.0971       81.3227 86196728    3.30%
 257457 21765        cutoff             84.0971       81.3992 86556031    3.21%
 258403 21470        cutoff             84.0971       81.3992 86724349    3.21%
Elapsed time = 1491.05 sec. (1688313.15 ticks, tree = 418.76 MB, solutions = 15)
 259359 20704       82.3416    93       84.0971       81.4369 87154978    3.16%
 260241 20453       82.9064   101       84.0971       81.4369 87284790    3.16%
 261351 20371    infeasible             84.0971       81.5218 87363634    3.06%
 262603 20168        cutoff             84.0971       81.5821 87546226    2.99%
 263589 19453       83.2892    63       84.0971       81.6258 87912076    2.94%
 264397 19358        cutoff             84.0971       81.6731 87952853    2.88%
 265370 18622        cutoff             84.0971       81.7219 88365837    2.82%
 266384 18428       82.2993    94       84.0971       81.7392 88467309    2.80%
 267438 18258        cutoff             84.0971       81.7529 88583890    2.79%
 268462 17950       83.9715    82       84.0971       81.8362 88728224    2.69%
Elapsed time = 1527.40 sec. (1726512.05 ticks, tree = 336.20 MB, solutions = 15)
 269431 17467        cutoff             84.0971       81.8776 89054635    2.64%
 270678 17039        cutoff             84.0971       81.8887 89250498    2.63%
 272128 16423        cutoff             84.0971       81.9688 89494815    2.53%
 273735 16042       83.0361   107       84.0971       82.0495 89581265    2.43%
 275243 15128        cutoff             84.0971       82.1241 89824566    2.35%
 276788 14597        cutoff             84.0971       82.2252 89946516    2.23%
 278313 13676       83.0350    71       84.0971       82.3272 90141365    2.10%
 279849 12817        cutoff             84.0971       82.3507 90322721    2.08%
 281066 11969        cutoff             84.0971       82.4432 90538861    1.97%
 282336 11327        cutoff             84.0971       82.5060 90714411    1.89%
Elapsed time = 1565.83 sec. (1764694.21 ticks, tree = 206.99 MB, solutions = 15)
 283827 10771        cutoff             84.0971       82.6040 90864675    1.78%
 285536  9696        cutoff             84.0971       82.6720 91075253    1.69%
 287131  8973        cutoff             84.0971       82.6720 91220539    1.69%
 288892  7757        cutoff             84.0971       82.6720 91430312    1.69%
 290790  6565    infeasible             84.0971       82.9139 91629912    1.41%
 293289  4947        cutoff             84.0971       83.1547 91807613    1.12%
 295919  3452        cutoff             84.0971       83.3483 91940672    0.89%
 299254   183        cutoff             84.0971       83.8835 92144331    0.25%

GUB cover cuts applied:  64
Clique cuts applied:  65
Cover cuts applied:  886
Implied bound cuts applied:  60
Flow cuts applied:  15
Mixed integer rounding cuts applied:  97
Zero-half cuts applied:  122
Lift and project cuts applied:  9
Gomory fractional cuts applied:  3

Root node processing (before b&c):
  Real time             =    3.89 sec. (8113.22 ticks)
Parallel b&c, 16 threads:
  Real time             = 1597.78 sec. (1788121.72 ticks)
  Sync time (average)   =  658.79 sec.
  Wait time (average)   =    0.03 sec.
                          ------------
Total (root+branch&cut) = 1601.66 sec. (1796234.93 ticks)
Feasible solution found!
Truck nodes:
Truck at node 0 at stage 1
Truck at node 9 at stage 2
Truck at node 10 at stage 3
Truck at node 4 at stage 4
Truck at node 7 at stage 5
Truck at node 8 at stage 6
Truck at node 1 at stage 7
Truck at node 2 at stage 8
Truck at node 11 at stage 9

Truck arcs:
Arc 1 connecting 0 and 9 with cost 19.5667 
Arc 2 connecting 9 and 10 with cost 6.76206 
Arc 3 connecting 10 and 4 with cost 10.5327 
Arc 4 connecting 4 and 7 with cost 7.34864 
Arc 5 connecting 7 and 8 with cost 5.29976 
Arc 6 connecting 8 and 1 with cost 3.32128 
Arc 7 connecting 1 and 2 with cost 8.59672 
Arc 8 connecting 2 and 11 with cost 17.555 
Truck route length: 78.9829
Customer 3 was served by drone!
Customer 5 was served by drone!
Customer 6 was served by drone!
served customer 3 with st stage 2
start from stage 2 at node 9
end at node 4
end at stage 4
served customer 5 with st stage 4
start from stage 4 at node 4
end at node 1
end at stage 7
served customer 6 with st stage 4
start from stage 4 at node 4
end at node 1
end at stage 7
Printing wait:
wait[2][4]== 1.11415
Printing z(k, k') and drone travel time: 
---------------------------------------------------------------
Sortie starts at stage 2 and ends at stage 4
Start node: 9
End node: 4
Customer served in this sortie:3 
Drone arcs during this sortie:
3-->4, l = 14.2498
9-->3, l = 4.15908
Truck arcs during this sortie:
9---10, l = 6.76206
10---4, l = 10.5327
Drone travel time during sortie: 18.4089
Truck travel time during sortie: 17.2947
Wait time for this sortie: 1.11415
---------------------------------------------------------------
---------------------------------------------------------------
Sortie starts at stage 4 and ends at stage 7
Start node: 4
End node: 1
Customer served in this sortie:5 6 
Drone arcs during this sortie:
4-->6, l = 10.4907
5-->1, l = 1.36887
6-->5, l = 0.684749
Truck arcs during this sortie:
4---7, l = 7.34864
7---8, l = 5.29976
8---1, l = 3.32128
Drone travel time during sortie: 12.5443
Truck travel time during sortie: 15.9697
Wait time for this sortie: 0
---------------------------------------------------------------
Printing zl:
zl[2][9] = 1
zl[4][4] = 1
Printing zr:
zr[2][4] = 1
zr[4][1] = 1
Printing zs:
zs[2][3] = 1
zs[4][5] = 1
zs[4][6] = 1
Printing x_d:
x_d[3][4] = 1
x_d[4][6] = 1
x_d[5][1] = 1
x_d[6][5] = 1
x_d[9][3] = 1
Done!
Solve time: 1601.67
OBJECTIVE VALUE: 84.0971.
In write mode
