Instance name: /home/orlab/CLionProjects/RV-FSTSP/Murray_instances/FSTSP/FSTSP_10_customer_problems/20140810T123440v4
Write arg val: 1
Input is specified as type M: Murray instance.-.-.-.-.-.-.-.-.-.-.-.-.-.-.-.-.-.-.-.-

drone speed: 0.2 miles/minute
uav non-eligible customer: 4 5 
Printing tau:
0 13.106 12.3922 26.2811 19.5652 18.1619 11.127 18.8128 14.0231 14.8935 20.0525 0 
13.106 0 7.41815 13.1751 7.41924 8.38408 3.41898 9.99874 2.95098 5.14749 6.9465 13.106 
12.3922 7.41815 0 14.3533 14.8374 5.76971 3.99917 6.42059 10.3691 12.5656 10.5246 12.3922 
26.2811 13.1751 14.3533 0 6.71587 15.3192 15.1541 16.9338 12.258 15.4145 6.22861 26.2811 
19.5652 7.41924 14.8374 6.71587 0 15.8033 10.8382 17.418 5.54215 8.69866 4.31275 19.5652 
18.1619 8.38408 5.76971 15.3192 15.8033 0 7.0349 1.61466 11.3351 13.5316 11.4906 18.1619 
11.127 3.41898 3.99917 15.1541 10.8382 7.0349 0 7.68579 6.36995 8.56647 8.92548 11.127 
18.8128 9.99874 6.42059 16.9338 17.418 1.61466 7.68579 0 12.9497 15.1462 13.1052 18.8128 
14.0231 2.95098 10.3691 12.258 5.54215 11.3351 6.36995 12.9497 0 3.15652 6.0294 14.0231 
14.8935 5.14749 12.5656 15.4145 8.69866 13.5316 8.56647 15.1462 3.15652 0 9.18592 14.8935 
20.0525 6.9465 10.5246 6.22861 4.31275 11.4906 8.92548 13.1052 6.0294 9.18592 0 20.0525 
0 0 0 0 0 0 0 0 0 0 0 0 
Printing tau_prime:
0 19.248 14.8598 36.6847 30.674 21.4641 15.085 22.1731 22.2941 21.7274 28.0695 0 
19.248 0 8.78275 17.5467 11.593 11.5383 4.65561 13.5679 3.64183 6.6156 8.96786 19.248 
14.8598 8.78275 0 23.5383 19.4222 6.89429 4.9433 8.15504 12.3704 14.9175 15.3409 14.8598 
36.6847 17.5467 23.5383 0 7.93526 20.4328 21.6299 21.8114 15.1901 18.2879 8.61635 36.6847 
30.674 11.593 19.4222 7.93526 0 18.6977 16.1877 20.5464 8.38988 10.5953 5.11496 30.674 
21.4641 11.5383 6.89429 20.4328 18.6977 0 10.1477 2.05169 14.2211 18.1171 13.7238 21.4641 
15.085 4.65561 4.9433 21.6299 16.1877 10.1477 0 11.9236 8.24651 10.1003 13.0302 15.085 
22.1731 13.5679 8.15504 21.8114 20.5464 2.05169 11.9236 0 16.2718 20.1574 15.5136 22.1731 
22.2941 3.64183 12.3704 15.1901 8.38988 14.2211 8.24651 16.2718 0 4.53203 7.10808 22.2941 
21.7274 6.6156 14.9175 18.2879 10.5953 18.1171 10.1003 20.1574 4.53203 0 11.0897 21.7274 
28.0695 8.96786 15.3409 8.61635 5.11496 13.7238 13.0302 15.5136 7.10808 11.0897 0 28.0695 
0 0 0 0 0 0 0 0 0 0 0 0 
---------------------------------------------------------------
Current config:
- Number of threads = 16
- Drone endurance = 20
- SL = 1
- SR = 1
- L = 2
- Allow loop = 0
- Use TSP optimal solution as warmstart: = 0
- Use cutting plane method: = 0
- Use CPLEX conflict refiner: = 0
---------------------------------------------------------------
M value: 598.879
Warning:  Output names have been modified due to duplicate names or characters invalid in LP format.
Version identifier: 22.1.1.0 | 2022-11-28 | 9160aff4d
CPXPARAM_Threads                                 16
CPXPARAM_TimeLimit                               3600
Tried aggregator 2 times.
MIP Presolve eliminated 1306 rows and 784 columns.
MIP Presolve modified 2809 coefficients.
Aggregator did 18 substitutions.
Reduced MIP has 3708 rows, 2642 columns, and 78825 nonzeros.
Reduced MIP has 2466 binaries, 0 generals, 0 SOSs, and 0 indicators.
Presolve time = 0.07 sec. (123.46 ticks)
Probing time = 0.01 sec. (11.82 ticks)
Cover probing fixed 2 vars, tightened 0 bounds.
Tried aggregator 1 time.
Detecting symmetries...
MIP Presolve eliminated 6 rows and 2 columns.
MIP Presolve modified 19 coefficients.
Reduced MIP has 3702 rows, 2640 columns, and 78767 nonzeros.
Reduced MIP has 2464 binaries, 0 generals, 0 SOSs, and 0 indicators.
Presolve time = 0.04 sec. (59.81 ticks)
Probing fixed 33 vars, tightened 0 bounds.
Probing time = 0.05 sec. (102.95 ticks)
Clique table members: 34509.
MIP emphasis: balance optimality and feasibility.
MIP search method: dynamic search.
Parallel mode: deterministic, using up to 16 threads.
Root relaxation solution time = 0.11 sec. (221.15 ticks)

        Nodes                                         Cuts/
   Node  Left     Objective  IInf  Best Integer    Best Bound    ItCnt     Gap

*     0+    0                        56546.6967        0.0000           100.00%
      0     0       29.5747   200    56546.6967       29.5747     1500   99.95%
*     0+    0                          104.0313       29.5747            71.57%
      0     0       48.0005   149      104.0313      Cuts: 28     5231   53.86%
      0     0       49.7995   190      104.0313     Cuts: 142     5983   52.13%
      0     0       49.8249   214      104.0313     Cuts: 126     7308   52.11%
      0     0       50.7418   197      104.0313     Cuts: 106     7963   51.22%
      0     0       51.3336   297      104.0313     Cuts: 115     8739   50.66%
Detecting symmetries...
      0     0       52.1853   221      104.0313     Cuts: 122     9294   49.84%
      0     0       52.3361   252      104.0313      Cuts: 84     9798   49.69%
      0     0       52.4059   310      104.0313      Cuts: 96    10107   49.62%
      0     0       52.4359   324      104.0313      Cuts: 65    10354   49.60%
      0     0       52.4552   352      104.0313      Cuts: 61    10535   49.58%
      0     0       52.4782   325      104.0313      Cuts: 57    10673   49.56%
      0     0       52.4991   305      104.0313      Cuts: 32    10859   49.54%
      0     0       52.6067   357      104.0313      Cuts: 67    11447   49.43%
      0     0       52.6493   382      104.0313      Cuts: 84    11751   49.39%
      0     0       52.7079   431      104.0313      Cuts: 87    12064   49.33%
      0     0       52.7976   367      104.0313      Cuts: 68    12378   49.25%
      0     0       52.8316   412      104.0313      Cuts: 89    12605   49.22%
      0     0       52.8449   430      104.0313      Cuts: 74    12759   49.20%
      0     0       52.8548   443      104.0313      Cuts: 53    12892   49.19%
      0     0       52.9040   404      104.0313      Cuts: 41    13122   49.15%
      0     0       52.9128   447      104.0313      Cuts: 87    13267   49.14%
Detecting symmetries...
      0     2       52.9128   436      104.0313       52.9128    13267   49.14%
Elapsed time = 2.91 sec. (5726.13 ticks, tree = 0.02 MB, solutions = 2)
      2     4       58.5304   130      104.0313       52.9152    16205   49.14%
*     6+    5                           96.7637       52.9152            45.32%
     11    12       82.5841    91       96.7637       53.3928    21438   44.82%
*    14+    3                           84.4209       53.3928            36.75%
     44    21       77.1784   136       84.4209       53.4505    35831   36.69%
    122    31       64.3191   115       84.4209       53.4505    49347   36.69%
    207    76       61.8431   124       84.4209       54.0285    80343   36.00%
    298   137       62.6530   120       84.4209       54.0285   108409   36.00%
    388   151       61.9342    92       84.4209       54.0285   120674   36.00%
    516   235        cutoff             84.4209       54.0285   149063   36.00%
    562   270        cutoff             84.4209       54.0285   168360   36.00%
    699   305       78.4225    59       84.4209       54.0285   213913   36.00%
Elapsed time = 5.88 sec. (8947.26 ticks, tree = 2.44 MB, solutions = 6)
   1145   442       65.8833   101       84.4209       54.0285   275516   36.00%
   1384   631       74.9963    73       84.4209       54.2519   358294   35.74%
   1869   706       64.6270   108       84.4209       54.2519   414198   35.74%
   2241  1027       80.2712    80       84.4209       54.2519   567535   35.74%
   2362  1162       62.0158   128       84.4209       54.2585   639200   35.73%
   2847  1306       73.6422    74       84.4209       57.4253   718030   31.98%
   3340  1603       61.4380   181       84.4209       57.4543   804328   31.94%
   3550  2007       63.3156    82       84.4209       57.4543   919803   31.94%
   3958  2071       77.9358    82       84.4209       57.4543   953218   31.94%
   4335  2417       72.4209   141       84.4209       57.9372  1033841   31.37%
Elapsed time = 15.06 sec. (18530.18 ticks, tree = 27.49 MB, solutions = 6)

Performing restart 1

Repeating presolve.
Tried aggregator 1 time.
MIP Presolve eliminated 23 rows and 46 columns.
MIP Presolve modified 2061 coefficients.
Reduced MIP has 3679 rows, 2594 columns, and 76668 nonzeros.
Reduced MIP has 2418 binaries, 0 generals, 0 SOSs, and 0 indicators.
Presolve time = 0.04 sec. (65.84 ticks)
Tried aggregator 1 time.
MIP Presolve eliminated 27 rows and 8 columns.
Reduced MIP has 3652 rows, 2586 columns, and 75586 nonzeros.
Reduced MIP has 2410 binaries, 0 generals, 0 SOSs, and 0 indicators.
Presolve time = 0.04 sec. (67.59 ticks)
Represolve time = 0.17 sec. (319.27 ticks)
   4345     0       53.6248   351       84.4209     Cuts: 108  1102666   31.37%
   4345     0       53.6929   387       84.4209      Cuts: 86  1103029   31.37%
   4345     0       53.9313   369       84.4209      Cuts: 95  1103532   31.37%
   4345     0       54.0728   381       84.4209     Cuts: 124  1104180   31.37%
   4345     0       54.1653   365       84.4209      Cuts: 83  1104527   31.37%
   4345     0       54.2766   401       84.4209      Cuts: 94  1104950   31.37%
   4345     0       54.4227   401       84.4209      Cuts: 89  1105426   31.37%
   4345     2       54.4227   401       84.4209       57.9372  1105426   31.37%
   4346     3       54.4273   382       84.4209       57.9372  1105557   31.37%
   4347     4       54.4496   404       84.4209       57.9372  1105956   31.37%
   4349     5       54.5009   410       84.4209       57.9372  1106359   31.37%
   4351     5       61.6334   142       84.4209       57.9372  1107388   31.37%
*  4374+   14                           83.3470       57.9372            30.49%
   4374     6       62.8316   196       83.3470       57.9372  1110659   30.49%
   4417    26       65.2578    94       83.3470       57.9372  1121869   30.49%
   4521   105       72.6476   167       83.3470       57.9372  1172103   30.49%
*  4577+   10                           83.3470       57.9372            30.49%
*  4580+   10                           81.4465       57.9372            28.86%
   4649   160       62.5428   183       81.4465       57.9372  1202143   28.86%
   4736   216       61.3305   208       81.4465       57.9372  1225921   28.86%
Elapsed time = 27.72 sec. (40155.31 ticks, tree = 0.74 MB, solutions = 9)
   4786   269       62.5443   136       81.4465       57.9372  1284256   28.86%
   4847   307       80.3224    72       81.4465       57.9372  1320144   28.86%
   4956   356       67.6947   105       81.4465       57.9372  1343508   28.86%
   5164   460       75.1683    63       81.4465       57.9372  1380303   28.86%
   5474   511       63.4567   129       81.4465       57.9372  1396139   28.86%
   5819   671       60.4513   235       81.4465       57.9372  1444197   28.86%
   6113  1048       71.6682   169       81.4465       57.9372  1517414   28.86%
   6411  1318       69.1200   120       81.4465       57.9372  1588165   28.86%
   6631  1533       78.7805    91       81.4465       57.9372  1655266   28.86%
   6723  1721       70.2627   117       81.4465       57.9372  1699979   28.86%
Elapsed time = 36.70 sec. (49721.52 ticks, tree = 3.02 MB, solutions = 9)
   6863  1867       65.3930   197       81.4465       57.9372  1778825   28.86%
   7277  1927       61.6355   113       81.4465       57.9372  1790433   28.86%
*  7313+ 1919                           80.4635       57.9372            28.00%
   7716  2264       60.9170   131       80.4635       57.9372  1892498   28.00%
   8134  2472       71.0357   106       80.4635       57.9372  1952781   28.00%
   8471  2989       59.8662   269       80.4635       57.9372  2082023   28.00%
*  8568  2990      integral     0       76.0255       57.9372  2093938   23.79%
   8681  3070       58.9867   303       76.0255       57.9372  2117618   23.79%
   8764  2931        cutoff             76.0255       57.9372  2221195   23.79%
   8840  3050       75.8973   109       76.0255       57.9372  2304904   23.79%
   9032  3058       62.6659    85       76.0255       57.9372  2320015   23.79%
   9297  3142       63.7308   287       76.0255       57.9372  2355383   23.79%
Elapsed time = 45.94 sec. (59312.95 ticks, tree = 5.80 MB, solutions = 11)
   9535  3356       65.2195   153       76.0255       57.9372  2471967   23.79%
   9741  3705        cutoff             76.0255       57.9372  2632586   23.79%
   9783  3707       59.1097   242       76.0255       57.9372  2634029   23.79%

Performing restart 2

Repeating presolve.
Tried aggregator 1 time.
MIP Presolve eliminated 12 rows and 8 columns.
MIP Presolve modified 11573 coefficients.
Reduced MIP has 3640 rows, 2578 columns, and 86156 nonzeros.
Reduced MIP has 2402 binaries, 0 generals, 0 SOSs, and 0 indicators.
Presolve time = 0.07 sec. (192.80 ticks)
Tried aggregator 1 time.
Reduced MIP has 3640 rows, 2578 columns, and 86156 nonzeros.
Reduced MIP has 2402 binaries, 0 generals, 0 SOSs, and 0 indicators.
Presolve time = 0.03 sec. (57.16 ticks)
Represolve time = 0.22 sec. (453.55 ticks)
   9784     0       54.9113   423       76.0255      Cuts: 99  2739240   23.79%
   9784     0       55.0455   410       76.0255      Cuts: 87  2739691   23.79%
   9784     0       55.1602   395       76.0255     Cuts: 104  2740150   23.79%
   9784     0       55.2593   433       76.0255      Cuts: 75  2740567   23.79%
   9784     0       55.3485   380       76.0255     Cuts: 120  2741206   23.79%
   9784     0       55.4224   385       76.0255     Cuts: 116  2741562   23.79%
   9784     0       55.6346   388       76.0255      Cuts: 87  2742157   23.79%
   9784     0       55.7325   372       76.0255     Cuts: 107  2742407   23.79%
   9784     0       55.8665   403       76.0255      Cuts: 69  2742975   23.79%
   9784     0       55.8810   420       76.0255      Cuts: 88  2743190   23.79%
   9784     2       55.8810   417       76.0255       57.9372  2743190   23.79%
   9791     6       58.2005   238       76.0255       57.9372  2752671   23.79%
   9805     9       64.6220   169       76.0255       57.9372  2762301   23.79%
   9899    42       60.0767   125       76.0255       57.9372  2821699   23.79%
   9955   114       71.7693    69       76.0255       57.9372  2906054   23.79%
  10024   140       68.5621    40       76.0255       57.9372  2921118   23.79%
  10148   216       63.8730    75       76.0255       57.9372  2978710   23.79%
Elapsed time = 62.78 sec. (93333.90 ticks, tree = 1.09 MB, solutions = 11)
  10412   351       75.7876    98       76.0255       57.9372  3041192   23.79%
  10559   464       73.8172    73       76.0255       57.9372  3100669   23.79%
  10651   511       60.2508   231       76.0255       57.9372  3153339   23.79%
  10771   551        cutoff             76.0255       57.9372  3175433   23.79%
  10987   635       63.1384   102       76.0255       57.9372  3226636   23.79%
  11268   788       64.6126    92       76.0255       57.9372  3283412   23.79%
  11460   834       62.6871   232       76.0255       57.9372  3308310   23.79%
  11574  1095       68.4656   205       76.0255       57.9372  3417041   23.79%
  11668  1123        cutoff             76.0255       57.9372  3436011   23.79%
  11750  1148       60.7028   144       76.0255       58.7582  3483637   22.71%
Elapsed time = 71.33 sec. (102950.68 ticks, tree = 13.27 MB, solutions = 11)
  11857  1202       61.2620   120       76.0255       58.7852  3521380   22.68%
  12041  1267       67.1621   103       76.0255       58.7852  3619710   22.68%
  12246  1421       73.8032    39       76.0255       58.7852  3668947   22.68%
  12410  1587       66.3357   138       76.0255       59.0610  3756907   22.31%
  12508  1646       69.4119   118       76.0255       59.0610  3783402   22.31%
  12649  1802        cutoff             76.0255       59.0610  3894477   22.31%
  12767  1785       71.7064    49       76.0255       59.7987  3882700   21.34%
  12890  1897        cutoff             76.0255       60.0387  3945147   21.03%
  13071  1971       72.7901    63       76.0255       60.2365  3986769   20.77%
  13343  1984       70.1858    95       76.0255       60.4329  4010175   20.51%
Elapsed time = 79.63 sec. (112555.58 ticks, tree = 24.53 MB, solutions = 11)
  13488  2067       68.2838   116       76.0255       60.4387  4047453   20.50%
  13636  2217        cutoff             76.0255       60.4387  4118530   20.50%
  13724  2454        cutoff             76.0255       60.4387  4248210   20.50%
  13850  2510       74.7887    47       76.0255       60.5957  4289813   20.30%
  13977  2510       62.7887   189       76.0255       60.6720  4301516   20.20%
  14184  2623       67.8132   188       76.0255       60.7507  4362297   20.09%
  14457  2753        cutoff             76.0255       60.8034  4433264   20.02%
  14704  2764       67.7232    83       76.0255       60.9543  4437866   19.82%
  14893  3173       66.0277    77       76.0255       60.9637  4613001   19.81%
  15031  3204       71.9621    82       76.0255       61.0372  4635447   19.71%
Elapsed time = 88.27 sec. (122129.68 ticks, tree = 47.80 MB, solutions = 11)
  15157  3331       71.5166    66       76.0255       61.0831  4702272   19.65%
  15276  3422       67.3312    94       76.0255       61.1096  4758829   19.62%
  15474  3466       74.0167   106       76.0255       61.1290  4780410   19.59%
  15718  3468       62.1749   133       76.0255       61.1290  4789523   19.59%
  16001  3680       67.1621   101       76.0255       61.2644  4873013   19.42%
  16270  3784        cutoff             76.0255       61.2791  4934199   19.40%
  16423  4132        cutoff             76.0255       61.4487  5117364   19.17%
  16537  4013       67.3791   135       76.0255       61.4487  5054506   19.17%
  16638  4247       68.4801   100       76.0255       61.4487  5163649   19.17%
  17751  4637       73.7202   103       76.0255       61.6520  5316234   18.91%
Elapsed time = 99.49 sec. (134601.56 ticks, tree = 77.81 MB, solutions = 11)
  18672  5515       63.6175    77       76.0255       61.8101  5674828   18.70%
  19156  5645       66.4590   162       76.0255       61.9536  5765097   18.51%
  20136  6011       73.7999    90       76.0255       62.1756  5975477   18.22%
  20666  6617       72.7027    51       76.0255       62.1919  6312518   18.20%
  21551  6811       74.7016    31       76.0255       62.3801  6415046   17.95%
* 21637+ 6802                           74.7016       62.3834            16.49%
  22593  6909    infeasible             74.7016       62.5365  6762632   16.28%
  22991  7174       72.0329    97       74.7016       62.6841  6941898   16.09%
  24083  7704        cutoff             74.7016       62.7896  7176808   15.95%
  24787  8187       67.5484    59       74.7016       62.9160  7366503   15.78%
  25285  8439       64.5752   183       74.7016       63.0413  7576908   15.61%
Elapsed time = 133.63 sec. (172805.74 ticks, tree = 175.06 MB, solutions = 12)
  26449  8786       71.6307    70       74.7016       63.1501  7779435   15.46%
  26931  9463       67.3936   124       74.7016       63.3025  8073298   15.26%
  27895  9551       74.5816    42       74.7016       63.5372  8121651   14.95%
  28841 10108       72.8279   115       74.7016       63.6570  8466823   14.78%
  29319 10542       74.2415   111       74.7016       63.8362  8685738   14.55%
  30111 10803       71.2502   116       74.7016       63.9802  8897305   14.35%
  31101 11118       65.6991   166       74.7016       64.1885  9058434   14.07%
  31522 11592       73.2529    78       74.7016       64.3626  9307690   13.84%
  32152 11774       67.2855   162       74.7016       64.4732  9495483   13.69%
* 32234+11858                           71.1955       64.4732             9.44%
  33485  7191       68.4674   184       71.1955       64.6918  9722138    9.14%
Elapsed time = 168.73 sec. (210998.26 ticks, tree = 149.67 MB, solutions = 13)
  34230  7259    infeasible             71.1955       64.7696  9870972    9.03%
  34631  7453       69.0832   131       71.1955       64.9392 10182135    8.79%
  35138  7454        cutoff             71.1955       65.1202 10400035    8.53%
  35632  7463       66.5304   107       71.1955       65.3180 10532327    8.26%
  36182  7436       69.6416   111       71.1955       65.5219 10679894    7.97%
  36684  7503        cutoff             71.1955       65.6931 10846672    7.73%
  37308  7516       68.3633    58       71.1955       65.8380 10982739    7.53%
  37897  7503        cutoff             71.1955       66.0061 11188873    7.29%
  38530  7481        cutoff             71.1955       66.1145 11255999    7.14%
  39039  7412        cutoff             71.1955       66.2594 11482131    6.93%
Elapsed time = 202.05 sec. (249219.69 ticks, tree = 157.12 MB, solutions = 13)
  39583  7428       68.9188   108       71.1955       66.4220 11660216    6.70%
  40128  7420        cutoff             71.1955       66.5541 11806961    6.52%
  40667  7459        cutoff             71.1955       66.7143 11945598    6.29%
  41212  7440       70.4154   154       71.1955       66.8671 12103162    6.08%
  41710  7403       68.1960    76       71.1955       66.9225 12247730    6.00%
  42381  7370        cutoff             71.1955       66.9915 12561798    5.90%
  43050  7348        cutoff             71.1955       67.1621 12633420    5.67%
  43711  7266        cutoff             71.1955       67.2797 12807315    5.50%
  44425  7172       70.3834    65       71.1955       67.4245 13012519    5.30%
  45068  7188       67.9988    88       71.1955       67.5423 13175515    5.13%
Elapsed time = 235.80 sec. (287417.85 ticks, tree = 151.57 MB, solutions = 13)
  45747  7148        cutoff             71.1955       67.6615 13270894    4.96%
  46467  7027       69.1337    48       71.1955       67.8005 13529670    4.77%
  47172  6840        cutoff             71.1955       67.8998 13742336    4.63%
  47860  6828       71.0379    64       71.1955       68.0249 13753926    4.45%
  48608  6683       70.0201   109       71.1955       68.1221 14087535    4.32%
  49371  6680        cutoff             71.1955       68.2190 14100071    4.18%
  50208  6585    infeasible             71.1955       68.3330 14429744    4.02%
  50954  6379       68.9443   108       71.1955       68.4277 14636226    3.89%
  51712  6455       69.1130   140       71.1955       68.4915 14604019    3.80%
  52418  6300       69.9840    83       71.1955       68.6064 14965869    3.64%
Elapsed time = 269.85 sec. (325622.22 ticks, tree = 123.84 MB, solutions = 13)
  53302  6264       70.9702    64       71.1955       68.7210 15005517    3.48%
  54271  6033       69.1954    82       71.1955       68.8534 15229052    3.29%
  55178  5680        cutoff             71.1955       68.9991 15495202    3.09%
  55960  5562        cutoff             71.1955       69.0904 15603023    2.96%
  56796  5420       70.0621    78       71.1955       69.2005 15858920    2.80%
  57785  5282       71.1571    82       71.1955       69.2570 15935958    2.72%
  58664  4787        cutoff             71.1955       69.4045 16233452    2.52%
  59590  4623       69.8277    51       71.1955       69.5688 16336695    2.28%
  60611  4180        cutoff             71.1955       69.6854 16586810    2.12%
* 60842  4160      integral     0       70.8654       69.6854 16605227    1.66%
* 60868  4305      integral     0       69.9016       69.6854 16484619    0.31%

GUB cover cuts applied:  36
Clique cuts applied:  15
Cover cuts applied:  605
Implied bound cuts applied:  197
Flow cuts applied:  32
Mixed integer rounding cuts applied:  159
Zero-half cuts applied:  132
Lift and project cuts applied:  79
Gomory fractional cuts applied:  6

Root node processing (before b&c):
  Real time             =    2.85 sec. (5598.15 ticks)
Parallel b&c, 16 threads:
  Real time             =  300.57 sec. (357883.60 ticks)
  Sync time (average)   =  120.69 sec.
  Wait time (average)   =    0.02 sec.
                          ------------
Total (root+branch&cut) =  303.42 sec. (363481.76 ticks)
Feasible solution found!
Truck nodes:
Truck at node 0 at stage 1
Truck at node 2 at stage 2
Truck at node 7 at stage 3
Truck at node 5 at stage 4
Truck at node 10 at stage 5
Truck at node 3 at stage 6
Truck at node 4 at stage 7
Truck at node 8 at stage 8
Truck at node 1 at stage 9
Truck at node 6 at stage 10
Truck at node 11 at stage 11

Truck arcs:
Arc 1 connecting 0 and 2 with cost 12.3922 
Arc 2 connecting 2 and 7 with cost 6.42059 
Arc 3 connecting 7 and 5 with cost 1.61466 
Arc 4 connecting 5 and 10 with cost 11.4906 
Arc 5 connecting 10 and 3 with cost 6.22861 
Arc 6 connecting 3 and 4 with cost 6.71587 
Arc 7 connecting 4 and 8 with cost 5.54215 
Arc 8 connecting 8 and 1 with cost 2.95098 
Arc 9 connecting 1 and 6 with cost 3.41898 
Arc 10 connecting 6 and 11 with cost 11.127 
Truck route length: 67.9016
Customer 9 was served by drone!
served customer 9 with st stage 5
start from stage 5 at node 10
end at node 8
end at stage 8
Printing wait:
Printing z(k, k') and drone travel time: 
---------------------------------------------------------------
Sortie starts at stage 5 and ends at stage 8
Start node: 10
End node: 8
Customer served in this sortie:9 
Drone arcs during this sortie:
9-->8, l = 4.53203
10-->9, l = 11.0897
Truck arcs during this sortie:
10---3, l = 6.22861
3---4, l = 6.71587
4---8, l = 5.54215
Drone travel time during sortie: 15.6217
Truck travel time during sortie: 18.4866
Wait time for this sortie: 0
---------------------------------------------------------------
Printing zl:
zl[5][10] = 1
Printing zr:
zr[5][8] = 1
Printing zs:
zs[5][9] = 1
Printing x_d:
x_d[9][8] = 1
x_d[10][9] = 1
Done!
Solve time: 303.431
OBJECTIVE VALUE: 69.9016.
In write mode
