Instance name: /home/orlab/CLionProjects/RV-FSTSP/Murray_instances/FSTSP/FSTSP_10_customer_problems/20140810T123440v5
Write arg val: 1
Input is specified as type M: Murray instance.-.-.-.-.-.-.-.-.-.-.-.-.-.-.-.-.-.-.-.-

drone speed: 0.4 miles/minute
uav non-eligible customer: 4 5 
Printing tau:
0 1.83841 6.19937 11.3367 8.63802 7.16529 3.81739 8.77996 4.16976 6.36627 5.10809 0 
1.83841 0 7.41815 13.1751 7.41924 8.38408 3.41898 9.99874 2.95098 5.14749 6.9465 1.83841 
6.19937 7.41815 0 14.3533 14.8374 5.76971 3.99917 6.42059 10.3691 12.5656 10.5246 6.19937 
11.3367 13.1751 14.3533 0 6.71587 15.3192 15.1541 16.9338 12.258 15.4145 6.22861 11.3367 
8.63802 7.41924 14.8374 6.71587 0 15.8033 10.8382 17.418 5.54215 8.69866 4.31275 8.63802 
7.16529 8.38408 5.76971 15.3192 15.8033 0 7.0349 1.61466 11.3351 13.5316 11.4906 7.16529 
3.81739 3.41898 3.99917 15.1541 10.8382 7.0349 0 7.68579 6.36995 8.56647 8.92548 3.81739 
8.77996 9.99874 6.42059 16.9338 17.418 1.61466 7.68579 0 12.9497 15.1462 13.1052 8.77996 
4.16976 2.95098 10.3691 12.258 5.54215 11.3351 6.36995 12.9497 0 3.15652 6.0294 4.16976 
6.36627 5.14749 12.5656 15.4145 8.69866 13.5316 8.56647 15.1462 3.15652 0 9.18592 6.36627 
5.10809 6.9465 10.5246 6.22861 4.31275 11.4906 8.92548 13.1052 6.0294 9.18592 0 5.10809 
0 0 0 0 0 0 0 0 0 0 0 0 
Printing tau_prime:
0 1.55968 4.74056 9.87438 6.92703 5.554 3.11555 6.78425 3.01958 5.34594 4.73289 0 
1.55968 0 5.26965 10.528 6.95583 6.92297 2.79336 8.14071 2.1851 3.96936 5.38071 1.55968 
4.74056 5.26965 0 14.123 11.6533 4.13658 2.96598 4.89302 7.42221 8.9505 9.20456 4.74056 
9.87438 10.528 14.123 0 4.76116 12.2597 12.9779 13.0868 9.11406 10.9728 5.16981 9.87438 
6.92703 6.95583 11.6533 4.76116 0 11.2186 9.71264 12.3279 5.03393 6.35719 3.06897 6.92703 
5.554 6.92297 4.13658 12.2597 11.2186 0 6.0886 1.23101 8.53268 10.8703 8.2343 5.554 
3.11555 2.79336 2.96598 12.9779 9.71264 6.0886 0 7.15418 4.94791 6.06021 7.81812 3.11555 
6.78425 8.14071 4.89302 13.0868 12.3279 1.23101 7.15418 0 9.7631 12.0944 9.30817 6.78425 
3.01958 2.1851 7.42221 9.11406 5.03393 8.53268 4.94791 9.7631 0 2.71922 4.26485 3.01958 
5.34594 3.96936 8.9505 10.9728 6.35719 10.8703 6.06021 12.0944 2.71922 0 6.65382 5.34594 
4.73289 5.38071 9.20456 5.16981 3.06897 8.2343 7.81812 9.30817 4.26485 6.65382 0 4.73289 
0 0 0 0 0 0 0 0 0 0 0 0 
---------------------------------------------------------------
Current config:
- Number of threads = 16
- Drone endurance = 20
- SL = 1
- SR = 1
- L = 2
- Allow loop = 0
- Use TSP optimal solution as warmstart: = 0
- Use cutting plane method: = 0
- Use CPLEX conflict refiner: = 0
---------------------------------------------------------------
M value: 493.883
Warning:  Output names have been modified due to duplicate names or characters invalid in LP format.
Version identifier: 22.1.1.0 | 2022-11-28 | 9160aff4d
CPXPARAM_Threads                                 16
CPXPARAM_TimeLimit                               3600
Tried aggregator 2 times.
MIP Presolve eliminated 1032 rows and 429 columns.
MIP Presolve modified 2672 coefficients.
Aggregator did 34 substitutions.
Reduced MIP has 3966 rows, 2981 columns, and 84106 nonzeros.
Reduced MIP has 2805 binaries, 0 generals, 0 SOSs, and 0 indicators.
Presolve time = 0.07 sec. (127.69 ticks)
Probing fixed 3 vars, tightened 0 bounds.
Probing time = 0.02 sec. (41.43 ticks)
Tried aggregator 1 time.
Detecting symmetries...
MIP Presolve eliminated 2 rows and 3 columns.
MIP Presolve modified 24 coefficients.
Reduced MIP has 3964 rows, 2978 columns, and 84013 nonzeros.
Reduced MIP has 2802 binaries, 0 generals, 0 SOSs, and 0 indicators.
Presolve time = 0.03 sec. (49.95 ticks)
Probing time = 0.01 sec. (6.66 ticks)
Clique table members: 40052.
MIP emphasis: balance optimality and feasibility.
MIP search method: dynamic search.
Parallel mode: deterministic, using up to 16 threads.
Root relaxation solution time = 0.13 sec. (282.32 ticks)

        Nodes                                         Cuts/
   Node  Left     Objective  IInf  Best Integer    Best Bound    ItCnt     Gap

*     0+    0                        49337.9528        0.0000           100.00%
      0     0       21.1291   222    49337.9528       21.1291     3491   99.96%
*     0+    0                          111.8156       21.1291            81.10%
      0     0       27.1841   166      111.8156      Cuts: 63     4937   75.69%
      0     0       28.4894   234      111.8156     Cuts: 103     6602   74.52%
*     0+    0                           74.9229       28.4894            61.98%
      0     0       30.2830   190       74.9229     Cuts: 149     8655   59.58%
*     0+    0                           63.9002       30.2830            52.61%
      0     0       30.6561   241       63.9002     Cuts: 105     9996   52.03%
      0     0       30.8765   187       63.9002     Cuts: 161    11125   51.68%
Detecting symmetries...
      0     0       30.9300   198       63.9002      Cuts: 89    11578   51.60%
      0     0       30.9300   284       63.9002     Cuts: 124    12123   51.60%
      0     0       30.9300   236       63.9002      Cuts: 30    12425   51.60%
      0     0       30.9300   235       63.9002     Cuts: 140    13520   51.60%
*     0+    0                           54.0609       30.9300            42.79%
*     0+    0                           50.8316       30.9300            39.15%
*     0+    0                           48.3885       30.9300            36.08%
Detecting symmetries...
      0     2       30.9300   194       48.3885       30.9300    13520   36.08%
Elapsed time = 2.57 sec. (5046.57 ticks, tree = 0.02 MB, solutions = 7)
      1     3       31.2175   176       48.3885       30.9304    15267   36.08%
      2     3       37.4633    94       48.3885       30.9304    15817   36.08%
      3     4       31.7746   204       48.3885       30.9304    18853   36.08%
      5     7       37.4633    94       48.3885       31.2719    24735   35.37%
     15    17       37.4731   154       48.3885       31.8859    34965   34.10%
     40    22       39.6205    78       48.3885       32.4500    37290   32.94%
     78    54       43.1700    65       48.3885       32.4500    57368   32.94%
    126    65       41.4271    36       48.3885       32.4500    69283   32.94%
    215   139       43.2230    70       48.3885       33.2857   134095   31.21%
    323   259       41.1932    66       48.3885       33.2857   205215   31.21%
Elapsed time = 5.60 sec. (8588.18 ticks, tree = 2.39 MB, solutions = 7)
    602   382       45.6577    70       48.3885       34.1437   256289   29.44%
    792   527       37.6738   119       48.3885       34.4298   330072   28.85%
   1027   645       40.3675    70       48.3885       34.4298   401302   28.85%
   1208   820       44.7358    43       48.3885       34.7754   480618   28.13%
   1527   897       43.6976    66       48.3885       34.7754   511784   28.13%
   1805  1072        cutoff             48.3885       34.7754   572182   28.13%
   1930  1360        cutoff             48.3885       34.7754   660164   28.13%
   2000  1348       42.5134    81       48.3885       34.7754   657566   28.13%
   2359  1533       47.8735     8       48.3885       34.7754   760696   28.13%
*  2361  1530      integral     0       47.8735       34.7754   760701   27.36%
Elapsed time = 14.82 sec. (17214.83 ticks, tree = 26.67 MB, solutions = 8)
   2542  1787       44.5040    64       47.8735       35.1088   858605   26.66%
   2815  1928       37.2328    99       47.8735       35.1088   916592   26.66%
   3073  2114       44.0029    88       47.8735       35.1124   969276   26.66%
   3272  2310       40.6457   134       47.8735       36.4763  1045167   23.81%
   3462  2450       44.0829   138       47.8735       36.9072  1126842   22.91%
   3872  2560       38.7173   171       47.8735       37.2263  1175732   22.24%
   4054  2602       37.7874   109       47.8735       37.2263  1210791   22.24%
   4093  3075       39.8847    98       47.8735       37.2263  1330380   22.24%

Performing restart 1

Repeating presolve.
Tried aggregator 1 time.
MIP Presolve eliminated 4 rows and 36 columns.
MIP Presolve modified 2458 coefficients.
Reduced MIP has 3960 rows, 2942 columns, and 81407 nonzeros.
Reduced MIP has 2766 binaries, 0 generals, 0 SOSs, and 0 indicators.
Presolve time = 0.04 sec. (67.37 ticks)
Tried aggregator 1 time.
MIP Presolve eliminated 0 rows and 8 columns.
MIP Presolve modified 1 coefficients.
Reduced MIP has 3960 rows, 2934 columns, and 80959 nonzeros.
Reduced MIP has 2758 binaries, 0 generals, 0 SOSs, and 0 indicators.
Presolve time = 0.04 sec. (56.41 ticks)
Represolve time = 0.15 sec. (286.22 ticks)
   4104     0       31.7858   255       47.8735      Cuts: 30  1410418   22.24%
   4104     0       32.2453   243       47.8735     Cuts: 125  1414693   22.24%
   4104     0       32.7566   290       47.8735     Cuts: 104  1417675   22.24%
   4104     0       32.9134   263       47.8735      Cuts: 93  1419654   22.24%
   4104     0       32.9280   283       47.8735      Cuts: 91  1421712   22.24%
   4104     0       32.9427   272       47.8735      Cuts: 15  1422514   22.24%
   4104     0       32.9427   312       47.8735      Cuts: 80  1423600   22.24%
   4104     0       32.9427   271       47.8735      Cuts: 21  1424010   22.24%
   4104     0       32.9427   296       47.8735      Cuts: 81  1424878   22.24%
   4104     0       32.9427   271       47.8735       Cuts: 8  1425142   22.24%
   4104     0       32.9427   291       47.8735     Cuts: 101  1426031   22.24%
   4104     2       32.9427   230       47.8735       37.2263  1426031   22.24%
   4105     3       33.0609   239       47.8735       37.2263  1426282   22.24%
Elapsed time = 31.29 sec. (42392.23 ticks, tree = 0.02 MB, solutions = 8)
   4106     3       39.1706   103       47.8735       37.2263  1428360   22.24%
   4107     4       33.0978   300       47.8735       37.2263  1426825   22.24%
   4109     6       33.1613   283       47.8735       37.2263  1429540   22.24%
   4113    10       47.2662    62       47.8735       37.2263  1438864   22.24%
   4190    30       47.2662    60       47.8735       37.2263  1453007   22.24%
   4252    57       46.4458    33       47.8735       37.2263  1462581   22.24%
   4356    93       45.9990    48       47.8735       37.2263  1469298   22.24%
*  4433+  126                           46.9144       37.2263            20.65%
   4456   140       46.0607    70       46.9144       37.2263  1502505   20.65%
   4528   145        cutoff             46.9144       37.2263  1517730   20.65%
   4577   199       43.3213    64       46.9144       37.2263  1553372   20.65%
Elapsed time = 39.90 sec. (55051.94 ticks, tree = 0.58 MB, solutions = 9)
   4636   202       40.7772    77       46.9144       37.2263  1568805   20.65%
   4719   229       43.9965    72       46.9144       37.2263  1593749   20.65%
   4818   287       44.4256    46       46.9144       37.2263  1633142   20.65%
   4922   302       41.8223   127       46.9144       37.2263  1641346   20.65%
   5007   356       42.5556   142       46.9144       37.2263  1667775   20.65%
   5125   473       40.6431   144       46.9144       37.2263  1751012   20.65%
   5234   528       41.9670    58       46.9144       37.2263  1799593   20.65%
   5364   551       40.0473    73       46.9144       37.2263  1826747   20.65%
   5416   635       43.7039    77       46.9144       37.2263  1895977   20.65%
   5466   728       37.2263    62       46.9144       37.2263  1965381   20.65%
Elapsed time = 49.14 sec. (64774.83 ticks, tree = 1.40 MB, solutions = 9)
   5520   717        cutoff             46.9144       37.2263  1953765   20.65%
   5649   784       37.2263    81       46.9144       37.2263  1998921   20.65%
   5772   835       45.0960    45       46.9144       37.2263  2068521   20.65%
   5914  1007       41.8560   166       46.9144       37.2263  2125137   20.65%
   6039  1011       39.5291   152       46.9144       37.2263  2132747   20.65%
   6167  1173       37.7837   140       46.9144       37.2263  2218324   20.65%
   6329  1141       40.2546   114       46.9144       37.2263  2208488   20.65%
   6511  1219       46.5381    71       46.9144       37.2263  2248029   20.65%
   6583  1351       39.2665    90       46.9144       37.2263  2318496   20.65%
   6641  1373       37.5011    72       46.9144       37.2263  2328932   20.65%
Elapsed time = 58.33 sec. (74433.76 ticks, tree = 2.70 MB, solutions = 9)
   6691  1648       37.2327    84       46.9144       37.2263  2473206   20.65%
   6850  1613       37.2459   124       46.9144       37.2263  2433363   20.65%
   7136  1675       40.7000   100       46.9144       37.2263  2514050   20.65%
   7410  1791       37.2474   152       46.9144       37.2263  2590918   20.65%
   7581  2069       38.0102    81       46.9144       37.2263  2684591   20.65%
   7751  1906       38.9112    90       46.9144       37.2263  2637131   20.65%
   7936  2476       45.0932    93       46.9144       37.2263  2817828   20.65%
   8038  2608       42.6349    75       46.9144       37.2263  2925305   20.65%
   8090  2743       39.2275   187       46.9144       37.2263  3009059   20.65%
   8164  2779        cutoff             46.9144       37.2263  3047131   20.65%
Elapsed time = 67.76 sec. (84076.11 ticks, tree = 5.61 MB, solutions = 9)
   8249  2810       40.2416   100       46.9144       37.2263  3080245   20.65%
   8399  2966       45.9203    99       46.9144       37.2263  3154519   20.65%
   8514  2946       37.7670   184       46.9144       37.2263  3155799   20.65%
   8659  3153       38.6430   138       46.9144       37.2263  3266083   20.65%
   8801  2995       43.6441    85       46.9144       37.2263  3206171   20.65%
   8906  3399       41.9213    79       46.9144       37.2263  3397152   20.65%
   9101  3329       38.0752   102       46.9144       37.2263  3359666   20.65%
   9167  3455       39.6910   155       46.9144       37.2263  3433277   20.65%
   9212  3601       37.6570   178       46.9144       37.2263  3475440   20.65%

Performing restart 2

Repeating presolve.
Tried aggregator 1 time.
MIP Presolve eliminated 0 rows and 41 columns.
MIP Presolve modified 13420 coefficients.
Reduced MIP has 3960 rows, 2893 columns, and 89389 nonzeros.
Reduced MIP has 2717 binaries, 0 generals, 0 SOSs, and 0 indicators.
Presolve time = 0.07 sec. (201.29 ticks)
Tried aggregator 1 time.
Reduced MIP has 3960 rows, 2893 columns, and 89389 nonzeros.
Reduced MIP has 2717 binaries, 0 generals, 0 SOSs, and 0 indicators.
Presolve time = 0.03 sec. (61.36 ticks)
Represolve time = 0.22 sec. (458.81 ticks)
   9225     0       32.9687   280       46.9144      Cuts: 13  3617741   20.65%
   9225     0       33.0505   302       46.9144      Cuts: 95  3619461   20.65%
   9225     0       33.0815   275       46.9144      Cuts: 21  3621216   20.65%
   9225     0       33.0815   296       46.9144      Cuts: 98  3622383   20.65%
   9225     0       33.0864   240       46.9144      Cuts: 16  3622532   20.65%
   9225     0       33.1670   292       46.9144      Cuts: 97  3625620   20.65%
   9225     0       33.1715   289       46.9144     Cuts: 123  3626720   20.65%
   9225     0       33.1715   278       46.9144      Cuts: 13  3626990   20.65%
   9225     0       33.1716   306       46.9144     Cuts: 109  3628045   20.65%
   9225     0       33.1717   265       46.9144      Cuts: 40  3628455   20.65%
   9225     0       33.1717   297       46.9144      Cuts: 67  3629514   20.65%
   9225     2       33.1717   281       46.9144       37.2263  3629514   20.65%
Elapsed time = 97.40 sec. (141527.69 ticks, tree = 0.02 MB, solutions = 9)
   9227     4       40.0171   148       46.9144       37.2263  3635603   20.65%
   9237     9    infeasible             46.9144       37.2263  3641474   20.65%
   9285    51        cutoff             46.9144       37.2263  3665332   20.65%
   9359    79       42.5164    72       46.9144       37.2263  3691150   20.65%
   9649   150       45.1997    91       46.9144       37.2263  3737329   20.65%
*  9695+  159                           45.7749       37.2263            18.68%
   9780   229       42.6358   127       45.7749       37.2263  3788035   18.68%
   9838   284       43.2762   138       45.7749       37.2263  3845039   18.68%
   9906   305       42.5164    54       45.7749       37.2263  3874727   18.68%
  10108   345       45.2504    27       45.7749       37.2263  3911194   18.68%
  10248   439       39.4556    62       45.7749       37.2263  3951759   18.68%
Elapsed time = 105.77 sec. (151350.11 ticks, tree = 4.34 MB, solutions = 10)
  10295   516       39.5295    18       45.7749       37.2263  4018380   18.68%
  10346   545       40.7228   167       45.7749       37.2263  4068095   18.68%
  10410   592       44.6718   153       45.7749       37.2263  4116256   18.68%
  10554   630       39.4556    56       45.7749       37.2263  4141173   18.68%
  10743   592       34.2373   225       45.7749       37.2263  4127795   18.68%
  10949   787       39.7027   160       45.7749       37.2263  4227846   18.68%
  11151   866       39.5980    91       45.7749       37.2263  4259627   18.68%
  11303  1018        cutoff             45.7749       37.2263  4337802   18.68%
  11366  1114       43.9954    69       45.7749       37.2263  4384042   18.68%
  11792  1279       40.6355    78       45.7749       37.2263  4517360   18.68%
Elapsed time = 117.54 sec. (163825.91 ticks, tree = 18.50 MB, solutions = 10)
  12224  1859       38.1680   167       45.7749       37.2263  4806201   18.68%
  12729  2167       41.3344   188       45.7749       37.2263  5005414   18.68%
  13055  2464       39.9368   161       45.7749       37.2263  5182412   18.68%
  13625  2728       38.4377   150       45.7749       37.2263  5347753   18.68%
  14287  3220       38.2391   253       45.7749       37.2263  5588838   18.68%
  14796  3622       41.3303   100       45.7749       37.2263  5803083   18.68%
  15655  4162        cutoff             45.7749       37.2263  5983639   18.68%
  16456  4949       41.5295    49       45.7749       37.2263  6274580   18.68%
  16849  5458       43.4680   192       45.7749       37.2263  6512090   18.68%
  17853  6103       38.6611   139       45.7749       37.2263  6780831   18.68%
Elapsed time = 154.82 sec. (202079.73 ticks, tree = 127.92 MB, solutions = 10)
  18547  6445        cutoff             45.7749       37.2578  6967223   18.61%
  18773  6888       38.4665   238       45.7749       37.2889  7240866   18.54%
  19684  7150       42.6783   115       45.7749       37.3002  7394513   18.51%
  20647  7785       37.8483   108       45.7749       37.3002  7579011   18.51%
  20924  8263       39.5878   187       45.7749       37.3620  7815657   18.38%
  21724  8580        cutoff             45.7749       37.3894  8043338   18.32%
  22224  9067       41.7094    46       45.7749       37.4407  8391593   18.21%
  22554  9259       42.0859    70       45.7749       37.4633  8579326   18.16%
  23404  9370       39.4633    52       45.7749       37.4633  8662326   18.16%
  24317 10277       45.4052   131       45.7749       37.4633  9050970   18.16%
Elapsed time = 191.82 sec. (240288.94 ticks, tree = 223.19 MB, solutions = 10)
  24741 10779        cutoff             45.7749       37.4633  9296879   18.16%
  25326 10865       42.3672   142       45.7749       37.5143  9386287   18.05%
  26166 11500       37.8595   238       45.7749       37.5591  9644010   17.95%
  26693 11869       43.8866    88       45.7749       37.6066  9852978   17.84%
  26903 12264       40.3675    52       45.7749       37.6066 10183701   17.84%
  27374 12309        cutoff             45.7749       37.6066 10233900   17.84%
  28349 12525        cutoff             45.7749       37.6066 10352266   17.84%
  29143 13185       39.8520   168       45.7749       37.6066 10682057   17.84%
  29433 13926       41.6695    45       45.7749       37.6066 11028792   17.84%
  29777 14076       44.3091   120       45.7749       37.6805 11207519   17.68%
Elapsed time = 227.96 sec. (278515.06 ticks, tree = 309.79 MB, solutions = 10)
  30916 14493       43.9210    76       45.7749       37.6805 11405196   17.68%
  32139 14936       45.4670   122       45.7749       37.6805 11565788   17.68%
  32588 15983       40.8261    67       45.7749       37.6805 11970790   17.68%
  32907 16105       38.3705   166       45.7749       37.6874 12108852   17.67%
  33683 16235       41.0130   139       45.7749       37.7168 12173635   17.60%
  34866 16656       44.7271    28       45.7749       37.8120 12478501   17.40%
* 35511 17356      integral     0       44.8825       37.8347 12732636   15.70%
  35834 16658       43.0734   110       44.8825       37.8352 12888752   15.70%
  36255 16947       44.8712    86       44.8825       37.9088 13151964   15.54%
  36928 17142       38.8424   176       44.8825       37.9556 13343512   15.43%
Elapsed time = 264.27 sec. (315758.03 ticks, tree = 395.25 MB, solutions = 11)
  37650 17499        cutoff             44.8825       37.9852 13617044   15.37%
  38017 17803       38.9688   129       44.8825       38.0069 13815145   15.32%
  38323 17976       42.6034   116       44.8825       38.0079 13948581   15.32%
  38964 18118       40.2974    78       44.8825       38.0520 14118033   15.22%
  39779 18285       40.5467   149       44.8825       38.0771 14222961   15.16%
  40706 18927       41.6033   230       44.8825       38.1109 14546391   15.09%
  41687 19257        cutoff             44.8825       38.1109 14799112   15.09%
  41971 19972        cutoff             44.8825       38.1747 15111501   14.95%
  42395 20432       41.2445   119       44.8825       38.1835 15349720   14.93%
  43766 20511       38.7584   139       44.8825       38.2198 15483713   14.84%
Elapsed time = 300.91 sec. (354017.65 ticks, tree = 482.88 MB, solutions = 11)
  45207 21820       41.4736    67       44.8825       38.2493 15896596   14.78%
  46260 21927       38.9823   126       44.8825       38.2633 15930841   14.75%
  46617 23318        cutoff             44.8825       38.2904 16328860   14.69%
  47361 23599        cutoff             44.8825       38.2938 16480464   14.68%
  48334 23620       38.4300   218       44.8825       38.3002 16512420   14.67%
  49480 23887       44.7271    63       44.8825       38.3002 16651129   14.67%
* 49621+24961                           44.5114       38.3002            13.95%
  50385 24455       39.7503    59       44.5114       38.3002 17214858   13.95%
  51040 25295        cutoff             44.5114       38.3002 17674464   13.95%
  51348 25336       40.5295    74       44.5114       38.3170 17713142   13.92%
  51685 25545        cutoff             44.5114       38.3414 18009075   13.86%
Elapsed time = 337.67 sec. (392296.84 ticks, tree = 610.48 MB, solutions = 12)
  52082 25637       42.6652   112       44.5114       38.3437 18104441   13.86%
  52805 25688       43.3332    50       44.5114       38.3498 18142043   13.84%
  54033 26115       38.4463   158       44.5114       38.3801 18495612   13.77%
  54731 26707       41.8765   144       44.5114       38.3960 18781718   13.74%
  55148 27000        cutoff             44.5114       38.4105 18918437   13.71%
  55477 27348       40.0542   141       44.5114       38.4280 19205985   13.67%
  55865 27593       44.1528    69       44.5114       38.4457 19389332   13.63%
  56729 27703        cutoff             44.5114       38.4593 19452255   13.60%
  57783 27754        cutoff             44.5114       38.4593 19503257   13.60%
  58825 27998       43.4768   113       44.5114       38.4593 19623288   13.60%
Elapsed time = 375.54 sec. (430570.61 ticks, tree = 662.02 MB, solutions = 12)
  59734 29276       41.1523   124       44.5114       38.4645 20311352   13.59%
  60495 29355       43.6532    47       44.5114       38.4722 20358004   13.57%
  60822 29573       39.0868   148       44.5114       38.4722 20511699   13.57%
  61162 30388       41.1926    50       44.5114       38.4908 20933759   13.53%
  61943 30755       39.4763    90       44.5114       38.4964 21128930   13.51%
  63370 31123       40.1164   167       44.5114       38.4964 21250056   13.51%
  64640 30967       43.7883   114       44.5114       38.5331 21202402   13.43%
* 64921+31859                           44.1772       38.5331            12.78%
  65792 32292       44.2498   108       44.1772       38.5331 21586313   12.78%
  66928 32012       42.4098    83       44.1772       38.5332 21838254   12.78%
  68067 33009       39.7060    63       44.1772       38.5342 22250479   12.77%
Elapsed time = 413.58 sec. (468759.68 ticks, tree = 798.01 MB, solutions = 14)
  68951 33257       41.1430    50       44.1772       38.5350 22383595   12.77%
  69382 34243       41.8621    62       44.1772       38.5358 22869364   12.77%
  69782 34454       42.8168   106       44.1772       38.5432 23024866   12.75%
  70502 34861       42.9731   115       44.1772       38.5432 23280567   12.75%
  71411 34901       40.1794   171       44.1772       38.5495 23338826   12.74%
  72629 35029       42.9341   152       44.1772       38.5729 23424407   12.69%
  73925 35488       42.0536   205       44.1772       38.5929 23651508   12.64%
  74939 35752       38.7516   200       44.1772       38.6180 23806739   12.58%
  75604 36280       42.2671    35       44.1772       38.6318 24125404   12.55%
  76057 37319        cutoff             44.1772       38.6454 24700433   12.52%
Elapsed time = 450.29 sec. (506961.04 ticks, tree = 890.40 MB, solutions = 14)
  76426 37313       40.3443    49       44.1772       38.6579 24712946   12.49%
  76763 37607        cutoff             44.1772       38.6710 25004783   12.46%
  77172 37613        cutoff             44.1772       38.6733 25013447   12.46%
  77975 37974       40.9304   272       44.1772       38.6733 25331990   12.46%
  79070 37942        cutoff             44.1772       38.7120 25250422   12.37%
  80451 38568       43.3428    78       44.1772       38.7364 25726449   12.32%
  81219 38652       40.9941   230       44.1772       38.7480 25792776   12.29%
  82268 39201       40.5822   166       44.1772       38.7557 26114693   12.27%
  82676 39097       43.3051   121       44.1772       38.7702 26090737   12.24%
  83057 39598       39.4487   179       44.1772       38.7822 26380250   12.21%
Elapsed time = 484.92 sec. (545197.71 ticks, tree = 956.07 MB, solutions = 14)
  83644 40133       42.4251    38       44.1772       38.7929 26728673   12.19%
  84588 40335       42.4671    88       44.1772       38.8131 26885289   12.14%
  85927 40683       42.0920    93       44.1772       38.8295 27220915   12.11%
  87225 40494        cutoff             44.1772       38.8455 26985349   12.07%
  88390 41757        cutoff             44.1772       38.8620 27806815   12.03%
  89132 41928       41.4312    98       44.1772       38.8825 27956322   11.99%
  89694 41947       39.9850   213       44.1772       38.8965 27958883   11.95%
  90049 42218       43.0687   114       44.1772       38.9173 28141642   11.91%
  90418 42572       43.2813   102       44.1772       38.9281 28525491   11.88%
  90754 42649       43.7750    67       44.1772       38.9461 28794047   11.84%
Elapsed time = 520.81 sec. (583445.98 ticks, tree = 1022.77 MB, solutions = 14)
  91265 42717       41.2393   257       44.1772       38.9561 28917996   11.82%
  91986 42622       40.1501    50       44.1772       38.9634 28736692   11.80%
  93004 42766       41.6938   117       44.1772       38.9814 28986067   11.76%
  94044 42942       41.1493   105       44.1772       38.9904 29175555   11.74%
  95213 43598       41.9871    63       44.1772       39.0151 29728756   11.69%
  96333 43926       43.4874    51       44.1772       39.0264 29937859   11.66%
  97155 43613       42.7988    26       44.1772       39.0484 29680779   11.61%
* 97162+44067                           44.1186       39.0484            11.49%
  97635 44346       43.2769   158       44.1186       39.0723 30271964   11.44%
  97996 44504       39.3386   224       44.1186       39.0941 30373103   11.39%
  98324 44529       42.8806   250       44.1186       39.1161 30643857   11.34%
Elapsed time = 558.37 sec. (621661.52 ticks, tree = 1077.98 MB, solutions = 15)
  98699 45090       40.1729   144       44.1186       39.1228 31133328   11.32%
  99139 45183        cutoff             44.1186       39.1473 31230112   11.27%
  99963 45227       43.1873   123       44.1186       39.1755 31278342   11.20%
 100842 45208       40.6167   128       44.1186       39.1884 31248865   11.17%
 101627 45379        cutoff             44.1186       39.2179 31459637   11.11%
 102650 45611       43.1402    63       44.1186       39.2320 31657320   11.08%
 103259 46073       40.3700   104       44.1186       39.2620 32074081   11.01%
 103702 46232       39.5897   165       44.1186       39.2797 32208400   10.97%
 104007 46605       39.9069   173       44.1186       39.2961 32408220   10.93%
 104387 47217        cutoff             44.1186       39.3002 32866864   10.92%
Elapsed time = 595.83 sec. (659880.23 ticks, tree = 1116.20 MB, solutions = 15)
 104807 47322       41.5564   226       44.1186       39.3073 33116036   10.91%
 105157 47325       40.9182    89       44.1186       39.3140 33079538   10.89%
 105592 47389       43.7645    87       44.1186       39.3326 33186984   10.85%
 106147 47589       39.5874   183       44.1186       39.3391 33433566   10.83%
 107075 47724       43.7650    43       44.1186       39.3524 33563440   10.80%
 107963 47903       39.4478   182       44.1186       39.3661 33796947   10.77%
 109000 47961       41.1186   144       44.1186       39.3700 33817476   10.76%
 109924 48839        cutoff             44.1186       39.3724 34530441   10.76%
 110507 49216        cutoff             44.1186       39.3740 34889923   10.75%
 110866 49293       42.5150   112       44.1186       39.3740 34942480   10.75%
Elapsed time = 634.47 sec. (698098.50 ticks, tree = 1179.08 MB, solutions = 15)
 111225 49294       42.8780    87       44.1186       39.3793 34952541   10.74%
 111623 49364       44.0893    53       44.1186       39.3836 35010324   10.73%
 111987 49650       40.2960   136       44.1186       39.3901 35323160   10.72%
 112321 49796       40.4556    57       44.1186       39.3965 35823985   10.70%
 112662 49923        cutoff             44.1186       39.4003 35957136   10.69%
 113121 50001       41.9780   116       44.1186       39.4159 36015766   10.66%
 113814 50179       42.5310   101       44.1186       39.4258 36140326   10.64%
 114628 50218       39.5397    80       44.1186       39.4379 36172816   10.61%
 115593 50314        cutoff             44.1186       39.4556 36361512   10.57%
 116706 50978       41.5331    38       44.1186       39.4578 36749161   10.56%
Elapsed time = 671.28 sec. (736339.59 ticks, tree = 1233.07 MB, solutions = 15)
 117611 51222       43.5591   148       44.1186       39.4622 36991556   10.55%
 118604 51275       40.5506   164       44.1186       39.4659 37011891   10.55%
 119210 51320       40.0174    75       44.1186       39.4754 37031985   10.52%
 119739 52084       42.9172    64       44.1186       39.4835 37816391   10.51%
 120128 52224        cutoff             44.1186       39.4912 37969384   10.49%
 120520 52435       41.4843   121       44.1186       39.5000 38252024   10.47%
 120884 52447        cutoff             44.1186       39.5108 38299918   10.44%
 121394 52436        cutoff             44.1186       39.5217 38248979   10.42%
 121946 52607       42.3110    80       44.1186       39.5295 38599658   10.40%
 122792 52678       41.0038   138       44.1186       39.5347 38513447   10.39%
Elapsed time = 709.22 sec. (774580.09 ticks, tree = 1256.69 MB, solutions = 15)
 123601 52642       42.7617   112       44.1186       39.5419 38634874   10.37%
 124461 53095       42.5205    66       44.1186       39.5480 38973098   10.36%
 125061 53978       43.2100    50       44.1186       39.5592 39661688   10.33%
 125527 54168       42.1625   135       44.1186       39.5665 39809854   10.32%
 125905 54301       42.7625    37       44.1186       39.5772 39938146   10.29%
 126289 54242       43.2728   132       44.1186       39.5839 39882370   10.28%
 126639 54449        cutoff             44.1186       39.5851 40382687   10.28%
 126997 54449       40.3520   178       44.1186       39.5979 40195486   10.25%
 127402 54516       41.0741    73       44.1186       39.6126 40519929   10.21%
 127779 54515        cutoff             44.1186       39.6188 40529230   10.20%
Elapsed time = 745.35 sec. (812830.86 ticks, tree = 1331.28 MB, solutions = 15)
 128179 54620       40.5788   115       44.1186       39.6223 40688897   10.19%
 128700 54723       41.8476   103       44.1186       39.6284 41002463   10.18%
 129391 54929        cutoff             44.1186       39.6354 41152116   10.16%
 130338 54912       43.7045   180       44.1186       39.6400 41152248   10.15%
 131472 54993        cutoff             44.1186       39.6468 41187832   10.14%
 132500 55081       43.5473    53       44.1186       39.6550 41304656   10.12%
 133617 55288       42.0336    35       44.1186       39.6550 41533280   10.12%
 134405 55878       44.0872    37       44.1186       39.6638 41879027   10.10%
 135016 56982       42.9401   114       44.1186       39.6654 42695538   10.09%
 135444 56743       41.6659   111       44.1186       39.6762 42510531   10.07%
Elapsed time = 783.01 sec. (851027.37 ticks, tree = 1421.56 MB, solutions = 15)
 135863 57000       40.7151   256       44.1186       39.6849 42708045   10.05%
 136217 57337       42.5655    70       44.1186       39.6926 43008430   10.03%
*136416 57448      integral     0       43.5182       39.6926 43193892    8.79%
 136639 52391       41.3531   162       43.5182       39.6926 43392626    8.79%
 137042 52414       42.4717   141       43.5182       39.6926 43439814    8.79%
 137788 52498       43.1431    58       43.5182       39.6926 43508673    8.79%
 138579 52623    infeasible             43.5182       39.6926 43632702    8.79%
 139665 52617        cutoff             43.5182       39.6926 43630723    8.79%
 140515 52720       39.9272    81       43.5182       39.7122 43779689    8.75%
 141272 53664       41.1393    88       43.5182       39.7217 44583245    8.72%
*141475 53163      integral     0       43.2585       39.7298 44165830    8.16%
Elapsed time = 818.98 sec. (887228.09 ticks, tree = 1319.95 MB, solutions = 17)
 141893 53653        cutoff             43.2585       39.7416 44600949    8.13%
 142215 53934        cutoff             43.2585       39.7502 44805227    8.11%
 142536 51650        cutoff             43.2585       39.7525 45166885    8.10%
 142894 51603       40.9452   118       43.2585       39.7616 45155395    8.08%
 143261 51655        cutoff             43.2585       39.7742 45497189    8.05%
 143662 51665       39.9445    93       43.2585       39.7900 45504176    8.02%
 144065 51751        cutoff             43.2585       39.7984 45826268    8.00%
 144488 51791       41.7034   106       43.2585       39.8152 45940070    7.96%
 145181 51795       41.6323   102       43.2585       39.8202 45985261    7.95%
 146082 51864       41.5457    91       43.2585       39.8323 46175509    7.92%
Elapsed time = 855.88 sec. (925527.46 ticks, tree = 1284.89 MB, solutions = 17)
 146845 51889       41.2236    50       43.2585       39.8364 46195455    7.91%
 147577 51855       42.8930    76       43.2585       39.8416 46252244    7.90%
 148022 52278        cutoff             43.2585       39.8480 46680073    7.88%
 148442 52548       41.8669    73       43.2585       39.8557 46954982    7.87%
 148873 52771       40.2261   138       43.2585       39.8593 47335678    7.86%
 149350 52754        cutoff             43.2585       39.8603 47455869    7.86%
 149773 52757       41.8868   172       43.2585       39.8700 47628889    7.83%
 150255 52770       41.5473    61       43.2585       39.8743 47880934    7.82%
 150728 52797        cutoff             43.2585       39.8841 47913290    7.80%
 151180 52787        cutoff             43.2585       39.8907 48022082    7.79%
Elapsed time = 892.57 sec. (963712.10 ticks, tree = 1295.82 MB, solutions = 17)
 151599 52766       40.4004    92       43.2585       39.8999 48135725    7.76%
 152104 52753       42.5422    67       43.2585       39.9098 48270888    7.74%
 152537 52743        cutoff             43.2585       39.9146 48505956    7.73%
 152979 52752        cutoff             43.2585       39.9224 48773326    7.71%
 153424 52743        cutoff             43.2585       39.9354 48800572    7.68%
 153805 52738        cutoff             43.2585       39.9420 48729049    7.67%
 154343 52809       40.0916   170       43.2585       39.9472 48873469    7.65%
 154869 52911       42.6060    83       43.2585       39.9582 49302373    7.63%
 155621 52843        cutoff             43.2585       39.9654 49178378    7.61%
 156465 52947       42.0538   107       43.2585       39.9720 49558695    7.60%
Elapsed time = 929.24 sec. (1001961.25 ticks, tree = 1310.30 MB, solutions = 17)
 157317 52967       41.5594   164       43.2585       39.9821 49577368    7.57%
 158220 52956        cutoff             43.2585       39.9887 49644947    7.56%
 159010 53391       40.3732   148       43.2585       39.9955 50363963    7.54%
 159532 53539        cutoff             43.2585       40.0105 50672908    7.51%
 159985 53457        cutoff             43.2585       40.0159 50566651    7.50%
 160450 53535       41.2166    99       43.2585       40.0244 50667668    7.48%
 160908 53570       40.8199   204       43.2585       40.0424 51021920    7.43%
 161352 53542       42.5562    92       43.2585       40.0480 50881318    7.42%
 161843 53625       40.2152   237       43.2585       40.0535 51087564    7.41%
 162343 53558        cutoff             43.2585       40.0671 51355926    7.38%
Elapsed time = 965.27 sec. (1040215.88 ticks, tree = 1312.09 MB, solutions = 17)
 162849 53581       40.8570   112       43.2585       40.0725 51286069    7.36%
 163353 53522       42.6557    53       43.2585       40.0832 51589161    7.34%
 163883 53540       41.2454   167       43.2585       40.1014 51787236    7.30%
 164470 53503       42.6117    92       43.2585       40.1131 51918973    7.27%
 165375 53521        cutoff             43.2585       40.1253 51681869    7.24%
 166571 53542       40.9107   115       43.2585       40.1464 51908332    7.19%
 167820 53589       40.9755   139       43.2585       40.1523 51987472    7.18%
 168779 53484       40.6481   127       43.2585       40.1591 52130017    7.16%
 169327 53853        cutoff             43.2585       40.1724 52781647    7.13%
 169832 53962        cutoff             43.2585       40.1785 53001136    7.12%
Elapsed time = 1002.99 sec. (1078402.34 ticks, tree = 1305.42 MB, solutions = 17)
 170277 54187        cutoff             43.2585       40.1832 53348521    7.11%
 170766 54175       41.2707   237       43.2585       40.2032 53283699    7.06%
 171219 54214       41.3675    50       43.2585       40.2130 53595028    7.04%
 171629 54174       41.1148   181       43.2585       40.2208 53800546    7.02%
 172049 54177        cutoff             43.2585       40.2476 54065904    6.96%
 172451 54198        cutoff             43.2585       40.2519 54095810    6.95%
 172904 54186        cutoff             43.2585       40.2582 54206601    6.94%
 173355 54227       41.3700    63       43.2585       40.2790 54305009    6.89%
 173843 54203        cutoff             43.2585       40.2856 54196700    6.87%
 174354 54199       40.8563   103       43.2585       40.2945 54350865    6.85%
Elapsed time = 1038.59 sec. (1116670.57 ticks, tree = 1325.41 MB, solutions = 17)
 174851 54140       42.8396   152       43.2585       40.3252 54923608    6.78%
 175301 54115       42.5539    77       43.2585       40.3352 54896250    6.76%
 175815 54084       41.0659    94       43.2585       40.3446 54812606    6.74%
 176670 54140        cutoff             43.2585       40.3700 55300606    6.68%
 177389 54142       40.4438   120       43.2585       40.3700 55386160    6.68%
 178565 54229       43.1631    58       43.2585       40.3713 55214935    6.67%
 179470 54275       41.7212   228       43.2585       40.3778 55501724    6.66%
 180019 54544       40.4966    92       43.2585       40.3822 55878817    6.65%
 180443 54279       40.8393   111       43.2585       40.3877 55656421    6.64%
 180830 54892       42.7250    90       43.2585       40.4036 56244917    6.60%
Elapsed time = 1076.04 sec. (1154895.80 ticks, tree = 1367.20 MB, solutions = 17)
 181240 55135        cutoff             43.2585       40.4090 56631836    6.59%
 181625 55122        cutoff             43.2585       40.4156 56798418    6.57%
 182064 55162       42.5115    30       43.2585       40.4349 56958626    6.53%
 182512 55144       40.8640   170       43.2585       40.4404 56903542    6.51%
 182960 55160       41.5295    41       43.2585       40.4438 57094232    6.51%
 183495 55311       42.7082    77       43.2585       40.4556 57517801    6.48%
 183897 55309        cutoff             43.2585       40.4556 57577606    6.48%
 184357 55230        cutoff             43.2585       40.4576 57423281    6.47%
 184834 55274        cutoff             43.2585       40.4680 57686740    6.45%
 185253 55399       41.6077   175       43.2585       40.4774 58066478    6.43%
Elapsed time = 1112.00 sec. (1193128.50 ticks, tree = 1383.35 MB, solutions = 17)
 185681 55353        cutoff             43.2585       40.4853 57873441    6.41%
 186151 55420       42.4568    44       43.2585       40.4997 58271395    6.38%
 186604 55437       41.5291    75       43.2585       40.5074 58302863    6.36%
 187036 55424       41.4466   103       43.2585       40.5123 58497025    6.35%
 187445 55411       41.3984   151       43.2585       40.5206 58666249    6.33%
 187918 55328        cutoff             43.2585       40.5295 58867584    6.31%
 188426 55340       42.9277   123       43.2585       40.5296 58874068    6.31%
 188892 55325        cutoff             43.2585       40.5331 59159581    6.30%
 189361 55324       40.6188    93       43.2585       40.5331 59031906    6.30%
 189812 55259       40.7127    68       43.2585       40.5331 59526898    6.30%
Elapsed time = 1147.27 sec. (1231336.22 ticks, tree = 1370.65 MB, solutions = 17)
 190249 55287       41.4765    79       43.2585       40.5411 59347941    6.28%
 190723 55249       42.6012   101       43.2585       40.5496 59462753    6.26%
 191160 55234       40.6293   199       43.2585       40.5561 59726506    6.25%
 191664 55236       42.5599    66       43.2585       40.5627 59837829    6.23%
 192148 55240       41.9506   122       43.2585       40.5685 60160401    6.22%
 192652 55230       42.4843    41       43.2585       40.5713 60024202    6.21%
 193076 55242        cutoff             43.2585       40.5817 60152681    6.19%
 193437 55196       42.5068   106       43.2585       40.5902 60632546    6.17%
 193868 55133        cutoff             43.2585       40.5926 60402330    6.16%
 194298 55181       41.0187   194       43.2585       40.6040 60819597    6.14%
Elapsed time = 1181.73 sec. (1269618.96 ticks, tree = 1365.30 MB, solutions = 17)
 194809 55196        cutoff             43.2585       40.6188 61218856    6.10%
 195272 55220       41.1688    99       43.2585       40.6188 61274414    6.10%
 195842 55158        cutoff             43.2585       40.6188 61098704    6.10%
 196767 55221       43.1789    96       43.2585       40.6262 61291804    6.09%
 198081 55317       42.6944    51       43.2585       40.6269 61630097    6.08%
 199335 55373        cutoff             43.2585       40.6318 61602298    6.07%
 200337 55376       42.0429    11       43.2585       40.6372 61756971    6.06%
 201180 55743        cutoff             43.2585       40.6409 62122099    6.05%
 201806 55712        cutoff             43.2585       40.6458 62132832    6.04%
 202226 55716       40.8153    83       43.2585       40.6531 62142719    6.02%
Elapsed time = 1218.90 sec. (1307824.56 ticks, tree = 1390.94 MB, solutions = 17)
 202672 56271        cutoff             43.2585       40.6670 62906854    5.99%
 203187 56290       40.8979   248       43.2585       40.6693 62847457    5.99%
 203684 56136        cutoff             43.2585       40.6753 63296668    5.97%
 204215 56158       42.1159   163       43.2585       40.6855 63378134    5.95%
 204776 56084        cutoff             43.2585       40.6886 63566793    5.94%
 205272 56094       42.1555   122       43.2585       40.6926 63556454    5.93%
 205834 55955        cutoff             43.2585       40.6988 63946720    5.92%
 206401 56005        cutoff             43.2585       40.7019 63808622    5.91%
 206846 56026       41.2042   149       43.2585       40.7103 63766596    5.89%
 207309 55890        cutoff             43.2585       40.7248 64289096    5.86%
Elapsed time = 1253.94 sec. (1345998.78 ticks, tree = 1410.20 MB, solutions = 17)
 207716 55890       42.5316   136       43.2585       40.7270 64326105    5.85%
 208198 55895       42.4843    60       43.2585       40.7336 64227980    5.84%
 208677 55801       43.1002   112       43.2585       40.7471 64625369    5.81%
 209140 55853        cutoff             43.2585       40.7560 64458552    5.79%
 209617 55745       41.9748   136       43.2585       40.7615 64978595    5.77%
 210124 55704        cutoff             43.2585       40.7723 64805453    5.75%
 210591 55714        cutoff             43.2585       40.7842 65164388    5.72%
 211147 55750       41.7447   115       43.2585       40.7870 65114954    5.71%
 211672 55713       42.3893    48       43.2585       40.7948 65182396    5.70%
 212278 55703       42.9260    61       43.2585       40.8026 65365809    5.68%
Elapsed time = 1289.29 sec. (1384213.78 ticks, tree = 1389.70 MB, solutions = 17)
 212795 55589       40.9098    35       43.2585       40.8077 65619633    5.67%
 213268 55505       42.4483    84       43.2585       40.8136 65804702    5.65%
 213629 55481       42.5966    72       43.2585       40.8242 65868215    5.63%
 214053 55471        cutoff             43.2585       40.8251 65849976    5.63%
 214515 55229        cutoff             43.2585       40.8308 66343669    5.61%
 214990 55149        cutoff             43.2585       40.8386 66478889    5.59%
 215348 55246       41.2243    76       43.2585       40.8434 66333488    5.58%
 215760 55156       41.9294    44       43.2585       40.8489 66651723    5.57%
 216218 55141        cutoff             43.2585       40.8566 66628719    5.55%
 216701 55017       42.0160    16       43.2585       40.8649 67147264    5.53%
Elapsed time = 1327.04 sec. (1422481.53 ticks, tree = 1375.50 MB, solutions = 17)
 217149 55023       41.6926     8       43.2585       40.8677 67289404    5.53%
 217670 54971        cutoff             43.2585       40.8759 67443938    5.51%
 218203 54972       43.0432    37       43.2585       40.8849 67486899    5.49%
 218695 54930        cutoff             43.2585       40.8890 67599443    5.48%
 219135 54854        cutoff             43.2585       40.8975 67885838    5.46%
 219600 54679        cutoff             43.2585       40.9058 68088869    5.44%
 220127 54889        cutoff             43.2585       40.9058 67836914    5.44%
 220724 54701        cutoff             43.2585       40.9066 68351468    5.44%
 221272 54703       41.4104    58       43.2585       40.9098 68299666    5.43%
 221725 54662        cutoff             43.2585       40.9125 68399048    5.42%
Elapsed time = 1363.00 sec. (1460732.80 ticks, tree = 1373.71 MB, solutions = 17)
 222136 54695       43.0166    54       43.2585       40.9142 68348087    5.42%
 222583 54555       42.5295    58       43.2585       40.9209 68654673    5.40%
 223025 54463       42.8238   108       43.2585       40.9288 68755085    5.39%
 223440 54437       42.0535    75       43.2585       40.9316 68973497    5.38%
 223865 54267        cutoff             43.2585       40.9418 69292594    5.36%
 224216 54170       43.1988    88       43.2585       40.9420 69556704    5.35%
 224657 54155        cutoff             43.2585       40.9426 69567093    5.35%
 225068 54182        cutoff             43.2585       40.9426 69723738    5.35%
 225543 54127        cutoff             43.2585       40.9616 69786254    5.31%
 225982 54027        cutoff             43.2585       40.9714 69976072    5.29%
Elapsed time = 1399.95 sec. (1499028.51 ticks, tree = 1353.06 MB, solutions = 17)
 226491 54023        cutoff             43.2585       40.9753 70015674    5.28%
 226971 53937       42.8104    26       43.2585       40.9796 70428617    5.27%
 227392 53923       42.8717    54       43.2585       40.9796 70462668    5.27%
 227862 53916       41.6121   102       43.2585       40.9850 70533718    5.26%
 228303 53864        cutoff             43.2585       40.9903 70747380    5.24%
 228756 53917        cutoff             43.2585       41.0000 70607788    5.22%
 229305 53820        cutoff             43.2585       41.0075 70769232    5.20%
 229786 53752       43.1994   124       43.2585       41.0102 71193917    5.20%
 230270 53608       41.7789    82       43.2585       41.0231 71439026    5.17%
 230771 53561        cutoff             43.2585       41.0300 71563798    5.15%
Elapsed time = 1435.46 sec. (1537280.78 ticks, tree = 1334.79 MB, solutions = 17)
 231263 53566       41.3692    68       43.2585       41.0300 71621209    5.15%
 231803 53387        cutoff             43.2585       41.0377 71866807    5.13%
 232333 53386        cutoff             43.2585       41.0437 71872363    5.12%
 232851 53373       41.4010   185       43.2585       41.0481 71884207    5.11%
 233384 53440       42.0079    73       43.2585       41.0549 71784096    5.09%
 233926 53244        cutoff             43.2585       41.0678 72166524    5.06%
 234531 53123        cutoff             43.2585       41.0740 72296462    5.05%
 235137 53179       42.3032    54       43.2585       41.0768 72210442    5.04%
 235647 52997        cutoff             43.2585       41.0826 72511047    5.03%
 236205 52627       42.5993    46       43.2585       41.0949 72906843    5.00%
Elapsed time = 1471.53 sec. (1575522.47 ticks, tree = 1308.30 MB, solutions = 17)
 236828 52502       43.0411    77       43.2585       41.1002 73064326    4.99%
 237450 52600        cutoff             43.2585       41.1081 72922090    4.97%
 238008 52165        cutoff             43.2585       41.1180 73417594    4.95%
 238603 52326        cutoff             43.2585       41.1232 73253693    4.94%
 239227 52072       43.2210    63       43.2585       41.1263 73520873    4.93%
 239837 52089       41.5081   168       43.2585       41.1379 73501537    4.90%
 240386 52006        cutoff             43.2585       41.1463 73569005    4.88%
 241045 51797        cutoff             43.2585       41.1497 73801639    4.87%
 241688 51569        cutoff             43.2585       41.1565 74008137    4.86%
 242298 51535        cutoff             43.2585       41.1677 74041174    4.83%
Elapsed time = 1507.22 sec. (1613705.66 ticks, tree = 1294.96 MB, solutions = 17)
 243020 51270       42.4732    88       43.2585       41.1741 74279247    4.82%
 243652 51246       42.8593    66       43.2585       41.1796 74257279    4.81%
 244278 51048       42.4308   162       43.2585       41.1966 74500779    4.77%
 244876 50951       42.5784    42       43.2585       41.2054 74596038    4.75%
 245453 50439       42.0814   130       43.2585       41.2094 74942137    4.74%
 246085 50469       41.5993    78       43.2585       41.2194 74924983    4.71%
 246609 50324        cutoff             43.2585       41.2299 75067734    4.69%
 247172 50068       42.2243   143       43.2585       41.2365 75332342    4.67%
 247770 50119       41.9294    81       43.2585       41.2443 75310602    4.66%
 248297 49934       43.1269    90       43.2585       41.2639 75456859    4.61%
Elapsed time = 1543.17 sec. (1651955.81 ticks, tree = 1246.12 MB, solutions = 17)
 248769 49634        cutoff             43.2585       41.2754 75919315    4.58%
 249271 49704        cutoff             43.2585       41.2795 75718673    4.57%
 249804 49676        cutoff             43.2585       41.2928 75906203    4.54%
 250350 49406        cutoff             43.2585       41.3029 76265183    4.52%
 250918 49271        cutoff             43.2585       41.3092 76506688    4.51%
 251401 49441       42.6760    69       43.2585       41.3211 76245563    4.48%
 251922 49298       41.5083   150       43.2585       41.3381 76504126    4.44%
 252502 49116       42.9022    60       43.2585       41.3468 76676167    4.42%
 253045 49038       43.2127    82       43.2585       41.3519 76878500    4.41%
 253557 49037        cutoff             43.2585       41.3664 76862921    4.37%
Elapsed time = 1579.22 sec. (1690197.09 ticks, tree = 1214.51 MB, solutions = 17)
 254033 48778        cutoff             43.2585       41.3713 77292259    4.36%
 254478 48684        cutoff             43.2585       41.3798 77400537    4.34%
 254924 48667        cutoff             43.2585       41.3881 77411554    4.32%
 255354 48592       41.9916   150       43.2585       41.4006 77497706    4.29%
 255873 48561        cutoff             43.2585       41.4103 77644128    4.27%
 256325 48445       41.5295    64       43.2585       41.4129 77927783    4.27%
 256797 48466       42.1215    96       43.2585       41.4212 77904070    4.25%
*256926+48439                           43.1034       41.4273             3.89%
 257279 48246        cutoff             43.1034       41.4352 78332937    3.87%
 257845 48327       42.0905    90       43.1034       41.4402 78116098    3.86%
 258303 45350        cutoff             43.1034       41.4438 78377520    3.85%
Elapsed time = 1616.39 sec. (1728503.83 ticks, tree = 1114.42 MB, solutions = 18)
 258773 45275        cutoff             43.1034       41.4556 78477293    3.82%
 259247 45163       42.9011    46       43.1034       41.4600 78865101    3.81%
 259795 45170       42.5295    46       43.1034       41.4625 78818133    3.81%
 260299 45046        cutoff             43.1034       41.4706 79015150    3.79%
 260824 44864       41.7635    26       43.1034       41.4805 79228105    3.76%
 261356 44865       42.3060   179       43.1034       41.4838 79303114    3.76%
 261791 44726       41.7868    79       43.1034       41.4863 79567991    3.75%
 262349 44556        cutoff             43.1034       41.4962 79772566    3.73%
 262923 44372       42.2290    95       43.1034       41.4978 80038897    3.72%
 263518 44606        cutoff             43.1034       41.5071 79725617    3.70%
Elapsed time = 1653.17 sec. (1766731.73 ticks, tree = 1105.56 MB, solutions = 18)
 264092 44197       42.0003    92       43.1034       41.5148 80271158    3.69%
 264660 43982        cutoff             43.1034       41.5249 80484115    3.66%
 265257 43935    infeasible             43.1034       41.5272 80520937    3.66%
 265848 44108        cutoff             43.1034       41.5295 80349633    3.65%
 266448 43673       42.7248    46       43.1034       41.5295 80747516    3.65%
 267024 43402        cutoff             43.1034       41.5302 81019418    3.65%
 267631 43386        cutoff             43.1034       41.5329 81031097    3.64%
 268233 43314        cutoff             43.1034       41.5331 81074140    3.64%
 268829 42861        cutoff             43.1034       41.5421 81522901    3.62%
 269403 42840        cutoff             43.1034       41.5463 81532127    3.61%
Elapsed time = 1690.41 sec. (1804943.32 ticks, tree = 1063.92 MB, solutions = 18)
 270005 42795       42.7532    24       43.1034       41.5510 81581606    3.60%
 270603 42336       42.2879   114       43.1034       41.5550 81961388    3.59%
 271223 42251       42.6355    45       43.1034       41.5622 82068784    3.58%
 271935 42234        cutoff             43.1034       41.5630 82046296    3.57%
 272654 41903       41.8577    91       43.1034       41.5709 82399809    3.56%
 273387 41645       42.1328    51       43.1034       41.5870 82578278    3.52%
 274134 41846        cutoff             43.1034       41.5935 82420934    3.50%
 274740 41828        cutoff             43.1034       41.5974 82430337    3.49%
 275395 41335        cutoff             43.1034       41.6034 82739096    3.48%
 276080 41207       42.0583    96       43.1034       41.6179 82855765    3.45%
Elapsed time = 1727.48 sec. (1843154.15 ticks, tree = 1018.51 MB, solutions = 18)
 276715 40735       42.7435    75       43.1034       41.6198 83132871    3.44%
 277326 41007        cutoff             43.1034       41.6266 82964110    3.43%
 277995 40644       42.0432    42       43.1034       41.6355 83212805    3.41%
 278596 39912       41.7625    46       43.1034       41.6450 83582474    3.38%
 279329 39782        cutoff             43.1034       41.6487 83682762    3.37%
 280001 39699        cutoff             43.1034       41.6549 83728730    3.36%
 280554 39327        cutoff             43.1034       41.6620 84021350    3.34%
 281258 39073        cutoff             43.1034       41.6731 84238401    3.32%
 282039 39283        cutoff             43.1034       41.6803 84037018    3.30%
 282784 39076        cutoff             43.1034       41.6886 84220692    3.28%
Elapsed time = 1764.07 sec. (1881357.22 ticks, tree = 965.51 MB, solutions = 18)
 283481 38620        cutoff             43.1034       41.6926 84508232    3.27%
 284265 38375        cutoff             43.1034       41.6989 84616042    3.26%
 285057 37733       42.7498    22       43.1034       41.7055 84901658    3.24%
 285744 37229        cutoff             43.1034       41.7201 85127281    3.21%
 286346 37067       42.8075    48       43.1034       41.7243 85223938    3.20%
 286986 36888       42.7972    99       43.1034       41.7337 85311907    3.18%
 287603 36874       42.4678    51       43.1034       41.7526 85344696    3.13%
 288102 36404        cutoff             43.1034       41.7576 85663734    3.12%
 288725 36524       42.6355    63       43.1034       41.7649 85564152    3.11%
 289288 36422        cutoff             43.1034       41.7802 85659686    3.07%
Elapsed time = 1801.35 sec. (1919588.42 ticks, tree = 906.73 MB, solutions = 18)
 289884 36150        cutoff             43.1034       41.7866 85908213    3.05%
 290614 36015        cutoff             43.1034       41.7961 86050004    3.03%
 291253 35698       42.6981    39       43.1034       41.8046 86390629    3.01%
 291917 35423        cutoff             43.1034       41.8180 86582581    2.98%
 292591 35305        cutoff             43.1034       41.8198 86671650    2.98%
 293256 34966       42.4796    55       43.1034       41.8361 86882940    2.94%
 293926 35263        cutoff             43.1034       41.8423 86689355    2.93%
 294584 35217       42.2827    95       43.1034       41.8579 86719910    2.89%
 295270 34649       42.2967   154       43.1034       41.8671 87080009    2.87%
 295985 34245       42.3676    76       43.1034       41.8844 87448270    2.83%
Elapsed time = 1838.71 sec. (1957775.11 ticks, tree = 851.10 MB, solutions = 18)
 296648 34334        cutoff             43.1034       41.8919 87348799    2.81%
 297228 34060        cutoff             43.1034       41.8989 87520537    2.79%
 297760 33854        cutoff             43.1034       41.9032 87664348    2.78%
 298317 33954       42.8844   164       43.1034       41.9098 87600377    2.77%
 298906 33329        cutoff             43.1034       41.9133 88019027    2.76%
 299512 32995        cutoff             43.1034       41.9192 88311133    2.75%
 300179 33218        cutoff             43.1034       41.9294 88106712    2.72%
 300862 33161       42.5947    88       43.1034       41.9351 88154021    2.71%
 301529 32432       42.7625    23       43.1034       41.9447 88681037    2.69%
 302161 31893       42.5339    85       43.1034       41.9607 88995289    2.65%
Elapsed time = 1876.11 sec. (1995972.76 ticks, tree = 785.47 MB, solutions = 18)
 302819 31942        cutoff             43.1034       41.9753 88974022    2.62%
 303467 32156        cutoff             43.1034       41.9796 88888235    2.61%
 304152 31919        cutoff             43.1034       41.9828 88996477    2.60%
 304964 30778        cutoff             43.1034       41.9963 89551695    2.57%
 305731 30680        cutoff             43.1034       42.0132 89592677    2.53%
 306482 30365        cutoff             43.1034       42.0223 89738307    2.51%
 307357 30242        cutoff             43.1034       42.0285 89834219    2.49%
 308056 30331       42.5379    86       43.1034       42.0429 89811089    2.46%
 308667 29930        cutoff             43.1034       42.0579 89949742    2.43%
 309360 29452        cutoff             43.1034       42.0626 90147327    2.41%
Elapsed time = 1913.43 sec. (2034163.23 ticks, tree = 728.82 MB, solutions = 18)
 310202 28816        cutoff             43.1034       42.0769 90446191    2.38%
 311069 28100        cutoff             43.1034       42.0993 90775139    2.33%
 311870 28073        cutoff             43.1034       42.1039 90812576    2.32%
 312739 27867        cutoff             43.1034       42.1304 90863634    2.26%
 313683 26767       43.0247    72       43.1034       42.1402 91238899    2.23%
 314663 26726        cutoff             43.1034       42.1759 91247768    2.15%
 315606 25787        cutoff             43.1034       42.1875 91504272    2.12%
 316461 25766        cutoff             43.1034       42.1875 91510342    2.12%
 317268 25575       42.4268    51       43.1034       42.2024 91577996    2.09%
 318040 24976    infeasible             43.1034       42.2272 91747758    2.03%
Elapsed time = 1951.23 sec. (2072341.05 ticks, tree = 614.51 MB, solutions = 18)
 319062 24343        cutoff             43.1034       42.2579 91995501    1.96%
 319825 23671        cutoff             43.1034       42.2748 92217354    1.92%
 320737 23325        cutoff             43.1034       42.2836 92334595    1.90%
 321648 22756       42.6144    59       43.1034       42.2836 92478321    1.90%
 322426 23181        cutoff             43.1034       42.3058 92388258    1.85%
 323258 21889       43.0913    77       43.1034       42.3058 92750710    1.85%
 324209 21849        cutoff             43.1034       42.3058 92764366    1.85%
 325120 21415       42.8638   113       43.1034       42.3689 92947160    1.70%
 325932 20925        cutoff             43.1034       42.3831 93097989    1.67%
 326832 20307       42.5164    16       43.1034       42.3964 93294973    1.64%
Elapsed time = 1988.98 sec. (2110530.69 ticks, tree = 490.28 MB, solutions = 18)
 327474 20081       42.5230    95       43.1034       42.4138 93368931    1.60%
 328166 19513        cutoff             43.1034       42.4236 93610812    1.58%
 328912 19481       42.6561    73       43.1034       42.4323 93621051    1.56%
 329778 18922        cutoff             43.1034       42.4458 93893077    1.53%
 330639 18666       42.6512    48       43.1034       42.4512 94021585    1.51%
 331571 17756        cutoff             43.1034       42.4737 94343014    1.46%
 332569 17201        cutoff             43.1034       42.4815 94503079    1.44%
 333408 16751       42.9712    49       43.1034       42.5013 94639123    1.40%
 334218 16390        cutoff             43.1034       42.5121 94796555    1.37%
 334902 16535       43.0261   118       43.1034       42.5121 94739153    1.37%
Elapsed time = 2026.82 sec. (2148729.87 ticks, tree = 388.25 MB, solutions = 18)
 335735 15862        cutoff             43.1034       42.5206 95029374    1.35%
 336678 15643        cutoff             43.1034       42.5295 95099679    1.33%
 337688 14838        cutoff             43.1034       42.5582 95365873    1.26%
 338609 14619       42.7732    39       43.1034       42.5809 95431085    1.21%
 339459 13874        cutoff             43.1034       42.5950 95633348    1.18%
 340406 12980        cutoff             43.1034       42.5993 95857498    1.17%
 341302 12839        cutoff             43.1034       42.6097 95890083    1.15%
 342099 12111       42.7143    31       43.1034       42.6097 96088701    1.15%
 342846 11666        cutoff             43.1034       42.6278 96226369    1.10%
 343681 11376       42.7277    31       43.1034       42.6504 96323798    1.05%
Elapsed time = 2064.77 sec. (2186905.08 ticks, tree = 249.14 MB, solutions = 18)
 344790 10717        cutoff             43.1034       42.6740 96538388    1.00%
 345761  9941       42.7498    40       43.1034       42.6849 96748344    0.97%
 346704  9522       43.0272    41       43.1034       42.6849 96854046    0.97%
 347827  8656        cutoff             43.1034       42.7349 97079179    0.85%
 349060  7826        cutoff             43.1034       42.7431 97255212    0.84%
 350402  6826        cutoff             43.1034       42.7431 97415150    0.84%
 351645  5844        cutoff             43.1034       42.7764 97605552    0.76%
 352970  4761        cutoff             43.1034       42.8449 97811956    0.60%
 354550  3559        cutoff             43.1034       42.8983 97964201    0.48%
 355740  3409        cutoff             43.1034       42.8983 98008767    0.48%
Elapsed time = 2104.09 sec. (2225092.36 ticks, tree = 49.77 MB, solutions = 18)
 357043  1781        cutoff             43.1034       42.9150 98301349    0.44%
 358157  1065       43.0653    48       43.1034       42.9150 98438992    0.44%
 359149   716       43.0653    60       43.1034       42.9630 98620346    0.33%

GUB cover cuts applied:  84
Clique cuts applied:  35
Cover cuts applied:  1330
Implied bound cuts applied:  11
Flow cuts applied:  2
Mixed integer rounding cuts applied:  73
Zero-half cuts applied:  93
Lift and project cuts applied:  7
Gomory fractional cuts applied:  9

Root node processing (before b&c):
  Real time             =    2.51 sec. (4929.02 ticks)
Parallel b&c, 16 threads:
  Real time             = 2114.47 sec. (2235245.12 ticks)
  Sync time (average)   =  856.76 sec.
  Wait time (average)   =    0.03 sec.
                          ------------
Total (root+branch&cut) = 2116.99 sec. (2240174.14 ticks)
Feasible solution found!
Truck nodes:
Truck at node 0 at stage 1
Truck at node 9 at stage 2
Truck at node 8 at stage 3
Truck at node 4 at stage 4
Truck at node 1 at stage 5
Truck at node 6 at stage 6
Truck at node 5 at stage 7
Truck at node 11 at stage 8

Truck arcs:
Arc 1 connecting 0 and 9 with cost 6.36627 
Arc 2 connecting 9 and 8 with cost 3.15652 
Arc 3 connecting 8 and 4 with cost 5.54215 
Arc 4 connecting 4 and 1 with cost 7.41924 
Arc 5 connecting 1 and 6 with cost 3.41898 
Arc 6 connecting 6 and 5 with cost 7.0349 
Arc 7 connecting 5 and 11 with cost 7.16529 
Truck route length: 40.1034
Customer 2 was served by drone!
Customer 3 was served by drone!
Customer 7 was served by drone!
Customer 10 was served by drone!
served customer 3 with st stage 1
start from stage 1 at node 0
end at node 4
end at stage 4
served customer 10 with st stage 1
start from stage 1 at node 0
end at node 4
end at stage 4
served customer 2 with st stage 5
start from stage 5 at node 1
end at node 11
end at stage 8
served customer 7 with st stage 5
start from stage 5 at node 1
end at node 11
end at stage 8
Printing wait:
Printing z(k, k') and drone travel time: 
---------------------------------------------------------------
Sortie starts at stage 1 and ends at stage 4
Start node: 0
End node: 4
Customer served in this sortie:3 10 
Drone arcs during this sortie:
0-->10, l = 4.73289
3-->4, l = 4.76116
10-->3, l = 5.16981
Truck arcs during this sortie:
0---9, l = 6.36627
9---8, l = 3.15652
8---4, l = 5.54215
Drone travel time during sortie: 14.6639
Truck travel time during sortie: 15.0649
Wait time for this sortie: 0
---------------------------------------------------------------
---------------------------------------------------------------
Sortie starts at stage 5 and ends at stage 8
Start node: 1
End node: 11
Customer served in this sortie:2 7 
Drone arcs during this sortie:
1-->2, l = 5.26965
2-->7, l = 4.89302
7-->11, l = 6.78425
Truck arcs during this sortie:
1---6, l = 3.41898
6---5, l = 7.0349
5---11, l = 7.16529
Drone travel time during sortie: 16.9469
Truck travel time during sortie: 17.6192
Wait time for this sortie: 0
---------------------------------------------------------------
Printing zl:
zl[1][0] = 1
zl[5][1] = 1
Printing zr:
zr[1][4] = 1
zr[5][11] = 1
Printing zs:
zs[1][3] = 1
zs[1][10] = 1
zs[5][2] = 1
zs[5][7] = 1
Printing x_d:
x_d[0][10] = 1
x_d[1][2] = 1
x_d[2][7] = 1
x_d[3][4] = 1
x_d[7][11] = 1
x_d[10][3] = 1
Done!
Solve time: 2116.99
OBJECTIVE VALUE: 43.1034.
In write mode
