Instance name: /home/orlab/CLionProjects/RV-FSTSP/Murray_instances/FSTSP/FSTSP_10_customer_problems/20140810T123437v12
Write arg val: 1
Input is specified as type M: Murray instance.-.-.-.-.-.-.-.-.-.-.-.-.-.-.-.-.-.-.-.-

drone speed: 0.6 miles/minute
uav non-eligible customer: 10 
Printing tau:
0 20.6149 13.856 24.5512 16.9846 21.545 21.069 20.7671 18.9333 7.71706 12.8383 0 
20.6149 0 18.3108 3.93636 13.7595 7.22991 8.18583 7.04774 13.7881 14.0919 12.0132 20.6149 
13.856 18.3108 0 22.2472 4.55136 11.0809 10.125 11.2631 5.10923 6.13892 11.4943 13.856 
24.5512 3.93636 22.2472 0 17.6958 11.1663 12.1222 10.9841 17.7245 18.0283 15.9496 24.5512 
16.9846 13.7595 4.55136 17.6958 0 6.52957 5.57365 6.71174 1.94864 9.26756 8.38296 16.9846 
21.545 7.22991 11.0809 11.1663 6.52957 0 0.955922 0.777831 6.55821 13.8279 12.9433 21.545 
21.069 8.18583 10.125 12.1222 5.57365 0.955922 0 1.13809 5.60229 13.352 12.4674 21.069 
20.7671 7.04774 11.2631 10.9841 6.71174 0.777831 1.13809 0 6.74038 13.0501 12.1655 20.7671 
18.9333 13.7881 5.10923 17.7245 1.94864 6.55821 5.60229 6.74038 0 11.2162 10.3316 18.9333 
7.71706 14.0919 6.13892 18.0283 9.26756 13.8279 13.352 13.0501 11.2162 0 7.2754 7.71706 
12.8383 12.0132 11.4943 15.9496 8.38296 12.9433 12.4674 12.1655 10.3316 7.2754 0 12.8383 
0 0 0 0 0 0 0 0 0 0 0 0 
Printing tau_prime:
0 14.3861 7.03117 17.1972 9.0806 12.5617 12.116 12.2705 10.0113 4.80485 7.80521 0 
14.3861 0 9.8583 2.81169 7.1874 3.68175 4.14083 3.56048 7.01565 9.64862 6.97631 14.3861 
7.03117 9.8583 0 12.4676 2.78952 6.81212 6.2789 6.6743 3.43429 3.76225 6.38332 7.03117 
17.1972 2.81169 12.4676 0 9.72054 5.84064 6.37024 5.8678 9.39115 12.4582 9.71551 17.1972 
9.0806 7.1874 2.78952 9.72054 0 4.02264 3.49008 3.89122 0.984316 4.68384 5.49765 9.0806 
12.5617 3.68175 6.81212 5.84064 4.02264 0 0.539342 0.403494 3.56539 7.79682 6.54069 12.5617 
12.116 4.14083 6.2789 6.37024 3.49008 0.539342 0 0.594704 3.02824 7.37407 6.33485 12.116 
12.2705 3.56048 6.6743 5.8678 3.89122 0.403494 0.594704 0 3.52816 7.49021 6.1456 12.2705 
10.0113 7.01565 3.43429 9.39115 0.984316 3.56539 3.02824 3.52816 0 5.66711 6.29515 10.0113 
4.80485 9.64862 3.76225 12.4582 4.68384 7.79682 7.37407 7.49021 5.66711 0 3.7017 4.80485 
7.80521 6.97631 6.38332 9.71551 5.49765 6.54069 6.33485 6.1456 6.29515 3.7017 0 7.80521 
0 0 0 0 0 0 0 0 0 0 0 0 
---------------------------------------------------------------
Current config:
- Number of threads = 16
- Drone endurance = 20
- SL = 1
- SR = 1
- L = 2
- Allow loop = 0
- Use TSP optimal solution as warmstart: = 0
- Use cutting plane method: = 0
- Use CPLEX conflict refiner: = 0
---------------------------------------------------------------
M value: 629.737
Warning:  Output names have been modified due to duplicate names or characters invalid in LP format.
Version identifier: 22.1.1.0 | 2022-11-28 | 9160aff4d
CPXPARAM_Threads                                 16
CPXPARAM_TimeLimit                               3600
Tried aggregator 2 times.
MIP Presolve eliminated 1013 rows and 407 columns.
MIP Presolve modified 2684 coefficients.
Aggregator did 34 substitutions.
Reduced MIP has 3985 rows, 3003 columns, and 84382 nonzeros.
Reduced MIP has 2827 binaries, 0 generals, 0 SOSs, and 0 indicators.
Presolve time = 0.06 sec. (104.43 ticks)
Probing fixed 7 vars, tightened 0 bounds.
Probing time = 0.02 sec. (55.54 ticks)
Tried aggregator 1 time.
Detecting symmetries...
MIP Presolve eliminated 1 rows and 7 columns.
MIP Presolve modified 27 coefficients.
Reduced MIP has 3984 rows, 2996 columns, and 84100 nonzeros.
Reduced MIP has 2820 binaries, 0 generals, 0 SOSs, and 0 indicators.
Presolve time = 0.03 sec. (49.58 ticks)
Probing time = 0.01 sec. (11.06 ticks)
Clique table members: 40498.
MIP emphasis: balance optimality and feasibility.
MIP search method: dynamic search.
Parallel mode: deterministic, using up to 16 threads.
Root relaxation solution time = 0.28 sec. (590.06 ticks)

        Nodes                                         Cuts/
   Node  Left     Objective  IInf  Best Integer    Best Bound    ItCnt     Gap

*     0+    0                        46784.0516        0.0000           100.00%
      0     0       25.9376   473    46784.0516       25.9376       19   99.94%
*     0+    0                          108.1089       25.9376            76.01%
      0     0       37.9485   241      108.1089     Cuts: 100     5753   64.90%
      0     0       37.9485   243      108.1089     Cuts: 185     7795   64.90%
*     0+    0                           65.2317       37.9485            41.83%
      0     0       37.9619   269       65.2317     Cuts: 178    10981   35.94%
*     0+    0                           59.9748       41.7874            30.33%
*     0+    0                           57.9403       41.7874            27.88%
Detecting symmetries...
      0     2       37.9619   229       57.9403       41.7874    10981   27.88%
Elapsed time = 2.77 sec. (5683.72 ticks, tree = 0.02 MB, solutions = 5)
*     5+    1                           55.7862       41.7874            25.09%
      8     6       44.1886    80       55.7862       41.7874    12355   25.09%
    278   154       53.7736    73       55.7862       41.7874    34877   25.09%
    697   288    infeasible             55.7862       41.7874    72834   25.09%
   1142   314       55.7358    49       55.7862       41.7874   118747   25.09%
   1664   321       52.7530    66       55.7862       41.7874   152418   25.09%
   2149   366        cutoff             55.7862       41.7874   184006   25.09%
   2458   397       52.3437   130       55.7862       41.7874   216182   25.09%
   2719   525       53.6428    48       55.7862       41.7874   260505   25.09%
   2942   696       52.0908   121       55.7862       41.7874   298578   25.09%
   3139   844       44.1886    94       55.7862       43.4763   379548   22.07%
Elapsed time = 6.15 sec. (8799.83 ticks, tree = 1.13 MB, solutions = 6)
   3832  1130       51.8066    47       55.7862       43.7154   482644   21.64%
   4131  1346       52.4082    94       55.7862       43.7154   636543   21.64%
   4540  1613       45.6286    64       55.7862       43.7154   753327   21.64%
   4717  1771    infeasible             55.7862       44.2613   836909   20.66%
   5150  1973       46.7828    71       55.7862       44.2613   956541   20.66%
   5236  2018       46.6762   171       55.7862       44.2613   995812   20.66%
   5492  2122       44.8054    98       55.7862       44.2613  1094651   20.66%
   5843  2355       48.5625   122       55.7862       44.2613  1228492   20.66%
   5965  2461       44.6286    96       55.7862       44.2613  1320867   20.66%
   6184  2518       45.6286    68       55.7862       44.2613  1373145   20.66%
Elapsed time = 17.37 sec. (18373.60 ticks, tree = 11.73 MB, solutions = 6)
   6353  2549       44.6509   224       55.7862       44.5944  1398953   20.06%

Performing restart 1

Repeating presolve.
Tried aggregator 2 times.
MIP Presolve eliminated 2 rows and 138 columns.
MIP Presolve modified 4066 coefficients.
Aggregator did 4 substitutions.
Reduced MIP has 3978 rows, 2854 columns, and 75702 nonzeros.
Reduced MIP has 2678 binaries, 0 generals, 0 SOSs, and 0 indicators.
Presolve time = 0.06 sec. (94.12 ticks)
Tried aggregator 1 time.
MIP Presolve eliminated 28 rows and 4 columns.
MIP Presolve modified 6 coefficients.
Reduced MIP has 3950 rows, 2850 columns, and 73757 nonzeros.
Reduced MIP has 2676 binaries, 0 generals, 0 SOSs, and 0 indicators.
Presolve time = 0.03 sec. (49.28 ticks)
Represolve time = 0.17 sec. (303.26 ticks)
   6356     0       42.8593   250       55.7862      Cuts: 30  1523414   20.06%
   6356     0       43.2691   266       55.7862     Cuts: 128  1526188   20.06%
   6356     0       43.3001   300       55.7862     Cuts: 125  1532709   20.06%
   6356     0       43.8097   168       55.7862     Cuts: 135  1539349   20.06%
   6356     0       44.1468   167       55.7862     Cuts: 142  1551134   20.06%
   6356     0       44.1886   122       55.7862     Cuts: 106  1554794   20.06%
   6356     0       44.1886   135       55.7862      Cuts: 99  1560664   20.06%
   6356     0       44.1886    81       55.7862       Cuts: 8  1563841   20.06%
   6356     0       44.1886   100       55.7862     Cuts: 102  1568377   20.06%
   6356     0       44.1886   123       55.7862      Cuts: 14  1570662   20.06%
   6356     2       44.1886    80       55.7862       44.5944  1570662   20.06%
   6358     3       44.1886    86       55.7862       44.5944  1570811   20.06%
   6359     3       44.1886    79       55.7862       44.5944  1571788   20.06%
   6361     3       53.7300    73       55.7862       44.5944  1576425   20.06%
*  6363+    3                           55.4072       44.5944            19.52%
   6363     3       55.4072     0       55.4072       44.5944  1577464   19.52%
   6364     4       44.1886   101       55.4072       44.5944  1579521   19.52%
   6366     5       46.1351    74       55.4072       44.5944  1591953   19.52%
   6368     7       52.3751    65       55.4072       44.5944  1595576   19.52%
   6373    10       52.3751    47       55.4072       44.5944  1598633   19.52%
Elapsed time = 42.24 sec. (69269.23 ticks, tree = 0.02 MB, solutions = 7)
   6376    12       46.1351    51       55.4072       44.5944  1604091   19.52%
   6381     9       46.8757    52       55.4072       44.5944  1601561   19.52%
   6382    12       53.5418    66       55.4072       44.5944  1611185   19.52%
*  6384+   10                           55.0646       44.5944            19.01%
   6387    12       47.0323    71       55.0646       44.5944  1621209   19.01%
   6392    13       47.0323    66       55.0646       44.5944  1632909   19.01%
   6408    16       46.4563    65       55.0646       44.5944  1647522   19.01%
   6424    20       49.2757    96       55.0646       44.5944  1662118   19.01%
   6439    28        cutoff             55.0646       44.5944  1687271   19.01%
   6458    23       48.6685   113       55.0646       44.5944  1672044   19.01%
   6474    18       54.8976   150       55.0646       44.5944  1660721   19.01%
Elapsed time = 50.64 sec. (79371.88 ticks, tree = 0.02 MB, solutions = 9)
   6509    32       49.9907   103       55.0646       44.5944  1710415   19.01%
   6541    40       46.8652    65       55.0646       44.5944  1736342   19.01%
   6576    58       47.4731   104       55.0646       44.5944  1788118   19.01%
   6615    56       47.3363    79       55.0646       44.5944  1781802   19.01%
   6666    79       47.8318    54       55.0646       44.5944  1811217   19.01%
   6728    87       49.2893    52       55.0646       44.5944  1872329   19.01%
   6811   148       50.1509   111       55.0646       44.5944  1893036   19.01%
   6957   172       44.1886    92       55.0646       44.5944  1903233   19.01%
   7025   226       48.8759   172       55.0646       44.5944  1936524   19.01%
   7127   216       51.1253   167       55.0646       44.5944  1926667   19.01%
Elapsed time = 60.49 sec. (89061.22 ticks, tree = 3.33 MB, solutions = 9)
   7181   260       51.9659    48       55.0646       44.5944  1963380   19.01%
   7234   399       44.1886    81       55.0646       44.5944  2020227   19.01%
   7304   468       48.2720    52       55.0646       44.5944  2062229   19.01%
   7372   511       44.1934   130       55.0646       44.5944  2087799   19.01%
   7415   440       46.1351    63       55.0646       44.5944  2053052   19.01%
   7450   501       49.8466    45       55.0646       44.5944  2088697   19.01%
   7495   541       44.2004   134       55.0646       44.5944  2142452   19.01%
   7511   558       44.2563   177       55.0646       44.5944  2165646   19.01%
   7541   657       54.2958    55       55.0646       44.5944  2258358   19.01%
   7576   580       44.6286   117       55.0646       44.5944  2188777   19.01%
Elapsed time = 70.66 sec. (99312.17 ticks, tree = 6.33 MB, solutions = 9)
   7619   643       47.1351    57       55.0646       44.5944  2254511   19.01%
   7656   699       44.2442   131       55.0646       44.5944  2370001   19.01%
   7684   704       47.2088    80       55.0646       44.5944  2385516   19.01%
   7715   680       54.0860   195       55.0646       44.5944  2352806   19.01%
   7766   746       44.5847   223       55.0646       44.5944  2448882   19.01%
   7844   778       47.9761   132       55.0646       44.5944  2495132   19.01%
   7925   828       54.3179    91       55.0646       44.5944  2537667   19.01%
   7989   859       48.5266   167       55.0646       44.5944  2577796   19.01%
   8195   835        cutoff             55.0646       44.5944  2542984   19.01%
   8322   911       46.1515   165       55.0646       44.5944  2621893   19.01%
Elapsed time = 80.10 sec. (108998.94 ticks, tree = 11.07 MB, solutions = 9)
   8446   899       51.0959   201       55.0646       44.5944  2602765   19.01%
   8591   939       47.0749   142       55.0646       44.5944  2679432   19.01%
   8647  1174       48.9859    98       55.0646       44.5944  2793101   19.01%
   8737  1144       49.9288    49       55.0646       44.5944  2748126   19.01%
   8835  1280       45.9060   152       55.0646       44.5944  2879178   19.01%
   8975  1376       52.9107    59       55.0646       44.5944  2890306   19.01%
   9112  1319       47.0414   113       55.0646       44.5944  2886103   19.01%
   9169  1376       44.2502   211       55.0646       44.5944  2893528   19.01%
   9250  1520       53.6553    80       55.0646       44.5944  3061592   19.01%
   9295  1381       44.1998    97       55.0646       44.5944  2942862   19.01%
Elapsed time = 90.23 sec. (118693.07 ticks, tree = 16.53 MB, solutions = 9)
   9332  1696       52.4232    66       55.0646       44.5944  3192317   19.01%
   9373  1584       44.2988   139       55.0646       44.5944  3142545   19.01%
   9410  1901        cutoff             55.0646       44.5944  3315285   19.01%
   9447  1940        cutoff             55.0646       44.5944  3508027   19.01%
   9488  1948       45.0636   169       55.0646       44.5944  3521167   19.01%
   9546  1918       47.1895   149       55.0646       44.5944  3459317   19.01%
   9603  2038       51.3610   167       55.0646       44.5944  3658841   19.01%
   9680  2077       49.5363   155       55.0646       44.5944  3691750   19.01%
   9745  2086       48.3114   127       55.0646       44.5944  3734713   19.01%
   9890  2106        cutoff             55.0646       44.5944  3770930   19.01%
Elapsed time = 99.16 sec. (128427.08 ticks, tree = 20.83 MB, solutions = 9)
   9965  2062        cutoff             55.0646       44.5944  3677160   19.01%
  10039  2141       46.4900   146       55.0646       44.5944  3789623   19.01%
  10170  2190       51.0318   223       55.0646       44.5944  3857855   19.01%
  10331  2191       44.6293   235       55.0646       44.5944  3798795   19.01%
  10395  2302       45.9252   143       55.0646       44.5944  3989931   19.01%
  10512  2449       46.7892   140       55.0646       44.5944  4039559   19.01%
  10556  2579       44.5123   249       55.0646       44.5944  4086152   19.01%
  10608  2654        cutoff             55.0646       44.5944  4182065   19.01%
  10652  2611        cutoff             55.0646       44.5944  4171135   19.01%
  10769  2906       45.1569    79       55.0646       44.5944  4421128   19.01%
Elapsed time = 111.65 sec. (141006.02 ticks, tree = 35.91 MB, solutions = 9)
  10929  2972       44.6286    91       55.0646       44.5944  4621355   19.01%
  11149  3156       46.8936   146       55.0646       44.5944  4819655   19.01%
  11673  3202       53.6605    69       55.0646       44.5944  4897422   19.01%
  12314  3764       46.2530   165       55.0646       44.5944  5262730   19.01%
  12613  3971       45.9656   109       55.0646       44.5944  5426503   19.01%
  12811  4385       45.9205   119       55.0646       44.5944  5863991   19.01%
  13080  4519       50.0300   104       55.0646       44.5944  6052222   19.01%
  13618  4596        cutoff             55.0646       44.5944  6179815   19.01%
  14074  5062       51.5847   181       55.0646       44.5944  6591196   19.01%
  14420  5144       53.7002   100       55.0646       44.5944  6678759   19.01%
Elapsed time = 149.66 sec. (179264.50 ticks, tree = 41.14 MB, solutions = 9)
  14643  5470       46.7828    85       55.0646       44.5944  6987845   19.01%
  14890  5571       47.3985   152       55.0646       44.5944  7186487   19.01%
  15136  5652       47.2240   111       55.0646       44.5944  7333029   19.01%
  15414  5805       50.1122   117       55.0646       44.5944  7645587   19.01%
  15861  5846       54.2052   174       55.0646       44.5944  7732878   19.01%
  16158  6241       51.8385   105       55.0646       44.5944  8190727   19.01%
  16395  6332       53.6510   114       55.0646       44.5944  8319484   19.01%
  16656  6439        cutoff             55.0646       44.5944  8580225   19.01%
  16938  6627        cutoff             55.0646       44.5944  8815968   19.01%
  17266  6675       53.4576   101       55.0646       44.5944  8916277   19.01%
Elapsed time = 186.76 sec. (217482.97 ticks, tree = 42.88 MB, solutions = 9)
  17759  6766       47.9492   117       55.0646       44.6024  9032749   19.00%
  18065  7272       44.6286    50       55.0646       44.6286  9471807   18.95%
  18251  7495       54.8806   102       55.0646       44.6286  9747174   18.95%
  18454  7527       48.2056    92       55.0646       44.6286  9826493   18.95%
  18748  7759       44.6634    98       55.0646       44.6286 10120152   18.95%
  19198  7889       46.4082   123       55.0646       44.6286 10244896   18.95%
  19645  8002       45.4238   192       55.0646       44.6286 10366745   18.95%
  19916  8469        cutoff             55.0646       44.6286 10746082   18.95%
  20140  8806       44.6493   146       55.0646       44.6286 11126506   18.95%
  20346  8880       54.9656    78       55.0646       44.6286 11323123   18.95%
Elapsed time = 226.33 sec. (255791.12 ticks, tree = 48.29 MB, solutions = 9)
  20577  8990       51.3371   180       55.0646       44.6286 11418032   18.95%
  20973  9235       54.1667   176       55.0646       44.6286 11680864   18.95%
  21487  9328       54.8823    65       55.0646       44.6286 11771627   18.95%
  22105  9948       49.9043    55       55.0646       44.6286 12222430   18.95%
  22710  9927       46.5919   180       55.0646       44.6286 12206546   18.95%
  23064 10279       44.7649   180       55.0646       44.6667 12517631   18.88%
  23363 10901       52.3027   106       55.0646       44.6818 12993627   18.86%
  23650 11030       53.8515    12       55.0646       44.6881 13140029   18.84%
  23933 11205       50.9020    96       55.0646       44.6966 13355362   18.83%
  24203 11431       48.1032   115       55.0646       44.7109 13708416   18.80%
Elapsed time = 266.07 sec. (294053.85 ticks, tree = 59.70 MB, solutions = 9)
  24484 11453       48.7928    76       55.0646       44.7207 13676766   18.79%
  24805 11665        cutoff             55.0646       44.7436 14174121   18.74%
  25055 11819       53.0960   116       55.0646       44.7552 14496537   18.72%
  25332 11904        cutoff             55.0646       44.7648 14644841   18.71%
  25594 11874        cutoff             55.0646       44.7768 14641292   18.68%
  25891 12009       53.4605   108       55.0646       44.7785 15018712   18.68%
  26181 12154    infeasible             55.0646       44.7837 15351587   18.67%
  26448 12245        cutoff             55.0646       44.8186 15663379   18.61%
  26682 12209       46.1092   126       55.0646       44.8387 15607662   18.57%
  26996 12323       52.9100   147       55.0646       44.8539 15772400   18.54%
Elapsed time = 305.00 sec. (332393.68 ticks, tree = 59.89 MB, solutions = 9)
  27275 12450        cutoff             55.0646       44.8539 16199503   18.54%
  27568 12457       45.8852   132       55.0646       44.8710 16213863   18.51%
  28009 12779       52.4316   109       55.0646       44.8710 16612739   18.51%
  28658 12860       53.0590    98       55.0646       44.9338 16775456   18.40%
  29289 13396        cutoff             55.0646       44.9945 17355229   18.29%
  29722 13199       49.5843   110       55.0646       45.0097 17160521   18.26%
  30083 13926       46.4887   114       55.0646       45.0756 17888669   18.14%
  30398 13960        cutoff             55.0646       45.0932 18036075   18.11%
  30738 14131        cutoff             55.0646       45.0986 18339315   18.10%
  31088 14213       51.0228   117       55.0646       45.2325 18452995   17.86%
Elapsed time = 344.21 sec. (370668.27 ticks, tree = 62.37 MB, solutions = 9)
  31368 14244       47.6593   175       55.0646       45.2892 18544155   17.75%
  31675 14308       46.1351    51       55.0646       45.3434 18701583   17.65%
  31988 14501       53.6428    73       55.0646       45.4048 19251553   17.54%
  32347 14548       54.5560   159       55.0646       45.4392 19411528   17.48%
  32667 14596        cutoff             55.0646       45.4969 19572341   17.38%
  32996 14710       48.2199   181       55.0646       45.5096 19855489   17.35%
  33331 14720       49.5259    74       55.0646       45.5617 19868806   17.26%
  33630 14820       48.2267   128       55.0646       45.6286 20318551   17.14%
  33902 14889       51.0833    78       55.0646       45.6286 20536591   17.14%
  34209 15005        cutoff             55.0646       45.6286 20769076   17.14%
Elapsed time = 382.57 sec. (408973.97 ticks, tree = 62.56 MB, solutions = 9)
  34474 15170       48.2607   102       55.0646       45.6286 21191906   17.14%
  34779 15135       54.2372    72       55.0646       45.6967 21152543   17.01%
  35125 15348       51.6486   190       55.0646       45.6991 21584275   17.01%
  35385 15290       46.7829   137       55.0646       45.7007 21505413   17.01%
  35671 15417       52.9023    49       55.0646       45.7029 21841467   17.00%
  35970 15636       53.0631   123       55.0646       45.7273 22285539   16.96%
  36244 15550       49.2978   214       55.0646       45.8013 22161845   16.82%
  36550 15842       50.5259    85       55.0646       45.8443 22673422   16.74%
  36843 15975       47.3164   118       55.0646       45.9990 23070220   16.46%
  37135 15949        cutoff             55.0646       46.0641 22915134   16.35%
Elapsed time = 421.19 sec. (447222.16 ticks, tree = 63.18 MB, solutions = 9)
  37606 16163       47.1409    88       55.0646       46.1143 23382639   16.25%
  38103 16324       48.6990   109       55.0646       46.1351 23612249   16.22%
  38505 16345       49.8427    79       55.0646       46.1351 23636366   16.22%
  38995 16693       49.2505   135       55.0646       46.1351 24007601   16.22%
  39362 17274        cutoff             55.0646       46.1351 24632164   16.22%
  39691 16902       48.1575   141       55.0646       46.1529 24330996   16.18%
  39966 17579       54.6247   140       55.0646       46.1562 24950898   16.18%
  40211 17579       49.2893    88       55.0646       46.1624 25088382   16.17%
  40434 17774       53.6348   112       55.0646       46.2055 25583138   16.09%
  40709 17801       48.2064   178       55.0646       46.2179 25706332   16.07%
Elapsed time = 461.53 sec. (485485.95 ticks, tree = 66.54 MB, solutions = 9)
  41024 17974        cutoff             55.0646       46.2470 25963671   16.01%
  41340 17933       47.5259    74       55.0646       46.2476 25893309   16.01%
  41630 18098       47.0662   268       55.0646       46.2476 26233444   16.01%
  41913 18351       53.2608    82       55.0646       46.3180 26628336   15.88%
  42229 18434       50.5169    88       55.0646       46.3376 26811460   15.85%
  42499 18505       51.0348   104       55.0646       46.3428 27008620   15.84%
  42785 18439       53.0371   156       55.0646       46.3543 26844760   15.82%
  43027 18560       50.6817   165       55.0646       46.3553 27088654   15.82%
  43328 18702       52.5407    98       55.0646       46.3553 27554436   15.82%
  43605 18705       47.1435   118       55.0646       46.3712 27568773   15.79%
Elapsed time = 500.09 sec. (523855.52 ticks, tree = 67.46 MB, solutions = 9)
  44005 18940       49.6860   168       55.0646       46.3823 28158178   15.77%
  44457 18991       46.8067   141       55.0646       46.3998 28073701   15.74%
  44904 19077       47.1523   145       55.0646       46.4303 28477532   15.68%
  45250 19067       47.2015   157       55.0646       46.4579 28385072   15.63%
  45608 19334       49.5106   163       55.0646       46.4880 28982313   15.58%
  45865 19782       49.2404   137       55.0646       46.5161 29546780   15.52%
  46134 19746       48.1180    96       55.0646       46.5344 29446337   15.49%
  46394 19941        cutoff             55.0646       46.5764 29959328   15.42%
  46688 19972       52.1339   153       55.0646       46.6095 30094531   15.35%
  46978 20039       52.8066   137       55.0646       46.6391 30224569   15.30%
Elapsed time = 541.26 sec. (562190.78 ticks, tree = 69.62 MB, solutions = 9)
  47299 20013        cutoff             55.0646       46.6797 30165531   15.23%
  47579 20309        cutoff             55.0646       46.7074 30801005   15.18%
* 47757+20434                           54.5549       46.7218            14.36%
  47832 20251       54.7951    51       54.5549       46.7275 30677564   14.35%
  48066 19793       52.7886    87       54.5549       46.7591 31236892   14.29%
  48340 19845       50.6800   126       54.5549       46.7828 31389030   14.25%
  48648 19827       49.6289   174       54.5549       46.7828 31247172   14.25%
  48977 20011       54.4990   101       54.5549       46.7828 31842597   14.25%
  49313 19997        cutoff             54.5549       46.7828 31807142   14.25%
  49657 20108        cutoff             54.5549       46.7828 32134176   14.25%
  49979 20258        cutoff             54.5549       46.7828 32603724   14.25%
Elapsed time = 579.45 sec. (600432.84 ticks, tree = 68.59 MB, solutions = 10)
  50300 20204       49.7300   102       54.5549       46.7828 32470647   14.25%
  50652 20463       51.1360    85       54.5549       46.7828 33082696   14.25%
  50970 20482       53.9454    78       54.5549       46.7828 33141420   14.25%
  51272 20630       49.2951   162       54.5549       46.7828 33565774   14.25%
  51578 20561        cutoff             54.5549       46.7828 33390803   14.25%
  51827 20755       49.3090    97       54.5549       46.7828 33981782   14.25%
  52189 20759        cutoff             54.5549       46.7828 33941116   14.25%
  52603 21125       49.5841   120       54.5549       46.7828 34451200   14.25%
  52998 21085       54.4940   118       54.5549       46.7828 34441986   14.25%
  53526 21014       47.2570   232       54.5549       46.7828 34300013   14.25%
Elapsed time = 618.87 sec. (638803.60 ticks, tree = 69.45 MB, solutions = 10)
  54020 21288       54.0091   107       54.5549       46.7828 34706464   14.25%
  54643 22054       49.1813    96       54.5549       46.7828 35487457   14.25%
  55162 21420       51.5193   122       54.5549       46.7828 34899658   14.25%
  55688 21986       48.3365   145       54.5549       46.7828 35401895   14.25%
  55885 22561       54.1953    92       54.5549       46.7828 35964003   14.25%
  56017 22224       47.4685    83       54.5549       46.7828 35669456   14.25%
  56074 22632        cutoff             54.5549       46.7828 36051474   14.25%

Performing restart 2

Repeating presolve.
Tried aggregator 2 times.
MIP Presolve eliminated 109 rows and 243 columns.
MIP Presolve modified 12935 coefficients.
Aggregator did 12 substitutions.
Reduced MIP has 3829 rows, 2595 columns, and 71363 nonzeros.
Reduced MIP has 2421 binaries, 0 generals, 0 SOSs, and 0 indicators.
Presolve time = 0.10 sec. (195.95 ticks)
Tried aggregator 1 time.
MIP Presolve eliminated 11 rows and 9 columns.
MIP Presolve modified 17 coefficients.
Reduced MIP has 3818 rows, 2586 columns, and 71236 nonzeros.
Reduced MIP has 2412 binaries, 0 generals, 0 SOSs, and 0 indicators.
Presolve time = 0.03 sec. (49.51 ticks)
Represolve time = 0.27 sec. (489.85 ticks)
  56076     0       44.1886    81       54.5549   ZeroHalf: 1 36969865   14.25%
  56076     0       44.1886   135       54.5549      Cuts: 91 36975402   14.25%
  56076     0       44.1886   119       54.5549      Cuts: 12 36978186   14.25%
  56076     0       44.1886   109       54.5549     Cuts: 137 36982883   14.25%
  56076     0       44.1886   121       54.5549      Cuts: 83 36988593   14.25%
  56076     0       44.1886   115       54.5549       Cuts: 9 36991285   14.25%
  56076     0       44.1886   116       54.5549      Cuts: 34 36994550   14.25%
  56076     0       44.1886    93       54.5549      Cuts: 14 36995987   14.25%
  56076     0       44.1886   114       54.5549     Cuts: 122 36999191   14.25%
  56076     0       44.1886   107       54.5549      Cuts: 30 37003057   14.25%
  56076     0       44.1886    76       54.5549       Cuts: 3 37005152   14.25%
  56076     0       44.1886   126       54.5549     Cuts: 142 37019980   14.25%

Repeating presolve.
Tried aggregator 2 times.
MIP Presolve eliminated 31 rows and 71 columns.
MIP Presolve modified 1501 coefficients.
Aggregator did 3 substitutions.
Reduced MIP has 3782 rows, 2512 columns, and 72133 nonzeros.
Reduced MIP has 2338 binaries, 0 generals, 0 SOSs, and 0 indicators.
Presolve time = 0.09 sec. (168.45 ticks)
Tried aggregator 1 time.
MIP Presolve eliminated 9 rows and 4 columns.
MIP Presolve modified 20 coefficients.
Reduced MIP has 3773 rows, 2508 columns, and 71965 nonzeros.
Reduced MIP has 2334 binaries, 0 generals, 0 SOSs, and 0 indicators.
Presolve time = 0.04 sec. (80.03 ticks)
Represolve time = 0.33 sec. (532.72 ticks)
  56076     0       44.1886   114       54.5549      Cuts: 24 37036824   14.25%
  56076     0       44.1886   133       54.5549      Cuts: 41 37038400   14.25%
  56076     0       44.1886   117       54.5549      Cuts: 53 37041362   14.25%
  56076     0       44.1886   104       54.5549      Cuts: 37 37044493   14.25%
  56076     0       44.1886   119       54.5549     Cuts: 109 37046035   14.25%
  56076     0       44.1886   108       54.5549      Cuts: 11 37049243   14.25%
  56076     0       44.1886   106       54.5549       Cuts: 6 37051874   14.25%
  56076     0       44.1886   117       54.5549      Cuts: 34 37054259   14.25%
  56076     0       44.1886   106       54.5549      Cuts: 36 37056453   14.25%
  56076     0       44.1886    72       54.5549       Cuts: 3 37059519   14.25%
  56076     0       44.1886   125       54.5549      Cuts: 99 37067129   14.25%
  56076     0       44.1886   106       54.5549      Cuts: 17 37070953   14.25%
  56076     0       44.1886   105       54.5549      Cuts: 48 37074064   14.25%
  56076     2       44.1886    69       54.5549       46.7828 37074064   14.25%
  56078     3       44.1886    84       54.5549       46.7828 37074149   14.25%
  56092    12       44.2730   182       54.5549       46.7828 37108028   14.25%
Elapsed time = 673.64 sec. (738835.24 ticks, tree = 0.02 MB, solutions = 10)
  56196    40       54.3583    41       54.5549       46.7828 37187725   14.25%
  56375    94       52.8066    64       54.5549       46.7828 37293232   14.25%
  56579   189       50.9165   153       54.5549       46.7828 37415958   14.25%
  56848   285       53.0805    35       54.5549       46.7828 37499684   14.25%
  57104   518       54.3869    48       54.5549       46.7828 37709035   14.25%
  57338   593       44.3160   244       54.5549       46.7828 37890869   14.25%
  57490   664       44.1886   115       54.5549       46.7828 37993617   14.25%
  57770   809        cutoff             54.5549       46.7828 38220516   14.25%
  58099   985       48.6436   148       54.5549       46.7828 38457048   14.25%
  58346  1120       54.4812    89       54.5549       46.7828 38705895   14.25%
Elapsed time = 709.01 sec. (777121.39 ticks, tree = 4.65 MB, solutions = 10)
  58636  1204       46.7843   102       54.5549       46.7828 38826910   14.25%
  59176  1356        cutoff             54.5549       46.7828 39013089   14.25%
  59745  1763       47.1471   185       54.5549       46.7828 39362674   14.25%
  60203  1922       49.2287   147       54.5549       46.7828 39532948   14.25%
  60515  2331       46.8542    90       54.5549       46.7828 39968781   14.25%
  60989  2443       50.2893    53       54.5549       46.7828 40115244   14.25%
  61610  2625       54.1111    58       54.5549       46.7828 40319853   14.25%
  62074  2978       47.3847   201       54.5549       46.7828 40737901   14.25%
  62555  3195       47.1045    88       54.5549       46.7828 41000766   14.25%
  63180  3272       45.5528   115       54.5549       46.7828 41205544   14.25%
Elapsed time = 745.15 sec. (815391.53 ticks, tree = 9.03 MB, solutions = 10)
  63658  3515       50.3341   132       54.5549       46.7828 41634925   14.25%
  64101  3583        cutoff             54.5549       46.7828 41766499   14.25%
  64545  3697       47.2771   160       54.5549       46.7828 41996099   14.25%
  64982  3812        cutoff             54.5549       46.7828 42215742   14.25%
  65521  3968       50.9137   166       54.5549       46.7828 42331403   14.25%
  66186  4317       52.9311    80       54.5549       46.7828 42801836   14.25%
  66791  4599        cutoff             54.5549       46.7828 43096525   14.25%
  67116  4757       53.6413    60       54.5549       46.7828 43250743   14.25%
  67602  4939       53.1630    82       54.5549       46.7828 43468294   14.25%
  68204  5225       47.3508   116       54.5549       46.7828 43835806   14.25%
Elapsed time = 782.32 sec. (853674.20 ticks, tree = 12.38 MB, solutions = 10)
  68595  5479        cutoff             54.5549       46.7828 44104019   14.25%
  68997  5656       52.8504   127       54.5549       46.7828 44336665   14.25%
  69442  5822       50.5427   127       54.5549       46.7828 44607279   14.25%
  69986  5898       53.2784   101       54.5549       46.7828 44726642   14.25%
  70404  6246       48.1795    97       54.5549       46.7828 45262420   14.25%
  70827  6430       54.4882    86       54.5549       46.7828 45512209   14.25%
  71201  6475        cutoff             54.5549       46.7828 45627333   14.25%
  71718  6691        cutoff             54.5549       46.8285 46029359   14.16%
  72307  6920       51.8148    93       54.5549       46.8670 46361939   14.09%
  72798  6935        cutoff             54.5549       46.9061 46375325   14.02%
Elapsed time = 819.83 sec. (891942.36 ticks, tree = 15.10 MB, solutions = 10)
  73242  7231       54.4681    87       54.5549       46.9446 46763493   13.95%
  73581  7325        cutoff             54.5549       47.0396 46872188   13.78%
  74125  7536       49.7211    79       54.5549       47.0814 47128553   13.70%
  74758  7838       50.0966   100       54.5549       47.1086 47579552   13.65%
  75401  7920        cutoff             54.5549       47.1351 47674249   13.60%
  75810  8104       49.0794   126       54.5549       47.1491 47973821   13.57%
  76251  8418       51.9023    85       54.5549       47.1719 48415953   13.53%
  76926  8541       51.6236   126       54.5549       47.2117 48611551   13.46%
  77813  8826        cutoff             54.5549       47.2362 48976337   13.42%
  78468  8991        cutoff             54.5549       47.2771 49207779   13.34%
Elapsed time = 857.91 sec. (930155.09 ticks, tree = 18.98 MB, solutions = 10)
  78899  9281       52.9677    75       54.5549       47.3147 49657790   13.27%
  79292  9458       47.5259    85       54.5549       47.4005 49910564   13.11%
  79735  9527        cutoff             54.5549       47.4468 50149163   13.03%
  80260  9602       51.0081    73       54.5549       47.5010 50290623   12.93%
  81007  9923       54.2958    46       54.5549       47.5420 50654736   12.85%
  81628  9981       49.7451    64       54.5549       47.5720 50738782   12.80%
  82182 10261       53.6173    70       54.5549       47.6264 51346413   12.70%
  82566 10369       48.4707   112       54.5549       47.6766 51621446   12.61%
  83046 10469       51.1435   105       54.5549       47.6766 51794559   12.61%
  83498 10495        cutoff             54.5549       47.7828 51926150   12.41%
Elapsed time = 895.40 sec. (968402.29 ticks, tree = 21.55 MB, solutions = 10)
  83951 10567       50.1629    77       54.5549       47.8126 52140318   12.36%
  84330 10724       49.0500   254       54.5549       47.8481 52431276   12.29%
  84848 10791        cutoff             54.5549       47.8911 52647720   12.21%
  85597 10997       50.6204   140       54.5549       47.9278 53205751   12.15%
  86271 11090       51.4660   145       54.5549       47.9791 53415533   12.05%
  86758 11133       49.5259    75       54.5549       48.0602 53547380   11.90%
  87227 11241       48.6015   140       54.5549       48.1130 53784045   11.81%
  87677 11520       51.0324    57       54.5549       48.1590 54269102   11.72%
  88174 11608       51.0425   212       54.5549       48.1929 54451012   11.66%
* 88716 11718      integral     0       54.2558       48.2483 54646702   11.07%
  88729 11814       54.1230   106       54.2558       48.2483 54723613   11.07%
Elapsed time = 933.56 sec. (1006601.64 ticks, tree = 23.85 MB, solutions = 11)
  89422 11512        cutoff             54.2558       48.3002 54813726   10.98%
  90264 11825      112.8120    84       54.2558       48.3506 55242001   10.88%
  90906 12177       51.1362   143       54.2558       48.4129 55694202   10.77%
  91454 12344        cutoff             54.2558       48.4918 55965664   10.62%
  92018 12349       49.5577   105       54.2558       48.5259 55982617   10.56%
  92578 12555       53.1394    48       54.2558       48.5259 56317546   10.56%
  93159 12642        cutoff             54.2558       48.5387 56468642   10.54%
  93694 12717       48.7828    54       54.2558       48.5618 56706862   10.49%
  94232 12964        cutoff             54.2558       48.5773 57303623   10.47%
  94781 13051        cutoff             54.2558       48.6097 57586954   10.41%
Elapsed time = 971.77 sec. (1044795.81 ticks, tree = 25.98 MB, solutions = 11)
  95594 13009       51.7132    67       54.2558       48.6313 57469331   10.37%
  96408 13197        cutoff             54.2558       48.6710 57944305   10.29%
  97228 13373       53.5274    39       54.2558       48.6949 58255539   10.25%
  97812 13402       51.2297   142       54.2558       48.7340 58318394   10.18%
  98384 13504       51.2159   133       54.2558       48.7641 58905476   10.12%
  98951 13634       53.6387   104       54.2558       48.7950 59309513   10.06%
  99611 13617        cutoff             54.2558       48.8087 59329416   10.04%
 100231 13654       48.9529   182       54.2558       48.8549 59943758    9.95%
 100851 13679       50.1924   110       54.2558       48.8779 60012499    9.91%
 101406 13673       49.9687    75       54.2558       48.9326 60030588    9.81%
Elapsed time = 1010.69 sec. (1083014.18 ticks, tree = 27.05 MB, solutions = 11)
 101989 13772        cutoff             54.2558       48.9603 60611297    9.76%
 102737 13826       49.3107   178       54.2558       49.0079 60839791    9.67%
 103450 13791        cutoff             54.2558       49.0472 61079657    9.60%
 104234 13801       49.5812    85       54.2558       49.1173 61259636    9.47%
 105027 13771        cutoff             54.2558       49.1351 61400788    9.44%
 105738 13716       52.0028   117       54.2558       49.1806 61785274    9.35%
 106538 13685       49.8489    92       54.2558       49.2169 62255281    9.29%
 107304 13698       53.4472    67       54.2558       49.2713 62268415    9.19%
 108097 13604        cutoff             54.2558       49.2945 62682995    9.14%
 108884 13569        cutoff             54.2558       49.3571 62827701    9.03%
Elapsed time = 1048.81 sec. (1121217.75 ticks, tree = 26.76 MB, solutions = 11)
 109626 13441        cutoff             54.2558       49.4076 63146968    8.94%
 110242 13302       50.2097   157       54.2558       49.4692 63441980    8.82%
 110891 13178       52.4232    53       54.2558       49.5337 63973320    8.70%
 111551 13174        cutoff             54.2558       49.5829 63989144    8.61%
 112334 13104        cutoff             54.2558       49.6236 64085998    8.54%
 113047 13098        cutoff             54.2558       49.6800 64200302    8.43%
 113810 12848        cutoff             54.2558       49.8175 64787044    8.18%
 114542 12759       51.0072    98       54.2558       49.9048 65063945    8.02%
 115165 12612        cutoff             54.2558       49.9919 65408651    7.86%
 115886 12614       50.6800    41       54.2558       50.0292 65440674    7.79%
Elapsed time = 1086.67 sec. (1159413.72 ticks, tree = 24.49 MB, solutions = 11)
 116626 12567       51.5864   150       54.2558       50.0942 65849824    7.67%
 117475 12444       50.6800    51       54.2558       50.1787 66141582    7.51%
 118349 12420        cutoff             54.2558       50.2408 66220826    7.40%
 119214 12215        cutoff             54.2558       50.3187 66935254    7.26%
 119964 12088        cutoff             54.2558       50.3437 67223185    7.21%
 120828 12166        cutoff             54.2558       50.4918 67099564    6.94%
 121649 12071       52.5503    74       54.2558       50.5259 67322638    6.87%
 122431 11995       53.5137    73       54.2558       50.5786 67552288    6.78%
 123278 11905        cutoff             54.2558       50.6395 68028149    6.67%
 124156 11907       52.0618   140       54.2558       50.6800 68105138    6.59%
Elapsed time = 1125.23 sec. (1197610.01 ticks, tree = 22.88 MB, solutions = 11)
 124936 11718       51.5087   112       54.2558       50.7631 68494468    6.44%
 125738 11514       52.7073    92       54.2558       50.8173 69104479    6.34%
 126556 11661       53.0005    75       54.2558       50.8562 68829660    6.27%
 127257 11260       52.7002   139       54.2558       50.9309 69673561    6.13%
 128108 11062        cutoff             54.2558       51.0054 70016068    5.99%
 128978 10993        cutoff             54.2558       51.0324 70215892    5.94%
 129875 10914        cutoff             54.2558       51.0693 70406165    5.87%
 130825 10670       54.1462    64       54.2558       51.1567 70795129    5.71%
*131623 10450      integral     0       54.0119       51.2745 71166250    5.07%
 132540  9832       51.6800    42       54.0119       51.3254 71395474    4.97%
Elapsed time = 1163.65 sec. (1235405.20 ticks, tree = 18.45 MB, solutions = 12)
 133581  9500       52.9815   150       54.0119       51.3529 71674765    4.92%
 134488  9161        cutoff             54.0119       51.4391 71944072    4.76%
 135539  8619        cutoff             54.0119       51.6525 72418804    4.37%
 136587  8312        cutoff             54.0119       51.6973 72682870    4.29%
 137656  8213       52.7526   115       54.0119       51.8320 72772834    4.04%
 138687  7324        cutoff             54.0119       51.9690 73283616    3.78%
 139423  7108        cutoff             54.0119       52.0324 73482149    3.66%
 140177  6954       53.1546    59       54.0119       52.0948 73667727    3.55%
*140242+ 7019                           53.6932       52.0948             2.98%
 141101  5860        cutoff             53.6932       52.0972 73895755    2.97%
 141958  5373       52.8112   110       53.6932       52.1672 74348090    2.84%
Elapsed time = 1202.91 sec. (1273626.28 ticks, tree = 8.61 MB, solutions = 13)
 142748  5250       52.9069   140       53.6932       52.2958 74552209    2.60%
 143708  4858       52.6737    31       53.6932       52.2958 74885811    2.60%
 144676  4301        cutoff             53.6932       52.4505 75298749    2.31%
 145958  3531        cutoff             53.6932       52.4505 75583371    2.31%
*146008  3531      integral     0       53.2958       52.4505 75572826    1.59%
 147305  1245       53.0981   191       53.2958       52.7666 75885507    0.99%
 148503   132        cutoff             53.2958       52.7666 76112924    0.99%

GUB cover cuts applied:  56
Clique cuts applied:  4
Cover cuts applied:  593
Implied bound cuts applied:  3
Flow cuts applied:  3
Mixed integer rounding cuts applied:  42
Zero-half cuts applied:  100
Lift and project cuts applied:  5
Gomory fractional cuts applied:  11

Root node processing (before b&c):
  Real time             =    2.70 sec. (5524.09 ticks)
Parallel b&c, 16 threads:
  Real time             = 1222.89 sec. (1291410.61 ticks)
  Sync time (average)   =  513.90 sec.
  Wait time (average)   =    0.03 sec.
                          ------------
Total (root+branch&cut) = 1225.59 sec. (1296934.70 ticks)
Feasible solution found!
Truck nodes:
Truck at node 0 at stage 1
Truck at node 9 at stage 2
Truck at node 7 at stage 3
Truck at node 5 at stage 4
Truck at node 6 at stage 5
Truck at node 4 at stage 6
Truck at node 10 at stage 7
Truck at node 11 at stage 8

Truck arcs:
Arc 1 connecting 0 and 9 with cost 7.71706 
Arc 2 connecting 9 and 7 with cost 13.0501 
Arc 3 connecting 7 and 5 with cost 0.777831 
Arc 4 connecting 5 and 6 with cost 0.955922 
Arc 5 connecting 6 and 4 with cost 5.57365 
Arc 6 connecting 4 and 10 with cost 8.38296 
Arc 7 connecting 10 and 11 with cost 12.8383 
Truck route length: 49.2958
Customer 1 was served by drone!
Customer 2 was served by drone!
Customer 3 was served by drone!
Customer 8 was served by drone!
served customer 2 with st stage 2
start from stage 2 at node 9
end at node 7
end at stage 3
served customer 8 with st stage 2
start from stage 2 at node 9
end at node 7
end at stage 3
served customer 1 with st stage 3
start from stage 3 at node 7
end at node 10
end at stage 7
served customer 3 with st stage 3
start from stage 3 at node 7
end at node 10
end at stage 7
Printing wait:
Printing z(k, k') and drone travel time: 
---------------------------------------------------------------
Sortie starts at stage 2 and ends at stage 3
Start node: 9
End node: 7
Customer served in this sortie:2 8 
Drone arcs during this sortie:
2-->8, l = 3.43429
8-->7, l = 3.52816
9-->2, l = 3.76225
Truck arcs during this sortie:
9---7, l = 13.0501
Drone travel time during sortie: 10.7247
Truck travel time during sortie: 13.0501
Wait time for this sortie: 0
---------------------------------------------------------------
---------------------------------------------------------------
Sortie starts at stage 3 and ends at stage 7
Start node: 7
End node: 10
Customer served in this sortie:1 3 
Drone arcs during this sortie:
1-->10, l = 6.97631
3-->1, l = 2.81169
7-->3, l = 5.8678
Truck arcs during this sortie:
7---5, l = 0.777831
5---6, l = 0.955922
6---4, l = 5.57365
4---10, l = 8.38296
Drone travel time during sortie: 15.6558
Truck travel time during sortie: 15.6904
Wait time for this sortie: 0
---------------------------------------------------------------
Printing zl:
zl[2][9] = 1
zl[3][7] = 1
Printing zr:
zr[2][7] = 1
zr[3][10] = 1
Printing zs:
zs[2][2] = 1
zs[2][8] = 1
zs[3][1] = 1
zs[3][3] = 1
Printing x_d:
x_d[1][10] = 1
x_d[2][8] = 1
x_d[3][1] = 1
x_d[7][3] = 1
x_d[8][7] = 1
x_d[9][2] = 1
Done!
Solve time: 1225.59
OBJECTIVE VALUE: 53.2958.
In write mode
