Instance name: /home/orlab/CLionProjects/RV-FSTSP/Murray_instances/FSTSP/FSTSP_10_customer_problems/20140810T123443v9
Write arg val: 1
Input is specified as type M: Murray instance.-.-.-.-.-.-.-.-.-.-.-.-.-.-.-.-.-.-.-.-

drone speed: 0.6 miles/minute
uav non-eligible customer: 4 8 
Printing tau:
0 4.2001 12.6334 12.5505 10.8096 5.65042 5.64207 5.93982 1.11799 7.36834 3.00628 0 
4.2001 0 8.59672 16.5872 14.8463 1.92825 1.9199 7.49765 3.32128 11.405 7.04299 4.2001 
12.6334 8.59672 0 25.184 23.443 8.42508 9.39342 16.0944 11.7546 20.0018 15.6397 12.6334 
12.5505 16.5872 25.184 0 20.0769 16.7589 15.7905 15.6083 13.4294 5.1822 10.0243 12.5505 
10.8096 14.8463 23.443 20.0769 0 15.0179 14.0496 7.34864 11.6884 17.2947 10.5327 10.8096 
5.65042 1.92825 8.42508 16.7589 15.0179 0 0.968346 7.66929 5.01036 12.5367 7.21463 5.65042 
5.64207 1.9199 9.39342 15.7905 14.0496 0.968346 0 6.70095 5.00201 12.5283 6.24629 5.64207 
5.93982 7.49765 16.0944 15.6083 7.34864 7.66929 6.70095 0 5.29976 12.8261 6.06403 5.93982 
1.11799 3.32128 11.7546 13.4294 11.6884 5.01036 5.00201 5.29976 0 8.24716 3.8851 1.11799 
7.36834 11.405 20.0018 5.1822 17.2947 12.5367 12.5283 12.8261 8.24716 0 6.76206 7.36834 
3.00628 7.04299 15.6397 10.0243 10.5327 7.21463 6.24629 6.06403 3.8851 6.76206 0 3.00628 
0 0 0 0 0 0 0 0 0 0 0 0 
Printing tau_prime:
0 2.7733 6.40567 8.00184 7.57922 3.55846 3.28613 3.47218 0.549116 5.09384 1.5197 0 
2.7733 0 4.53721 10.7671 8.22389 0.977764 1.04987 3.94906 2.22874 7.86711 4.05316 2.7733 
6.40567 4.53721 0 13.8369 12.7369 4.83259 5.26653 8.48623 5.94183 10.8808 7.92402 6.40567 
8.00184 10.7671 13.8369 0 10.1784 11.4679 11.1089 9.12274 8.55077 2.97077 6.81733 8.00184 
7.57922 8.22389 12.7369 10.1784 0 7.95679 7.49335 4.34398 7.69376 8.9064 6.62071 7.57922 
3.55846 0.977764 4.83259 11.4679 7.95679 0 0.489107 3.87634 3.03842 8.61874 4.66744 3.55846 
3.28613 1.04987 5.26653 11.1089 7.49335 0.489107 0 3.38783 2.79373 8.29151 4.29363 3.28613 
3.47218 3.94906 8.48623 9.12274 4.34398 3.87634 3.38783 0 3.45972 6.7721 3.0714 3.47218 
0.549116 2.22874 5.94183 8.55077 7.69376 3.03842 2.79373 3.45972 0 5.63927 1.99988 0.549116 
5.09384 7.86711 10.8808 2.97077 8.9064 8.61874 8.29151 6.7721 5.63927 0 4.06431 5.09384 
1.5197 4.05316 7.92402 6.81733 6.62071 4.66744 4.29363 3.0714 1.99988 4.06431 0 1.5197 
0 0 0 0 0 0 0 0 0 0 0 0 
---------------------------------------------------------------
Current config:
- Number of threads = 16
- Drone endurance = 20
- SL = 1
- SR = 1
- L = 2
- Allow loop = 0
- Use TSP optimal solution as warmstart: = 0
- Use cutting plane method: = 0
- Use CPLEX conflict refiner: = 0
---------------------------------------------------------------
M value: 551.763
Warning:  Output names have been modified due to duplicate names or characters invalid in LP format.
Version identifier: 22.1.1.0 | 2022-11-28 | 9160aff4d
CPXPARAM_Threads                                 16
CPXPARAM_TimeLimit                               3600
Tried aggregator 2 times.
MIP Presolve eliminated 1032 rows and 429 columns.
MIP Presolve modified 2663 coefficients.
Aggregator did 34 substitutions.
Reduced MIP has 3966 rows, 2981 columns, and 84106 nonzeros.
Reduced MIP has 2805 binaries, 0 generals, 0 SOSs, and 0 indicators.
Presolve time = 0.06 sec. (114.00 ticks)
Probing time = 0.01 sec. (9.81 ticks)
Tried aggregator 1 time.
Detecting symmetries...
MIP Presolve eliminated 1 rows and 0 columns.
MIP Presolve modified 24 coefficients.
Reduced MIP has 3965 rows, 2981 columns, and 84072 nonzeros.
Reduced MIP has 2805 binaries, 0 generals, 0 SOSs, and 0 indicators.
Presolve time = 0.03 sec. (47.01 ticks)
Probing time = 0.01 sec. (9.39 ticks)
Clique table members: 41349.
MIP emphasis: balance optimality and feasibility.
MIP search method: dynamic search.
Parallel mode: deterministic, using up to 16 threads.
Root relaxation solution time = 0.14 sec. (303.84 ticks)

        Nodes                                         Cuts/
   Node  Left     Objective  IInf  Best Integer    Best Bound    ItCnt     Gap

*     0+    0                        41458.7547        0.0000           100.00%
      0     0       24.4698   277    41458.7547       24.4698     3605   99.94%
*     0+    0                          117.4107       24.4698            79.16%
      0     0       29.6598   158      117.4107      Cuts: 86     5135   74.74%
*     0+    0                          117.3241       29.6598            74.72%
      0     0       30.8424   191      117.3241     Cuts: 133     9560   73.71%
      0     0       30.8424   168      117.3241     Cuts: 123    10709   73.71%
*     0+    0                           92.9092       30.8424            66.80%
*     0+    0                           87.5532       30.8424            64.77%
      0     0  -1.00000e+75     0       87.5532       30.8424    10709   64.77%
      0     0       30.8424   165       87.5532     Cuts: 112    11818   64.77%
      0     0       30.8424   177       87.5532      Cuts: 90    12334   64.77%
Detecting symmetries...
*     0+    0                           59.7264       30.8424            48.36%
*     0+    0                           54.8176       31.1735            43.13%
Detecting symmetries...
      0     2       30.8424   170       54.8176       31.2382    12334   43.01%
Elapsed time = 3.10 sec. (6423.54 ticks, tree = 0.02 MB, solutions = 7)
      1     3       30.8803   229       54.8176       31.2382    16023   43.01%
      2     3       31.0976   128       54.8176       31.2382    16468   43.01%
      4     5       32.0948    95       54.8176       31.2382    21686   43.01%
      9    11       38.8372    55       54.8176       31.2382    28825   43.01%
*    12+    9                           52.8408       31.2382            40.88%
    138    31       48.1368    16       52.8408       31.2382    36492   40.88%
    366    85       34.2253    68       52.8408       31.2382    58224   40.88%
    479    75       32.5056   251       52.8408       31.2382    56674   40.88%
    603   259       48.6848    52       52.8408       31.2382   109789   40.88%
    743   326       34.2253    62       52.8408       31.2382   133094   40.88%
*   834   461      integral     0       51.3811       31.2382   193476   39.20%
    841   441       36.9527    43       51.3811       31.2382   177022   39.20%
Elapsed time = 6.17 sec. (10184.53 ticks, tree = 0.52 MB, solutions = 10)
   1038   551        cutoff             51.3811       31.2382   256854   39.20%
   1157   672       44.5927    54       51.3811       31.2382   345271   39.20%
*  1238+  719                           51.1867       31.2382            38.97%
   1305   685       33.1082   209       51.1867       31.2382   358679   38.97%
   1355   835       36.4157   181       51.1867       31.2382   471368   38.97%
   1515   944       33.4070   102       51.1867       31.5765   540972   38.31%
   1701   994        cutoff             51.1867       31.5765   577936   38.31%
   1843  1127       32.3053    63       51.1867       31.5765   657012   38.31%
   2098  1212       31.5819   239       51.1867       31.5765   723872   38.31%
   2298  1400       43.7282   103       51.1867       31.5765   811682   38.31%
   2559  1669       38.3953   162       51.1867       31.5765   905834   38.31%
Elapsed time = 16.36 sec. (19764.48 ticks, tree = 13.54 MB, solutions = 11)
   2659  1772       48.5247    71       51.1867       31.5765   949106   38.31%
   2808  1929        cutoff             51.1867       31.5765  1017905   38.31%
*  2996+ 1966                           50.3290       31.5765            37.26%
   3176  1970       33.4883   196       50.3290       31.5765  1037152   37.26%
   3438  2134       40.9871    75       50.3290       31.5765  1102717   37.26%
*  3488+ 2317                           49.9368       31.5765            36.77%
*  3588+ 2377                           43.7891       31.5765            27.89%
   3599  2500       32.1599   115       43.7891       31.5765  1240677   27.89%
   3848  2032       31.5946   245       43.7891       31.5765  1318701   27.89%
*  4003  2151      integral     0       42.2592       31.5769  1363529   25.28%
   4291  2048       31.7793   169       42.2592       31.5769  1417007   25.28%
   4364  2125       32.7457   125       42.2592       31.5769  1437083   25.28%

Performing restart 1

Repeating presolve.
Tried aggregator 2 times.
MIP Presolve eliminated 34 rows and 365 columns.
MIP Presolve modified 4088 coefficients.
Aggregator did 7 substitutions.
Reduced MIP has 3924 rows, 2609 columns, and 63048 nonzeros.
Reduced MIP has 2433 binaries, 0 generals, 0 SOSs, and 0 indicators.
Presolve time = 0.06 sec. (85.19 ticks)
Tried aggregator 1 time.
MIP Presolve eliminated 0 rows and 6 columns.
Reduced MIP has 3924 rows, 2603 columns, and 62712 nonzeros.
Reduced MIP has 2427 binaries, 0 generals, 0 SOSs, and 0 indicators.
Presolve time = 0.02 sec. (34.54 ticks)
Represolve time = 0.14 sec. (243.32 ticks)
   4365     0       31.5442   208       42.2592      Cuts: 15  1534875   25.28%
   4365     0       31.5784   294       42.2592     Cuts: 151  1544853   25.27%
*  4365+    0                           42.1042       31.5804            24.99%
   4365     0       31.5841   312       42.1042      Cuts: 89  1545994   24.97%
   4365     0       31.5841   311       42.1042     Cuts: 118  1546237   24.97%
   4365     0       31.5841   313       42.1042     Cuts: 113  1547075   24.97%
   4365     0       31.5842   316       42.1042     Cuts: 129  1547391   24.97%
   4365     0       31.5843   343       42.1042      Cuts: 84  1547773   24.97%
   4365     0       31.5844   329       42.1042      Cuts: 67  1548151   24.97%
   4365     0       31.5844   335       42.1042      Cuts: 62  1548255   24.97%
   4365     0       31.5844   345       42.1042      Cuts: 59  1548530   24.97%
   4365     0       31.5845   339       42.1042      Cuts: 55  1548704   24.97%
   4365     0       31.5845   353       42.1042      Cuts: 49  1548799   24.97%
   4365     0       31.5845   348       42.1042      Cuts: 19  1548831   24.97%
   4365     0       31.5845   341       42.1042      Cuts: 19  1549016   24.97%
   4365     2       31.5845   340       42.1042       31.5912  1549016   24.97%
Elapsed time = 32.31 sec. (45254.73 ticks, tree = 0.02 MB, solutions = 16)
   4366     3       31.5961   276       42.1042       31.5961  1550566   24.96%
   4367     3       32.0030   200       42.1042       31.5961  1554451   24.96%
   4368     4       31.5961   275       42.1042       31.5961  1551383   24.96%
   4371     8       31.7661   136       42.1042       31.5965  1563288   24.96%
   4375     8       33.0551   137       42.1042       31.5965  1564984   24.96%
   4388    12       33.2584   152       42.1042       31.5965  1585065   24.96%
   4397    13       36.1950    89       42.1042       31.5965  1585514   24.96%
   4407    15       36.1950    89       42.1042       31.8159  1598732   24.44%
   4425    25       36.6950    83       42.1042       31.8159  1609054   24.44%
   4474    36       39.6301    71       42.1042       31.9242  1623928   24.18%
Elapsed time = 42.69 sec. (63766.85 ticks, tree = 0.09 MB, solutions = 16)
   4535    47       38.9559    97       42.1042       31.9407  1616164   24.14%
   4625    67       32.3099    98       42.1042       31.9407  1645349   24.14%
   4759   137       37.0951    81       42.1042       31.9407  1672707   24.14%
   4933   285       40.7469   151       42.1042       31.9407  1727818   24.14%
   5088   290       41.6399    75       42.1042       31.9407  1735242   24.14%
   5271   347       38.4406    67       42.1042       31.9407  1742520   24.14%
   5443   403       32.3327   271       42.1042       31.9407  1769112   24.14%
   5513   525       33.8861   177       42.1042       31.9407  1803991   24.14%
   5598   700       40.7583    50       42.1042       31.9407  1876455   24.14%
   5698   697       32.3978   253       42.1042       31.9407  1889972   24.14%
Elapsed time = 51.80 sec. (73380.97 ticks, tree = 12.06 MB, solutions = 16)
   5905   747       32.3053    33       42.1042       31.9407  1911638   24.14%
   6085   799       38.3179    41       42.1042       31.9423  1926793   24.14%
   6326   959       32.3764   237       42.1042       31.9423  1963035   24.14%
   6574  1023       35.2460   160       42.1042       31.9423  1995409   24.14%
   6805  1175       36.8949   127       42.1042       32.3053  2035649   23.27%
   7034  1431       36.9756   140       42.1042       32.3053  2100872   23.27%
   7229  1694        cutoff             42.1042       32.3053  2198835   23.27%
   7339  1695       36.4147   112       42.1042       32.3053  2192383   23.27%
   7446  2106        cutoff             42.1042       32.3053  2335600   23.27%
   7523  2148       35.9002   145       42.1042       32.3053  2361150   23.27%
Elapsed time = 61.66 sec. (83004.57 ticks, tree = 59.67 MB, solutions = 16)
   7613  2200       32.8929   167       42.1042       32.3053  2406600   23.27%
   7700  2252       35.7033   107       42.1042       32.3053  2449577   23.27%
   7907  2325       37.8428   106       42.1042       32.3053  2489198   23.27%
   8133  2403       35.3272   141       42.1042       32.3053  2503586   23.27%
   8400  2622       39.8672   103       42.1042       32.3053  2576712   23.27%
   8561  2727       39.3318   142       42.1042       32.3053  2629055   23.27%
   8835  2647       34.3204   118       42.1042       32.3053  2603922   23.27%
   8971  3032       34.7413   147       42.1042       32.3053  2741628   23.27%
   9066  3173       32.4497   164       42.1042       32.3053  2819755   23.27%
   9142  3227       33.3053   118       42.1042       32.3053  2844874   23.27%
Elapsed time = 71.12 sec. (92603.13 ticks, tree = 96.73 MB, solutions = 16)
   9254  3324        cutoff             42.1042       32.3053  2927474   23.27%
   9440  3451       36.7207   171       42.1042       32.3053  2984035   23.27%
   9627  3458       32.6770   235       42.1042       32.3053  3008275   23.27%
   9903  3553       38.1199   154       42.1042       32.3053  3076749   23.27%
  10312  3733       35.8157   180       42.1042       32.3087  3124905   23.26%
  10671  3736       33.3299    79       42.1042       32.3087  3139274   23.26%
  10916  4064        cutoff             42.1042       32.3087  3216924   23.26%
  11017  4455       39.6215   106       42.1042       32.3194  3315213   23.24%
  11103  4616       37.9879    68       42.1042       32.3194  3397539   23.24%
  11199  4675       33.5005   138       42.1042       32.3406  3425333   23.19%
Elapsed time = 80.62 sec. (102247.54 ticks, tree = 145.31 MB, solutions = 16)
  11314  4679       38.5194    77       42.1042       32.3573  3436617   23.15%
  11452  4948       40.6924   118       42.1042       32.3573  3533195   23.15%
  11652  4971        cutoff             42.1042       32.3573  3540653   23.15%
  12013  5011       39.6062   105       42.1042       32.3586  3588621   23.15%
  12418  4965       39.0670   200       42.1042       32.3903  3575247   23.07%
  12670  5464        cutoff             42.1042       32.3903  3681674   23.07%
  12946  5983        cutoff             42.1042       32.4169  3863292   23.01%
  13195  5826       35.2295    38       42.1042       32.4180  3820300   23.01%
  13393  6115        cutoff             42.1042       32.4180  3928830   23.01%
  13488  6316        cutoff             42.1042       32.4302  4009982   22.98%
Elapsed time = 90.26 sec. (111837.12 ticks, tree = 178.58 MB, solutions = 16)
  13610  6447       39.2150   203       42.1042       32.4302  4075660   22.98%
  13745  6525       37.9214   122       42.1042       32.4749  4136585   22.87%
  13862  6499       38.6882    47       42.1042       32.4875  4117017   22.84%
  14106  6710       40.1457   140       42.1042       32.4966  4223102   22.82%
  14385  6763       39.4087   127       42.1042       32.4966  4240460   22.82%
  14655  6892       38.0693   159       42.1042       32.4966  4268515   22.82%
  15054  7023       38.1552   136       42.1042       32.4966  4316815   22.82%
  15377  7346       35.8533   193       42.1042       32.5037  4418417   22.80%
  15692  7709       34.6326   157       42.1042       32.5585  4521413   22.67%
  16173  8273       40.3580    97       42.1042       32.5863  4742449   22.61%
Elapsed time = 102.28 sec. (124292.73 ticks, tree = 247.18 MB, solutions = 16)
  16830  8529       34.9332    59       42.1042       32.7260  4916147   22.27%
  18033  9514       38.9370   138       42.1042       32.8437  5217627   21.99%
  18688 10034       41.1730   133       42.1042       32.8801  5436453   21.91%
  19762 10387       36.0554   131       42.1042       32.9747  5586924   21.68%
  20815 11211       39.7756   160       42.1042       33.1369  5806513   21.30%
* 20856 11574      integral     0       41.9284       33.1492  5946054   20.94%
  21500 11729       40.8177    64       41.9284       33.3156  6078609   20.54%
  22611 12081       40.3875   136       41.9284       33.3440  6212738   20.47%
  23352 13023        cutoff             41.9284       33.3693  6578023   20.41%
  24012 13392       39.2721    49       41.9284       33.4238  6764426   20.28%
  25441 14040       38.4163   134       41.9284       33.4989  6997326   20.10%
Elapsed time = 139.76 sec. (162499.13 ticks, tree = 372.03 MB, solutions = 17)
  26568 15090       37.3999   159       41.9284       33.6624  7286050   19.71%
* 26938+15461                           38.9029       33.6700            13.45%
  27086  9969       34.6508   195       38.9029       33.8117  7525719   13.09%
  28147 10079       38.0178   142       38.9029       33.8242  7606072   13.05%
  28996 10696       37.0787    76       38.9029       33.9428  7818103   12.75%
  29526 11401       35.2183    81       38.9029       33.9984  8190151   12.61%
  30111 11714       36.6000   221       38.9029       34.0431  8395149   12.49%
  31155 12166       37.2280   168       38.9029       34.1035  8592419   12.34%
  31814 12519       38.2451   141       38.9029       34.1035  8758187   12.34%
  32361 13124       37.9541    46       38.9029       34.1035  9079254   12.34%
  33163 13364       35.4754    58       38.9029       34.2388  9201061   11.99%
Elapsed time = 177.90 sec. (200707.37 ticks, tree = 355.29 MB, solutions = 18)
  34523 13510       35.7325   133       38.9029       34.3021  9304226   11.83%
  35299 14974       37.7844    90       38.9029       34.3021  9811957   11.83%
  35876 15308       34.7378   126       38.9029       34.3021  9980391   11.83%
  36738 15554        cutoff             38.9029       34.3021 10096721   11.83%
  37906 16193       34.5486   115       38.9029       34.3021 10390609   11.83%
  39010 16573       36.0890   129       38.9029       34.3357 10609750   11.74%
  39681 17155       35.6727   230       38.9029       34.3641 10987130   11.67%
  40295 17233       37.8864   194       38.9029       34.4008 11113434   11.57%
  40871 17348       34.5978   135       38.9029       34.4264 11348832   11.51%
  41514 17501       35.5648   160       38.9029       34.4645 11586703   11.41%
Elapsed time = 216.89 sec. (238956.06 ticks, tree = 431.12 MB, solutions = 18)
  42083 17472       35.1955   162       38.9029       34.5136 11666120   11.28%
  42691 17628        cutoff             38.9029       34.5464 11875580   11.20%
* 43379+17771                           38.7795       34.5800            10.83%
  43382 17929        cutoff             38.7795       34.5800 12204596   10.83%
  43929 17549       38.0164   135       38.7795       34.6109 12282441   10.75%
  44549 17561       35.0757   189       38.7795       34.6384 12391085   10.68%
  45105 17631        cutoff             38.7795       34.6776 12645157   10.58%
  45576 17763       38.6195   135       38.7795       34.6863 12842204   10.56%

Performing restart 2

Repeating presolve.
Tried aggregator 2 times.
MIP Presolve eliminated 115 rows and 183 columns.
MIP Presolve modified 4677 coefficients.
Aggregator did 12 substitutions.
Reduced MIP has 3797 rows, 2408 columns, and 69614 nonzeros.
Reduced MIP has 2232 binaries, 0 generals, 0 SOSs, and 0 indicators.
Presolve time = 0.07 sec. (160.58 ticks)
Tried aggregator 2 times.
MIP Presolve eliminated 17 rows and 11 columns.
MIP Presolve modified 44 coefficients.
Aggregator did 1 substitutions.
Reduced MIP has 3779 rows, 2396 columns, and 68894 nonzeros.
Reduced MIP has 2220 binaries, 0 generals, 0 SOSs, and 0 indicators.
Presolve time = 0.06 sec. (116.68 ticks)
Represolve time = 0.26 sec. (494.81 ticks)
  45741     0       31.6044   352       38.7795      Cuts: 37 13187779   10.44%
  45741     0       31.6045   342       38.7795      Cuts: 30 13187868   10.44%
  45741     0       31.6069   322       38.7795      Cuts: 27 13188204   10.44%
  45741     0       31.6077   351       38.7795      Cuts: 81 13188408   10.44%
  45741     0       31.6078   354       38.7795      Cuts: 17 13188505   10.44%
  45741     0       31.6082   348       38.7795      Cuts: 19 13188661   10.44%
  45741     0       31.6082   349       38.7795      Cuts: 37 13188842   10.44%
  45741     0       31.6082   352       38.7795      Cuts: 35 13188897   10.44%
  45741     0       31.6083   372       38.7795      Cuts: 38 13189015   10.44%

Repeating presolve.
Tried aggregator 1 time.
MIP Presolve eliminated 94 rows and 60 columns.
MIP Presolve modified 7303 coefficients.
Reduced MIP has 3678 rows, 2336 columns, and 75124 nonzeros.
Reduced MIP has 2160 binaries, 0 generals, 0 SOSs, and 0 indicators.
Presolve time = 0.06 sec. (159.63 ticks)
Tried aggregator 2 times.
MIP Presolve eliminated 94 rows and 75 columns.
MIP Presolve modified 1030 coefficients.
Aggregator did 7 substitutions.
Reduced MIP has 3577 rows, 2254 columns, and 72713 nonzeros.
Reduced MIP has 2078 binaries, 0 generals, 0 SOSs, and 0 indicators.
Presolve time = 0.10 sec. (202.46 ticks)
Tried aggregator 1 time.
MIP Presolve eliminated 5 rows and 3 columns.
MIP Presolve modified 236 coefficients.
Reduced MIP has 3570 rows, 2251 columns, and 72110 nonzeros.
Reduced MIP has 2075 binaries, 0 generals, 0 SOSs, and 0 indicators.
Presolve time = 0.03 sec. (58.93 ticks)
Represolve time = 0.50 sec. (974.69 ticks)
  45741     0       31.6119   382       38.7795      Cuts: 19 13207238   10.44%
  45741     0       31.6120   389       38.7795      Cuts: 36 13207375   10.44%
  45741     0       31.6120   388       38.7795      Cuts: 24 13207420   10.44%
  45741     0       31.6121   402       38.7795      Cuts: 17 13207510   10.44%
  45741     0       31.6121   411       38.7795      Cuts: 28 13207574   10.44%
  45741     0       31.6122   395       38.7795      Cuts: 11 13207693   10.44%
  45741     0       31.6122   393       38.7795      Cuts: 39 13207910   10.44%
  45741     0       31.6122   401       38.7795      Cuts: 55 13208131   10.44%
  45741     2       31.6122   401       38.7795       34.7295 13208131   10.44%
  45751     5       32.1858   174       38.7795       34.7295 13216688   10.44%
  45785    13       34.3021    33       38.7795       34.7295 13236372   10.44%
Elapsed time = 269.71 sec. (328152.97 ticks, tree = 0.02 MB, solutions = 19)
  46050    25       37.5537    67       38.7795       34.7295 13337497   10.44%
  46245    29       32.8442   266       38.7795       34.7295 13419671   10.44%
  46755   232        cutoff             38.7795       34.7295 13621869   10.44%
  47311   420       32.3053   105       38.7795       34.7295 13842323   10.44%
  47844   557       36.9431   148       38.7795       34.7295 14076868   10.44%
  48622  1052       32.7791   134       38.7795       34.7295 14307428   10.44%
  49455  1533        cutoff             38.7795       34.7295 14534386   10.44%
  50136  1933       34.3836   113       38.7795       34.7295 14783062   10.44%
  50813  2259        cutoff             38.7795       34.7295 15177535   10.44%
  51585  2554       37.2490   104       38.7795       34.7295 15482830   10.44%
Elapsed time = 307.46 sec. (366406.63 ticks, tree = 3.89 MB, solutions = 19)
  52291  2749       34.0086   126       38.7795       34.7295 15803134   10.44%
  52948  3023       36.9540   151       38.7795       34.7295 16051222   10.44%
  53701  3476       36.6537    78       38.7795       34.7295 16382860   10.44%
  54455  3997       37.0444   148       38.7795       34.7295 16741602   10.44%
  55088  4314       35.9603   255       38.7795       34.7295 17108190   10.44%
  55951  4493        cutoff             38.7795       34.7295 17338384   10.44%
  56559  4923       36.1766   245       38.7795       34.7295 17756986   10.44%
  57245  5240       37.7121   101       38.7795       34.7295 18100410   10.44%
  58041  5449        cutoff             38.7795       34.7295 18334425   10.44%
  58651  5867        cutoff             38.7795       34.7295 18780837   10.44%
Elapsed time = 346.82 sec. (404590.27 ticks, tree = 9.19 MB, solutions = 19)
  59490  5984       37.6216    61       38.7795       34.7295 18933527   10.44%
  60392  6393       33.9905   203       38.7795       34.7295 19216795   10.44%
  61367  6797       35.6912   129       38.7795       34.7295 19612274   10.44%
  61890  7198       36.2101   134       38.7795       34.7295 20016652   10.44%
  62655  7387       34.5905   203       38.7795       34.7295 20268404   10.44%
  63461  7620       36.1330   220       38.7795       34.7295 20483574   10.44%
  63990  7846        cutoff             38.7795       34.7295 21039639   10.44%
  64548  7910       36.6236   124       38.7795       34.7295 21225871   10.44%
  65274  8296       35.2596   113       38.7795       34.7295 21622815   10.44%
  66130  8408        cutoff             38.7795       34.7295 21853004   10.44%
Elapsed time = 386.01 sec. (442773.68 ticks, tree = 13.16 MB, solutions = 19)
  66651  8810    infeasible             38.7795       34.7295 22273389   10.44%
  67164  8878       37.1938    89       38.7795       34.7295 22414711   10.44%
  67819  8956        cutoff             38.7795       34.7295 22678649   10.44%
  68397  8998        cutoff             38.7795       34.7295 22964103   10.44%
  68932  9178       37.6898    78       38.7795       34.7295 23340650   10.44%
  69477  9258       37.1108    42       38.7795       34.7295 23700602   10.44%
  70089  9212        cutoff             38.7795       34.7295 24025082   10.44%
  70646  9368       38.6452    59       38.7795       34.7295 24235298   10.44%
  71449  9359        cutoff             38.7795       34.7295 24349780   10.44%
  72021  9626       37.7946   171       38.7795       34.7295 24672928   10.44%
Elapsed time = 425.76 sec. (480999.63 ticks, tree = 15.45 MB, solutions = 19)
* 72253+ 9852                           38.3456       34.7295             9.43%
  72465  9857       35.1950    44       38.3456       34.7295 25171845    9.43%
  73012  9622       36.2822    60       38.3456       34.7295 25423487    9.43%
  73811  9819       35.5684    86       38.3456       34.7295 25669434    9.43%
  74801 10139       35.2144    32       38.3456       35.0545 25963660    8.58%
  75515 10929       35.8884    99       38.3456       35.1797 26379680    8.26%
  76146 11141       36.7337    71       38.3456       35.1950 26664030    8.22%
  76970 11278       37.3140    60       38.3456       35.1950 26915644    8.22%
  78158 11528       37.3107   133       38.3456       35.1950 27311268    8.22%
  79268 11652       38.3306   127       38.3456       35.2058 27572752    8.19%
  80063 11767       37.6933   115       38.3456       35.2156 27963417    8.16%
Elapsed time = 464.88 sec. (519197.15 ticks, tree = 18.92 MB, solutions = 20)
  80938 11550       36.9037    76       38.3456       35.2183 28410090    8.16%
  81667 11600       38.1201   138       38.3456       35.2274 28356195    8.13%
  82446 11469       37.2661    94       38.3456       35.2274 28876809    8.13%
  83347 11357        cutoff             38.3456       35.2274 29170070    8.13%
  84181 11213        cutoff             38.3456       35.3139 29490494    7.91%
  85138 11079       36.0146   157       38.3456       35.3933 29648227    7.70%
  86047 10864        cutoff             38.3456       35.5476 29973805    7.30%
  86818 10818       37.1441   230       38.3456       35.6416 30142334    7.05%
  87677 10687       35.8651   162       38.3456       35.7028 30519439    6.89%
  88562 10669        cutoff             38.3456       35.7888 30694296    6.67%
Elapsed time = 503.20 sec. (557406.92 ticks, tree = 17.11 MB, solutions = 20)
  89323 10652       37.7029   144       38.3456       35.8561 31132153    6.49%
  90070 10577       37.3447   168       38.3456       35.8826 31349244    6.42%
  90694 10575       37.3743   103       38.3456       35.9450 31391017    6.26%
  91314 10790       36.3822    95       38.3456       35.9792 31844154    6.17%
  92005 10862       36.6551   225       38.3456       35.9792 32179540    6.17%
  92624 10842       38.0995    83       38.3456       35.9991 32225007    6.12%
  93274 10954       36.2792   118       38.3456       36.0814 32594968    5.90%
  94118 11101       36.1716   102       38.3456       36.1550 32829540    5.71%
  95156 11132       36.1828    64       38.3456       36.1550 33082394    5.71%
  95971 11613       36.4077    67       38.3456       36.1550 33822727    5.71%
Elapsed time = 542.66 sec. (595613.74 ticks, tree = 18.62 MB, solutions = 20)
  96748 11573        cutoff             38.3456       36.1550 34031714    5.71%
  97452 11578       36.5326   225       38.3456       36.1550 34267633    5.71%
  98114 11715       38.2546   144       38.3456       36.1550 34628671    5.71%
  99080 11728        cutoff             38.3456       36.1550 34879066    5.71%
 100568 11752       37.9234   130       38.3456       36.1550 35163479    5.71%
 101776 11354        cutoff             38.3456       36.1550 35598849    5.71%
 102988 10852       37.3290    84       38.3456       36.1550 35931242    5.71%
 104072 10935       36.9781    73       38.3456       36.4324 35917154    4.99%
 105130 10281        cutoff             38.3456       36.5095 36497992    4.79%
 106110  9985       37.9159    42       38.3456       36.5649 36694863    4.64%
Elapsed time = 581.62 sec. (633830.09 ticks, tree = 15.83 MB, solutions = 20)
 107050  9850       38.1471   104       38.3456       36.6407 36907452    4.45%
 107775  9637       37.1354    78       38.3456       36.7094 37153496    4.27%
 108427  9597        cutoff             38.3456       36.7695 37216890    4.11%
 109188  9528        cutoff             38.3456       36.8149 37572956    3.99%
 110032  9299       37.9244    41       38.3456       36.8584 38098155    3.88%
 110946  8991       37.2920    47       38.3456       36.8849 38412959    3.81%
 111806  8989        cutoff             38.3456       36.9314 38632097    3.69%
 112479  8987        cutoff             38.3456       36.9705 38651601    3.59%
 113226  9047       37.3406   125       38.3456       36.9921 38922046    3.53%
 113976  9036       37.3276    78       38.3456       37.0269 39250029    3.44%
Elapsed time = 620.93 sec. (672008.53 ticks, tree = 14.08 MB, solutions = 20)
 114923  8936        cutoff             38.3456       37.0468 39477433    3.39%
 115943  8810        cutoff             38.3456       37.0909 39763653    3.27%
 117141  7764        cutoff             38.3456       37.1124 40443529    3.22%
 118424  7420        cutoff             38.3456       37.1317 40771398    3.17%
 119737  6816        cutoff             38.3456       37.1550 41102363    3.10%
 121117  6026        cutoff             38.3456       37.3477 41482773    2.60%
 122786  5090       38.1317    36       38.3456       37.4792 41753944    2.26%
 124464  4140       38.1550    40       38.3456       37.5662 42097383    2.03%
 126146  2970        cutoff             38.3456       37.5662 42384746    2.03%
 128236  1489       38.1317    30       38.3456       38.0035 42777043    0.89%
Elapsed time = 660.36 sec. (710188.27 ticks, tree = 1.99 MB, solutions = 20)
 130231   253        cutoff             38.3456       38.1990 43039667    0.38%

GUB cover cuts applied:  47
Clique cuts applied:  4
Cover cuts applied:  579
Implied bound cuts applied:  4
Flow cuts applied:  9
Mixed integer rounding cuts applied:  54
Zero-half cuts applied:  83
Lift and project cuts applied:  12
Gomory fractional cuts applied:  13

Root node processing (before b&c):
  Real time             =    3.05 sec. (6312.91 ticks)
Parallel b&c, 16 threads:
  Real time             =  661.22 sec. (708551.93 ticks)
  Sync time (average)   =  274.43 sec.
  Wait time (average)   =    0.03 sec.
                          ------------
Total (root+branch&cut) =  664.27 sec. (714864.84 ticks)
Feasible solution found!
Truck nodes:
Truck at node 0 at stage 1
Truck at node 8 at stage 2
Truck at node 1 at stage 3
Truck at node 5 at stage 4
Truck at node 6 at stage 5
Truck at node 7 at stage 6
Truck at node 4 at stage 7
Truck at node 11 at stage 8

Truck arcs:
Arc 1 connecting 0 and 8 with cost 1.11799 
Arc 2 connecting 8 and 1 with cost 3.32128 
Arc 3 connecting 1 and 5 with cost 1.92825 
Arc 4 connecting 5 and 6 with cost 0.968346 
Arc 5 connecting 6 and 7 with cost 6.70095 
Arc 6 connecting 7 and 4 with cost 7.34864 
Arc 7 connecting 4 and 11 with cost 10.8096 
Truck route length: 32.195
Customer 2 was served by drone!
Customer 3 was served by drone!
Customer 9 was served by drone!
Customer 10 was served by drone!
served customer 3 with st stage 1
start from stage 1 at node 0
end at node 7
end at stage 6
served customer 9 with st stage 1
start from stage 1 at node 0
end at node 7
end at stage 6
served customer 2 with st stage 6
start from stage 6 at node 7
end at node 11
end at stage 8
served customer 10 with st stage 6
start from stage 6 at node 7
end at node 11
end at stage 8
Printing wait:
wait[1][6]== 3.15054
Printing z(k, k') and drone travel time: 
---------------------------------------------------------------
Sortie starts at stage 1 and ends at stage 6
Start node: 0
End node: 7
Customer served in this sortie:3 9 
Drone arcs during this sortie:
0-->9, l = 5.09384
3-->7, l = 9.12274
9-->3, l = 2.97077
Truck arcs during this sortie:
0---8, l = 1.11799
8---1, l = 3.32128
1---5, l = 1.92825
5---6, l = 0.968346
6---7, l = 6.70095
Drone travel time during sortie: 17.1874
Truck travel time during sortie: 14.0368
Wait time for this sortie: 3.15054
---------------------------------------------------------------
---------------------------------------------------------------
Sortie starts at stage 6 and ends at stage 8
Start node: 7
End node: 11
Customer served in this sortie:2 10 
Drone arcs during this sortie:
2-->10, l = 7.92402
7-->2, l = 8.48623
10-->11, l = 1.5197
Truck arcs during this sortie:
7---4, l = 7.34864
4---11, l = 10.8096
Drone travel time during sortie: 17.9299
Truck travel time during sortie: 18.1582
Wait time for this sortie: 0
---------------------------------------------------------------
Printing zl:
zl[1][0] = 1
zl[6][7] = 1
Printing zr:
zr[1][7] = 1
zr[6][11] = 1
Printing zs:
zs[1][3] = 1
zs[1][9] = 1
zs[6][2] = 1
zs[6][10] = 1
Printing x_d:
x_d[0][9] = 1
x_d[2][10] = 1
x_d[3][7] = 1
x_d[7][2] = 1
x_d[9][3] = 1
x_d[10][11] = 1
Done!
Solve time: 664.282
OBJECTIVE VALUE: 38.3456.
In write mode
