Instance name: /home/orlab/CLionProjects/RV-FSTSP/Murray_instances/FSTSP/FSTSP_10_customer_problems/20140810T123440v1
Write arg val: 1
Input is specified as type M: Murray instance.-.-.-.-.-.-.-.-.-.-.-.-.-.-.-.-.-.-.-.-

drone speed: 0.2 miles/minute
uav non-eligible customer: 4 5 
Printing tau:
0 1.83841 6.19937 11.3367 8.63802 7.16529 3.81739 8.77996 4.16976 6.36627 5.10809 0 
1.83841 0 7.41815 13.1751 7.41924 8.38408 3.41898 9.99874 2.95098 5.14749 6.9465 1.83841 
6.19937 7.41815 0 14.3533 14.8374 5.76971 3.99917 6.42059 10.3691 12.5656 10.5246 6.19937 
11.3367 13.1751 14.3533 0 6.71587 15.3192 15.1541 16.9338 12.258 15.4145 6.22861 11.3367 
8.63802 7.41924 14.8374 6.71587 0 15.8033 10.8382 17.418 5.54215 8.69866 4.31275 8.63802 
7.16529 8.38408 5.76971 15.3192 15.8033 0 7.0349 1.61466 11.3351 13.5316 11.4906 7.16529 
3.81739 3.41898 3.99917 15.1541 10.8382 7.0349 0 7.68579 6.36995 8.56647 8.92548 3.81739 
8.77996 9.99874 6.42059 16.9338 17.418 1.61466 7.68579 0 12.9497 15.1462 13.1052 8.77996 
4.16976 2.95098 10.3691 12.258 5.54215 11.3351 6.36995 12.9497 0 3.15652 6.0294 4.16976 
6.36627 5.14749 12.5656 15.4145 8.69866 13.5316 8.56647 15.1462 3.15652 0 9.18592 6.36627 
5.10809 6.9465 10.5246 6.22861 4.31275 11.4906 8.92548 13.1052 6.0294 9.18592 0 5.10809 
0 0 0 0 0 0 0 0 0 0 0 0 
Printing tau_prime:
0 2.59946 7.90094 16.4573 11.5451 9.25667 5.19259 11.3071 5.03263 8.9099 7.88816 0 
2.59946 0 8.78275 17.5467 11.593 11.5383 4.65561 13.5679 3.64183 6.6156 8.96786 2.59946 
7.90094 8.78275 0 23.5383 19.4222 6.89429 4.9433 8.15504 12.3704 14.9175 15.3409 7.90094 
16.4573 17.5467 23.5383 0 7.93526 20.4328 21.6299 21.8114 15.1901 18.2879 8.61635 16.4573 
11.5451 11.593 19.4222 7.93526 0 18.6977 16.1877 20.5464 8.38988 10.5953 5.11496 11.5451 
9.25667 11.5383 6.89429 20.4328 18.6977 0 10.1477 2.05169 14.2211 18.1171 13.7238 9.25667 
5.19259 4.65561 4.9433 21.6299 16.1877 10.1477 0 11.9236 8.24651 10.1003 13.0302 5.19259 
11.3071 13.5679 8.15504 21.8114 20.5464 2.05169 11.9236 0 16.2718 20.1574 15.5136 11.3071 
5.03263 3.64183 12.3704 15.1901 8.38988 14.2211 8.24651 16.2718 0 4.53203 7.10808 5.03263 
8.9099 6.6156 14.9175 18.2879 10.5953 18.1171 10.1003 20.1574 4.53203 0 11.0897 8.9099 
7.88816 8.96786 15.3409 8.61635 5.11496 13.7238 13.0302 15.5136 7.10808 11.0897 0 7.88816 
0 0 0 0 0 0 0 0 0 0 0 0 
---------------------------------------------------------------
Current config:
- Number of threads = 16
- Drone endurance = 20
- SL = 1
- SR = 1
- L = 2
- Allow loop = 0
- Use TSP optimal solution as warmstart: = 0
- Use cutting plane method: = 0
- Use CPLEX conflict refiner: = 0
---------------------------------------------------------------
M value: 493.883
Warning:  Output names have been modified due to duplicate names or characters invalid in LP format.
Version identifier: 22.1.1.0 | 2022-11-28 | 9160aff4d
CPXPARAM_Threads                                 16
CPXPARAM_TimeLimit                               3600
Tried aggregator 2 times.
MIP Presolve eliminated 1201 rows and 594 columns.
MIP Presolve modified 2908 coefficients.
Aggregator did 34 substitutions.
Reduced MIP has 3797 rows, 2816 columns, and 81515 nonzeros.
Reduced MIP has 2640 binaries, 0 generals, 0 SOSs, and 0 indicators.
Presolve time = 0.07 sec. (128.88 ticks)
Probing fixed 48 vars, tightened 0 bounds.
Probing time = 0.04 sec. (116.28 ticks)
Tried aggregator 2 times.
Detecting symmetries...
MIP Presolve eliminated 26 rows and 48 columns.
MIP Presolve modified 45 coefficients.
Aggregator did 1 substitutions.
Reduced MIP has 3770 rows, 2767 columns, and 80042 nonzeros.
Reduced MIP has 2591 binaries, 0 generals, 0 SOSs, and 0 indicators.
Presolve time = 0.05 sec. (88.21 ticks)
Probing time = 0.01 sec. (9.82 ticks)
Clique table members: 33741.
MIP emphasis: balance optimality and feasibility.
MIP search method: dynamic search.
Parallel mode: deterministic, using up to 16 threads.
Root relaxation solution time = 0.07 sec. (142.18 ticks)

        Nodes                                         Cuts/
   Node  Left     Objective  IInf  Best Integer    Best Bound    ItCnt     Gap

      0     0       25.3090   139                     25.3090     1161         
*     0+    0                        59689.4141       25.3090            99.96%
      0     0       31.7392   210    59689.4141      Cuts: 53     2621   99.95%
      0     0       31.7552   250    59689.4141     Cuts: 225     3719   99.95%
      0     0       32.2099   196    59689.4141     Cuts: 206     6216   99.95%
*     0+    0                           93.0780       32.2099            65.39%
      0     0       32.3284   174       93.0780     Cuts: 153     7196   65.27%
*     0+    0                           75.7571       32.3284            57.33%
      0     0       32.8686   201       75.7571     Cuts: 115     9179   56.61%
Detecting symmetries...
      0     0       33.0852   201       75.7571     Cuts: 140    10454   56.33%
*     0+    0                           74.6832       33.0852            55.70%
*     0+    0                           72.9602       33.0852            54.65%
      0     0  -1.00000e+75     0       72.9602       33.0852    10454   54.65%
      0     0       33.1465   196       72.9602     Cuts: 129    11468   54.57%
      0     0       33.1465   210       72.9602     Cuts: 165    13088   54.57%
      0     0       33.2077   185       72.9602      Cuts: 58    14222   54.49%
      0     0       33.2281   194       72.9602     Cuts: 152    15422   54.46%
*     0+    0                           69.0178       33.2281            51.86%
      0     0       33.4823   184       69.0178     Cuts: 110    17011   51.49%
*     0+    0                           68.3981       33.4823            51.05%
      0     0       33.5848   198       68.3981     Cuts: 142    18462   50.90%
      0     0       33.8730   258       68.3981     Cuts: 112    19892   50.48%
      0     0       33.9763   166       68.3981      Cuts: 96    21129   50.33%
      0     0       34.0001   256       68.3981     Cuts: 114    22900   50.29%
      0     0       34.1643   257       68.3981      Cuts: 96    23989   50.05%
      0     0       34.2768   248       68.3981      Cuts: 97    25698   49.89%
      0     0       34.3285   255       68.3981      Cuts: 73    26119   49.81%
      0     0       34.3338   254       68.3981     Cuts: 112    26799   49.80%
Detecting symmetries...
      0     2       34.3338   254       68.3981       34.3338    26799   49.80%
Elapsed time = 4.89 sec. (10458.12 ticks, tree = 0.02 MB, solutions = 7)
      3     4       38.4615   108       68.3981       34.3338    28365   49.80%
     31     3       35.5541   146       68.3981       34.3442    31071   49.79%
*    47+    4                           63.7407       34.3740            46.07%
     47     6       37.6066   117       63.7407       34.3740    32367   46.07%
     67     3        cutoff             63.7407       34.3740    34659   46.07%
*   177+    8                           58.3877       34.5228            40.87%
    201    22       49.1385   105       58.3877       34.5228    56075   40.87%
    588   100       54.7497    90       58.3877       34.7004    87855   40.57%
    849   144       56.7473    53       58.3877       34.7004   115055   40.57%
    963   210       51.7530    94       58.3877       34.7004   142062   40.57%
   1087   274       44.2954    56       58.3877       34.7004   178803   40.57%
   1470   477        cutoff             58.3877       34.7004   269123   40.57%
Elapsed time = 8.03 sec. (13848.26 ticks, tree = 0.58 MB, solutions = 9)
   1747   627       52.2504    85       58.3877       34.7004   376974   40.57%
   1919   789       47.8472    45       58.3877       34.7175   462958   40.54%
   1974   818       44.2370   128       58.3877       34.9728   527856   40.10%
   2094   899       49.9062   145       58.3877       34.9728   603586   40.10%
   2265  1007       39.5177   172       58.3877       35.1545   690533   39.79%
   2469  1115       50.2304   112       58.3877       35.3666   777643   39.43%
   2636  1274       41.6437   112       58.3877       35.3666   887468   39.43%
   2795  1417       52.5330   112       58.3877       35.3666   990888   39.43%
   2863  1565       43.9994    99       58.3877       35.3666  1108343   39.43%
   3018  1620       45.7898   135       58.3877       35.3666  1151655   39.43%
Elapsed time = 18.67 sec. (23493.84 ticks, tree = 3.72 MB, solutions = 9)
   3279  1705       54.3667   104       58.3877       35.3666  1201233   39.43%
   3602  2035       56.6341    58       58.3877       35.4524  1359620   39.28%
   3924  2152       51.4908    43       58.3877       35.4642  1394806   39.26%
   4373  2580       48.9985   111       58.3877       35.6925  1535780   38.87%

Performing restart 1

Repeating presolve.
Tried aggregator 1 time.
MIP Presolve eliminated 2 rows and 0 columns.
MIP Presolve modified 2132 coefficients.
Reduced MIP has 3768 rows, 2767 columns, and 79153 nonzeros.
Reduced MIP has 2591 binaries, 0 generals, 0 SOSs, and 0 indicators.
Presolve time = 0.04 sec. (63.73 ticks)
Tried aggregator 1 time.
MIP Presolve eliminated 10 rows and 20 columns.
Reduced MIP has 3758 rows, 2747 columns, and 78893 nonzeros.
Reduced MIP has 2571 binaries, 0 generals, 0 SOSs, and 0 indicators.
Presolve time = 0.03 sec. (45.43 ticks)
Represolve time = 0.17 sec. (288.75 ticks)
   4521     0       34.6007   372       58.3877      Cuts: 47  1626042   38.60%
   4521     0       34.9718   357       58.3877     Cuts: 156  1629256   38.60%
   4521     0       35.3330   327       58.3877     Cuts: 108  1632368   38.60%
   4521     0       35.4279   275       58.3877     Cuts: 141  1634553   38.60%
   4521     0       35.5021   311       58.3877     Cuts: 125  1637671   38.60%
   4521     0       35.7679   329       58.3877      Cuts: 88  1641019   38.60%
   4521     0       35.8272   285       58.3877     Cuts: 100  1644229   38.60%
   4521     0       35.8273   313       58.3877      Cuts: 84  1646133   38.60%
   4521     0       35.8273   299       58.3877      Cuts: 26  1647608   38.60%
   4521     0       35.8273   296       58.3877     Cuts: 129  1650093   38.60%
   4521     0       35.8273   319       58.3877      Cuts: 65  1652019   38.60%
   4521     0       35.8279   310       58.3877      Cuts: 41  1654555   38.60%
   4521     2       35.8279   310       58.3877       35.8479  1654555   38.60%
   4522     3       45.8439    80       58.3877       35.8479  1659570   38.60%
   4524     3       35.8333   304       58.3877       35.8479  1666575   38.60%
   4529     5       52.5601   144       58.3877       35.8479  1661744   38.60%
   4534     7       53.6047   127       58.3877       35.8479  1674318   38.60%
   4565    10       55.3914    74       58.3877       35.8498  1682310   38.60%
Elapsed time = 37.71 sec. (59253.97 ticks, tree = 0.02 MB, solutions = 9)
   4636    45       47.8779   144       58.3877       35.8498  1702322   38.60%
   4713   108       48.5395   104       58.3877       35.8498  1723053   38.60%
   4800   118       50.6533   143       58.3877       35.8532  1724529   38.59%
   4916   212       56.7161    86       58.3877       35.8532  1752365   38.59%
   5272   273       47.9814    94       58.3877       35.8678  1764959   38.57%
   5807   484        cutoff             58.3877       35.8678  1781317   38.57%
   6456   799       54.9665   117       58.3877       35.8678  1813995   38.57%
   6997  1285       50.3174   106       58.3877       35.8678  1869437   38.57%
   7120   981       37.5334   273       58.3877       35.8678  1837351   38.57%
*  7134  1669      integral     0       55.4812       35.8678  1937285   35.35%
   7177  1294       54.1500   121       55.4812       35.8678  1943884   35.35%
Elapsed time = 46.56 sec. (68866.66 ticks, tree = 26.77 MB, solutions = 10)
   7342  1351       48.7499   125       55.4812       35.8678  1974964   35.35%
   7669  1405       43.1201   149       55.4812       35.8678  1978857   35.35%
   8096  1518       54.5316    74       55.4812       35.8678  2003469   35.35%
   8471  2047       43.6408   133       55.4812       35.8678  2058323   35.35%
   8659  2337       44.2646   205       55.4812       35.8683  2108519   35.35%
   8760  2462       49.9072   102       55.4812       36.0184  2142798   35.08%
   8996  2564       45.5971   165       55.4812       36.0184  2171167   35.08%
   9562  2583       37.5332   183       55.4812       36.0211  2184745   35.08%
   9940  3112       40.1060   176       55.4812       36.0211  2260479   35.08%
  10285  2955       38.1583   279       55.4812       36.0211  2228847   35.08%
Elapsed time = 55.59 sec. (78437.20 ticks, tree = 71.34 MB, solutions = 10)
  10372  3683       45.6826   178       55.4812       36.0211  2357630   35.08%
  10645  3891       45.4779   142       55.4812       36.0211  2395389   35.08%
  11160  3968       47.1120   272       55.4812       36.0211  2398815   35.08%
  11636  4600       50.0195   127       55.4812       36.0211  2477401   35.08%
  12015  4894       42.4890   198       55.4812       36.0211  2527506   35.08%
  12286  5286       43.7802   282       55.4812       36.0211  2577837   35.08%
  12359  5596       49.1580   226       55.4812       36.0211  2632385   35.08%
  12899  5650       48.4619   197       55.4812       36.0211  2642472   35.08%
  13647  5990       46.6459    86       55.4812       36.0211  2670601   35.08%
  14478  6985       49.3884   223       55.4812       36.0211  2742210   35.08%
Elapsed time = 64.29 sec. (88033.73 ticks, tree = 140.49 MB, solutions = 10)
  15345  7708       39.4761   329       55.4812       36.0211  2800202   35.08%
  15925  8107       39.4791   167       55.4812       36.0211  2839506   35.08%
  16013  8800       43.2618   167       55.4812       36.0211  2904769   35.08%
  16133  9056       45.5590   180       55.4812       36.0211  2951289   35.08%
  16694  9100       53.4166   172       55.4812       36.0211  2963827   35.08%
  17246  9671       44.1219   200       55.4812       36.0211  3018502   35.08%
  18044 10098       44.0318   202       55.4812       36.0211  3072069   35.08%
  18802 10915       42.6521   287       55.4812       36.0211  3147485   35.08%
  19546 11164       43.9346   272       55.4812       37.2456  3177742   32.87%
  19946 12469       53.2564   111       55.4812       37.5068  3320907   32.40%
Elapsed time = 73.22 sec. (97613.48 ticks, tree = 294.83 MB, solutions = 10)
  20019 12467       42.7701   134       55.4812       37.5333  3324041   32.35%
  20185 12562       48.6119   215       55.4812       37.5427  3355622   32.33%
  20770 12616        cutoff             55.4812       37.5427  3374611   32.33%
* 21136+13088                           54.5174       37.5694            31.09%
  21433 13144       47.7592   127       54.5174       37.6063  3433262   31.02%
  22120 13236       51.3885    91       54.5174       37.6082  3505219   31.02%
  23000 13885       46.1991   241       54.5174       37.7760  3554364   30.71%
  23628 14545       43.1670   191       54.5174       37.7934  3623163   30.68%
  23904 14599       46.1803   287       54.5174       37.8302  3633739   30.61%
  23963 15617       44.8714   133       54.5174       37.8960  3757423   30.49%
  24129 15671       43.3035   294       54.5174       37.9227  3780331   30.44%
Elapsed time = 81.63 sec. (107198.86 ticks, tree = 353.42 MB, solutions = 11)
  24680 15697       51.2333   189       54.5174       37.9289  3796665   30.43%
  25569 15851       47.4854   199       54.5174       37.9746  3805731   30.34%
  26149 16437       45.8047   250       54.5174       38.0191  3859868   30.26%
  26819 16928       43.2192   189       54.5174       38.0254  3906547   30.25%
  27642 17948       48.9331   208       54.5174       38.0254  4020446   30.25%
  28088 18182       45.1127   305       54.5174       38.0254  4063264   30.25%
  28183 19319       44.4086   129       54.5174       38.0254  4173418   30.25%
  28466 19418       45.8703   314       54.5174       38.1626  4202056   30.00%
  29090 19595       47.0241   269       54.5174       38.1626  4225530   30.00%
  29759 19863       48.2485   145       54.5174       38.2354  4255166   29.87%
Elapsed time = 90.33 sec. (116752.93 ticks, tree = 443.92 MB, solutions = 11)
  30384 20766       44.3637   196       54.5174       38.3229  4343583   29.71%
  31123 21065       47.3264   165       54.5174       38.3229  4397052   29.71%
  31713 21676       53.5640   181       54.5174       38.3906  4465663   29.58%
  32060 22344       50.0579   182       54.5174       38.3906  4562273   29.58%
  32147 22685       49.6346   115       54.5174       38.4631  4602554   29.45%
  32245 22761       54.4686    78       54.5174       38.4631  4628991   29.45%
  32318 22799       44.0927   147       54.5174       38.4805  4683085   29.42%
  32394 22844       42.7947   199       54.5174       38.5245  4706649   29.34%
  32671 22955       47.1415   252       54.5174       38.5245  4734187   29.34%
  35233 24163       52.8679   137       54.5174       38.6365  4919418   29.13%
Elapsed time = 101.37 sec. (129214.05 ticks, tree = 554.53 MB, solutions = 11)
  36383 26016       46.2842   208       54.5174       38.9317  5196921   28.59%
  37057 26241       47.5283   201       54.5174       38.9317  5306219   28.59%
  39315 27499       46.1028   146       54.5174       39.1092  5563545   28.26%
  39969 28670        cutoff             54.5174       39.2601  5776722   27.99%
  40653 28883       46.8754   105       54.5174       39.2930  5894103   27.93%
  42837 30397       49.9762   161       54.5174       39.4945  6177153   27.56%
  44366 31275        cutoff             54.5174       39.6306  6354701   27.31%
  44668 32098       49.8919    89       54.5174       39.7275  6574712   27.13%
  46047 32347       52.1278   200       54.5174       39.7967  6696633   27.00%
  48012 34256       49.8800   143       54.5174       39.8983  7029203   26.82%
Elapsed time = 135.35 sec. (167444.57 ticks, tree = 799.67 MB, solutions = 11)
  49016 35240       50.0092    89       54.5174       40.0610  7266420   26.52%
  49610 35790        cutoff             54.5174       40.1139  7434676   26.42%
  51747 36229       45.6769   196       54.5174       40.1369  7548938   26.38%
  53321 37672       52.9488   196       54.5174       40.3050  7808093   26.07%
  53793 39108       48.5452   222       54.5174       40.3227  8110939   26.04%
  55556 39452       49.2822    73       54.5174       40.3545  8200469   25.98%
  57747 41207       43.3499   282       54.5174       40.5241  8491759   25.67%
  59050 42136       46.8088   101       54.5174       40.6562  8686885   25.43%
  59497 43313       48.9759   129       54.5174       40.6633  8885804   25.41%
  61056 43686       48.0245   223       54.5174       40.7256  9081890   25.30%
Elapsed time = 168.64 sec. (205627.07 ticks, tree = 1065.38 MB, solutions = 11)
  62966 44628       45.0519   141       54.5174       40.7911  9248707   25.18%
  63908 46406       51.5195   234       54.5174       40.8604  9655361   25.05%
  64348 46611        cutoff             54.5174       40.8665  9715144   25.04%
  65736 46935       48.7162   194       54.5174       40.9545  9874995   24.88%
  67937 48120       48.0570   153       54.5174       41.0769 10126544   24.65%
  68884 49252       47.7310   111       54.5174       41.1454 10355228   24.53%
  69330 49946       46.8297   215       54.5174       41.1770 10530030   24.47%
  70354 50372       52.8513    72       54.5174       41.1826 10712634   24.46%
  72588 50942       51.0760    24       54.5174       41.2952 10845355   24.25%
  74554 51776       49.7459   160       54.5174       41.3813 11012000   24.10%
Elapsed time = 202.83 sec. (243797.16 ticks, tree = 1263.92 MB, solutions = 11)
  75242 53367       51.9365    48       54.5174       41.4629 11343783   23.95%
  75669 54279       52.8999    88       54.5174       41.5508 11594443   23.78%
  76784 54680       51.0753   209       54.5174       41.5508 11822429   23.78%
  78667 55236       43.6023   135       54.5174       41.6245 11965353   23.65%
  80382 56304       50.7641   181       54.5174       41.6999 12165187   23.51%
  81061 57303       51.0760    93       54.5174       41.7758 12490391   23.37%
  81513 57931        cutoff             54.5174       41.8212 12730833   23.29%
  82096 58148       47.4677    83       54.5174       41.8212 12913687   23.29%
  83610 58324       49.7140   220       54.5174       41.8212 13010058   23.29%
  85501 59403       50.4102    89       54.5174       41.9315 13265222   23.09%
Elapsed time = 236.60 sec. (281982.27 ticks, tree = 1417.47 MB, solutions = 11)
  86961 59330        cutoff             54.5174       42.0579 13262117   22.85%
  87523 60899       51.1643   274       54.5174       42.1172 13673260   22.75%
  88061 61428       49.9694   226       54.5174       42.1172 13889546   22.75%
* 88508 61547      integral     0       53.2645       42.1406 13993926   20.88%
  89901 58428       49.4662   151       53.2645       42.2918 14190993   20.60%
  91827 59302       47.1043   185       53.2645       42.3776 14432618   20.44%
  93139 59405       42.9120   244       53.2645       42.4240 14475490   20.35%
  93611 60981       52.2816    99       53.2645       42.5007 14981325   20.21%
  94069 60980       46.0112   160       53.2645       42.5191 14941189   20.17%
  95247 61247       52.9426   179       53.2645       42.5253 15297954   20.16%
Elapsed time = 268.95 sec. (319409.74 ticks, tree = 1439.08 MB, solutions = 12)
  96900 61293       47.5154    91       53.2645       42.5274 15273682   20.16%
  98282 61555       47.3835   264       53.2645       42.6711 15408284   19.89%
  98914 63205        cutoff             53.2645       42.7792 16008147   19.69%
  99393 63221       52.4399    54       53.2645       42.8545 16081923   19.54%
  99924 63166       49.4992    63       53.2645       42.8850 16255749   19.49%
 100471 63247       49.1924   258       53.2645       42.9807 16531211   19.31%
 101047 63256        cutoff             53.2645       43.0487 16601405   19.18%
 101587 63312        cutoff             53.2645       43.1091 16685057   19.07%
 102082 63360       51.7192    56       53.2645       43.1143 16884854   19.06%
 102678 63397       45.6454   127       53.2645       43.1896 16961076   18.91%
Elapsed time = 303.09 sec. (357622.89 ticks, tree = 1505.70 MB, solutions = 12)
 103793 63665        cutoff             53.2645       43.2372 17228472   18.83%
 105222 63748       45.1407   132       53.2645       43.2372 17228337   18.83%
*106075 64579      integral     0       52.7250       43.3362 17654339   17.81%
 106435 63776       50.3994    81       52.7250       43.3678 17415832   17.75%
*106444+62709                           48.3244       43.3760            10.24%
 107022 62625        cutoff             48.3244       43.4245 17808298   10.14%
 108036 29095        cutoff             48.3244       43.4968 18126522    9.99%
 108975 28102        cutoff             48.3244       43.5685 18397959    9.84%
 110025 27758       45.7956   152       48.3244       43.7690 18507143    9.43%
 111191 26796        cutoff             48.3244       44.0236 18699151    8.90%
 112366 25669       46.1557   299       48.3244       44.1634 18940995    8.61%
 113422 24875        cutoff             48.3244       44.3405 19118199    8.24%
Elapsed time = 338.58 sec. (395802.04 ticks, tree = 556.36 MB, solutions = 14)
 114544 23849        cutoff             48.3244       44.5100 19359428    7.89%
 115725 22892        cutoff             48.3244       44.7774 19613480    7.34%
 117110 21874        cutoff             48.3244       45.0966 19800335    6.68%
 118424 20969        cutoff             48.3244       45.2424 19970495    6.38%
 119510 20159        cutoff             48.3244       45.3616 20199835    6.13%
 120999 19111        cutoff             48.3244       45.4566 20350838    5.93%
 122467 18168        cutoff             48.3244       45.7423 20505394    5.34%
 124512 16237       47.4030   109       48.3244       46.0822 20761362    4.64%
 126447 14569    infeasible             48.3244       46.2870 20954679    4.22%
 129346 11418        cutoff             48.3244       46.7701 21232045    3.22%
Elapsed time = 375.16 sec. (433963.09 ticks, tree = 226.48 MB, solutions = 14)
 130614 10493       47.2604    53       48.3244       46.8909 21372945    2.97%
 133436  7716        cutoff             48.3244       47.2817 21669516    2.16%
 137185  4073        cutoff             48.3244       47.6301 21887734    1.44%

GUB cover cuts applied:  113
Clique cuts applied:  37
Cover cuts applied:  208
Implied bound cuts applied:  200
Flow cuts applied:  23
Mixed integer rounding cuts applied:  165
Zero-half cuts applied:  111
Lift and project cuts applied:  5
Gomory fractional cuts applied:  14

Root node processing (before b&c):
  Real time             =    4.79 sec. (10169.52 ticks)
Parallel b&c, 16 threads:
  Real time             =  385.59 sec. (438438.17 ticks)
  Sync time (average)   =  162.83 sec.
  Wait time (average)   =    0.02 sec.
                          ------------
Total (root+branch&cut) =  390.38 sec. (448607.70 ticks)
Feasible solution found!
Truck nodes:
Truck at node 0 at stage 1
Truck at node 5 at stage 2
Truck at node 7 at stage 3
Truck at node 5 at stage 4
Truck at node 1 at stage 5
Truck at node 8 at stage 6
Truck at node 4 at stage 7
Truck at node 3 at stage 8
Truck at node 10 at stage 9
Truck at node 11 at stage 10

Truck arcs:
Arc 1 connecting 0 and 5 with cost 7.16529 
Arc 2 connecting 5 and 7 with cost 1.61466 
Arc 3 connecting 7 and 5 with cost 1.61466 
Arc 4 connecting 5 and 1 with cost 8.38408 
Arc 5 connecting 1 and 8 with cost 2.95098 
Arc 6 connecting 8 and 4 with cost 5.54215 
Arc 7 connecting 4 and 3 with cost 6.71587 
Arc 8 connecting 3 and 10 with cost 6.22861 
Arc 9 connecting 10 and 11 with cost 5.10809 
Truck route length: 45.3244
Customer 2 was served by drone!
Customer 6 was served by drone!
Customer 9 was served by drone!
served customer 2 with st stage 1
start from stage 1 at node 0
end at node 1
end at stage 5
served customer 6 with st stage 1
start from stage 1 at node 0
end at node 1
end at stage 5
served customer 9 with st stage 6
start from stage 6 at node 8
end at node 10
end at stage 9
Printing wait:
Printing z(k, k') and drone travel time: 
---------------------------------------------------------------
Sortie starts at stage 1 and ends at stage 5
Start node: 0
End node: 1
Customer served in this sortie:2 6 
Drone arcs during this sortie:
0-->2, l = 7.90094
2-->6, l = 4.9433
6-->1, l = 4.65561
Truck arcs during this sortie:
0---5, l = 7.16529
5---7, l = 1.61466
7---5, l = 1.61466
5---1, l = 8.38408
Drone travel time during sortie: 17.4998
Truck travel time during sortie: 18.7787
Wait time for this sortie: 0
---------------------------------------------------------------
---------------------------------------------------------------
Sortie starts at stage 6 and ends at stage 9
Start node: 8
End node: 10
Customer served in this sortie:9 
Drone arcs during this sortie:
8-->9, l = 4.53203
9-->10, l = 11.0897
Truck arcs during this sortie:
8---4, l = 5.54215
4---3, l = 6.71587
3---10, l = 6.22861
Drone travel time during sortie: 15.6217
Truck travel time during sortie: 18.4866
Wait time for this sortie: 0
---------------------------------------------------------------
Printing zl:
zl[1][0] = 1
zl[6][8] = 1
Printing zr:
zr[1][1] = 1
zr[6][10] = 1
Printing zs:
zs[1][2] = 1
zs[1][6] = 1
zs[6][9] = 1
Printing x_d:
x_d[0][2] = 1
x_d[2][6] = 1
x_d[6][1] = 1
x_d[8][9] = 1
x_d[9][10] = 1
Done!
Solve time: 390.398
OBJECTIVE VALUE: 48.3244.
In write mode
