Instance name: /home/orlab/CLionProjects/RV-FSTSP/Murray_instances/FSTSP/FSTSP_10_customer_problems/20140810T123437v11
Write arg val: 1
Input is specified as type M: Murray instance.-.-.-.-.-.-.-.-.-.-.-.-.-.-.-.-.-.-.-.-

drone speed: 0.6 miles/minute
uav non-eligible customer: 10 
Printing tau:
0 14.2149 7.45597 18.1512 10.5846 15.145 14.669 14.3671 12.5333 1.31706 6.43835 0 
14.2149 0 18.3108 3.93636 13.7595 7.22991 8.18583 7.04774 13.7881 14.0919 12.0132 14.2149 
7.45597 18.3108 0 22.2472 4.55136 11.0809 10.125 11.2631 5.10923 6.13892 11.4943 7.45597 
18.1512 3.93636 22.2472 0 17.6958 11.1663 12.1222 10.9841 17.7245 18.0283 15.9496 18.1512 
10.5846 13.7595 4.55136 17.6958 0 6.52957 5.57365 6.71174 1.94864 9.26756 8.38296 10.5846 
15.145 7.22991 11.0809 11.1663 6.52957 0 0.955922 0.777831 6.55821 13.8279 12.9433 15.145 
14.669 8.18583 10.125 12.1222 5.57365 0.955922 0 1.13809 5.60229 13.352 12.4674 14.669 
14.3671 7.04774 11.2631 10.9841 6.71174 0.777831 1.13809 0 6.74038 13.0501 12.1655 14.3671 
12.5333 13.7881 5.10923 17.7245 1.94864 6.55821 5.60229 6.74038 0 11.2162 10.3316 12.5333 
1.31706 14.0919 6.13892 18.0283 9.26756 13.8279 13.352 13.0501 11.2162 0 7.2754 1.31706 
6.43835 12.0132 11.4943 15.9496 8.38296 12.9433 12.4674 12.1655 10.3316 7.2754 0 6.43835 
0 0 0 0 0 0 0 0 0 0 0 0 
Printing tau_prime:
0 9.81661 4.55002 12.627 5.35211 8.23243 7.83887 7.90477 6.33597 0.788193 3.43673 0 
9.81661 0 9.8583 2.81169 7.1874 3.68175 4.14083 3.56048 7.01565 9.64862 6.97631 9.81661 
4.55002 9.8583 0 12.4676 2.78952 6.81212 6.2789 6.6743 3.43429 3.76225 6.38332 4.55002 
12.627 2.81169 12.4676 0 9.72054 5.84064 6.37024 5.8678 9.39115 12.4582 9.71551 12.627 
5.35211 7.1874 2.78952 9.72054 0 4.02264 3.49008 3.89122 0.984316 4.68384 5.49765 5.35211 
8.23243 3.68175 6.81212 5.84064 4.02264 0 0.539342 0.403494 3.56539 7.79682 6.54069 8.23243 
7.83887 4.14083 6.2789 6.37024 3.49008 0.539342 0 0.594704 3.02824 7.37407 6.33485 7.83887 
7.90477 3.56048 6.6743 5.8678 3.89122 0.403494 0.594704 0 3.52816 7.49021 6.1456 7.90477 
6.33597 7.01565 3.43429 9.39115 0.984316 3.56539 3.02824 3.52816 0 5.66711 6.29515 6.33597 
0.788193 9.64862 3.76225 12.4582 4.68384 7.79682 7.37407 7.49021 5.66711 0 3.7017 0.788193 
3.43673 6.97631 6.38332 9.71551 5.49765 6.54069 6.33485 6.1456 6.29515 3.7017 0 3.43673 
0 0 0 0 0 0 0 0 0 0 0 0 
---------------------------------------------------------------
Current config:
- Number of threads = 16
- Drone endurance = 20
- SL = 1
- SR = 1
- L = 2
- Allow loop = 0
- Use TSP optimal solution as warmstart: = 0
- Use cutting plane method: = 0
- Use CPLEX conflict refiner: = 0
---------------------------------------------------------------
M value: 565.737
Warning:  Output names have been modified due to duplicate names or characters invalid in LP format.
Version identifier: 22.1.1.0 | 2022-11-28 | 9160aff4d
CPXPARAM_Threads                                 16
CPXPARAM_TimeLimit                               3600
Tried aggregator 2 times.
MIP Presolve eliminated 1014 rows and 407 columns.
MIP Presolve modified 2672 coefficients.
Aggregator did 34 substitutions.
Reduced MIP has 3984 rows, 3003 columns, and 84376 nonzeros.
Reduced MIP has 2827 binaries, 0 generals, 0 SOSs, and 0 indicators.
Presolve time = 0.06 sec. (106.19 ticks)
Probing time = 0.01 sec. (8.80 ticks)
Tried aggregator 1 time.
Detecting symmetries...
MIP Presolve eliminated 1 rows and 0 columns.
MIP Presolve modified 24 coefficients.
Reduced MIP has 3983 rows, 3003 columns, and 84342 nonzeros.
Reduced MIP has 2827 binaries, 0 generals, 0 SOSs, and 0 indicators.
Presolve time = 0.03 sec. (45.62 ticks)
Probing time = 0.01 sec. (8.38 ticks)
Clique table members: 42105.
MIP emphasis: balance optimality and feasibility.
MIP search method: dynamic search.
Parallel mode: deterministic, using up to 16 threads.
Root relaxation solution time = 0.18 sec. (324.80 ticks)

        Nodes                                         Cuts/
   Node  Left     Objective  IInf  Best Integer    Best Bound    ItCnt     Gap

*     0+    0                        41862.1712        0.0000           100.00%
      0     0       22.5133   328    41862.1712       22.5133     3694   99.95%
*     0+    0                          121.1738       22.5133            81.42%
      0     0       23.4902   173      121.1738     Cuts: 121     6670   80.61%
*     0+    0                           71.1905       23.4902            67.00%
      0     0       25.7792   173       71.1905     Cuts: 196    16918   63.79%
      0     0       27.3369   252       71.1905     Cuts: 120    19814   61.60%
      0     0       27.3369   272       71.1905     Cuts: 182    21027   61.60%
      0     0       27.3369   240       71.1905      Cuts: 35    23828   61.59%
Detecting symmetries...
      0     0       27.3369   270       71.1905     Cuts: 177    26658   61.59%
Detecting symmetries...
      0     2       27.3369   224       71.1905       27.3429    26658   61.59%
Elapsed time = 4.07 sec. (8605.61 ticks, tree = 0.02 MB, solutions = 3)
      1     3       31.4059    86       71.1905       27.3489    27939   61.58%
*     2+    1                           63.9586       27.3489            57.24%
      2     3       27.4950   216       63.9586       27.3489    28633   57.24%
      4     4       32.2587   185       63.9586       27.3489    32295   57.24%
     12     7       33.7009   109       63.9586       27.5000    37968   57.00%
*    25+   12                           56.7365       27.5000            51.53%
*    30+   12                           54.7365       27.5000            49.76%
*    33+   12                           54.2267       27.5000            49.29%
     45    25       33.3351    66       54.2267       27.5000    52181   49.29%
     88    43       50.5358    41       54.2267       27.5115    65018   49.27%
    122   108       50.5666    82       54.2267       27.5115   103571   49.27%
    155   103       33.9828    59       54.2267       27.5115    98613   49.27%
*   178+  123                           53.3215       27.5115            48.40%
    257   165       34.3351    67       53.3215       27.5115   144867   48.40%
    600   362       37.9381   106       53.3215       27.5115   260204   48.40%
Elapsed time = 7.34 sec. (12058.80 ticks, tree = 0.64 MB, solutions = 8)
*   661   375      integral     0       53.1683       27.5115   273704   48.26%
    912   530       33.3351    44       53.1683       27.5115   359609   48.26%
    965   642       53.1110    10       53.1683       27.5115   441167   48.26%
   1128   677       34.0542   216       53.1683       27.5115   475579   48.26%
   1386   908       33.8351    74       53.1683       27.5115   596753   48.26%
   1575  1026       34.7172    72       53.1683       27.5115   650330   48.26%
   1830  1127       33.3351    55       53.1683       27.5115   722332   48.26%
   2074  1455       33.7915    68       53.1683       27.5115   896974   48.26%
   2398  1658       43.1607    56       53.1683       27.5115   983961   48.26%
   2596  1760       50.9021    35       53.1683       27.5115  1019581   48.26%
Elapsed time = 17.13 sec. (20882.14 ticks, tree = 3.26 MB, solutions = 9)
   2706  1987       31.8634   164       53.1683       27.5115  1150418   48.26%
   2862  2001       41.1251    95       53.1683       27.5115  1183359   48.26%
   3144  2062       31.9715    86       53.1683       27.5115  1217172   48.26%
   3363  2395       48.0364    83       53.1683       27.5115  1387886   48.26%
   3621  2470       42.5023    87       53.1683       27.5115  1436735   48.26%
   3734  2658       47.6194    33       53.1683       27.5115  1541542   48.26%
   4025  2822       31.5651    83       53.1683       27.5115  1639946   48.26%
   4561  2884       51.7719    77       53.1683       28.1649  1674607   47.03%
*  4671+ 2987                           50.1703       28.1649            43.86%
   4698  3028       31.8286   110       50.1703       28.1649  1733352   43.86%

Performing restart 1

Repeating presolve.
Tried aggregator 1 time.
MIP Presolve eliminated 2 rows and 41 columns.
MIP Presolve modified 2495 coefficients.
Reduced MIP has 3981 rows, 2962 columns, and 81558 nonzeros.
Reduced MIP has 2786 binaries, 0 generals, 0 SOSs, and 0 indicators.
Presolve time = 0.05 sec. (83.71 ticks)
Tried aggregator 1 time.
Reduced MIP has 3981 rows, 2962 columns, and 81558 nonzeros.
Reduced MIP has 2786 binaries, 0 generals, 0 SOSs, and 0 indicators.
Presolve time = 0.03 sec. (43.00 ticks)
Represolve time = 0.15 sec. (279.82 ticks)
*  4699+    0                           42.2347       28.1649            33.31%
   4699     0       27.6775   286       42.2347      Cuts: 55  1878590   33.31%
   4699     0       28.2629   235       42.2347     Cuts: 178  1881863   32.57%
   4699     0       28.9261   305       42.2347     Cuts: 158  1887736   31.51%
   4699     0       29.2676   330       42.2347     Cuts: 161  1891464   30.23%
   4699     0       29.7137   321       42.2347     Cuts: 159  1894505   29.65%
   4699     0       29.7968   335       42.2347     Cuts: 166  1898461   29.45%
   4699     0       29.7968   333       42.2347     Cuts: 169  1899602   29.45%
   4699     0       29.7990   269       42.2347      Cuts: 14  1899972   29.44%
   4699     0       29.8098   305       42.2347     Cuts: 197  1904034   29.42%
   4699     0       29.8098   355       42.2347     Cuts: 156  1907296   29.42%
   4699     0       29.8098   315       42.2347      Cuts: 28  1910477   29.42%
   4699     0       29.8098   306       42.2347     Cuts: 147  1914858   29.22%
   4699     0       29.9210   366       42.2347      Cuts: 43  1920145   29.16%
   4699     0       29.9210   358       42.2347     Cuts: 194  1922759   29.16%
*  4699+    0                           41.9531       29.9210            28.68%
*  4699+    0                           41.4731       29.9210            27.85%
   4699     2       29.9210   282       41.4731       29.9210  1922759   27.85%
Elapsed time = 43.14 sec. (69399.43 ticks, tree = 0.02 MB, solutions = 13)
   4701     3       29.9884   272       41.4731       29.9210  1926812   27.85%
   4702     2       31.8286   102       41.4731       29.9893  1929091   27.69%
   4703     2       31.8286    92       41.4731       29.9893  1929181   27.69%
   4705     2       31.8286    67       41.4731       29.9893  1929492   27.69%
   4708     3       31.8286    86       41.4731       29.9893  1930206   27.69%
   4709     3       31.8286    92       41.4731       29.9893  1930703   27.69%
   4712     5       31.8286    61       41.4731       29.9893  1931368   27.69%
   4718     3       30.0153   222       41.4731       30.0178  1931705   27.62%
   4730     6       31.8286   108       41.4731       30.0178  1932821   27.62%
   4754    15       34.3032    88       41.4731       30.0178  1940676   27.62%
Elapsed time = 53.93 sec. (95005.42 ticks, tree = 0.02 MB, solutions = 13)
   4833    34       35.3515    41       41.4731       30.0178  1948675   27.62%
   4942    94       34.3351    77       41.4731       30.0178  1962113   27.62%
   5291   140       40.5213    20       41.4731       30.0178  1975939   27.62%
   5728   335       40.7350    74       41.4731       30.0178  2009498   27.62%
   6153   609       38.7130    32       41.4731       30.0178  2106966   27.62%
   6635   665       39.5398    86       41.4731       30.0178  2188536   27.62%
   7081   677        cutoff             41.4731       30.0178  2256725   27.62%
*  7302   673      integral     0       41.2955       30.0178  2319392   27.31%
   7645   634        cutoff             41.2955       30.0178  2346735   27.31%
*  8201   358      integral     0       40.9002       30.0178  2454945   26.61%
   8286   312       39.6370   114       40.9002       30.0178  2469679   26.61%
*  8295   304      integral     0       40.1568       30.0178  2462193   25.25%
   8559   403       39.3865    64       40.1568       30.0443  2449043   25.18%
Elapsed time = 63.85 sec. (104610.33 ticks, tree = 0.50 MB, solutions = 16)
   8611    33        cutoff             40.1568       30.0443  2535589   25.18%
   8653    43       38.6232    63       40.1568       30.0443  2528262   25.18%
   8698    22       39.6232    65       40.1568       30.0443  2574485   25.18%
   8741    44       38.6232    94       40.1568       30.0443  2527488   25.18%
   8780    29       39.0040    90       40.1568       30.0443  2595402   25.18%
   8829    56       39.6232    57       40.1568       30.0443  2626085   25.18%
   8910    64       38.6232    99       40.1568       30.0443  2648237   25.18%
   9010    86       38.6232    59       40.1568       30.0443  2669631   25.18%
   9101   116       39.6232    41       40.1568       30.0443  2705438   25.18%
   9214   155       38.9565    51       40.1568       30.0443  2772357   25.18%
Elapsed time = 72.50 sec. (114256.19 ticks, tree = 0.18 MB, solutions = 16)
   9311   194       40.0819    48       40.1568       30.0443  2791309   25.18%
   9429   202        cutoff             40.1568       30.1245  2840909   24.98%
   9549   210       38.7677   105       40.1568       30.1245  2888173   24.98%
   9672   237    infeasible             40.1568       30.1245  2938803   24.98%
   9811   283        cutoff             40.1568       30.1245  2991899   24.98%
   9950   316       38.6232    64       40.1568       30.1245  3026375   24.98%
  10106   330       39.6232    40       40.1568       30.1245  3067934   24.98%
  10273   354       38.6232    42       40.1568       30.1245  3087010   24.98%
  10456   369       39.7002    78       40.1568       30.2495  3142984   24.67%
  10664   358       39.6232    93       40.1568       30.2495  3220601   24.67%
Elapsed time = 81.83 sec. (123850.35 ticks, tree = 0.44 MB, solutions = 16)
  10859   300    infeasible             40.1568       30.2495  3293517   24.67%
  11111   254        cutoff             40.1568       30.2495  3350062   24.67%
  11342   215       39.6232    99       40.1568       30.2495  3401709   24.67%
  11614   152       39.6232    74       40.1568       30.2495  3463011   24.67%
  11856    42    infeasible             40.1568       30.2495  3531795   24.67%
  11930    65       39.6232    68       40.1568       30.2519  3509012   24.67%
  11968    27       38.6232    82       40.1568       30.2519  3556140   24.67%
  12035    20       39.8935    61       40.1568       30.2519  3584233   24.67%
  12058    31       40.0049   105       40.1568       30.2519  3584036   24.67%
  12078     9       37.2324   127       40.1568       30.2519  3610186   24.67%
Elapsed time = 88.52 sec. (133657.17 ticks, tree = 0.03 MB, solutions = 16)
  12080    11       37.2324    95       40.1568       30.2519  3612332   24.67%
  12081    10       30.2519   294       40.1568       30.2519  3609429   24.67%
  12087    15        cutoff             40.1568       30.2519  3634713   24.67%
  12106    15       37.2324   103       40.1568       30.2519  3627472   24.67%
  12127    14       37.2570   111       40.1568       30.2519  3632020   24.67%
  12156    30       37.2324    75       40.1568       30.2519  3678783   24.67%
  12185    65       37.9991    94       40.1568       30.2523  3741383   24.66%
  12216    77       37.4642   141       40.1568       30.2523  3752404   24.66%
  12255    83       38.1344   156       40.1568       30.2551  3756393   24.66%
  12296   116       38.3095    33       40.1568       30.2551  3827366   24.66%
Elapsed time = 97.00 sec. (143428.35 ticks, tree = 0.13 MB, solutions = 16)
  12338   115       37.8153   143       40.1568       30.2551  3826605   24.66%
  12393   167       39.4876   136       40.1568       30.2551  3922958   24.66%
  12456   189       37.2324    65       40.1568       30.2551  3979472   24.66%
  12533   207        cutoff             40.1568       30.2551  3986626   24.66%
  12595   236       38.2506   176       40.1568       30.2551  4049008   24.66%
  12662   246       37.8772    86       40.1568       30.2551  4071584   24.66%
  12736   274       38.9980   119       40.1568       30.2551  4083957   24.66%
  12804   296        cutoff             40.1568       30.2551  4116305   24.66%
  12868   410       38.2249   110       40.1568       30.2551  4235970   24.66%
  13138   494       37.7080    83       40.1568       30.2551  4305069   24.66%
Elapsed time = 109.07 sec. (155907.50 ticks, tree = 0.60 MB, solutions = 16)
  13342   637        cutoff             40.1568       30.2574  4488248   24.65%
  13506   676        cutoff             40.1568       30.2574  4630830   24.65%
  13644   744       33.8419    74       40.1568       30.2574  4765011   24.65%
  13897   901       34.9653   117       40.1568       30.2574  4975550   24.65%
  14087  1044       33.9865   194       40.1568       30.2574  5180600   24.65%
  14328  1175       34.7227    57       40.1568       30.2574  5293356   24.65%
  14719  1417       36.0728   194       40.1568       30.2574  5518792   24.65%
  14866  1743       37.7033   175       40.1568       30.2600  5796228   24.65%
  15018  1810       31.2002   299       40.1568       30.2642  5956349   24.63%
  15251  1989       39.6416    84       40.1568       30.2754  6181076   24.61%
Elapsed time = 146.98 sec. (194298.93 ticks, tree = 4.14 MB, solutions = 16)
  15600  2165       39.7533    95       40.1568       30.3260  6378068   24.48%
  15804  2389       33.1403   160       40.1568       30.3503  6590486   24.42%
  15975  2456        cutoff             40.1568       30.3503  6704787   24.42%
  16148  2598       32.2346   182       40.1568       30.3503  6954320   24.42%
  16500  2702       34.7259    70       40.1568       30.3913  7074819   24.32%
  16881  2817       31.9032   213       40.1568       30.3913  7227009   24.32%
  17079  3308       34.3032   105       40.1568       30.4579  7656389   24.15%
  17293  3375       36.4893    71       40.1568       30.5475  7734028   23.93%
  17561  3483       34.1260   203       40.1568       30.6256  7947421   23.74%
  17968  3714       39.0208   164       40.1568       30.6256  8177310   23.74%
Elapsed time = 185.95 sec. (232717.05 ticks, tree = 8.74 MB, solutions = 16)
  18356  3855       36.8748   206       40.1568       30.8335  8363748   23.22%
  18608  4424       37.8800    92       40.1568       30.8335  8795085   23.22%
  18812  4605       34.3239   110       40.1568       30.8335  9054992   23.22%
  19006  4627       34.6782   244       40.1568       30.8335  9091488   23.22%
  19309  4821       35.8712   110       40.1568       30.8335  9406621   23.22%
  19765  4943       34.1897   118       40.1568       30.8335  9541477   23.22%
  20156  5425       34.6429   110       40.1568       31.1061  9904545   22.54%
  20379  5641       34.3202   263       40.1568       31.1061 10127911   22.54%
  20571  5799       34.8110   185       40.1568       31.2120 10391098   22.27%
  20866  6048       39.0089   142       40.1568       31.2368 10721726   22.21%
Elapsed time = 225.36 sec. (270989.79 ticks, tree = 13.70 MB, solutions = 16)
  21257  6077       36.2319   214       40.1568       31.2452 10751076   22.19%
  21686  6448       34.4448   124       40.1568       31.2452 11078297   22.19%
  22137  6630       40.1402   105       40.1568       31.2452 11189938   22.19%
  22350  6961       34.6572   177       40.1568       31.2452 11602154   22.19%
  22553  7078       37.7604   161       40.1568       31.2452 11728521   22.19%
  22751  7308       33.4536    77       40.1568       31.2452 12020042   22.19%
  23000  7392        cutoff             40.1568       31.2452 12261689   22.19%
  23331  7588        cutoff             40.1568       31.2452 12518980   22.19%
  23776  7709       35.9298   258       40.1568       31.7887 12714943   20.84%
  24250  8213        cutoff             40.1568       31.8286 13155058   20.74%
Elapsed time = 265.89 sec. (309313.87 ticks, tree = 18.26 MB, solutions = 16)
  24608  8069       35.7133   109       40.1568       31.8286 13034352   20.74%
  24831  8466       32.5786    57       40.1568       31.8286 13420089   20.74%
  25138  8693       32.1428    71       40.1568       31.8286 13867895   20.74%
  25502  8758       32.4502   173       40.1568       31.8286 13965233   20.74%
  25784  8897       33.1351   193       40.1568       31.8286 14312344   20.74%
  26253  8858        cutoff             40.1568       31.8286 14292394   20.74%
  26918  9033       31.8286    80       40.1568       31.8286 14639186   20.74%
  27358  9158       38.2642   203       40.1568       31.8286 14774566   20.74%
  27732  9773        cutoff             40.1568       31.8286 15411730   20.74%
  28054  9801        cutoff             40.1568       31.8286 15454225   20.74%
Elapsed time = 306.62 sec. (347589.35 ticks, tree = 21.87 MB, solutions = 16)
  28437  9827       33.1381   148       40.1568       31.8286 15624405   20.74%
  28780  9879       36.3323   197       40.1568       31.8286 16052310   20.74%
  29233  9898    infeasible             40.1568       32.0128 16128346   20.28%
  29625  9799        cutoff             40.1568       32.0128 16578796   20.28%
  30027  9805       33.2095   185       40.1568       32.3475 16837813   19.45%
  30384  9787        cutoff             40.1568       32.3911 16822474   19.34%
  30750  9690       35.3321    71       40.1568       32.3925 17246874   19.33%
  31072  9745       34.4299   108       40.1568       32.4712 17272993   19.14%
  31370  9744       33.5367   356       40.1568       32.6575 17496631   18.68%
  31629  9758       37.0938   187       40.1568       32.6612 17668482   18.67%
Elapsed time = 345.41 sec. (385778.33 ticks, tree = 21.63 MB, solutions = 16)
  31946  9902        cutoff             40.1568       32.7260 18146237   18.50%
  32220  9951       34.1326    81       40.1568       32.7989 18099304   18.32%
  32468  9994        cutoff             40.1568       32.8574 18458377   18.18%
  32743 10035       33.8640   152       40.1568       32.8818 18675860   18.12%
  33019 10169       34.3418   210       40.1568       33.0019 18921472   17.82%
  33507 10178       35.9753   206       40.1568       33.0019 19085597   17.82%
  33929 10267       34.2513   126       40.1568       33.2305 19345537   17.25%
  34484 10476       36.7871    67       40.1568       33.3090 19595123   17.05%
  34841 10435        cutoff             40.1568       33.3351 19514322   16.99%
  35170 10913       37.0314   152       40.1568       33.3351 20064326   16.99%
Elapsed time = 386.22 sec. (424151.65 ticks, tree = 24.10 MB, solutions = 16)
  35457 10974       34.9559   173       40.1568       33.3351 20212193   16.99%
  35777 11089       34.3351    68       40.1568       33.3351 20498026   16.99%
  36082 11121        cutoff             40.1568       33.3351 20554912   16.99%
  36447 11262       35.0898   190       40.1568       33.3351 20932772   16.99%
  36794 11320        cutoff             40.1568       33.3351 20982404   16.99%
  37327 11477       34.3960    99       40.1568       33.3746 21271109   16.89%
  37854 11693       34.4043   207       40.1568       33.4419 21815884   16.72%
  38220 11730       33.9386    78       40.1568       33.5150 21870483   16.54%
  38577 12064       36.4573    57       40.1568       33.5384 22293267   16.48%
  38885 12053        cutoff             40.1568       33.5384 22265667   16.48%
Elapsed time = 427.59 sec. (462491.45 ticks, tree = 26.45 MB, solutions = 16)
  39177 12376        cutoff             40.1568       33.5715 22717294   16.40%
  39459 12584       36.1785   178       40.1568       33.6788 23116845   16.13%
  39813 12565        cutoff             40.1568       33.7040 23102427   16.07%
  40207 12636       33.9828   113       40.1568       33.7216 23355763   16.03%
  40517 12820       37.1001   139       40.1568       33.7216 23664214   16.03%
  41058 12978       34.6869   148       40.1568       33.8887 23934748   15.61%
  41641 13048       35.4784   183       40.1568       33.9238 24145904   15.52%
  42308 13182       39.7866   129       40.1568       33.9536 24395035   15.45%
  42682 13547       39.4914    52       40.1568       33.9828 24888962   15.37%
  42963 13654       35.1726   199       40.1568       33.9828 25015177   15.37%
Elapsed time = 469.99 sec. (500848.24 ticks, tree = 29.97 MB, solutions = 16)
  43293 13673       34.3330   202       40.1568       33.9828 25179831   15.37%
  43596 13825       34.7127   176       40.1568       33.9828 25390758   15.37%
  43948 13877       34.7301   193       40.1568       33.9828 25678140   15.37%
  44261 14090       34.3198   179       40.1568       33.9828 26045280   15.37%
  44644 13911        cutoff             40.1568       33.9828 25822870   15.37%
  44985 14123        cutoff             40.1568       33.9828 26189443   15.37%
  45395 14320       39.8902   210       40.1568       33.9828 26759273   15.37%
  45778 14359       38.2095    72       40.1568       34.0007 26837940   15.33%
  46192 14344       34.4126   155       40.1568       34.0348 26783078   15.25%
  46550 14378       38.5141   221       40.1568       34.0601 26872279   15.18%
Elapsed time = 510.78 sec. (539121.31 ticks, tree = 31.51 MB, solutions = 16)
  46756 14424       34.3700   120       40.1568       34.0601 27120046   15.18%
  46867 14565       34.4900   201       40.1568       34.0601 27449676   15.18%

Performing restart 2

Repeating presolve.
Tried aggregator 2 times.
MIP Presolve eliminated 50 rows and 256 columns.
MIP Presolve modified 14924 coefficients.
Aggregator did 6 substitutions.
Reduced MIP has 3925 rows, 2700 columns, and 78448 nonzeros.
Reduced MIP has 2524 binaries, 0 generals, 0 SOSs, and 0 indicators.
Presolve time = 0.10 sec. (231.09 ticks)
Tried aggregator 1 time.
MIP Presolve eliminated 1 rows and 0 columns.
MIP Presolve modified 11 coefficients.
Reduced MIP has 3924 rows, 2700 columns, and 78437 nonzeros.
Reduced MIP has 2524 binaries, 0 generals, 0 SOSs, and 0 indicators.
Presolve time = 0.03 sec. (53.11 ticks)
Represolve time = 0.32 sec. (561.43 ticks)
  46868     0       29.9263   283       40.1568      Cuts: 31 28024147   14.76%
  46868     0       29.9263   314       40.1568      Cuts: 97 28027355   14.76%
  46868     0       29.9263   291       40.1568      Cuts: 17 28028275   14.76%
  46868     0       29.9263   280       40.1568     Cuts: 120 28029515   14.76%
  46868     0       29.9263   274       40.1568      Cuts: 79 28031043   14.76%
  46868     0       29.9263   260       40.1568      Cuts: 79 28032465   14.76%
  46868     0       29.9263   270       40.1568      Cuts: 55 28033728   14.76%
  46868     0       29.9263   260       40.1568      Cuts: 11 28036797   14.76%
  46868     0       29.9263   261       40.1568      Cuts: 11 28037014   14.76%
  46868     0       29.9263   246       40.1568      Cuts: 39 28037631   14.76%
  46868     0       29.9263   284       40.1568     Cuts: 122 28038901   14.76%
  46868     0       29.9263   213       40.1568       Cuts: 8 28039029   14.76%
  46868     0       29.9263   252       40.1568     Cuts: 137 28040202   14.76%
  46868     0       29.9263   243       40.1568      Cuts: 31 28040610   14.76%
  46868     2       29.9263   221       40.1568       34.2299 28040610   14.76%
  46881    10       38.6232    54       40.1568       34.2299 28065302   14.76%
  47217    51        cutoff             40.1568       34.2299 28150893   14.76%
  47563   151       36.4573    84       40.1568       34.2299 28281273   14.76%
  47840   289       33.3106   218       40.1568       34.2299 28416468   14.76%
  48087   354       34.3351    61       40.1568       34.2299 28531793   14.76%
  48363   513       35.9972    93       40.1568       34.2299 28766749   14.76%
  48551   590       36.7660    90       40.1568       34.2299 28904249   14.76%
Elapsed time = 564.84 sec. (631134.42 ticks, tree = 3.54 MB, solutions = 16)
  48818   714       30.9839   271       40.1568       34.2299 29063889   14.76%
  49086   900       36.6841   151       40.1568       34.2299 29297331   14.76%
  49284  1044       40.1267   148       40.1568       34.2299 29474322   14.76%
  49573  1131       33.9828    81       40.1568       34.2299 29621517   14.76%
  49813  1300        cutoff             40.1568       34.2299 29880148   14.76%
  49988  1465       38.4596   168       40.1568       34.2299 30161670   14.76%
  50222  1531       35.7666   153       40.1568       34.2299 30260003   14.76%
  50527  1744       33.1809   212       40.1568       34.2299 30516626   14.76%
  50836  1811       34.4522    95       40.1568       34.2299 30672449   14.76%
  51037  1955       34.1655   159       40.1568       34.2299 30967800   14.76%
Elapsed time = 601.59 sec. (669414.92 ticks, tree = 15.72 MB, solutions = 16)
  51410  2041       35.7027   163       40.1568       34.2299 31082505   14.76%
  51846  2223       34.5371   132       40.1568       34.2299 31222626   14.76%
  52281  2544       39.4237   149       40.1568       34.2299 31515696   14.76%
  52696  2707       32.3959   231       40.1568       34.2299 31661698   14.76%
  53168  2948       39.9904   198       40.1568       34.2299 31951026   14.76%
  53617  3054        cutoff             40.1568       34.2299 32130098   14.76%
  53924  3123    infeasible             40.1568       34.2299 32214814   14.76%
  54269  3184    infeasible             40.1568       34.2299 32440196   14.76%
  54839  3307        cutoff             40.1568       34.2299 32611001   14.76%
  55341  3476       36.1671   170       40.1568       34.2299 32855063   14.76%
Elapsed time = 638.24 sec. (707599.83 ticks, tree = 51.16 MB, solutions = 16)
  55760  3571    infeasible             40.1568       34.2299 33008077   14.76%
  56091  3724       39.4649   158       40.1568       34.2299 33168736   14.76%
  56431  3829       36.0592   176       40.1568       34.2299 33405310   14.76%
  56998  3892       38.8337    35       40.1568       34.2299 33461202   14.76%
  57580  4124       33.4343   136       40.1568       34.2299 33770453   14.76%
  58026  4320        cutoff             40.1568       34.2299 34083690   14.76%
  58346  4386       33.8667    79       40.1568       34.2299 34201418   14.76%
  58790  4398       34.7259    53       40.1568       34.2299 34207032   14.76%
  59501  4731       34.4184   132       40.1568       34.2299 34453672   14.76%
  60110  5036       36.0800   182       40.1568       34.2299 34702728   14.76%
Elapsed time = 674.18 sec. (745828.44 ticks, tree = 80.77 MB, solutions = 16)
  60822  5176       34.3506   118       40.1568       34.2299 34897132   14.76%
  61324  5247    infeasible             40.1568       34.2299 35000390   14.76%
  61693  5591       37.5366   131       40.1568       34.2299 35293291   14.76%
  62076  5694       36.7077   123       40.1568       34.2299 35449365   14.76%
  62711  5777       34.9358   229       40.1568       34.2299 35561178   14.76%
  63338  5823       34.6196   155       40.1568       34.2299 35647447   14.76%
  63922  6074       36.0011    79       40.1568       34.2299 35899946   14.76%
  64283  6420       34.4620   136       40.1568       34.2701 36178875   14.66%
  64807  6554        cutoff             40.1568       34.3032 36310123   14.58%
  65400  6783       34.6696   159       40.1568       34.3032 36596497   14.58%
Elapsed time = 710.72 sec. (784105.04 ticks, tree = 111.52 MB, solutions = 16)
  65944  6787       35.6561    74       40.1568       34.3032 36591799   14.58%
  66401  6918       35.6855   169       40.1568       34.3032 36794518   14.58%
  66797  7069        cutoff             40.1568       34.3032 37104581   14.58%
  67185  7173        cutoff             40.1568       34.3032 37269684   14.58%
  67563  7186       38.1235    66       40.1568       34.3351 37429891   14.50%
  68134  7204       37.9278    42       40.1568       34.3351 37512450   14.50%
  68652  7235       35.3162   157       40.1568       34.3351 37808771   14.50%
  69102  7281       38.9292    78       40.1568       34.3777 37975301   14.39%
  69541  7275       35.7685   102       40.1568       34.4410 38126958   14.23%
  70041  7306       38.5669   118       40.1568       34.4646 38255345   14.17%
Elapsed time = 746.11 sec. (822324.13 ticks, tree = 128.51 MB, solutions = 16)
  70791  7371       38.2324    50       40.1568       34.5295 38476853   14.01%
  71348  7408        cutoff             40.1568       34.5673 38561668   13.92%
  71755  7526    infeasible             40.1568       34.5933 38713689   13.85%
  72159  7677       36.6689   129       40.1568       34.6631 39010467   13.68%
  72556  7788       38.8496    91       40.1568       34.7159 39139434   13.55%
  73021  7839       39.4958    18       40.1568       34.7259 39306654   13.52%
* 73193  7835      integral     0       39.4958       34.7259 39307126   12.08%
  73930  7734       35.1944    58       39.4958       34.7259 39576581   12.08%
  74646  7831       35.8237    86       39.4958       34.7259 39910766   12.08%
  75330  7901       38.8612   110       39.4958       34.7259 40017143   12.08%
Elapsed time = 780.02 sec. (857986.29 ticks, tree = 139.06 MB, solutions = 17)
  75835  7858        cutoff             39.4958       34.7259 40303575   12.08%
  76257  7847       35.3481   142       39.4958       34.8008 40315434   11.89%
  76733  7811       36.1042   129       39.4958       34.8513 40446130   11.76%
  77128  7772       36.4527   184       39.4958       34.9272 40626982   11.57%
  77684  7752       37.3179    75       39.4958       34.9828 40792723   11.43%
  78399  7699        cutoff             39.4958       35.0229 40950341   11.33%
  79100  7665        cutoff             39.4958       35.0663 41277170   11.22%
  79598  7729        cutoff             39.4958       35.1503 41462537   11.00%
  80004  7728       36.6098    91       39.4958       35.2340 41345170   10.79%
  80450  7655        cutoff             39.4958       35.3032 41680566   10.62%
Elapsed time = 815.15 sec. (896211.79 ticks, tree = 135.38 MB, solutions = 17)
  80890  7650       35.7259    36       39.4958       35.3325 41796931   10.54%
  81365  7636       35.7259    35       39.4958       35.3345 42032537   10.54%
  81824  7647       38.2810    90       39.4958       35.3885 42277935   10.40%
  82483  7638        cutoff             39.4958       35.4637 42329130   10.21%
  83201  7755       38.6326    78       39.4958       35.4893 42559472   10.14%
  83891  7757       36.9560    96       39.4958       35.5348 42510695   10.03%
  84330  8022        cutoff             39.4958       35.6108 42947179    9.84%
  84760  8246       35.7259    56       39.4958       35.6729 43375375    9.68%
  85222  8220       36.8800    51       39.4958       35.7087 43323658    9.59%
  85614  8347       36.9922   109       39.4958       35.7259 43631597    9.55%
Elapsed time = 851.78 sec. (934426.17 ticks, tree = 153.52 MB, solutions = 17)
  86071  8334       36.7776   117       39.4958       35.7259 43565000    9.55%
  86572  8466        cutoff             39.4958       35.7259 43900730    9.55%
  87341  8405       36.5528   105       39.4958       35.7259 43860579    9.55%
  88277  8431       37.2369    68       39.4958       35.7259 44067913    9.55%
  89302  8429       37.9874   131       39.4958       35.7259 44119727    9.55%
  89942  8372       37.7319   119       39.4958       35.7259 44714890    9.55%
  90502  8313       37.1100   115       39.4958       35.7302 44795216    9.53%
  91004  8326        cutoff             39.4958       35.7534 44877062    9.48%
  91602  8165       37.1234   147       39.4958       35.7864 45084405    9.39%
  92088  8159       36.9727   109       39.4958       35.8306 45112282    9.28%
Elapsed time = 886.87 sec. (972648.90 ticks, tree = 159.89 MB, solutions = 17)
  92743  7996       38.7414   161       39.4958       35.8615 45386118    9.20%
  93279  7811       37.3359   215       39.4958       35.9131 45670167    9.07%
  93859  7760       37.4893    70       39.4958       35.9810 45699488    8.90%
  94372  7616       36.2252    77       39.4958       36.0364 45870055    8.76%
  94869  7525       36.5754   189       39.4958       36.0778 46063058    8.65%
  95393  7591       36.4573    70       39.4958       36.1063 45909127    8.58%
  95910  7530        cutoff             39.4958       36.1743 46076421    8.41%
  96327  7496       38.5965   138       39.4958       36.1950 46155377    8.36%
  96820  7325       36.4893    52       39.4958       36.2531 46638577    8.21%
  97409  7326       37.8595   161       39.4958       36.2711 46644331    8.16%
Elapsed time = 921.49 sec. (1010844.23 ticks, tree = 136.16 MB, solutions = 17)
  97982  7283        cutoff             39.4958       36.3129 46719115    8.06%
  98568  7089       36.7186   131       39.4958       36.3711 46947131    7.91%
  99162  6803       36.6038    93       39.4958       36.4229 47217577    7.78%
  99698  6562        cutoff             39.4958       36.4573 47486753    7.69%
 100308  6279        cutoff             39.4958       36.4605 47684015    7.69%
 101006  6079       37.4830    89       39.4958       36.4893 47820513    7.61%
 101687  6035        cutoff             39.4958       36.5181 47854919    7.54%
 102278  5610       37.9086    36       39.4958       36.5375 48145201    7.49%
 102942  5315        cutoff             39.4958       36.7157 48345854    7.04%
 103580  5242        cutoff             39.4958       36.8044 48431131    6.81%
Elapsed time = 956.07 sec. (1049069.61 ticks, tree = 84.86 MB, solutions = 17)
 104117  5125       38.2540    91       39.4958       36.8200 48512487    6.78%
 104662  4995       38.2324    34       39.4958       36.8800 48640211    6.62%
 105182  4968       37.4481    41       39.4958       36.9617 48659408    6.42%
 105685  4815        cutoff             39.4958       37.0102 48903928    6.29%
 106099  4807       38.9561    88       39.4958       37.1020 48927060    6.06%
 106603  4743        cutoff             39.4958       37.1660 49260034    5.90%
 107016  4731        cutoff             39.4958       37.1856 49348321    5.85%
 107461  4735       38.0426    98       39.4958       37.2324 49367624    5.73%
 108014  4529       37.6433    82       39.4958       37.2324 49821288    5.73%
 108538  4481       37.7324    88       39.4958       37.2324 49903093    5.73%
Elapsed time = 990.82 sec. (1087280.67 ticks, tree = 68.15 MB, solutions = 17)
 109081  4355        cutoff             39.4958       37.2324 50004566    5.73%
 109676  4082        cutoff             39.4958       37.2324 50323689    5.73%
 110370  3874        cutoff             39.4958       37.2798 50475811    5.61%
 111135  3798       38.7212    40       39.4958       37.2798 50533640    5.61%
 111998  3247        cutoff             39.4958       37.6541 50795449    4.66%
 112839  2958       38.2324    70       39.4958       37.9138 50912458    4.01%
 113491  2941       38.2324    74       39.4958       37.9823 50924770    3.83%
 114023  2727        cutoff             39.4958       37.9823 51069129    3.83%
 114668  2758       39.1556    72       39.4958       38.0600 51040560    3.64%
 115311  2333       39.2324    41       39.4958       38.0686 51463728    3.61%
Elapsed time = 1024.12 sec. (1125514.57 ticks, tree = 28.00 MB, solutions = 17)
 116059  2055        cutoff             39.4958       38.1165 51631587    3.49%
 116934  1605        cutoff             39.4958       38.1617 51815171    3.38%
 117969  1107        cutoff             39.4958       38.4573 51988981    2.63%
 118540   706       38.8800    72       39.4958       38.7767 52211931    1.82%
 119038   586       39.4110   151       39.4958       38.8333 52293567    1.68%
 119798   827        cutoff             39.4958       38.8800 52142159    1.56%

GUB cover cuts applied:  81
Clique cuts applied:  18
Cover cuts applied:  316
Implied bound cuts applied:  12
Flow cuts applied:  1
Mixed integer rounding cuts applied:  73
Zero-half cuts applied:  112
Gomory fractional cuts applied:  13

Root node processing (before b&c):
  Real time             =    3.98 sec. (8327.21 ticks)
Parallel b&c, 16 threads:
  Real time             = 1041.32 sec. (1142113.18 ticks)
  Sync time (average)   =  431.41 sec.
  Wait time (average)   =    0.06 sec.
                          ------------
Total (root+branch&cut) = 1045.30 sec. (1150440.39 ticks)
Feasible solution found!
Truck nodes:
Truck at node 0 at stage 1
Truck at node 10 at stage 2
Truck at node 7 at stage 3
Truck at node 5 at stage 4
Truck at node 6 at stage 5
Truck at node 4 at stage 6
Truck at node 9 at stage 7
Truck at node 11 at stage 8

Truck arcs:
Arc 1 connecting 0 and 10 with cost 6.43835 
Arc 2 connecting 10 and 7 with cost 12.1655 
Arc 3 connecting 7 and 5 with cost 0.777831 
Arc 4 connecting 5 and 6 with cost 0.955922 
Arc 5 connecting 6 and 4 with cost 5.57365 
Arc 6 connecting 4 and 9 with cost 9.26756 
Arc 7 connecting 9 and 11 with cost 1.31706 
Truck route length: 36.4958
Customer 1 was served by drone!
Customer 2 was served by drone!
Customer 3 was served by drone!
Customer 8 was served by drone!
served customer 1 with st stage 1
start from stage 1 at node 0
end at node 7
end at stage 3
served customer 3 with st stage 1
start from stage 1 at node 0
end at node 7
end at stage 3
served customer 8 with st stage 3
end at node 11
end at stage 8
Printing wait:
Printing z(k, k') and drone travel time: 
---------------------------------------------------------------
Sortie starts at stage 1 and ends at stage 3
Start node: 0
End node: 7
Customer served in this sortie:1 3 
Drone arcs during this sortie:
0-->1, l = 9.81661
1-->3, l = 2.81169
3-->7, l = 5.8678
Truck arcs during this sortie:
0---10, l = 6.43835
10---7, l = 12.1655
Drone travel time during sortie: 18.4961
Truck travel time during sortie: 18.6038
Wait time for this sortie: 0
---------------------------------------------------------------
---------------------------------------------------------------
Sortie starts at stage 3 and ends at stage 8
Start node: 7
End node: 11
Customer served in this sortie:2 8 
Drone arcs during this sortie:
2-->8, l = 3.43429
7-->2, l = 6.6743
8-->11, l = 6.33597
Truck arcs during this sortie:
7---5, l = 0.777831
5---6, l = 0.955922
6---4, l = 5.57365
4---9, l = 9.26756
9---11, l = 1.31706
Drone travel time during sortie: 16.4446
Truck travel time during sortie: 17.892
Wait time for this sortie: 0
---------------------------------------------------------------
Printing zl:
zl[1][0] = 1
Printing zr:
zr[1][7] = 1
zr[3][11] = 1
Printing zs:
zs[1][1] = 1
zs[1][3] = 1
zs[3][8] = 1
Printing x_d:
x_d[0][1] = 1
x_d[1][3] = 1
x_d[2][8] = 1
x_d[3][7] = 1
x_d[8][11] = 1
Done!
Solve time: 1045.31
OBJECTIVE VALUE: 39.4958.
In write mode
