Instance name: /home/orlab/CLionProjects/RV-FSTSP/Murray_instances/FSTSP/FSTSP_10_customer_problems/20140810T123440v3
Write arg val: 1
Input is specified as type M: Murray instance.-.-.-.-.-.-.-.-.-.-.-.-.-.-.-.-.-.-.-.-

drone speed: 0.2 miles/minute
uav non-eligible customer: 4 5 
Printing tau:
0 6.70596 5.99218 19.8811 13.1652 11.7619 4.72699 12.4128 7.62306 8.49346 13.6525 0 
6.70596 0 7.41815 13.1751 7.41924 8.38408 3.41898 9.99874 2.95098 5.14749 6.9465 6.70596 
5.99218 7.41815 0 14.3533 14.8374 5.76971 3.99917 6.42059 10.3691 12.5656 10.5246 5.99218 
19.8811 13.1751 14.3533 0 6.71587 15.3192 15.1541 16.9338 12.258 15.4145 6.22861 19.8811 
13.1652 7.41924 14.8374 6.71587 0 15.8033 10.8382 17.418 5.54215 8.69866 4.31275 13.1652 
11.7619 8.38408 5.76971 15.3192 15.8033 0 7.0349 1.61466 11.3351 13.5316 11.4906 11.7619 
4.72699 3.41898 3.99917 15.1541 10.8382 7.0349 0 7.68579 6.36995 8.56647 8.92548 4.72699 
12.4128 9.99874 6.42059 16.9338 17.418 1.61466 7.68579 0 12.9497 15.1462 13.1052 12.4128 
7.62306 2.95098 10.3691 12.258 5.54215 11.3351 6.36995 12.9497 0 3.15652 6.0294 7.62306 
8.49346 5.14749 12.5656 15.4145 8.69866 13.5316 8.56647 15.1462 3.15652 0 9.18592 8.49346 
13.6525 6.9465 10.5246 6.22861 4.31275 11.4906 8.92548 13.1052 6.0294 9.18592 0 13.6525 
0 0 0 0 0 0 0 0 0 0 0 0 
Printing tau_prime:
0 8.83219 8.53823 26.3775 20.0421 15.0796 5.57147 16.5972 11.6525 11.3093 17.7961 0 
8.83219 0 8.78275 17.5467 11.593 11.5383 4.65561 13.5679 3.64183 6.6156 8.96786 8.83219 
8.53823 8.78275 0 23.5383 19.4222 6.89429 4.9433 8.15504 12.3704 14.9175 15.3409 8.53823 
26.3775 17.5467 23.5383 0 7.93526 20.4328 21.6299 21.8114 15.1901 18.2879 8.61635 26.3775 
20.0421 11.593 19.4222 7.93526 0 18.6977 16.1877 20.5464 8.38988 10.5953 5.11496 20.0421 
15.0796 11.5383 6.89429 20.4328 18.6977 0 10.1477 2.05169 14.2211 18.1171 13.7238 15.0796 
5.57147 4.65561 4.9433 21.6299 16.1877 10.1477 0 11.9236 8.24651 10.1003 13.0302 5.57147 
16.5972 13.5679 8.15504 21.8114 20.5464 2.05169 11.9236 0 16.2718 20.1574 15.5136 16.5972 
11.6525 3.64183 12.3704 15.1901 8.38988 14.2211 8.24651 16.2718 0 4.53203 7.10808 11.6525 
11.3093 6.6156 14.9175 18.2879 10.5953 18.1171 10.1003 20.1574 4.53203 0 11.0897 11.3093 
17.7961 8.96786 15.3409 8.61635 5.11496 13.7238 13.0302 15.5136 7.10808 11.0897 0 17.7961 
0 0 0 0 0 0 0 0 0 0 0 0 
---------------------------------------------------------------
Current config:
- Number of threads = 16
- Drone endurance = 20
- SL = 1
- SR = 1
- L = 2
- Allow loop = 0
- Use TSP optimal solution as warmstart: = 0
- Use cutting plane method: = 0
- Use CPLEX conflict refiner: = 0
---------------------------------------------------------------
M value: 534.879
Warning:  Output names have been modified due to duplicate names or characters invalid in LP format.
Version identifier: 22.1.1.0 | 2022-11-28 | 9160aff4d
CPXPARAM_Threads                                 16
CPXPARAM_TimeLimit                               3600
Tried aggregator 2 times.
MIP Presolve eliminated 1237 rows and 663 columns.
MIP Presolve modified 2995 coefficients.
Aggregator did 30 substitutions.
Reduced MIP has 3765 rows, 2751 columns, and 80513 nonzeros.
Reduced MIP has 2575 binaries, 0 generals, 0 SOSs, and 0 indicators.
Presolve time = 0.08 sec. (150.20 ticks)
Probing fixed 58 vars, tightened 0 bounds.
Probing time = 0.04 sec. (128.47 ticks)
Tried aggregator 1 time.
Detecting symmetries...
MIP Presolve eliminated 36 rows and 59 columns.
MIP Presolve modified 247 coefficients.
Reduced MIP has 3729 rows, 2692 columns, and 78876 nonzeros.
Reduced MIP has 2516 binaries, 0 generals, 0 SOSs, and 0 indicators.
Presolve time = 0.04 sec. (72.55 ticks)
Probing time = 0.01 sec. (10.05 ticks)
Clique table members: 34400.
MIP emphasis: balance optimality and feasibility.
MIP search method: dynamic search.
Parallel mode: deterministic, using up to 16 threads.
Root relaxation solution time = 0.14 sec. (238.90 ticks)

        Nodes                                         Cuts/
   Node  Left     Objective  IInf  Best Integer    Best Bound    ItCnt     Gap

*     0+    0                        57682.4075        0.0000           100.00%
      0     0       32.5005   191    57682.4075       32.5005     3099   99.94%
*     0+    0                          100.8635       32.5005            67.78%
      0     0       39.1425   148      100.8635      Cuts: 76     4840   61.19%
*     0+    0                           99.0293       39.1425            60.47%
      0     0       39.2344   216       99.0293     Cuts: 180     6329   60.38%
      0     0       40.2166   173       99.0293     Cuts: 168     7674   59.22%
*     0+    0                           86.6189       40.3811            53.38%
      0     0       40.7390   141       86.6189     Cuts: 126     9109   52.97%
      0     0       41.2178   263       86.6189     Cuts: 129    11417   52.41%
Detecting symmetries...
      0     0       41.2297   304       86.6189     Cuts: 106    12011   52.40%
      0     0       41.2310   349       86.6189      Cuts: 95    12257   52.40%
      0     0       41.2373   339       86.6189      Cuts: 68    12597   52.39%
      0     0       41.3709   294       86.6189     Cuts: 108    13166   52.24%
      0     0       41.4174   334       86.6189     Cuts: 114    13519   52.18%
      0     0       41.5313   319       86.6189     Cuts: 135    13888   52.05%
      0     0       41.5462   345       86.6189      Cuts: 80    14070   52.04%
      0     0       41.5540   317       86.6189      Cuts: 73    14213   52.03%
      0     0       41.5619   347       86.6189      Cuts: 65    14402   52.02%
      0     0       41.5640   359       86.6189      Cuts: 41    14477   52.02%
Detecting symmetries...
      0     2       41.5640   356       86.6189       41.5640    14477   52.02%
Elapsed time = 2.66 sec. (5261.63 ticks, tree = 0.02 MB, solutions = 4)
      5     5       44.6779   137       86.6189       41.6738    15989   51.89%
*    17+    5                           85.7420       41.9904            51.03%
     24    14       46.7304   119       85.7420       41.9904    20042   51.03%
     96    38       45.7939   113       85.7420       42.1955    38848   50.79%
    265    83       62.6708    92       85.7420       42.1955    68384   50.79%
    405   133       71.4339    55       85.7420       42.1955    99195   50.79%
    515   204    infeasible             85.7420       42.1955   140234   50.79%
*   645   234      integral     0       79.3778       42.1955   150912   46.84%
    761   274       50.1786    97       79.3778       42.1955   170773   46.84%
    803   326       46.0011   145       79.3778       42.1955   183886   46.84%
   1052   430       47.5926   126       79.3778       42.1955   239607   46.84%
Elapsed time = 5.54 sec. (8367.71 ticks, tree = 3.95 MB, solutions = 6)
*  1186+  457                           77.4408       42.1955            45.51%
*  1225   523      integral     0       70.0400       42.1955   258963   39.76%
   1645   661       48.8889   133       70.0400       43.2160   297563   38.30%
   1849   909       46.1204   124       70.0400       43.2913   357286   38.19%
   2265  1237       62.5744    79       70.0400       43.2913   439070   38.19%
   2515  1417       49.5435   124       70.0400       44.3901   502349   36.62%
   2680  1578       47.0238   135       70.0400       44.4814   568607   36.49%
   2978  1690       46.3045   184       70.0400       44.4885   633400   36.48%
   3275  1859       52.9960    70       70.0400       44.4885   702825   36.48%
   3370  2081       45.7883   164       70.0400       44.4885   816486   36.48%
   3726  2135       63.0754    83       70.0400       44.4885   859701   36.48%
   4156  2605        cutoff             70.0400       44.4885   977657   36.48%
Elapsed time = 15.08 sec. (17920.55 ticks, tree = 44.30 MB, solutions = 8)

Performing restart 1

Repeating presolve.
Tried aggregator 1 time.
MIP Presolve eliminated 2 rows and 0 columns.
MIP Presolve modified 2147 coefficients.
Reduced MIP has 3727 rows, 2692 columns, and 78057 nonzeros.
Reduced MIP has 2516 binaries, 0 generals, 0 SOSs, and 0 indicators.
Presolve time = 0.06 sec. (68.78 ticks)
Tried aggregator 1 time.
MIP Presolve eliminated 1 rows and 4 columns.
Reduced MIP has 3726 rows, 2688 columns, and 77991 nonzeros.
Reduced MIP has 2512 binaries, 0 generals, 0 SOSs, and 0 indicators.
Presolve time = 0.03 sec. (44.74 ticks)
Represolve time = 0.17 sec. (291.92 ticks)
   4438     0       41.6143   404       70.0400      Cuts: 85  1067530   36.48%
*  4438+    0                           65.0055       44.4885            31.56%
   4438     0       41.6291   404       65.0055      Cuts: 93  1067717   31.56%
   4438     0       41.7571   403       65.0055     Cuts: 104  1068226   31.56%
   4438     0       41.7936   422       65.0055     Cuts: 107  1068540   31.56%
   4438     2       41.7936   420       65.0055       44.4885  1068540   31.56%
   4439     3       41.7988   414       65.0055       44.4885  1069053   31.56%
   4441     5       48.7003    61       65.0055       44.4885  1072226   31.56%
   4445     4       45.6112   196       65.0055       44.4885  1070962   31.56%
   4462     8       45.6383   190       65.0055       44.4885  1076283   31.56%
   4515    14       52.8336    82       65.0055       44.4885  1099270   31.56%
   4604    26       53.2394   108       65.0055       44.4885  1112762   31.56%
   4764   139       52.0201   163       65.0055       44.4885  1140656   31.56%
   4862   255        cutoff             65.0055       44.4885  1166663   31.56%
   4941   309       57.8956    48       65.0055       44.4885  1182681   31.56%
Elapsed time = 27.36 sec. (39486.73 ticks, tree = 4.11 MB, solutions = 9)
   5158   384       58.5589    73       65.0055       44.4885  1213934   31.56%
   5372   554       62.8523   132       65.0055       44.4885  1259790   31.56%
   5597   629       63.8019    36       65.0055       44.4885  1277738   31.56%
   5703   721       48.9830   187       65.0055       44.4885  1315558   31.56%
   5772   822       63.4223    76       65.0055       44.4885  1340351   31.56%
   5951   905       60.5996    79       65.0055       44.4885  1393921   31.56%
   6247   956       50.1632   100       65.0055       44.4885  1406439   31.56%
   6487  1168       53.4128   107       65.0055       44.4885  1459039   31.56%
   6678  1342       55.1990   101       65.0055       44.4885  1508039   31.56%
   6886  1416        cutoff             65.0055       44.4885  1537390   31.56%
Elapsed time = 36.34 sec. (49055.91 ticks, tree = 14.91 MB, solutions = 9)
   6966  1684        cutoff             65.0055       44.4885  1622707   31.56%
   7025  1764        cutoff             65.0055       44.4885  1680526   31.56%
   7091  1808       54.4604   152       65.0055       44.4885  1708687   31.56%
   7185  1815       50.9591    97       65.0055       44.4885  1739802   31.56%
   7461  1880       60.9461    68       65.0055       44.4885  1790782   31.56%
   7853  2142       51.9070   104       65.0055       44.4885  1892528   31.56%
   8149  2208       59.1045   173       65.0055       44.4885  1910169   31.56%
   8322  2602       61.6160   131       65.0055       44.4885  2012085   31.56%
   8422  2827       62.7371    25       65.0055       45.1952  2065763   30.47%
   8579  2932       56.9338    94       65.0055       45.4064  2111906   30.15%
Elapsed time = 44.92 sec. (58652.87 ticks, tree = 29.72 MB, solutions = 9)
   8945  2984       52.1284   178       65.0055       45.7058  2116976   29.69%
   9443  3062       62.7693    47       65.0055       45.7058  2141921   29.69%
   9890  3388       58.7736   161       65.0055       45.7058  2206938   29.69%
  10277  3838       56.0519   169       65.0055       46.6095  2302783   28.30%
  10521  4461        cutoff             65.0055       46.7265  2431408   28.12%
* 10531  4484      integral     0       63.2353       46.7265  2440287   26.11%
* 10555  4129      integral     0       61.9316       46.7265  2463647   24.55%
  10606  4135       60.6986    77       61.9316       46.7265  2469320   24.55%
  10714  3749       58.4152    42       61.9316       46.7265  2545777   24.55%
  10825  3771       54.6992    89       61.9316       46.7265  2550891   24.55%
  11117  3840       55.1754   120       61.9316       46.7265  2597202   24.55%
  11453  4019       58.7964   131       61.9316       47.5769  2644638   23.18%
Elapsed time = 54.02 sec. (68248.64 ticks, tree = 52.11 MB, solutions = 11)
  11763  4188       60.8884    82       61.9316       48.7837  2685282   21.23%
  12118  4439        cutoff             61.9316       48.8232  2806185   21.17%
  12361  4386       58.1621    68       61.9316       49.2326  2804155   20.50%
  12489  4819       59.2621   100       61.9316       49.2701  2911366   20.44%
  12608  4957       61.4616    46       61.9316       49.2701  2969081   20.44%
  12719  4969       61.0222    67       61.9316       50.0318  2998261   19.21%
  12839  5067       59.9564   132       61.9316       50.0318  3046890   19.21%
  13095  5050       56.6298    30       61.9316       50.0362  3041433   19.21%
  13428  5274       55.3126   237       61.9316       50.0362  3166336   19.21%
  13912  5369       57.1372   102       61.9316       50.0362  3199653   19.21%
Elapsed time = 63.02 sec. (77827.87 ticks, tree = 78.16 MB, solutions = 11)
  14191  5402       56.8600    70       61.9316       50.0362  3212139   19.21%
  14312  5664       51.3758   124       61.9316       50.0362  3259985   19.21%
  14389  6102       56.2081    68       61.9316       50.0362  3412089   19.21%
  14475  6121       55.9386   203       61.9316       50.0362  3422985   19.21%
  14858  6198       58.4698   122       61.9316       50.0362  3442510   19.21%
  15328  6236       54.5125   139       61.9316       50.0362  3470422   19.21%
  15800  6250       61.2390    75       61.9316       50.0362  3481194   19.21%
  16297  6961       53.6963   157       61.9316       50.9621  3590967   17.71%
  16804  7388       54.1264   113       61.9316       50.9621  3684772   17.71%
  17105  7280        cutoff             61.9316       50.9621  3662155   17.71%
Elapsed time = 72.00 sec. (87416.22 ticks, tree = 100.69 MB, solutions = 11)
  17201  8215        cutoff             61.9316       50.9621  3833254   17.71%
  17284  8285       56.9153    95       61.9316       50.9621  3852347   17.71%
  17376  8312       57.5336   171       61.9316       50.9621  3884025   17.71%
  17477  8329       56.2182   215       61.9316       51.0886  3925996   17.51%
  17730  8391       57.1809   171       61.9316       51.2614  3939015   17.23%
  18128  8562       52.9939   139       61.9316       51.2614  4021002   17.23%
  18538  8891       59.9874   154       61.9316       51.2614  4111607   17.23%
  19097  8778       56.7829   122       61.9316       51.2614  4092745   17.23%
  19292  8925       56.9090   105       61.9316       51.2614  4132921   17.23%
  19383  9942        cutoff             61.9316       51.4286  4265713   16.96%
Elapsed time = 80.84 sec. (97031.84 ticks, tree = 169.43 MB, solutions = 11)
  19470 10006       53.7280   189       61.9316       51.5007  4290781   16.84%
  19568 10021        cutoff             61.9316       51.5014  4322597   16.84%
  19673 10112        cutoff             61.9316       51.5014  4404644   16.84%
  19885 10151       58.8376   204       61.9316       51.6470  4409494   16.61%
  20284 10294       55.8973   226       61.9316       51.6470  4457259   16.61%
  20641 10207       61.2038    71       61.9316       51.6470  4440928   16.61%
  21048 10354        cutoff             61.9316       51.9910  4489964   16.05%
  21344 10933       58.2607   113       61.9316       51.9963  4633850   16.04%
  21672 11117       58.0546   170       61.9316       52.0006  4669170   16.04%
  22132 11848       54.4652   114       61.9316       52.0006  4908144   16.04%
Elapsed time = 91.79 sec. (109488.56 ticks, tree = 200.94 MB, solutions = 11)
  23746 12397       53.1055    87       61.9316       52.0527  5041298   15.95%
  24976 13497       54.4830    94       61.9316       52.0994  5299305   15.88%
  25618 14464        cutoff             61.9316       52.2072  5553681   15.70%
* 26504+14609                           61.5714       52.2092            15.21%
  27208 14721       54.4552   239       61.5714       52.2930  5708064   15.07%
* 27792 14990      integral     0       61.4184       52.2978  5749908   14.85%
  28554 15329       59.7123    58       61.4184       52.3458  5896568   14.77%
  29389 16616       59.4246    69       61.4184       52.3698  6163120   14.73%
* 30795+17208                           60.4654       52.4182            13.31%
  30844 17279       59.7414   194       60.4654       52.4182  6370959   13.31%
  32080 17046        cutoff             60.4654       52.5016  6570271   13.17%
  32600 17386       57.0851    65       60.4654       52.5487  6714376   13.09%
  33414 17665       54.7042   163       60.4654       52.5742  6901207   13.05%
Elapsed time = 126.80 sec. (147693.94 ticks, tree = 315.80 MB, solutions = 14)
  35499 18552       53.1627    85       60.4654       52.6699  7124220   12.89%
  36028 19238       55.3912    82       60.4654       52.7070  7252145   12.83%
  36533 19575       56.1549    32       60.4654       52.7092  7487581   12.83%
  37503 19922       57.2114    69       60.4654       52.8512  7635561   12.59%
  39349 20178       55.6298   217       60.4654       52.9995  7729692   12.35%
  40292 21860        cutoff             60.4654       53.0032  8165280   12.34%
  40807 21970        cutoff             60.4654       53.0587  8337143   12.25%
  41411 22069       53.3915    83       60.4654       53.1284  8446196   12.13%
  41945 22376       55.6978   155       60.4654       53.1946  8584872   12.02%
  43435 22594        cutoff             60.4654       53.2277  8707737   11.97%
Elapsed time = 161.18 sec. (185941.31 ticks, tree = 443.39 MB, solutions = 14)
  45118 23096       54.7709    63       60.4654       53.2948  8848530   11.86%
  46057 24499        cutoff             60.4654       53.3606  9164401   11.75%
  46644 24851       59.1057    96       60.4654       53.4186  9370500   11.65%
* 46844+24861                           59.8735       53.4186            10.78%
  47245 24856        cutoff             59.8735       53.4396  9418329   10.75%
  47888 23572       59.1621   103       59.8735       53.4396  9684326   10.75%
  48507 23626       55.7013   161       59.8735       53.4396  9816562   10.75%
  49371 23667       57.6262   167       59.8735       53.5079  9899945   10.63%
  50708 23829       54.1811   189       59.8735       53.6108 10123968   10.46%
  51742 24614       57.6844    90       59.8735       53.6752 10452493   10.35%
  52472 24684       55.4801   101       59.8735       53.7312 10519909   10.26%
Elapsed time = 195.15 sec. (224137.67 ticks, tree = 469.33 MB, solutions = 15)
  53214 24737       59.5283   104       59.8735       53.8014 10589537   10.14%
* 54344+25018                           59.5067       53.8525             9.50%
  54532 25021       59.5527   129       59.5067       53.8525 10812550    9.50%
  56262 24253       55.3576   197       59.5067       53.9259 10922255    9.38%
  57762 24847        cutoff             59.5067       53.9986 11175698    9.26%
  58642 25693        cutoff             59.5067       54.0757 11484619    9.13%
  59440 25568        cutoff             59.5067       54.1390 11646320    9.02%
  60171 25540        cutoff             59.5067       54.1915 11791300    8.93%
  60878 25487       58.4277    42       59.5067       54.1929 11944914    8.93%
  61551 25438       56.0112    95       59.5067       54.2962 12025851    8.76%
  62301 25474        cutoff             59.5067       54.2962 12225162    8.76%
Elapsed time = 229.12 sec. (262355.66 ticks, tree = 467.02 MB, solutions = 16)
  63011 25295       57.2021    21       59.5067       54.3876 12383769    8.60%
  63713 25362       56.4380   113       59.5067       54.4508 12539060    8.50%
  64409 25373       55.7621   110       59.5067       54.5137 12656367    8.39%
  65098 25354       56.9396    74       59.5067       54.5301 12823220    8.36%
* 65889 25423      integral     0       58.9196       54.5616 12899299    7.40%
  65922 25385        cutoff             58.9196       54.5616 13017015    7.40%
  66884 23011        cutoff             58.9196       54.6277 13271811    7.28%
  67808 22913       56.0149    92       58.9196       54.6602 13501127    7.23%
  68736 22899        cutoff             58.9196       54.7107 13512988    7.14%
  69823 22537        cutoff             58.9196       54.7680 13762328    7.05%
  70779 22099        cutoff             58.9196       54.8161 14069028    6.96%
Elapsed time = 264.55 sec. (300533.87 ticks, tree = 405.30 MB, solutions = 17)
* 71153+22410                           58.3533       54.8415             6.02%
  71774 18991        cutoff             58.3533       54.8830 14263948    5.95%
  72849 18847        cutoff             58.3533       54.9818 14349416    5.78%
  74031 18156       56.9576    88       58.3533       55.0636 14649675    5.64%
  75093 17795        cutoff             58.3533       55.2153 14796079    5.38%
* 76187 17673      integral     0       57.1016       55.3340 14863922    3.10%
  76245 17399        cutoff             57.1016       55.3340 15027179    3.10%
  77349  9836    infeasible             57.1016       55.4171 15242290    2.95%
  79177  8409        cutoff             57.1016       55.6594 15499103    2.53%
  81577  6311        cutoff             57.1016       56.0749 15743240    1.80%
  84381  4372        cutoff             57.1016       56.3629 15909894    1.29%

Performing restart 2

Repeating presolve.
Tried aggregator 1 time.
MIP Presolve eliminated 37 rows and 61 columns.
MIP Presolve modified 12638 coefficients.
Reduced MIP has 3689 rows, 2627 columns, and 87919 nonzeros.
Reduced MIP has 2451 binaries, 0 generals, 0 SOSs, and 0 indicators.
Presolve time = 0.09 sec. (232.23 ticks)
Tried aggregator 1 time.
MIP Presolve eliminated 7 rows and 7 columns.
MIP Presolve modified 30 coefficients.
Reduced MIP has 3682 rows, 2620 columns, and 87847 nonzeros.
Reduced MIP has 2444 binaries, 0 generals, 0 SOSs, and 0 indicators.
Presolve time = 0.04 sec. (63.31 ticks)
Represolve time = 0.29 sec. (576.75 ticks)
  86757     0       41.9060   440       57.1016      Cuts: 76 16128030    0.42%
  86757     0       41.9989   437       57.1016      Cuts: 97 16128542    0.42%
  86757     0       42.0240   427       57.1016     Cuts: 102 16128939    0.42%
  86757     0       42.1788   394       57.1016      Cuts: 85 16129569    0.42%
  86757     0       42.2188   391       57.1016      Cuts: 96 16129927    0.42%
  86757     0       42.2273   432       57.1016     Cuts: 111 16130126    0.42%
  86757     0       42.3534   346       57.1016      Cuts: 56 16130584    0.42%
  86757     0       42.3860   381       57.1016     Cuts: 115 16130791    0.42%
  86757     0       42.4214   416       57.1016     Cuts: 114 16131041    0.42%
  86757     0       42.4715   401       57.1016     Cuts: 104 16131303    0.42%
  86757     0       42.4960   383       57.1016      Cuts: 79 16131544    0.42%
  86757     0       42.5199   366       57.1016      Cuts: 80 16131754    0.42%
  86757     0       42.6361   372       57.1016      Cuts: 72 16132232    0.42%
  86757     0       42.6697   405       57.1016      Cuts: 64 16132498    0.42%

Repeating presolve.
Tried aggregator 1 time.
MIP Presolve eliminated 53 rows and 52 columns.
MIP Presolve modified 1798 coefficients.
Reduced MIP has 3629 rows, 2568 columns, and 95155 nonzeros.
Reduced MIP has 2392 binaries, 0 generals, 0 SOSs, and 0 indicators.
Presolve time = 0.10 sec. (217.75 ticks)
Tried aggregator 2 times.
MIP Presolve eliminated 62 rows and 80 columns.
MIP Presolve modified 2510 coefficients.
Aggregator did 9 substitutions.
Reduced MIP has 3558 rows, 2479 columns, and 92429 nonzeros.
Reduced MIP has 2303 binaries, 0 generals, 0 SOSs, and 0 indicators.
Presolve time = 0.20 sec. (406.79 ticks)
Tried aggregator 1 time.
MIP Presolve modified 132 coefficients.
Reduced MIP has 3558 rows, 2479 columns, and 92429 nonzeros.
Reduced MIP has 2303 binaries, 0 generals, 0 SOSs, and 0 indicators.
Presolve time = 0.07 sec. (122.14 ticks)
Represolve time = 0.70 sec. (1375.58 ticks)
  86757     0       42.6827   407       57.1016     Cuts: 106 16139611    0.42%
  86757     0       42.7019   410       57.1016     Cuts: 103 16139855    0.42%
  86757     0       42.7088   416       57.1016      Cuts: 86 16140017    0.42%
  86757     0       42.7144   391       57.1016      Cuts: 84 16140150    0.42%
  86757     0       42.7196   454       57.1016      Cuts: 77 16140289    0.42%
  86757     0       42.7982   406       57.1016      Cuts: 78 16140834    0.42%
  86757     0       42.8071   421       57.1016      Cuts: 94 16141083    0.42%
  86757     0       42.8674   394       57.1016      Cuts: 78 16141540    0.42%
  86757     0       42.8776   431       57.1016      Cuts: 83 16141786    0.42%
  86757     0       42.8897   406       57.1016      Cuts: 79 16142029    0.42%
  86757     0       42.9488   395       57.1016      Cuts: 35 16142329    0.42%
  86757     0       42.9676   393       57.1016      Cuts: 61 16142520    0.42%
  86757     2       42.9676   393       57.1016       56.8627 16142520    0.42%
Elapsed time = 329.24 sec. (400745.04 ticks, tree = 0.02 MB, solutions = 19)
  86783    15       50.8534    50       57.1016       56.8627 16156326    0.42%
  87091   123       55.8756   112       57.1016       56.8627 16266654    0.42%
  87594   220       53.8744   149       57.1016       56.8627 16368098    0.42%
  88157   516       51.6398    85       57.1016       56.8627 16539166    0.42%
  88574   641       52.8606   123       57.1016       56.8627 16727605    0.42%
  89283  1014        cutoff             57.1016       56.8627 16912459    0.42%
  89707  1270       51.3741   343       57.1016       56.8627 17080183    0.42%
  90175  1527        cutoff             57.1016       56.8627 17315402    0.42%
  90555  1677       55.6765   143       57.1016       56.8627 17505618    0.42%
  90942  1903       52.5424   116       57.1016       56.8627 17757149    0.42%
Elapsed time = 363.22 sec. (438982.14 ticks, tree = 24.63 MB, solutions = 19)
  91624  1989       54.2277    69       57.1016       56.8627 17913477    0.42%
  92219  2515       53.5150   182       57.1016       56.8627 18249742    0.42%
  92800  2735       51.3153   263       57.1016       56.8627 18566125    0.42%
  93512  3077        cutoff             57.1016       56.8627 18944657    0.42%
  93976  3161       56.4063   100       57.1016       56.8627 19244828    0.42%
  94664  3248        cutoff             57.1016       56.8627 19419897    0.42%
  95326  3486        cutoff             57.1016       56.8627 19699125    0.42%
  95936  3809       52.4653   184       57.1016       56.8627 19978911    0.42%
  96593  4127        cutoff             57.1016       56.8627 20363476    0.42%
  97093  4213       56.4913    87       57.1016       56.8627 20588186    0.42%
Elapsed time = 400.09 sec. (477241.77 ticks, tree = 25.06 MB, solutions = 19)
  97986  4375       52.8571   197       57.1016       56.8627 20782397    0.42%
  99072  4935       55.8142   179       57.1016       56.8627 21259570    0.42%
  99853  5373       53.2857   187       57.1016       56.8627 21652544    0.42%
 100661  5465       55.0786   185       57.1016       56.8627 21807416    0.42%
 101795  5902       53.5573   116       57.1016       56.8627 22053773    0.42%
 102749  6453       54.5556   127       57.1016       56.8627 22476398    0.42%
 103403  6544        cutoff             57.1016       56.8627 22732020    0.42%
 104033  6566       53.8126   165       57.1016       56.8627 23020686    0.42%
 104758  6643        cutoff             57.1016       56.8627 23228001    0.42%
 105765  6640       54.6517    64       57.1016       56.8627 23462849    0.42%
Elapsed time = 436.47 sec. (515461.27 ticks, tree = 23.34 MB, solutions = 19)
 106568  6742       53.6283   106       57.1016       56.8627 23975568    0.42%
 107195  6683        cutoff             57.1016       56.8627 24162505    0.42%
 108066  6793        cutoff             57.1016       56.8627 24384547    0.42%
 109132  6886        cutoff             57.1016       56.8627 24524094    0.42%
 109966  6927       56.1446   151       57.1016       56.8627 25106199    0.42%
 110864  6829       55.6361   168       57.1016       56.8627 25267352    0.42%
 111827  6332        cutoff             57.1016       56.8627 25723680    0.42%
 112713  6110        cutoff             57.1016       56.8627 25958575    0.42%
 113704  5738        cutoff             57.1016       56.8627 26325967    0.42%
 114657  5481        cutoff             57.1016       56.8627 26608507    0.42%
Elapsed time = 472.98 sec. (553630.69 ticks, tree = 14.08 MB, solutions = 19)
 115501  5371        cutoff             57.1016       56.8627 26837691    0.42%
 116611  5040       55.4410   104       57.1016       56.8627 27144687    0.42%
 117864  4131        cutoff             57.1016       56.8627 27588002    0.42%
 119191  4153        cutoff             57.1016       56.8627 27574541    0.42%
 120376  3289        cutoff             57.1016       56.8627 27993423    0.42%
 121783  2261        cutoff             57.1016       56.8627 28508147    0.42%
 124030   533        cutoff             57.1016       56.8627 28857998    0.42%
 124629   230       57.0170    77       57.1016       56.8627 28922128    0.42%

GUB cover cuts applied:  43
Clique cuts applied:  10
Cover cuts applied:  431
Implied bound cuts applied:  89
Flow cuts applied:  15
Mixed integer rounding cuts applied:  122
Zero-half cuts applied:  124
Lift and project cuts applied:  73
Gomory fractional cuts applied:  5

Root node processing (before b&c):
  Real time             =    2.53 sec. (5130.53 ticks)
Parallel b&c, 16 threads:
  Real time             =  499.47 sec. (581445.65 ticks)
  Sync time (average)   =  202.67 sec.
  Wait time (average)   =    0.03 sec.
                          ------------
Total (root+branch&cut) =  502.00 sec. (586576.19 ticks)
Feasible solution found!
Truck nodes:
Truck at node 0 at stage 1
Truck at node 2 at stage 2
Truck at node 7 at stage 3
Truck at node 5 at stage 4
Truck at node 10 at stage 5
Truck at node 3 at stage 6
Truck at node 4 at stage 7
Truck at node 8 at stage 8
Truck at node 1 at stage 9
Truck at node 6 at stage 10
Truck at node 11 at stage 11

Truck arcs:
Arc 1 connecting 0 and 2 with cost 5.99218 
Arc 2 connecting 2 and 7 with cost 6.42059 
Arc 3 connecting 7 and 5 with cost 1.61466 
Arc 4 connecting 5 and 10 with cost 11.4906 
Arc 5 connecting 10 and 3 with cost 6.22861 
Arc 6 connecting 3 and 4 with cost 6.71587 
Arc 7 connecting 4 and 8 with cost 5.54215 
Arc 8 connecting 8 and 1 with cost 2.95098 
Arc 9 connecting 1 and 6 with cost 3.41898 
Arc 10 connecting 6 and 11 with cost 4.72699 
Truck route length: 55.1016
Customer 9 was served by drone!
served customer 9 with st stage 5
start from stage 5 at node 10
end at node 8
end at stage 8
Printing wait:
Printing z(k, k') and drone travel time: 
---------------------------------------------------------------
Sortie starts at stage 5 and ends at stage 8
Start node: 10
End node: 8
Customer served in this sortie:9 
Drone arcs during this sortie:
9-->8, l = 4.53203
10-->9, l = 11.0897
Truck arcs during this sortie:
10---3, l = 6.22861
3---4, l = 6.71587
4---8, l = 5.54215
Drone travel time during sortie: 15.6217
Truck travel time during sortie: 18.4866
Wait time for this sortie: 0
---------------------------------------------------------------
Printing zl:
zl[5][10] = 1
Printing zr:
zr[5][8] = 1
Printing zs:
zs[5][9] = 1
Printing x_d:
x_d[9][8] = 1
x_d[10][9] = 1
Done!
Solve time: 502.012
OBJECTIVE VALUE: 57.1016.
In write mode
