Instance name: /home/cuong/CLionProjects/uMV-FSTSP/Murray_Chu_2015_test_data/FSTSP/FSTSP_10_customer_problems/20140810T123437v6
Write arg val: 1

drone speed: 0.4 miles/minute
uav non-eligible customer: 10 
Printing tau:
0 7.81487 11.456 11.7512 6.90462 8.74496 8.26904 7.96713 6.93325 7.23706 4.19835 0 
7.81487 0 18.3108 3.93636 13.7595 7.22991 8.18583 7.04774 13.7881 14.0919 12.0132 7.81487 
11.456 18.3108 0 22.2472 4.55136 11.0809 10.125 11.2631 5.10923 6.13892 11.4943 11.456 
11.7512 3.93636 22.2472 0 17.6958 11.1663 12.1222 10.9841 17.7245 18.0283 15.9496 11.7512 
6.90462 13.7595 4.55136 17.6958 0 6.52957 5.57365 6.71174 1.94864 9.26756 8.38296 6.90462 
8.74496 7.22991 11.0809 11.1663 6.52957 0 0.955922 0.777831 6.55821 13.8279 12.9433 8.74496 
8.26904 8.18583 10.125 12.1222 5.57365 0.955922 0 1.13809 5.60229 13.352 12.4674 8.26904 
7.96713 7.04774 11.2631 10.9841 6.71174 0.777831 1.13809 0 6.74038 13.0501 12.1655 7.96713 
6.93325 13.7881 5.10923 17.7245 1.94864 6.55821 5.60229 6.74038 0 11.2162 10.3316 6.93325 
7.23706 14.0919 6.13892 18.0283 9.26756 13.8279 13.352 13.0501 11.2162 0 7.2754 7.23706 
4.19835 12.0132 11.4943 15.9496 8.38296 12.9433 12.4674 12.1655 10.3316 7.2754 0 4.19835 
0 0 0 0 0 0 0 0 0 0 0 0 
Printing tau_prime:
0 7.35056 8.13494 11.2814 5.70897 6.1893 5.92235 5.63526 6.54548 6.25345 2.9688 0 
7.35056 0 13.8016 3.93636 10.0624 5.15445 5.79716 4.98467 9.82192 13.5081 9.76684 7.35056 
8.13494 13.8016 0 17.4546 3.90533 9.53697 8.79045 9.34402 4.808 5.26714 8.93665 8.13494 
11.2814 3.93636 17.4546 0 13.6088 8.1769 8.91833 8.21492 13.1476 17.4415 13.6017 11.2814 
5.70897 10.0624 3.90533 13.6088 0 5.6317 4.88611 5.4477 1.37804 6.55737 7.69671 5.70897 
6.1893 5.15445 9.53697 8.1769 5.6317 0 0.755079 0.564892 4.99155 10.9155 9.15697 6.1893 
5.92235 5.79716 8.79045 8.91833 4.88611 0.755079 0 0.832586 4.23953 10.3237 8.86878 5.92235 
5.63526 4.98467 9.34402 8.21492 5.4477 0.564892 0.832586 0 4.93942 10.4863 8.60384 5.63526 
6.54548 9.82192 4.808 13.1476 1.37804 4.99155 4.23953 4.93942 0 7.93396 8.8132 6.54548 
6.25345 13.5081 5.26714 17.4415 6.55737 10.9155 10.3237 10.4863 7.93396 0 5.18237 6.25345 
2.9688 9.76684 8.93665 13.6017 7.69671 9.15697 8.86878 8.60384 8.8132 5.18237 0 2.9688 
0 0 0 0 0 0 0 0 0 0 0 0 
Printing number of nodes: 11

Version identifier: 22.1.1.0 | 2022-11-28 | 9160aff4d
CPXPARAM_ClockType                               0
CPXPARAM_Emphasis_MIP                            2
CPXPARAM_MIP_Tolerances_Integrality              0
Tried aggregator 2 times.
MIP Presolve eliminated 429 rows and 340 columns.
MIP Presolve modified 2190 coefficients.
Aggregator did 2 substitutions.
Reduced MIP has 5699 rows, 1373 columns, and 165440 nonzeros.
Reduced MIP has 1364 binaries, 0 generals, 0 SOSs, and 0 indicators.
Presolve time = 0.07 sec. (176.59 ticks)
Found incumbent of value 123.380752 after 0.13 sec. (296.54 ticks)
Probing fixed 203 vars, tightened 0 bounds.
Probing changed sense of 18 constraints.
Probing time = 0.06 sec. (59.47 ticks)
Tried aggregator 1 time.
MIP Presolve eliminated 31 rows and 221 columns.
MIP Presolve modified 52 coefficients.
Reduced MIP has 5668 rows, 1152 columns, and 164380 nonzeros.
Reduced MIP has 1143 binaries, 0 generals, 0 SOSs, and 0 indicators.
Presolve time = 0.07 sec. (181.34 ticks)
Probing fixed 7 vars, tightened 0 bounds.
Probing changed sense of 4 constraints.
Probing time = 0.03 sec. (51.76 ticks)
Tried aggregator 1 time.
Detecting symmetries...
MIP Presolve eliminated 8 rows and 11 columns.
MIP Presolve modified 15 coefficients.
Reduced MIP has 5660 rows, 1141 columns, and 164325 nonzeros.
Reduced MIP has 1132 binaries, 0 generals, 0 SOSs, and 0 indicators.
Presolve time = 0.04 sec. (98.03 ticks)
Probing time = 0.01 sec. (14.82 ticks)
Clique table members: 84001.
MIP emphasis: optimality.
MIP search method: dynamic search.
Parallel mode: deterministic, using up to 20 threads.
Root relaxation solution time = 0.19 sec. (261.95 ticks)

        Nodes                                         Cuts/
   Node  Left     Objective  IInf  Best Integer    Best Bound    ItCnt     Gap

*     0+    0                          123.3808       -0.6033           100.49%
      0     0       39.4850   137      123.3808       39.4850     1173   68.00%
*     0+    0                           64.9183       39.4850            39.18%
*     0+    0                           52.5990       39.4850            24.93%
      0     0       40.4303   181       52.5990      Cuts: 40     2062   23.13%
      0     0       40.4890   193       52.5990      Cuts: 19     2430   23.02%
      0     0       40.5046   199       52.5990      Cuts: 11     2532   22.99%
      0     0       40.5154   201       52.5990       Cuts: 8     2627   22.97%
      0     0       40.5236   202       52.5990       Cuts: 3     2669   22.96%
Detecting symmetries...
      0     0       40.5296   207       52.5990       Cuts: 6     2730   22.95%
      0     0       40.5372   219       52.5990       Cuts: 5     2777   22.93%
      0     0       40.5435   215       52.5990       Cuts: 7     2810   22.92%
      0     0       40.5585   221       52.5990       Cuts: 5     2886   22.89%
      0     0       40.5635   209       52.5990   Impl Bds: 3     2928   22.88%
      0     0       40.5947   197       52.5990       Cuts: 3     3031   22.82%
*     0+    0                           50.5240       40.5947            19.65%
      0     0       40.6115   206       50.5240       Cuts: 6     3082   19.62%
      0     0       40.6129   211       50.5240       Cuts: 4     3100   19.62%
      0     0       40.6157   203       50.5240       Cuts: 2     3136   19.61%
Detecting symmetries...
      0     2       40.6157   203       50.5240       40.6157     3136   19.61%
Elapsed time = 2.32 sec. (4630.23 ticks, tree = 0.02 MB, solutions = 4)
     28    16       48.6869   128       50.5240       40.7576     5678   19.33%
    199    91        cutoff             50.5240       40.9091    19274   19.03%
    280   149       43.8743   192       50.5240       41.2619    29845   18.33%
    490   270       43.1829   104       50.5240       41.3710    47932   18.12%
    677   354       47.1029   128       50.5240       41.3710    62277   18.12%
    906   436       46.8567   154       50.5240       41.3710    72606   18.12%
   1137   600       46.0760   130       50.5240       42.8448   102411   15.20%
   1358   741        cutoff             50.5240       42.8448   124169   15.20%
   1477   836       44.5581    70       50.5240       42.8651   136878   15.16%
*  1878   952      integral     0       49.6275       43.4111   159667   12.53%
   2436  1082       47.9889   140       49.6275       43.7606   206721   11.82%
Elapsed time = 6.99 sec. (7739.92 ticks, tree = 1.53 MB, solutions = 5)
*  2729+ 1131                           49.6207       44.3732            10.58%
   3265  1171        cutoff             49.6207       47.2735   266529    4.73%
*  3819+ 1089                           49.5240       47.6112             3.86%
*  3898+ 1075                           48.7007       47.8008             1.85%
*  4209   237      integral     0       48.6040       47.8008   322896    1.65%

Clique cuts applied:  1
Cover cuts applied:  152
Implied bound cuts applied:  30
Flow cuts applied:  2
Mixed integer rounding cuts applied:  7
Zero-half cuts applied:  25
Lift and project cuts applied:  1
Gomory fractional cuts applied:  3

Root node processing (before b&c):
  Real time             =    2.22 sec. (4570.43 ticks)
Parallel b&c, 20 threads:
  Real time             =    7.62 sec. (4940.26 ticks)
  Sync time (average)   =    3.01 sec.
  Wait time (average)   =    0.00 sec.
                          ------------
Total (root+branch&cut) =    9.84 sec. (9510.69 ticks)
Truck arcs:
0 10
1 11
2 4
4 8
5 7
6 5
7 1
8 6
10 2
customer 3 is served by drone
start of this sortie: 4
end of this sortie: 1

customer 9 is served by drone
start of this sortie: 0
end of this sortie: 2

48.604
In write mode
