Instance name: /home/orlab/CLionProjects/RV-FSTSP/Murray_instances/FSTSP/FSTSP_10_customer_problems/20140810T123440v8
Write arg val: 1
Input is specified as type M: Murray instance.-.-.-.-.-.-.-.-.-.-.-.-.-.-.-.-.-.-.-.-

drone speed: 0.4 miles/minute
uav non-eligible customer: 4 5 
Printing tau:
0 13.106 12.3922 26.2811 19.5652 18.1619 11.127 18.8128 14.0231 14.8935 20.0525 0 
13.106 0 7.41815 13.1751 7.41924 8.38408 3.41898 9.99874 2.95098 5.14749 6.9465 13.106 
12.3922 7.41815 0 14.3533 14.8374 5.76971 3.99917 6.42059 10.3691 12.5656 10.5246 12.3922 
26.2811 13.1751 14.3533 0 6.71587 15.3192 15.1541 16.9338 12.258 15.4145 6.22861 26.2811 
19.5652 7.41924 14.8374 6.71587 0 15.8033 10.8382 17.418 5.54215 8.69866 4.31275 19.5652 
18.1619 8.38408 5.76971 15.3192 15.8033 0 7.0349 1.61466 11.3351 13.5316 11.4906 18.1619 
11.127 3.41898 3.99917 15.1541 10.8382 7.0349 0 7.68579 6.36995 8.56647 8.92548 11.127 
18.8128 9.99874 6.42059 16.9338 17.418 1.61466 7.68579 0 12.9497 15.1462 13.1052 18.8128 
14.0231 2.95098 10.3691 12.258 5.54215 11.3351 6.36995 12.9497 0 3.15652 6.0294 14.0231 
14.8935 5.14749 12.5656 15.4145 8.69866 13.5316 8.56647 15.1462 3.15652 0 9.18592 14.8935 
20.0525 6.9465 10.5246 6.22861 4.31275 11.4906 8.92548 13.1052 6.0294 9.18592 0 20.0525 
0 0 0 0 0 0 0 0 0 0 0 0 
Printing tau_prime:
0 11.5488 8.91586 22.0108 18.4044 12.8785 9.05098 13.3038 13.3764 13.0364 16.8417 0 
11.5488 0 5.26965 10.528 6.95583 6.92297 2.79336 8.14071 2.1851 3.96936 5.38071 11.5488 
8.91586 5.26965 0 14.123 11.6533 4.13658 2.96598 4.89302 7.42221 8.9505 9.20456 8.91586 
22.0108 10.528 14.123 0 4.76116 12.2597 12.9779 13.0868 9.11406 10.9728 5.16981 22.0108 
18.4044 6.95583 11.6533 4.76116 0 11.2186 9.71264 12.3279 5.03393 6.35719 3.06897 18.4044 
12.8785 6.92297 4.13658 12.2597 11.2186 0 6.0886 1.23101 8.53268 10.8703 8.2343 12.8785 
9.05098 2.79336 2.96598 12.9779 9.71264 6.0886 0 7.15418 4.94791 6.06021 7.81812 9.05098 
13.3038 8.14071 4.89302 13.0868 12.3279 1.23101 7.15418 0 9.7631 12.0944 9.30817 13.3038 
13.3764 2.1851 7.42221 9.11406 5.03393 8.53268 4.94791 9.7631 0 2.71922 4.26485 13.3764 
13.0364 3.96936 8.9505 10.9728 6.35719 10.8703 6.06021 12.0944 2.71922 0 6.65382 13.0364 
16.8417 5.38071 9.20456 5.16981 3.06897 8.2343 7.81812 9.30817 4.26485 6.65382 0 16.8417 
0 0 0 0 0 0 0 0 0 0 0 0 
---------------------------------------------------------------
Current config:
- Number of threads = 1
- Drone endurance = 20
- SL = 1
- SR = 1
- L = 1
- Allow loop = 1
- Allow revisit = 1
- Allow multi-visit drone = 0
- Use TSP optimal solution as warmstart: = 0
- Use cutting plane method: = 0
- Use CPLEX conflict refiner: = 0
---------------------------------------------------------------
---------------------------------------------
Calculate max stage gap for sortie.... 
Stage gap calculation consumes too much memory. No constraint was added.
---------------------------------------------
Warning:  Output names have been modified due to duplicate names or characters invalid in LP format.
Version identifier: 22.1.1.0 | 2022-11-28 | 9160aff4d
CPXPARAM_Threads                                 1
CPXPARAM_TimeLimit                               3600
CPXPARAM_WorkMem                                 24576
Tried aggregator 3 times.
MIP Presolve eliminated 1007 rows and 1713 columns.
MIP Presolve modified 1962 coefficients.
Aggregator did 26 substitutions.
Reduced MIP has 882 rows, 3429 columns, and 77253 nonzeros.
Reduced MIP has 3363 binaries, 0 generals, 0 SOSs, and 0 indicators.
Presolve time = 0.08 sec. (142.09 ticks)
Found incumbent of value 93.512139 after 0.10 sec. (185.71 ticks)
Probing fixed 35 vars, tightened 0 bounds.
Probing time = 0.05 sec. (224.44 ticks)
Tried aggregator 2 times.
Detecting symmetries...
MIP Presolve eliminated 12 rows and 35 columns.
MIP Presolve modified 6 coefficients.
Aggregator did 9 substitutions.
Reduced MIP has 861 rows, 3385 columns, and 76503 nonzeros.
Reduced MIP has 3319 binaries, 0 generals, 0 SOSs, and 0 indicators.
Presolve time = 0.05 sec. (61.14 ticks)
Probing time = 0.00 sec. (8.63 ticks)
Clique table members: 36114.
MIP emphasis: balance optimality and feasibility.
MIP search method: dynamic search.
Parallel mode: none, using 1 thread.
Root relaxation solution time = 0.09 sec. (219.97 ticks)

        Nodes                                         Cuts/
   Node  Left     Objective  IInf  Best Integer    Best Bound    ItCnt     Gap

*     0+    0                           93.5121      -11.0000           111.76%
      0     0       23.6432   365       93.5121       23.6432     2842   74.72%
      0     0       45.0682   164       93.5121      Cuts: 31     4450   51.80%
      0     0       50.9445   161       93.5121      Cuts: 20     4868   45.52%
      0     0       52.3771   162       93.5121      Cuts: 24     5323   43.99%
      0     0       52.5927   195       93.5121      Cuts: 20     5709   43.76%
      0     0       52.9029   198       93.5121      Cuts: 16     6151   43.43%
Detecting symmetries...
      0     0       52.9640   216       93.5121      Cuts: 17     6832   43.36%
      0     0       53.3761   227       93.5121      Cuts: 13     7479   42.92%
      0     0       53.5971   191       93.5121      Cuts: 15     7852   42.68%
      0     0       53.7165   238       93.5121      Cuts: 16     8678   42.56%
      0     0       53.9089   231       93.5121      Cuts: 16     9231   42.35%
      0     0       54.0233   253       93.5121      Cuts: 11     9864   42.23%
      0     0       54.0859   261       93.5121       Cuts: 4    10353   42.16%
      0     0       54.2903   248       93.5121       Cuts: 7    11026   41.94%
      0     0       54.3962   226       93.5121       Cuts: 6    11599   41.83%
      0     0       54.4643   217       93.5121   ZeroHalf: 4    12494   41.76%
      0     0       54.4753   216       93.5121       Cuts: 6    12662   41.75%
      0     0       54.6262   219       93.5121      Cuts: 16    13390   41.58%
      0     0       54.6590   237       93.5121      Cuts: 18    14151   41.55%
      0     0       54.9278   233       93.5121      Cuts: 15    16528   41.26%
      0     0       54.9868   251       93.5121       Cuts: 9    17480   41.20%
      0     0       54.9918   250       93.5121   ZeroHalf: 2    17636   41.19%
      0     0       55.0270   219       93.5121   ZeroHalf: 4    17837   41.16%
      0     0       55.0432   250       93.5121      Cuts: 10    18515   41.14%
      0     0       55.0459   260       93.5121       Cuts: 5    18886   41.14%
*     0+    0                           89.6887       55.0459            38.63%
Detecting symmetries...
      0     2       55.0459   224       89.6887       55.0479    18886   38.62%
Elapsed time = 2.45 sec. (5783.89 ticks, tree = 0.01 MB, solutions = 2)
      3     5       55.0809   258       89.6887       55.0479    21787   38.62%
      7     9       59.0196   105       89.6887       55.0479    26258   38.62%
     14    16       59.6411    63       89.6887       55.0479    28967   38.62%
*    30    30      integral     0       76.7151       55.0479    31130   28.24%
*    33    29      integral     0       72.3374       55.0479    31137   23.90%
     35    29       59.2138   179       72.3374       55.0900    32919   23.84%
     41    35       61.4326    99       72.3374       55.0900    35637   23.84%
     85    55       55.1260   213       72.3374       55.0900    38801   23.84%
     89    59       56.1005   217       72.3374       55.0900    41597   23.84%
     90    60       56.2929   183       72.3374       55.0900    42447   23.84%
     92    62       60.5337   195       72.3374       55.0900    44780   23.84%
    110    80       65.2936    96       72.3374       55.0900    53552   23.84%
Elapsed time = 3.75 sec. (9477.40 ticks, tree = 0.33 MB, solutions = 4)
*   130+   96                           68.7443       55.0900            19.86%
    162   125       60.2531   145       68.7443       55.1260    62249   19.81%
    204   165       67.7934   114       68.7443       55.1260    72448   19.81%
    233   188       59.3279   143       68.7443       55.2847    79079   19.58%
    262   217       68.5028   130       68.7443       55.2847    89368   19.58%
    272   223       56.7062   162       68.7443       55.3359    95962   19.50%
*   298   232      integral     0       66.9432       55.3359   104233   17.34%
    309   239       63.5604   150       66.9432       55.5025   107152   17.09%
    340   264       56.6823   172       66.9432       55.6283   116810   16.90%
    357   281       60.6608   133       66.9432       55.6283   127034   16.90%
    390   309       56.6377   215       66.9432       55.8566   137725   16.56%
    401   320       64.3485   161       66.9432       55.8566   148572   16.56%
Elapsed time = 7.45 sec. (19731.50 ticks, tree = 1.70 MB, solutions = 6)
    422   337       60.9385   123       66.9432       55.9031   159754   16.49%
    453   365       60.9855    98       66.9432       56.0021   170577   16.34%
    480   382       58.6097   144       66.9432       56.0873   178917   16.22%
    499   396       61.3698   160       66.9432       56.1106   189691   16.18%
    520   412       58.8967   102       66.9432       56.1730   199447   16.09%
    581   464       58.2146   151       66.9432       56.3615   210023   15.81%
    634   509       62.2442   148       66.9432       56.4148   220777   15.73%
    662   533       60.7819   127       66.9432       56.6649   230550   15.35%
    717   574       62.3664   135       66.9432       56.7308   239893   15.26%
    739   582       65.2400   104       66.9432       56.7308   247848   15.26%
Elapsed time = 11.12 sec. (29715.95 ticks, tree = 2.77 MB, solutions = 6)
    781   606       57.6597   126       66.9432       56.7559   258418   15.22%
    806   625       57.4820   147       66.9432       56.7753   269711   15.19%
    824   643       63.9691   125       66.9432       56.7753   280156   15.19%
    875   683       64.7960    53       66.9432       56.7875   291822   15.17%
    917   710       62.5304    41       66.9432       56.8905   303068   15.02%
    975   749       57.5648   106       66.9432       56.9678   315098   14.90%

Performing restart 1

Repeating presolve.
Tried aggregator 2 times.
MIP Presolve eliminated 4 rows and 181 columns.
MIP Presolve modified 38 coefficients.
Aggregator did 1 substitutions.
Reduced MIP has 856 rows, 3203 columns, and 68892 nonzeros.
Reduced MIP has 3137 binaries, 0 generals, 0 SOSs, and 0 indicators.
Presolve time = 0.05 sec. (79.04 ticks)
Tried aggregator 1 time.
MIP Presolve eliminated 0 rows and 15 columns.
MIP Presolve modified 231 coefficients.
Reduced MIP has 856 rows, 3188 columns, and 68772 nonzeros.
Reduced MIP has 3122 binaries, 0 generals, 0 SOSs, and 0 indicators.
Presolve time = 0.04 sec. (55.90 ticks)
Represolve time = 0.32 sec. (968.42 ticks)
   1000     0       55.0459   244       66.9432      Cuts: 18   328775   14.90%
   1000     0       55.0459   256       66.9432      Cuts: 19   329058   14.90%
   1000     0       55.0459   257       66.9432       Cuts: 6   329308   14.90%
   1000     0       55.0493   281       66.9432      Cuts: 17   330212   14.90%
   1000     0       55.0493   271       66.9432      Cuts: 15   330648   14.90%
   1000     0       55.0493   279       66.9432      Cuts: 18   330912   14.90%
   1000     2       55.0493   225       66.9432       56.9678   330912   14.90%
   1001     3       55.3433   226       66.9432       56.9678   332164   14.90%
   1002     4       55.8316   224       66.9432       56.9678   333846   14.90%
   1003     5       55.8316   207       66.9432       56.9678   333859   14.90%
Elapsed time = 19.08 sec. (51737.22 ticks, tree = 0.01 MB, solutions = 6)
   1004     6       56.1107   237       66.9432       56.9678   335158   14.90%
   1005     7       62.8223   170       66.9432       56.9678   337739   14.90%
   1006     8       56.1972   183       66.9432       56.9678   341193   14.90%
   1007     9       56.2179   162       66.9432       56.9678   342286   14.90%
   1008    10       56.2755   164       66.9432       56.9678   344162   14.90%
   1009    11       57.8438   176       66.9432       56.9678   345964   14.90%
   1010    12       56.3130   208       66.9432       56.9678   347599   14.90%
   1012    14       56.3341   176       66.9432       56.9678   350168   14.90%
   1016    16       56.3836   199       66.9432       56.9678   351581   14.90%
   1019    18       62.0043    42       66.9432       56.9678   353471   14.90%
Elapsed time = 25.03 sec. (68271.32 ticks, tree = 0.04 MB, solutions = 6)
   1030    27       62.0043    22       66.9432       56.9678   356160   14.90%
   1032    29       62.0043   152       66.9432       56.9678   357359   14.90%
   1036    33       62.0081    46       66.9432       56.9678   359145   14.90%
   1053    46       62.0296    71       66.9432       56.9678   360435   14.90%
   1094    73       59.2328   177       66.9432       56.9678   364635   14.90%
   1097    74       59.4673   147       66.9432       56.9678   366872   14.90%
   1098    75       59.5494   172       66.9432       56.9678   367817   14.90%
   1100    76       59.9854   122       66.9432       56.9678   369343   14.90%
   1103    78       60.6400   149       66.9432       56.9678   370784   14.90%
   1108    83       60.7348   111       66.9432       56.9678   373090   14.90%
Elapsed time = 30.02 sec. (82132.44 ticks, tree = 0.17 MB, solutions = 6)
   1111    86       61.2167   129       66.9432       56.9678   374678   14.90%
   1114    88       61.7536   129       66.9432       56.9678   376335   14.90%
   1118    91       62.7960    75       66.9432       56.9678   377754   14.90%
   1125    97       62.8220   130       66.9432       56.9678   379142   14.90%
   1162   122       58.2249   145       66.9432       56.9678   381628   14.90%
   1167   127       58.9386   122       66.9432       56.9678   382604   14.90%
   1176   135       59.8680   101       66.9432       56.9678   384644   14.90%
   1182   139       60.3587   122       66.9432       56.9678   385518   14.90%
   1199   155       62.9304    38       66.9432       56.9678   387772   14.90%
   1210   164       62.9470   145       66.9432       56.9678   389652   14.90%
Elapsed time = 34.11 sec. (93402.55 ticks, tree = 0.82 MB, solutions = 6)
   1256   200       66.9304    44       66.9432       56.9678   391408   14.90%
   1260   202       64.6302   119       66.9432       56.9678   392836   14.90%
   1264   204       65.3236   145       66.9432       56.9678   394160   14.90%
   1274   212       65.5304   108       66.9432       56.9678   396078   14.90%
   1282   216       65.9975   137       66.9432       56.9678   398363   14.90%
   1299   217       60.2952   147       66.9432       56.9678   400939   14.90%
   1344   247       58.2398   172       66.9432       56.9678   404520   14.90%
   1355   256       65.3311   100       66.9432       56.9678   406184   14.90%
   1376   267       56.4176   161       66.9432       56.9678   407451   14.90%
   1385   276       62.0531    93       66.9432       56.9678   410214   14.90%
Elapsed time = 38.14 sec. (104128.74 ticks, tree = 1.67 MB, solutions = 6)
   1434   315       62.1696    90       66.9432       56.9678   411706   14.90%
   1473   334       56.6752   181       66.9432       56.9678   413645   14.90%
   1477   338       57.2470   171       66.9432       56.9678   415456   14.90%
   1481   340       57.3388   144       66.9432       56.9678   417972   14.90%
   1495   352       58.6092   139       66.9432       56.9678   420309   14.90%
   1507   364       60.0866   170       66.9432       56.9678   423729   14.90%
   1520   377       61.7102   115       66.9432       56.9678   426670   14.90%
   1542   399       63.7597    36       66.9432       56.9678   428901   14.90%
   1596   442       62.2015   152       66.9432       56.9678   432164   14.90%
   1614   460       63.6741    52       66.9432       56.9678   434107   14.90%
Elapsed time = 42.13 sec. (115072.53 ticks, tree = 2.48 MB, solutions = 6)
   1673   503       58.6400   175       66.9432       56.9678   436960   14.90%
   1695   516       61.1045    99       66.9432       56.9678   441504   14.90%
   1733   547       64.5304    55       66.9432       56.9678   444269   14.90%
   1766   566       61.9824   100       66.9432       57.1435   447483   14.64%
   1792   580       62.3236   122       66.9432       57.2470   450762   14.48%
   1844   625       62.9995   108       66.9432       57.2470   453592   14.48%
   1891   668       62.3769    99       66.9432       57.3388   459229   14.35%
   1935   704       65.9160    98       66.9432       57.3388   464811   14.35%
   1988   740       64.3553    76       66.9432       57.7298   470357   13.76%
*  2040   754      integral     0       66.2996       57.7298   474060   12.93%
   2126   814       57.9484   158       66.2996       57.9137   486488   12.65%
Elapsed time = 47.18 sec. (128985.08 ticks, tree = 5.01 MB, solutions = 7)
   2216   885       62.3521   138       66.2996       57.9511   504264   12.59%
   2475  1083       62.2607    97       66.2996       58.4631   522865   11.82%
   2694  1258        cutoff             66.2996       58.6500   548333   11.54%
   2791  1322       62.0154    54       66.2996       58.7073   560927   11.45%
   3044  1524       62.0105    67       66.2996       58.8457   579892   11.24%
   3216  1651       63.5502    85       66.2996       58.9930   600417   11.02%
   3429  1802       64.0152   125       66.2996       59.4692   625567   10.30%
   3646  1960       59.6020    60       66.2996       59.6020   646835   10.10%
   3807  2062       62.7637   104       66.2996       59.7792   665700    9.83%
   4002  2205       60.9479   106       66.2996       59.9854   687742    9.52%
Elapsed time = 61.44 sec. (167636.52 ticks, tree = 14.96 MB, solutions = 7)
   4101  2268       65.8586    50       66.2996       60.0341   708357    9.45%
*  4210+ 1644                           64.4693       60.1122             6.76%
   4228  1645       63.7492    73       64.4693       60.2952   727213    6.47%
   4358  1736       62.6002    80       64.4693       60.3782   741539    6.35%
   4539  1858       63.8908   114       64.4693       60.5199   759371    6.13%
   4682  1912       62.3333   106       64.4693       60.7312   779141    5.80%
   4771  1949       62.8226    69       64.4693       60.9048   793289    5.53%
   4921  2048       62.1833   144       64.4693       61.0665   812594    5.28%
   5084  2156       62.6480    94       64.4693       61.1888   834750    5.09%
   5254  2269       63.8698    64       64.4693       61.2298   851314    5.02%
   5347  2312       63.1864    59       64.4693       61.3118   869485    4.90%
Elapsed time = 75.80 sec. (206450.98 ticks, tree = 15.29 MB, solutions = 8)
   5512  2409       63.4659   183       64.4693       61.3759   891777    4.80%
   5690  2518       63.1522    90       64.4693       61.4674   912103    4.66%
   5797  2568       62.5304   101       64.4693       61.5568   929468    4.52%
   6007  2725       61.7258   104       64.4693       61.6461   952217    4.38%
   6223  2854       61.8969    85       64.4693       61.7102   971240    4.28%
   6460  2994       62.5304    53       64.4693       61.7215   992475    4.26%
   6638  3092       63.8128    55       64.4693       61.7597  1011960    4.20%
   6829  3196        cutoff             64.4693       61.8119  1034727    4.12%
   7015  3294       64.0074    93       64.4693       61.8833  1053554    4.01%
   7133  3349       62.0189    35       64.4693       62.0043  1075879    3.82%
Elapsed time = 90.27 sec. (244817.42 ticks, tree = 22.41 MB, solutions = 8)
   7346  3462        cutoff             64.4693       62.0043  1091184    3.82%
*  7380+ 2106                           63.2218       62.0043             1.93%
*  7412  1452      integral     0       62.6999       62.0043  1094024    1.11%
   7504  1485       62.0288    98       62.6999       62.0043  1101974    1.11%
   7720  1560       62.0043    50       62.6999       62.0043  1116329    1.11%
   7910  1651       62.0472    81       62.6999       62.0043  1132525    1.11%
   8077  1736       62.5304    46       62.6999       62.0053  1148848    1.11%
   8328  1809    infeasible             62.6999       62.0101  1163434    1.10%
   8465  1817       62.5541    80       62.6999       62.0154  1178455    1.09%
   8617  1806        cutoff             62.6999       62.0205  1188393    1.08%
   8833  1720       62.5643    22       62.6999       62.0535  1202523    1.03%
   8963  1686        cutoff             62.6999       62.0809  1215386    0.99%
Elapsed time = 104.79 sec. (283457.23 ticks, tree = 10.33 MB, solutions = 10)
   9186  1591        cutoff             62.6999       62.1414  1229766    0.89%
   9426  1535       62.3071    63       62.6999       62.2136  1245363    0.78%
   9682  1471       62.5643    17       62.6999       62.2843  1261595    0.66%
   9867  1507       62.3403    53       62.6999       62.2843  1278595    0.66%
  10189  1519        cutoff             62.6999       62.3463  1297081    0.56%
  10428  1545       62.5304   129       62.6999       62.3812  1316243    0.51%
  10666  1458        cutoff             62.6999       62.5087  1331499    0.30%
  10916  1393       62.6001    77       62.6999       62.5304  1346811    0.27%
  11286  1338       62.6381    54       62.6999       62.5304  1367850    0.27%
  11629  1316       62.5304    31       62.6999       62.5304  1388824    0.27%
Elapsed time = 119.61 sec. (322124.41 ticks, tree = 6.91 MB, solutions = 10)
  12003  1300       62.6324    44       62.6999       62.5304  1410245    0.27%
  12336  1251       62.5570    82       62.6999       62.5304  1431590    0.27%
  12696  1274       62.5304    26       62.6999       62.5304  1453142    0.27%
  13104  1286       62.5304    28       62.6999       62.5304  1474180    0.27%
  13406  1259       62.5304    82       62.6999       62.5304  1495885    0.27%
  13752  1235       62.5320    43       62.6999       62.5304  1517322    0.27%
  14196  1211       62.5304    49       62.6999       62.5304  1538071    0.27%
  14551  1222       62.5304    57       62.6999       62.5304  1559198    0.27%
  14925  1230        cutoff             62.6999       62.5304  1580470    0.27%
  15406  1246       62.6378    58       62.6999       62.5304  1601604    0.27%
Elapsed time = 134.56 sec. (360421.16 ticks, tree = 5.64 MB, solutions = 10)
  15797  1256        cutoff             62.6999       62.5304  1622757    0.27%
  16332  1316        cutoff             62.6999       62.5304  1641580    0.27%
  16731  1293       62.5304    61       62.6999       62.5304  1662474    0.27%
  17110  1325       62.5304    41       62.6999       62.5304  1682294    0.27%
  17443  1336       62.6064    72       62.6999       62.5304  1703809    0.27%
  17922  1367       62.5304    33       62.6999       62.5304  1723936    0.27%
  18292  1389       62.5304    34       62.6999       62.5304  1744537    0.27%
  18744  1292        cutoff             62.6999       62.5385  1762506    0.26%
  19252  1034       62.6734    40       62.6999       62.5643  1775962    0.22%
  19770   914        cutoff             62.6999       62.5643  1792700    0.22%
Elapsed time = 149.35 sec. (398695.10 ticks, tree = 4.61 MB, solutions = 10)
  20342   552        cutoff             62.6999       62.6002  1804468    0.16%
  20925   158        cutoff             62.6999       62.6545  1816302    0.07%

GUB cover cuts applied:  8
Clique cuts applied:  4
Cover cuts applied:  21
Implied bound cuts applied:  9
Mixed integer rounding cuts applied:  2
Zero-half cuts applied:  38
Lift and project cuts applied:  6
Gomory fractional cuts applied:  5

Root node processing (before b&c):
  Real time             =    2.42 sec. (5674.18 ticks)
Sequential b&c:
  Real time             =  150.17 sec. (401157.69 ticks)
                          ------------
Total (root+branch&cut) =  152.59 sec. (406831.87 ticks)
Feasible solution found!
Truck nodes:
Stage 1 at customer 0 with arrival time is: 
Stage 2 at customer 6 with arrival time is: 
Stage 3 at customer 1 with arrival time is: 
Stage 4 at customer 8 with arrival time is: 
Stage 5 at customer 4 with arrival time is: 
Stage 6 at customer 10 with arrival time is: 
Stage 7 at customer 5 with arrival time is: 
Stage 8 at customer 7 with arrival time is: 
Stage 9 at customer 2 with arrival time is: 
Stage 10 at customer 11 with arrival time is: 
Truck arcs:
Arc 1 connecting 0 and 6 with cost 11.127 
Arc 2 connecting 6 and 1 with cost 3.41898 
Arc 3 connecting 1 and 8 with cost 2.95098 
Arc 4 connecting 8 and 4 with cost 5.54215 
Arc 5 connecting 4 and 10 with cost 4.31275 
Arc 6 connecting 10 and 5 with cost 11.4906 
Arc 7 connecting 5 and 7 with cost 1.61466 
Arc 8 connecting 7 and 2 with cost 6.42059 
Arc 9 connecting 2 and 11 with cost 12.3922 
Customer 3 served by drone.
Drone fly from 4 at stage 5 to serve 3 and then fly back to 7 at stage 8. 
Truck arcs during this sortie: 4--->10--->5--->7
Truck travel time from stage 5 to 8 is: 17.418
Total drone travel time: 17.848
Customer 9 served by drone.
Drone fly from 0 at stage 1 to serve 9 and then fly back to 8 at stage 4. 
Truck arcs during this sortie: 0--->6--->1--->8
Truck travel time from stage 1 to 4 is: 17.4969
Total drone travel time: 15.7556
Customer 3 served, start stage = 5, end stage = 8
Wait time for this sortie: 0.430015
Customer 9 served, start stage = 1, end stage = 4
Wait time for this sortie: 0
Printing Y(k,i,h):
Y[1][0][9] == 1
Y[5][4][3] == 1
Done!
-------------------------Re-calculated objective-----------------------
62.6999
------------------------------------------------------------------------
Solve time: 152.593
OBJECTIVE VALUE: 62.6999, NUMBER OF SORTIES: 0.
Number of loop(s):0
Number of revisit: 0
In write mode
