Instance name: /home/orlab/CLionProjects/RV-FSTSP/Murray_instances/FSTSP/FSTSP_10_customer_problems/20140810T123440v4
Write arg val: 1
Input is specified as type M: Murray instance.-.-.-.-.-.-.-.-.-.-.-.-.-.-.-.-.-.-.-.-

drone speed: 0.2 miles/minute
uav non-eligible customer: 4 5 
Printing tau:
0 13.106 12.3922 26.2811 19.5652 18.1619 11.127 18.8128 14.0231 14.8935 20.0525 0 
13.106 0 7.41815 13.1751 7.41924 8.38408 3.41898 9.99874 2.95098 5.14749 6.9465 13.106 
12.3922 7.41815 0 14.3533 14.8374 5.76971 3.99917 6.42059 10.3691 12.5656 10.5246 12.3922 
26.2811 13.1751 14.3533 0 6.71587 15.3192 15.1541 16.9338 12.258 15.4145 6.22861 26.2811 
19.5652 7.41924 14.8374 6.71587 0 15.8033 10.8382 17.418 5.54215 8.69866 4.31275 19.5652 
18.1619 8.38408 5.76971 15.3192 15.8033 0 7.0349 1.61466 11.3351 13.5316 11.4906 18.1619 
11.127 3.41898 3.99917 15.1541 10.8382 7.0349 0 7.68579 6.36995 8.56647 8.92548 11.127 
18.8128 9.99874 6.42059 16.9338 17.418 1.61466 7.68579 0 12.9497 15.1462 13.1052 18.8128 
14.0231 2.95098 10.3691 12.258 5.54215 11.3351 6.36995 12.9497 0 3.15652 6.0294 14.0231 
14.8935 5.14749 12.5656 15.4145 8.69866 13.5316 8.56647 15.1462 3.15652 0 9.18592 14.8935 
20.0525 6.9465 10.5246 6.22861 4.31275 11.4906 8.92548 13.1052 6.0294 9.18592 0 20.0525 
0 0 0 0 0 0 0 0 0 0 0 0 
Printing tau_prime:
0 19.248 14.8598 36.6847 30.674 21.4641 15.085 22.1731 22.2941 21.7274 28.0695 0 
19.248 0 8.78275 17.5467 11.593 11.5383 4.65561 13.5679 3.64183 6.6156 8.96786 19.248 
14.8598 8.78275 0 23.5383 19.4222 6.89429 4.9433 8.15504 12.3704 14.9175 15.3409 14.8598 
36.6847 17.5467 23.5383 0 7.93526 20.4328 21.6299 21.8114 15.1901 18.2879 8.61635 36.6847 
30.674 11.593 19.4222 7.93526 0 18.6977 16.1877 20.5464 8.38988 10.5953 5.11496 30.674 
21.4641 11.5383 6.89429 20.4328 18.6977 0 10.1477 2.05169 14.2211 18.1171 13.7238 21.4641 
15.085 4.65561 4.9433 21.6299 16.1877 10.1477 0 11.9236 8.24651 10.1003 13.0302 15.085 
22.1731 13.5679 8.15504 21.8114 20.5464 2.05169 11.9236 0 16.2718 20.1574 15.5136 22.1731 
22.2941 3.64183 12.3704 15.1901 8.38988 14.2211 8.24651 16.2718 0 4.53203 7.10808 22.2941 
21.7274 6.6156 14.9175 18.2879 10.5953 18.1171 10.1003 20.1574 4.53203 0 11.0897 21.7274 
28.0695 8.96786 15.3409 8.61635 5.11496 13.7238 13.0302 15.5136 7.10808 11.0897 0 28.0695 
0 0 0 0 0 0 0 0 0 0 0 0 
---------------------------------------------------------------
Current config:
- Number of threads = 1
- Drone endurance = 20
- SL = 1
- SR = 1
- L = 1
- Allow loop = 1
- Allow revisit = 1
- Allow multi-visit drone = 0
- Use TSP optimal solution as warmstart: = 0
- Use cutting plane method: = 0
- Use CPLEX conflict refiner: = 0
---------------------------------------------------------------
---------------------------------------------
Calculate max stage gap for sortie.... 
Stage gap calculation consumes too much memory. No constraint was added.
---------------------------------------------
Warning:  Output names have been modified due to duplicate names or characters invalid in LP format.
Version identifier: 22.1.1.0 | 2022-11-28 | 9160aff4d
CPXPARAM_Threads                                 1
CPXPARAM_TimeLimit                               3600
CPXPARAM_WorkMem                                 24576
Tried aggregator 2 times.
MIP Presolve eliminated 1615 rows and 2229 columns.
MIP Presolve modified 1723 coefficients.
Aggregator did 47 substitutions.
Reduced MIP has 841 rows, 2892 columns, and 72393 nonzeros.
Reduced MIP has 2826 binaries, 0 generals, 0 SOSs, and 0 indicators.
Presolve time = 0.07 sec. (141.04 ticks)
Probing fixed 17 vars, tightened 0 bounds.
Probing time = 0.04 sec. (152.21 ticks)
Tried aggregator 2 times.
Detecting symmetries...
MIP Presolve eliminated 15 rows and 18 columns.
MIP Presolve modified 13 coefficients.
Aggregator did 9 substitutions.
Reduced MIP has 817 rows, 2865 columns, and 70686 nonzeros.
Reduced MIP has 2800 binaries, 0 generals, 0 SOSs, and 0 indicators.
Presolve time = 0.05 sec. (60.30 ticks)
Probing fixed 6 vars, tightened 0 bounds.
Probing time = 0.02 sec. (94.61 ticks)
Clique table members: 36117.
MIP emphasis: balance optimality and feasibility.
MIP search method: dynamic search.
Parallel mode: none, using 1 thread.
Root relaxation solution time = 0.07 sec. (179.85 ticks)

        Nodes                                         Cuts/
   Node  Left     Objective  IInf  Best Integer    Best Bound    ItCnt     Gap

      0     0       24.9344   361                     24.9344     2619         
      0     0       48.4688   187                    Cuts: 17     4163         
      0     0       54.3824   201                    Cuts: 31     4889         
      0     0       55.3120   182                    Cuts: 23     5192         
      0     0       55.5446   295                    Cuts: 24     6448         
      0     0       55.7832   290                    Cuts: 10     6662         
Detecting symmetries...
      0     0       55.9351   258                     Cuts: 8     7593         
      0     0       56.1163   254                    Cuts: 10     8301         
      0     0       56.1753   240                     Cuts: 9     9094         
      0     0       56.2445   244                 ZeroHalf: 6     9795         
      0     0       56.2816   243                 ZeroHalf: 8    10013         
      0     0       56.3546   242                     Cuts: 5    10280         
      0     0       56.4338   288                 ZeroHalf: 4    11079         
      0     0       56.4791   309                     Cuts: 4    11366         
      0     0       56.6503   273                 ZeroHalf: 9    12041         
      0     0       56.7325   265                     Cuts: 9    12821         
      0     0       56.7331   255                     Cuts: 4    12957         
      0     0       56.7433   255                     Cuts: 3    13058         
*     0+    0                          109.7750       56.7433            48.31%
*     0+    0                          104.6910       56.7433            45.80%
*     0+    0                          102.8087       56.7433            44.81%
Detecting symmetries...
      0     2       56.7433   255      102.8087       56.7433    13058   44.81%
Elapsed time = 1.61 sec. (3729.16 ticks, tree = 0.01 MB, solutions = 3)
      2     4       56.8288   268      102.8087       56.8288    15845   44.72%
      4     6       57.5312   223      102.8087       56.9128    19362   44.64%
      6     8       57.7986   227      102.8087       56.9128    23737   44.64%
      8    10       57.9053   240      102.8087       56.9128    25545   44.64%
     15    17       77.3933    21      102.8087       56.9128    29003   44.64%
*    20+   20                           90.0357       56.9128            36.79%
     44    36       61.1066   133       90.0357       56.9139    32000   36.79%
     50    42       61.7622   174       90.0357       56.9139    35218   36.79%
     59    47       66.1262    80       90.0357       56.9139    38357   36.79%
     88    62       58.7193   198       90.0357       56.9737    43732   36.72%
    129    89       58.9712   191       90.0357       57.0880    54589   36.59%
Elapsed time = 2.96 sec. (7558.31 ticks, tree = 0.39 MB, solutions = 4)
    144   104       80.8856   107       90.0357       57.0880    63419   36.59%
    170   126       62.6895    91       90.0357       57.1791    71955   36.49%
    234   159       57.3974   280       90.0357       57.1871    79961   36.48%
    240   165       58.6848   297       90.0357       57.1871    83979   36.48%
    255   180       60.3789   222       90.0357       57.1871    95153   36.48%
    268   193       63.6956    77       90.0357       57.1871   105990   36.48%
    290   215       66.1863   109       90.0357       57.1871   117280   36.48%
    323   248       70.6735    93       90.0357       57.1871   127368   36.48%
    360   281       60.9867   175       90.0357       57.2740   139093   36.39%
    384   305       64.6552   171       90.0357       57.2740   150912   36.39%
Elapsed time = 6.43 sec. (17432.18 ticks, tree = 0.73 MB, solutions = 4)
    419   340       74.7959   104       90.0357       57.2740   164660   36.39%
    439   356       65.6355   154       90.0357       57.3212   177533   36.34%
    454   371       71.0349   162       90.0357       57.3212   187798   36.34%
    466   379       60.6191   149       90.0357       57.4026   196954   36.24%

Performing restart 1

Repeating presolve.
Tried aggregator 3 times.
MIP Presolve eliminated 11 rows and 50 columns.
MIP Presolve modified 1605 coefficients.
Aggregator did 11 substitutions.
Reduced MIP has 795 rows, 2804 columns, and 69929 nonzeros.
Reduced MIP has 2740 binaries, 0 generals, 0 SOSs, and 0 indicators.
Presolve time = 0.08 sec. (151.55 ticks)
Tried aggregator 2 times.
MIP Presolve eliminated 17 rows and 51 columns.
MIP Presolve modified 338 coefficients.
Aggregator did 1 substitutions.
Reduced MIP has 777 rows, 2752 columns, and 60789 nonzeros.
Reduced MIP has 2697 binaries, 0 generals, 0 SOSs, and 0 indicators.
Presolve time = 0.04 sec. (68.23 ticks)
Tried aggregator 1 time.
Reduced MIP has 777 rows, 2752 columns, and 60789 nonzeros.
Reduced MIP has 2697 binaries, 0 generals, 0 SOSs, and 0 indicators.
Presolve time = 0.02 sec. (33.13 ticks)
Represolve time = 0.37 sec. (1100.03 ticks)
    471     0       56.7611   318       90.0357      Cuts: 12   205157   36.24%
    471     0       56.7702   322       90.0357      Cuts: 10   206140   36.24%
    471     0       56.7727   318       90.0357      Cuts: 15   206783   36.24%
    471     0       56.9114   264       90.0357      Cuts: 16   208376   36.24%
    471     0       56.9403   304       90.0357      Cuts: 13   209801   36.24%
    471     0       56.9417   311       90.0357       Cuts: 8   210024   36.24%
*   471+    0                           89.5100       57.4026            35.87%
    471     0  -1.00000e+75     0       89.5100       57.4026   210024   35.87%
    471     2       56.9417   289       89.5100       57.4026   210024   35.87%
    472     3       56.9926   258       89.5100       57.4026   210916   35.87%
    473     4       57.0227   249       89.5100       57.4026   211801   35.87%
    474     5       57.1429   289       89.5100       57.4026   213196   35.87%
    475     6       61.2469   147       89.5100       57.4026   214979   35.87%
    476     7       57.1597   302       89.5100       57.4026   216269   35.87%
Elapsed time = 16.34 sec. (45505.23 ticks, tree = 0.03 MB, solutions = 5)
    477     8       68.2730   156       89.5100       57.4026   220313   35.87%
    478     9       57.2042   276       89.5100       57.4026   222213   35.87%
    479    10       67.7533   136       89.5100       57.4026   224688   35.87%
    480    11       57.2214   226       89.5100       57.4026   225017   35.87%
    481    12       67.5300   125       89.5100       57.4026   226899   35.87%
    483    14       57.3843   281       89.5100       57.4026   229019   35.87%
    484    15       57.4138   245       89.5100       57.4026   230164   35.87%
    485    16       57.4744   197       89.5100       57.4026   231255   35.87%
    486    17       57.5461   243       89.5100       57.4026   233890   35.87%
    488    19       57.7390   260       89.5100       57.4026   235373   35.87%
Elapsed time = 21.63 sec. (60538.78 ticks, tree = 0.05 MB, solutions = 5)
    491    22       57.7480   230       89.5100       57.4026   237412   35.87%
    494    25       57.8714   200       89.5100       57.4026   238063   35.87%
    496    27       62.0203   151       89.5100       57.4026   239366   35.87%
    501    32       58.1835   238       89.5100       57.4026   241402   35.87%
    507    38       66.1446   137       89.5100       57.4026   243296   35.87%
    510    41       66.6654   126       89.5100       57.4026   245156   35.87%
    512    43       64.3753   165       89.5100       57.4026   247046   35.87%
    516    47       61.3367    98       89.5100       57.4026   248871   35.87%
    518    49       61.7899   102       89.5100       57.4026   250765   35.87%
    521    52       59.5966   207       89.5100       57.4026   251405   35.87%
Elapsed time = 26.02 sec. (72824.96 ticks, tree = 0.17 MB, solutions = 5)
    526    56       65.8744   149       89.5100       57.4026   253686   35.87%
    531    60       66.2852   167       89.5100       57.4026   255516   35.87%
    537    66       67.0630   154       89.5100       57.4026   257135   35.87%
    550    69       80.2667    89       89.5100       57.4026   258370   35.87%
    555    69       69.0756   167       89.5100       57.4026   260865   35.87%
    561    73       69.8590   125       89.5100       57.4026   261591   35.87%
    569    80       71.7053   100       89.5100       57.4026   263172   35.87%
    581    90       82.1191    70       89.5100       57.4026   264000   35.87%
    605    98       84.9137    81       89.5100       57.4026   264589   35.87%
    620   104       68.2809    75       89.5100       57.4026   266659   35.87%
Elapsed time = 30.20 sec. (84287.36 ticks, tree = 0.34 MB, solutions = 5)
    667   144       70.1638    92       89.5100       57.4026   267886   35.87%
    723   173       59.3776   192       89.5100       57.4303   269872   35.84%
    729   179       60.0504   173       89.5100       57.4303   273417   35.84%
    747   197       60.7898   159       89.5100       57.4303   276251   35.84%
    761   211       62.3678   177       89.5100       57.4303   279742   35.84%
    780   230       63.6342   159       89.5100       57.4303   282894   35.84%
    796   245       65.5939   146       89.5100       57.4303   285448   35.84%
    806   255       66.1285   214       89.5100       57.4303   287080   35.84%
    823   272       72.2704   147       89.5100       57.4303   290589   35.84%
    847   293       72.8949    63       89.5100       57.4303   293771   35.84%
Elapsed time = 34.00 sec. (94589.10 ticks, tree = 1.40 MB, solutions = 5)
    901   329       69.2233    92       89.5100       57.5766   297340   35.68%
    919   345       73.0441    86       89.5100       57.5766   299289   35.68%
    950   359       62.9236   227       89.5100       57.7436   303388   35.49%
    956   365       65.0975   130       89.5100       57.7436   305732   35.49%
    978   381       69.8498   163       89.5100       57.7513   311119   35.48%
    987   390       72.2493   157       89.5100       57.7513   312785   35.48%
   1029   432       75.8897   161       89.5100       57.7513   318171   35.48%
   1047   450       78.8062   172       89.5100       57.7513   324446   35.48%
   1076   473       63.8136   123       89.5100       57.7601   329404   35.47%
   1128   525       77.7132    55       89.5100       57.7601   334115   35.47%
Elapsed time = 37.72 sec. (104864.43 ticks, tree = 2.12 MB, solutions = 5)
   1177   556       61.6573   160       89.5100       57.7861   337545   35.44%
   1203   582       67.5504   162       89.5100       57.7861   343501   35.44%
   1245   619       79.9485   135       89.5100       57.7861   349892   35.44%
   1254   622       61.6340   133       89.5100       57.8580   352664   35.36%
   1257   625       61.9641   125       89.5100       57.8580   353224   35.36%
   1264   632       64.1917   135       89.5100       57.8580   354878   35.36%
   1287   655       75.9702    83       89.5100       57.8580   359227   35.36%
*  1321+  681                           88.3980       58.0847            34.29%
   1331   693       77.4428    68       88.3980       58.0847   365676   34.29%
   1378   733       64.3904   126       88.3980       58.1059   371033   34.27%
   1422   775       69.4632    64       88.3980       58.1059   374656   34.27%
Elapsed time = 41.30 sec. (115218.95 ticks, tree = 3.63 MB, solutions = 6)
   1470   812       63.9566    49       88.3980       58.1348   380713   34.24%
   1542   873       64.4084   128       88.3980       58.1348   381473   34.24%
   1633   944       62.0596   123       88.3980       58.1645   387493   34.20%
   1665   975       71.0140    97       88.3980       58.1645   390443   34.20%
   1775  1064       69.0558   118       88.3980       58.2447   397178   34.11%
   1822  1107       77.1349   145       88.3980       58.2447   402935   34.11%
   1864  1142       62.4308   116       88.3980       58.3589   406487   33.98%
   1869  1147       63.9501    93       88.3980       58.3589   407074   33.98%
   1972  1241       72.5279   129       88.3980       58.3661   414079   33.97%
   2126  1383       76.1608    98       88.3980       58.4495   439193   33.88%
Elapsed time = 45.85 sec. (128218.22 ticks, tree = 6.50 MB, solutions = 6)
   2373  1607       63.8070    96       88.3980       59.5129   467533   32.68%
*  2461+ 1672                           88.0643       59.5600            32.37%
   2711  1912       64.1002   134       88.0643       59.6364   489148   32.28%
   2861  2038       76.9763   104       88.0643       59.7165   510649   32.19%
   3152  2308       67.6490   196       88.0643       59.7286   529910   32.18%
   3411  2533       63.1671   118       88.0643       59.9428   557703   31.93%
*  3471+ 2381                           82.4572       59.9428            27.30%
   3737  2625       81.4394    56       82.4572       60.0971   589274   27.12%
   4055  2898       60.4898   240       82.4572       60.3375   612643   26.83%
   4245  3054       66.8469    98       82.4572       60.3971   632743   26.75%
   4583  3333       62.4356    70       82.4572       60.5546   661196   26.56%
   4922  3638       62.3175   131       82.4572       60.6313   684474   26.47%
Elapsed time = 59.33 sec. (166911.15 ticks, tree = 21.73 MB, solutions = 8)
   5225  3914       77.5981    89       82.4572       60.6437   711050   26.45%
   5458  4117       63.7697    71       82.4572       60.7316   731356   26.35%
   5843  4444       79.1954    45       82.4572       60.9496   759915   26.08%
   6126  4687       72.9542   102       82.4572       61.1222   788488   25.87%
   6379  4908       64.0486   129       82.4572       61.1843   806322   25.80%
   6682  5179       61.4087   131       82.4572       61.2658   834073   25.70%
   6888  5351       63.1451    62       82.4572       61.3481   856570   25.60%
   7282  5702       68.0591   118       82.4572       61.3864   886768   25.55%
   7655  6040       74.9007    81       82.4572       61.4195   913299   25.51%
   7960  6292       79.7171   108       82.4572       61.4903   931266   25.43%
Elapsed time = 72.64 sec. (205765.05 ticks, tree = 35.61 MB, solutions = 8)
   8224  6518       62.7565   103       82.4572       61.5159   950347   25.40%
*  8471+ 6690                           82.0018       61.5496            24.94%
   8513  6721       68.3580    92       82.0018       61.5496   979108   24.94%
   8984  7130       65.3145    97       82.0018       61.6126  1006669   24.86%
   9284  7386       71.9463   116       82.0018       61.6342  1028563   24.84%
   9569  7626       66.7597    77       82.0018       61.6644  1054548   24.80%
   9831  7850       64.2336    15       82.0018       61.7867  1079862   24.65%
*  9891+ 7892                           81.9361       61.7867            24.59%
*  9891+ 5427                           73.7394       61.7867            16.21%
   9892  5427       72.3279   151       73.7394       61.8017  1086873   16.19%
*  9893+ 4287                           70.8654       61.8017            12.79%
*  9893+ 3832                           69.9016       61.8017            11.59%
   9893  3832        cutoff             69.9016       61.8017  1087442   11.59%

Performing restart 2

Repeating presolve.
Tried aggregator 1 time.
MIP Presolve eliminated 0 rows and 100 columns.
MIP Presolve modified 152 coefficients.
Reduced MIP has 777 rows, 2652 columns, and 57997 nonzeros.
Reduced MIP has 2597 binaries, 0 generals, 0 SOSs, and 0 indicators.
Presolve time = 0.03 sec. (43.92 ticks)
Tried aggregator 1 time.
Reduced MIP has 777 rows, 2652 columns, and 57997 nonzeros.
Reduced MIP has 2597 binaries, 0 generals, 0 SOSs, and 0 indicators.
Presolve time = 0.02 sec. (33.56 ticks)
Represolve time = 0.14 sec. (250.22 ticks)
  10003     0       56.9620   290       69.9016      Cuts: 26  1108644   11.41%
  10003     0       56.9840   311       69.9016      Cuts: 19  1109684   11.41%
  10003     0       56.9955   283       69.9016      Cuts: 26  1110507   11.41%
  10003     0       57.0167   330       69.9016      Cuts: 21  1111209   11.41%
  10003     0       57.0555   360       69.9016      Cuts: 22  1111462   11.41%
  10003     0       57.1198   292       69.9016      Cuts: 28  1112164   11.41%
  10003     0       57.1501   335       69.9016      Cuts: 23  1112941   11.41%
  10003     0       57.1839   292       69.9016      Cuts: 25  1114601   11.41%
  10003     0       57.2123   338       69.9016      Cuts: 27  1115324   11.41%
  10003     0       57.2294   282       69.9016       Cuts: 7  1115928   11.41%
  10003     0       57.2349   283       69.9016      Cuts: 11  1116099   11.41%

Repeating presolve.
Tried aggregator 1 time.
MIP Presolve eliminated 14 rows and 61 columns.
MIP Presolve modified 1354 coefficients.
Reduced MIP has 763 rows, 2591 columns, and 61526 nonzeros.
Reduced MIP has 2536 binaries, 0 generals, 0 SOSs, and 0 indicators.
Presolve time = 0.03 sec. (54.56 ticks)
Tried aggregator 1 time.
MIP Presolve modified 77 coefficients.
Reduced MIP has 763 rows, 2591 columns, and 61511 nonzeros.
Reduced MIP has 2536 binaries, 0 generals, 0 SOSs, and 0 indicators.
Presolve time = 0.04 sec. (58.07 ticks)
Represolve time = 0.27 sec. (432.11 ticks)
  10003     0       57.2386   297       69.9016      Cuts: 51  1122225   11.41%
  10003     0       57.2655   276       69.9016      Cuts: 16  1124405   11.41%
  10003     0       57.2655   271       69.9016      Cuts: 29  1124752   11.41%
  10003     0       57.2655   293       69.9016      Cuts: 28  1125546   11.41%
  10003     0       57.2664   283       69.9016      Cuts: 23  1126693   11.41%
  10003     0       57.2749   302       69.9016      Cuts: 28  1127412   11.41%
  10003     0       57.2809   360       69.9016      Cuts: 28  1127876   11.41%
  10003     0       57.2822   366       69.9016      Cuts: 25  1128128   11.41%
  10003     0       57.2834   364       69.9016      Cuts: 34  1128320   11.41%
  10003     2       57.2834   367       69.9016       61.9263  1128320   11.41%
  10006     4       69.4484   210       69.9016       61.9263  1132154   11.41%
Elapsed time = 115.80 sec. (339643.33 ticks, tree = 0.01 MB, solutions = 13)
  10013     9       57.5927   285       69.9016       61.9263  1136461   11.41%
  10023    19       62.0436    81       69.9016       61.9263  1141303   11.41%
  10033    28       65.2036   185       69.9016       61.9263  1147381   11.41%
  10049    35       66.7597   125       69.9016       61.9263  1150901   11.41%
  10065    44       59.8894   205       69.9016       61.9263  1157811   11.41%
  10076    55       60.4057   160       69.9016       61.9263  1163330   11.41%
  10107    82       67.2347    57       69.9016       61.9263  1171844   11.41%
  10130    95       63.9187   194       69.9016       61.9263  1177314   11.41%
  10159   114       61.9609   181       69.9016       61.9263  1185749   11.41%
  10205   147       61.6035   136       69.9016       61.9263  1199187   11.41%
Elapsed time = 128.83 sec. (380097.60 ticks, tree = 0.25 MB, solutions = 13)
  10234   166       64.0172   188       69.9016       61.9263  1210589   11.41%
  10269   191       60.2908   179       69.9016       61.9263  1219339   11.41%
  10312   231       65.8658    38       69.9016       61.9263  1232497   11.41%
  10350   244       69.5028   128       69.9016       61.9263  1247247   11.41%
  10386   254       58.0696   200       69.9016       61.9263  1267461   11.41%
  10442   306       61.0355   174       69.9016       61.9263  1275773   11.41%
  10514   357       59.8327   144       69.9016       61.9263  1290874   11.41%
  10568   396       67.5304    78       69.9016       61.9263  1309742   11.41%
  10638   434        cutoff             69.9016       61.9263  1326394   11.41%
  10723   490       64.3587   149       69.9016       61.9263  1344328   11.41%
Elapsed time = 141.78 sec. (419072.34 ticks, tree = 0.69 MB, solutions = 13)
  10763   523       62.4281   188       69.9016       61.9263  1361500   11.41%
  10848   580       59.3603   117       69.9016       61.9263  1380714   11.41%
  10906   634        cutoff             69.9016       61.9263  1398615   11.41%
  10966   671       62.7082   136       69.9016       61.9263  1416681   11.41%
  11048   733       64.4395   139       69.9016       61.9263  1438695   11.41%
  11125   777       61.9169   153       69.9016       61.9263  1462400   11.41%
  11203   844       63.5277   128       69.9016       61.9263  1478122   11.41%
  11268   885       64.8328    95       69.9016       61.9263  1503292   11.41%
  11339   938       67.6739   113       69.9016       61.9263  1524160   11.41%
  11412   980       66.9832   145       69.9016       61.9263  1546861   11.41%
Elapsed time = 154.68 sec. (457831.74 ticks, tree = 1.35 MB, solutions = 13)
  11487  1036       67.0430   180       69.9016       61.9263  1563799   11.41%
  11565  1082       63.7138    97       69.9016       61.9263  1591239   11.41%
  11681  1154       67.6386   140       69.9016       61.9263  1614810   11.41%
  11786  1203       64.2336    27       69.9016       61.9263  1641077   11.41%
  11885  1267       66.9529   125       69.9016       61.9263  1665186   11.41%
  11976  1302       65.2864   107       69.9016       61.9263  1691334   11.41%
  12080  1366       68.3102    80       69.9016       61.9263  1716068   11.41%
  12160  1426       62.6626   203       69.9016       61.9263  1734683   11.41%
  12235  1471       64.5617   129       69.9016       61.9263  1758638   11.41%
  12323  1537       64.5060   126       69.9016       61.9263  1780253   11.41%
Elapsed time = 167.48 sec. (496278.82 ticks, tree = 2.17 MB, solutions = 13)
  12411  1599       68.0873   122       69.9016       61.9263  1807744   11.41%
  12474  1644       67.0028   198       69.9016       61.9263  1830353   11.41%
  12568  1695       65.3189   163       69.9016       61.9263  1854316   11.41%
  12665  1746       65.3513   155       69.9016       61.9263  1879549   11.41%
  12741  1788       67.1281   112       69.9016       61.9263  1906629   11.41%
  12806  1816       62.2998   130       69.9016       61.9263  1932082   11.41%
  12893  1867       66.3667    93       69.9016       61.9263  1960448   11.41%
  13006  1943       66.4304    54       69.9016       61.9263  1982716   11.41%
  13089  1987       63.3112    94       69.9016       61.9263  2013341   11.41%
  13192  2038       64.9957   128       69.9016       61.9263  2037754   11.41%
Elapsed time = 180.34 sec. (534660.96 ticks, tree = 2.88 MB, solutions = 13)
  13282  2085       64.6618   136       69.9016       62.0250  2065809   11.27%
  13388  2129       65.4231    84       69.9016       62.0604  2095006   11.22%
  13492  2200       63.1937   106       69.9016       62.0901  2119864   11.17%
  13611  2279       64.0353   124       69.9016       62.1266  2140555   11.12%
  13705  2339       63.4241   132       69.9016       62.2008  2165986   11.02%
  13801  2403       66.8585   122       69.9016       62.2314  2189998   10.97%
  13911  2472       63.2964   170       69.9016       62.2892  2212256   10.89%
  14020  2529       68.8971   102       69.9016       62.3570  2239529   10.79%
  14116  2563       64.7795    90       69.9016       62.4477  2267339   10.66%
  14227  2608       68.8385    72       69.9016       62.5379  2293815   10.53%
Elapsed time = 193.28 sec. (573117.86 ticks, tree = 3.76 MB, solutions = 13)
  14347  2646       68.0358    85       69.9016       62.6372  2322968   10.39%
  14454  2678       63.1357   123       69.9016       62.7202  2351622   10.27%
  14580  2723        cutoff             69.9016       62.7858  2379748   10.18%
  14695  2791       63.5798    76       69.9016       62.8497  2401118   10.09%
  14831  2875       66.4516   156       69.9016       62.8777  2421647   10.05%
  14948  2895       65.5642   128       69.9016       62.9255  2448514    9.98%
  15078  2969       68.1865    24       69.9016       62.9676  2473590    9.92%
  15203  3042       69.6871    92       69.9016       62.9971  2496877    9.88%
  15314  3094       68.9338   117       69.9016       63.0059  2526287    9.86%
  15458  3156       64.9901    97       69.9016       63.0371  2554723    9.82%
Elapsed time = 206.39 sec. (611815.12 ticks, tree = 4.57 MB, solutions = 13)
  15571  3232        cutoff             69.9016       63.0565  2574695    9.79%
  15699  3267       64.3296    83       69.9016       63.0979  2604711    9.73%
  15826  3344       63.7989   101       69.9016       63.1165  2629095    9.71%
  15926  3387       64.3552    88       69.9016       63.1408  2655740    9.67%
  16052  3440       63.6908    97       69.9016       63.1937  2680153    9.60%
  16172  3501       65.4447   113       69.9016       63.2377  2705690    9.53%
  16306  3565       67.8604    98       69.9016       63.2703  2730803    9.49%
  16420  3610       67.1285   116       69.9016       63.3006  2758264    9.44%
  16557  3690       65.9299   126       69.9016       63.3347  2780441    9.39%
  16675  3747       65.6299    83       69.9016       63.3623  2805290    9.36%
Elapsed time = 219.41 sec. (650177.72 ticks, tree = 5.44 MB, solutions = 13)
  16812  3787       65.9614    66       69.9016       63.4064  2831018    9.29%
  16936  3838       66.8360   147       69.9016       63.4577  2857202    9.22%
  17066  3844       67.0836   132       69.9016       63.5024  2886686    9.15%
  17183  3896       67.5070    62       69.9016       63.5268  2913998    9.12%
  17291  3940        cutoff             69.9016       63.5304  2939939    9.11%
  17422  3993       65.5688   100       69.9016       63.5394  2967370    9.10%
  17551  4037       65.6255   104       69.9016       63.5549  2992925    9.08%
  17691  4076       67.6047    83       69.9016       63.5674  3018141    9.06%
  17808  4097       69.5389    47       69.9016       63.5821  3048252    9.04%
  17927  4130       66.9467   113       69.9016       63.6041  3075496    9.01%
Elapsed time = 232.38 sec. (688545.57 ticks, tree = 6.17 MB, solutions = 13)
  18069  4161       67.6961   148       69.9016       63.6322  3104800    8.97%
  18206  4182        cutoff             69.9016       63.6628  3131659    8.93%
  18361  4210       66.2353    82       69.9016       63.6977  3158553    8.88%
  18496  4236       64.8872    61       69.9016       63.7258  3185569    8.83%
  18632  4276       64.8542   157       69.9016       63.7453  3210798    8.81%
  18744  4285        cutoff             69.9016       63.7790  3238394    8.76%
  18884  4294       65.5297    91       69.9016       63.7997  3270388    8.73%
  18992  4303       68.4880   146       69.9016       63.8280  3298978    8.69%
  19112  4333       68.5125    88       69.9016       63.8514  3319929    8.66%
  19247  4339       64.1457   121       69.9016       63.8901  3342684    8.60%
Elapsed time = 245.48 sec. (726949.15 ticks, tree = 6.95 MB, solutions = 13)
  19366  4373       64.1227    80       69.9016       63.9080  3364977    8.57%
  19483  4389       65.9277    58       69.9016       63.9353  3385326    8.54%
  19617  4381       65.0043    48       69.9016       63.9791  3408250    8.47%
  19740  4399        cutoff             69.9016       64.0003  3429085    8.44%
  19858  4416       65.3326    60       69.9016       64.0325  3451574    8.40%
  19992  4429        cutoff             69.9016       64.0638  3474647    8.35%
  20125  4431       67.3764   103       69.9016       64.1097  3495142    8.29%
  20239  4433       69.1951    79       69.9016       64.1477  3518434    8.23%
  20377  4448       65.5134   102       69.9016       64.1904  3539373    8.17%
  20528  4471        cutoff             69.9016       64.2351  3558473    8.11%
Elapsed time = 258.66 sec. (765266.10 ticks, tree = 8.85 MB, solutions = 13)
  20678  4454       65.0862   136       69.9016       64.2946  3582740    8.02%
  20820  4445       66.9995    89       69.9016       64.3333  3605094    7.97%
  20969  4447       66.7923    80       69.9016       64.3797  3626001    7.90%
  21075  4449       67.1817   137       69.9016       64.4099  3646469    7.86%
  21155  4436        cutoff             69.9016       64.4376  3666156    7.82%
  21256  4442        cutoff             69.9016       64.4614  3685391    7.78%
  21369  4463        cutoff             69.9016       64.4890  3703363    7.74%
  21479  4440       67.3442   117       69.9016       64.5300  3723361    7.68%
  21587  4457        cutoff             69.9016       64.5573  3742397    7.65%
  21686  4438       67.4796    80       69.9016       64.6071  3760253    7.57%
Elapsed time = 271.78 sec. (803637.67 ticks, tree = 9.80 MB, solutions = 13)
  21808  4435       69.6780    89       69.9016       64.6423  3779095    7.52%
  21923  4412       68.9206    74       69.9016       64.6854  3799444    7.46%
  22050  4429       68.3916    72       69.9016       64.7350  3817435    7.39%
  22163  4412       66.3647    77       69.9016       64.7779  3836055    7.33%
  22258  4389       68.3190   109       69.9016       64.8191  3854192    7.27%
  22400  4388       66.4742    83       69.9016       64.8751  3872538    7.19%
  22518  4369       66.3471    45       69.9016       64.9323  3892482    7.11%
  22617  4345        cutoff             69.9016       64.9723  3911931    7.05%
  22727  4337        cutoff             69.9016       65.0043  3929824    7.01%
  22843  4345       67.7019   120       69.9016       65.0266  3952288    6.97%
Elapsed time = 284.94 sec. (842253.71 ticks, tree = 10.88 MB, solutions = 13)
  22966  4327       67.6802    55       69.9016       65.0779  3970542    6.90%
  23058  4302       65.1122   150       69.9016       65.1110  3988104    6.85%
  23190  4303       65.3811    97       69.9016       65.1401  4008092    6.81%
  23305  4282       69.4064    99       69.9016       65.1791  4027683    6.76%
  23408  4277       66.3222   142       69.9016       65.2173  4047602    6.70%
  23504  4248       67.2361    93       69.9016       65.2453  4064639    6.66%
  23620  4240       65.3998    78       69.9016       65.2763  4083332    6.62%
  23748  4209       65.7960    51       69.9016       65.3186  4101349    6.56%
  23864  4194       65.9180   137       69.9016       65.3522  4119691    6.51%
  23991  4174       66.0625    64       69.9016       65.3862  4137947    6.46%
Elapsed time = 298.03 sec. (880773.29 ticks, tree = 11.37 MB, solutions = 13)
  24108  4154       66.6049   106       69.9016       65.4211  4156638    6.41%
  24244  4156       66.6865   100       69.9016       65.4487  4173169    6.37%
  24374  4110        cutoff             69.9016       65.5015  4192297    6.29%
  24511  4085        cutoff             69.9016       65.5390  4208253    6.24%
  24639  4043       68.2769   141       69.9016       65.5923  4226096    6.16%
  24765  4023        cutoff             69.9016       65.6345  4245374    6.10%
  24892  4003       68.6455    98       69.9016       65.6757  4263361    6.05%
  25008  3958       69.7704    39       69.9016       65.7172  4281411    5.99%
  25122  3917       66.3382   114       69.9016       65.7534  4298795    5.93%
  25235  3875        cutoff             69.9016       65.7994  4316794    5.87%
Elapsed time = 311.09 sec. (919266.41 ticks, tree = 11.52 MB, solutions = 13)
  25384  3809       68.6698    51       69.9016       65.8598  4335256    5.78%
  25507  3755       69.2911    97       69.9016       65.8980  4353842    5.73%
  25640  3721        cutoff             69.9016       65.9324  4371072    5.68%
  25791  3679       67.6457   134       69.9016       65.9823  4389537    5.61%
  25920  3650       68.4596    49       69.9016       66.0106  4407952    5.57%
  26069  3596        cutoff             69.9016       66.0645  4426342    5.49%
  26192  3557        cutoff             69.9016       66.1111  4445721    5.42%
  26340  3505       69.5424   106       69.9016       66.1623  4463186    5.35%
  26452  3463        cutoff             69.9016       66.2088  4482598    5.28%
  26584  3384       69.2368    76       69.9016       66.2730  4499331    5.19%
Elapsed time = 324.14 sec. (957720.64 ticks, tree = 10.45 MB, solutions = 13)
  26710  3355       69.8676    86       69.9016       66.3131  4519461    5.13%
  26863  3289       68.9952    68       69.9016       66.3640  4537194    5.06%
  26997  3235    infeasible             69.9016       66.4103  4555039    4.99%
  27144  3159       68.9130    87       69.9016       66.4734  4573780    4.90%
  27304  3103       67.6741   105       69.9016       66.5327  4589575    4.82%
  27468  3018       67.7997    57       69.9016       66.5997  4607311    4.72%
  27621  2945        cutoff             69.9016       66.6649  4625567    4.63%
  27760  2858       69.0002    59       69.9016       66.7451  4641950    4.52%
  27876  2810       69.2658    68       69.9016       66.7857  4660079    4.46%
  28038  2699       68.9396    57       69.9016       66.8698  4674789    4.34%
Elapsed time = 337.19 sec. (996228.11 ticks, tree = 8.95 MB, solutions = 13)
  28209  2613       67.2830    73       69.9016       66.9420  4692800    4.23%
  28373  2499       68.3117    78       69.9016       67.0226  4710038    4.12%
  28536  2394        cutoff             69.9016       67.1003  4725900    4.01%
  28692  2302        cutoff             69.9016       67.1743  4744101    3.90%
  28869  2192        cutoff             69.9016       67.2642  4761954    3.77%
  29042  2087        cutoff             69.9016       67.3459  4778453    3.66%
  29221  1979       68.9800    74       69.9016       67.4076  4793368    3.57%
  29396  1858        cutoff             69.9016       67.5012  4808553    3.43%
  29546  1775       68.5464    57       69.9016       67.5602  4826040    3.35%
  29734  1630        cutoff             69.9016       67.6571  4843225    3.21%
Elapsed time = 350.33 sec. (1034932.30 ticks, tree = 5.80 MB, solutions = 13)
  29962  1471       69.6687    98       69.9016       67.7770  4860987    3.04%
  30179  1334        cutoff             69.9016       67.9352  4879122    2.81%
  30429  1147        cutoff             69.9016       68.1428  4896704    2.52%
  30669   957       68.3304    68       69.9016       68.3304  4912760    2.25%
  30875   799        cutoff             69.9016       68.4832  4930858    2.03%
  31160   589       69.8753    78       69.9016       68.7978  4946434    1.58%
  31493   322       69.6377    99       69.9016       69.1740  4960746    1.04%
  31824   100       69.8195    17       69.9016       69.6360  4976696    0.38%

GUB cover cuts applied:  10
Clique cuts applied:  1
Cover cuts applied:  46
Implied bound cuts applied:  2
Mixed integer rounding cuts applied:  4
Zero-half cuts applied:  54
Lift and project cuts applied:  19
Gomory fractional cuts applied:  12

Root node processing (before b&c):
  Real time             =    1.56 sec. (3662.58 ticks)
Sequential b&c:
  Real time             =  359.59 sec. (1063209.89 ticks)
                          ------------
Total (root+branch&cut) =  361.15 sec. (1066872.46 ticks)
Feasible solution found!
Truck nodes:
Stage 1 at customer 0 with arrival time is: 
Stage 2 at customer 6 with arrival time is: 
Stage 3 at customer 1 with arrival time is: 
Stage 4 at customer 8 with arrival time is: 
Stage 5 at customer 4 with arrival time is: 
Stage 6 at customer 3 with arrival time is: 
Stage 7 at customer 10 with arrival time is: 
Stage 8 at customer 5 with arrival time is: 
Stage 9 at customer 7 with arrival time is: 
Stage 10 at customer 2 with arrival time is: 
Stage 11 at customer 11 with arrival time is: 
Truck arcs:
Arc 1 connecting 0 and 6 with cost 11.127 
Arc 2 connecting 6 and 1 with cost 3.41898 
Arc 3 connecting 1 and 8 with cost 2.95098 
Arc 4 connecting 8 and 4 with cost 5.54215 
Arc 5 connecting 4 and 3 with cost 6.71587 
Arc 6 connecting 3 and 10 with cost 6.22861 
Arc 7 connecting 10 and 5 with cost 11.4906 
Arc 8 connecting 5 and 7 with cost 1.61466 
Arc 9 connecting 7 and 2 with cost 6.42059 
Arc 10 connecting 2 and 11 with cost 12.3922 
Customer 9 served by drone.
Drone fly from 8 at stage 4 to serve 9 and then fly back to 10 at stage 7. 
Truck arcs during this sortie: 8--->4--->3--->10
Truck travel time from stage 4 to 7 is: 18.4866
Total drone travel time: 15.6217
Customer 9 served, start stage = 4, end stage = 7
Wait time for this sortie: 0
Printing Y(k,i,h):
Y[4][8][9] == 1
Done!
-------------------------Re-calculated objective-----------------------
69.9016
------------------------------------------------------------------------
Solve time: 361.148
OBJECTIVE VALUE: 69.9016, NUMBER OF SORTIES: 0.
Number of loop(s):0
Number of revisit: 0
In write mode
