Instance name: /home/orlab/CLionProjects/RV-FSTSP/Murray_instances/FSTSP/FSTSP_10_customer_problems/20140810T123440v9
Write arg val: 1
Input is specified as type M: Murray instance.-.-.-.-.-.-.-.-.-.-.-.-.-.-.-.-.-.-.-.-

drone speed: 0.6 miles/minute
uav non-eligible customer: 4 5 
Printing tau:
0 1.83841 6.19937 11.3367 8.63802 7.16529 3.81739 8.77996 4.16976 6.36627 5.10809 0 
1.83841 0 7.41815 13.1751 7.41924 8.38408 3.41898 9.99874 2.95098 5.14749 6.9465 1.83841 
6.19937 7.41815 0 14.3533 14.8374 5.76971 3.99917 6.42059 10.3691 12.5656 10.5246 6.19937 
11.3367 13.1751 14.3533 0 6.71587 15.3192 15.1541 16.9338 12.258 15.4145 6.22861 11.3367 
8.63802 7.41924 14.8374 6.71587 0 15.8033 10.8382 17.418 5.54215 8.69866 4.31275 8.63802 
7.16529 8.38408 5.76971 15.3192 15.8033 0 7.0349 1.61466 11.3351 13.5316 11.4906 7.16529 
3.81739 3.41898 3.99917 15.1541 10.8382 7.0349 0 7.68579 6.36995 8.56647 8.92548 3.81739 
8.77996 9.99874 6.42059 16.9338 17.418 1.61466 7.68579 0 12.9497 15.1462 13.1052 8.77996 
4.16976 2.95098 10.3691 12.258 5.54215 11.3351 6.36995 12.9497 0 3.15652 6.0294 4.16976 
6.36627 5.14749 12.5656 15.4145 8.69866 13.5316 8.56647 15.1462 3.15652 0 9.18592 6.36627 
5.10809 6.9465 10.5246 6.22861 4.31275 11.4906 8.92548 13.1052 6.0294 9.18592 0 5.10809 
0 0 0 0 0 0 0 0 0 0 0 0 
Printing tau_prime:
0 1.11406 3.38612 7.05313 4.94788 3.96714 2.22539 4.84589 2.15684 3.81853 3.38064 0 
1.11406 0 3.76404 7.52003 4.96845 4.94498 1.99526 5.81479 1.56079 2.83526 3.84337 1.11406 
3.38612 3.76404 0 10.0878 8.32381 2.9547 2.11856 3.49502 5.30158 6.39321 6.57469 3.38612 
7.05313 7.52003 10.0878 0 3.40083 8.7569 9.26995 9.34774 6.51004 7.83769 3.69272 7.05313 
4.94788 4.96845 8.32381 3.40083 0 8.01329 6.9376 8.80561 3.59566 4.54085 2.19212 4.94788 
3.96714 4.94498 2.9547 8.7569 8.01329 0 4.349 0.879294 6.09477 7.76448 5.88165 3.96714 
2.22539 1.99526 2.11856 9.26995 6.9376 4.349 0 5.11013 3.53422 4.32872 5.58437 2.22539 
4.84589 5.81479 3.49502 9.34774 8.80561 0.879294 5.11013 0 6.97365 8.63888 6.64869 4.84589 
2.15684 1.56079 5.30158 6.51004 3.59566 6.09477 3.53422 6.97365 0 1.9423 3.04632 2.15684 
3.81853 2.83526 6.39321 7.83769 4.54085 7.76448 4.32872 8.63888 1.9423 0 4.75273 3.81853 
3.38064 3.84337 6.57469 3.69272 2.19212 5.88165 5.58437 6.64869 3.04632 4.75273 0 3.38064 
0 0 0 0 0 0 0 0 0 0 0 0 
---------------------------------------------------------------
Current config:
- Number of threads = 1
- Drone endurance = 20
- SL = 1
- SR = 1
- L = 1
- Allow loop = 1
- Allow revisit = 1
- Allow multi-visit drone = 0
- Use TSP optimal solution as warmstart: = 0
- Use cutting plane method: = 0
- Use CPLEX conflict refiner: = 0
---------------------------------------------------------------
---------------------------------------------
Calculate max stage gap for sortie.... 
Stage gap calculation consumes too much memory. No constraint was added.
---------------------------------------------
Warning:  Output names have been modified due to duplicate names or characters invalid in LP format.
Version identifier: 22.1.1.0 | 2022-11-28 | 9160aff4d
CPXPARAM_Threads                                 1
CPXPARAM_TimeLimit                               3600
CPXPARAM_WorkMem                                 24576
Tried aggregator 3 times.
MIP Presolve eliminated 973 rows and 1649 columns.
MIP Presolve modified 2556 coefficients.
Aggregator did 25 substitutions.
Reduced MIP has 881 rows, 3494 columns, and 76754 nonzeros.
Reduced MIP has 3428 binaries, 0 generals, 0 SOSs, and 0 indicators.
Presolve time = 0.07 sec. (137.88 ticks)
Found incumbent of value 109.477666 after 0.10 sec. (180.69 ticks)
Probing time = 0.00 sec. (9.04 ticks)
Tried aggregator 2 times.
Detecting symmetries...
MIP Presolve eliminated 9 rows and 0 columns.
Aggregator did 9 substitutions.
Reduced MIP has 863 rows, 3485 columns, and 76472 nonzeros.
Reduced MIP has 3419 binaries, 0 generals, 0 SOSs, and 0 indicators.
Presolve time = 0.04 sec. (51.14 ticks)
Probing time = 0.00 sec. (10.47 ticks)
Clique table members: 39402.
MIP emphasis: balance optimality and feasibility.
MIP search method: dynamic search.
Parallel mode: none, using 1 thread.
Root relaxation solution time = 0.04 sec. (90.58 ticks)

        Nodes                                         Cuts/
   Node  Left     Objective  IInf  Best Integer    Best Bound    ItCnt     Gap

*     0+    0                          109.4777      -11.0000           110.05%
      0     0       11.4165   190      109.4777       11.4165     1388   89.57%
      0     0       26.5545   227      109.4777      Cuts: 40     2510   75.74%
      0     0       30.5404   195      109.4777      Cuts: 22     3435   72.10%
      0     0       30.5993   233      109.4777  ZeroHalf: 38     3785   72.05%
*     0+    0                           87.4970       30.5993            65.03%
*     0+    0                           79.7394       30.5993            61.63%
      0     0  -1.00000e+75     0       79.7394       30.5993     3785   61.63%
      0     0       31.3681   182       79.7394       Cuts: 4     4593   60.66%
      0     0       31.5140   178       79.7394      Cuts: 29     4797   60.48%
Detecting symmetries...
      0     0       31.5140   216       79.7394      Cuts: 27     5135   60.48%
      0     0       31.5609   193       79.7394   ZeroHalf: 5     5482   60.42%
      0     0       31.6930   177       79.7394      Cuts: 16     6149   60.25%
      0     0       31.6930   191       79.7394      Cuts: 22     6452   60.25%
*     0+    0                           77.8139       31.6930            59.27%
*     0+    0                           63.4170       31.6930            50.02%
*     0+    0                           62.1096       31.6930            48.97%
      0     0  -1.00000e+75     0       62.1096       31.6930     6452   48.97%
Detecting symmetries...
      0     2       31.6930   112       62.1096       31.6930     6452   48.97%
Elapsed time = 1.07 sec. (2320.32 ticks, tree = 0.01 MB, solutions = 6)
      4     6       36.5216   162       62.1096       31.7488     9971   48.88%
      7     9       31.9083   255       62.1096       31.9350    13281   48.58%
     10    12       36.8596   157       62.1096       32.3171    16294   47.97%
     14    16       41.1968   132       62.1096       32.7378    19136   47.29%
     24    26       48.1121    90       62.1096       32.8193    22364   47.16%
     54    48       32.9381   204       62.1096       32.8193    24957   47.16%
     61    55       43.5295    56       62.1096       32.8193    27127   47.16%
     71    65       46.1472    72       62.1096       32.8193    30133   47.16%
*    90+   75                           50.9501       32.8193            35.59%
     96    80       42.3002    50       50.9501       33.0755    33363   35.08%
*   109    89      integral     0       49.9946       33.0755    33978   33.84%
    130   106       40.1302   103       49.9946       33.1721    42590   33.65%
Elapsed time = 2.39 sec. (5955.44 ticks, tree = 0.27 MB, solutions = 8)
    180   144       35.5341   175       49.9946       33.2301    53529   33.53%
*   209+  163                           49.1639       33.2301            32.41%
    209   165       40.0074   129       49.1639       33.2301    64611   32.41%
    234   190       45.9515    96       49.1639       33.2301    74879   32.41%
    275   222       41.6193   101       49.1639       33.4477    86552   31.97%
    332   275       39.9007   155       49.1639       33.5670   100035   31.72%
    363   306       44.2597   144       49.1639       33.5670   111829   31.72%
    414   344       33.9949   132       49.1639       33.5798   125005   31.70%
    440   370       41.6698    87       49.1639       33.5798   135708   31.70%
    487   405       43.2530    56       49.1639       34.1625   149062   30.51%

Performing restart 1

Repeating presolve.
Tried aggregator 1 time.
MIP Presolve eliminated 2 rows and 42 columns.
MIP Presolve modified 17 coefficients.
Reduced MIP has 861 rows, 3443 columns, and 75075 nonzeros.
Reduced MIP has 3377 binaries, 0 generals, 0 SOSs, and 0 indicators.
Presolve time = 0.03 sec. (56.50 ticks)
Tried aggregator 1 time.
Reduced MIP has 861 rows, 3443 columns, and 75075 nonzeros.
Reduced MIP has 3377 binaries, 0 generals, 0 SOSs, and 0 indicators.
Presolve time = 0.03 sec. (42.27 ticks)
Represolve time = 0.11 sec. (239.43 ticks)
    492     0       33.4026   225       49.1639      Cuts: 22   153977   30.51%
    492     0       33.8787   221       49.1639      Cuts: 25   155239   30.51%
    492     0       33.8958   244       49.1639      Cuts: 29   155787   30.51%
    492     0       33.9418   207       49.1639       Cuts: 8   155917   30.51%
    492     0       34.4174   272       49.1639      Cuts: 34   157743   29.99%
    492     0       34.7354   263       49.1639      Cuts: 29   158731   29.35%
    492     0       34.7715   288       49.1639      Cuts: 30   159489   29.27%
    492     0       34.8476   303       49.1639      Cuts: 17   160005   29.12%
    492     0       34.8720   308       49.1639      Cuts: 23   160302   29.07%
    492     0       34.8875   303       49.1639      Cuts: 26   160581   29.04%
    492     0       34.8875   307       49.1639       Cuts: 5   160727   29.04%
    492     0       34.8875   263       49.1639       Cuts: 3   160831   29.04%
    492     0       34.8875   292       49.1639       Cuts: 7   161208   29.04%
    492     0       34.8881   273       49.1639   ZeroHalf: 8   161495   29.04%
    492     0       34.9063   280       49.1639   ZeroHalf: 7   162291   29.00%
    492     0       35.0289   281       49.1639       Cuts: 9   163981   28.75%
    492     0       35.0289   282       49.1639       Cuts: 7   164155   28.75%
    492     2       35.0289   244       49.1639       35.0302   164155   28.75%
Elapsed time = 9.95 sec. (25283.59 ticks, tree = 0.01 MB, solutions = 9)
    493     3       35.3499   253       49.1639       35.3891   165783   28.02%
    494     4       35.5026   289       49.1639       35.3891   166965   28.02%
    495     5       35.6037   234       49.1639       35.3891   167280   28.02%
    496     6       35.8881   243       49.1639       35.3891   168143   28.02%
    497     7       35.9103   252       49.1639       35.3891   168493   28.02%
    498     8       41.5107   150       49.1639       35.3891   171911   28.02%
    499     9       35.9575   240       49.1639       35.3891   173771   28.02%
    501    11       35.9654   231       49.1639       35.3891   174162   28.02%
    502    12       35.9948   205       49.1639       35.3891   175591   28.02%
    504    14       36.0809   222       49.1639       35.3891   176610   28.02%
Elapsed time = 16.84 sec. (44274.82 ticks, tree = 0.02 MB, solutions = 9)
    506    16       42.0476    94       49.1639       35.3891   178283   28.02%
    507    17       36.2331   234       49.1639       35.3891   179539   28.02%
    509    19       36.2338   220       49.1639       35.3891   181217   28.02%
    510    20       36.2904   218       49.1639       35.3891   182002   28.02%
    512    22       36.4864   253       49.1639       35.3891   183436   28.02%
    514    24       36.6303   206       49.1639       35.3891   185559   28.02%
    516    26       36.6416   244       49.1639       35.3891   187321   28.02%
    519    29       36.6787   212       49.1639       35.3891   187840   28.02%
    522    32       36.8706   215       49.1639       35.3891   188756   28.02%
    525    35       39.7570   155       49.1639       35.3891   189659   28.02%
Elapsed time = 22.72 sec. (60432.63 ticks, tree = 0.13 MB, solutions = 9)
    528    38       37.1555   231       49.1639       35.3891   191157   28.02%
    530    40       37.2604   233       49.1639       35.3891   192792   28.02%
    531    41       37.3163   263       49.1639       35.3891   193573   28.02%
    534    43       42.0609   156       49.1639       35.3891   194880   28.02%
    538    46       43.2665   157       49.1639       35.3891   195984   28.02%
    542    49       43.4514    92       49.1639       35.3891   197616   28.02%
    546    51       43.6908   136       49.1639       35.3891   198933   28.02%
    572    68       40.2254   188       49.1639       35.5840   203125   27.62%
    575    71       40.7689   144       49.1639       35.5840   204151   27.62%
    579    75       41.4839   160       49.1639       35.5840   205765   27.62%
Elapsed time = 27.47 sec. (73380.05 ticks, tree = 0.26 MB, solutions = 9)
    582    78       42.1918   161       49.1639       35.5840   207888   27.62%
    585    79       49.0264   132       49.1639       35.5840   211554   27.62%
    592    79       38.1237   145       49.1639       35.6233   213355   27.54%
    597    84       39.6963   137       49.1639       35.6233   214919   27.54%
    609    94       43.6435    91       49.1639       35.6233   218238   27.54%
    651   128       37.4132   144       49.1639       35.9293   222853   26.92%
    655   132       37.6065   155       49.1639       35.9293   224778   26.92%
    662   139       38.3291   147       49.1639       35.9293   227046   26.92%
    677   154       38.7864   143       49.1639       35.9293   229839   26.92%
    693   169       39.8947   125       49.1639       35.9293   231760   26.92%
Elapsed time = 31.67 sec. (84866.46 ticks, tree = 0.42 MB, solutions = 9)
    714   189       42.3002    43       49.1639       35.9293   235124   26.92%
*   724   155      integral     0       45.6981       35.9293   236618   21.38%
    733   160       39.9998   131       45.6981       35.9654   239781   21.30%
    745   172       41.1274   154       45.6981       35.9654   243260   21.30%
    758   182       42.5895   103       45.6981       35.9654   245944   21.30%
    777   195       40.4528   149       45.6981       35.9770   251928   21.27%
    795   210       43.7248    39       45.6981       35.9770   257844   21.27%
    821   224       44.9828    73       45.6981       35.9946   263154   21.23%
    828   227       38.3414   179       45.6981       35.9948   267249   21.23%
    836   234       40.4408   203       45.6981       35.9948   270765   21.23%
Elapsed time = 35.35 sec. (94736.59 ticks, tree = 0.52 MB, solutions = 10)
    849   246       40.8568   154       45.6981       35.9948   274434   21.23%
    863   257       43.2232   133       45.6981       35.9948   278599   21.23%
    880   268       44.8423   122       45.6981       35.9948   282985   21.23%
    918   294       40.3115   117       45.6981       36.1046   287930   20.99%
    926   300       41.1402   108       45.6981       36.1046   291863   20.99%
    940   311       42.8142    65       45.6981       36.1046   297022   20.99%
    960   328       44.1582    72       45.6981       36.1046   302184   20.99%
    978   340       42.3025    77       45.6981       36.2331   309115   20.71%
   1058   404       43.8420   119       45.6981       36.2905   315972   20.59%
   1082   420        cutoff             45.6981       36.2905   318149   20.59%
Elapsed time = 39.13 sec. (104747.26 ticks, tree = 0.87 MB, solutions = 10)
   1085   421       43.5295    57       45.6981       36.5786   321233   19.96%
   1092   428       43.5339    50       45.6981       36.5786   322781   19.96%
   1135   465       41.8183    84       45.6981       36.6416   327387   19.82%
   1164   490       43.2517    60       45.6981       36.6416   334336   19.82%
   1206   522       44.7377    48       45.6981       36.6777   339576   19.74%
   1236   539       40.2085   129       45.6981       36.7405   345836   19.60%
   1253   556       42.3002    37       45.6981       36.7405   350888   19.60%
   1303   605       44.4994    65       45.6981       36.7405   357037   19.60%
   1339   628       42.5834   101       45.6981       36.8498   364780   19.36%
   1359   639       43.6926    25       45.6981       36.9534   370097   19.14%
Elapsed time = 42.94 sec. (115096.56 ticks, tree = 1.25 MB, solutions = 10)
   1410   683       42.3909   160       45.6981       36.9572   375599   19.13%
   1421   685       43.7316   142       45.6981       36.9572   378229   19.13%
   1443   697       44.9098    54       45.6981       37.0803   385079   18.86%
   1485   735       45.6558   105       45.6981       37.2639   393616   18.46%
   1508   750       41.7768   116       45.6981       37.4214   401231   18.11%
   1569   796       41.8841    91       45.6981       37.4557   410107   18.04%
   1585   809       41.5820    93       45.6981       37.4571   416865   18.03%
   1613   830       37.6263   188       45.6981       37.5858   424586   17.75%
   1624   839       45.3675    55       45.6981       37.5858   429546   17.75%
   1701   890       43.4767   130       45.6981       37.6383   446448   17.64%
Elapsed time = 47.74 sec. (128015.29 ticks, tree = 1.66 MB, solutions = 10)
   1856  1009       44.9098    66       45.6981       37.8363   470968   17.20%
   1960  1072       42.4633    44       45.6981       38.0119   496466   16.82%
   2157  1232       39.9455   167       45.6981       38.4592   524552   15.84%
   2395  1409       40.2833    84       45.6981       38.7736   558362   15.15%
   2522  1498       41.5574   179       45.6981       38.8536   580462   14.98%
   2607  1542       41.6662   113       45.6981       38.9807   601799   14.70%
   2698  1608       42.8794   130       45.6981       39.1519   623451   14.32%
   2799  1651        cutoff             45.6981       39.3582   651832   13.87%
   3018  1825       43.8325    97       45.6981       39.6484   678835   13.24%
   3349  2108       42.4292    45       45.6981       39.7718   711537   12.97%
Elapsed time = 61.89 sec. (166554.41 ticks, tree = 4.06 MB, solutions = 10)
   3638  2328       40.1234   203       45.6981       39.8366   742914   12.83%
   3814  2461       42.4633    32       45.6981       39.9096   771796   12.67%
   4074  2670       41.9881    67       45.6981       40.1204   803860   12.21%
   4318  2881       40.3446   108       45.6981       40.1471   834511   12.15%
   4542  3058       43.5326    12       45.6981       40.2204   865953   11.99%
   4722  3201       44.7138    74       45.6981       40.2442   894045   11.93%
   4988  3407       40.4095   149       45.6981       40.2931   925942   11.83%
*  5033  3018      integral     0       45.1498       40.3410   930859   10.65%
*  5112+ 2662                           44.7076       40.3661             9.71%
   5171  2695       43.7128    76       44.7076       40.4183   954515    9.59%
   5440  2907       42.5331    39       44.7076       40.4813   982705    9.45%
   5613  3027       41.2073   110       44.7076       40.5152  1012636    9.38%
Elapsed time = 76.29 sec. (205100.54 ticks, tree = 5.77 MB, solutions = 12)
   5826  3184       43.3107    21       44.7076       40.5699  1042394    9.26%
*  5902+ 2722                           44.2012       40.5951             8.16%
*  6002+ 1523                           43.1681       40.6287             5.88%
   6054  1558       40.7345   124       43.1681       40.6573  1074024    5.82%
*  6114  1323      integral     0       42.7987       40.6866  1082372    4.93%
   6198  1329       42.3002    23       42.7987       40.8997  1096599    4.44%
   6355  1402       42.2180   116       42.7987       41.0588  1123623    4.07%
   6519  1466       42.3002    40       42.7987       41.1805  1150418    3.78%
   6658  1508       41.6112    89       42.7987       41.3575  1176209    3.37%
   6815  1572       42.2036    89       42.7987       41.4546  1201416    3.14%
   6989  1573        cutoff             42.7987       41.6180  1232968    2.76%
   7233  1635       42.1233   124       42.7987       41.9163  1261305    2.06%
   7412  1656       42.5308   113       42.7987       42.1394  1288809    1.54%
Elapsed time = 90.85 sec. (243603.69 ticks, tree = 3.25 MB, solutions = 15)
   7663  1703       42.3153    67       42.7987       42.3002  1310856    1.16%
   7765  1720        cutoff             42.7987       42.3002  1323237    1.16%
   8025  1793       42.3002    20       42.7987       42.3002  1341087    1.16%
   8202  1821       42.4144    81       42.7987       42.3002  1357566    1.16%
   8467  1906       42.3545    67       42.7987       42.3002  1381613    1.16%
   8870  1994        cutoff             42.7987       42.3002  1403901    1.16%
   9038  2011       42.3002    55       42.7987       42.3002  1419908    1.16%
   9369  2068       42.3123    52       42.7987       42.3002  1441728    1.16%
   9661  2117       42.3002    28       42.7987       42.3002  1463935    1.16%
   9860  2157       42.3002    30       42.7987       42.3002  1482485    1.16%
Elapsed time = 105.97 sec. (282050.69 ticks, tree = 4.36 MB, solutions = 15)
  10039  2140       42.3569    84       42.7987       42.3002  1498805    1.16%
  10206  2142       42.3002    33       42.7987       42.3002  1514583    1.16%

Performing restart 2

Repeating presolve.
Tried aggregator 2 times.
MIP Presolve eliminated 1 rows and 326 columns.
MIP Presolve modified 36 coefficients.
Aggregator did 1 substitutions.
Reduced MIP has 859 rows, 3116 columns, and 59280 nonzeros.
Reduced MIP has 3050 binaries, 0 generals, 0 SOSs, and 0 indicators.
Presolve time = 0.03 sec. (44.51 ticks)
Tried aggregator 1 time.
MIP Presolve modified 24 coefficients.
Reduced MIP has 859 rows, 3116 columns, and 59272 nonzeros.
Reduced MIP has 3050 binaries, 0 generals, 0 SOSs, and 0 indicators.
Presolve time = 0.02 sec. (35.33 ticks)
Represolve time = 0.15 sec. (271.80 ticks)
  10335     0       35.0559   253       42.7987       Cuts: 2  1525366    1.16%
  10335     0       35.0634   250       42.7987      Cuts: 27  1525662    1.16%
  10335     0       35.0634   269       42.7987      Cuts: 21  1525894    1.16%
  10335     0       35.0660   236       42.7987       Cuts: 5  1525992    1.16%
  10335     0       35.0662   249       42.7987      Cuts: 25  1526166    1.16%
  10335     0       35.0662   239       42.7987   ZeroHalf: 3  1526215    1.16%
  10335     0       35.0662   288       42.7987      Cuts: 38  1526507    1.16%
  10335     0       35.0662   257       42.7987       Cuts: 5  1526624    1.16%
  10335     0       35.0662   268       42.7987      Cuts: 18  1526754    1.16%
  10335     0       35.0752   276       42.7987       Cuts: 4  1527126    1.16%
  10335     0       35.0752   243       42.7987   ZeroHalf: 5  1527178    1.16%
  10335     0       35.0752   242       42.7987       Cuts: 3  1527243    1.16%
  10335     2       35.0752   232       42.7987       42.3002  1527243    1.16%
  10339     5       40.3298   161       42.7987       42.3002  1530266    1.16%
  10361     9       40.9161   127       42.7987       42.3002  1531339    1.16%
  10376    11       38.8172   122       42.7987       42.3002  1534088    1.16%
  10408    21        cutoff             42.7987       42.3002  1536994    1.16%
  10444    38       42.4633    47       42.7987       42.3002  1541089    1.16%
  10490    75       36.3045   192       42.7987       42.3002  1542978    1.16%
  10525   102       40.9979   128       42.7987       42.3002  1545611    1.16%
Elapsed time = 135.71 sec. (373159.52 ticks, tree = 0.16 MB, solutions = 15)
  10554   105       41.0394    81       42.7987       42.3002  1550552    1.16%
  10593   123       52.1550    94       42.7987       42.3002  1554130    1.16%
  10619   140       42.4631    89       42.7987       42.3002  1561929    1.16%
  10656   150       42.3002    48       42.7987       42.3002  1570770    1.16%
  10705   159       40.1204   125       42.7987       42.3002  1579665    1.16%
  10772   203       40.6756   111       42.7987       42.3002  1586787    1.16%
  10823   217       40.8547   113       42.7987       42.3002  1595495    1.16%
  10875   238       40.0327   155       42.7987       42.3002  1603749    1.16%
  10923   261       40.9873   100       42.7987       42.3002  1610541    1.16%
  10990   285       41.3227    86       42.7987       42.3002  1616981    1.16%
Elapsed time = 148.88 sec. (411753.25 ticks, tree = 1.62 MB, solutions = 15)
  11066   346       42.3002    30       42.7987       42.3002  1621282    1.16%
  11138   372       42.3002    42       42.7987       42.3002  1629998    1.16%
  11216   433       42.4633    47       42.7987       42.3002  1634930    1.16%
  11294   485       42.4633    42       42.7987       42.3002  1641075    1.16%
  11374   522        cutoff             42.7987       42.3002  1648726    1.16%
  11453   564       42.3002    36       42.7987       42.3002  1654511    1.16%
  11543   629        cutoff             42.7987       42.3002  1658669    1.16%
  11616   664       42.3002    52       42.7987       42.3002  1664638    1.16%
  11706   680       42.3272    57       42.7987       42.3002  1672977    1.16%
  11789   715        cutoff             42.7987       42.3002  1678835    1.16%
Elapsed time = 161.46 sec. (450181.80 ticks, tree = 4.52 MB, solutions = 15)
  11891   699        cutoff             42.7987       42.3002  1686920    1.16%
  11986   727       42.3002    45       42.7987       42.3002  1691801    1.16%
  12082   775       42.4633    25       42.7987       42.3002  1695245    1.16%
  12184   830       42.5331    24       42.7987       42.3002  1698937    1.16%
  12275   846       42.3002    26       42.7987       42.3002  1702723    1.16%
  12374   834       42.5174    48       42.7987       42.3002  1708393    1.16%
  12465   835       42.3002    27       42.7987       42.3002  1714635    1.16%
  12558   839        cutoff             42.7987       42.3002  1718215    1.16%
  12642   833       42.3982    50       42.7987       42.3002  1722246    1.16%
  12735   823       42.4480    40       42.7987       42.3002  1727113    1.16%
Elapsed time = 173.56 sec. (488549.50 ticks, tree = 4.98 MB, solutions = 15)
  12840   847       42.3002    29       42.7987       42.3002  1731884    1.16%
  12973   834       42.3002    45       42.7987       42.3002  1735956    1.16%
  13066   820       42.3002    29       42.7987       42.3002  1739285    1.16%
  13151   822        cutoff             42.7987       42.3002  1744180    1.16%
  13233   801       42.4633    21       42.7987       42.3002  1750066    1.16%
  13325   827       42.3477    75       42.7987       42.3002  1755741    1.16%
  13408   831       42.3007    98       42.7987       42.3002  1761514    1.16%
  13500   829       42.3002    26       42.7987       42.3002  1766532    1.16%
  13593   826        cutoff             42.7987       42.3002  1769940    1.16%
  13693   810       42.6451    77       42.7987       42.3002  1775779    1.16%
Elapsed time = 185.70 sec. (526993.03 ticks, tree = 4.41 MB, solutions = 15)
  13799   805       42.3002    48       42.7987       42.3002  1780927    1.16%
  13892   807        cutoff             42.7987       42.3002  1784430    1.16%
  13988   806       42.7754    44       42.7987       42.3002  1790374    1.16%
  14086   816       42.3002    42       42.7987       42.3002  1793979    1.16%
  14196   808        cutoff             42.7987       42.3002  1798456    1.16%
  14298   796        cutoff             42.7987       42.3002  1804417    1.16%
  14370   784       42.3312    43       42.7987       42.3002  1808226    1.16%
  14450   781        cutoff             42.7987       42.3002  1812267    1.16%
  14544   777       42.3002    45       42.7987       42.3002  1817804    1.16%
  14636   769       42.3002    45       42.7987       42.3002  1821986    1.16%
Elapsed time = 197.83 sec. (565433.74 ticks, tree = 4.39 MB, solutions = 15)
  14742   756       42.3002    35       42.7987       42.3002  1825525    1.16%
  14829   754       42.5005    48       42.7987       42.3002  1830133    1.16%
  14920   754       42.3002    39       42.7987       42.3002  1835352    1.16%
  15010   769        cutoff             42.7987       42.3002  1841078    1.16%
  15097   774       42.3002    55       42.7987       42.3002  1846210    1.16%
  15192   763        cutoff             42.7987       42.3002  1851219    1.16%
  15289   777       42.3002    32       42.7987       42.3002  1854078    1.16%
  15387   770       42.3002    37       42.7987       42.3002  1857846    1.16%
  15500   755       42.3668    38       42.7987       42.3002  1862235    1.16%
  15609   753        cutoff             42.7987       42.3002  1864473    1.16%
Elapsed time = 209.91 sec. (604039.40 ticks, tree = 4.40 MB, solutions = 15)
  15705   746       42.4069    63       42.7987       42.3002  1869418    1.16%
  15794   743       42.3002    37       42.7987       42.3002  1872662    1.16%
  15875   742       42.3232    55       42.7987       42.3002  1876135    1.16%
  15974   737       42.3002    41       42.7987       42.3002  1879410    1.16%
  16078   735       42.3002    34       42.7987       42.3002  1887202    1.16%
  16180   731       42.3002    33       42.7987       42.3002  1893620    1.16%
  16284   764       42.3791    93       42.7987       42.3002  1897826    1.16%
  16415   787       42.3176    68       42.7987       42.3002  1901076    1.16%
  16527   796       42.5331    20       42.7987       42.3002  1904952    1.16%
  16639   800       42.5487    44       42.7987       42.3002  1908248    1.16%
Elapsed time = 221.98 sec. (642359.62 ticks, tree = 4.96 MB, solutions = 15)
  16733   797       42.3156    46       42.7987       42.3002  1911435    1.16%
  16827   804       42.3266    32       42.7987       42.3002  1915266    1.16%
  16953   812        cutoff             42.7987       42.3002  1918717    1.16%
  17054   805       42.3002    28       42.7987       42.3002  1922564    1.16%
  17159   823       42.3002    34       42.7987       42.3002  1925953    1.16%
  17270   811        cutoff             42.7987       42.3002  1930323    1.16%
  17367   805       42.3002    47       42.7987       42.3002  1933430    1.16%
  17468   804       42.3002    41       42.7987       42.3002  1937103    1.16%
  17579   798        cutoff             42.7987       42.3002  1941859    1.16%
  17690   787        cutoff             42.7987       42.3002  1945327    1.16%
Elapsed time = 233.94 sec. (680773.81 ticks, tree = 4.91 MB, solutions = 15)
  17786   786       42.3002    38       42.7987       42.3002  1950686    1.16%
  17882   789       42.3002    33       42.7987       42.3002  1955971    1.16%
  17968   792       42.3002    42       42.7987       42.3002  1959759    1.16%
  18068   782       42.3002    22       42.7987       42.3002  1963021    1.16%
  18198   774       42.3002    28       42.7987       42.3002  1966801    1.16%
  18289   783       42.4633    30       42.7987       42.3025  1970709    1.16%
* 18335+  577                           42.5331       42.3060             0.53%
  18422   528        cutoff             42.5331       42.3707  1975237    0.38%
  18541   470       42.4633    28       42.5331       42.4633  1978094    0.16%
  18637   440       42.4633    44       42.5331       42.4633  1983309    0.16%
  18760   420       42.4633    14       42.5331       42.4633  1988891    0.16%
Elapsed time = 246.16 sec. (719181.96 ticks, tree = 2.41 MB, solutions = 16)
  18873   396       42.4633    34       42.5331       42.4633  1993955    0.16%
  18987   360       42.4633    43       42.5331       42.4633  1999961    0.16%
  19096   369        cutoff             42.5331       42.4633  2005403    0.16%
  19231   359        cutoff             42.5331       42.4633  2010171    0.16%
  19353   325       42.5097    68       42.5331       42.4633  2017240    0.16%
  19453   343        cutoff             42.5331       42.4633  2020355    0.16%
  19581   324        cutoff             42.5331       42.4633  2023613    0.16%
  19687   321        cutoff             42.5331       42.4633  2027020    0.16%
  19796   300        cutoff             42.5331       42.4633  2030976    0.16%
  19885   294       42.4633    31       42.5331       42.4633  2033911    0.16%
Elapsed time = 258.36 sec. (757611.87 ticks, tree = 1.67 MB, solutions = 16)
  19985   282       42.4633    48       42.5331       42.4633  2038957    0.16%
  20119   266       42.4633    38       42.5331       42.4633  2043145    0.16%
  20234   274        cutoff             42.5331       42.4633  2046310    0.16%
  20338   282       42.4633    37       42.5331       42.4633  2050284    0.16%
  20447   280       42.4633    40       42.5331       42.4633  2054328    0.16%
  20556   259       42.4679    63       42.5331       42.4633  2058150    0.16%
  20658   262        cutoff             42.5331       42.4633  2061932    0.16%
  20765   241       42.4633    22       42.5331       42.4633  2066802    0.16%
  20879   236        cutoff             42.5331       42.4633  2071109    0.16%
  20986   238       42.4633    33       42.5331       42.4633  2074886    0.16%
Elapsed time = 270.46 sec. (796013.23 ticks, tree = 1.26 MB, solutions = 16)
  21098   240       42.4633    14       42.5331       42.4633  2079135    0.16%
  21190   236       42.4633    34       42.5331       42.4633  2083413    0.16%
  21306   224        cutoff             42.5331       42.4633  2088002    0.16%
  21437   228       42.4633    27       42.5331       42.4633  2091960    0.16%
  21549   207       42.4633    43       42.5331       42.4633  2096536    0.16%
  21677   222       42.4633    20       42.5331       42.4633  2100152    0.16%
  21786   207       42.4633    28       42.5331       42.4633  2103540    0.16%
  21889   226        cutoff             42.5331       42.4633  2107108    0.16%
  21991   229       42.4633    38       42.5331       42.4633  2110616    0.16%
  22103   232       42.4633    44       42.5331       42.4633  2114079    0.16%
Elapsed time = 282.53 sec. (834407.46 ticks, tree = 1.53 MB, solutions = 16)
  22221   205       42.4633    25       42.5331       42.4633  2117683    0.16%
  22323   206       42.4633    35       42.5331       42.4633  2120056    0.16%
  22435   184       42.4633    38       42.5331       42.4633  2123468    0.16%
  22542   179        cutoff             42.5331       42.4633  2127280    0.16%
  22656   183       42.4633    38       42.5331       42.4633  2130147    0.16%
  22772   175       42.4633    34       42.5331       42.4633  2134421    0.16%
  22891   166        cutoff             42.5331       42.4633  2136708    0.16%
  23005   156       42.4633    14       42.5331       42.4633  2140003    0.16%
  23135   138       42.4633    20       42.5331       42.4633  2144763    0.16%
  23251   128       42.4633    38       42.5331       42.4633  2148043    0.16%
Elapsed time = 294.57 sec. (872859.34 ticks, tree = 0.84 MB, solutions = 16)
  23354   119       42.4633    33       42.5331       42.4633  2152260    0.16%
  23468   115        cutoff             42.5331       42.4633  2155386    0.16%
  23572   113       42.4633    37       42.5331       42.4633  2159813    0.16%
  23681   110       42.4633    33       42.5331       42.4633  2162451    0.16%
  23800   103       42.4633    57       42.5331       42.4633  2165200    0.16%
  23912    72       42.4633    28       42.5331       42.4633  2168521    0.16%
  24035    34       42.5069    21       42.5331       42.4972  2173124    0.08%

Cover cuts applied:  14
Implied bound cuts applied:  4
Zero-half cuts applied:  25
Lift and project cuts applied:  6
Gomory fractional cuts applied:  15

Root node processing (before b&c):
  Real time             =    1.07 sec. (2288.20 ticks)
Sequential b&c:
  Real time             =  302.12 sec. (898062.95 ticks)
                          ------------
Total (root+branch&cut) =  303.19 sec. (900351.15 ticks)
Feasible solution found!
Truck nodes:
Stage 1 at customer 0 with arrival time is: 
Stage 2 at customer 10 with arrival time is: 
Stage 3 at customer 4 with arrival time is: 
Stage 4 at customer 8 with arrival time is: 
Stage 5 at customer 8 with arrival time is: 
Stage 6 at customer 1 with arrival time is: 
Stage 7 at customer 6 with arrival time is: 
Stage 8 at customer 6 with arrival time is: 
Stage 9 at customer 5 with arrival time is: 
Stage 10 at customer 5 with arrival time is: 
Stage 11 at customer 11 with arrival time is: 
Truck arcs:
Arc 1 connecting 0 and 10 with cost 5.10809 
Arc 2 connecting 10 and 4 with cost 4.31275 
Arc 3 connecting 4 and 8 with cost 5.54215 
Arc 4 connecting 8 and 8 with cost 0 
Arc 5 connecting 8 and 1 with cost 2.95098 
Arc 6 connecting 1 and 6 with cost 3.41898 
Arc 7 connecting 6 and 6 with cost 0 
Arc 8 connecting 6 and 5 with cost 7.0349 
Arc 9 connecting 5 and 5 with cost 0 
Arc 10 connecting 5 and 11 with cost 7.16529 
Customer 2 served by drone.
Drone fly from 5 at stage 10 to serve 2 and then fly back to 11 at stage 11. 
Truck arcs during this sortie: 5--->0
Truck travel time from stage 10 to 11 is: 7.16529
Total drone travel time: 6.34081
Customer 3 served by drone.
Drone fly from 0 at stage 1 to serve 3 and then fly back to 8 at stage 5. 
Truck arcs during this sortie: 0--->10--->4--->8--->8
Truck travel time from stage 1 to 5 is: 14.963
Total drone travel time: 13.5632
Customer 7 served by drone.
Drone fly from 6 at stage 7 to serve 7 and then fly back to 5 at stage 9. 
Truck arcs during this sortie: 6--->6--->5
Truck travel time from stage 7 to 9 is: 7.0349
Total drone travel time: 5.98942
Customer 9 served by drone.
Drone fly from 8 at stage 5 to serve 9 and then fly back to 6 at stage 7. 
Truck arcs during this sortie: 8--->1--->6
Truck travel time from stage 5 to 7 is: 6.36995
Total drone travel time: 6.27102
Customer 2 served, start stage = 10, end stage = 11
Wait time for this sortie: 0
Customer 3 served, start stage = 1, end stage = 5
Wait time for this sortie: 0
Customer 7 served, start stage = 7, end stage = 9
Wait time for this sortie: 0
Customer 9 served, start stage = 5, end stage = 7
Wait time for this sortie: 0
Printing Y(k,i,h):
Y[1][0][3] == 1
Y[5][8][9] == 1
Y[7][6][7] == 1
Y[10][5][2] == 1
Done!
-------------------------Re-calculated objective-----------------------
42.5331
------------------------------------------------------------------------
Solve time: 303.186
Node 5 was revisited 1 times!
Node 6 was revisited 1 times!
Node 8 was revisited 1 times!
OBJECTIVE VALUE: 42.5331, NUMBER OF SORTIES: 0.
Number of loop(s):0
Number of revisit: 3
In write mode
