Instance name: /home/orlab/CLionProjects/RV-FSTSP/Murray_instances/FSTSP/FSTSP_10_customer_problems/20140810T123437v2
Write arg val: 1
Input is specified as type M: Murray instance.-.-.-.-.-.-.-.-.-.-.-.-.-.-.-.-.-.-.-.-

drone speed: 0.2 miles/minute
uav non-eligible customer: 10 
Printing tau:
0 7.81487 11.456 11.7512 6.90462 8.74496 8.26904 7.96713 6.93325 7.23706 4.19835 0 
7.81487 0 18.3108 3.93636 13.7595 7.22991 8.18583 7.04774 13.7881 14.0919 12.0132 7.81487 
11.456 18.3108 0 22.2472 4.55136 11.0809 10.125 11.2631 5.10923 6.13892 11.4943 11.456 
11.7512 3.93636 22.2472 0 17.6958 11.1663 12.1222 10.9841 17.7245 18.0283 15.9496 11.7512 
6.90462 13.7595 4.55136 17.6958 0 6.52957 5.57365 6.71174 1.94864 9.26756 8.38296 6.90462 
8.74496 7.22991 11.0809 11.1663 6.52957 0 0.955922 0.777831 6.55821 13.8279 12.9433 8.74496 
8.26904 8.18583 10.125 12.1222 5.57365 0.955922 0 1.13809 5.60229 13.352 12.4674 8.26904 
7.96713 7.04774 11.2631 10.9841 6.71174 0.777831 1.13809 0 6.74038 13.0501 12.1655 7.96713 
6.93325 13.7881 5.10923 17.7245 1.94864 6.55821 5.60229 6.74038 0 11.2162 10.3316 6.93325 
7.23706 14.0919 6.13892 18.0283 9.26756 13.8279 13.352 13.0501 11.2162 0 7.2754 7.23706 
4.19835 12.0132 11.4943 15.9496 8.38296 12.9433 12.4674 12.1655 10.3316 7.2754 0 4.19835 
0 0 0 0 0 0 0 0 0 0 0 0 
Printing tau_prime:
0 12.2509 13.5582 18.8024 9.51495 10.3155 9.87058 9.3921 10.9091 10.4224 4.94801 0 
12.2509 0 23.0027 6.5606 16.7706 8.59075 9.66193 8.30778 16.3699 22.5134 16.2781 12.2509 
13.5582 23.0027 0 29.091 6.50889 15.8949 14.6508 15.5734 8.01334 8.77857 14.8944 13.5582 
18.8024 6.5606 29.091 0 22.6813 13.6282 14.8639 13.6915 21.9127 29.0691 22.6695 18.8024 
9.51495 16.7706 6.50889 22.6813 0 9.38617 8.14351 9.0795 2.29674 10.9289 12.8279 9.51495 
10.3155 8.59075 15.8949 13.6282 9.38617 0 1.25846 0.941487 8.31925 18.1926 15.2616 10.3155 
9.87058 9.66193 14.6508 14.8639 8.14351 1.25846 0 1.38764 7.06588 17.2062 14.7813 9.87058 
9.3921 8.30778 15.5734 13.6915 9.0795 0.941487 1.38764 0 8.23237 17.4772 14.3397 9.3921 
10.9091 16.3699 8.01334 21.9127 2.29674 8.31925 7.06588 8.23237 0 13.2233 14.6887 10.9091 
10.4224 22.5134 8.77857 29.0691 10.9289 18.1926 17.2062 17.4772 13.2233 0 8.63729 10.4224 
4.94801 16.2781 14.8944 22.6695 12.8279 15.2616 14.7813 14.3397 14.6887 8.63729 0 4.94801 
0 0 0 0 0 0 0 0 0 0 0 0 
---------------------------------------------------------------
Current config:
- Number of threads = 1
- Drone endurance = 20
- SL = 1
- SR = 1
- L = 1
- Allow loop = 1
- Allow revisit = 1
- Allow multi-visit drone = 0
- Use TSP optimal solution as warmstart: = 0
- Use cutting plane method: = 0
- Use CPLEX conflict refiner: = 0
---------------------------------------------------------------
---------------------------------------------
Calculate max stage gap for sortie.... 
Stage gap calculation consumes too much memory. No constraint was added.
---------------------------------------------
Warning:  Output names have been modified due to duplicate names or characters invalid in LP format.
Version identifier: 22.1.1.0 | 2022-11-28 | 9160aff4d
CPXPARAM_Threads                                 1
CPXPARAM_TimeLimit                               3600
CPXPARAM_WorkMem                                 24576
Tried aggregator 3 times.
MIP Presolve eliminated 1277 rows and 1894 columns.
MIP Presolve modified 2088 coefficients.
Aggregator did 41 substitutions.
Reduced MIP has 896 rows, 3233 columns, and 74743 nonzeros.
Reduced MIP has 3167 binaries, 0 generals, 0 SOSs, and 0 indicators.
Presolve time = 0.08 sec. (143.95 ticks)
Found incumbent of value 122.434760 after 0.10 sec. (188.79 ticks)
Probing time = 0.00 sec. (8.48 ticks)
Cover probing fixed 3 vars, tightened 66 bounds.
Tried aggregator 2 times.
Detecting symmetries...
MIP Presolve eliminated 9 rows and 3 columns.
Aggregator did 9 substitutions.
Reduced MIP has 878 rows, 3221 columns, and 74443 nonzeros.
Reduced MIP has 3155 binaries, 0 generals, 0 SOSs, and 0 indicators.
Presolve time = 0.04 sec. (45.35 ticks)
Probing time = 0.00 sec. (8.34 ticks)
Clique table members: 17733.
MIP emphasis: balance optimality and feasibility.
MIP search method: dynamic search.
Parallel mode: none, using 1 thread.
Root relaxation solution time = 0.05 sec. (128.49 ticks)

        Nodes                                         Cuts/
   Node  Left     Objective  IInf  Best Integer    Best Bound    ItCnt     Gap

*     0+    0                          122.4348      -11.0000           108.98%
      0     0       14.8999   267      122.4348       14.8999     1963   87.83%
      0     0       25.8161   288      122.4348      Cuts: 31     4230   78.91%
      0     0       29.4094   246      122.4348      Cuts: 32     5800   75.98%
      0     0       31.0126   381      122.4348      Cuts: 44     9047   74.67%
      0     0       31.1039   335      122.4348      Cuts: 25    10496   74.60%
      0     0       31.1675   383      122.4348      Cuts: 15    11301   74.54%
Detecting symmetries...
      0     0       31.2647   404      122.4348      Cuts: 24    11651   74.46%
      0     0       31.4518   442      122.4348      Cuts: 15    12527   74.31%
      0     0       31.4659   383      122.4348      Cuts: 23    13022   74.30%
      0     0       31.5898   409      122.4348      Cuts: 10    13487   74.20%
      0     0       31.6503   433      122.4348      Cuts: 18    14019   74.15%
      0     0       31.6591   452      122.4348      Cuts: 13    14458   74.14%
      0     0       31.6617   461      122.4348       Cuts: 6    14541   74.14%
      0     0       31.6618   493      122.4348       Cuts: 4    14602   74.14%
*     0+    0                           83.3405       31.6618            62.01%
Detecting symmetries...
      0     2       31.6618   492       83.3405       31.6627    14602   62.01%
Elapsed time = 2.16 sec. (5388.92 ticks, tree = 0.01 MB, solutions = 2)
      1     3       39.5027   234       83.3405       31.6627    17481   62.01%
      3     5       32.4823   387       83.3405       32.9347    19807   60.48%
      4     6       45.7280   167       83.3405       32.9347    23429   60.48%
      5     7       32.9793   381       83.3405       33.0252    27445   60.37%
      6     8       41.2297   224       83.3405       33.0252    30928   60.37%
      7     9       33.5070   362       83.3405       33.0328    33306   60.36%
      8    10       41.5291   286       83.3405       33.5070    36233   59.80%
      9    11       34.8439   278       83.3405       33.5081    38593   59.79%
     10    12       36.3969   332       83.3405       34.8738    41108   58.15%
     16    18       48.5321   218       83.3405       34.8890    51535   58.14%
Elapsed time = 3.65 sec. (9729.40 ticks, tree = 0.05 MB, solutions = 2)
     20    22       36.3891   194       83.3405       34.8890    57347   58.14%
     29    31       41.0643   133       83.3405       34.8890    67583   58.14%
     45    47       52.1121   132       83.3405       34.8890    78097   58.14%
    100    92       39.6215   170       83.3405       35.1568    92921   57.82%
    112   104       46.3467   119       83.3405       35.1568   104928   57.82%
    129   121       47.9195   144       83.3405       35.1568   118075   57.82%
    145   137       62.2590   106       83.3405       35.1568   128380   57.82%
    191   177       42.9679   211       83.3405       36.1903   141660   56.58%
    211   197       48.2269   211       83.3405       36.1903   152863   56.58%
*   220+  204                           82.5099       36.1903            56.14%
    230   216       54.3959    83       82.5099       36.1903   162991   56.14%
Elapsed time = 7.55 sec. (20762.18 ticks, tree = 0.42 MB, solutions = 3)
*   240+  224                           82.3381       36.1903            56.05%
*   248   205      integral     0       67.6327       36.1903   169159   46.49%
    261   212       39.5302   195       67.6327       36.4029   171700   46.18%
    274   225       43.3353   155       67.6327       36.4029   181549   46.18%
    290   241       47.6792   160       67.6327       36.4029   190773   46.18%
    329   275       48.7840   176       67.6327       36.4059   201899   46.17%
    350   290       48.1810   189       67.6327       37.8087   210745   44.10%
    361   301       52.3952   102       67.6327       37.8087   215715   44.10%
    384   320       47.4017   249       67.6327       37.8621   224691   44.02%
    395   331       59.2491   181       67.6327       37.8621   236436   44.02%
    418   350       40.1177   255       67.6327       37.9319   247365   43.91%
Elapsed time = 10.87 sec. (30339.55 ticks, tree = 0.63 MB, solutions = 5)
    423   355       44.7612   262       67.6327       37.9319   251143   43.91%
    444   376       63.0671   175       67.6327       37.9319   263559   43.91%
    464   392       45.8901   125       67.6327       37.9526   274524   43.88%
    488   416       57.0668   136       67.6327       37.9526   288010   43.88%
    510   434       42.2599   164       67.6327       38.0420   296349   43.75%

Performing restart 1

Repeating presolve.
Tried aggregator 2 times.
MIP Presolve eliminated 13 rows and 219 columns.
MIP Presolve modified 943 coefficients.
Aggregator did 2 substitutions.
Reduced MIP has 863 rows, 3000 columns, and 71574 nonzeros.
Reduced MIP has 2934 binaries, 0 generals, 0 SOSs, and 0 indicators.
Presolve time = 0.08 sec. (133.74 ticks)
Tried aggregator 1 time.
MIP Presolve eliminated 0 rows and 20 columns.
MIP Presolve modified 138 coefficients.
Reduced MIP has 863 rows, 2980 columns, and 71362 nonzeros.
Reduced MIP has 2914 binaries, 0 generals, 0 SOSs, and 0 indicators.
Presolve time = 0.04 sec. (60.32 ticks)
Represolve time = 0.19 sec. (330.33 ticks)
    518     0       31.6352   458       67.6327      Cuts: 23   307189   43.75%
    518     0       31.6510   449       67.6327      Cuts: 21   307540   43.75%
    518     0       31.6670   471       67.6327      Cuts: 14   307824   43.75%
    518     0       31.6819   490       67.6327      Cuts: 15   308050   43.75%
    518     0       31.7133   456       67.6327      Cuts: 16   308508   43.75%
    518     0       31.7338   486       67.6327      Cuts: 15   308776   43.75%
    518     2       31.7338   486       67.6327       38.0420   308776   43.75%
    519     3       32.2069   366       67.6327       38.0420   309806   43.75%
    520     4       41.5182   173       67.6327       38.0420   312149   43.75%
    521     5       33.6017   330       67.6327       38.0420   313601   43.75%
    522     6       34.2002   388       67.6327       38.0420   314613   43.75%
Elapsed time = 24.78 sec. (72098.62 ticks, tree = 0.01 MB, solutions = 5)
    523     7       41.1469   211       67.6327       38.0420   318451   43.75%
    524     8       34.7547   294       67.6327       38.0420   323548   43.75%
    525     8       35.4229   286       67.6327       38.0420   326929   43.75%
    526     8       35.4229   283       67.6327       38.0420   327611   43.75%
    527     8       35.4229   287       67.6327       38.0420   327637   43.75%
    529     9       35.8913   327       67.6327       38.0420   330374   43.75%
    530    10       35.8913   326       67.6327       38.0420   330699   43.75%
    531    11       35.9846   314       67.6327       38.0420   331406   43.75%
    532    12       42.6384   199       67.6327       38.0420   332683   43.75%
    533    13       35.9976   329       67.6327       38.0420   333517   43.75%
Elapsed time = 34.99 sec. (102003.03 ticks, tree = 0.04 MB, solutions = 5)
    534    14       36.3506   314       67.6327       38.0420   334003   43.75%
    535    15       36.7586   303       67.6327       38.0420   335592   43.75%
    536    16       37.2225   306       67.6327       38.0420   336071   43.75%
    537    17       37.5959   297       67.6327       38.0420   337262   43.75%
    538    18       39.0813   187       67.6327       38.0420   339822   43.75%
    539    19       40.5251   274       67.6327       38.0420   342189   43.75%
    540    20       40.8639   282       67.6327       38.0420   343282   43.75%
    542    22       59.5184    78       67.6327       38.0420   346120   43.75%
    543    23       42.1549   211       67.6327       38.0420   346737   43.75%
    545    25       43.0305   259       67.6327       38.0420   348726   43.75%
Elapsed time = 41.51 sec. (120527.32 ticks, tree = 0.08 MB, solutions = 5)
    546    26       52.6202   196       67.6327       38.0420   353538   43.75%
    547    27       43.0446   271       67.6327       38.0420   354552   43.75%
    548    28       43.9780   296       67.6327       38.0420   357025   43.75%
    549    28       44.3975   275       67.6327       38.0420   358627   43.75%
    551    30       44.6800   244       67.6327       38.0420   359519   43.75%
    554    33       49.8712   120       67.6327       38.0420   362685   43.75%
    562    41       49.2970    56       67.6327       38.0420   363969   43.75%
    578    52       54.3809    59       67.6327       38.0420   365395   43.75%
    604    60       47.4228   166       67.6327       38.0420   368224   43.75%
    607    63       47.8960   230       67.6327       38.0420   369969   43.75%
Elapsed time = 47.59 sec. (137889.27 ticks, tree = 0.18 MB, solutions = 5)
    609    65       48.3830   187       67.6327       38.0420   372551   43.75%
    611    67       49.6330   165       67.6327       38.0420   374375   43.75%
    617    73       50.1646   139       67.6327       38.0420   376771   43.75%
    621    77       51.4284   114       67.6327       38.0420   378712   43.75%
    624    80       53.9682   124       67.6327       38.0420   380377   43.75%
    630    86       52.0158    99       67.6327       38.0420   381851   43.75%
    632    87       61.4376    97       67.6327       38.0420   383979   43.75%
    640    93       62.4828   100       67.6327       38.0420   386140   43.75%
    653    98       65.3925    61       67.6327       38.0420   387172   43.75%
    664   101       46.6023   223       67.6327       38.0420   390347   43.75%
Elapsed time = 52.43 sec. (151587.53 ticks, tree = 0.23 MB, solutions = 5)
    668   105       47.3351   243       67.6327       38.0420   393257   43.75%
    670   107       47.4102   210       67.6327       38.0420   393907   43.75%
    673   110       47.6696   238       67.6327       38.0420   394745   43.75%
    679   116       48.9204   180       67.6327       38.0420   395855   43.75%
    681   118       49.8798   129       67.6327       38.0420   397390   43.75%
    693   130       51.6242   106       67.6327       38.0420   399451   43.75%
    706   142       53.7816   191       67.6327       38.0420   402264   43.75%
    710   145       56.8817   156       67.6327       38.0420   403796   43.75%
    719   153       58.5801   145       67.6327       38.0420   405709   43.75%
    742   168       58.8241   108       67.6327       38.0420   406719   43.75%
Elapsed time = 56.72 sec. (163759.01 ticks, tree = 0.34 MB, solutions = 5)
    755   171       47.7185   168       67.6327       38.0420   409892   43.75%
    762   177       50.6281   135       67.6327       38.0420   412515   43.75%
    770   185       51.5959    89       67.6327       38.0420   414360   43.75%
    779   192       54.0384   131       67.6327       38.0420   417545   43.75%
    795   196       47.5912   174       67.6327       38.0420   421094   43.75%
    807   207       52.1148   196       67.6327       38.0420   425736   43.75%
    844   230       63.0537   150       67.6327       38.0420   429153   43.75%
    851   233       46.8868   147       67.6327       38.0420   433306   43.75%
    860   242       50.1407   192       67.6327       38.0420   439381   43.75%
*   874   225      integral     0       58.7342       38.0420   441411   35.23%
Elapsed time = 60.41 sec. (174068.32 ticks, tree = 0.42 MB, solutions = 6)
    884   229       53.4117   190       58.7342       38.0420   448730   35.23%
    944   264        cutoff             58.7342       38.0420   461906   35.23%
    979   290       56.7610    97       58.7342       39.0813   473592   33.46%
    998   301       55.0237   151       58.7342       39.5335   485786   32.69%
   1031   311       48.4127   133       58.7342       40.8385   498943   30.47%
   1084   346       55.9899   158       58.7342       41.1473   517430   29.94%
   1107   356       52.6542   101       58.7342       41.1477   525677   29.94%
   1143   372       52.3425   204       58.7342       41.3013   541881   29.68%
   1175   383       41.9967   269       58.7342       41.7845   551153   28.86%
   1210   406       51.4607   153       58.7342       41.9581   560847   28.56%
Elapsed time = 73.95 sec. (213473.13 ticks, tree = 0.71 MB, solutions = 6)
   1288   456       52.3838   105       58.7342       42.0515   576201   28.40%
   1378   528       49.4461   135       58.7342       42.3929   595159   27.82%
   1478   605       50.8963    87       58.7342       42.6733   615419   27.35%
   1549   660       44.4115   157       58.7342       42.8061   640967   27.12%
   1660   735       51.0638   151       58.7342       43.2018   667954   26.45%
   1763   815       46.5877   212       58.7342       43.3767   689939   26.15%
   1829   851       50.4462   168       58.7342       43.9655   707969   25.14%
   2019   988       50.3521   160       58.7342       44.4077   733617   24.39%
   2134  1062       48.7129   158       58.7342       44.7071   748642   23.88%
   2273  1179       54.5263   191       58.7342       44.7445   774355   23.82%
Elapsed time = 87.53 sec. (252884.96 ticks, tree = 2.04 MB, solutions = 6)
   2328  1212       53.4235   136       58.7342       44.7967   796194   23.73%
   2487  1304       49.3026   182       58.7342       45.0085   823275   23.37%
   2581  1359       52.7573   160       58.7342       45.0780   846549   23.25%
   2688  1426       51.4132   196       58.7342       45.1520   870098   23.12%
   2755  1460       47.3825   110       58.7342       45.3228   884108   22.83%
   2963  1588       45.8226   158       58.7342       45.8233   914542   21.98%
   3075  1665       55.2780   108       58.7342       45.9141   939262   21.83%
   3305  1825       52.9502   211       58.7342       46.1898   972371   21.36%
   3424  1894       56.1311    83       58.7342       46.2357   998351   21.28%
   3588  1996       51.5796    76       58.7342       46.3164  1022938   21.14%
Elapsed time = 101.02 sec. (291721.93 ticks, tree = 3.44 MB, solutions = 6)
   3712  2068       58.4324    49       58.7342       46.4678  1048168   20.88%
   3898  2193       49.2131    99       58.7342       46.6195  1076911   20.63%
   4099  2326        cutoff             58.7342       46.7559  1106978   20.39%
   4161  2351       53.1031    95       58.7342       46.8467  1122016   20.24%
   4327  2459       53.9770    82       58.7342       46.9240  1150851   20.11%
   4416  2501       54.9402   115       58.7342       47.0169  1175588   19.95%
*  4518+ 2525                           58.4897       47.1141            19.45%
   4592  2567       51.2020   111       58.4897       47.2029  1208695   19.30%
   4789  2709        cutoff             58.4897       47.3426  1236552   19.06%
   4860  2741       52.8583   176       58.4897       47.4080  1251463   18.95%
   4942  2795       49.5196   294       58.4897       47.4558  1274743   18.86%
Elapsed time = 114.80 sec. (331545.65 ticks, tree = 4.92 MB, solutions = 7)
   5047  2867       57.7331   178       58.4897       47.4837  1295121   18.82%
   5166  2941       53.7182   145       58.4897       47.5800  1319706   18.65%
   5391  3056        cutoff             58.4897       47.6746  1343630   18.49%
   5551  3168       49.7206   140       58.4897       47.7373  1365018   18.38%
   5680  3248        cutoff             58.4897       47.7759  1387185   18.32%
   5759  3280       56.6074   250       58.4897       47.8378  1412374   18.21%
   5890  3360       48.3104   199       58.4897       47.8960  1435448   18.11%
   6081  3503        cutoff             58.4897       47.9387  1461263   18.04%
   6216  3593       52.1109   245       58.4897       48.0147  1483765   17.91%
   6326  3642       53.1719   145       58.4897       48.0980  1507966   17.77%
Elapsed time = 128.66 sec. (371107.09 ticks, tree = 6.38 MB, solutions = 7)
   6442  3707       53.6902   165       58.4897       48.1585  1528654   17.66%
*  6499  2253      integral     0       54.1840       48.1950  1540091   11.05%
   6572  2257       52.0684    94       54.1840       48.2680  1551205   10.92%
   6702  2307       50.7746   319       54.1840       48.4028  1573561   10.67%
   6782  2320        cutoff             54.1840       48.4865  1590083   10.52%
   6883  2328       54.1825   117       54.1840       48.6187  1605990   10.27%
   7037  2385       52.4359   112       54.1840       48.6893  1631143   10.14%
   7162  2435        cutoff             54.1840       48.7302  1650210   10.07%
   7270  2437       51.6523    88       54.1840       48.8578  1668030    9.83%
   7349  2428       51.6527   184       54.1840       48.9621  1686564    9.64%
   7445  2443       51.0501   144       54.1840       49.0284  1705364    9.52%
Elapsed time = 142.47 sec. (410023.82 ticks, tree = 4.28 MB, solutions = 8)
   7588  2450       49.4296   109       54.1840       49.1442  1721318    9.30%
   7703  2444       50.5573    89       54.1840       49.2027  1740000    9.19%
   7806  2459       53.0081    69       54.1840       49.2689  1758350    9.07%
   8030  2506        cutoff             54.1840       49.3343  1783926    8.95%
   8181  2479        cutoff             54.1840       49.4550  1802997    8.73%
   8326  2456        cutoff             54.1840       49.5777  1825762    8.50%
   8466  2445       51.2517    69       54.1840       49.6806  1846248    8.31%
   8620  2439       52.0057    36       54.1840       49.7734  1869615    8.14%
   8738  2450       52.7219    77       54.1840       49.8172  1888965    8.06%
   8908  2429       51.5868   105       54.1840       49.9333  1910438    7.84%
Elapsed time = 156.58 sec. (448699.80 ticks, tree = 4.32 MB, solutions = 8)
   9054  2404       52.5054   101       54.1840       50.0382  1927447    7.65%
   9266  2358       53.3184   134       54.1840       50.2150  1947734    7.33%
   9384  2300       52.7757    91       54.1840       50.3319  1967106    7.11%
*  9456  2109      integral     0       53.7933       50.3879  1976012    6.33%
   9580  2041        cutoff             53.7933       50.5305  1993188    6.07%
   9714  1976        cutoff             53.7933       50.6776  2010880    5.79%
   9882  1864        cutoff             53.7933       50.8646  2033974    5.44%
  10069  1812       53.0819    59       53.7933       50.9987  2053946    5.19%
  10210  1750       52.7414    76       53.7933       51.0761  2073345    5.05%
  10422  1772       52.4848    58       53.7933       51.1194  2088262    4.97%
Elapsed time = 170.44 sec. (486163.30 ticks, tree = 3.27 MB, solutions = 9)
  10647  1607        cutoff             53.7933       51.3043  2110819    4.63%
  10901  1403       52.5326    50       53.7933       51.5697  2133545    4.13%
  11136  1230        cutoff             53.7933       51.8145  2154341    3.68%
  11320  1101       52.0057    43       53.7933       51.9857  2170637    3.36%
  11613   857       52.5309   145       53.7933       52.2846  2188634    2.80%
  11868   652        cutoff             53.7933       52.6157  2206012    2.19%
  12114   432        cutoff             53.7933       52.9875  2222819    1.50%

GUB cover cuts applied:  8
Clique cuts applied:  3
Cover cuts applied:  10
Implied bound cuts applied:  33
Mixed integer rounding cuts applied:  3
Zero-half cuts applied:  35
Lift and project cuts applied:  10
Gomory fractional cuts applied:  6

Root node processing (before b&c):
  Real time             =    2.13 sec. (5298.56 ticks)
Sequential b&c:
  Real time             =  179.43 sec. (510621.93 ticks)
                          ------------
Total (root+branch&cut) =  181.57 sec. (515920.49 ticks)
Feasible solution found!
Truck nodes:
Stage 1 at customer 0 with arrival time is: 
Stage 2 at customer 10 with arrival time is: 
Stage 3 at customer 9 with arrival time is: 
Stage 4 at customer 2 with arrival time is: 
Stage 5 at customer 8 with arrival time is: 
Stage 6 at customer 6 with arrival time is: 
Stage 7 at customer 5 with arrival time is: 
Stage 8 at customer 7 with arrival time is: 
Stage 9 at customer 1 with arrival time is: 
Stage 10 at customer 3 with arrival time is: 
Stage 11 at customer 11 with arrival time is: 
Truck arcs:
Arc 1 connecting 0 and 10 with cost 4.19835 
Arc 2 connecting 10 and 9 with cost 7.2754 
Arc 3 connecting 9 and 2 with cost 6.13892 
Arc 4 connecting 2 and 8 with cost 5.10923 
Arc 5 connecting 8 and 6 with cost 5.60229 
Arc 6 connecting 6 and 5 with cost 0.955922 
Arc 7 connecting 5 and 7 with cost 0.777831 
Arc 8 connecting 7 and 1 with cost 7.04774 
Arc 9 connecting 1 and 3 with cost 3.93636 
Arc 10 connecting 3 and 11 with cost 11.7512 
Customer 4 served by drone.
Drone fly from 0 at stage 1 to serve 4 and then fly back to 2 at stage 4. 
Truck arcs during this sortie: 0--->10--->9--->2
Truck travel time from stage 1 to 4 is: 17.6127
Total drone travel time: 16.0238
Customer 4 served, start stage = 1, end stage = 4
Wait time for this sortie: 0
Printing Y(k,i,h):
Y[1][0][4] == 1
Done!
-------------------------Re-calculated objective-----------------------
53.7933
------------------------------------------------------------------------
Solve time: 181.567
OBJECTIVE VALUE: 53.7933, NUMBER OF SORTIES: 0.
Number of loop(s):0
Number of revisit: 0
In write mode
