Instance name: /home/orlab/CLionProjects/RV-FSTSP/Murray_instances/FSTSP/FSTSP_10_customer_problems/20140810T123440v6
Write arg val: 1
Input is specified as type M: Murray instance.-.-.-.-.-.-.-.-.-.-.-.-.-.-.-.-.-.-.-.-

drone speed: 0.4 miles/minute
uav non-eligible customer: 4 5 
Printing tau:
0 3.05404 10.4722 13.4811 6.76521 11.4381 6.47301 13.0528 1.22306 2.41346 7.25246 0 
3.05404 0 7.41815 13.1751 7.41924 8.38408 3.41898 9.99874 2.95098 5.14749 6.9465 3.05404 
10.4722 7.41815 0 14.3533 14.8374 5.76971 3.99917 6.42059 10.3691 12.5656 10.5246 10.4722 
13.4811 13.1751 14.3533 0 6.71587 15.3192 15.1541 16.9338 12.258 15.4145 6.22861 13.4811 
6.76521 7.41924 14.8374 6.71587 0 15.8033 10.8382 17.418 5.54215 8.69866 4.31275 6.76521 
11.4381 8.38408 5.76971 15.3192 15.8033 0 7.0349 1.61466 11.3351 13.5316 11.4906 11.4381 
6.47301 3.41898 3.99917 15.1541 10.8382 7.0349 0 7.68579 6.36995 8.56647 8.92548 6.47301 
13.0528 9.99874 6.42059 16.9338 17.418 1.61466 7.68579 0 12.9497 15.1462 13.1052 13.0528 
1.22306 2.95098 10.3691 12.258 5.54215 11.3351 6.36995 12.9497 0 3.15652 6.0294 1.22306 
2.41346 5.14749 12.5656 15.4145 8.69866 13.5316 8.56647 15.1462 3.15652 0 9.18592 2.41346 
7.25246 6.9465 10.5246 6.22861 4.31275 11.4906 8.92548 13.1052 6.0294 9.18592 0 7.25246 
0 0 0 0 0 0 0 0 0 0 0 0 
Printing tau_prime:
0 2.17034 7.41057 9.91973 5.69311 8.93253 4.72752 10.1619 0.867899 2.01504 5.1284 0 
2.17034 0 5.26965 10.528 6.95583 6.92297 2.79336 8.14071 2.1851 3.96936 5.38071 2.17034 
7.41057 5.26965 0 14.123 11.6533 4.13658 2.96598 4.89302 7.42221 8.9505 9.20456 7.41057 
9.91973 10.528 14.123 0 4.76116 12.2597 12.9779 13.0868 9.11406 10.9728 5.16981 9.91973 
5.69311 6.95583 11.6533 4.76116 0 11.2186 9.71264 12.3279 5.03393 6.35719 3.06897 5.69311 
8.93253 6.92297 4.13658 12.2597 11.2186 0 6.0886 1.23101 8.53268 10.8703 8.2343 8.93253 
4.72752 2.79336 2.96598 12.9779 9.71264 6.0886 0 7.15418 4.94791 6.06021 7.81812 4.72752 
10.1619 8.14071 4.89302 13.0868 12.3279 1.23101 7.15418 0 9.7631 12.0944 9.30817 10.1619 
0.867899 2.1851 7.42221 9.11406 5.03393 8.53268 4.94791 9.7631 0 2.71922 4.26485 0.867899 
2.01504 3.96936 8.9505 10.9728 6.35719 10.8703 6.06021 12.0944 2.71922 0 6.65382 2.01504 
5.1284 5.38071 9.20456 5.16981 3.06897 8.2343 7.81812 9.30817 4.26485 6.65382 0 5.1284 
0 0 0 0 0 0 0 0 0 0 0 0 
---------------------------------------------------------------
Current config:
- Number of threads = 1
- Drone endurance = 20
- SL = 1
- SR = 1
- L = 1
- Allow loop = 1
- Allow revisit = 1
- Allow multi-visit drone = 0
- Use TSP optimal solution as warmstart: = 0
- Use cutting plane method: = 0
- Use CPLEX conflict refiner: = 0
---------------------------------------------------------------
---------------------------------------------
Calculate max stage gap for sortie.... 
Stage gap calculation consumes too much memory. No constraint was added.
---------------------------------------------
Warning:  Output names have been modified due to duplicate names or characters invalid in LP format.
Version identifier: 22.1.1.0 | 2022-11-28 | 9160aff4d
CPXPARAM_Threads                                 1
CPXPARAM_TimeLimit                               3600
CPXPARAM_WorkMem                                 24576
Tried aggregator 3 times.
MIP Presolve eliminated 968 rows and 1649 columns.
MIP Presolve modified 1991 coefficients.
Aggregator did 25 substitutions.
Reduced MIP has 886 rows, 3494 columns, and 77638 nonzeros.
Reduced MIP has 3428 binaries, 0 generals, 0 SOSs, and 0 indicators.
Presolve time = 0.07 sec. (131.12 ticks)
Found incumbent of value 133.536345 after 0.10 sec. (176.54 ticks)
Probing fixed 15 vars, tightened 0 bounds.
Probing time = 0.04 sec. (147.62 ticks)
Tried aggregator 2 times.
Detecting symmetries...
MIP Presolve eliminated 9 rows and 15 columns.
Aggregator did 9 substitutions.
Reduced MIP has 868 rows, 3470 columns, and 77268 nonzeros.
Reduced MIP has 3404 binaries, 0 generals, 0 SOSs, and 0 indicators.
Presolve time = 0.04 sec. (49.03 ticks)
Probing time = 0.00 sec. (8.49 ticks)
Clique table members: 37615.
MIP emphasis: balance optimality and feasibility.
MIP search method: dynamic search.
Parallel mode: none, using 1 thread.
Root relaxation solution time = 0.05 sec. (128.42 ticks)

        Nodes                                         Cuts/
   Node  Left     Objective  IInf  Best Integer    Best Bound    ItCnt     Gap

*     0+    0                          133.5363      -11.0000           108.24%
      0     0       12.7239   236      133.5363       12.7239     1930   90.47%
      0     0       32.7541   135      133.5363      Cuts: 39     2700   75.47%
*     0+    0                           68.0695       32.7541            51.88%
      0     0       36.1942   156       68.0695       Cuts: 7     3548   46.83%
      0     0       36.2201   166       68.0695       Cuts: 4     3785   46.79%
      0     0       36.9803   146       68.0695      Cuts: 12     4969   45.67%
      0     0       37.0297   193       68.0695      Cuts: 20     5229   45.60%
Detecting symmetries...
      0     0       37.0479   200       68.0695      Cuts: 11     5432   45.57%
      0     0       37.0853   195       68.0695       Cuts: 5     5603   45.52%
      0     0       37.0918   222       68.0695      Cuts: 17     5950   45.51%
      0     0       37.1126   237       68.0695   ZeroHalf: 4     6068   45.48%
      0     0       37.1126   249       68.0695       Cuts: 5     6185   45.48%
      0     0       37.1126   219       68.0695   ZeroHalf: 1     6204   45.48%
      0     0       37.1126   242       68.0695       Cuts: 2     6486   45.48%
*     0+    0                           67.0584       37.1126            44.66%
*     0+    0                           60.5720       37.1126            38.73%
      0     0  -1.00000e+75     0       60.5720       37.1126     6514   38.73%
Detecting symmetries...
      0     2       37.1126   210       60.5720       37.1180     6514   38.72%
Elapsed time = 1.96 sec. (3901.23 ticks, tree = 0.01 MB, solutions = 4)
      3     5       40.9426   112       60.5720       37.1829     9250   38.61%
      7     9       45.0151    96       60.5720       37.1829    14015   38.61%
     14    16       43.0066    37       60.5720       37.1829    16012   38.61%
     20    22       47.1576    78       60.5720       37.1829    19519   38.61%
     57    48       37.2205   232       60.5720       37.2157    21810   38.56%
     64    55       43.1221    90       60.5720       37.2157    24580   38.56%
     87    76       44.8843    29       60.5720       37.2157    27191   38.56%
    115    86       44.2867    88       60.5720       37.2330    29493   38.53%
    128    99       45.8225   126       60.5720       37.2330    31870   38.53%
    186   151       37.3632   254       60.5720       37.2534    42899   38.50%
Elapsed time = 3.18 sec. (7306.70 ticks, tree = 0.71 MB, solutions = 4)
    203   168       38.4191   228       60.5720       37.2534    52779   38.50%
    240   205       41.3512   143       60.5720       37.2534    60991   38.50%
    273   238       46.2884    97       60.5720       37.2534    71704   38.50%
    289   254       49.3197    29       60.5720       37.2534    79124   38.50%
    334   295       42.9955   119       60.5720       37.3198    90759   38.39%
    382   343       49.2703    45       60.5720       37.3198   100028   38.39%
    427   384       41.6401   103       60.5720       37.3896   109063   38.27%
    499   437       41.8509   122       60.5720       37.5057   119759   38.08%
    549   483       40.1065   127       60.5720       37.5220   129745   38.05%
    595   529       43.3465   109       60.5720       37.5220   137084   38.05%
Elapsed time = 6.70 sec. (17188.89 ticks, tree = 2.70 MB, solutions = 4)
    650   582       58.8604    56       60.5720       37.5220   144720   38.05%
    707   628       38.7993   145       60.5720       37.5973   154571   37.93%
    786   707       50.3358    91       60.5720       37.5973   163534   37.93%
*   840   736      integral     0       60.3392       37.6017   169420   37.68%
    871   765       45.3420    40       60.3392       37.7838   173599   37.38%
    943   833       40.4246   132       60.3392       37.7857   183070   37.38%
    961   851       42.9151   158       60.3392       37.7857   190312   37.38%

Performing restart 1

Repeating presolve.
Tried aggregator 1 time.
MIP Presolve eliminated 0 rows and 11 columns.
Reduced MIP has 868 rows, 3459 columns, and 76917 nonzeros.
Reduced MIP has 3393 binaries, 0 generals, 0 SOSs, and 0 indicators.
Presolve time = 0.02 sec. (33.71 ticks)
Tried aggregator 1 time.
Reduced MIP has 868 rows, 3459 columns, and 76917 nonzeros.
Reduced MIP has 3393 binaries, 0 generals, 0 SOSs, and 0 indicators.
Presolve time = 0.03 sec. (40.91 ticks)
Represolve time = 0.10 sec. (215.79 ticks)
    964     0       37.0579   217       60.3392      Cuts: 30   196572   37.38%
    964     0       37.1891   219       60.3392      Cuts: 19   197237   37.38%
    964     0       37.5212   273       60.3392      Cuts: 20   198833   37.38%
    964     0       37.6160   234       60.3392      Cuts: 25   200263   37.38%
    964     0       37.7445   276       60.3392      Cuts: 31   200827   37.38%
    964     0       37.8297   249       60.3392      Cuts: 28   202571   37.30%
    964     0       37.8338   272       60.3392      Cuts: 55   203041   37.30%
    964     0       38.0063   261       60.3392      Cuts: 37   204593   37.01%
    964     0       38.0188   256       60.3392      Cuts: 29   205320   36.99%
    964     0       38.0375   268       60.3392      Cuts: 31   206125   36.96%
    964     0       38.0652   257       60.3392      Cuts: 15   206302   36.91%
    964     0       38.0652   256       60.3392       Cuts: 3   206362   36.91%
    964     0       38.0678   250       60.3392       Cuts: 4   206529   36.91%
    964     0       38.0678   259       60.3392      Cuts: 14   206688   36.91%
    964     0       38.0753   239       60.3392       Cuts: 3   206754   36.90%
    964     0       38.0753   259       60.3392      Cuts: 12   206929   36.90%
    964     0       38.0753   277       60.3392   ZeroHalf: 5   207108   36.90%
*   964+    0                           58.5272       38.0753            34.94%
*   964+    0                           58.0568       38.0753            34.42%
    964     0  -1.00000e+75     0       58.0568       38.0753   207108   34.42%
    964     2       38.0753   262       58.0568       38.0772   207108   34.41%
    965     3       38.1605   273       58.0568       38.1605   208152   34.27%
    966     4       38.2109   262       58.0568       38.2124   209728   34.18%
    967     5       38.2185   256       58.0568       38.2188   210051   34.17%
Elapsed time = 15.35 sec. (40840.25 ticks, tree = 0.01 MB, solutions = 7)
    968     6       38.2379   203       58.0568       38.2380   210263   34.14%
    970     8       43.8104    82       58.0568       38.2542   212225   34.11%
    971     9       38.2984   226       58.0568       38.2542   213547   34.11%
    972    10       38.3145   207       58.0568       38.2542   213853   34.11%
    978    16       38.4541   239       58.0568       38.2542   214500   34.11%
    980    18       43.0131   112       58.0568       38.2542   216708   34.11%
    982    20       38.5155   207       58.0568       38.2542   217653   34.11%
    985    23       43.0071   127       58.0568       38.2542   220382   34.11%
    986    24       38.6003   242       58.0568       38.2542   221178   34.11%
    988    26       38.6491   213       58.0568       38.2542   222018   34.11%
Elapsed time = 19.87 sec. (54402.73 ticks, tree = 0.15 MB, solutions = 7)
    990    28       43.0131   141       58.0568       38.2542   224246   34.11%
    991    29       38.7630   230       58.0568       38.2542   224911   34.11%
    995    32       42.6213    98       58.0568       38.2542   226937   34.11%
   1001    38       43.0066    72       58.0568       38.2542   231316   34.11%
   1017    53       48.7215    25       58.0568       38.2542   236846   34.11%
   1034    62       42.4548   150       58.0568       38.3090   239870   34.01%
   1043    71       43.0066   129       58.0568       38.3090   242441   34.01%
   1047    75       47.8073   106       58.0568       38.3090   244737   34.01%
   1079   106       43.1968    56       58.0568       38.3090   248977   34.01%
   1098   115       51.2407    41       58.0568       38.3090   250238   34.01%
Elapsed time = 23.84 sec. (65644.77 ticks, tree = 0.30 MB, solutions = 7)
   1107   117       43.2763   118       58.0568       38.3221   253784   33.99%
   1110   120       43.3420   149       58.0568       38.3221   255884   33.99%
   1119   129       44.2360    44       58.0568       38.3221   259884   33.99%
   1161   168       44.3495   100       58.0568       38.3221   263502   33.99%
   1220   200       45.2126   124       58.0568       38.3668   265948   33.92%
   1225   205       45.8104    83       58.0568       38.3668   268117   33.92%
   1248   228       45.8194    96       58.0568       38.3668   272116   33.92%
   1305   275       45.2574    94       58.0568       38.3668   275998   33.92%
*  1314+  281                           55.9763       38.3668            31.46%
   1341   302       44.0760    28       55.9763       38.3879   280467   31.42%
*  1344+  297                           53.7386       38.3879            28.57%
*  1354+  288                           49.2274       38.3879            22.02%
   1376   296       43.8104    36       49.2274       38.4251   285771   21.94%
Elapsed time = 27.76 sec. (76853.16 ticks, tree = 0.61 MB, solutions = 10)
   1404   324       43.8661   129       49.2274       38.4251   290874   21.94%
   1464   378       45.8104    57       49.2274       38.4251   293374   21.94%
   1484   393       45.4562   114       49.2274       38.4909   297852   21.81%
   1498   407       45.8104    89       49.2274       38.4909   302335   21.81%
   1527   434       47.2062    90       49.2274       38.4909   306319   21.81%
   1553   451       46.1143   156       49.2274       38.5155   311047   21.76%
   1562   456       46.4744   153       49.2274       38.5155   313410   21.76%
   1578   465       47.4884   115       49.2274       38.5155   317131   21.76%
   1591   473       43.0100   126       49.2274       38.5380   322660   21.71%
   1645   518       43.0072    91       49.2274       38.5483   327884   21.69%
Elapsed time = 31.50 sec. (87311.32 ticks, tree = 1.00 MB, solutions = 10)
   1733   582       43.0764    87       49.2274       38.6217   333733   21.54%
   1803   631       46.0941   103       49.2274       38.6491   341350   21.49%
   1866   683       47.1315   121       49.2274       38.7023   348504   21.38%
   1941   741       44.4862   118       49.2274       38.7766   356227   21.23%
   1945   743       44.9209   133       49.2274       38.7766   358675   21.23%
   1949   747       44.9440   119       49.2274       38.7766   360218   21.23%
   1976   768       38.8951   240       49.2274       38.7923   365599   21.20%
   1997   784       45.0140   107       49.2274       38.8691   374625   21.04%
   2038   818       44.2220    80       49.2274       38.8951   380328   20.99%
   2064   838       38.8951   228       49.2274       38.8980   385153   20.98%
Elapsed time = 35.52 sec. (98617.19 ticks, tree = 1.58 MB, solutions = 10)
   2070   844       41.6949   154       49.2274       38.9047   392264   20.97%
   2083   857       42.2003   171       49.2274       38.9047   396940   20.97%
   2126   888       42.4570   168       49.2274       38.9733   405211   20.83%
   2180   928       38.9736   217       49.2274       38.9736   413057   20.83%
   2196   938       40.5416   174       49.2274       38.9736   419212   20.83%
   2213   953       43.2441   136       49.2274       38.9736   425676   20.83%
   2225   960       38.9972   223       49.2274       38.9736   427842   20.83%
   2239   974       39.3363   204       49.2274       38.9736   430974   20.83%
   2247   980       51.8905   137       49.2274       38.9736   433877   20.83%
   2271   995       44.5445   164       49.2274       38.9736   441938   20.83%
Elapsed time = 39.13 sec. (108888.26 ticks, tree = 1.85 MB, solutions = 10)
   2366  1078       40.5202   100       49.2274       38.9736   450067   20.83%
   2402  1105       40.2759   196       49.2274       38.9736   457790   20.83%
   2424  1127       41.9412   184       49.2274       38.9736   465552   20.83%
   2442  1145       43.3430   177       49.2274       38.9736   469016   20.83%
   2476  1173       39.8463   181       49.2274       38.9945   476773   20.79%
   2505  1192       40.2199   172       49.2274       38.9972   484744   20.78%
   2528  1214       46.9733    62       49.2274       38.9972   490745   20.78%
   2549  1224       47.5414   113       49.2274       38.9972   493304   20.78%
   2561  1233       45.1596   145       49.2274       38.9972   496265   20.78%
   2759  1391       46.6954    89       49.2274       39.0326   521162   20.71%
Elapsed time = 43.72 sec. (121674.70 ticks, tree = 2.63 MB, solutions = 10)
   2916  1507       42.3829   151       49.2274       39.3475   551955   20.07%
*  2964+  764                           44.5060       39.3794            11.52%
   3039   805       39.6615   217       44.5060       39.5180   577564   11.21%
   3105   843       39.7697   191       44.5060       39.6508   599220   10.91%
   3206   912       41.5960   198       44.5060       39.7327   633595   10.73%
   3274   925       42.3370   121       44.5060       39.8303   650275   10.51%
   3372   970       41.2306   175       44.5060       39.9830   676156   10.16%
   3470  1009       43.9572   137       44.5060       40.3057   708977    9.44%
   3595  1094       44.1266    60       44.5060       40.3919   742525    9.24%
   3682  1108       42.4140   121       44.5060       40.5786   767314    8.82%
   3785  1122       40.7152   173       44.5060       40.7152   794505    8.52%
Elapsed time = 57.92 sec. (160989.18 ticks, tree = 2.12 MB, solutions = 11)
   3890  1139       41.8879   150       44.5060       40.8860   824268    8.13%
   4012  1207        cutoff             44.5060       41.0585   853209    7.75%
   4107  1221       42.3573    98       44.5060       41.1909   881177    7.45%
   4158  1228       44.0762   130       44.5060       41.2753   898236    7.26%
   4226  1258       43.1232   137       44.5060       41.3121   921022    7.18%
   4337  1276        cutoff             44.5060       41.4698   940737    6.82%
   4432  1289       44.3061   163       44.5060       41.6511   962637    6.41%
   4569  1301       44.2360    53       44.5060       41.8664   994097    5.93%
   4714  1317       43.8206    53       44.5060       42.0142  1014889    5.60%
   4866  1326       42.5999    76       44.5060       42.1743  1045258    5.24%
Elapsed time = 72.30 sec. (199876.61 ticks, tree = 2.56 MB, solutions = 11)
   5046  1385       43.6533    97       44.5060       42.3083  1074854    4.94%
   5195  1452       43.0066    97       44.5060       42.3978  1102937    4.74%
   5384  1533       43.3733    84       44.5060       42.4938  1131636    4.52%
   5615  1608       44.1266    57       44.5060       42.6970  1162251    4.06%
   5843  1700       44.1329   117       44.5060       42.8808  1192268    3.65%
   5965  1720       44.3405   104       44.5060       42.9951  1211741    3.39%
   6271  1808       44.0095    51       44.5060       43.0066  1235345    3.37%
   6438  1810       43.9813    67       44.5060       43.0066  1250659    3.37%
   6721  1917       43.0430    66       44.5060       43.0066  1271548    3.37%
   6939  1964       43.0066    40       44.5060       43.0066  1289797    3.37%
Elapsed time = 86.89 sec. (239068.12 ticks, tree = 3.92 MB, solutions = 11)
   7155  2033       43.0066    35       44.5060       43.0066  1314125    3.37%
   7418  2137       43.0066    55       44.5060       43.0066  1341685    3.37%
   7695  2222       43.0087   108       44.5060       43.0066  1367554    3.37%
   7964  2315       43.0279    68       44.5060       43.0066  1394073    3.37%
   8188  2387       43.0066    69       44.5060       43.0066  1420843    3.37%
   8600  2481       43.0066    56       44.5060       43.0066  1448338    3.37%
   8959  2589       43.0066    92       44.5060       43.0066  1475531    3.37%
   9550  2889       43.0066    46       44.5060       43.0066  1503650    3.37%
  10090  3037       43.0666    59       44.5060       43.0066  1528297    3.37%
  10545  3165        cutoff             44.5060       43.0066  1553034    3.37%
Elapsed time = 101.93 sec. (278066.20 ticks, tree = 6.60 MB, solutions = 11)

Performing restart 2

Repeating presolve.
Tried aggregator 2 times.
MIP Presolve eliminated 12 rows and 445 columns.
MIP Presolve modified 314 coefficients.
Aggregator did 7 substitutions.
Reduced MIP has 849 rows, 3007 columns, and 58085 nonzeros.
Reduced MIP has 2941 binaries, 0 generals, 0 SOSs, and 0 indicators.
Presolve time = 0.05 sec. (80.15 ticks)
Tried aggregator 1 time.
MIP Presolve eliminated 1 rows and 32 columns.
MIP Presolve modified 227 coefficients.
Reduced MIP has 848 rows, 2975 columns, and 57673 nonzeros.
Reduced MIP has 2909 binaries, 0 generals, 0 SOSs, and 0 indicators.
Presolve time = 0.03 sec. (41.56 ticks)
Tried aggregator 1 time.
Reduced MIP has 848 rows, 2975 columns, and 57673 nonzeros.
Reduced MIP has 2909 binaries, 0 generals, 0 SOSs, and 0 indicators.
Presolve time = 0.02 sec. (31.60 ticks)
Represolve time = 0.47 sec. (1115.29 ticks)
  10607     0       38.1760   242       44.5060      Cuts: 16  1564423    3.37%
  10607     0       38.1760   264       44.5060      Cuts: 26  1564677    3.37%
  10607     0       38.1760   249       44.5060       Cuts: 9  1564847    3.37%
  10607     0       38.1794   268       44.5060      Cuts: 27  1565209    3.37%
  10607     0       38.1794   241       44.5060       Cuts: 2  1565265    3.37%
  10607     0       38.1794   266       44.5060      Cuts: 24  1565468    3.37%
  10607     0       38.1794   267       44.5060       Cuts: 6  1565659    3.37%
  10607     0       38.1794   243       44.5060       Cuts: 7  1565747    3.37%
  10607     0       38.1796   269       44.5060      Cuts: 33  1566123    3.37%
  10607     0       38.1796   261       44.5060      Cuts: 17  1566353    3.37%

Repeating presolve.
Tried aggregator 2 times.
MIP Presolve eliminated 3 rows and 52 columns.
MIP Presolve modified 599 coefficients.
Aggregator did 2 substitutions.
Reduced MIP has 843 rows, 2921 columns, and 59591 nonzeros.
Reduced MIP has 2855 binaries, 0 generals, 0 SOSs, and 0 indicators.
Presolve time = 0.05 sec. (85.84 ticks)
Tried aggregator 2 times.
MIP Presolve eliminated 13 rows and 75 columns.
MIP Presolve modified 227 coefficients.
Aggregator did 1 substitutions.
Reduced MIP has 829 rows, 2845 columns, and 58596 nonzeros.
Reduced MIP has 2779 binaries, 0 generals, 0 SOSs, and 0 indicators.
Presolve time = 0.07 sec. (103.86 ticks)
Tried aggregator 1 time.
Reduced MIP has 829 rows, 2845 columns, and 58596 nonzeros.
Reduced MIP has 2779 binaries, 0 generals, 0 SOSs, and 0 indicators.
Presolve time = 0.02 sec. (31.96 ticks)
Represolve time = 0.68 sec. (1556.82 ticks)
  10607     0       38.2034   255       44.5060      Cuts: 19  1569039    3.37%
  10607     0       38.2050   279       44.5060      Cuts: 28  1569276    3.37%
  10607     0       38.2061   244       44.5060      Cuts: 11  1569450    3.37%
  10607     0       38.2065   264       44.5060      Cuts: 21  1569921    3.37%
  10607     0       38.2134   237       44.5060       Cuts: 4  1570021    3.37%
  10607     0       38.2164   279       44.5060      Cuts: 32  1570310    3.37%
  10607     0       38.2169   252       44.5060       Cuts: 8  1570523    3.37%
  10607     0       38.2178   267       44.5060      Cuts: 29  1571025    3.37%
  10607     0       38.2306   251       44.5060       Cuts: 8  1571269    3.37%
  10607     0       38.2306   263       44.5060      Cuts: 18  1571472    3.37%
  10607     0       38.2306   242       44.5060   ZeroHalf: 5  1571532    3.37%
  10607     0       38.2306   258       44.5060      Cuts: 14  1571602    3.37%
  10607     2       38.2306   229       44.5060       43.0066  1571602    3.37%
  10613     6       38.2777   219       44.5060       43.0066  1573478    3.37%
  10632     7       43.5382    94       44.5060       43.0066  1579910    3.37%
  10663    22       38.3440   228       44.5060       43.0066  1586509    3.37%
  10686    45       39.0703   193       44.5060       43.0066  1589207    3.37%
  10739    84       43.5666   143       44.5060       43.0066  1594334    3.37%
  10822   140       42.4055   137       44.5060       43.0066  1607135    3.37%
  10906   203       41.9276   193       44.5060       43.0066  1622134    3.37%
  10996   250       44.1266    53       44.5060       43.0066  1640647    3.37%
  11110   313       43.0764    80       44.5060       43.0066  1657517    3.37%
Elapsed time = 127.68 sec. (351643.11 ticks, tree = 2.38 MB, solutions = 11)
  11210   370       41.8634    92       44.5060       43.0066  1674185    3.37%
  11317   431       44.1035    87       44.5060       43.0066  1691102    3.37%
  11446   486       43.9281   134       44.5060       43.0066  1709193    3.37%
  11544   521       43.0066    40       44.5060       43.0066  1724635    3.37%
  11749   651       44.3197   121       44.5060       43.0066  1742727    3.37%
  11894   693        cutoff             44.5060       43.0066  1760688    3.37%
  12046   741       43.5666    97       44.5060       43.0066  1783758    3.37%
  12187   764       43.0513    34       44.5060       43.0066  1806288    3.37%
  12326   793       43.0119    69       44.5060       43.0066  1828936    3.37%
  12470   830       43.0066    47       44.5060       43.0066  1851969    3.37%
Elapsed time = 142.45 sec. (390347.26 ticks, tree = 4.65 MB, solutions = 11)
  12616   868       43.0586   120       44.5060       43.0066  1872033    3.37%
  12803   936       44.2561   101       44.5060       43.0066  1895616    3.37%
  13010   993       43.2000   128       44.5060       43.0066  1918223    3.37%
  13240  1065       43.0066    72       44.5060       43.0066  1940615    3.37%
  13541  1154       43.2571    64       44.5060       43.0066  1962232    3.37%
  13811  1189       43.0336    99       44.5060       43.0066  1983104    3.37%
  14119  1234        cutoff             44.5060       43.0066  2005964    3.37%
  14440  1287       43.7468    67       44.5060       43.0066  2027824    3.37%
  14833  1386       43.1552   101       44.5060       43.0066  2048922    3.37%
  15095  1421       43.0066    74       44.5060       43.0066  2071002    3.37%
Elapsed time = 157.20 sec. (428629.91 ticks, tree = 9.43 MB, solutions = 11)
  15312  1432       44.1266    83       44.5060       43.0186  2093196    3.34%
  15545  1449       43.1547    49       44.5060       43.0316  2113726    3.31%
  15881  1602        cutoff             44.5060       43.0400  2133938    3.29%
  16199  1590       43.2297    46       44.5060       43.0764  2154620    3.21%
  16493  1654       43.0764    66       44.5060       43.0764  2175758    3.21%
  16820  1702       43.2172    55       44.5060       43.0764  2196032    3.21%
  17051  1710       43.3207   121       44.5060       43.0764  2216610    3.21%
  17257  1701       43.2414   104       44.5060       43.0764  2236845    3.21%
  17500  1734        cutoff             44.5060       43.0764  2257220    3.21%
  17800  1764        cutoff             44.5060       43.0764  2277584    3.21%
Elapsed time = 171.85 sec. (466915.06 ticks, tree = 11.87 MB, solutions = 11)
  18028  1798        cutoff             44.5060       43.0764  2298697    3.21%
  18254  1858        cutoff             44.5060       43.0764  2318655    3.21%
  18413  1901       44.0853   136       44.5060       43.0764  2341686    3.21%
  18689  1836       44.1266    94       44.5060       43.1083  2361014    3.14%
  18991  1771        cutoff             44.5060       43.1287  2381785    3.09%
  19276  1725       44.3058    26       44.5060       43.1738  2402578    2.99%
  19575  1650       44.0356   113       44.5060       43.2449  2421645    2.83%
  19804  1632       43.6528   112       44.5060       43.3073  2439128    2.69%
  20039  1647        cutoff             44.5060       43.3420  2458332    2.62%
  20225  1688       43.3580    21       44.5060       43.3420  2478275    2.62%
Elapsed time = 186.58 sec. (505438.35 ticks, tree = 10.04 MB, solutions = 11)
  20440  1754        cutoff             44.5060       43.3420  2498251    2.62%
  20665  1809       43.3771    34       44.5060       43.3420  2518423    2.62%
  20891  1890        cutoff             44.5060       43.3420  2537457    2.62%
  21083  1929       43.5152    12       44.5060       43.3420  2557356    2.62%
  21376  1869        cutoff             44.5060       43.3690  2576932    2.55%
  21728  1704        cutoff             44.5060       43.4443  2594529    2.39%
  22054  1615       43.8105   138       44.5060       43.5411  2612795    2.17%
  22339  1494       44.1012   109       44.5060       43.6911  2630911    1.83%
  22629  1432       44.2218    20       44.5060       43.8104  2649281    1.56%
  22950  1323        cutoff             44.5060       43.8806  2668311    1.41%
Elapsed time = 201.23 sec. (543757.34 ticks, tree = 7.84 MB, solutions = 11)
  23278  1121       44.2143    57       44.5060       44.0967  2684354    0.92%
  23522   985       44.2198    91       44.5060       44.1266  2703411    0.85%
  23761   903       44.1879   108       44.5060       44.1266  2724095    0.85%
  24005   855        cutoff             44.5060       44.1647  2745107    0.77%
  24326   741       44.1964    65       44.5060       44.1964  2764732    0.70%
  24676   542       44.2379    88       44.5060       44.2360  2784157    0.61%
  25009   457       44.2360    44       44.5060       44.2360  2802960    0.61%
  25438   393        cutoff             44.5060       44.2360  2823202    0.61%
  25886   160        cutoff             44.5060       44.3450  2836924    0.36%

GUB cover cuts applied:  7
Cover cuts applied:  92
Implied bound cuts applied:  11
Mixed integer rounding cuts applied:  2
Zero-half cuts applied:  23
Lift and project cuts applied:  1
Gomory fractional cuts applied:  17

Root node processing (before b&c):
  Real time             =    1.95 sec. (3869.81 ticks)
Sequential b&c:
  Real time             =  212.96 sec. (575547.05 ticks)
                          ------------
Total (root+branch&cut) =  214.91 sec. (579416.85 ticks)
Feasible solution found!
Truck nodes:
Stage 1 at customer 0 with arrival time is: 
Stage 2 at customer 1 with arrival time is: 
Stage 3 at customer 6 with arrival time is: 
Stage 4 at customer 2 with arrival time is: 
Stage 5 at customer 7 with arrival time is: 
Stage 6 at customer 5 with arrival time is: 
Stage 7 at customer 10 with arrival time is: 
Stage 8 at customer 4 with arrival time is: 
Stage 9 at customer 8 with arrival time is: 
Stage 10 at customer 11 with arrival time is: 
Truck arcs:
Arc 1 connecting 0 and 1 with cost 3.05404 
Arc 2 connecting 1 and 6 with cost 3.41898 
Arc 3 connecting 6 and 2 with cost 3.99917 
Arc 4 connecting 2 and 7 with cost 6.42059 
Arc 5 connecting 7 and 5 with cost 1.61466 
Arc 6 connecting 5 and 10 with cost 11.4906 
Arc 7 connecting 10 and 4 with cost 4.31275 
Arc 8 connecting 4 and 8 with cost 5.54215 
Arc 9 connecting 8 and 11 with cost 1.22306 
Customer 3 served by drone.
Drone fly from 7 at stage 5 to serve 3 and then fly back to 4 at stage 8. 
Truck arcs during this sortie: 7--->5--->10--->4
Truck travel time from stage 5 to 8 is: 17.418
Total drone travel time: 17.848
Customer 9 served by drone.
Drone fly from 0 at stage 1 to serve 9 and then fly back to 7 at stage 5. 
Truck arcs during this sortie: 0--->1--->6--->2--->7
Truck travel time from stage 1 to 5 is: 16.8928
Total drone travel time: 14.1095
Customer 3 served, start stage = 5, end stage = 8
Wait time for this sortie: 0.430015
Customer 9 served, start stage = 1, end stage = 5
Wait time for this sortie: 0
Printing Y(k,i,h):
Y[1][0][9] == 1
Y[5][7][3] == 1
Done!
-------------------------Re-calculated objective-----------------------
44.506
------------------------------------------------------------------------
Solve time: 214.906
OBJECTIVE VALUE: 44.506, NUMBER OF SORTIES: 0.
Number of loop(s):0
Number of revisit: 0
In write mode
