Instance name: /home/orlab/CLionProjects/RV-FSTSP/Murray_instances/FSTSP/FSTSP_10_customer_problems/20140810T123437v11
Write arg val: 1
Input is specified as type M: Murray instance.-.-.-.-.-.-.-.-.-.-.-.-.-.-.-.-.-.-.-.-

drone speed: 0.6 miles/minute
uav non-eligible customer: 10 
Printing tau:
0 14.2149 7.45597 18.1512 10.5846 15.145 14.669 14.3671 12.5333 1.31706 6.43835 0 
14.2149 0 18.3108 3.93636 13.7595 7.22991 8.18583 7.04774 13.7881 14.0919 12.0132 14.2149 
7.45597 18.3108 0 22.2472 4.55136 11.0809 10.125 11.2631 5.10923 6.13892 11.4943 7.45597 
18.1512 3.93636 22.2472 0 17.6958 11.1663 12.1222 10.9841 17.7245 18.0283 15.9496 18.1512 
10.5846 13.7595 4.55136 17.6958 0 6.52957 5.57365 6.71174 1.94864 9.26756 8.38296 10.5846 
15.145 7.22991 11.0809 11.1663 6.52957 0 0.955922 0.777831 6.55821 13.8279 12.9433 15.145 
14.669 8.18583 10.125 12.1222 5.57365 0.955922 0 1.13809 5.60229 13.352 12.4674 14.669 
14.3671 7.04774 11.2631 10.9841 6.71174 0.777831 1.13809 0 6.74038 13.0501 12.1655 14.3671 
12.5333 13.7881 5.10923 17.7245 1.94864 6.55821 5.60229 6.74038 0 11.2162 10.3316 12.5333 
1.31706 14.0919 6.13892 18.0283 9.26756 13.8279 13.352 13.0501 11.2162 0 7.2754 1.31706 
6.43835 12.0132 11.4943 15.9496 8.38296 12.9433 12.4674 12.1655 10.3316 7.2754 0 6.43835 
0 0 0 0 0 0 0 0 0 0 0 0 
Printing tau_prime:
0 9.81661 4.55002 12.627 5.35211 8.23243 7.83887 7.90477 6.33597 0.788193 3.43673 0 
9.81661 0 9.8583 2.81169 7.1874 3.68175 4.14083 3.56048 7.01565 9.64862 6.97631 9.81661 
4.55002 9.8583 0 12.4676 2.78952 6.81212 6.2789 6.6743 3.43429 3.76225 6.38332 4.55002 
12.627 2.81169 12.4676 0 9.72054 5.84064 6.37024 5.8678 9.39115 12.4582 9.71551 12.627 
5.35211 7.1874 2.78952 9.72054 0 4.02264 3.49008 3.89122 0.984316 4.68384 5.49765 5.35211 
8.23243 3.68175 6.81212 5.84064 4.02264 0 0.539342 0.403494 3.56539 7.79682 6.54069 8.23243 
7.83887 4.14083 6.2789 6.37024 3.49008 0.539342 0 0.594704 3.02824 7.37407 6.33485 7.83887 
7.90477 3.56048 6.6743 5.8678 3.89122 0.403494 0.594704 0 3.52816 7.49021 6.1456 7.90477 
6.33597 7.01565 3.43429 9.39115 0.984316 3.56539 3.02824 3.52816 0 5.66711 6.29515 6.33597 
0.788193 9.64862 3.76225 12.4582 4.68384 7.79682 7.37407 7.49021 5.66711 0 3.7017 0.788193 
3.43673 6.97631 6.38332 9.71551 5.49765 6.54069 6.33485 6.1456 6.29515 3.7017 0 3.43673 
0 0 0 0 0 0 0 0 0 0 0 0 
---------------------------------------------------------------
Current config:
- Number of threads = 1
- Drone endurance = 20
- SL = 1
- SR = 1
- L = 1
- Allow loop = 1
- Allow revisit = 1
- Allow multi-visit drone = 0
- Use TSP optimal solution as warmstart: = 0
- Use cutting plane method: = 0
- Use CPLEX conflict refiner: = 0
---------------------------------------------------------------
---------------------------------------------
Calculate max stage gap for sortie.... 
Stage gap calculation consumes too much memory. No constraint was added.
---------------------------------------------
Warning:  Output names have been modified due to duplicate names or characters invalid in LP format.
Version identifier: 22.1.1.0 | 2022-11-28 | 9160aff4d
CPXPARAM_Threads                                 1
CPXPARAM_TimeLimit                               3600
CPXPARAM_WorkMem                                 24576
Tried aggregator 3 times.
MIP Presolve eliminated 945 rows and 1381 columns.
MIP Presolve modified 2534 coefficients.
Aggregator did 25 substitutions.
Reduced MIP has 908 rows, 3762 columns, and 79399 nonzeros.
Reduced MIP has 3696 binaries, 0 generals, 0 SOSs, and 0 indicators.
Presolve time = 0.07 sec. (124.64 ticks)
Found incumbent of value 105.575030 after 0.10 sec. (170.02 ticks)
Probing time = 0.01 sec. (11.38 ticks)
Tried aggregator 2 times.
Detecting symmetries...
MIP Presolve eliminated 9 rows and 0 columns.
Aggregator did 9 substitutions.
Reduced MIP has 890 rows, 3753 columns, and 79117 nonzeros.
Reduced MIP has 3687 binaries, 0 generals, 0 SOSs, and 0 indicators.
Presolve time = 0.04 sec. (47.10 ticks)
Probing time = 0.00 sec. (10.88 ticks)
Clique table members: 39908.
MIP emphasis: balance optimality and feasibility.
MIP search method: dynamic search.
Parallel mode: none, using 1 thread.
Root relaxation solution time = 0.11 sec. (276.80 ticks)

        Nodes                                         Cuts/
   Node  Left     Objective  IInf  Best Integer    Best Bound    ItCnt     Gap

*     0+    0                          105.5750      -11.0000           110.42%
      0     0       16.4389   337      105.5750       16.4389     3483   84.43%
      0     0       26.4752   171      105.5750      Cuts: 29     4492   74.92%
      0     0       28.1353   174      105.5750      Cuts: 24     5484   73.35%
      0     0       28.3547   187      105.5750      Cuts: 34     6636   73.14%
*     0+    0                          105.5267       28.3547            73.13%
*     0+    0                          103.6723       28.3547            72.65%
*     0+    0                           99.1711       28.3547            71.41%
*     0+    0                           97.5430       28.3547            70.93%
*     0+    0                           96.5654       28.3547            70.64%
*     0+    0                           93.0591       28.3547            69.53%
      0     0  -1.00000e+75     0       93.0591       28.3547     6636   69.53%
      0     0       28.5520   169       93.0591      Cuts: 22     7250   69.32%
      0     0       28.5682   188       93.0591      Cuts: 23     7752   69.30%
Detecting symmetries...
      0     0       29.1050   194       93.0591      Cuts: 16     9238   68.72%
      0     0       30.1494   228       93.0591      Cuts: 22    10195   67.60%
      0     0       30.1565   247       93.0591      Cuts: 22    10480   67.59%
      0     0       30.3600   210       93.0591      Cuts: 19    11449   67.38%
      0     0       30.3815   234       93.0591      Cuts: 23    11796   67.35%
      0     0       30.3818   255       93.0591      Cuts: 19    12124   67.35%
      0     0       30.3864   221       93.0591       Cuts: 7    12364   67.35%
      0     0       30.3985   215       93.0591      Cuts: 13    13502   67.33%
      0     0       30.4040   205       93.0591      Cuts: 12    13692   67.33%
      0     0       30.4040   221       93.0591      Cuts: 16    14035   67.33%
Detecting symmetries...
      0     2       30.4040   206       93.0591       30.4043    14035   67.33%
Elapsed time = 1.93 sec. (4239.84 ticks, tree = 0.01 MB, solutions = 7)
      2     4       30.4157   234       93.0591       30.4188    16964   67.31%
      4     6       31.4582   134       93.0591       30.4952    21940   67.23%
      5     7       31.7529   159       93.0591       30.4952    27211   67.23%
      8    10       42.6115   135       93.0591       30.4952    32175   67.23%
*    10+   10                           79.7896       30.4952            61.78%
     10    12       42.4918   107       79.7896       30.4952    35030   61.78%
     13    15       43.0700   115       79.7896       30.4952    37735   61.78%
     17    19       32.7549   139       79.7896       30.4952    40590   61.78%
     22    24       32.7926   153       79.7896       30.4952    44222   61.78%
     28    30       43.8272    64       79.7896       30.4952    47448   61.78%
*    30+   30                           77.9971       30.4952            60.90%
     40    42       34.1796    88       77.9971       30.4952    54892   60.90%
Elapsed time = 3.42 sec. (8481.27 ticks, tree = 0.14 MB, solutions = 9)
     58    60       35.8947   125       77.9971       30.4952    66851   60.90%
     76    78       37.2216   143       77.9971       30.4952    77660   60.90%
     99    97       59.4235    64       77.9971       30.4952    90883   60.90%
    161   137       39.7259   131       77.9971       30.5073   100253   60.89%
*   200+  168                           77.4918       30.5073            60.63%
*   206   157      integral     0       68.9194       30.5073   111114   55.73%
    228   179       48.9691    79       68.9194       30.5644   120835   55.65%
    266   211       42.8958    17       68.9194       31.1205   131069   54.85%
*   280+  145                           49.1574       31.1205            36.69%
    339   202       31.1361   154       49.1574       31.1385   142293   36.66%
    370   221       48.0148    68       49.1574       31.1414   152290   36.65%
    382   228       37.9298   127       49.1574       31.1487   162207   36.63%
Elapsed time = 6.79 sec. (18138.94 ticks, tree = 0.56 MB, solutions = 12)
    415   241       40.4154   132       49.1574       31.1487   175180   36.63%
    458   252       37.0965   125       49.1574       31.4013   189095   36.12%
    527   279       31.4217   228       49.1574       31.4218   204622   36.08%
    538   288       44.2129   117       49.1574       31.4218   215165   36.08%
    585   312       31.4602   225       49.1574       31.4645   229178   35.99%
    600   327       37.0215    92       49.1574       31.4686   236161   35.98%
    631   358       40.3502   104       49.1574       31.4686   248008   35.98%
    662   389       43.6885    89       49.1574       31.4686   261330   35.98%
    675   398       45.1078   124       49.1574       31.4729   272048   35.98%
    690   407       32.1205   227       49.1574       31.7708   282826   35.37%
Elapsed time = 10.44 sec. (28892.23 ticks, tree = 0.93 MB, solutions = 12)
    716   425       42.6148   112       49.1574       31.8231   294898   35.26%
    752   457       37.8042   125       49.1574       31.8231   307061   35.26%
    787   490        cutoff             49.1574       31.8231   319469   35.26%
    799   500       38.3525   148       49.1574       31.8837   330020   35.14%
    846   541       38.0753   180       49.1574       31.8919   341225   35.12%
    865   560       47.1907    77       49.1574       31.8919   354423   35.12%
    919   590       33.0103   197       49.1574       32.2793   365740   34.33%
    931   602       35.4622   181       49.1574       32.2793   372715   34.33%

Performing restart 1

Repeating presolve.
Tried aggregator 1 time.
MIP Presolve eliminated 2 rows and 113 columns.
MIP Presolve modified 54 coefficients.
Reduced MIP has 888 rows, 3640 columns, and 74517 nonzeros.
Reduced MIP has 3574 binaries, 0 generals, 0 SOSs, and 0 indicators.
Presolve time = 0.03 sec. (48.01 ticks)
Tried aggregator 1 time.
Reduced MIP has 888 rows, 3640 columns, and 74517 nonzeros.
Reduced MIP has 3574 binaries, 0 generals, 0 SOSs, and 0 indicators.
Presolve time = 0.03 sec. (36.32 ticks)
Represolve time = 0.11 sec. (239.54 ticks)
    944     0       30.2276   280       49.1574      Cuts: 14   384567   34.33%
    944     0       30.2277   290       49.1574      Cuts: 14   385664   34.33%
    944     0       30.4170   232       49.1574      Cuts: 10   389478   34.33%
    944     0       30.4170   249       49.1574      Cuts: 28   391090   34.33%
    944     0       30.4170   204       49.1574       Cuts: 8   391288   34.33%
    944     0       30.4170   221       49.1574      Cuts: 13   392560   34.33%
    944     2       30.4170   193       49.1574       32.2793   392560   34.33%
    945     3       30.4989   246       49.1574       32.2793   394366   34.33%
Elapsed time = 18.99 sec. (52142.94 ticks, tree = 0.01 MB, solutions = 12)
    946     4       31.4582   129       49.1574       32.2793   396048   34.33%
    947     5       31.6194   125       49.1574       32.2793   396107   34.33%
    948     5       43.7245   113       49.1574       32.2793   397167   34.33%
    950     7       43.7245    75       49.1574       32.2793   397301   34.33%
    953     9       43.9706    69       49.1574       32.2793   397640   34.33%
    959    13       44.0530    99       49.1574       32.2793   398949   34.33%
    962    15       44.0886   102       49.1574       32.2793   399426   34.33%
    972    22       45.0975    42       49.1574       32.2793   400408   34.33%
    986    24       30.9737   118       49.1574       32.2793   402755   34.33%
    987    25       31.0991   189       49.1574       32.2793   403470   34.33%
Elapsed time = 24.12 sec. (66429.53 ticks, tree = 0.05 MB, solutions = 12)
    988    26       31.0993   181       49.1574       32.2793   403486   34.33%
    989    26       42.4604   124       49.1574       32.2793   405506   34.33%
    992    27       42.8086   143       49.1574       32.2793   406856   34.33%
    999    32       43.7410    68       49.1574       32.2793   408345   34.33%
   1002    32       34.7438   259       49.1574       32.2793   409719   34.33%
   1003    33       37.4125   182       49.1574       32.2793   411338   34.33%
   1004    34       37.5029   152       49.1574       32.2793   411950   34.33%
   1006    36       37.6535   155       49.1574       32.2793   413664   34.33%
   1008    38       37.8715   167       49.1574       32.2793   415310   34.33%
   1011    41       37.9797   166       49.1574       32.2793   415894   34.33%
Elapsed time = 29.74 sec. (81498.94 ticks, tree = 0.12 MB, solutions = 12)
   1012    42       38.0681   175       49.1574       32.2793   417230   34.33%
   1016    45       38.1331   161       49.1574       32.2793   417622   34.33%
   1020    49       38.3351    88       49.1574       32.2793   418628   34.33%
   1023    52       38.3353   186       49.1574       32.2793   420993   34.33%
   1024    53       38.3390   191       49.1574       32.2793   422753   34.33%
   1028    57       38.3452   242       49.1574       32.2793   424116   34.33%
   1034    63       38.3531   198       49.1574       32.2793   425231   34.33%
   1039    68       38.3610   202       49.1574       32.2793   426266   34.33%
   1045    71       38.3880   206       49.1574       32.2793   427680   34.33%
   1052    77       38.4052   170       49.1574       32.2793   428815   34.33%
Elapsed time = 35.64 sec. (97448.73 ticks, tree = 0.18 MB, solutions = 12)
   1055    80       38.4112   198       49.1574       32.2793   431418   34.33%
   1069    94       38.4527   206       49.1574       32.2793   434611   34.33%
   1084   107       38.5477   181       49.1574       32.2793   434892   34.33%
   1095   116       38.5965   136       49.1574       32.2793   435857   34.33%
   1101   121       38.8250   162       49.1574       32.2793   438212   34.33%
   1103   122       39.2217   125       49.1574       32.2793   440887   34.33%
   1104   122       39.4788   127       49.1574       32.2793   442672   34.33%
   1113   131       39.8467   164       49.1574       32.2793   443893   34.33%
   1116   134       43.6711   206       49.1574       32.2793   445978   34.33%
   1118   134       46.3336   168       49.1574       32.2793   448556   34.33%
Elapsed time = 39.96 sec. (108770.59 ticks, tree = 0.28 MB, solutions = 12)
   1120   134       31.2146   193       49.1574       32.2793   450066   34.33%
   1125   139       31.3512   183       49.1574       32.2793   451529   34.33%
   1130   144       32.1039   172       49.1574       32.2793   453742   34.33%
   1133   147       32.3371   124       49.1574       32.2793   455424   34.33%
   1138   152       32.9853   159       49.1574       32.2793   456723   34.33%
   1142   156       33.6312   179       49.1574       32.2793   459035   34.33%
   1153   167       34.4040   205       49.1574       32.2793   461509   34.33%
   1161   174       35.3480   183       49.1574       32.2793   464694   34.33%
   1171   181       35.6577   160       49.1574       32.2793   465434   34.33%
   1178   188       36.5873   170       49.1574       32.2793   467345   34.33%
Elapsed time = 44.74 sec. (122011.88 ticks, tree = 0.36 MB, solutions = 12)
   1191   200       37.8451   147       49.1574       32.2793   470713   34.33%
   1204   211       38.9333   152       49.1574       32.2793   472500   34.33%
   1210   216       39.5310   131       49.1574       32.2793   474824   34.33%
   1236   233       40.0878   147       49.1574       32.2793   476156   34.33%
   1247   242       41.5385   128       49.1574       32.2793   478061   34.33%
   1264   252       42.4628   105       49.1574       32.2793   481096   34.33%
   1277   265       44.4216    85       49.1574       32.2793   485479   34.33%
   1292   271       42.9186    75       49.1574       32.2793   491307   34.33%
   1306   281       43.5689    79       49.1574       32.2793   496526   34.33%
   1400   346       34.0787   165       49.1574       32.2793   513714   34.33%
Elapsed time = 49.63 sec. (135193.00 ticks, tree = 0.70 MB, solutions = 12)
   1490   428       40.9089   137       49.1574       32.2793   527237   34.33%
   1581   498       43.4919   102       49.1574       32.2793   547708   34.33%
   1697   586       42.5960   115       49.1574       32.2793   561792   34.33%
   1866   717       43.0005    96       49.1574       32.2793   578128   34.33%
   2071   886       44.7572    69       49.1574       32.3941   599652   34.10%
   2185   972       44.4695   114       49.1574       32.8168   617224   33.24%
   2291  1048       43.8705    92       49.1574       33.3447   635095   32.17%
   2435  1168       48.6464   113       49.1574       33.5787   657592   31.69%
   2542  1236       39.7684   112       49.1574       33.9269   677569   30.98%
   2680  1322       45.2226    65       49.1574       34.4311   696969   29.96%
Elapsed time = 64.10 sec. (174516.10 ticks, tree = 4.91 MB, solutions = 12)
   2790  1396       48.0783    65       49.1574       34.6127   714624   29.59%
   2891  1455       44.6289    85       49.1574       34.6756   729324   29.46%
   3014  1522       46.3070   137       49.1574       34.9611   749462   28.88%
   3093  1570       46.6271   106       49.1574       35.4861   763515   27.81%
   3150  1598       39.7687   132       49.1574       35.7721   781684   27.23%
   3274  1688       38.3089    84       49.1574       36.0788   798369   26.61%
   3495  1847       40.3494   114       49.1574       36.7754   822503   25.19%
   3632  1930       45.0325    53       49.1574       37.2763   844838   24.17%
   3824  2050       48.4914    97       49.1574       37.3374   867728   24.05%
   3983  2169       45.0505   115       49.1574       37.5411   887901   23.63%
Elapsed time = 78.74 sec. (213571.69 ticks, tree = 10.85 MB, solutions = 12)
   4215  2360       48.8958    59       49.1574       37.7056   908004   23.30%
   4343  2432       47.7937    86       49.1574       37.9797   928349   22.74%
   4598  2637       42.8580    74       49.1574       38.0375   951615   22.62%
   4825  2843       44.8958    27       49.1574       38.0719   970416   22.55%
   5033  3017       40.9598   109       49.1574       38.1300   991705   22.43%
   5256  3177       43.5310    69       49.1574       38.2497  1017917   22.19%
   5599  3466       39.4637   136       49.1574       38.2746  1038779   22.14%
   5913  3723       44.4558    31       49.1574       38.3351  1061656   22.02%
   6156  3914       39.1625    75       49.1574       38.3351  1079452   22.02%
   6375  4070       39.0739    76       49.1574       38.3351  1092330   22.02%
Elapsed time = 93.11 sec. (252188.74 ticks, tree = 22.54 MB, solutions = 12)
   6654  4255       45.9053    69       49.1574       38.3351  1110363   22.02%
   6861  4398       38.5560    94       49.1574       38.3351  1129605   22.02%
   7108  4588       44.3668   116       49.1574       38.3351  1153327   22.02%
   7363  4783       44.0586    52       49.1574       38.3380  1176778   22.01%
   7639  4993       44.9421    74       49.1574       38.3593  1195867   21.97%
   7878  5166        cutoff             49.1574       38.4167  1218944   21.85%
   8073  5311       45.9710   144       49.1574       38.4350  1245779   21.81%
   8207  5381       39.1201   147       49.1574       38.4568  1266902   21.77%
   8466  5561        cutoff             49.1574       38.4766  1292521   21.73%
   8668  5702       45.0017    19       49.1574       38.5113  1313871   21.66%
Elapsed time = 107.45 sec. (290736.19 ticks, tree = 33.91 MB, solutions = 12)
   8922  5891       47.3931    32       49.1574       38.5354  1334727   21.61%
   9052  5968       41.1770   127       49.1574       38.5560  1359534   21.57%
   9278  6112       47.5621    72       49.1574       38.5889  1381669   21.50%
   9415  6186       48.8958    90       49.1574       38.6090  1397081   21.46%
   9556  6262       45.5334    65       49.1574       38.6496  1413911   21.38%
   9786  6402       46.8775    64       49.1574       38.6734  1432348   21.33%
   9937  6494       42.6241    57       49.1574       38.6919  1452987   21.29%
  10228  6683       48.4331    56       49.1574       38.7198  1472685   21.23%
* 10414+ 5992                           47.8874       38.7633            19.05%
  10444  6005       39.7145    91       47.8874       38.7702  1491945   19.04%
  10692  6114       46.0550   106       47.8874       38.8433  1511995   18.89%
Elapsed time = 122.10 sec. (329527.32 ticks, tree = 36.15 MB, solutions = 13)
  10935  6246       47.6256    79       47.8874       38.9141  1533895   18.74%
  11109  6316       47.4731    33       47.8874       38.9678  1552026   18.63%
  11341  6453       40.7892   114       47.8874       38.9954  1572485   18.57%
  11528  6541       47.4445    51       47.8874       39.0439  1595160   18.47%
  11723  6644       47.5625    56       47.8874       39.0890  1614309   18.37%
  11955  6729       46.4767    91       47.8874       39.1650  1636748   18.21%
  12073  6788       43.9839    69       47.8874       39.1793  1652227   18.18%
* 12113  5915      integral     0       47.2413       39.1924  1655907   17.04%
* 12216  4382      integral     0       45.8251       39.2351  1664073   14.38%
  12280  4372       44.6220    76       45.8251       39.3104  1675435   14.22%
  12455  4414        cutoff             45.8251       39.3753  1693969   14.07%
Elapsed time = 135.64 sec. (365379.83 ticks, tree = 25.55 MB, solutions = 15)
  12716  4501        cutoff             45.8251       39.4731  1715172   13.86%
  12874  4545       44.5036   121       45.8251       39.5801  1737126   13.63%
  13028  4557       40.4235   184       45.8251       39.6877  1757370   13.39%
  13241  4676       41.7142    72       45.8251       39.7259  1780903   13.31%
  13475  4815       41.3811   116       45.8251       39.7602  1800469   13.23%
  13643  4889       44.9408    49       45.8251       39.8015  1822492   13.14%
  13796  4949        cutoff             45.8251       39.8312  1841854   13.08%
  13944  5009       41.4699   105       45.8251       39.8787  1859763   12.98%
  14127  5010       40.8844    96       45.8251       39.9517  1883339   12.82%
  14311  5032       40.1214    84       45.8251       39.9953  1904097   12.72%
Elapsed time = 150.46 sec. (404247.15 ticks, tree = 28.74 MB, solutions = 15)
  14524  5046        cutoff             45.8251       40.1002  1928436   12.49%
  14652  5051       40.3112    94       45.8251       40.1482  1946644   12.39%
  14830  5080       44.0329   118       45.8251       40.2130  1972042   12.25%
  14990  5138        cutoff             45.8251       40.2573  1992718   12.15%
  15106  5126       40.3032    57       45.8251       40.3032  2010666   12.05%
  15278  5196       41.7259    67       45.8251       40.3138  2025251   12.03%
  15487  5244       41.6035   111       45.8251       40.3427  2048424   11.96%
  15684  5258       44.2026    69       45.8251       40.4329  2067819   11.77%
  15855  5232       40.8687   100       45.8251       40.5228  2087604   11.57%
  16022  5268       43.4963   114       45.8251       40.5785  2104062   11.45%
Elapsed time = 165.28 sec. (442761.58 ticks, tree = 30.97 MB, solutions = 15)
  16256  5262        cutoff             45.8251       40.6832  2125318   11.22%
  16435  5238       42.6620    93       45.8251       40.7591  2146290   11.05%
  16606  5206       43.6679   150       45.8251       40.8469  2166674   10.86%
  16780  5154        cutoff             45.8251       40.9395  2184218   10.66%
  16927  5150       45.4731    64       45.8251       41.0068  2202489   10.51%
  17168  5100       44.8958    20       45.8251       41.1382  2224041   10.23%
  17342  5067        cutoff             45.8251       41.2158  2245172   10.06%
  17542  5047        cutoff             45.8251       41.2969  2271425    9.88%
  17662  5005       44.6131    79       45.8251       41.3559  2291395    9.75%
  17818  5021       45.2295   127       45.8251       41.3982  2309254    9.66%
Elapsed time = 180.28 sec. (481445.59 ticks, tree = 29.34 MB, solutions = 15)
  17991  4959       43.7605    80       45.8251       41.4987  2328247    9.44%
  18266  4908       42.5420   155       45.8251       41.6234  2349848    9.17%
  18476  4806       44.4573    54       45.8251       41.7942  2370457    8.80%
  18735  4705       42.5079    77       45.8251       41.9907  2392237    8.37%
  18872  4643       45.6130   110       45.8251       42.0731  2410508    8.19%
  19072  4595        cutoff             45.8251       42.2132  2428371    7.88%
  19249  4556        cutoff             45.8251       42.2678  2449369    7.76%
  19386  4514       43.6849    86       45.8251       42.3032  2466455    7.69%
  19500  4466       43.5851    67       45.8251       42.3546  2479797    7.57%
  19767  4511        cutoff             45.8251       42.4290  2498612    7.41%
Elapsed time = 195.31 sec. (519897.59 ticks, tree = 25.30 MB, solutions = 15)
  19960  4465       45.0652    60       45.8251       42.5132  2518625    7.23%
  20145  4406       44.8958    12       45.8251       42.6191  2540397    7.00%
  20437  4500       43.6339   125       45.8251       42.6795  2558957    6.86%
  20733  4635       43.2675    53       45.8251       42.7177  2583334    6.78%
  20983  4728        cutoff             45.8251       42.7730  2604997    6.66%
  21192  4760       44.0066    87       45.8251       42.8345  2627989    6.53%
  21548  4947       45.7938    45       45.8251       42.8911  2648873    6.40%
* 21626     0      integral     0       42.8958       42.8958  2654608    0.00%

GUB cover cuts applied:  3
Clique cuts applied:  1
Cover cuts applied:  17
Implied bound cuts applied:  11
Mixed integer rounding cuts applied:  7
Zero-half cuts applied:  17
Gomory fractional cuts applied:  7

Root node processing (before b&c):
  Real time             =    1.91 sec. (4160.22 ticks)
Sequential b&c:
  Real time             =  204.03 sec. (543493.28 ticks)
                          ------------
Total (root+branch&cut) =  205.94 sec. (547653.50 ticks)
Feasible solution found!
Truck nodes:
Stage 1 at customer 0 with arrival time is: 
Stage 2 at customer 10 with arrival time is: 
Stage 3 at customer 7 with arrival time is: 
Stage 4 at customer 7 with arrival time is: 
Stage 5 at customer 5 with arrival time is: 
Stage 6 at customer 6 with arrival time is: 
Stage 7 at customer 8 with arrival time is: 
Stage 8 at customer 4 with arrival time is: 
Stage 9 at customer 2 with arrival time is: 
Stage 10 at customer 9 with arrival time is: 
Stage 11 at customer 11 with arrival time is: 
Truck arcs:
Arc 1 connecting 0 and 10 with cost 6.43835 
Arc 2 connecting 10 and 7 with cost 12.1655 
Arc 3 connecting 7 and 7 with cost 0 
Arc 4 connecting 7 and 5 with cost 0.777831 
Arc 5 connecting 5 and 6 with cost 0.955922 
Arc 6 connecting 6 and 8 with cost 5.60229 
Arc 7 connecting 8 and 4 with cost 1.94864 
Arc 8 connecting 4 and 2 with cost 4.55136 
Arc 9 connecting 2 and 9 with cost 6.13892 
Arc 10 connecting 9 and 11 with cost 1.31706 
Customer 1 served by drone.
Drone fly from 7 at stage 4 to serve 1 and then fly back to 2 at stage 9. 
Truck arcs during this sortie: 7--->5--->6--->8--->4--->2
Truck travel time from stage 4 to 9 is: 13.836
Total drone travel time: 13.4188
Customer 3 served by drone.
Drone fly from 0 at stage 1 to serve 3 and then fly back to 7 at stage 3. 
Truck arcs during this sortie: 0--->10--->7
Truck travel time from stage 1 to 3 is: 18.6038
Total drone travel time: 18.4948
Customer 1 served, start stage = 4, end stage = 9
Wait time for this sortie: 0
Customer 3 served, start stage = 1, end stage = 3
Wait time for this sortie: 0
Printing Y(k,i,h):
Y[1][0][3] == 1
Y[4][7][1] == 1
Done!
-------------------------Re-calculated objective-----------------------
42.8958
------------------------------------------------------------------------
Solve time: 205.941
Node 7 was revisited 1 times!
OBJECTIVE VALUE: 42.8958, NUMBER OF SORTIES: 0.
Number of loop(s):0
Number of revisit: 1
In write mode
