Instance name: /home/orlab/CLionProjects/RV-FSTSP/Murray_instances/FSTSP/FSTSP_10_customer_problems/20140810T123443v11
Write arg val: 1
Input is specified as type M: Murray instance.-.-.-.-.-.-.-.-.-.-.-.-.-.-.-.-.-.-.-.-

drone speed: 0.6 miles/minute
uav non-eligible customer: 4 8 
Printing tau:
0 13.7617 11.155 18.3489 20.448 15.6899 15.6816 15.9793 10.6796 13.1667 9.91531 0 
13.7617 0 8.59672 16.5872 14.8463 1.92825 1.9199 7.49765 3.32128 11.405 7.04299 13.7617 
11.155 8.59672 0 25.184 23.443 8.42508 9.39342 16.0944 11.7546 20.0018 15.6397 11.155 
18.3489 16.5872 25.184 0 20.0769 16.7589 15.7905 15.6083 13.4294 5.1822 10.0243 18.3489 
20.448 14.8463 23.443 20.0769 0 15.0179 14.0496 7.34864 11.6884 17.2947 10.5327 20.448 
15.6899 1.92825 8.42508 16.7589 15.0179 0 0.968346 7.66929 5.01036 12.5367 7.21463 15.6899 
15.6816 1.9199 9.39342 15.7905 14.0496 0.968346 0 6.70095 5.00201 12.5283 6.24629 15.6816 
15.9793 7.49765 16.0944 15.6083 7.34864 7.66929 6.70095 0 5.29976 12.8261 6.06403 15.9793 
10.6796 3.32128 11.7546 13.4294 11.6884 5.01036 5.00201 5.29976 0 8.24716 3.8851 10.6796 
13.1667 11.405 20.0018 5.1822 17.2947 12.5367 12.5283 12.8261 8.24716 0 6.76206 13.1667 
9.91531 7.04299 15.6397 10.0243 10.5327 7.21463 6.24629 6.06403 3.8851 6.76206 0 9.91531 
0 0 0 0 0 0 0 0 0 0 0 0 
Printing tau_prime:
0 7.00743 6.60767 9.26951 13.3051 7.96521 8.02512 9.32786 5.9388 6.83826 6.69747 0 
7.00743 0 4.53721 10.7671 8.22389 0.977764 1.04987 3.94906 2.22874 7.86711 4.05316 7.00743 
6.60767 4.53721 0 13.8369 12.7369 4.83259 5.26653 8.48623 5.94183 10.8808 7.92402 6.60767 
9.26951 10.7671 13.8369 0 10.1784 11.4679 11.1089 9.12274 8.55077 2.97077 6.81733 9.26951 
13.3051 8.22389 12.7369 10.1784 0 7.95679 7.49335 4.34398 7.69376 8.9064 6.62071 13.3051 
7.96521 0.977764 4.83259 11.4679 7.95679 0 0.489107 3.87634 3.03842 8.61874 4.66744 7.96521 
8.02512 1.04987 5.26653 11.1089 7.49335 0.489107 0 3.38783 2.79373 8.29151 4.29363 8.02512 
9.32786 3.94906 8.48623 9.12274 4.34398 3.87634 3.38783 0 3.45972 6.7721 3.0714 9.32786 
5.9388 2.22874 5.94183 8.55077 7.69376 3.03842 2.79373 3.45972 0 5.63927 1.99988 5.9388 
6.83826 7.86711 10.8808 2.97077 8.9064 8.61874 8.29151 6.7721 5.63927 0 4.06431 6.83826 
6.69747 4.05316 7.92402 6.81733 6.62071 4.66744 4.29363 3.0714 1.99988 4.06431 0 6.69747 
0 0 0 0 0 0 0 0 0 0 0 0 
---------------------------------------------------------------
Current config:
- Number of threads = 1
- Drone endurance = 20
- SL = 1
- SR = 1
- L = 1
- Allow loop = 1
- Allow revisit = 1
- Allow multi-visit drone = 0
- Use TSP optimal solution as warmstart: = 0
- Use cutting plane method: = 0
- Use CPLEX conflict refiner: = 0
---------------------------------------------------------------
---------------------------------------------
Calculate max stage gap for sortie.... 
Stage gap calculation consumes too much memory. No constraint was added.
---------------------------------------------
Warning:  Output names have been modified due to duplicate names or characters invalid in LP format.
Version identifier: 22.1.1.0 | 2022-11-28 | 9160aff4d
CPXPARAM_Threads                                 1
CPXPARAM_TimeLimit                               3600
CPXPARAM_WorkMem                                 24576
Tried aggregator 3 times.
MIP Presolve eliminated 968 rows and 1649 columns.
MIP Presolve modified 2230 coefficients.
Aggregator did 25 substitutions.
Reduced MIP has 886 rows, 3494 columns, and 77469 nonzeros.
Reduced MIP has 3428 binaries, 0 generals, 0 SOSs, and 0 indicators.
Presolve time = 0.07 sec. (125.83 ticks)
Found incumbent of value 140.475413 after 0.09 sec. (167.26 ticks)
Probing fixed 16 vars, tightened 0 bounds.
Probing time = 0.04 sec. (149.18 ticks)
Tried aggregator 2 times.
Detecting symmetries...
MIP Presolve eliminated 10 rows and 16 columns.
MIP Presolve modified 2 coefficients.
Aggregator did 9 substitutions.
Reduced MIP has 867 rows, 3469 columns, and 77055 nonzeros.
Reduced MIP has 3403 binaries, 0 generals, 0 SOSs, and 0 indicators.
Presolve time = 0.04 sec. (52.66 ticks)
Probing time = 0.00 sec. (9.84 ticks)
Clique table members: 35732.
MIP emphasis: balance optimality and feasibility.
MIP search method: dynamic search.
Parallel mode: none, using 1 thread.
Root relaxation solution time = 0.10 sec. (241.46 ticks)

        Nodes                                         Cuts/
   Node  Left     Objective  IInf  Best Integer    Best Bound    ItCnt     Gap

*     0+    0                          140.4754      -11.0000           107.83%
      0     0       21.7879   291      140.4754       21.7879     2988   84.49%
      0     0       43.1621   186      140.4754      Cuts: 22     4339   69.27%
      0     0       46.1064   195      140.4754      Cuts: 28     5060   67.18%
      0     0       46.1064   181      140.4754       Cuts: 7     5260   67.18%
*     0+    0                          138.4754       46.1064            66.70%
*     0+    0                          107.2561       46.1064            57.01%
*     0+    0                          100.0730       46.1064            53.93%
*     0+    0                           94.5338       46.1064            51.23%
      0     0  -1.00000e+75     0       94.5338       46.1064     5260   51.23%
      0     0       46.2820   189       94.5338       Cuts: 9     5375   51.04%
      0     0       46.4131   203       94.5338       Cuts: 8     5508   50.90%
Detecting symmetries...
      0     0       46.5857   192       94.5338      Cuts: 20     5933   50.72%
      0     0       46.6881   174       94.5338      Cuts: 12     6041   50.61%
      0     0       46.9880   189       94.5338      Cuts: 10     6302   50.30%
      0     0       46.9880   209       94.5338   ZeroHalf: 8     6525   50.30%
      0     0       48.1907   218       94.5338      Cuts: 14     7859   49.02%
      0     0       48.6278   210       94.5338  ZeroHalf: 16     8221   48.56%
      0     0       48.6756   242       94.5338  ZeroHalf: 12     8662   48.51%
      0     0       48.6837   247       94.5338      Cuts: 12     9125   48.50%
      0     0       48.7318   211       94.5338      Cuts: 11     9591   48.45%
      0     0       48.7638   250       94.5338      Cuts: 10    10052   48.42%
      0     0       48.7639   277       94.5338      Cuts: 11    10480   48.42%
*     0+    0                           72.3183       48.7639            32.57%
Detecting symmetries...
      0     2       48.7639   233       72.3183       48.7700    10480   32.56%
Elapsed time = 2.01 sec. (4180.35 ticks, tree = 0.01 MB, solutions = 6)
      3     5       50.3340   164       72.3183       49.0797    13209   32.13%
      7     9       54.9663   155       72.3183       49.0797    19200   32.13%
     11    13       51.0262   166       72.3183       49.0797    21357   32.13%
     14    16       54.6381   110       72.3183       49.0797    25484   32.13%
     19    21       55.5066    88       72.3183       49.0797    28722   32.13%
     27    29       55.9395    63       72.3183       49.0797    32023   32.13%
     82    63       63.2991    52       72.3183       49.0797    35974   32.13%
    100    72       50.3847   156       72.3183       49.3557    39020   31.75%
    103    75       51.4978   270       72.3183       49.3557    42329   31.75%
    141   109       56.7714   109       72.3183       49.3557    54876   31.75%
Elapsed time = 3.29 sec. (7721.62 ticks, tree = 0.21 MB, solutions = 6)
    185   147       58.3029   100       72.3183       49.6391    67703   31.36%
    200   162       67.1056   126       72.3183       49.6391    79273   31.36%
    220   179       52.8462   117       72.3183       49.9393    88518   30.95%
    278   231       54.7760    51       72.3183       50.4180    99040   30.28%
    329   277       56.6960    45       72.3183       50.4841   108893   30.19%
    386   326       61.4130   121       72.3183       50.5298   118566   30.13%
    437   370       56.8301   123       72.3183       50.6224   129466   30.00%

Performing restart 1

Repeating presolve.
Tried aggregator 1 time.
MIP Presolve eliminated 2 rows and 40 columns.
MIP Presolve modified 398 coefficients.
Reduced MIP has 865 rows, 3429 columns, and 75679 nonzeros.
Reduced MIP has 3363 binaries, 0 generals, 0 SOSs, and 0 indicators.
Presolve time = 0.03 sec. (49.92 ticks)
Tried aggregator 1 time.
Reduced MIP has 865 rows, 3429 columns, and 75679 nonzeros.
Reduced MIP has 3363 binaries, 0 generals, 0 SOSs, and 0 indicators.
Presolve time = 0.03 sec. (38.02 ticks)
Represolve time = 0.11 sec. (233.28 ticks)
    480     0       47.7461   224       72.3183       Cuts: 7   143846   29.93%
    480     0       48.7439   233       72.3183      Cuts: 19   145412   29.93%
    480     0       49.0898   275       72.3183      Cuts: 25   146592   29.93%
*   480+    0                           70.6099       50.6717            28.24%
    480     0       49.0964   281       70.6099      Cuts: 12   146982   28.24%
    480     0       49.1080   213       70.6099       Cuts: 5   147129   28.24%
    480     0       49.1080   249       70.6099      Cuts: 24   147481   28.24%
    480     0       49.1119   252       70.6099   ZeroHalf: 3   147906   28.24%
    480     0       49.1126   237       70.6099       Cuts: 4   148254   28.24%
    480     0       49.7734   265       70.6099      Cuts: 18   152057   28.24%
    480     0       49.7766   267       70.6099      Cuts: 13   152847   28.24%
    480     2       49.7766   224       70.6099       50.6717   152847   28.24%
    481     3       49.8164   240       70.6099       50.6717   154051   28.24%
    482     4       50.0339   240       70.6099       50.6717   155687   28.24%
Elapsed time = 11.21 sec. (29430.64 ticks, tree = 0.01 MB, solutions = 7)
    483     5       54.4976   176       70.6099       50.6717   157363   28.24%
    484     6       50.3759   213       70.6099       50.6717   159332   28.24%
    485     7       50.7843   215       70.6099       50.6717   160796   28.24%
    486     8       51.1238   221       70.6099       50.6717   164706   28.24%
    487     9       51.1794   234       70.6099       50.6717   167754   28.24%
    489    11       55.5914   131       70.6099       50.6717   170114   28.24%
    491    13       51.4120   221       70.6099       50.6717   171161   28.24%
    493    15       51.8770   227       70.6099       50.6717   172404   28.24%
    494    16       52.5285   217       70.6099       50.6717   173556   28.24%
    495    17       52.5935   230       70.6099       50.6717   174440   28.24%
Elapsed time = 16.72 sec. (45624.87 ticks, tree = 0.04 MB, solutions = 7)
    497    19       52.7089   216       70.6099       50.6717   175270   28.24%
    498    20       55.8160    75       70.6099       50.6717   177020   28.24%
    499    21       52.8434   234       70.6099       50.6717   178019   28.24%
    501    23       52.9223   197       70.6099       50.6717   179790   28.24%
    503    25       54.7760    63       70.6099       50.6717   181459   28.24%
    512    34       54.7760    71       70.6099       50.6717   184344   28.24%
    532    54       54.7760    38       70.6099       50.6717   188514   28.24%
    559    81       54.8727    82       70.6099       50.6717   194176   28.24%
    570    92       63.0812    54       70.6099       50.6717   198371   28.24%
    586   104       65.2229    51       70.6099       50.6717   201368   28.24%
Elapsed time = 20.46 sec. (56038.68 ticks, tree = 0.18 MB, solutions = 7)
    598   110       54.1360   117       70.6099       50.7843   203840   28.08%
    606   118       54.7760    42       70.6099       50.7843   207009   28.08%
    633   143       54.7793    84       70.6099       50.7843   212891   28.08%
    661   168       58.6960    54       70.6099       50.7843   217913   28.08%
    695   195       54.7760    45       70.6099       51.3565   222978   27.27%
    740   240       54.7760    51       70.6099       51.3565   228828   27.27%
    782   280       54.9877    66       70.6099       51.3565   230181   27.27%
    808   294       53.6055   163       70.6099       51.3871   232461   27.22%
    820   306       54.5538    59       70.6099       51.3871   236227   27.22%
    831   317       57.2002    88       70.6099       51.3871   240288   27.22%
Elapsed time = 24.10 sec. (66093.12 ticks, tree = 0.58 MB, solutions = 7)
    871   357       57.3911    91       70.6099       51.3871   244097   27.22%
    949   416       57.0687    86       70.6099       51.4381   247646   27.15%
    994   461       57.6928   108       70.6099       51.4381   251976   27.15%
*  1000+  463                           67.5634       51.4381            23.87%
   1024   485       62.4382    49       67.5634       51.4381   254771   23.87%
   1051   497       54.9601   151       67.5634       51.4429   258716   23.86%
   1064   510       56.7979    78       67.5634       51.4429   263089   23.86%
   1104   539       56.8327   115       67.5634       51.5928   268854   23.64%
   1124   559       60.2157    65       67.5634       51.5928   273503   23.64%
   1156   582       58.4350    67       67.5634       52.2510   279974   22.66%
   1196   619       59.4962    96       67.5634       52.2510   284701   22.66%
Elapsed time = 27.87 sec. (76393.72 ticks, tree = 1.13 MB, solutions = 8)
   1250   667       54.7760   127       67.5634       52.6021   289863   22.14%
   1268   685       57.1024   129       67.5634       52.6021   295681   22.14%
   1316   719       56.5060   146       67.5634       52.6809   299363   22.03%
   1325   728       58.0216   130       67.5634       52.6809   303718   22.03%
   1333   736       58.3482   147       67.5634       52.6809   305682   22.03%
   1345   748       59.0137   133       67.5634       52.6809   307638   22.03%
   1399   793       58.1092    93       67.5634       52.7982   316595   21.85%
   1409   803       61.7734    85       67.5634       52.7982   319064   21.85%
   1477   856       55.6293   117       67.5634       52.8620   323742   21.76%
   1502   881       55.8160    61       67.5634       52.8620   326895   21.76%
Elapsed time = 31.47 sec. (86530.61 ticks, tree = 1.60 MB, solutions = 8)
   1590   962       57.2447   103       67.5634       52.8620   330097   21.76%
   1634   998       64.5063    75       67.5634       52.9240   335919   21.67%
   1654  1013       53.4682   198       67.5634       52.9917   340049   21.57%
   1657  1013       64.8535   164       67.5634       52.9917   342852   21.57%
   1673  1017       56.3950    58       67.5634       53.1673   345499   21.31%
   1691  1035       56.8950    28       67.5634       53.1673   350786   21.31%
*  1708  1040      integral     0       67.4085       53.1673   352381   21.13%
   1718  1049       55.8160   102       67.4085       53.1673   356628   21.13%
   1758  1080       57.4540    94       67.4085       53.1673   359458   21.13%
   1785  1095       54.4091   104       67.4085       53.1861   365828   21.10%
*  1808+  530                           57.3823       53.1861             7.31%
   1812   531       54.5094   152       57.3823       53.2097   372153    7.27%
Elapsed time = 34.99 sec. (96430.59 ticks, tree = 0.99 MB, solutions = 10)
   1845   551       54.7182   124       57.3823       53.2097   377392    7.27%
   1906   583       53.9735   175       57.3823       53.2423   385345    7.21%
   1951   618       55.3510   103       57.3823       53.2492   393339    7.20%
   1981   634       54.4449   115       57.3823       53.2533   399162    7.20%
   2012   657       55.8160    71       57.3823       53.2679   405613    7.17%
   2024   666       56.4134    62       57.3823       53.2790   409272    7.15%
   2048   682       53.9001   163       57.3823       53.3039   410538    7.11%
   2089   715       56.1811    90       57.3823       53.4472   414693    6.86%
   2098   720       54.2688   164       57.3823       53.4878   417824    6.79%
   2128   743       53.6222   218       57.3823       53.5307   425371    6.71%
Elapsed time = 38.84 sec. (106601.13 ticks, tree = 1.38 MB, solutions = 10)
   2158   766       55.2960    77       57.3823       53.6055   434470    6.58%
   2204   797       56.3950    44       57.3823       53.7006   442953    6.42%
   2249   830       55.7247   124       57.3823       53.9001   448952    6.07%
   2321   878       54.5009    56       57.3823       53.9717   457968    5.94%
   2369   918       54.8451    81       57.3823       53.9718   465857    5.94%
   2430   943       56.8950    30       57.3823       54.0694   474349    5.77%
   2463   960       55.8160    85       57.3823       54.1360   479851    5.66%
   2498   972       56.3543   100       57.3823       54.2467   490174    5.46%
   2519   980       55.0382   192       57.3823       54.2524   493690    5.45%
   2779  1146       56.3950    70       57.3823       54.5042   526765    5.02%
Elapsed time = 43.90 sec. (119858.04 ticks, tree = 2.16 MB, solutions = 10)
   3027  1293       56.1590   138       57.3823       54.5712   557176    4.90%
   3241  1432       55.0844   103       57.3823       54.7399   583254    4.60%
   3409  1510       54.7760    60       57.3823       54.7760   603398    4.54%
   3556  1569       54.8335    98       57.3823       54.7760   619654    4.54%
   3705  1632       55.1035   101       57.3823       54.7760   634547    4.54%
   3929  1735       54.7835    79       57.3823       54.7760   654818    4.54%
   4095  1773       54.8375    90       57.3823       54.7760   673808    4.54%
   4264  1812       55.8839    54       57.3823       54.7760   693819    4.54%
   4508  1884       55.9074   125       57.3823       54.7760   718685    4.54%
   4761  1991       54.7760    62       57.3823       54.7760   741450    4.54%
Elapsed time = 59.05 sec. (158619.72 ticks, tree = 3.95 MB, solutions = 10)
   5053  2138       57.1794    20       57.3823       54.7760   770302    4.54%
   5477  2320       54.7760    94       57.3823       54.7760   800249    4.54%
   5917  2523       55.4160    85       57.3823       54.7760   828757    4.54%
   6260  2679       54.7760    48       57.3823       54.7760   857293    4.54%
   6666  2833        cutoff             57.3823       54.7760   887286    4.54%
   7076  3009       54.7796    90       57.3823       54.7760   913817    4.54%
   7345  3155       54.7760    50       57.3823       54.7760   942791    4.54%
   7621  3222       55.8178   104       57.3823       54.7760   975724    4.54%
   7920  3333       54.7898    58       57.3823       54.7760  1003368    4.54%
   8295  3494       56.3874   154       57.3823       54.7760  1036614    4.54%
Elapsed time = 74.28 sec. (197069.95 ticks, tree = 7.22 MB, solutions = 10)
   8572  3636       55.7632    40       57.3823       54.7760  1064610    4.54%
   9123  3809       54.8271    53       57.3823       54.7760  1093223    4.54%
   9539  4007       54.8401    99       57.3823       54.7760  1124772    4.54%
   9959  4222       55.9212    96       57.3823       54.7760  1151061    4.54%
  10081  4280       55.4293    81       57.3823       54.7760  1166420    4.54%

Performing restart 2

Repeating presolve.
Tried aggregator 2 times.
MIP Presolve eliminated 5 rows and 512 columns.
MIP Presolve modified 53 coefficients.
Aggregator did 15 substitutions.
Reduced MIP has 845 rows, 2902 columns, and 49886 nonzeros.
Reduced MIP has 2836 binaries, 0 generals, 0 SOSs, and 0 indicators.
Presolve time = 0.04 sec. (63.16 ticks)
Tried aggregator 1 time.
MIP Presolve eliminated 1 rows and 26 columns.
MIP Presolve modified 250 coefficients.
Reduced MIP has 844 rows, 2876 columns, and 49504 nonzeros.
Reduced MIP has 2810 binaries, 0 generals, 0 SOSs, and 0 indicators.
Presolve time = 0.03 sec. (38.93 ticks)
Represolve time = 0.38 sec. (907.44 ticks)
  10083     0       49.7783   227       57.3823   Impl Bds: 1  1171461    4.54%
  10083     0       49.7814   272       57.3823      Cuts: 31  1172190    4.54%
  10083     0       49.7830   244       57.3823       Cuts: 7  1172583    4.54%
  10083     0       49.7830   266       57.3823      Cuts: 23  1173196    4.54%
  10083     0       49.7830   268       57.3823       Cuts: 9  1173510    4.54%
  10083     0       49.7830   270       57.3823       Cuts: 5  1173860    4.54%
  10083     0       49.7830   273       57.3823       Cuts: 6  1174416    4.54%
  10083     0       49.7832   271       57.3823      Cuts: 20  1175424    4.54%
  10083     2       49.7832   244       57.3823       54.7760  1175424    4.54%
  10087     6       54.7760   143       57.3823       54.7760  1179020    4.54%
  10097    13       51.2374   223       57.3823       54.7760  1188468    4.54%
  10103    17       54.7850    73       57.3823       54.7760  1196033    4.54%
  10118    23       56.0529   109       57.3823       54.7760  1201410    4.54%
Elapsed time = 100.57 sec. (271809.35 ticks, tree = 0.05 MB, solutions = 10)
  10132    24       55.9074   112       57.3823       54.7760  1207416    4.54%
  10162    32       56.3364    93       57.3823       54.7760  1213658    4.54%
  10179    36       51.8029   209       57.3823       54.7760  1222381    4.54%
  10213    56       52.4183   165       57.3823       54.7760  1226578    4.54%
  10243    61       57.0257   126       57.3823       54.7760  1232679    4.54%
  10306    81       55.1030   114       57.3823       54.7760  1242417    4.54%
  10363    94       57.2697    78       57.3823       54.7760  1254030    4.54%
  10424   111       56.5318   166       57.3823       54.7760  1263469    4.54%
  10499   134       56.8529   116       57.3823       54.7760  1276190    4.54%
  10572   164       54.6690   166       57.3823       54.7760  1287546    4.54%
Elapsed time = 114.75 sec. (311007.33 ticks, tree = 1.23 MB, solutions = 10)
  10642   216       54.9158    89       57.3823       54.7760  1297215    4.54%
  10712   260       54.7760    52       57.3823       54.7760  1309350    4.54%
  10805   318       55.1776   123       57.3823       54.7760  1322331    4.54%
  10888   357       54.7760   107       57.3823       54.7760  1335644    4.54%
  10969   396       56.0017   107       57.3823       54.7760  1350853    4.54%
  11042   419       55.8160    52       57.3823       54.7760  1364498    4.54%
  11137   447       57.3309   102       57.3823       54.7760  1378546    4.54%
  11232   482       55.8909    55       57.3823       54.7760  1390666    4.54%
  11329   489       54.7760    48       57.3823       54.7760  1409957    4.54%
  11432   524       55.6619   155       57.3823       54.7760  1427908    4.54%
Elapsed time = 128.68 sec. (349727.19 ticks, tree = 3.29 MB, solutions = 10)
  11541   538       56.9961    45       57.3823       54.7760  1441485    4.54%
  11650   562       54.7896   103       57.3823       54.7760  1458759    4.54%
  11734   591       56.7066    87       57.3823       54.7760  1472708    4.54%
  11805   611       54.7760    59       57.3823       54.7760  1488866    4.54%
  11893   641       56.7519   103       57.3823       54.7760  1503499    4.54%
  12014   663       56.1875    54       57.3823       54.7760  1521419    4.54%
  12132   714       55.2570    80       57.3823       54.7760  1533388    4.54%
  12244   752       54.7760    93       57.3823       54.7760  1548739    4.54%
  12339   803       54.8537    95       57.3823       54.7760  1565416    4.54%
  12447   839       55.3470   118       57.3823       54.7760  1581757    4.54%
Elapsed time = 142.45 sec. (388171.96 ticks, tree = 5.42 MB, solutions = 10)
  12554   884       54.7952    92       57.3823       54.7760  1598929    4.54%
  12655   935       55.3375   148       57.3823       54.7760  1610943    4.54%
  12744   969       55.8998   109       57.3823       54.7764  1625722    4.54%
  12876  1025       57.1771    71       57.3823       54.7800  1636723    4.54%
  13006  1060        cutoff             57.3823       54.7854  1650452    4.53%
  13136  1094        cutoff             57.3823       54.7867  1665219    4.52%
  13260  1106       55.7270    73       57.3823       54.7960  1682204    4.51%
  13373  1129       55.1694   182       57.3823       54.8053  1696257    4.49%
  13492  1120        cutoff             57.3823       54.8286  1709912    4.45%
  13585  1129       56.0123   138       57.3823       54.8496  1726422    4.41%
Elapsed time = 156.19 sec. (426813.91 ticks, tree = 7.27 MB, solutions = 10)
  13717  1121       56.0526   107       57.3823       54.8937  1742623    4.34%
  13895  1086        cutoff             57.3823       55.0030  1756317    4.15%
  14010  1081       56.2111    95       57.3823       55.0899  1770606    4.00%
  14132  1056       56.1595   111       57.3823       55.2091  1783606    3.79%
  14223  1077       55.2572   139       57.3823       55.2495  1799506    3.72%
  14315  1099       56.3599    68       57.3823       55.2692  1815152    3.68%
  14418  1074       55.3498    70       57.3823       55.3498  1834631    3.54%
  14547  1097       55.9831   101       57.3823       55.3784  1847453    3.49%
  14682  1091       55.4993   106       57.3823       55.4717  1865478    3.33%
  14804  1068       55.6868   159       57.3823       55.5811  1880087    3.14%
Elapsed time = 169.97 sec. (465196.82 ticks, tree = 7.14 MB, solutions = 10)
  14950  1034       55.6572    51       57.3823       55.6555  1895924    3.01%
  15061  1014       56.7294   110       57.3823       55.6693  1912557    2.99%
  15142  1006        cutoff             57.3823       55.6889  1932773    2.95%
  15266   974        cutoff             57.3823       55.7632  1948864    2.82%
  15419   975       56.0214    91       57.3823       55.7632  1965538    2.82%
  15550   997        cutoff             57.3823       55.7632  1981279    2.82%
  15672   998       55.9627    89       57.3823       55.7760  1994326    2.80%
  15794  1005       56.3599   101       57.3823       55.8048  2012060    2.75%
  15911   998       57.0810    42       57.3823       55.8160  2028305    2.73%
  16042   974       56.8032    50       57.3823       55.8267  2049468    2.71%
Elapsed time = 183.70 sec. (503607.77 ticks, tree = 6.46 MB, solutions = 10)
  16180   919        cutoff             57.3823       55.8908  2067034    2.60%
  16300   914       56.1796   176       57.3823       55.9187  2081907    2.55%
  16457   890       55.9979    71       57.3823       55.9212  2100446    2.55%
  16585   860       56.6960    75       57.3823       55.9760  2119992    2.45%
  16710   827        cutoff             57.3823       56.0145  2134537    2.38%
  16883   757        cutoff             57.3823       56.2055  2149204    2.05%
  17047   747       56.6960    67       57.3823       56.3141  2165050    1.86%
  17196   717       56.4321    40       57.3823       56.3950  2178710    1.72%
  17445   713       56.3950    16       57.3823       56.3950  2191353    1.72%
  17659   604       56.8829    96       57.3823       56.5739  2207476    1.41%
Elapsed time = 197.57 sec. (541945.67 ticks, tree = 4.12 MB, solutions = 10)
  17871   482       56.7764    88       57.3823       56.6960  2223013    1.20%
  18065   402       56.7493   114       57.3823       56.7493  2234758    1.10%
  18242   322        cutoff             57.3823       56.8032  2248590    1.01%
  18499   157        cutoff             57.3823       57.0303  2265348    0.61%

GUB cover cuts applied:  6
Clique cuts applied:  2
Cover cuts applied:  25
Implied bound cuts applied:  5
Flow cuts applied:  1
Mixed integer rounding cuts applied:  5
Zero-half cuts applied:  35
Gomory fractional cuts applied:  12

Root node processing (before b&c):
  Real time             =    1.98 sec. (4129.36 ticks)
Sequential b&c:
  Real time             =  201.97 sec. (555411.87 ticks)
                          ------------
Total (root+branch&cut) =  203.94 sec. (559541.24 ticks)
Feasible solution found!
Truck nodes:
Stage 1 at customer 0 with arrival time is: 
Stage 2 at customer 10 with arrival time is: 
Stage 3 at customer 10 with arrival time is: 
Stage 4 at customer 4 with arrival time is: 
Stage 5 at customer 7 with arrival time is: 
Stage 6 at customer 6 with arrival time is: 
Stage 7 at customer 5 with arrival time is: 
Stage 8 at customer 1 with arrival time is: 
Stage 9 at customer 8 with arrival time is: 
Stage 10 at customer 11 with arrival time is: 
Truck arcs:
Arc 1 connecting 0 and 10 with cost 9.91531 
Arc 2 connecting 10 and 10 with cost 0 
Arc 3 connecting 10 and 4 with cost 10.5327 
Arc 4 connecting 4 and 7 with cost 7.34864 
Arc 5 connecting 7 and 6 with cost 6.70095 
Arc 6 connecting 6 and 5 with cost 0.968346 
Arc 7 connecting 5 and 1 with cost 1.92825 
Arc 8 connecting 1 and 8 with cost 3.32128 
Arc 9 connecting 8 and 11 with cost 10.6796 
Customer 2 served by drone.
Drone fly from 1 at stage 8 to serve 2 and then fly back to 11 at stage 10. 
Truck arcs during this sortie: 1--->8--->0
Truck travel time from stage 8 to 10 is: 14.0009
Total drone travel time: 11.1449
Customer 3 served by drone.
Drone fly from 10 at stage 3 to serve 3 and then fly back to 7 at stage 5. 
Truck arcs during this sortie: 10--->4--->7
Truck travel time from stage 3 to 5 is: 17.8813
Total drone travel time: 15.9401
Customer 9 served by drone.
Drone fly from 0 at stage 1 to serve 9 and then fly back to 10 at stage 3. 
Truck arcs during this sortie: 0--->10--->10
Truck travel time from stage 1 to 3 is: 9.91531
Total drone travel time: 10.9026
Customer 2 served, start stage = 8, end stage = 10
Wait time for this sortie: 0
Customer 3 served, start stage = 3, end stage = 5
Wait time for this sortie: 0
Customer 9 served, start stage = 1, end stage = 3
Wait time for this sortie: 0.987254
Printing Y(k,i,h):
Y[1][0][9] == 1
Y[3][10][3] == 1
Y[8][1][2] == 1
Done!
-------------------------Re-calculated objective-----------------------
57.3823
------------------------------------------------------------------------
Solve time: 203.94
Node 10 was revisited 1 times!
OBJECTIVE VALUE: 57.3823, NUMBER OF SORTIES: 0.
Number of loop(s):0
Number of revisit: 1
In write mode
