Instance name: /home/orlab/CLionProjects/RV-FSTSP/Murray_instances/FSTSP/FSTSP_10_customer_problems/20140810T123437v3
Write arg val: 1
Input is specified as type M: Murray instance.-.-.-.-.-.-.-.-.-.-.-.-.-.-.-.-.-.-.-.-

drone speed: 0.2 miles/minute
uav non-eligible customer: 10 
Printing tau:
0 14.2149 7.45597 18.1512 10.5846 15.145 14.669 14.3671 12.5333 1.31706 6.43835 0 
14.2149 0 18.3108 3.93636 13.7595 7.22991 8.18583 7.04774 13.7881 14.0919 12.0132 14.2149 
7.45597 18.3108 0 22.2472 4.55136 11.0809 10.125 11.2631 5.10923 6.13892 11.4943 7.45597 
18.1512 3.93636 22.2472 0 17.6958 11.1663 12.1222 10.9841 17.7245 18.0283 15.9496 18.1512 
10.5846 13.7595 4.55136 17.6958 0 6.52957 5.57365 6.71174 1.94864 9.26756 8.38296 10.5846 
15.145 7.22991 11.0809 11.1663 6.52957 0 0.955922 0.777831 6.55821 13.8279 12.9433 15.145 
14.669 8.18583 10.125 12.1222 5.57365 0.955922 0 1.13809 5.60229 13.352 12.4674 14.669 
14.3671 7.04774 11.2631 10.9841 6.71174 0.777831 1.13809 0 6.74038 13.0501 12.1655 14.3671 
12.5333 13.7881 5.10923 17.7245 1.94864 6.55821 5.60229 6.74038 0 11.2162 10.3316 12.5333 
1.31706 14.0919 6.13892 18.0283 9.26756 13.8279 13.352 13.0501 11.2162 0 7.2754 1.31706 
6.43835 12.0132 11.4943 15.9496 8.38296 12.9433 12.4674 12.1655 10.3316 7.2754 0 6.43835 
0 0 0 0 0 0 0 0 0 0 0 0 
Printing tau_prime:
0 22.9054 10.6167 29.4629 12.4883 19.209 18.2907 18.4445 14.7839 1.83912 8.01904 0 
22.9054 0 23.0027 6.5606 16.7706 8.59075 9.66193 8.30778 16.3699 22.5134 16.2781 22.9054 
10.6167 23.0027 0 29.091 6.50889 15.8949 14.6508 15.5734 8.01334 8.77857 14.8944 10.6167 
29.4629 6.5606 29.091 0 22.6813 13.6282 14.8639 13.6915 21.9127 29.0691 22.6695 29.4629 
12.4883 16.7706 6.50889 22.6813 0 9.38617 8.14351 9.0795 2.29674 10.9289 12.8279 12.4883 
19.209 8.59075 15.8949 13.6282 9.38617 0 1.25846 0.941487 8.31925 18.1926 15.2616 19.209 
18.2907 9.66193 14.6508 14.8639 8.14351 1.25846 0 1.38764 7.06588 17.2062 14.7813 18.2907 
18.4445 8.30778 15.5734 13.6915 9.0795 0.941487 1.38764 0 8.23237 17.4772 14.3397 18.4445 
14.7839 16.3699 8.01334 21.9127 2.29674 8.31925 7.06588 8.23237 0 13.2233 14.6887 14.7839 
1.83912 22.5134 8.77857 29.0691 10.9289 18.1926 17.2062 17.4772 13.2233 0 8.63729 1.83912 
8.01904 16.2781 14.8944 22.6695 12.8279 15.2616 14.7813 14.3397 14.6887 8.63729 0 8.01904 
0 0 0 0 0 0 0 0 0 0 0 0 
---------------------------------------------------------------
Current config:
- Number of threads = 1
- Drone endurance = 20
- SL = 1
- SR = 1
- L = 1
- Allow loop = 1
- Allow revisit = 1
- Allow multi-visit drone = 0
- Use TSP optimal solution as warmstart: = 0
- Use cutting plane method: = 0
- Use CPLEX conflict refiner: = 0
---------------------------------------------------------------
---------------------------------------------
Calculate max stage gap for sortie.... 
Stage gap calculation consumes too much memory. No constraint was added.
---------------------------------------------
Warning:  Output names have been modified due to duplicate names or characters invalid in LP format.
Version identifier: 22.1.1.0 | 2022-11-28 | 9160aff4d
CPXPARAM_Threads                                 1
CPXPARAM_TimeLimit                               3600
CPXPARAM_WorkMem                                 24576
Tried aggregator 3 times.
MIP Presolve eliminated 1396 rows and 1965 columns.
MIP Presolve modified 1932 coefficients.
Aggregator did 38 substitutions.
Reduced MIP has 888 rows, 3165 columns, and 74487 nonzeros.
Reduced MIP has 3099 binaries, 0 generals, 0 SOSs, and 0 indicators.
Presolve time = 0.07 sec. (132.73 ticks)
Found incumbent of value 105.047118 after 0.10 sec. (185.00 ticks)
Probing time = 0.00 sec. (8.06 ticks)
Cover probing fixed 11 vars, tightened 66 bounds.
Tried aggregator 2 times.
Detecting symmetries...
MIP Presolve eliminated 10 rows and 11 columns.
MIP Presolve modified 36 coefficients.
Aggregator did 10 substitutions.
Reduced MIP has 868 rows, 3144 columns, and 74137 nonzeros.
Reduced MIP has 3078 binaries, 0 generals, 0 SOSs, and 0 indicators.
Presolve time = 0.04 sec. (55.03 ticks)
Probing time = 0.00 sec. (7.94 ticks)
Clique table members: 18748.
MIP emphasis: balance optimality and feasibility.
MIP search method: dynamic search.
Parallel mode: none, using 1 thread.
Root relaxation solution time = 0.15 sec. (371.83 ticks)

        Nodes                                         Cuts/
   Node  Left     Objective  IInf  Best Integer    Best Bound    ItCnt     Gap

*     0+    0                          105.0471      -11.0000           110.47%
      0     0       17.8597   396      105.0471       17.8597     4787   83.00%
      0     0       28.9645   296      105.0471      Cuts: 51     9249   72.43%
      0     0       31.4895   197      105.0471      Cuts: 21    12527   70.02%
      0     0       32.3799   282      105.0471      Cuts: 48    14725   69.18%
*     0+    0                          103.4651       32.3799            68.70%
*     0+    0                           98.4270       32.3799            67.10%
      0     0  -1.00000e+75     0       98.4270       32.3799    14725   67.10%
      0     0       32.7921   258       98.4270      Cuts: 36    15979   66.68%
      0     0       32.9732   300       98.4270      Cuts: 10    17103   66.50%
Detecting symmetries...
      0     0       33.0854   311       98.4270      Cuts: 17    17971   66.39%
      0     0       33.2879   375       98.4270      Cuts: 26    19159   66.18%
      0     0       33.8827   377       98.4270      Cuts: 13    19864   65.58%
      0     0       34.2996   380       98.4270       Cuts: 7    21308   65.15%
      0     0       34.3671   382       98.4270      Cuts: 14    21931   65.08%
      0     0       34.6242   407       98.4270       Cuts: 9    22573   64.82%
      0     0       34.6602   379       98.4270       Cuts: 5    22956   64.79%
      0     0       34.7780   367       98.4270       Cuts: 8    23694   64.67%
      0     0       34.7781   371       98.4270    MIRcuts: 1    23823   64.67%
*     0+    0                           85.2311       34.7781            59.20%
*     0+    0                           70.5842       34.7781            50.73%
      0     0  -1.00000e+75     0       70.5842       34.7781    23826   50.73%
Detecting symmetries...
      0     2       34.7781   369       70.5842       34.7887    23826   50.71%
Elapsed time = 2.52 sec. (6265.13 ticks, tree = 0.01 MB, solutions = 5)
      1     3       35.8345   400       70.5842       34.7889    26852   50.71%
      2     4       36.0677   311       70.5842       35.8366    29342   49.23%
      4     6       38.3171   326       70.5842       35.8366    34860   49.23%
      5     7       36.5660   332       70.5842       35.8366    39886   49.23%
      6     8       44.9640   197       70.5842       35.8366    44798   49.23%
      8    10       47.2981   183       70.5842       35.8366    47845   49.23%
     13    15       48.0441   199       70.5842       35.8366    50285   49.23%
     20    22       51.8571   154       70.5842       35.8366    52649   49.23%
     42    30       36.0775   414       70.5842       36.0836    55840   48.88%
     50    38       41.8041   139       70.5842       36.1202    64050   48.83%
Elapsed time = 4.14 sec. (10923.65 ticks, tree = 0.14 MB, solutions = 5)
     65    53       48.8446   148       70.5842       36.1202    72779   48.83%
     97    81       37.1764   312       70.5842       36.7363    84219   47.95%
    109    93       50.1538   146       70.5842       36.7363    95681   47.95%
    114    98       57.1117    88       70.5842       36.7363    97107   47.95%
    150   127       37.0609   359       70.5842       36.7487   104954   47.94%
    178   149       46.2087   318       70.5842       37.2273   118561   47.26%
    201   172       64.8323    80       70.5842       37.2273   127500   47.26%
    226   193       49.8789   171       70.5842       37.5218   141464   46.84%
    255   218       40.6427   293       70.5842       37.5240   155368   46.84%
    267   230       58.0972   156       70.5842       37.5240   163944   46.84%
Elapsed time = 7.66 sec. (21288.98 ticks, tree = 0.47 MB, solutions = 5)
    280   239       37.9703   327       70.5842       37.9535   168803   46.23%
    296   255       48.3531    97       70.5842       37.9535   180213   46.23%
*   300+  248                           67.1306       37.9535            43.46%
    322   272       53.5781   114       67.1306       37.9535   190947   43.46%
    365   305       46.0889   186       67.1306       37.9889   204812   43.41%
*   400+  324                           65.8144       37.9889            42.28%
    418   328       42.2255   285       65.8144       38.0898   219347   42.13%
    462   368       50.1422   143       65.8144       38.1681   230799   42.01%
    489   387       55.3505   140       65.8144       38.3174   243817   41.78%
    504   398       49.7507   194       65.8144       38.3184   254147   41.78%
    560   431       40.0196   335       65.8144       38.4374   266045   41.60%
    575   446       51.9792   184       65.8144       38.4374   275132   41.60%
Elapsed time = 11.43 sec. (32031.09 ticks, tree = 0.84 MB, solutions = 7)
    598   465       53.3560   197       65.8144       38.5524   289340   41.42%
    621   477       39.7927   252       65.8144       39.0013   299554   40.74%
    632   488       53.2436   223       65.8144       39.0013   306635   40.74%
    665   520       65.3600   174       65.8144       39.0013   321443   40.74%
    683   530       47.6336   118       65.8144       39.1355   330601   40.54%
    705   552       52.2569   180       65.8144       39.1355   343318   40.54%
    729   576       57.6016   162       65.8144       39.1355   356369   40.54%
    747   588       60.0056   157       65.8144       39.1660   368847   40.49%
    759   596       46.6576   196       65.8144       39.2741   376919   40.33%
    776   613       57.6523   145       65.8144       39.2741   384795   40.33%
Elapsed time = 14.96 sec. (41931.33 ticks, tree = 1.12 MB, solutions = 7)
    815   648       42.2603   217       65.8144       39.3063   400777   40.28%
    840   669       56.9157   173       65.8144       39.3158   414148   40.26%
    874   700       47.4798   208       65.8144       39.3547   427725   40.20%
    902   722       47.6313   226       65.8144       39.3683   441803   40.18%
    960   762       44.0249   156       65.8144       39.7572   457138   39.59%
    977   779       49.6378   135       65.8144       39.7572   465227   39.59%

Performing restart 1

Repeating presolve.
Tried aggregator 1 time.
MIP Presolve eliminated 7 rows and 105 columns.
MIP Presolve modified 1460 coefficients.
Reduced MIP has 861 rows, 3039 columns, and 72464 nonzeros.
Reduced MIP has 2973 binaries, 0 generals, 0 SOSs, and 0 indicators.
Presolve time = 0.04 sec. (76.80 ticks)
Tried aggregator 2 times.
MIP Presolve eliminated 2 rows and 64 columns.
MIP Presolve modified 461 coefficients.
Aggregator did 2 substitutions.
Reduced MIP has 857 rows, 2973 columns, and 71421 nonzeros.
Reduced MIP has 2907 binaries, 0 generals, 0 SOSs, and 0 indicators.
Presolve time = 0.04 sec. (60.65 ticks)
Tried aggregator 1 time.
MIP Presolve modified 54 coefficients.
Reduced MIP has 857 rows, 2973 columns, and 71418 nonzeros.
Reduced MIP has 2907 binaries, 0 generals, 0 SOSs, and 0 indicators.
Presolve time = 0.03 sec. (42.44 ticks)
Represolve time = 0.41 sec. (1115.38 ticks)
    996     0       34.7846   393       65.8144      Cuts: 12   477121   39.59%
    996     0       34.8327   375       65.8144      Cuts: 21   477561   39.59%
    996     0       34.8494   402       65.8144      Cuts: 22   477806   39.59%
*   996+    0                           60.1112       39.7572            33.86%
    996     0       34.8647   451       60.1112      Cuts: 24   478092   33.86%
    996     0       34.9210   430       60.1112      Cuts: 26   478563   33.86%
    996     0       34.9315   428       60.1112      Cuts: 21   478798   33.86%
*   996+    0                           56.4931       39.7572            29.62%
    996     2       34.9315   428       56.4931       39.7572   478798   29.62%
    997     3       35.2687   414       56.4931       39.7572   480247   29.62%
    998     4       35.6526   395       56.4931       39.7572   481360   29.62%
    999     5       35.9147   399       56.4931       39.7572   482493   29.62%
Elapsed time = 29.32 sec. (85103.37 ticks, tree = 0.01 MB, solutions = 9)
   1000     6       36.5520   333       56.4931       39.7572   484109   29.62%
   1001     7       37.3108   369       56.4931       39.7572   487886   29.62%
   1002     7       43.5701   316       56.4931       39.7572   493538   29.62%
   1003     7       44.4415   307       56.4931       39.7572   496942   29.62%
   1004     7       44.4415   318       56.4931       39.7572   497217   29.62%
   1005     7       44.4587   318       56.4931       39.7572   497218   29.62%
   1006     7       44.4638   297       56.4931       39.7572   497319   29.62%
   1008     9       45.5787   262       56.4931       39.7572   497942   29.62%
   1009     9       46.1431   293       56.4931       39.7572   498519   29.62%
   1011    10       46.8134   288       56.4931       39.7572   499353   29.62%
Elapsed time = 36.48 sec. (107549.22 ticks, tree = 0.02 MB, solutions = 9)
   1013    10       47.1926   298       56.4931       39.7572   499616   29.62%
   1015    10       47.6134   300       56.4931       39.7572   500071   29.62%
   1018    11       49.3272   275       56.4931       39.7572   501428   29.62%
   1025    12       50.5562   269       56.4931       39.7572   502442   29.62%
   1029    13       51.0413   247       56.4931       39.7572   503638   29.62%
   1036    14       53.7498   207       56.4931       39.7572   504430   29.62%
   1040    14       44.4567   171       56.4931       39.7572   507485   29.62%
   1041    15       44.5394   177       56.4931       39.7572   507937   29.62%
   1043    17       45.1684   184       56.4931       39.7572   509109   29.62%
   1045    19       46.0586   230       56.4931       39.7572   510423   29.62%
Elapsed time = 42.37 sec. (124454.14 ticks, tree = 0.06 MB, solutions = 9)
   1047    21       47.1171   238       56.4931       39.7572   511843   29.62%
   1048    21       54.3509   140       56.4931       39.7572   513124   29.62%
   1053    21       54.4130   138       56.4931       39.7572   513849   29.62%
   1057    22       55.4217   155       56.4931       39.7572   514699   29.62%
   1072    24       56.0856   153       56.4931       39.7572   515240   29.62%
   1077    24       46.7041   160       56.4931       39.7572   517670   29.62%
   1079    26       46.8879   233       56.4931       39.7572   518627   29.62%
   1086    33       47.1580   235       56.4931       39.7572   519782   29.62%
   1093    40       47.5732   227       56.4931       39.7572   521726   29.62%
   1099    46       48.6242   205       56.4931       39.7572   523545   29.62%
Elapsed time = 46.98 sec. (137904.74 ticks, tree = 0.10 MB, solutions = 9)
   1105    52       49.1317   183       56.4931       39.7572   525652   29.62%
   1109    54       49.7836   224       56.4931       39.7572   527046   29.62%
   1116    57       51.1062   169       56.4931       39.7572   528287   29.62%
   1130    64       55.7938   133       56.4931       39.7572   529459   29.62%
   1138    63       51.2931   116       56.4931       39.7572   533068   29.62%
   1145    67       52.1804   132       56.4931       39.7572   535461   29.62%
   1149    67       37.4373   303       56.4931       39.7572   538712   29.62%
   1151    69       39.2808   337       56.4931       39.7572   540975   29.62%
   1155    73       40.4184   351       56.4931       39.7572   543603   29.62%
   1162    80       42.0601   356       56.4931       39.7572   546351   29.62%
Elapsed time = 51.43 sec. (150801.46 ticks, tree = 0.15 MB, solutions = 9)
   1165    83       43.2035   273       56.4931       39.7572   548327   29.62%
   1173    91       44.2782   295       56.4931       39.7572   550702   29.62%
   1186   103       44.8950   266       56.4931       39.7572   552734   29.62%
   1195   112       46.8264   183       56.4931       39.7572   555863   29.62%
   1201   117       51.6812   174       56.4931       39.7572   558445   29.62%
   1214   121       53.0541   111       56.4931       39.7572   561616   29.62%
   1219   122       51.4256   135       56.4931       39.7572   564164   29.62%
   1223   124       55.2695    66       56.4931       39.7572   566121   29.62%
   1232   128       56.3248    27       56.4931       39.7572   567423   29.62%
   1271   149       53.4140   166       56.4931       40.4184   582199   28.45%
Elapsed time = 56.33 sec. (164560.53 ticks, tree = 0.25 MB, solutions = 9)
   1296   156       53.7702   110       56.4931       40.4594   592155   28.38%
   1339   173       50.4244   136       56.4931       43.2762   605673   23.40%
   1360   171       50.5176   191       56.4931       43.7089   619164   22.63%
   1382   181       54.2775   144       56.4931       44.2694   627492   21.64%
   1408   186        cutoff             56.4931       44.2782   636177   21.62%
   1440   189       53.4338   170       56.4931       44.3934   653268   21.42%
   1505   214       55.3210   143       56.4931       44.7824   675915   20.73%
   1550   228       49.0730   144       56.4931       45.1089   690293   20.15%
   1614   246       55.4056   101       56.4931       45.6995   709850   19.11%
   1653   260       53.2465   178       56.4931       46.5835   725372   17.54%
Elapsed time = 70.55 sec. (204368.96 ticks, tree = 0.52 MB, solutions = 9)
   1716   268       53.1622   100       56.4931       47.0925   744369   16.64%
   1776   292       50.8929   116       56.4931       47.2511   763639   16.36%
   1855   323       60.3095   126       56.4931       47.9555   782331   15.11%
   1894   344       50.9639   127       56.4931       48.1028   799697   14.85%
   1994   374       54.1876    85       56.4931       48.8903   820716   13.46%
   2132   422       53.6767   189       56.4931       49.8453   843826   11.77%
   2242   381       54.7588   130       56.4931       51.2889   864146    9.21%
   2360   458        cutoff             56.4931       51.4576   885333    8.91%
   2454   415       55.6457    30       56.4931       52.3225   908065    7.38%
*  2456   403      integral     0       56.0684       52.3225   908173    6.68%
Elapsed time = 83.57 sec. (240185.77 ticks, tree = 0.77 MB, solutions = 10)
   2579   449        cutoff             56.0684       52.6649   922815    6.07%
*  2591   269      integral     0       54.6640       52.7850   925706    3.44%
   2746   210        cutoff             54.6640       53.6484   942605    1.86%

GUB cover cuts applied:  10
Clique cuts applied:  1
Cover cuts applied:  2
Implied bound cuts applied:  27
Zero-half cuts applied:  31
Lift and project cuts applied:  11
Gomory fractional cuts applied:  3

Root node processing (before b&c):
  Real time             =    2.49 sec. (6124.51 ticks)
Sequential b&c:
  Real time             =   84.92 sec. (244148.44 ticks)
                          ------------
Total (root+branch&cut) =   87.40 sec. (250272.95 ticks)
Feasible solution found!
Truck nodes:
Stage 1 at customer 0 with arrival time is: 
Stage 2 at customer 9 with arrival time is: 
Stage 3 at customer 2 with arrival time is: 
Stage 4 at customer 4 with arrival time is: 
Stage 5 at customer 8 with arrival time is: 
Stage 6 at customer 6 with arrival time is: 
Stage 7 at customer 5 with arrival time is: 
Stage 8 at customer 7 with arrival time is: 
Stage 9 at customer 3 with arrival time is: 
Stage 10 at customer 1 with arrival time is: 
Stage 11 at customer 10 with arrival time is: 
Stage 12 at customer 11 with arrival time is: 
Truck arcs:
Arc 1 connecting 0 and 9 with cost 1.31706 
Arc 2 connecting 9 and 2 with cost 6.13892 
Arc 3 connecting 2 and 4 with cost 4.55136 
Arc 4 connecting 4 and 8 with cost 1.94864 
Arc 5 connecting 8 and 6 with cost 5.60229 
Arc 6 connecting 6 and 5 with cost 0.955922 
Arc 7 connecting 5 and 7 with cost 0.777831 
Arc 8 connecting 7 and 3 with cost 10.9841 
Arc 9 connecting 3 and 1 with cost 3.93636 
Arc 10 connecting 1 and 10 with cost 12.0132 
Arc 11 connecting 10 and 11 with cost 6.43835 
Printing Y(k,i,h):
Done!
-------------------------Re-calculated objective-----------------------
54.664
------------------------------------------------------------------------
Solve time: 87.404
OBJECTIVE VALUE: 54.664, NUMBER OF SORTIES: 0.
Number of loop(s):0
Number of revisit: 0
In write mode
