Instance name: /home/orlab/CLionProjects/RV-FSTSP/Murray_instances/FSTSP/FSTSP_10_customer_problems/20140810T123437v12
Write arg val: 1
Input is specified as type M: Murray instance.-.-.-.-.-.-.-.-.-.-.-.-.-.-.-.-.-.-.-.-

drone speed: 0.6 miles/minute
uav non-eligible customer: 10 
Printing tau:
0 20.6149 13.856 24.5512 16.9846 21.545 21.069 20.7671 18.9333 7.71706 12.8383 0 
20.6149 0 18.3108 3.93636 13.7595 7.22991 8.18583 7.04774 13.7881 14.0919 12.0132 20.6149 
13.856 18.3108 0 22.2472 4.55136 11.0809 10.125 11.2631 5.10923 6.13892 11.4943 13.856 
24.5512 3.93636 22.2472 0 17.6958 11.1663 12.1222 10.9841 17.7245 18.0283 15.9496 24.5512 
16.9846 13.7595 4.55136 17.6958 0 6.52957 5.57365 6.71174 1.94864 9.26756 8.38296 16.9846 
21.545 7.22991 11.0809 11.1663 6.52957 0 0.955922 0.777831 6.55821 13.8279 12.9433 21.545 
21.069 8.18583 10.125 12.1222 5.57365 0.955922 0 1.13809 5.60229 13.352 12.4674 21.069 
20.7671 7.04774 11.2631 10.9841 6.71174 0.777831 1.13809 0 6.74038 13.0501 12.1655 20.7671 
18.9333 13.7881 5.10923 17.7245 1.94864 6.55821 5.60229 6.74038 0 11.2162 10.3316 18.9333 
7.71706 14.0919 6.13892 18.0283 9.26756 13.8279 13.352 13.0501 11.2162 0 7.2754 7.71706 
12.8383 12.0132 11.4943 15.9496 8.38296 12.9433 12.4674 12.1655 10.3316 7.2754 0 12.8383 
0 0 0 0 0 0 0 0 0 0 0 0 
Printing tau_prime:
0 14.3861 7.03117 17.1972 9.0806 12.5617 12.116 12.2705 10.0113 4.80485 7.80521 0 
14.3861 0 9.8583 2.81169 7.1874 3.68175 4.14083 3.56048 7.01565 9.64862 6.97631 14.3861 
7.03117 9.8583 0 12.4676 2.78952 6.81212 6.2789 6.6743 3.43429 3.76225 6.38332 7.03117 
17.1972 2.81169 12.4676 0 9.72054 5.84064 6.37024 5.8678 9.39115 12.4582 9.71551 17.1972 
9.0806 7.1874 2.78952 9.72054 0 4.02264 3.49008 3.89122 0.984316 4.68384 5.49765 9.0806 
12.5617 3.68175 6.81212 5.84064 4.02264 0 0.539342 0.403494 3.56539 7.79682 6.54069 12.5617 
12.116 4.14083 6.2789 6.37024 3.49008 0.539342 0 0.594704 3.02824 7.37407 6.33485 12.116 
12.2705 3.56048 6.6743 5.8678 3.89122 0.403494 0.594704 0 3.52816 7.49021 6.1456 12.2705 
10.0113 7.01565 3.43429 9.39115 0.984316 3.56539 3.02824 3.52816 0 5.66711 6.29515 10.0113 
4.80485 9.64862 3.76225 12.4582 4.68384 7.79682 7.37407 7.49021 5.66711 0 3.7017 4.80485 
7.80521 6.97631 6.38332 9.71551 5.49765 6.54069 6.33485 6.1456 6.29515 3.7017 0 7.80521 
0 0 0 0 0 0 0 0 0 0 0 0 
---------------------------------------------------------------
Current config:
- Number of threads = 1
- Drone endurance = 20
- SL = 1
- SR = 1
- L = 1
- Allow loop = 1
- Allow revisit = 1
- Allow multi-visit drone = 0
- Use TSP optimal solution as warmstart: = 0
- Use cutting plane method: = 0
- Use CPLEX conflict refiner: = 0
---------------------------------------------------------------
---------------------------------------------
Calculate max stage gap for sortie.... 
Stage gap calculation consumes too much memory. No constraint was added.
---------------------------------------------
Warning:  Output names have been modified due to duplicate names or characters invalid in LP format.
Version identifier: 22.1.1.0 | 2022-11-28 | 9160aff4d
CPXPARAM_Threads                                 1
CPXPARAM_TimeLimit                               3600
CPXPARAM_WorkMem                                 24576
Tried aggregator 3 times.
MIP Presolve eliminated 942 rows and 1413 columns.
MIP Presolve modified 2199 coefficients.
Aggregator did 26 substitutions.
Reduced MIP has 910 rows, 3729 columns, and 79903 nonzeros.
Reduced MIP has 3663 binaries, 0 generals, 0 SOSs, and 0 indicators.
Presolve time = 0.08 sec. (133.22 ticks)
Found incumbent of value 121.508126 after 0.10 sec. (175.26 ticks)
Probing time = 0.01 sec. (11.62 ticks)
Cover probing fixed 4 vars, tightened 66 bounds.
Tried aggregator 2 times.
Detecting symmetries...
MIP Presolve eliminated 9 rows and 4 columns.
Aggregator did 9 substitutions.
Reduced MIP has 892 rows, 3716 columns, and 79598 nonzeros.
Reduced MIP has 3650 binaries, 0 generals, 0 SOSs, and 0 indicators.
Presolve time = 0.04 sec. (46.59 ticks)
Probing time = 0.00 sec. (13.18 ticks)
Clique table members: 40391.
MIP emphasis: balance optimality and feasibility.
MIP search method: dynamic search.
Parallel mode: none, using 1 thread.
Root relaxation solution time = 0.13 sec. (351.58 ticks)

        Nodes                                         Cuts/
   Node  Left     Objective  IInf  Best Integer    Best Bound    ItCnt     Gap

*     0+    0                          121.5081      -11.0000           109.05%
      0     0       22.2733   327      121.5081       22.2733     4179   81.67%
      0     0       39.1218   184      121.5081      Cuts: 30     5926   67.80%
      0     0       41.0281   167      121.5081      Cuts: 31     9950   66.23%
      0     0       41.0906   187      121.5081      Cuts: 48    11175   66.18%
*     0+    0                          101.2782       41.0906            59.43%
*     0+    0                           83.4311       41.0906            50.75%
*     0+    0                           82.8354       41.0906            50.39%
      0     0  -1.00000e+75     0       82.8354       41.0906    11175   50.39%
      0     0       41.3337   170       82.8354      Cuts: 11    12313   50.10%
      0     0       41.4331   169       82.8354      Cuts: 26    12762   49.98%
Detecting symmetries...
      0     0       41.4774   172       82.8354      Cuts: 20    13325   49.93%
      0     0       41.7181   195       82.8354      Cuts: 19    14869   49.64%
      0     0       42.0663   194       82.8354      Cuts: 27    15766   49.22%
      0     0       42.2093   198       82.8354      Cuts: 35    17183   49.04%
      0     0       43.1470   179       82.8354      Cuts: 16    18172   47.91%
      0     0       43.1561   237       82.8354      Cuts: 24    18544   47.90%
      0     0       43.1710   149       82.8354      Cuts: 17    19094   47.88%
      0     0       43.1710   149       82.8354       Cuts: 9    19188   47.88%
      0     0       43.1710   196       82.8354      Cuts: 17    19497   47.88%
*     0+    0                           72.9904       43.1710            40.85%
      0     0  -1.00000e+75     0       72.9904       43.1710    19497   40.85%
Detecting symmetries...
      0     2       43.1710   138       72.9904       43.1929    19497   40.82%
Elapsed time = 2.44 sec. (5670.32 ticks, tree = 0.01 MB, solutions = 5)
      2     4       43.2545   171       72.9904       43.2546    22155   40.74%
      5     7       44.2586   123       72.9904       43.3692    27627   40.58%
      7     9       45.2579    99       72.9904       43.3692    30896   40.58%
      8    10       54.6903   103       72.9904       43.3692    32386   40.58%
     10    12       55.2976   115       72.9904       43.3692    35086   40.58%
     14    16       56.6069   116       72.9904       43.3692    38119   40.58%
*    20+   20                           72.8817       43.3692            40.49%
*    30    30      integral     0       69.6092       43.3692    39718   37.70%
*    40+   36                           67.1981       43.3692            35.46%
     60    44       43.3861   162       67.1981       43.4371    41406   35.36%
     62    46       56.0818   140       67.1981       43.5211    44394   35.23%
     64    48       50.1082   156       67.1981       43.5211    47902   35.23%
    109    82       66.5176    17       67.1981       43.5211    59411   35.23%
Elapsed time = 3.77 sec. (9443.85 ticks, tree = 0.23 MB, solutions = 8)
    133   102       58.8066    75       67.1981       43.9994    70717   34.52%
    236   199       44.5290   114       67.1981       43.9994    83295   34.52%
    245   208       58.3622   144       67.1981       43.9994    91670   34.52%
    261   224       63.7225   106       67.1981       43.9994   100116   34.52%
    275   234       53.3185   151       67.1981       43.9999   110773   34.52%
    289   242       44.6427   206       67.1981       44.2586   122478   34.14%
    300   252       58.7378   178       67.1981       44.2586   133993   34.14%
    386   329       45.9493    91       67.1981       44.2624   146353   34.13%
    438   381       60.2958    54       67.1981       44.2624   159712   34.13%
    473   412       51.0287   168       67.1981       44.2705   172188   34.12%
Elapsed time = 7.38 sec. (19751.41 ticks, tree = 0.89 MB, solutions = 8)
    484   423       56.8223   162       67.1981       44.2705   180169   34.12%

Performing restart 1

Repeating presolve.
Tried aggregator 2 times.
MIP Presolve eliminated 7 rows and 94 columns.
MIP Presolve modified 96 coefficients.
Aggregator did 7 substitutions.
Reduced MIP has 878 rows, 3615 columns, and 77680 nonzeros.
Reduced MIP has 3549 binaries, 0 generals, 0 SOSs, and 0 indicators.
Presolve time = 0.05 sec. (74.62 ticks)
Tried aggregator 1 time.
MIP Presolve eliminated 1 rows and 11 columns.
MIP Presolve modified 5 coefficients.
Reduced MIP has 877 rows, 3604 columns, and 77268 nonzeros.
Reduced MIP has 3538 binaries, 0 generals, 0 SOSs, and 0 indicators.
Presolve time = 0.04 sec. (58.36 ticks)
Represolve time = 0.34 sec. (916.91 ticks)
    492     0       42.0209   156       67.1981      Cuts: 24   191119   34.12%
    492     0       42.0209   137       67.1981      Cuts: 33   191477   34.12%
    492     0       42.0209   141       67.1981      Cuts: 24   192266   34.12%
*   492+    0                           64.4479       44.2705            31.31%
*   492+    0                           63.3394       44.2705            30.11%
*   492+    0                           62.7633       44.2705            29.46%
    492     0  -1.00000e+75     0       62.7633       44.2705   192266   29.46%
    492     0       42.0334   147       62.7633      Cuts: 16   192393   29.46%
    492     0       42.0334   129       62.7633       Cuts: 8   192548   29.46%
    492     0       42.1604   258       62.7633      Cuts: 20   194046   29.46%
    492     0       42.8575   210       62.7633       Cuts: 7   195775   29.46%
    492     0       43.0671   206       62.7633      Cuts: 14   196254   29.46%
    492     0       43.0977   214       62.7633  ZeroHalf: 18   196590   29.46%
    492     2       43.0977   193       62.7633       44.2705   196590   29.46%
    493     3       43.4728   232       62.7633       44.2705   198111   29.46%
    494     4       43.5972   192       62.7633       44.2705   199360   29.46%
    495     5       43.6706   190       62.7633       44.2705   199917   29.46%
    496     6       43.7096   189       62.7633       44.2705   200044   29.46%
    497     7       55.3168   144       62.7633       44.2705   203323   29.46%
    498     8       43.7758   204       62.7633       44.2705   203784   29.46%
    499     9       43.7758   202       62.7633       44.2705   204357   29.46%
    500    10       43.8704   178       62.7633       44.2705   206847   29.46%
Elapsed time = 18.48 sec. (51083.92 ticks, tree = 0.04 MB, solutions = 11)
    502    12       43.9278   161       62.7633       44.2705   207361   29.46%
    505    15       44.0898   201       62.7633       44.2705   210359   29.46%
    506    16       54.4076   132       62.7633       44.2705   214106   29.46%
    507    17       44.1009   168       62.7633       44.2705   215602   29.46%
    508    18       44.1955   220       62.7633       44.2705   217299   29.46%
    509    19       55.7161    99       62.7633       44.2705   219104   29.46%
    511    21       55.9271    91       62.7633       44.2705   220652   29.46%
    512    22       44.2998   184       62.7633       44.2705   221536   29.46%
    514    24       44.4098   166       62.7633       44.2705   223077   29.46%
    515    25       44.4917   190       62.7633       44.2705   223879   29.46%
Elapsed time = 23.74 sec. (66526.68 ticks, tree = 0.08 MB, solutions = 11)
    516    26       44.6388   219       62.7633       44.2705   225337   29.46%
    517    27       44.8489   206       62.7633       44.2705   226233   29.46%
    520    30       44.9925   178       62.7633       44.2705   227668   29.46%
    521    31       53.7156   169       62.7633       44.2705   230891   29.46%
    523    33       45.3836   144       62.7633       44.2705   233854   29.46%
    526    36       45.4285   142       62.7633       44.2705   241291   29.46%
    528    38       45.5815   140       62.7633       44.2705   243845   29.46%
    529    38       61.9408    75       62.7633       44.2705   246061   29.46%
    532    38       62.4194    56       62.7633       44.2705   246942   29.46%
    542    42       62.7155    43       62.7633       44.2705   248892   29.46%
Elapsed time = 28.04 sec. (79008.23 ticks, tree = 0.13 MB, solutions = 11)
    546    44       57.5853    48       62.7633       44.2705   253106   29.46%
    555    53       52.8595   120       62.7633       44.2705   255434   29.46%
    564    62       53.1944   126       62.7633       44.2705   257583   29.46%
    574    68       53.9668    82       62.7633       44.2705   258836   29.46%
    583    70       44.9577   176       62.7633       44.2705   263234   29.46%
    601    84       48.1805   124       62.7633       44.2705   264375   29.46%
    620    99       49.2851   120       62.7633       44.2705   265592   29.46%
    626   100       51.0155   118       62.7633       44.2705   266552   29.46%
    641   110       52.5013   125       62.7633       44.2705   267658   29.46%
    651   115       54.1490    95       62.7633       44.2705   269109   29.46%
Elapsed time = 32.21 sec. (90931.98 ticks, tree = 0.45 MB, solutions = 11)
    666   127       55.3318   119       62.7633       44.2705   271180   29.46%
    689   141       54.5899   141       62.7633       44.2705   276784   29.46%
    695   147       55.8583   150       62.7633       44.2705   278633   29.46%
    697   149       56.0055   145       62.7633       44.2705   280553   29.46%
    701   153       56.0738   118       62.7633       44.2705   282268   29.46%
    710   162       57.3009   123       62.7633       44.2705   285163   29.46%
    722   173       59.3709   133       62.7633       44.2705   291862   29.46%
    761   196       50.4315   120       62.7633       44.2705   295997   29.46%
    770   205       51.6050   155       62.7633       44.2705   299146   29.46%
    785   219       56.3932   110       62.7633       44.2705   303383   29.46%
Elapsed time = 36.50 sec. (102682.82 ticks, tree = 0.63 MB, solutions = 11)
    806   229       51.1351   162       62.7633       44.2705   307265   29.46%
    812   235       51.2062   100       62.7633       44.2705   310655   29.46%
    855   271       51.6860    76       62.7633       44.2705   311979   29.46%
    881   288       54.4649    85       62.7633       44.2705   319258   29.46%
    895   302       55.7186    57       62.7633       44.2705   322268   29.46%
    917   324       56.2958    34       62.7633       44.2705   324616   29.46%
    956   355       55.8577   123       62.7633       44.2705   329549   29.46%
    967   366       58.5096   137       62.7633       44.2705   335244   29.46%
    975   374       59.3929    83       62.7633       44.2705   337530   29.46%
   1018   405       55.0004   129       62.7633       44.2705   344868   29.46%
Elapsed time = 40.42 sec. (113602.75 ticks, tree = 1.76 MB, solutions = 11)
   1080   463       56.9531    53       62.7633       44.2705   349986   29.46%
*  1094   461      integral     0       62.1252       44.2705   350265   28.74%
   1100   467       56.1753   131       62.1252       44.3558   355581   28.60%
   1109   473       52.1358   149       62.1252       44.3807   363094   28.56%
   1135   496       52.1850   119       62.1252       44.3807   365675   28.56%
   1176   521       51.1351   127       62.1252       44.4369   370659   28.47%
   1234   576       51.6631   149       62.1252       44.4369   372969   28.47%
   1251   587       59.0005    84       62.1252       44.4369   376738   28.47%
   1283   614       57.6847   107       62.1252       44.4631   382478   28.43%
   1341   667       58.6344    49       62.1252       44.9922   388762   27.58%
   1385   707       45.8251   141       62.1252       45.0156   391030   27.54%
Elapsed time = 44.16 sec. (124083.13 ticks, tree = 2.68 MB, solutions = 12)
   1403   717       51.1351   100       62.1252       45.0391   395964   27.50%
   1440   747       50.1176   123       62.1252       45.3923   400802   26.93%
   1487   787       53.6705   111       62.1252       45.3923   407219   26.93%
   1514   804       52.2071   112       62.1252       45.4328   415463   26.87%
   1580   861       53.1849   107       62.1252       45.4328   419666   26.87%
   1596   874       58.7818   103       62.1252       45.5872   428196   26.62%
   1604   878       46.0385   156       62.1252       45.7089   431590   26.42%
   1631   905       47.4030   171       62.1252       45.7089   433339   26.42%
   1658   926       50.1302   116       62.1252       45.7089   435996   26.42%
   1699   956       52.9683   157       62.1252       45.7089   449987   26.42%
Elapsed time = 48.82 sec. (137343.17 ticks, tree = 4.40 MB, solutions = 12)
   1812  1050       46.7655   127       62.1252       46.0604   469939   25.86%
   1905  1123       52.8137   155       62.1252       46.1345   490587   25.74%
   1987  1186       61.1755   122       62.1252       46.5987   508246   24.99%
   2162  1341       51.2046   164       62.1252       46.6545   529259   24.90%
*  2202+ 1347                           61.7905       46.7030            24.42%
   2337  1452       59.7186   109       61.7905       46.8966   552356   24.10%
*  2492+ 1496                           61.3095       47.0301            23.29%
   2567  1539       59.6866    58       61.3095       47.1913   577302   23.03%
   2645  1593       58.8066    33       61.3095       47.3394   596164   22.79%
   2660  1598       57.7062    59       61.3095       47.3749   605584   22.73%
   2709  1627       59.7182   113       61.3095       47.4138   614948   22.66%
   2862  1743       49.8439   134       61.3095       47.5058   636112   22.51%
Elapsed time = 62.75 sec. (176463.36 ticks, tree = 9.67 MB, solutions = 14)
   2927  1801       49.4860   205       61.3095       47.5167   654645   22.50%
   3084  1910       59.9684    38       61.3095       47.6153   676890   22.34%
   3243  2011       49.9289   195       61.3095       47.8460   699713   21.96%
   3350  2062       49.0580   152       61.3095       48.1640   721580   21.44%
   3441  2116    infeasible             61.3095       48.1678   736636   21.44%
*  3492+ 1369                           57.8093       48.2032            16.62%
   3592  1405       49.5395   138       57.8093       48.3412   763573   16.38%
   3688  1437       53.3633    82       57.8093       48.7579   781278   15.66%
   3765  1461       52.4270    89       57.8093       49.0175   798363   15.21%
   3833  1487        cutoff             57.8093       49.0702   816702   15.12%
   3939  1509        cutoff             57.8093       49.5282   840426   14.32%
Elapsed time = 76.56 sec. (215458.09 ticks, tree = 9.10 MB, solutions = 15)
   4079  1563       51.9251    88       57.8093       50.1187   863233   13.30%
   4199  1656       54.5109   204       57.8093       50.1757   888571   13.20%
   4299  1710       57.1229    52       57.8093       50.3709   906006   12.87%
   4492  1788        cutoff             57.8093       50.8540   937650   12.03%
   4536  1794       51.2767    90       57.8093       51.0171   947892   11.75%
   4850  2000       51.1351    39       57.8093       51.1351   972439   11.55%
   5019  2123       51.9734    92       57.8093       51.1351   994781   11.55%
   5337  2362       51.1734   132       57.8093       51.1377  1016056   11.54%
   5473  2430       56.9596    84       57.8093       51.1834  1036988   11.46%
   5614  2495        cutoff             57.8093       51.2236  1055796   11.39%
Elapsed time = 90.84 sec. (254350.07 ticks, tree = 15.98 MB, solutions = 15)
   5875  2653       56.0927    87       57.8093       51.2698  1080311   11.31%
   6110  2741       55.0324    45       57.8093       51.3257  1106875   11.22%
   6325  2780       57.6934    34       57.8093       51.3952  1129785   11.10%
   6464  2821        cutoff             57.8093       51.4427  1155026   11.01%
   6679  2889       56.3074    80       57.8093       51.5122  1180990   10.89%
   6803  2894       52.6782    95       57.8093       51.5703  1202891   10.79%
   6944  2955       53.3119   130       57.8093       51.5918  1226253   10.76%
   7093  2936       56.2251    29       57.8093       51.6828  1248849   10.60%
   7282  2944       57.1060    88       57.8093       51.7850  1271332   10.42%
   7351  2918       52.0385   132       57.8093       51.8641  1286007   10.28%
Elapsed time = 105.40 sec. (292975.48 ticks, tree = 18.72 MB, solutions = 15)
   7540  2970       57.1002    54       57.8093       51.9675  1311084   10.11%
   7638  2994       55.1269   119       57.8093       52.0522  1325900    9.96%
   7800  2998       54.0122    94       57.8093       52.1368  1353792    9.81%
   7983  3122        cutoff             57.8093       52.1494  1372566    9.79%
   8112  3159       56.2005    66       57.8093       52.2046  1388299    9.70%
   8341  3217       56.3927    73       57.8093       52.2756  1410342    9.57%
   8443  3164        cutoff             57.8093       52.3665  1427495    9.41%
   8585  3160        cutoff             57.8093       52.4346  1447089    9.30%
   8748  3184       55.8680   110       57.8093       52.5137  1468747    9.16%
   8958  3277       55.7491    27       57.8093       52.5478  1489420    9.10%
Elapsed time = 120.09 sec. (331605.28 ticks, tree = 20.63 MB, solutions = 15)
   9113  3325        cutoff             57.8093       52.5906  1507919    9.03%
   9316  3360       54.7307   137       57.8093       52.6833  1533385    8.87%
   9486  3338       53.2343   142       57.8093       52.8104  1557597    8.65%
   9642  3345       57.5477    55       57.8093       52.8854  1579744    8.52%
   9783  3327       55.3423    94       57.8093       52.9588  1598412    8.39%
   9888  3286       53.6408    84       57.8093       53.0270  1614683    8.27%
  10037  3290       57.6533   116       57.8093       53.1032  1633864    8.14%
  10186  3267       56.2838    47       57.8093       53.1632  1655170    8.04%

Performing restart 2

Repeating presolve.
Tried aggregator 1 time.
MIP Presolve eliminated 0 rows and 147 columns.
MIP Presolve modified 38 coefficients.
Reduced MIP has 877 rows, 3457 columns, and 69954 nonzeros.
Reduced MIP has 3391 binaries, 0 generals, 0 SOSs, and 0 indicators.
Presolve time = 0.03 sec. (42.46 ticks)
Tried aggregator 1 time.
Reduced MIP has 877 rows, 3457 columns, and 69954 nonzeros.
Reduced MIP has 3391 binaries, 0 generals, 0 SOSs, and 0 indicators.
Presolve time = 0.02 sec. (34.26 ticks)
Represolve time = 0.14 sec. (258.40 ticks)
  10335     0       44.2515   166       57.8093      Cuts: 14  1679962    7.97%
  10335     0       44.2515   186       57.8093      Cuts: 22  1681061    7.97%
  10335     0       44.6874   227       57.8093       Cuts: 7  1682648    7.97%
  10335     0       44.6874   214       57.8093      Cuts: 15  1682920    7.97%
  10335     0       44.6874   216       57.8093      Cuts: 25  1683336    7.97%
  10335     0       44.6874   214       57.8093       Cuts: 4  1683643    7.97%
  10335     0       44.6874   219       57.8093       Cuts: 7  1683975    7.97%
  10335     0       44.6874   212       57.8093       Cuts: 2  1684163    7.97%

Repeating presolve.
Tried aggregator 1 time.
MIP Presolve eliminated 2 rows and 64 columns.
MIP Presolve modified 579 coefficients.
Reduced MIP has 875 rows, 3393 columns, and 74427 nonzeros.
Reduced MIP has 3327 binaries, 0 generals, 0 SOSs, and 0 indicators.
Presolve time = 0.03 sec. (53.64 ticks)
Tried aggregator 1 time.
Reduced MIP has 875 rows, 3393 columns, and 74427 nonzeros.
Reduced MIP has 3327 binaries, 0 generals, 0 SOSs, and 0 indicators.
Presolve time = 0.03 sec. (36.34 ticks)
Represolve time = 0.38 sec. (648.93 ticks)
  10335     0       44.6874   200       57.8093       Cuts: 9  1687639    7.97%
  10335     0       44.6874   205       57.8093       Cuts: 8  1687788    7.97%
  10335     0       44.6874   206       57.8093       Cuts: 9  1688117    7.97%
  10335     0       44.6874   229       57.8093       Cuts: 7  1688381    7.97%
  10335     0       44.6874   224       57.8093      Cuts: 15  1688740    7.97%
  10335     0       44.6874   210       57.8093      Cuts: 27  1689304    7.97%
  10335     0       44.6874   226       57.8093      Cuts: 10  1689693    7.97%
  10335     0       44.6874   233       57.8093       Cuts: 5  1690126    7.97%
  10335     2       44.6874   207       57.8093       53.2041  1690126    7.97%
  10339     6       45.0006   159       57.8093       53.2041  1694653    7.97%
Elapsed time = 168.39 sec. (488570.31 ticks, tree = 0.01 MB, solutions = 15)
  10353     8       44.9146   149       57.8093       53.2041  1700610    7.97%
  10360    15       45.1540   181       57.8093       53.2041  1708245    7.97%
  10373    28       45.2674   184       57.8093       53.2041  1712306    7.97%
  10393    32       57.2225    81       57.8093       53.2041  1719877    7.97%
  10421    42       54.9248    89       57.8093       53.2041  1725707    7.97%
  10476    70       56.6083    73       57.8093       53.2041  1729707    7.97%
  10515    98       45.4927   170       57.8093       53.2041  1732877    7.97%
  10533   111       55.8572   108       57.8093       53.2041  1740060    7.97%
  10577   134       54.7986   163       57.8093       53.2041  1750806    7.97%
  10615   158       56.7110    87       57.8093       53.2041  1758446    7.97%
Elapsed time = 181.91 sec. (529360.71 ticks, tree = 1.31 MB, solutions = 15)
  10673   204       55.7746    86       57.8093       53.2041  1765907    7.97%
  10733   248       54.7971    80       57.8093       53.2041  1772534    7.97%
  10775   272       45.3771   162       57.8093       53.2041  1781013    7.97%
  10810   307       46.7518   188       57.8093       53.2041  1783021    7.97%
  10844   328       56.3181   167       57.8093       53.2041  1792264    7.97%
  10866   332       54.9771   111       57.8093       53.2041  1796847    7.97%
  10934   377        cutoff             57.8093       53.2041  1806807    7.97%
  10970   409       56.8134    79       57.8093       53.2041  1816882    7.97%
  11024   440       51.1704   141       57.8093       53.2041  1827236    7.97%
  11062   459       52.1192   115       57.8093       53.2041  1839437    7.97%
Elapsed time = 194.22 sec. (568090.96 ticks, tree = 3.91 MB, solutions = 15)
  11079   470       56.0549   138       57.8093       53.2041  1842437    7.97%
  11120   491       53.4742   152       57.8093       53.2041  1852795    7.97%
  11161   511       51.1695   167       57.8093       53.2041  1859274    7.97%
  11203   538       53.8547   173       57.8093       53.2041  1867453    7.97%
  11250   578       56.7136    48       57.8093       53.2041  1872890    7.97%
  11309   597       57.2051    74       57.8093       53.2041  1887070    7.97%
  11364   624       53.7975   115       57.8093       53.2041  1897430    7.97%
  11403   647       47.0344   128       57.8093       53.2041  1905160    7.97%
  11441   677       49.1601   165       57.8093       53.2041  1906186    7.97%
  11477   695       51.4334   133       57.8093       53.2041  1914355    7.97%
Elapsed time = 206.36 sec. (607249.87 ticks, tree = 5.99 MB, solutions = 15)
  11517   730       56.6336   126       57.8093       53.2041  1921685    7.97%
  11557   750       51.6023   112       57.8093       53.2041  1932129    7.97%
  11610   763        cutoff             57.8093       53.2041  1942512    7.97%
  11650   791       47.3990   204       57.8093       53.2041  1949410    7.97%
  11689   815       55.3603   112       57.8093       53.2041  1957843    7.97%
  11744   838       47.6720   145       57.8093       53.2041  1967533    7.97%
  11785   878       48.9296   161       57.8093       53.2041  1969562    7.97%
  11820   908       51.1747   162       57.8093       53.2041  1974033    7.97%
  11845   928       52.1605   145       57.8093       53.2041  1981558    7.97%
  11866   941       53.2691   206       57.8093       53.2041  1985200    7.97%
Elapsed time = 218.40 sec. (646426.18 ticks, tree = 8.13 MB, solutions = 15)
  11895   962       55.2680   105       57.8093       53.2041  1991514    7.97%
  11941   983       57.0186   111       57.8093       53.2041  2001388    7.97%
  11991  1000       48.6267   156       57.8093       53.2041  2011784    7.97%
  12023  1016       57.7521   111       57.8093       53.2041  2024080    7.97%
  12077  1027       53.5099   111       57.8093       53.2041  2037082    7.97%
  12124  1042       52.5246   113       57.8093       53.2041  2047526    7.97%
  12171  1065       54.2754   116       57.8093       53.2041  2056727    7.97%
  12220  1092       48.9022   192       57.8093       53.2041  2061128    7.97%
  12254  1126       50.6240   144       57.8093       53.2041  2063328    7.97%
  12287  1154       55.2225   163       57.8093       53.2041  2069122    7.97%
Elapsed time = 230.38 sec. (685311.26 ticks, tree = 9.73 MB, solutions = 15)
  12342  1150        cutoff             57.8093       53.2041  2084467    7.97%
  12404  1138        cutoff             57.8093       53.2041  2103599    7.97%
  12460  1137       49.6807   190       57.8093       53.2041  2121130    7.97%
  12506  1151       57.8059    86       57.8093       53.2041  2127034    7.97%
  12546  1153       54.2484   174       57.8093       53.2041  2140235    7.97%
  12605  1144       54.7173    64       57.8093       53.2041  2154571    7.97%
  12654  1159       54.0917   189       57.8093       53.2041  2160593    7.97%
  12701  1174        cutoff             57.8093       53.2041  2167124    7.97%
  12747  1183       54.2403   170       57.8093       53.2041  2176573    7.97%
  12790  1201       55.7618   139       57.8093       53.2041  2186062    7.97%
Elapsed time = 242.59 sec. (723925.08 ticks, tree = 9.73 MB, solutions = 15)
  12833  1221       51.3519   167       57.8093       53.2041  2189894    7.97%
  12888  1220       51.1833   112       57.8093       53.2041  2203986    7.97%
  12938  1256       52.3607   105       57.8093       53.2041  2209954    7.97%
  12984  1298       54.9929   140       57.8093       53.2041  2214861    7.97%
  13033  1320       56.7752   104       57.8093       53.2041  2226069    7.97%
  13091  1352       51.8938   170       57.8093       53.2041  2234750    7.97%
  13156  1387       52.4406   117       57.8093       53.2041  2240371    7.97%
  13218  1422       53.3600   128       57.8093       53.2041  2248584    7.97%
  13275  1451       51.7060   100       57.8093       53.2041  2254467    7.97%
  13332  1477       53.5047   115       57.8093       53.2041  2264385    7.97%
Elapsed time = 254.55 sec. (762601.53 ticks, tree = 9.98 MB, solutions = 15)
  13396  1503       52.1095   133       57.8093       53.2041  2269434    7.97%
  13456  1535       53.3622    99       57.8093       53.2041  2276670    7.97%
  13502  1569       54.2215   139       57.8093       53.2041  2281513    7.97%
  13559  1589       53.6340    84       57.8093       53.2041  2291239    7.97%
  13634  1582       52.4342    85       57.8093       53.2041  2306040    7.97%
  13689  1620       54.5062   105       57.8093       53.2041  2309191    7.97%
  13761  1628       57.6958    47       57.8093       53.2041  2321011    7.97%
  13841  1625       53.5663   137       57.8093       53.2041  2337624    7.97%
  13918  1624        cutoff             57.8093       53.2041  2350415    7.97%
  13992  1626       57.2275   104       57.8093       53.2041  2361214    7.97%
Elapsed time = 266.69 sec. (801096.55 ticks, tree = 11.09 MB, solutions = 15)
  14068  1596       57.3027    50       57.8093       53.2041  2379146    7.97%
  14157  1583       57.7211    39       57.8093       53.2041  2395127    7.97%
  14221  1599       52.6703   103       57.8093       53.2041  2403986    7.97%
  14259  1622       56.1585   188       57.8093       53.2041  2408431    7.97%
  14341  1586        cutoff             57.8093       53.2041  2423709    7.97%
  14451  1519       53.1993   151       57.8093       53.2041  2440761    7.97%
  14500  1542       54.7846   181       57.8093       53.2041  2445143    7.97%
  14545  1536       57.1002    39       57.8093       53.2041  2455868    7.97%
  14621  1524       55.2538   121       57.8093       53.2542  2466487    7.88%
  14693  1499        cutoff             57.8093       53.3580  2481189    7.70%
Elapsed time = 279.12 sec. (839734.85 ticks, tree = 10.44 MB, solutions = 15)
  14770  1478       54.0771   155       57.8093       53.4789  2492071    7.49%
  14854  1459       56.7931   148       57.8093       53.6169  2502258    7.25%
  14939  1415       54.1188   123       57.8093       53.7737  2513800    6.98%
  15019  1395        cutoff             57.8093       53.8779  2527315    6.80%
  15107  1365       56.2201    70       57.8093       54.0489  2538292    6.50%
  15160  1379       55.7024   123       57.8093       54.0989  2545435    6.42%
  15248  1392       57.0184   100       57.8093       54.2077  2556978    6.23%
  15354  1342        cutoff             57.8093       54.4210  2571417    5.86%
  15471  1281       55.7186    48       57.8093       54.7072  2582969    5.37%
* 15515  1124      integral     0       57.2830       54.7072  2585686    4.50%
Elapsed time = 290.96 sec. (876985.37 ticks, tree = 7.68 MB, solutions = 16)
  15594  1190        cutoff             57.2830       54.7077  2590697    4.50%
  15667  1198        cutoff             57.2830       54.8008  2601125    4.33%
  15745  1194       55.7346    76       57.2830       54.9248  2614104    4.12%
  15825  1222       56.8629    55       57.2830       54.9852  2622244    4.01%
  15908  1242       56.7290    44       57.2830       55.0515  2631894    3.90%
  15999  1281       56.6866    54       57.2830       55.1093  2641874    3.79%
  16102  1258       56.3010    87       57.2830       55.2835  2651564    3.49%
  16197  1264        cutoff             57.2830       55.3887  2659149    3.31%
  16295  1259       56.2958    48       57.2830       55.5297  2669004    3.06%
  16383  1275       56.8295    74       57.2830       55.6175  2680583    2.91%
Elapsed time = 303.00 sec. (915360.32 ticks, tree = 8.01 MB, solutions = 16)
  16470  1296        cutoff             57.2830       55.6958  2689340    2.77%
  16548  1341       55.8432    15       57.2830       55.6958  2698445    2.77%
  16619  1400       55.7343    63       57.2830       55.6958  2705268    2.77%
  16700  1471       56.6841    37       57.2830       55.6962  2710370    2.77%
  16766  1512        cutoff             57.2830       55.6988  2719148    2.77%
* 16795+ 1297                           57.0083       55.6997             2.30%
  16848  1319        cutoff             57.0083       55.7019  2727509    2.29%
  16902  1338       56.2731    12       57.0083       55.7033  2730429    2.29%
  16991  1358       56.2958    45       57.0083       55.7126  2737613    2.27%
  17067  1394        cutoff             57.0083       55.7186  2741819    2.26%
  17129  1424       55.8015    21       57.0083       55.7186  2747793    2.26%
Elapsed time = 314.53 sec. (953662.37 ticks, tree = 6.83 MB, solutions = 17)
  17205  1473       56.8667    65       57.0083       55.7186  2752530    2.26%
  17289  1507       55.7424    32       57.0083       55.7186  2759761    2.26%
  17352  1539       55.7291    74       57.0083       55.7186  2765032    2.26%
  17421  1580       55.7434    51       57.0083       55.7186  2770469    2.26%
  17475  1611       55.7738    29       57.0083       55.7186  2773870    2.26%
  17537  1637        cutoff             57.0083       55.7186  2778276    2.26%
  17613  1672       55.7803    25       57.0083       55.7186  2782120    2.26%
  17689  1699       56.3127    49       57.0083       55.7186  2786357    2.26%
  17745  1718        cutoff             57.0083       55.7186  2796700    2.26%
  17820  1778       56.0596    70       57.0083       55.7186  2800900    2.26%
Elapsed time = 325.76 sec. (992144.74 ticks, tree = 7.40 MB, solutions = 17)
  17882  1799       55.7393    89       57.0083       55.7186  2806473    2.26%
  17963  1847       55.7186    12       57.0083       55.7186  2812259    2.26%
  18042  1889       55.8075    35       57.0083       55.7186  2818032    2.26%
  18106  1928       55.7379   118       57.0083       55.7186  2824272    2.26%
  18183  1967       55.7385    86       57.0083       55.7186  2829807    2.26%
* 18237  2002      integral     0       57.0011       55.7186  2833633    2.25%
  18239  2002       55.7251    40       57.0011       55.7186  2834236    2.25%
  18316  2020       55.9013    83       57.0011       55.7186  2841830    2.25%
  18394  2053       56.6268    55       57.0011       55.7227  2847931    2.24%
  18473  2064       56.3102    52       57.0011       55.7251  2855063    2.24%
  18556  2080       56.0062    44       57.0011       55.7272  2861101    2.23%
Elapsed time = 337.26 sec. (1030702.24 ticks, tree = 8.89 MB, solutions = 18)
  18644  2078        cutoff             57.0011       55.7278  2867084    2.23%
  18744  2082       56.2626    50       57.0011       55.7335  2873907    2.22%
  18819  2106       55.7776   103       57.0011       55.7361  2881366    2.22%
  18901  2109       56.2755    56       57.0011       55.7385  2888483    2.22%
  18996  2118       55.8141    87       57.0011       55.7417  2895066    2.21%
* 19013  1976      integral     0       56.8493       55.7421  2896513    1.95%
  19103  1946       56.7191    80       56.8493       55.7481  2905689    1.94%
  19180  1953       55.7491    24       56.8493       55.7491  2912588    1.94%
  19266  1946       56.4401    55       56.8493       55.7528  2919590    1.93%
  19373  1910       56.3364    40       56.8493       55.7608  2927661    1.91%
  19486  1866       55.7805    44       56.8493       55.7697  2934299    1.90%
Elapsed time = 348.99 sec. (1069077.30 ticks, tree = 8.31 MB, solutions = 19)
  19591  1875        cutoff             56.8493       55.7755  2939184    1.89%
  19719  1827        cutoff             56.8493       55.7860  2944845    1.87%
  19821  1794        cutoff             56.8493       55.7951  2951045    1.85%
  19950  1723        cutoff             56.8493       55.8128  2959488    1.82%
  20107  1642        cutoff             56.8493       55.8469  2967079    1.76%
  20179  1625       56.0206    71       56.8493       55.8629  2971561    1.74%
  20278  1572       56.6109    62       56.8493       55.8950  2977229    1.68%
  20386  1550       56.8169    33       56.8493       55.9264  2985034    1.62%
  20505  1504        cutoff             56.8493       55.9792  2991231    1.53%
  20593  1527       56.2854    59       56.8493       55.9845  2997532    1.52%
Elapsed time = 360.82 sec. (1107659.51 ticks, tree = 7.88 MB, solutions = 19)
  20694  1534        cutoff             56.8493       56.0001  3004966    1.49%
  20780  1551       56.0072    61       56.8493       56.0072  3008979    1.48%
  20865  1583       56.0958    59       56.8493       56.0072  3015732    1.48%
  20963  1577       56.5079    23       56.8493       56.0263  3022990    1.45%
  21056  1576       56.3533    72       56.8493       56.0430  3029203    1.42%
  21153  1548       56.8066   106       56.8493       56.0878  3038039    1.34%
  21252  1521       56.7455    76       56.8493       56.1246  3045470    1.27%
  21345  1516        cutoff             56.8493       56.1634  3050906    1.21%
  21456  1492       56.2993    94       56.8493       56.2175  3056362    1.11%
  21556  1493       56.3302    42       56.8493       56.2403  3060653    1.07%
Elapsed time = 372.50 sec. (1146181.46 ticks, tree = 8.95 MB, solutions = 19)
  21661  1490       56.2984    67       56.8493       56.2626  3068220    1.03%
  21739  1520       56.3216    77       56.8493       56.2626  3073168    1.03%
  21834  1534    infeasible             56.8493       56.2670  3078707    1.02%
  21929  1527       56.3046    91       56.8493       56.2731  3081918    1.01%
  22039  1534       56.3033    57       56.8493       56.2731  3086958    1.01%
  22117  1531       56.4795    33       56.8493       56.2731  3092369    1.01%
  22224  1510       56.3414    69       56.8493       56.2770  3096543    1.01%
  22324  1514        cutoff             56.8493       56.2796  3101451    1.00%
  22434  1467        cutoff             56.8493       56.2891  3105451    0.99%
  22560  1428       56.3661    95       56.8493       56.2958  3111762    0.97%
Elapsed time = 384.04 sec. (1184710.10 ticks, tree = 9.28 MB, solutions = 19)
  22629  1443        cutoff             56.8493       56.2958  3116843    0.97%
  22710  1423        cutoff             56.8493       56.2958  3125039    0.97%
  22784  1419        cutoff             56.8493       56.2958  3131675    0.97%
  22860  1444       56.3189    74       56.8493       56.2958  3136879    0.97%
  22933  1462       56.3700    55       56.8493       56.2960  3143852    0.97%
  23041  1418       56.7545    38       56.8493       56.3027  3149414    0.96%
  23150  1376       56.3566    80       56.8493       56.3115  3154444    0.95%
  23282  1307       56.8471    74       56.8493       56.3246  3160137    0.92%
  23435  1194       56.4831    44       56.8493       56.3479  3164693    0.88%
  23578  1104        cutoff             56.8493       56.3700  3169900    0.84%
Elapsed time = 395.82 sec. (1223225.67 ticks, tree = 7.55 MB, solutions = 19)
  23755   987        cutoff             56.8493       56.4235  3175413    0.75%
  23899   894        cutoff             56.8493       56.4726  3181169    0.66%
  24074   754        cutoff             56.8493       56.5527  3186814    0.52%
  24246   651       56.6793   111       56.8493       56.6518  3193065    0.35%
  24381   583       56.6786    28       56.8493       56.6786  3200313    0.30%
  24493   576       56.7389    49       56.8493       56.6786  3207344    0.30%
  24636   498       56.7166    40       56.8493       56.6963  3212400    0.27%
  24789   407       56.7262    42       56.8493       56.7186  3215482    0.23%
  24879   376       56.7186    26       56.8493       56.7186  3217883    0.23%
  25045   283        cutoff             56.8493       56.7474  3221947    0.18%
Elapsed time = 407.79 sec. (1261620.18 ticks, tree = 2.30 MB, solutions = 19)
  25228   136        cutoff             56.8493       56.8066  3227890    0.08%
  25325    94        cutoff             56.8493       56.8096  3235456    0.07%

GUB cover cuts applied:  8
Clique cuts applied:  1
Cover cuts applied:  26
Implied bound cuts applied:  4
Mixed integer rounding cuts applied:  12
Zero-half cuts applied:  26
Lift and project cuts applied:  2
Gomory fractional cuts applied:  11

Root node processing (before b&c):
  Real time             =    2.41 sec. (5560.41 ticks)
Sequential b&c:
  Real time             =  408.27 sec. (1265179.26 ticks)
                          ------------
Total (root+branch&cut) =  410.68 sec. (1270739.67 ticks)
Feasible solution found!
Truck nodes:
Stage 1 at customer 0 with arrival time is: 
Stage 2 at customer 10 with arrival time is: 
Stage 3 at customer 7 with arrival time is: 
Stage 4 at customer 5 with arrival time is: 
Stage 5 at customer 6 with arrival time is: 
Stage 6 at customer 8 with arrival time is: 
Stage 7 at customer 4 with arrival time is: 
Stage 8 at customer 9 with arrival time is: 
Stage 9 at customer 11 with arrival time is: 
Truck arcs:
Arc 1 connecting 0 and 10 with cost 12.8383 
Arc 2 connecting 10 and 7 with cost 12.1655 
Arc 3 connecting 7 and 5 with cost 0.777831 
Arc 4 connecting 5 and 6 with cost 0.955922 
Arc 5 connecting 6 and 8 with cost 5.60229 
Arc 6 connecting 8 and 4 with cost 1.94864 
Arc 7 connecting 4 and 9 with cost 9.26756 
Arc 8 connecting 9 and 11 with cost 7.71706 
Customer 1 served by drone.
Drone fly from 10 at stage 2 to serve 1 and then fly back to 7 at stage 3. 
Truck arcs during this sortie: 10--->7
Truck travel time from stage 2 to 3 is: 12.1655
Total drone travel time: 10.5368
Customer 2 served by drone.
Drone fly from 0 at stage 1 to serve 2 and then fly back to 10 at stage 2. 
Truck arcs during this sortie: 0--->10
Truck travel time from stage 1 to 2 is: 12.8383
Total drone travel time: 13.4145
Customer 3 served by drone.
Drone fly from 7 at stage 3 to serve 3 and then fly back to 9 at stage 8. 
Truck arcs during this sortie: 7--->5--->6--->8--->4--->9
Truck travel time from stage 3 to 8 is: 18.5522
Total drone travel time: 18.326
Customer 1 served, start stage = 2, end stage = 3
Wait time for this sortie: 0
Customer 2 served, start stage = 1, end stage = 2
Wait time for this sortie: 0.576143
Customer 3 served, start stage = 3, end stage = 8
Wait time for this sortie: 0
Printing Y(k,i,h):
Y[1][0][2] == 1
Y[2][10][1] == 1
Y[3][7][3] == 1
Done!
-------------------------Re-calculated objective-----------------------
56.8493
------------------------------------------------------------------------
Solve time: 410.677
OBJECTIVE VALUE: 56.8493, NUMBER OF SORTIES: 0.
Number of loop(s):0
Number of revisit: 0
In write mode
