Instance name: /home/orlab/CLionProjects/RV-FSTSP/Murray_instances/FSTSP/FSTSP_10_customer_problems/20140810T123443v8
Write arg val: 1
Input is specified as type M: Murray instance.-.-.-.-.-.-.-.-.-.-.-.-.-.-.-.-.-.-.-.-

drone speed: 0.4 miles/minute
uav non-eligible customer: 4 8 
Printing tau:
0 20.1617 17.555 24.7489 26.848 22.0899 22.0816 22.3793 17.0796 19.5667 16.3153 0 
20.1617 0 8.59672 16.5872 14.8463 1.92825 1.9199 7.49765 3.32128 11.405 7.04299 20.1617 
17.555 8.59672 0 25.184 23.443 8.42508 9.39342 16.0944 11.7546 20.0018 15.6397 17.555 
24.7489 16.5872 25.184 0 20.0769 16.7589 15.7905 15.6083 13.4294 5.1822 10.0243 24.7489 
26.848 14.8463 23.443 20.0769 0 15.0179 14.0496 7.34864 11.6884 17.2947 10.5327 26.848 
22.0899 1.92825 8.42508 16.7589 15.0179 0 0.968346 7.66929 5.01036 12.5367 7.21463 22.0899 
22.0816 1.9199 9.39342 15.7905 14.0496 0.968346 0 6.70095 5.00201 12.5283 6.24629 22.0816 
22.3793 7.49765 16.0944 15.6083 7.34864 7.66929 6.70095 0 5.29976 12.8261 6.06403 22.3793 
17.0796 3.32128 11.7546 13.4294 11.6884 5.01036 5.00201 5.29976 0 8.24716 3.8851 17.0796 
19.5667 11.405 20.0018 5.1822 17.2947 12.5367 12.5283 12.8261 8.24716 0 6.76206 19.5667 
16.3153 7.04299 15.6397 10.0243 10.5327 7.21463 6.24629 6.06403 3.8851 6.76206 0 16.3153 
0 0 0 0 0 0 0 0 0 0 0 0 
Printing tau_prime:
0 15.3803 12.4171 18.1433 25.0018 16.6103 16.8501 19.3139 14.4887 15.3968 15.7698 0 
15.3803 0 6.3521 15.0739 11.5134 1.36887 1.46982 5.52869 3.12023 11.0139 5.67443 15.3803 
12.4171 6.3521 0 19.3717 17.8316 6.76563 7.37314 11.8807 8.31856 15.2332 11.0936 12.4171 
18.1433 15.0739 19.3717 0 14.2498 16.055 15.5524 12.7718 11.9711 4.15908 9.54426 18.1433 
25.0018 11.5134 17.8316 14.2498 0 11.1395 10.4907 6.08158 10.7713 12.469 9.269 25.0018 
16.6103 1.36887 6.76563 16.055 11.1395 0 0.684749 5.42687 4.25379 12.0662 6.53442 16.6103 
16.8501 1.46982 7.37314 15.5524 10.4907 0.684749 0 4.74296 3.91122 11.6081 6.01108 16.8501 
19.3139 5.52869 11.8807 12.7718 6.08158 5.42687 4.74296 0 4.8436 9.48094 4.29995 19.3139 
14.4887 3.12023 8.31856 11.9711 10.7713 4.25379 3.91122 4.8436 0 7.89497 2.79983 14.4887 
15.3968 11.0139 15.2332 4.15908 12.469 12.0662 11.6081 9.48094 7.89497 0 5.69004 15.3968 
15.7698 5.67443 11.0936 9.54426 9.269 6.53442 6.01108 4.29995 2.79983 5.69004 0 15.7698 
0 0 0 0 0 0 0 0 0 0 0 0 
---------------------------------------------------------------
Current config:
- Number of threads = 1
- Drone endurance = 20
- SL = 1
- SR = 1
- L = 1
- Allow loop = 0
- Allow revisit = 1
- Allow multi-visit drone = 0
- Use TSP optimal solution as warmstart: = 0
- Use cutting plane method: = 0
- Use CPLEX conflict refiner: = 0
---------------------------------------------------------------
---------------------------------------------
Calculate max stage gap for sortie.... 
Stage gap calculation consumes too much memory. No constraint was added.
---------------------------------------------
Warning:  Output names have been modified due to duplicate names or characters invalid in LP format.
Version identifier: 22.1.1.0 | 2022-11-28 | 9160aff4d
CPXPARAM_Threads                                 1
CPXPARAM_TimeLimit                               3600
CPXPARAM_WorkMem                                 24576
Tried aggregator 2 times.
MIP Presolve eliminated 4584 rows and 1949 columns.
MIP Presolve modified 4434 coefficients.
Aggregator did 31 substitutions.
Reduced MIP has 1434 rows, 3188 columns, and 80440 nonzeros.
Reduced MIP has 3122 binaries, 0 generals, 0 SOSs, and 0 indicators.
Presolve time = 0.08 sec. (153.84 ticks)
Found incumbent of value 158.825127 after 0.11 sec. (205.47 ticks)
Probing fixed 116 vars, tightened 0 bounds.
Probing time = 0.10 sec. (401.46 ticks)
Tried aggregator 2 times.
Detecting symmetries...
MIP Presolve eliminated 47 rows and 126 columns.
MIP Presolve modified 200 coefficients.
Aggregator did 11 substitutions.
Reduced MIP has 1376 rows, 3051 columns, and 69044 nonzeros.
Reduced MIP has 2995 binaries, 0 generals, 0 SOSs, and 0 indicators.
Presolve time = 0.05 sec. (82.86 ticks)
Probing fixed 21 vars, tightened 0 bounds.
Probing time = 0.04 sec. (148.24 ticks)
Clique table members: 32904.
MIP emphasis: balance optimality and feasibility.
MIP search method: dynamic search.
Parallel mode: none, using 1 thread.
Root relaxation solution time = 0.20 sec. (529.21 ticks)

        Nodes                                         Cuts/
   Node  Left     Objective  IInf  Best Integer    Best Bound    ItCnt     Gap

*     0+    0                          158.8251       -1.0000           100.63%
      0     0       49.0957   340      158.8251       49.0957     4863   69.09%
      0     0       66.0055   206      158.8251      Cuts: 26     7884   58.44%
      0     0       69.9590   165      158.8251      Cuts: 30     8336   55.95%
      0     0       70.6164   112      158.8251  ZeroHalf: 37    10115   55.54%
*     0+    0                          139.3557       70.6164            49.33%
*     0+    0                          138.3193       70.6164            48.95%
*     0+    0                          135.8983       70.6164            48.04%
*     0+    0                          118.2363       70.6164            40.28%
*     0+    0                          113.6157       70.6164            37.85%
*     0+    0                          111.9265       70.6164            36.91%
*     0+    0                          110.9498       70.6164            36.35%
      0     0  -1.00000e+75     0      110.9498       70.6164    10115   36.35%
      0     0       71.7914   163      110.9498      Cuts: 24    13604   35.29%
      0     0       73.8539   180      110.9498      Cuts: 17    15487   33.43%
Detecting symmetries...
      0     0       74.1069   158      110.9498      Cuts: 13    16795   33.21%
      0     0       74.5922   204      110.9498  ZeroHalf: 14    17998   32.77%
      0     0       74.9902   232      110.9498      Cuts: 18    18320   32.41%
      0     0       75.3581   240      110.9498   ZeroHalf: 5    20431   32.08%
      0     0       75.5314   242      110.9498      Cuts: 13    20782   31.92%
      0     0       75.6232   224      110.9498   ZeroHalf: 5    21018   31.84%
      0     0       75.6489   257      110.9498   ZeroHalf: 7    21135   31.82%
      0     0       75.7109   226      110.9498   ZeroHalf: 2    21280   31.76%
      0     0       75.7663   228      110.9498       Cuts: 3    21382   31.71%
      0     0       75.9181   216      110.9498   ZeroHalf: 5    21474   31.57%
      0     0       75.9525   240      110.9498   ZeroHalf: 3    22155   31.54%
      0     0       75.9574   257      110.9498       Cuts: 3    22282   31.54%
      0     0       75.9574   246      110.9498       Cuts: 3    22385   31.54%
*     0+    0                          101.5406       75.9574            25.20%
*     0+    0                          101.0606       75.9574            24.84%
*     0+    0                           99.6810       75.9574            23.80%
      0     0  -1.00000e+75     0       99.6810       75.9574    22401   23.80%
Detecting symmetries...
      0     2       75.9574   242       99.6810       75.9575    22401   23.80%
Elapsed time = 2.82 sec. (6589.71 ticks, tree = 0.01 MB, solutions = 11)
      3     5       76.0232   239       99.6810       75.9828    25797   23.77%
      4     6       76.9284    83       99.6810       76.0300    29606   23.73%
      7     9       84.7495    65       99.6810       76.0300    33663   23.73%
     10    12       84.7495    49       99.6810       76.0300    36207   23.73%
     14    16       84.7495    49       99.6810       76.0300    39318   23.73%
     19    21       84.7748    93       99.6810       76.0300    41542   23.73%
     24    26       85.0426    75       99.6810       76.0300    43917   23.73%
     58    46       76.7624   187       99.6810       76.0313    47739   23.73%
     62    50       77.6156   110       99.6810       76.0313    49795   23.73%
    106    68       76.4237   248       99.6810       76.1054    59774   23.65%
Elapsed time = 4.36 sec. (10865.28 ticks, tree = 0.16 MB, solutions = 11)
    120    82       83.8623    43       99.6810       76.1054    67936   23.65%
*   130+   61                           88.7965       76.2265            14.16%
    130    63       78.2085    12       88.7965       76.2265    73933   14.16%
    160    85       80.3227   113       88.7965       76.5258    81102   13.82%
    197   113       85.0230    74       88.7965       76.9919    90387   13.29%
*   210+  122                           87.9580       76.9919            12.47%
    261   152       85.2785    39       87.9580       77.4509   100438   11.95%
    317   185       79.7306   116       87.9580       77.5093   109367   11.88%
    361   218       87.5984    91       87.9580       77.7328   117964   11.63%
    417   240       78.9293    17       87.9580       77.8408   126427   11.50%
    486   294       84.2893    12       87.9580       78.1015   133961   11.21%
    540   323       80.1494   108       87.9580       78.1452   142307   11.16%
Elapsed time = 8.08 sec. (20581.43 ticks, tree = 1.95 MB, solutions = 13)
    630   409       78.2085    12       87.9580       78.2085   149354   11.08%
    683   458        cutoff             87.9580       78.2085   157954   11.08%
    718   481       84.5895    86       87.9580       78.2085   166705   11.08%
    738   490       79.7018    75       87.9580       78.2085   175187   11.08%
    779   520       84.9357    53       87.9580       78.2085   184797   11.08%
    795   526       80.5531    75       87.9580       78.2085   193205   11.08%
    831   551       78.2392    41       87.9580       78.2085   202000   11.08%
    858   563       82.2376    73       87.9580       78.2085   209216   11.08%
    872   568       80.7490    39       87.9580       78.2085   210854   11.08%
    881   569       78.2204    88       87.9580       78.2085   214170   11.08%
Elapsed time = 11.91 sec. (30775.30 ticks, tree = 3.33 MB, solutions = 13)
    901   587       85.1696    27       87.9580       78.2085   219435   11.08%
    933   603       78.2132    45       87.9580       78.2085   228336   11.08%
    980   633       78.2523    73       87.9580       78.2244   236211   11.07%

Performing restart 1

Repeating presolve.
Tried aggregator 2 times.
MIP Presolve eliminated 25 rows and 186 columns.
MIP Presolve modified 486 coefficients.
Aggregator did 1 substitutions.
Reduced MIP has 1350 rows, 2864 columns, and 62982 nonzeros.
Reduced MIP has 2808 binaries, 0 generals, 0 SOSs, and 0 indicators.
Presolve time = 0.04 sec. (70.04 ticks)
Tried aggregator 1 time.
Reduced MIP has 1350 rows, 2864 columns, and 62982 nonzeros.
Reduced MIP has 2808 binaries, 0 generals, 0 SOSs, and 0 indicators.
Presolve time = 0.02 sec. (36.30 ticks)
Represolve time = 0.12 sec. (242.68 ticks)
    982     0       76.0340   247       87.9580      Cuts: 16   243523   11.07%
    982     0       76.0929   242       87.9580      Cuts: 24   243766   11.07%
    982     0       76.1650   267       87.9580      Cuts: 19   244226   11.07%
    982     0       76.2029   259       87.9580      Cuts: 11   245744   11.07%
    982     0       76.2050   270       87.9580      Cuts: 21   246997   11.07%
    982     0       76.2150   299       87.9580       Cuts: 7   249401   11.07%
    982     0       76.2820   260       87.9580      Cuts: 15   249925   11.07%
    982     0       76.3007   254       87.9580      Cuts: 27   251706   11.07%
    982     2       76.3007   236       87.9580       78.2244   251706   11.07%
    983     3       76.4957   205       87.9580       78.2244   252438   11.07%
    984     4       76.5403   229       87.9580       78.2244   253586   11.07%
    985     5       76.5919   317       87.9580       78.2244   258732   11.07%
    986     6       76.5919   316       87.9580       78.2244   258733   11.07%
    987     7       76.5926   323       87.9580       78.2244   258829   11.07%
    989     9       76.5935   362       87.9580       78.2244   259360   11.07%
Elapsed time = 20.07 sec. (52732.32 ticks, tree = 0.05 MB, solutions = 13)
    990    10       76.5946   333       87.9580       78.2244   259493   11.07%
    992    12       76.5953   337       87.9580       78.2244   261896   11.07%
    993    13       76.5958   339       87.9580       78.2244   262828   11.07%
    999    19       76.5971   303       87.9580       78.2244   264513   11.07%
   1005    25       76.5972   275       87.9580       78.2244   265529   11.07%
   1010    28       76.6064   242       87.9580       78.2244   268100   11.07%
   1016    34       79.1882    96       87.9580       78.2244   271913   11.07%
   1022    38       80.8696    79       87.9580       78.2244   274194   11.07%
   1039    48       85.0627   125       87.9580       78.2244   278250   11.07%
   1052    52       81.8258    14       87.9580       78.2244   280058   11.07%
Elapsed time = 25.19 sec. (66766.43 ticks, tree = 0.15 MB, solutions = 13)
   1064    64       81.8299    71       87.9580       78.2244   282992   11.07%
   1081    77       81.8429    29       87.9580       78.2244   283892   11.07%
   1095    83       79.8444    69       87.9580       78.2244   286853   11.07%
   1109    96       82.5315    47       87.9580       78.2244   290583   11.07%
   1139   121       82.6700    63       87.9580       78.2244   291865   11.07%
   1159   134       78.2805    23       87.9580       78.2244   295885   11.07%
   1190   154       78.8416    71       87.9580       78.2244   299192   11.07%
   1204   165       83.2439    61       87.9580       78.2244   300882   11.07%
   1225   179       81.0942    64       87.9580       78.2244   305125   11.07%
   1243   186       80.4594    75       87.9580       78.2244   307431   11.07%
Elapsed time = 29.27 sec. (77688.23 ticks, tree = 0.38 MB, solutions = 13)
   1268   201       79.5255   102       87.9580       78.2244   314510   11.07%
   1300   225       79.2437   100       87.9580       78.2244   318991   11.07%
   1331   247       76.6489   241       87.9580       78.2244   320471   11.07%
   1358   274       76.7965   211       87.9580       78.2244   322450   11.07%
   1387   303       76.9676   238       87.9580       78.2244   324623   11.07%
   1406   322       77.2954   173       87.9580       78.2244   326604   11.07%
   1429   345       77.4642   122       87.9580       78.2244   327814   11.07%
   1464   372       79.9789    80       87.9580       78.2244   330999   11.07%
   1510   409       81.4096    67       87.9580       78.2244   333246   11.07%
   1579   451       82.2827    12       87.9580       78.2244   339449   11.07%
Elapsed time = 32.99 sec. (87890.21 ticks, tree = 0.78 MB, solutions = 13)
   1635   488       81.1356    87       87.9580       78.2244   345307   11.07%
   1683   529       86.4834    43       87.9580       78.2244   348967   11.07%
   1713   549       80.8492    12       87.9580       78.2244   357199   11.07%
   1752   580       81.9243   110       87.9580       78.2244   363195   11.07%
   1768   591       80.1094   104       87.9580       78.2244   368494   11.07%
   1816   621       82.2648    97       87.9580       78.2244   372689   11.07%
   1859   654       82.5573    67       87.9580       78.2244   376993   11.07%
   1879   669       79.1709    94       87.9580       78.2244   380232   11.07%
   1927   698       81.8092    39       87.9580       78.2244   387107   11.07%
   1970   725       77.4668   115       87.9580       78.2244   393455   11.07%
Elapsed time = 36.90 sec. (98450.61 ticks, tree = 1.26 MB, solutions = 13)
   2029   765       83.0534   119       87.9580       78.2244   399342   11.07%
   2042   772       79.7646   165       87.9580       78.2244   406313   11.07%
   2109   810       83.6489    91       87.9580       78.2244   415548   11.07%

Performing restart 2

Repeating presolve.
Tried aggregator 2 times.
MIP Presolve eliminated 12 rows and 68 columns.
MIP Presolve modified 444 coefficients.
Aggregator did 2 substitutions.
Reduced MIP has 1336 rows, 2794 columns, and 61051 nonzeros.
Reduced MIP has 2738 binaries, 0 generals, 0 SOSs, and 0 indicators.
Presolve time = 0.06 sec. (89.19 ticks)
Tried aggregator 1 time.
Reduced MIP has 1336 rows, 2794 columns, and 61051 nonzeros.
Reduced MIP has 2738 binaries, 0 generals, 0 SOSs, and 0 indicators.
Presolve time = 0.02 sec. (35.42 ticks)
Represolve time = 0.17 sec. (293.59 ticks)
   2160     0       76.3886   240       87.9580      Cuts: 11   429212   11.07%
   2160     0       76.3980   283       87.9580      Cuts: 28   429404   11.07%
   2160     0       76.4001   269       87.9580      Cuts: 17   429475   11.07%
   2160     0       76.4045   284       87.9580      Cuts: 28   429646   11.07%
   2160     0       76.4045   277       87.9580  LiftProj: 10   429840   11.07%
   2160     0       76.4049   292       87.9580      Cuts: 20   431746   11.07%
   2160     0       76.4191   288       87.9580      Cuts: 20   432765   11.07%
   2160     0       76.4194   274       87.9580       Cuts: 9   432843   11.07%
   2160     0       76.4201   310       87.9580      Cuts: 26   433134   11.07%
   2160     0       76.4367   266       87.9580       Cuts: 8   433320   11.07%
   2160     0       76.4661   246       87.9580       Cuts: 4   433642   11.07%
   2160     0       76.5069   250       87.9580      Cuts: 12   433800   11.07%
   2160     2       76.5069   238       87.9580       78.2244   433800   11.07%
   2193    30       79.2452   104       87.9580       78.2244   440914   11.07%
   2226    39        cutoff             87.9580       78.2244   447174   11.07%
   2245    52        cutoff             87.9580       78.2244   456363   11.07%
   2265    56       78.8126   158       87.9580       78.2244   463138   11.07%
   2273    64       81.8157   144       87.9580       78.2244   471807   11.07%
   2355   125        cutoff             87.9580       78.2244   481943   11.07%
Elapsed time = 52.20 sec. (148295.71 ticks, tree = 0.47 MB, solutions = 13)
   2451   199       78.3304   183       87.9580       78.2244   493250   11.07%
   2573   275       80.1086    30       87.9580       78.2244   504306   11.07%
   2650   322       79.8798   165       87.9580       78.2244   513963   11.07%
   2738   382       85.3528    32       87.9580       78.2244   525029   11.07%
   2829   440       80.4696    93       87.9580       78.2244   535646   11.07%
   2878   467       80.9519    91       87.9580       78.2244   547393   11.07%
   2987   515       84.0329    57       87.9580       78.2244   558336   11.07%
   3080   539       84.1966    17       87.9580       78.2796   568217   11.00%
   3191   602        cutoff             87.9580       78.3874   578622   10.88%
   3590   796       82.8427   133       87.9580       78.7682   610014   10.45%
Elapsed time = 56.95 sec. (160866.33 ticks, tree = 1.72 MB, solutions = 13)
   4099  1048       81.5007   111       87.9580       79.0718   656016   10.10%
   4673  1339        cutoff             87.9580       79.2109   696621    9.94%
   4860  1429       81.6985    14       87.9580       79.2318   710981    9.92%
   4870  1433       83.3217    73       87.9580       79.2318   712169    9.92%
   4887  1436       79.2318    21       87.9580       79.2318   714750    9.92%
   4931  1476       79.2318    22       87.9580       79.2318   720923    9.92%
   5202  1665       87.4827     8       87.9580       79.2386   748596    9.91%
   5280  1711       84.7164    42       87.9580       79.2417   757185    9.91%
   5436  1790        cutoff             87.9580       79.2541   772267    9.90%
   5638  1925       82.9462    43       87.9580       79.2804   791824    9.87%
Elapsed time = 70.16 sec. (200890.63 ticks, tree = 3.82 MB, solutions = 13)
   5934  2093       84.2209    45       87.9580       79.3079   814035    9.83%
   6186  2197        cutoff             87.9580       79.3647   834311    9.77%
   6411  2283       83.4247    84       87.9580       79.4123   858587    9.72%
   6620  2346        cutoff             87.9580       79.4851   874058    9.63%
   6960  2540       81.3322    68       87.9580       79.5398   899214    9.57%
   7335  2715       82.6778    51       87.9580       79.6159   928200    9.48%
   7570  2810       82.4688    58       87.9580       79.7446   947347    9.34%
   8004  3071       83.2855    94       87.9580       79.8537   973272    9.21%
   8383  3273       83.7536   189       87.9580       79.9527  1001366    9.10%
   8925  3586       82.6226    18       87.9580       80.0321  1029195    9.01%
Elapsed time = 84.72 sec. (242981.55 ticks, tree = 6.90 MB, solutions = 13)
   9372  3860       85.6570    43       87.9580       80.1090  1053963    8.92%
   9643  4001        cutoff             87.9580       80.1499  1068154    8.88%
  10119  4235        cutoff             87.9580       80.2085  1092157    8.81%
  10498  4395       80.5591   123       87.9580       80.2781  1117538    8.73%
  10954  4639       84.7051    62       87.9580       80.3329  1143821    8.67%
  11307  4792       84.1049    14       87.9580       80.3982  1165717    8.59%
  11658  4913       83.7460    14       87.9580       80.4818  1187828    8.50%
  12093  5131       82.0227   123       87.9580       80.5685  1220924    8.40%
* 12439  5174      integral     0       87.7188       80.6131  1239945    8.10%
* 12756  4252      integral     0       85.8537       80.6900  1258459    6.01%
  12872  4295       85.8129    14       85.8537       80.7178  1266178    5.98%
Elapsed time = 98.75 sec. (283136.36 ticks, tree = 8.20 MB, solutions = 15)
  13104  4379       83.8301    60       85.8537       80.7629  1283520    5.93%
  13485  4502        cutoff             85.8537       80.8603  1309235    5.82%
  13761  4568       81.1086    60       85.8537       80.9350  1324745    5.73%
  14028  4677       84.6856    50       85.8537       80.9929  1344153    5.66%
  14227  4705       81.0989    48       85.8537       81.0885  1359127    5.55%
  14500  4841        cutoff             85.8537       81.1144  1376457    5.52%
  14794  4970       82.1308    43       85.8537       81.1425  1390789    5.49%
  14933  4998       82.9338    92       85.8537       81.1685  1397606    5.46%
  15314  5063       83.9871   111       85.8537       81.2373  1419134    5.38%
  15622  5107       83.9349    29       85.8537       81.2876  1435605    5.32%
Elapsed time = 112.41 sec. (322832.38 ticks, tree = 9.68 MB, solutions = 15)
  15958  5171       84.3802     8       85.8537       81.3293  1456445    5.27%
  16231  5218       85.1849    91       85.8537       81.3758  1477520    5.22%
  16687  5354        cutoff             85.8537       81.4575  1500966    5.12%
  16960  5375        cutoff             85.8537       81.5279  1518557    5.04%
  17330  5411        cutoff             85.8537       81.6344  1539471    4.91%
  17625  5475       84.8624    44       85.8537       81.6755  1559040    4.87%
  18056  5557       82.2552    70       85.8537       81.7607  1581233    4.77%
  18330  5608       82.9759    19       85.8537       81.8093  1600100    4.71%
  18671  5699       83.9192    94       85.8537       81.8373  1619898    4.68%
  18972  5781       83.8260    28       85.8537       81.8682  1645163    4.64%
Elapsed time = 126.77 sec. (363040.52 ticks, tree = 10.96 MB, solutions = 15)
  19372  5874       83.8478   123       85.8537       81.9340  1668609    4.57%
  19798  5897       82.6475    36       85.8537       82.0315  1687051    4.45%
  20239  5936       84.0913    61       85.8537       82.0748  1710632    4.40%
  20562  5967        cutoff             85.8537       82.1253  1726099    4.34%
* 20898  4789      integral     0       84.8137       82.1571  1742775    3.13%
  20942  4790        cutoff             84.8137       82.1607  1744925    3.13%
  21319  4747        cutoff             84.8137       82.2194  1765527    3.06%
  21714  4701       84.1226    47       84.8137       82.2848  1782640    2.98%
  22036  4639       84.7666    52       84.8137       82.3350  1802381    2.92%
  22432  4643        cutoff             84.8137       82.3796  1820146    2.87%
  22789  4564        cutoff             84.8137       82.4543  1838036    2.78%
Elapsed time = 141.33 sec. (402681.37 ticks, tree = 8.73 MB, solutions = 16)
  23096  4562       84.7980    50       84.8137       82.5134  1852008    2.71%
  23456  4525        cutoff             84.8137       82.5935  1869132    2.62%
  23711  4531        cutoff             84.8137       82.6458  1886680    2.56%
  24248  4540       84.0675   117       84.8137       82.7179  1907084    2.47%
  24599  4490       83.7681    74       84.8137       82.7851  1925418    2.39%
  24951  4442       82.8709    92       84.8137       82.8389  1942072    2.33%
  25256  4390        cutoff             84.8137       82.8819  1956304    2.28%
  25725  4268        cutoff             84.8137       82.9373  1974029    2.21%
  26101  4141       84.1024    62       84.8137       83.0039  1986865    2.13%
  26561  3963        cutoff             84.8137       83.0897  2003124    2.03%
Elapsed time = 155.79 sec. (441479.72 ticks, tree = 7.69 MB, solutions = 16)
  27051  3781       83.6145   126       84.8137       83.1825  2016779    1.92%
  27388  3685       83.2589    23       84.8137       83.2493  2030411    1.84%
  27916  3616       83.3203    59       84.8137       83.3108  2048405    1.77%
  28449  3420       83.5515    38       84.8137       83.4035  2064449    1.66%
  28970  3206        cutoff             84.8137       83.5342  2081108    1.51%
  29336  3081        cutoff             84.8137       83.6160  2093910    1.41%
  29725  2978       84.6988    31       84.8137       83.6902  2109090    1.32%
  30010  2839       83.7518   142       84.8137       83.7460  2125396    1.26%
  30324  2764        cutoff             84.8137       83.7945  2140581    1.20%
  30781  2516        cutoff             84.8137       83.8733  2152248    1.11%
Elapsed time = 171.75 sec. (480938.04 ticks, tree = 5.03 MB, solutions = 16)
  31356  2222        cutoff             84.8137       83.9635  2161639    1.00%
  31796  1913    infeasible             84.8137       84.0718  2173410    0.87%
  32365  1593       84.2093    14       84.8137       84.2093  2183471    0.71%
  32910  1303        cutoff             84.8137       84.2897  2198086    0.62%
  33517   838       84.4543    27       84.8137       84.4470  2207791    0.43%
  34005   495        cutoff             84.8137       84.6274  2217839    0.22%
  34634    32        cutoff             84.8137       84.7940  2227099    0.02%

GUB cover cuts applied:  8
Clique cuts applied:  1
Cover cuts applied:  100
Implied bound cuts applied:  2
Mixed integer rounding cuts applied:  1
Zero-half cuts applied:  49
Lift and project cuts applied:  8
Gomory fractional cuts applied:  1

Root node processing (before b&c):
  Real time             =    2.78 sec. (6445.95 ticks)
Sequential b&c:
  Real time             =  180.88 sec. (502246.17 ticks)
                          ------------
Total (root+branch&cut) =  183.66 sec. (508692.12 ticks)
Feasible solution found!
Truck nodes:
Stage 1 at customer 0 with arrival time is: 
Stage 2 at customer 2 with arrival time is: 
Stage 3 at customer 5 with arrival time is: 
Stage 4 at customer 6 with arrival time is: 
Stage 5 at customer 1 with arrival time is: 
Stage 6 at customer 8 with arrival time is: 
Stage 7 at customer 7 with arrival time is: 
Stage 8 at customer 4 with arrival time is: 
Stage 9 at customer 10 with arrival time is: 
Stage 10 at customer 9 with arrival time is: 
Stage 11 at customer 11 with arrival time is: 
Truck arcs:
Arc 1 connecting 0 and 2 with cost 17.555 
Arc 2 connecting 2 and 5 with cost 8.42508 
Arc 3 connecting 5 and 6 with cost 0.968346 
Arc 4 connecting 6 and 1 with cost 1.9199 
Arc 5 connecting 1 and 8 with cost 3.32128 
Arc 6 connecting 8 and 7 with cost 5.29976 
Arc 7 connecting 7 and 4 with cost 7.34864 
Arc 8 connecting 4 and 10 with cost 10.5327 
Arc 9 connecting 10 and 9 with cost 6.76206 
Arc 10 connecting 9 and 11 with cost 19.5667 
Customer 3 served by drone.
Drone fly from 4 at stage 8 to serve 3 and then fly back to 9 at stage 10. 
Truck arcs during this sortie: 4--->10--->9
Truck travel time from stage 8 to 10 is: 17.2947
Total drone travel time: 18.4089
Customer 3 served, start stage = 8, end stage = 10
Wait time for this sortie: 1.11415
Printing Y(k,i,h):
Y[8][4][3] == 1
Done!
-------------------------Re-calculated objective-----------------------
84.8137
------------------------------------------------------------------------
Solve time: 183.662
OBJECTIVE VALUE: 84.8137, NUMBER OF SORTIES: 0.
Number of loop(s):0
Number of revisit: 0
In write mode
