Instance name: /home/orlab/CLionProjects/RV-FSTSP/Murray_instances/FSTSP/FSTSP_10_customer_problems/20140810T123443v6
Write arg val: 1
Input is specified as type M: Murray instance.-.-.-.-.-.-.-.-.-.-.-.-.-.-.-.-.-.-.-.-

drone speed: 0.4 miles/minute
uav non-eligible customer: 4 8 
Printing tau:
0 7.3617 13.235 11.9489 14.048 9.28995 9.2816 9.57935 4.27959 6.76674 3.51531 0 
7.3617 0 8.59672 16.5872 14.8463 1.92825 1.9199 7.49765 3.32128 11.405 7.04299 7.3617 
13.235 8.59672 0 25.184 23.443 8.42508 9.39342 16.0944 11.7546 20.0018 15.6397 13.235 
11.9489 16.5872 25.184 0 20.0769 16.7589 15.7905 15.6083 13.4294 5.1822 10.0243 11.9489 
14.048 14.8463 23.443 20.0769 0 15.0179 14.0496 7.34864 11.6884 17.2947 10.5327 14.048 
9.28995 1.92825 8.42508 16.7589 15.0179 0 0.968346 7.66929 5.01036 12.5367 7.21463 9.28995 
9.2816 1.9199 9.39342 15.7905 14.0496 0.968346 0 6.70095 5.00201 12.5283 6.24629 9.2816 
9.57935 7.49765 16.0944 15.6083 7.34864 7.66929 6.70095 0 5.29976 12.8261 6.06403 9.57935 
4.27959 3.32128 11.7546 13.4294 11.6884 5.01036 5.00201 5.29976 0 8.24716 3.8851 4.27959 
6.76674 11.405 20.0018 5.1822 17.2947 12.5367 12.5283 12.8261 8.24716 0 6.76206 6.76674 
3.51531 7.04299 15.6397 10.0243 10.5327 7.21463 6.24629 6.06403 3.8851 6.76206 0 3.51531 
0 0 0 0 0 0 0 0 0 0 0 0 
Printing tau_prime:
0 6.15258 9.94425 9.46376 12.279 7.39725 7.10303 7.06894 3.20207 5.30708 3.01164 0 
6.15258 0 6.3521 15.0739 11.5134 1.36887 1.46982 5.52869 3.12023 11.0139 5.67443 6.15258 
9.94425 6.3521 0 19.3717 17.8316 6.76563 7.37314 11.8807 8.31856 15.2332 11.0936 9.94425 
9.46376 15.0739 19.3717 0 14.2498 16.055 15.5524 12.7718 11.9711 4.15908 9.54426 9.46376 
12.279 11.5134 17.8316 14.2498 0 11.1395 10.4907 6.08158 10.7713 12.469 9.269 12.279 
7.39725 1.36887 6.76563 16.055 11.1395 0 0.684749 5.42687 4.25379 12.0662 6.53442 7.39725 
7.10303 1.46982 7.37314 15.5524 10.4907 0.684749 0 4.74296 3.91122 11.6081 6.01108 7.10303 
7.06894 5.52869 11.8807 12.7718 6.08158 5.42687 4.74296 0 4.8436 9.48094 4.29995 7.06894 
3.20207 3.12023 8.31856 11.9711 10.7713 4.25379 3.91122 4.8436 0 7.89497 2.79983 3.20207 
5.30708 11.0139 15.2332 4.15908 12.469 12.0662 11.6081 9.48094 7.89497 0 5.69004 5.30708 
3.01164 5.67443 11.0936 9.54426 9.269 6.53442 6.01108 4.29995 2.79983 5.69004 0 3.01164 
0 0 0 0 0 0 0 0 0 0 0 0 
---------------------------------------------------------------
Current config:
- Number of threads = 1
- Drone endurance = 20
- SL = 1
- SR = 1
- L = 1
- Allow loop = 0
- Allow revisit = 1
- Allow multi-visit drone = 0
- Use TSP optimal solution as warmstart: = 0
- Use cutting plane method: = 0
- Use CPLEX conflict refiner: = 0
---------------------------------------------------------------
---------------------------------------------
Calculate max stage gap for sortie.... 
Stage gap calculation consumes too much memory. No constraint was added.
---------------------------------------------
Warning:  Output names have been modified due to duplicate names or characters invalid in LP format.
Version identifier: 22.1.1.0 | 2022-11-28 | 9160aff4d
CPXPARAM_Threads                                 1
CPXPARAM_TimeLimit                               3600
CPXPARAM_WorkMem                                 24576
Tried aggregator 3 times.
MIP Presolve eliminated 4509 rows and 1865 columns.
MIP Presolve modified 4516 coefficients.
Aggregator did 32 substitutions.
Reduced MIP has 1436 rows, 3271 columns, and 81049 nonzeros.
Reduced MIP has 3205 binaries, 0 generals, 0 SOSs, and 0 indicators.
Presolve time = 0.08 sec. (151.08 ticks)
Found incumbent of value 83.728824 after 0.11 sec. (205.65 ticks)
Probing time = 0.00 sec. (9.30 ticks)
Tried aggregator 2 times.
Detecting symmetries...
MIP Presolve eliminated 9 rows and 0 columns.
Aggregator did 9 substitutions.
Reduced MIP has 1418 rows, 3262 columns, and 80767 nonzeros.
Reduced MIP has 3196 binaries, 0 generals, 0 SOSs, and 0 indicators.
Presolve time = 0.04 sec. (53.85 ticks)
Probing time = 0.00 sec. (9.10 ticks)
Clique table members: 38323.
MIP emphasis: balance optimality and feasibility.
MIP search method: dynamic search.
Parallel mode: none, using 1 thread.
Root relaxation solution time = 0.16 sec. (429.07 ticks)

        Nodes                                         Cuts/
   Node  Left     Objective  IInf  Best Integer    Best Bound    ItCnt     Gap

*     0+    0                           83.7288      -11.0000           113.14%
      0     0       34.2199   225       83.7288       34.2199     3780   59.13%
      0     0       36.6541   271       83.7288      Cuts: 26     6431   56.22%
      0     0       38.9436   334       83.7288      Cuts: 70    10375   53.49%
      0     0       39.0002   316       83.7288      Cuts: 27    12400   53.42%
*     0+    0                           80.8010       39.0002            51.73%
*     0+    0                           71.0807       39.0002            45.13%
*     0+    0                           67.1440       39.0002            41.92%
      0     0       39.1148   354       67.1440      Cuts: 11    14120   41.74%
      0     0       39.1647   392       67.1440       Cuts: 6    15633   41.67%
Detecting symmetries...
      0     0       39.1906   344       67.1440      Cuts: 12    16569   41.63%
      0     0       39.1947   362       67.1440       Cuts: 9    17233   41.63%
      0     0       39.2705   345       67.1440       Cuts: 8    19260   41.51%
      0     0       39.3010   343       67.1440      Cuts: 14    21044   41.47%
      0     0       39.3069   346       67.1440   ZeroHalf: 1    21454   41.46%
      0     0       41.7471   220       67.1440      Cuts: 39    25426   37.82%
      0     0       41.9770   255       67.1440      Cuts: 14    30014   37.48%
      0     0       42.1648   281       67.1440      Cuts: 17    30757   37.20%
      0     0       42.3368   293       67.1440      Cuts: 25    31535   36.95%
      0     0       42.4256   308       67.1440       Cuts: 6    32454   36.81%
      0     0       42.4315   327       67.1440   ZeroHalf: 1    32919   36.81%
      0     0       42.4528   298       67.1440       Cuts: 6    33318   36.77%
      0     0       42.4724   302       67.1440       Cuts: 6    33815   36.74%
      0     0       42.4839   341       67.1440   ZeroHalf: 6    34139   36.73%
      0     0       42.4839   342       67.1440   Impl Bds: 1    34142   36.73%
*     0+    0                           65.5681       42.4839            35.21%
*     0+    0                           64.3548       42.4839            33.98%
Detecting symmetries...
      0     2       42.4839   342       64.3548       42.4839    34142   33.98%
Elapsed time = 3.81 sec. (8825.26 ticks, tree = 0.01 MB, solutions = 6)
      2     4       42.7196   247       64.3548       42.5514    36598   33.88%
      4     4       43.1668   215       64.3548       42.5514    39149   33.88%
      6     4    infeasible             64.3548       42.5514    41941   33.88%
      8     6       44.3709   164       64.3548       42.5514    44177   33.88%
     10     8       45.3080   114       64.3548       42.5514    46135   33.88%
     27    21       54.3815    71       64.3548       42.5514    48906   33.88%
     49    27       43.6498   206       64.3548       42.5735    52071   33.85%
     50    28       44.6883   178       64.3548       42.5735    53625   33.85%
     54    30       45.2705   208       64.3548       42.5735    56377   33.85%
     92    56       43.8818   226       64.3548       43.3805    67946   32.59%
Elapsed time = 5.32 sec. (12933.03 ticks, tree = 0.18 MB, solutions = 6)
    100    64       50.4668   195       64.3548       43.3805    77915   32.59%
    140    93       48.2458   151       64.3548       43.5541    87794   32.32%
    162   110       45.1351   222       64.3548       43.7126    96614   32.08%
    180   128       55.3527    35       64.3548       43.7126   106102   32.08%
    210   153       51.2825    61       64.3548       43.8818   117636   31.81%
    248   175       46.4356   156       64.3548       43.9218   127749   31.75%
    275   202       54.4549    82       64.3548       43.9218   135914   31.75%
    315   233       46.7783   149       64.3548       44.2449   147727   31.25%
    349   261       50.3895   110       64.3548       44.4802   158561   30.88%
    438   334       46.6498    81       64.3548       44.7029   169825   30.54%
Elapsed time = 9.13 sec. (23184.29 ticks, tree = 1.48 MB, solutions = 6)
    455   351       58.1146    47       64.3548       44.7029   178243   30.54%
    489   375       49.7610    74       64.3548       45.0970   190512   29.92%
    544   399       51.0127   126       64.3548       45.1535   202661   29.84%
    602   447       57.0819    71       64.3548       45.1823   215053   29.79%
*   610+  435                           63.8384       45.1823            29.22%
    648   453       49.0788   154       63.8384       45.2023   225810   29.19%
    690   491       51.2662   103       63.8384       45.2336   235866   29.14%
    739   530       48.2790   121       63.8384       45.3113   247291   29.02%
    766   553       60.2007    57       63.8384       45.3449   256252   28.97%
    801   576        cutoff             63.8384       45.3859   268080   28.91%
    804   577       49.9895    37       63.8384       45.3961   269574   28.89%
Elapsed time = 12.67 sec. (33015.19 ticks, tree = 1.91 MB, solutions = 7)
*   820+  523                           62.4793       45.3961            27.34%
    869   562       47.9610   141       62.4793       45.5362   280247   27.12%
    874   565       50.8081    91       62.4793       45.5362   285241   27.12%
    890   575       51.6193   169       62.4793       45.5379   293997   27.12%
    926   607       57.4054   120       62.4793       45.5951   304449   27.02%

Performing restart 1

Repeating presolve.
Tried aggregator 1 time.
MIP Presolve eliminated 4 rows and 91 columns.
MIP Presolve modified 454 coefficients.
Reduced MIP has 1414 rows, 3171 columns, and 77421 nonzeros.
Reduced MIP has 3105 binaries, 0 generals, 0 SOSs, and 0 indicators.
Presolve time = 0.04 sec. (61.38 ticks)
Tried aggregator 1 time.
Reduced MIP has 1414 rows, 3171 columns, and 77421 nonzeros.
Reduced MIP has 3105 binaries, 0 generals, 0 SOSs, and 0 indicators.
Presolve time = 0.03 sec. (43.82 ticks)
Represolve time = 0.13 sec. (254.53 ticks)
    968     0       41.7258   261       62.4793      Cuts: 46   322839   26.85%
    968     0       42.3508   278       62.4793      Cuts: 41   326282   26.85%
    968     0       42.4766   282       62.4793      Cuts: 22   327903   26.85%
    968     0       42.4919   220       62.4793      Cuts: 20   328147   26.85%
    968     0       42.5560   234       62.4793      Cuts: 15   329466   26.85%
    968     0       42.5848   219       62.4793      Cuts: 13   329795   26.85%
    968     0       42.6795   284       62.4793      Cuts: 19   332136   26.85%
    968     0       42.7713   310       62.4793      Cuts: 30   334824   26.85%
*   968+    0                           60.9034       45.7005            24.96%
    968     0  -1.00000e+75     0       60.9034       45.7005   334824   24.96%
    968     2       42.7713   260       60.9034       45.7005   334868   24.96%
    969     3       42.7893   284       60.9034       45.7005   335263   24.96%
    970     4       42.8010   279       60.9034       45.7005   338771   24.96%
    971     5       42.8621   256       60.9034       45.7005   341180   24.96%
    972     6       42.8686   257       60.9034       45.7005   341301   24.96%
    973     7       44.5550    56       60.9034       45.7005   343017   24.96%
Elapsed time = 25.73 sec. (69639.27 ticks, tree = 0.04 MB, solutions = 9)
    976    10       44.5550    26       60.9034       45.7005   345571   24.96%
    978    12       45.6258   184       60.9034       45.7005   350337   24.96%
    981    15       44.5660   113       60.9034       45.7005   350508   24.96%
    988    20       56.2660    20       60.9034       45.7005   352414   24.96%
    998    27       42.8687   246       60.9034       45.7005   352905   24.96%
   1003    32       53.5001    44       60.9034       45.7005   355803   24.96%
   1007    36       42.8835   234       60.9034       45.7005   356202   24.96%
   1008    37       45.9609   120       60.9034       45.7005   358846   24.96%
   1012    41       45.8215   160       60.9034       45.7005   361447   24.96%
   1015    44       42.9379   199       60.9034       45.7005   362636   24.96%
Elapsed time = 31.63 sec. (86349.50 ticks, tree = 0.10 MB, solutions = 9)
   1024    51       48.0637    78       60.9034       45.7005   367132   24.96%
   1026    53       42.9690   310       60.9034       45.7005   369327   24.96%
   1027    53       49.8902   145       60.9034       45.7005   372863   24.96%
   1030    54       49.9920   123       60.9034       45.7005   373103   24.96%
   1038    61       50.1881    74       60.9034       45.7005   373351   24.96%
   1050    70       50.6242    89       60.9034       45.7005   373982   24.96%
   1058    71       50.7892   114       60.9034       45.7005   374616   24.96%
   1064    71       53.1881   115       60.9034       45.7005   380446   24.96%
   1070    75       53.2301   108       60.9034       45.7005   380810   24.96%
   1082    84       55.2781   143       60.9034       45.7005   381648   24.96%
Elapsed time = 36.61 sec. (100171.26 ticks, tree = 0.46 MB, solutions = 9)
   1099    98       55.4744   147       60.9034       45.7005   382661   24.96%
   1107   104       55.6778   205       60.9034       45.7005   383197   24.96%
   1114   106       55.7428   148       60.9034       45.7005   383403   24.96%
   1127   112       56.6395    81       60.9034       45.7005   384389   24.96%
   1135   114       57.0003   124       60.9034       45.7005   385266   24.96%
   1152   119       58.4151   156       60.9034       45.7005   386335   24.96%
   1162   123       44.9293   167       60.9034       45.7005   389339   24.96%
   1192   150       45.1636   138       60.9034       45.7005   390518   24.96%
   1229   185       47.9362   110       60.9034       45.7005   392492   24.96%
   1240   194       49.7154    71       60.9034       45.7005   396282   24.96%
Elapsed time = 40.57 sec. (111076.09 ticks, tree = 0.72 MB, solutions = 9)
   1249   198       46.2357    36       60.9034       45.7005   402315   24.96%
   1263   212       46.3070    72       60.9034       45.7005   404029   24.96%
   1274   216       60.1092    96       60.9034       45.7005   407228   24.96%
   1295   225       49.5433   162       60.9034       45.7005   411389   24.96%
   1322   240       49.1877   144       60.9034       45.7005   415593   24.96%
   1348   257       56.9271   127       60.9034       45.7005   417498   24.96%
   1380   279       60.5350    16       60.9034       45.7005   421905   24.96%
   1397   287       57.9887   153       60.9034       45.7005   425266   24.96%
   1403   288       47.8757    78       60.9034       45.7005   427848   24.96%
   1407   292       56.8084    23       60.9034       45.7005   428144   24.96%
Elapsed time = 44.50 sec. (122186.72 ticks, tree = 1.42 MB, solutions = 9)
   1417   298       57.7814    58       60.9034       45.7005   428439   24.96%
   1425   302       45.6018    62       60.9034       45.7005   430519   24.96%
   1428   305       45.6033   104       60.9034       45.7005   430751   24.96%
   1440   310       60.3539   121       60.9034       45.7005   434147   24.96%
   1449   316        cutoff             60.9034       45.7005   437162   24.96%
   1450   317       50.7103    50       60.9034       45.7005   440850   24.96%
   1452   319       50.7294   186       60.9034       45.7005   442592   24.96%
   1486   350       50.7909   215       60.9034       45.7005   443530   24.96%
   1505   360       44.4512   131       60.9034       45.7005   445881   24.96%
   1541   383        cutoff             60.9034       45.7005   449298   24.96%
Elapsed time = 48.40 sec. (133918.00 ticks, tree = 1.84 MB, solutions = 9)
   1571   409       57.2332    40       60.9034       45.7005   453606   24.96%
   1590   417       45.5993   166       60.9034       45.7005   456441   24.96%
   1610   433       43.0162   280       60.9034       45.7005   458826   24.96%
   1618   441       43.2150   238       60.9034       45.7005   462048   24.96%
   1625   448       43.6767   231       60.9034       45.7005   464342   24.96%
   1634   454       57.0020   131       60.9034       45.7005   471504   24.96%
   1643   459       60.4530   141       60.9034       45.7005   475597   24.96%
   1655   463       55.2273    91       60.9034       45.7005   479878   24.96%
   1699   496       55.6993    72       60.9034       45.7005   480417   24.96%
   1790   568       53.3395    94       60.9034       45.7005   494332   24.96%
Elapsed time = 53.69 sec. (148539.33 ticks, tree = 2.64 MB, solutions = 9)
   1926   655        cutoff             60.9034       45.7005   505229   24.96%
   2022   726       54.9522   109       60.9034       45.7005   519775   24.96%

Performing restart 2

Repeating presolve.
Tried aggregator 1 time.
MIP Presolve eliminated 0 rows and 39 columns.
MIP Presolve modified 203 coefficients.
Reduced MIP has 1414 rows, 3132 columns, and 77497 nonzeros.
Reduced MIP has 3066 binaries, 0 generals, 0 SOSs, and 0 indicators.
Presolve time = 0.03 sec. (58.30 ticks)
Tried aggregator 1 time.
Reduced MIP has 1414 rows, 3132 columns, and 77497 nonzeros.
Reduced MIP has 3066 binaries, 0 generals, 0 SOSs, and 0 indicators.
Presolve time = 0.03 sec. (44.77 ticks)
Represolve time = 0.19 sec. (307.78 ticks)
   2129     0       42.9781   319       60.9034      Cuts: 35   535638   24.96%
   2129     0       42.9824   307       60.9034      Cuts: 16   535985   24.96%
   2129     0       42.9828   332       60.9034      Cuts: 20   536793   24.96%
   2129     0       43.0204   344       60.9034      Cuts: 26   537753   24.96%
   2129     0       43.0377   356       60.9034      Cuts: 26   538459   24.96%
   2129     0       43.0377   350       60.9034       Cuts: 4   538586   24.96%
   2129     0       43.0377   353       60.9034      Cuts: 14   538734   24.96%
   2129     0       43.0414   378       60.9034       Cuts: 9   539199   24.96%
   2129     2       43.0414   370       60.9034       45.7005   539199   24.96%
   2199    42       51.2267    49       60.9034       45.7005   571528   24.96%
   2274    93       45.3969   169       60.9034       45.7005   601485   24.96%
   2348   149       46.4054   199       60.9034       45.7005   634175   24.96%
   2452   238       55.1235    50       60.9034       45.7005   669378   24.96%
   2492   265       46.2902   127       60.9034       45.7005   682138   24.96%
   2605   349       48.0791   103       60.9034       45.7005   720512   24.96%
*  2759   443      integral     0       60.3295       45.9189   757085   23.89%
   2763   446       52.7166    18       60.3295       46.0262   758055   23.71%
Elapsed time = 92.13 sec. (268254.50 ticks, tree = 0.84 MB, solutions = 10)
   3000   605       59.1268    14       60.3295       46.4054   792766   23.08%
   3190   716       55.4485    19       60.3295       46.7007   830145   22.59%
   3430   851       58.6327    43       60.3295       47.1147   866285   21.90%
   3659   994       48.5798   149       60.3295       47.3685   903819   21.48%
   3713  1026       49.6279    37       60.3295       47.3996   914138   21.43%
   3927  1150       59.8485    22       60.3295       47.8259   952374   20.73%
*  4088  1197      integral     0       59.9034       47.9652   987131   19.93%
   4108  1203       49.0240   124       59.9034       48.0560   992391   19.78%
   4294  1303        cutoff             59.9034       48.1726  1029396   19.58%
   4480  1432       50.4997   155       59.9034       48.3541  1069621   19.28%
   4683  1534       54.5108    54       59.9034       48.5809  1108571   18.90%
Elapsed time = 106.35 sec. (307751.37 ticks, tree = 2.85 MB, solutions = 11)
   4883  1657       58.1969    33       59.9034       48.8325  1147220   18.48%
   4889  1651        cutoff             59.9034       48.8433  1148970   18.46%
   4890  1652       51.7472   152       59.9034       48.8471  1150540   18.46%
   4899  1659       58.4192    72       59.9034       48.8471  1153582   18.46%
   5059  1746       52.8763    83       59.9034       49.0109  1193278   18.18%
   5309  1905       50.5727   111       59.9034       49.2839  1231815   17.73%
   5591  2051       55.0304   115       59.9034       49.6320  1272343   17.15%
   5626  2070       53.3039    37       59.9034       49.6380  1283622   17.14%
   5880  2198       52.3208   146       59.9034       49.8143  1325000   16.84%
   6063  2265       59.2195    60       59.9034       50.0009  1355815   16.53%
Elapsed time = 120.59 sec. (349776.72 ticks, tree = 4.30 MB, solutions = 11)
   6070  2266       55.3994    56       59.9034       50.0055  1357308   16.52%
   6076  2266       54.6680    57       59.9034       50.0393  1358887   16.47%
   6082  2264       51.2540    80       59.9034       50.0516  1360121   16.45%
   6089  2268        cutoff             59.9034       50.0516  1360611   16.45%
   6092  2267       51.0355   114       59.9034       50.0695  1361761   16.42%
   6340  2412       51.5496    90       59.9034       50.2004  1400753   16.20%
   6520  2495       55.0963    92       59.9034       50.3677  1440670   15.92%
   6650  2574       55.9951    78       59.9034       50.4241  1459483   15.82%
   6657  2578       51.8453    73       59.9034       50.4278  1460406   15.82%
   6662  2579       53.4585    80       59.9034       50.4281  1461582   15.82%
Elapsed time = 134.32 sec. (393156.52 ticks, tree = 4.89 MB, solutions = 11)
   6788  2631       55.4463    41       59.9034       50.5039  1477033   15.69%
   6866  2661       59.1293    23       59.9034       50.5664  1485419   15.59%
   6870  2661       58.4226    15       59.9034       50.5668  1486226   15.59%
   7047  2743        cutoff             59.9034       50.6292  1511474   15.48%
   7051  2745       56.2305    44       59.9034       50.6325  1512048   15.48%
   7059  2745        cutoff             59.9034       50.6369  1514740   15.47%
   7063  2745       56.8016    45       59.9034       50.6435  1516935   15.46%
   7195  2801       56.6585    30       59.9034       50.7607  1541264   15.26%
   7409  2922       56.4102    12       59.9034       50.8742  1560944   15.07%
   7461  2949       56.1862    48       59.9034       50.9145  1566067   15.01%
Elapsed time = 148.44 sec. (438383.50 ticks, tree = 5.61 MB, solutions = 11)
   7706  3092        cutoff             59.9034       51.0538  1591998   14.77%
   7796  3142       59.1012    44       59.9034       51.0753  1600515   14.74%
   7895  3197       59.2851    51       59.9034       51.1006  1614733   14.69%
   8065  3305       58.6772    37       59.9034       51.1572  1631118   14.60%
   8107  3326        cutoff             59.9034       51.1861  1634229   14.55%
   8218  3378       58.8415    44       59.9034       51.2226  1648362   14.49%
   8231  3378        cutoff             59.9034       51.2255  1648961   14.49%
   8290  3407       57.2093    24       59.9034       51.2623  1660182   14.43%
   8387  3466       52.3150   122       59.9034       51.2968  1678664   14.37%
   8539  3533       57.6609    32       59.9034       51.4250  1706143   14.15%
Elapsed time = 161.80 sec. (479403.68 ticks, tree = 6.73 MB, solutions = 11)
   8688  3602       59.0893    17       59.9034       51.4933  1725701   14.04%
   8939  3700       58.6811    46       59.9034       51.5995  1755035   13.86%
*  9039  3429      integral     0       59.3183       51.6126  1766147   12.99%
   9087  3445       56.8161   101       59.3183       51.6320  1777479   12.96%
   9269  3513       57.9442    67       59.3183       51.7198  1804853   12.81%
   9443  3566        cutoff             59.3183       51.8002  1832707   12.67%
   9677  3654       58.5693    14       59.3183       51.9093  1862156   12.49%
   9882  3715       56.2651    61       59.3183       52.0097  1891474   12.32%
  10004  3743    infeasible             59.3183       52.0810  1909624   12.20%
  10204  3842        cutoff             59.3183       52.1224  1933779   12.13%
Elapsed time = 176.90 sec. (523885.60 ticks, tree = 7.35 MB, solutions = 12)
  10387  3911       54.1971   115       59.3183       52.2436  1955536   11.93%
  10502  3955       58.4722    56       59.3183       52.3077  1969120   11.82%
  10781  4037       56.4732    92       59.3183       52.4579  2001901   11.57%
  10858  4051       57.0245    70       59.3183       52.5429  2015422   11.42%
  11127  4153       58.7293    21       59.3183       52.6171  2036839   11.30%
  11513  4280       57.8502    12       59.3183       52.7246  2066156   11.12%
  11782  4376       57.9801    56       59.3183       52.7960  2085035   11.00%
* 11838  4204      integral     0       59.0868       52.8119  2089015   10.62%
  11957  4214       57.4357    33       59.0868       52.8691  2101822   10.52%
  12248  4264       56.5831    32       59.0868       52.9975  2127360   10.31%
Elapsed time = 190.72 sec. (564356.19 ticks, tree = 8.39 MB, solutions = 13)
  12590  4388        cutoff             59.0868       53.1232  2152036   10.09%
  12904  4450       57.4742    25       59.0868       53.2768  2179418    9.83%
  13010  4466       57.8847    15       59.0868       53.3033  2192695    9.79%
  13222  4500       57.9899    66       59.0868       53.4073  2215843    9.61%
  13559  4554       53.5836    13       59.0868       53.5452  2238116    9.38%
  13694  4555       53.5952    15       59.0868       53.5952  2249978    9.29%
  14009  4732       58.6546     7       59.0868       53.6113  2277787    9.27%
  14240  4793        cutoff             59.0868       53.6573  2293360    9.19%
  14693  4905       56.4393     8       59.0868       53.7668  2319007    9.00%
  14925  4930        cutoff             59.0868       53.8423  2339055    8.88%
Elapsed time = 205.73 sec. (608037.42 ticks, tree = 9.83 MB, solutions = 13)
  15041  4951       54.7843    27       59.0868       53.8934  2347609    8.79%
  15517  5052        cutoff             59.0868       54.0570  2368465    8.51%
  15820  5103       54.2941    80       59.0868       54.1988  2392188    8.27%
  15961  5111        cutoff             59.0868       54.2731  2403125    8.15%
  16251  5187       58.5441    24       59.0868       54.3558  2424414    8.01%
  16403  5176        cutoff             59.0868       54.4028  2441390    7.93%
  16592  5201       58.0244    20       59.0868       54.4724  2457202    7.81%
  16949  5228       57.6171    24       59.0868       54.5697  2485883    7.64%
  17369  5378        cutoff             59.0868       54.6267  2502553    7.55%
  17625  5375        cutoff             59.0868       54.6850  2519625    7.45%
Elapsed time = 219.67 sec. (648253.76 ticks, tree = 10.82 MB, solutions = 13)
  17826  5405       55.6755   120       59.0868       54.7140  2531703    7.40%
  18166  5509        cutoff             59.0868       54.7660  2555436    7.31%
  18408  5584       58.1407    40       59.0868       54.7973  2565572    7.26%
  18709  5587        cutoff             59.0868       54.8767  2584169    7.13%
  19011  5570        cutoff             59.0868       54.9896  2601312    6.93%
  19402  5611       55.4461    60       59.0868       55.1135  2627355    6.72%
  19502  5642        cutoff             59.0868       55.1355  2637156    6.69%
  19763  5662       57.1337    71       59.0868       55.2093  2655437    6.56%
  20029  5677       56.2724    65       59.0868       55.2654  2677057    6.47%
  20270  5670       55.3527    28       59.0868       55.3527  2696067    6.32%
Elapsed time = 234.23 sec. (690042.61 ticks, tree = 11.52 MB, solutions = 13)
  20721  5659       58.6895    70       59.0868       55.4885  2724254    6.09%
  20919  5723       55.5118    20       59.0868       55.5118  2735689    6.05%
  21386  5789        cutoff             59.0868       55.6040  2761474    5.89%
  21763  5749       56.2353    62       59.0868       55.6754  2777143    5.77%
  22321  5801        cutoff             59.0868       55.7374  2799965    5.67%
  22571  5809        cutoff             59.0868       55.7661  2815062    5.62%
  22875  5811        cutoff             59.0868       55.8290  2829868    5.51%
  23181  5778       57.5596    39       59.0868       55.8968  2845552    5.40%
  23533  5722        cutoff             59.0868       55.9909  2863827    5.24%
  23821  5683       56.1076    15       59.0868       56.0792  2877557    5.09%
Elapsed time = 248.88 sec. (732032.80 ticks, tree = 11.71 MB, solutions = 13)
  24208  5676       57.1425    20       59.0868       56.1430  2895631    4.98%
  24513  5680       57.3002     6       59.0868       56.1860  2911395    4.91%
  24806  5696        cutoff             59.0868       56.2117  2921667    4.87%
  25028  5713       56.2730    26       59.0868       56.2333  2947350    4.83%
  25253  5732        cutoff             59.0868       56.2493  2964033    4.80%
  25441  5749       56.8026    43       59.0868       56.2775  2973376    4.75%
  25842  5715       56.8292    49       59.0868       56.3436  2992094    4.64%
  26122  5603       58.3197    65       59.0868       56.3983  3004765    4.55%
  26508  5513       58.7268    14       59.0868       56.4652  3018034    4.44%
  26850  5477        cutoff             59.0868       56.5161  3033008    4.35%
Elapsed time = 262.87 sec. (771840.99 ticks, tree = 11.43 MB, solutions = 13)
  27214  5355        cutoff             59.0868       56.6160  3047274    4.18%
  27574  5334        cutoff             59.0868       56.6591  3061111    4.11%
  28198  5298        cutoff             59.0868       56.7256  3078788    4.00%
  28549  5351       56.7395    14       59.0868       56.7395  3095492    3.97%
  28860  5265       57.3420    29       59.0868       56.8017  3107857    3.87%
  29318  5187       58.2424    33       59.0868       56.8663  3128046    3.76%
  29771  5084       57.0125    52       59.0868       56.9702  3146036    3.58%
  30249  5012       58.1700     6       59.0868       57.0558  3167561    3.44%
  30707  4929        cutoff             59.0868       57.1293  3185296    3.31%
  31047  4897        cutoff             59.0868       57.1694  3202526    3.25%
Elapsed time = 278.40 sec. (815542.01 ticks, tree = 10.37 MB, solutions = 13)
  31502  4808       57.2333     6       59.0868       57.2333  3217992    3.14%
  31953  4795        cutoff             59.0868       57.2893  3231912    3.04%
  32459  4678        cutoff             59.0868       57.3253  3243772    2.98%
  32936  4463       57.4126    23       59.0868       57.4118  3256088    2.83%
  33379  4414       58.5943     6       59.0868       57.4801  3266591    2.72%
  33851  4240       58.7128    23       59.0868       57.5966  3277253    2.52%
  34096  4195       57.6194    25       59.0868       57.6194  3291907    2.48%
  34644  4095        cutoff             59.0868       57.6706  3313180    2.40%
  35087  3912       57.8743    45       59.0868       57.7527  3327695    2.26%
  35514  3841       57.8903    30       59.0868       57.7879  3344016    2.20%
Elapsed time = 293.05 sec. (856570.96 ticks, tree = 8.32 MB, solutions = 13)
  35812  3681        cutoff             59.0868       57.8357  3351243    2.12%
  36375  3423        cutoff             59.0868       57.9364  3370165    1.95%
  36756  3287        cutoff             59.0868       58.0216  3382543    1.80%
  37052  3112    infeasible             59.0868       58.0843  3392471    1.70%
  37386  2940       58.7128    56       59.0868       58.1338  3403276    1.61%
  37930  2718        cutoff             59.0868       58.2041  3422240    1.49%
  38274  2546        cutoff             59.0868       58.2658  3437674    1.39%
  38788  2224        cutoff             59.0868       58.3417  3451980    1.26%
  39353  1972        cutoff             59.0868       58.3935  3462051    1.17%
  39626  1853       58.4509    24       59.0868       58.4266  3470758    1.12%
Elapsed time = 307.69 sec. (896876.79 ticks, tree = 4.18 MB, solutions = 13)
  40335  1475        cutoff             59.0868       58.5691  3486828    0.88%
  41042  1179        cutoff             59.0868       58.6203  3496824    0.79%
  41415   919        cutoff             59.0868       58.7200  3506038    0.62%
  42188   469        cutoff             59.0868       58.8703  3519863    0.37%
  42563   155        cutoff             59.0868       59.0129  3528269    0.13%

GUB cover cuts applied:  10
Clique cuts applied:  32
Cover cuts applied:  242
Implied bound cuts applied:  20
Mixed integer rounding cuts applied:  4
Zero-half cuts applied:  39
Lift and project cuts applied:  2
Gomory fractional cuts applied:  4

Root node processing (before b&c):
  Real time             =    3.75 sec. (8576.45 ticks)
Sequential b&c:
  Real time             =  311.83 sec. (909200.21 ticks)
                          ------------
Total (root+branch&cut) =  315.58 sec. (917776.65 ticks)
Feasible solution found!
Truck nodes:
Stage 1 at customer 0 with arrival time is: 
Stage 2 at customer 10 with arrival time is: 
Stage 3 at customer 6 with arrival time is: 
Stage 4 at customer 5 with arrival time is: 
Stage 5 at customer 6 with arrival time is: 
Stage 6 at customer 5 with arrival time is: 
Stage 7 at customer 1 with arrival time is: 
Stage 8 at customer 8 with arrival time is: 
Stage 9 at customer 7 with arrival time is: 
Stage 10 at customer 4 with arrival time is: 
Stage 11 at customer 9 with arrival time is: 
Stage 12 at customer 11 with arrival time is: 
Truck arcs:
Arc 1 connecting 0 and 10 with cost 3.51531 
Arc 2 connecting 10 and 6 with cost 6.24629 
Arc 3 connecting 6 and 5 with cost 0.968346 
Arc 4 connecting 5 and 6 with cost 0.968346 
Arc 5 connecting 6 and 5 with cost 0.968346 
Arc 6 connecting 5 and 1 with cost 1.92825 
Arc 7 connecting 1 and 8 with cost 3.32128 
Arc 8 connecting 8 and 7 with cost 5.29976 
Arc 9 connecting 7 and 4 with cost 7.34864 
Arc 10 connecting 4 and 9 with cost 17.2947 
Arc 11 connecting 9 and 11 with cost 6.76674 
Customer 2 served by drone.
Drone fly from 0 at stage 1 to serve 2 and then fly back to 8 at stage 8. 
Truck arcs during this sortie: 0--->10--->6--->5--->6--->5--->1--->8
Truck travel time from stage 1 to 8 is: 17.9162
Total drone travel time: 18.2628
Customer 3 served by drone.
Drone fly from 4 at stage 10 to serve 3 and then fly back to 9 at stage 11. 
Truck arcs during this sortie: 4--->9
Truck travel time from stage 10 to 11 is: 17.2947
Total drone travel time: 18.4089
Customer 2 served, start stage = 1, end stage = 8
Wait time for this sortie: 0.346638
Customer 3 served, start stage = 10, end stage = 11
Wait time for this sortie: 1.11415
Printing Y(k,i,h):
Y[1][0][2] == 1
Y[10][4][3] == 1
Done!
-------------------------Re-calculated objective-----------------------
59.0868
------------------------------------------------------------------------
Solve time: 315.576
Node 5 was revisited 1 times!
Node 6 was revisited 1 times!
OBJECTIVE VALUE: 59.0868, NUMBER OF SORTIES: 0.
Number of loop(s):0
Number of revisit: 2
In write mode
