Instance name: /home/orlab/CLionProjects/RV-FSTSP/Murray_instances/FSTSP/FSTSP_10_customer_problems/20140810T123440v9
Write arg val: 1
Input is specified as type M: Murray instance.-.-.-.-.-.-.-.-.-.-.-.-.-.-.-.-.-.-.-.-

drone speed: 0.6 miles/minute
uav non-eligible customer: 4 5 
Printing tau:
0 1.83841 6.19937 11.3367 8.63802 7.16529 3.81739 8.77996 4.16976 6.36627 5.10809 0 
1.83841 0 7.41815 13.1751 7.41924 8.38408 3.41898 9.99874 2.95098 5.14749 6.9465 1.83841 
6.19937 7.41815 0 14.3533 14.8374 5.76971 3.99917 6.42059 10.3691 12.5656 10.5246 6.19937 
11.3367 13.1751 14.3533 0 6.71587 15.3192 15.1541 16.9338 12.258 15.4145 6.22861 11.3367 
8.63802 7.41924 14.8374 6.71587 0 15.8033 10.8382 17.418 5.54215 8.69866 4.31275 8.63802 
7.16529 8.38408 5.76971 15.3192 15.8033 0 7.0349 1.61466 11.3351 13.5316 11.4906 7.16529 
3.81739 3.41898 3.99917 15.1541 10.8382 7.0349 0 7.68579 6.36995 8.56647 8.92548 3.81739 
8.77996 9.99874 6.42059 16.9338 17.418 1.61466 7.68579 0 12.9497 15.1462 13.1052 8.77996 
4.16976 2.95098 10.3691 12.258 5.54215 11.3351 6.36995 12.9497 0 3.15652 6.0294 4.16976 
6.36627 5.14749 12.5656 15.4145 8.69866 13.5316 8.56647 15.1462 3.15652 0 9.18592 6.36627 
5.10809 6.9465 10.5246 6.22861 4.31275 11.4906 8.92548 13.1052 6.0294 9.18592 0 5.10809 
0 0 0 0 0 0 0 0 0 0 0 0 
Printing tau_prime:
0 1.11406 3.38612 7.05313 4.94788 3.96714 2.22539 4.84589 2.15684 3.81853 3.38064 0 
1.11406 0 3.76404 7.52003 4.96845 4.94498 1.99526 5.81479 1.56079 2.83526 3.84337 1.11406 
3.38612 3.76404 0 10.0878 8.32381 2.9547 2.11856 3.49502 5.30158 6.39321 6.57469 3.38612 
7.05313 7.52003 10.0878 0 3.40083 8.7569 9.26995 9.34774 6.51004 7.83769 3.69272 7.05313 
4.94788 4.96845 8.32381 3.40083 0 8.01329 6.9376 8.80561 3.59566 4.54085 2.19212 4.94788 
3.96714 4.94498 2.9547 8.7569 8.01329 0 4.349 0.879294 6.09477 7.76448 5.88165 3.96714 
2.22539 1.99526 2.11856 9.26995 6.9376 4.349 0 5.11013 3.53422 4.32872 5.58437 2.22539 
4.84589 5.81479 3.49502 9.34774 8.80561 0.879294 5.11013 0 6.97365 8.63888 6.64869 4.84589 
2.15684 1.56079 5.30158 6.51004 3.59566 6.09477 3.53422 6.97365 0 1.9423 3.04632 2.15684 
3.81853 2.83526 6.39321 7.83769 4.54085 7.76448 4.32872 8.63888 1.9423 0 4.75273 3.81853 
3.38064 3.84337 6.57469 3.69272 2.19212 5.88165 5.58437 6.64869 3.04632 4.75273 0 3.38064 
0 0 0 0 0 0 0 0 0 0 0 0 
---------------------------------------------------------------
Current config:
- Number of threads = 1
- Drone endurance = 20
- SL = 1
- SR = 1
- L = 1
- Allow loop = 0
- Allow revisit = 1
- Allow multi-visit drone = 0
- Use TSP optimal solution as warmstart: = 0
- Use cutting plane method: = 0
- Use CPLEX conflict refiner: = 0
---------------------------------------------------------------
---------------------------------------------
Calculate max stage gap for sortie.... 
Stage gap calculation consumes too much memory. No constraint was added.
---------------------------------------------
Warning:  Output names have been modified due to duplicate names or characters invalid in LP format.
Version identifier: 22.1.1.0 | 2022-11-28 | 9160aff4d
CPXPARAM_Threads                                 1
CPXPARAM_TimeLimit                               3600
CPXPARAM_WorkMem                                 24576
Tried aggregator 3 times.
MIP Presolve eliminated 4395 rows and 1749 columns.
MIP Presolve modified 5503 coefficients.
Aggregator did 25 substitutions.
Reduced MIP has 1509 rows, 3394 columns, and 81832 nonzeros.
Reduced MIP has 3328 binaries, 0 generals, 0 SOSs, and 0 indicators.
Presolve time = 0.09 sec. (168.28 ticks)
Found incumbent of value 130.285102 after 0.11 sec. (220.12 ticks)
Probing time = 0.00 sec. (8.62 ticks)
Tried aggregator 2 times.
Detecting symmetries...
MIP Presolve eliminated 9 rows and 0 columns.
Aggregator did 9 substitutions.
Reduced MIP has 1491 rows, 3385 columns, and 81550 nonzeros.
Reduced MIP has 3319 binaries, 0 generals, 0 SOSs, and 0 indicators.
Presolve time = 0.04 sec. (58.46 ticks)
Probing time = 0.00 sec. (7.38 ticks)
Clique table members: 38816.
MIP emphasis: balance optimality and feasibility.
MIP search method: dynamic search.
Parallel mode: none, using 1 thread.
Root relaxation solution time = 0.11 sec. (304.15 ticks)

        Nodes                                         Cuts/
   Node  Left     Objective  IInf  Best Integer    Best Bound    ItCnt     Gap

*     0+    0                          130.2851      -11.0000           108.44%
      0     0       27.3300   215      130.2851       27.3300     2914   79.02%
      0     0       30.7120   138      130.2851      Cuts: 17     4171   76.43%
      0     0       32.3225   173      130.2851      Cuts: 43     4884   75.19%
      0     0       32.5584   188      130.2851      Cuts: 33     5403   75.01%
*     0+    0                          110.9957       32.5584            70.67%
*     0+    0                           66.8048       32.5584            51.26%
*     0+    0                           66.2667       32.5584            50.87%
*     0+    0                           62.8205       32.5584            48.17%
*     0+    0                           57.0960       32.5584            42.98%
*     0+    0                           56.0281       32.5584            41.89%
      0     0  -1.00000e+75     0       56.0281       32.5584     5403   41.89%
      0     0       33.4388   193       56.0281      Cuts: 23     6652   40.32%
      0     0       33.5323   231       56.0281      Cuts: 20     7245   40.15%
Detecting symmetries...
      0     0       33.6270   192       56.0281   ZeroHalf: 8     7595   39.98%
      0     0       33.9631   235       56.0281      Cuts: 26     8213   39.38%
      0     0       33.9631   227       56.0281      Cuts: 16     8536   39.38%
      0     0       33.9874   247       56.0281      Cuts: 12     8868   39.34%
      0     0       34.1038   242       56.0281      Cuts: 10     9631   39.13%
      0     0       34.3579   171       56.0281       Cuts: 9    10583   38.68%
      0     0       34.3970   245       56.0281      Cuts: 31    10995   38.61%
      0     0       34.9631   149       56.0281       Cuts: 8    12252   37.60%
      0     0       35.0728   198       56.0281      Cuts: 24    12669   37.40%
      0     0       35.6866   240       56.0281  ZeroHalf: 22    13616   36.31%
      0     0       36.5236   241       56.0281   ZeroHalf: 6    14226   34.81%
      0     0       37.0372   210       56.0281   ZeroHalf: 6    14428   33.90%
      0     0       37.1539   212       56.0281      Cuts: 10    15172   33.69%
      0     0       37.2814   268       56.0281  ZeroHalf: 15    15911   33.46%
      0     0       37.4422   240       56.0281   ZeroHalf: 7    16428   33.17%
      0     0       37.5315   200       56.0281   ZeroHalf: 5    16905   33.01%
      0     0       37.5616   273       56.0281      Cuts: 14    17336   32.96%
      0     0       37.7161   264       56.0281   ZeroHalf: 7    18782   32.68%
      0     0       37.9063   229       56.0281   ZeroHalf: 3    19419   32.34%
      0     0       38.0674   241       56.0281       Cuts: 8    19935   32.06%
      0     0       38.1566   249       56.0281   ZeroHalf: 6    20573   31.90%
      0     0       38.3537   285       56.0281      Cuts: 14    22083   31.55%
      0     0       38.5364   251       56.0281       Cuts: 7    22220   31.22%
      0     0       38.5793   286       56.0281       Cuts: 5    23346   31.14%
      0     0       38.5793   279       56.0281   Impl Bds: 1    23457   31.14%
      0     0       38.5793   285       56.0281   ZeroHalf: 3    23693   31.14%
*     0+    0                           54.3859       38.5793            29.06%
*     0+    0                           51.1186       38.5793            24.53%
*     0+    0                           50.6930       38.5793            23.90%
      0     0  -1.00000e+75     0       50.6930       38.5793    23693   23.90%
Detecting symmetries...
      0     2       38.5793   254       50.6930       38.5793    23693   23.90%
Elapsed time = 3.11 sec. (6649.75 ticks, tree = 0.01 MB, solutions = 10)
      2     4       39.2408   235       50.6930       38.5889    26031   23.88%
      4     6       40.9880    75       50.6930       38.5889    28288   23.88%
      7     9       45.1039    43       50.6930       38.5889    31524   23.88%
     10    12       40.5615    41       50.6930       38.5889    33774   23.88%
     13    15       40.9648   116       50.6930       38.5889    36556   23.88%
     19    19       44.6824    35       50.6930       38.5889    39699   23.88%
*    20+   18                           46.9922       38.5889            17.88%
     20    20       42.3078   123       46.9922       38.5889    41972   17.88%
     25    23       44.6824    30       46.9922       38.5889    44927   17.88%
     41    37       44.7056    96       46.9922       38.5889    48545   17.88%
     72    54       45.1039    37       46.9922       39.2472    59033   16.48%
Elapsed time = 4.38 sec. (10042.35 ticks, tree = 0.23 MB, solutions = 11)
     98    70       42.7368    81       46.9922       39.2607    68606   16.45%
    120    90       45.8559    14       46.9922       39.2607    77951   16.45%
    139   102       43.7541    74       46.9922       39.3708    88090   16.22%
    159   118       42.2975    99       46.9922       40.3260    97309   14.19%
    179   136       43.5295    20       46.9922       40.3260   104342   14.19%
    201   155       41.7284    74       46.9922       40.4780   113178   13.86%
    234   180       44.8928    47       46.9922       40.4780   125370   13.86%
*   244   181      integral     0       46.3847       40.4780   128166   12.73%
    276   198       41.9682    74       46.3847       40.5566   138003   12.56%
*   290+  103                           44.6253       40.5566             9.12%
    333   135       43.5295    34       44.6253       40.8343   148887    8.50%
    369   160       43.1536    86       44.6253       40.9248   160659    8.29%
Elapsed time = 8.16 sec. (19924.65 ticks, tree = 0.37 MB, solutions = 13)
    401   179       43.0440    52       44.6253       40.9483   169351    8.24%
    431   195       42.5173   171       44.6253       41.0381   180820    8.04%
    464   218       42.1275    82       44.6253       41.0708   191412    7.97%
    503   234       43.4593    44       44.6253       41.3002   203873    7.45%
    566   264       41.9253    69       44.6253       41.4390   215982    7.14%
    597   282       44.5135    39       44.6253       41.4862   229122    7.03%
    646   291       42.5331    38       44.6253       42.0035   240876    5.87%
    717   332       42.6363   119       44.6253       42.1475   252653    5.55%
    749   348       43.8671   131       44.6253       42.1588   264706    5.53%
    816   381       44.1503    29       44.6253       42.2802   277191    5.26%
Elapsed time = 11.95 sec. (29857.44 ticks, tree = 0.74 MB, solutions = 13)
    897   402       42.3382    62       44.6253       42.3002   290019    5.21%
    956   402        cutoff             44.6253       42.3463   301799    5.11%
   1043   431       43.6982   104       44.6253       42.4564   314608    4.86%
   1116   457       42.4926    84       44.6253       42.4847   326355    4.80%
*  1250     0      integral     0       42.5331       42.5331   334968    0.00%

Implied bound cuts applied:  58
Zero-half cuts applied:  30
Lift and project cuts applied:  1
Gomory fractional cuts applied:  1

Root node processing (before b&c):
  Real time             =    3.08 sec. (6500.86 ticks)
Sequential b&c:
  Real time             =   10.66 sec. (28069.46 ticks)
                          ------------
Total (root+branch&cut) =   13.74 sec. (34570.32 ticks)
Feasible solution found!
Truck nodes:
Stage 1 at customer 0 with arrival time is: 
Stage 2 at customer 5 with arrival time is: 
Stage 3 at customer 6 with arrival time is: 
Stage 4 at customer 1 with arrival time is: 
Stage 5 at customer 8 with arrival time is: 
Stage 6 at customer 4 with arrival time is: 
Stage 7 at customer 10 with arrival time is: 
Stage 8 at customer 11 with arrival time is: 
Truck arcs:
Arc 1 connecting 0 and 5 with cost 7.16529 
Arc 2 connecting 5 and 6 with cost 7.0349 
Arc 3 connecting 6 and 1 with cost 3.41898 
Arc 4 connecting 1 and 8 with cost 2.95098 
Arc 5 connecting 8 and 4 with cost 5.54215 
Arc 6 connecting 4 and 10 with cost 4.31275 
Arc 7 connecting 10 and 11 with cost 5.10809 
Customer 2 served by drone.
Drone fly from 5 at stage 2 to serve 2 and then fly back to 6 at stage 3. 
Truck arcs during this sortie: 5--->6
Truck travel time from stage 2 to 3 is: 7.0349
Total drone travel time: 5.07325
Customer 3 served by drone.
Drone fly from 8 at stage 5 to serve 3 and then fly back to 11 at stage 8. 
Truck arcs during this sortie: 8--->4--->10--->0
Truck travel time from stage 5 to 8 is: 14.963
Total drone travel time: 13.5632
Customer 7 served by drone.
Drone fly from 0 at stage 1 to serve 7 and then fly back to 5 at stage 2. 
Truck arcs during this sortie: 0--->5
Truck travel time from stage 1 to 2 is: 7.16529
Total drone travel time: 5.72519
Customer 9 served by drone.
Drone fly from 6 at stage 3 to serve 9 and then fly back to 8 at stage 5. 
Truck arcs during this sortie: 6--->1--->8
Truck travel time from stage 3 to 5 is: 6.36995
Total drone travel time: 6.27102
Customer 2 served, start stage = 2, end stage = 3
Wait time for this sortie: 0
Customer 3 served, start stage = 5, end stage = 8
Wait time for this sortie: 0
Customer 7 served, start stage = 1, end stage = 2
Wait time for this sortie: 0
Customer 9 served, start stage = 3, end stage = 5
Wait time for this sortie: 0
Printing Y(k,i,h):
Y[1][0][7] == 1
Y[2][5][2] == 1
Y[3][6][9] == 1
Y[5][8][3] == 1
Done!
-------------------------Re-calculated objective-----------------------
42.5331
------------------------------------------------------------------------
Solve time: 13.737
OBJECTIVE VALUE: 42.5331, NUMBER OF SORTIES: 0.
Number of loop(s):0
Number of revisit: 0
In write mode
