Instance name: /home/orlab/CLionProjects/RV-FSTSP/Murray_instances/FSTSP/FSTSP_10_customer_problems/20140810T123443v10
Write arg val: 1
Input is specified as type M: Murray instance.-.-.-.-.-.-.-.-.-.-.-.-.-.-.-.-.-.-.-.-

drone speed: 0.6 miles/minute
uav non-eligible customer: 4 8 
Printing tau:
0 7.3617 13.235 11.9489 14.048 9.28995 9.2816 9.57935 4.27959 6.76674 3.51531 0 
7.3617 0 8.59672 16.5872 14.8463 1.92825 1.9199 7.49765 3.32128 11.405 7.04299 7.3617 
13.235 8.59672 0 25.184 23.443 8.42508 9.39342 16.0944 11.7546 20.0018 15.6397 13.235 
11.9489 16.5872 25.184 0 20.0769 16.7589 15.7905 15.6083 13.4294 5.1822 10.0243 11.9489 
14.048 14.8463 23.443 20.0769 0 15.0179 14.0496 7.34864 11.6884 17.2947 10.5327 14.048 
9.28995 1.92825 8.42508 16.7589 15.0179 0 0.968346 7.66929 5.01036 12.5367 7.21463 9.28995 
9.2816 1.9199 9.39342 15.7905 14.0496 0.968346 0 6.70095 5.00201 12.5283 6.24629 9.2816 
9.57935 7.49765 16.0944 15.6083 7.34864 7.66929 6.70095 0 5.29976 12.8261 6.06403 9.57935 
4.27959 3.32128 11.7546 13.4294 11.6884 5.01036 5.00201 5.29976 0 8.24716 3.8851 4.27959 
6.76674 11.405 20.0018 5.1822 17.2947 12.5367 12.5283 12.8261 8.24716 0 6.76206 6.76674 
3.51531 7.04299 15.6397 10.0243 10.5327 7.21463 6.24629 6.06403 3.8851 6.76206 0 3.51531 
0 0 0 0 0 0 0 0 0 0 0 0 
Printing tau_prime:
0 4.3947 7.10303 6.75983 8.77073 5.28375 5.07359 5.04924 2.28719 3.79077 2.15117 0 
4.3947 0 4.53721 10.7671 8.22389 0.977764 1.04987 3.94906 2.22874 7.86711 4.05316 4.3947 
7.10303 4.53721 0 13.8369 12.7369 4.83259 5.26653 8.48623 5.94183 10.8808 7.92402 7.10303 
6.75983 10.7671 13.8369 0 10.1784 11.4679 11.1089 9.12274 8.55077 2.97077 6.81733 6.75983 
8.77073 8.22389 12.7369 10.1784 0 7.95679 7.49335 4.34398 7.69376 8.9064 6.62071 8.77073 
5.28375 0.977764 4.83259 11.4679 7.95679 0 0.489107 3.87634 3.03842 8.61874 4.66744 5.28375 
5.07359 1.04987 5.26653 11.1089 7.49335 0.489107 0 3.38783 2.79373 8.29151 4.29363 5.07359 
5.04924 3.94906 8.48623 9.12274 4.34398 3.87634 3.38783 0 3.45972 6.7721 3.0714 5.04924 
2.28719 2.22874 5.94183 8.55077 7.69376 3.03842 2.79373 3.45972 0 5.63927 1.99988 2.28719 
3.79077 7.86711 10.8808 2.97077 8.9064 8.61874 8.29151 6.7721 5.63927 0 4.06431 3.79077 
2.15117 4.05316 7.92402 6.81733 6.62071 4.66744 4.29363 3.0714 1.99988 4.06431 0 2.15117 
0 0 0 0 0 0 0 0 0 0 0 0 
---------------------------------------------------------------
Current config:
- Number of threads = 1
- Drone endurance = 20
- SL = 1
- SR = 1
- L = 1
- Allow loop = 0
- Allow revisit = 1
- Allow multi-visit drone = 0
- Use TSP optimal solution as warmstart: = 0
- Use cutting plane method: = 0
- Use CPLEX conflict refiner: = 0
---------------------------------------------------------------
---------------------------------------------
Calculate max stage gap for sortie.... 
Stage gap calculation consumes too much memory. No constraint was added.
---------------------------------------------
Warning:  Output names have been modified due to duplicate names or characters invalid in LP format.
Version identifier: 22.1.1.0 | 2022-11-28 | 9160aff4d
CPXPARAM_Threads                                 1
CPXPARAM_TimeLimit                               3600
CPXPARAM_WorkMem                                 24576
Tried aggregator 3 times.
MIP Presolve eliminated 4400 rows and 1749 columns.
MIP Presolve modified 4773 coefficients.
Aggregator did 25 substitutions.
Reduced MIP has 1504 rows, 3394 columns, and 82407 nonzeros.
Reduced MIP has 3328 binaries, 0 generals, 0 SOSs, and 0 indicators.
Presolve time = 0.08 sec. (148.86 ticks)
Found incumbent of value 156.168179 after 0.11 sec. (200.81 ticks)
Probing fixed 3 vars, tightened 0 bounds.
Probing time = 0.02 sec. (64.26 ticks)
Tried aggregator 2 times.
Detecting symmetries...
MIP Presolve eliminated 9 rows and 3 columns.
MIP Presolve modified 2 coefficients.
Aggregator did 9 substitutions.
Reduced MIP has 1486 rows, 3382 columns, and 82109 nonzeros.
Reduced MIP has 3316 binaries, 0 generals, 0 SOSs, and 0 indicators.
Presolve time = 0.04 sec. (61.48 ticks)
Probing time = 0.00 sec. (9.03 ticks)
Clique table members: 36372.
MIP emphasis: balance optimality and feasibility.
MIP search method: dynamic search.
Parallel mode: none, using 1 thread.
Root relaxation solution time = 0.14 sec. (371.19 ticks)

        Nodes                                         Cuts/
   Node  Left     Objective  IInf  Best Integer    Best Bound    ItCnt     Gap

*     0+    0                          156.1682      -11.0000           107.04%
      0     0       34.2199   119      156.1682       34.2199     3588   78.09%
      0     0       35.5446   119      156.1682       Cuts: 5     3689   77.24%
      0     0       36.9317   211      156.1682      Cuts: 19     6928   76.35%
      0     0       37.3919   218      156.1682      Cuts: 16     7995   76.06%
*     0+    0                           92.4826       37.3919            59.57%
*     0+    0                           75.9205       37.3919            50.75%
*     0+    0                           63.0404       37.3919            40.69%
*     0+    0                           61.1037       37.3919            38.81%
      0     0  -1.00000e+75     0       61.1037       37.3919     7995   38.81%
      0     0       37.8159   193       61.1037      Cuts: 13     9434   38.11%
      0     0       38.2203   269       61.1037      Cuts: 15    10559   37.45%
Detecting symmetries...
      0     0       38.2219   314       61.1037      Cuts: 15    11369   37.45%
      0     0       38.2219   278       61.1037   ZeroHalf: 2    11725   37.45%
      0     0       38.2219   294       61.1037   ZeroHalf: 1    11930   37.45%
*     0+    0                           60.2711       38.2219            36.58%
      0     0  -1.00000e+75     0       60.2711       38.2219    11930   36.58%
Detecting symmetries...
      0     2       38.2219   293       60.2711       38.2299    12253   36.57%
Elapsed time = 2.53 sec. (5989.26 ticks, tree = 0.01 MB, solutions = 6)
      2     4       41.4812    86       60.2711       38.3913    15312   36.30%
      3     5       39.0056   199       60.2711       38.4949    17328   36.13%
      5     7       42.1017   107       60.2711       38.4949    22471   36.13%
      6     8       39.6755   241       60.2711       38.4949    26345   36.13%
      8    10       45.9448    39       60.2711       38.4949    30902   36.13%
*    10+   10                           59.2292       38.4949            35.01%
     10    12       44.5550    24       59.2292       38.4949    31343   35.01%
     16    18       44.6362    52       59.2292       38.4949    34318   35.01%
*    20+   18                           55.3579       38.4949            30.46%
*    26    22      integral     0       48.8948       38.4949    35734   21.27%
     30    22       44.6183    34       48.8948       39.6756    37451   18.86%
     36    26        cutoff             48.8948       39.6756    40132   18.86%
     76    42       43.5950    35       48.8948       39.7302    50035   18.74%
Elapsed time = 3.96 sec. (9948.27 ticks, tree = 0.08 MB, solutions = 9)
    130    80       44.0651   119       48.8948       39.8625    59086   18.47%
    190   136       46.3989    82       48.8948       40.2542    68240   17.67%
    268   188       46.4917    35       48.8948       41.4812    80984   15.16%
    331   243       43.0450   109       48.8948       42.0825    91567   13.93%
    401   287       44.4312   141       48.8948       42.1343   102450   13.83%
    462   332        cutoff             48.8948       42.1746   114704   13.74%

Performing restart 1

Repeating presolve.
Tried aggregator 2 times.
MIP Presolve eliminated 102 rows and 510 columns.
MIP Presolve modified 3622 coefficients.
Aggregator did 9 substitutions.
Reduced MIP has 1375 rows, 2863 columns, and 59733 nonzeros.
Reduced MIP has 2797 binaries, 0 generals, 0 SOSs, and 0 indicators.
Presolve time = 0.05 sec. (88.95 ticks)
Tried aggregator 1 time.
MIP Presolve eliminated 0 rows and 13 columns.
MIP Presolve modified 30 coefficients.
Reduced MIP has 1375 rows, 2850 columns, and 59392 nonzeros.
Reduced MIP has 2784 binaries, 0 generals, 0 SOSs, and 0 indicators.
Presolve time = 0.03 sec. (44.99 ticks)
Represolve time = 0.28 sec. (808.66 ticks)
    482     0       40.6386   166       48.8948      Cuts: 21   123574   13.64%
    482     0       41.3771   255       48.8948      Cuts: 33   124992   13.64%
    482     0       41.6595   168       48.8948      Cuts: 22   126354   13.64%
    482     0       41.7378   227       48.8948      Cuts: 45   127978   13.64%
    482     0       41.8283   278       48.8948      Cuts: 16   131233   13.64%
    482     0       41.8397   253       48.8948      Cuts: 24   131726   13.64%
    482     0       41.8517   282       48.8948      Cuts: 41   133002   13.64%
    482     0       41.8571   263       48.8948       Cuts: 6   133598   13.64%
    482     0       41.8604   290       48.8948       Cuts: 6   134265   13.64%
    482     0       41.9678   299       48.8948      Cuts: 14   135828   13.64%
    482     0       41.9834   288       48.8948      Cuts: 10   139637   13.64%
    482     0       41.9869   308       48.8948       Cuts: 4   139769   13.64%
    482     0       41.9870   300       48.8948   Impl Bds: 1   139935   13.64%
    482     2       41.9870   303       48.8948       42.2276   139994   13.64%
    483     3       41.9960   282       48.8948       42.2276   140182   13.64%
    485     5       44.5550    33       48.8948       42.2276   142364   13.64%
    487     7       42.0687   260       48.8948       42.2276   142767   13.64%
Elapsed time = 12.64 sec. (33554.77 ticks, tree = 0.02 MB, solutions = 9)
    490    10       42.1370   217       48.8948       42.2276   145012   13.64%
    494    14       42.2989   184       48.8948       42.2276   147136   13.64%
    497    16       47.8318   102       48.8948       42.2276   148409   13.64%
    507    23       46.4917    42       48.8948       42.2276   152127   13.64%
    532    31       48.4917    24       48.8948       42.2276   154319   13.64%
    561    48       46.0795    41       48.8948       42.2276   157324   13.64%
    587    60        cutoff             48.8948       42.2276   159900   13.64%
    588    60       45.3106   108       48.8948       42.2276   163067   13.64%
    598    62       45.7672   116       48.8948       42.2276   164482   13.64%
    605    65       46.4656    92       48.8948       42.2276   165793   13.64%
Elapsed time = 16.96 sec. (45303.07 ticks, tree = 0.38 MB, solutions = 9)
    613    65       45.5317    50       48.8948       42.3348   168249   13.42%
    648    95       45.5689    75       48.8948       42.3348   172237   13.42%
    668   102       42.4215   228       48.8948       42.3506   173007   13.38%
    681   113       42.6791   189       48.8948       42.3506   176296   13.38%
    698   128       43.0015   174       48.8948       42.3506   176973   13.38%
    720   141       44.1390   177       48.8948       42.3506   178406   13.38%
    741   153       44.6236   107       48.8948       42.3900   180856   13.30%
    808   197       44.6183    42       48.8948       42.4903   182918   13.10%
    851   226       48.6336    67       48.8948       42.4903   185609   13.10%
    896   261       47.4993   110       48.8948       42.4987   189886   13.08%
Elapsed time = 20.66 sec. (55327.33 ticks, tree = 2.63 MB, solutions = 9)
    920   264       47.1959    31       48.8948       42.6830   195108   12.70%
    990   309       48.4115    23       48.8948       42.7225   197818   12.62%
   1038   340       43.5950    29       48.8948       42.7807   203506   12.50%
   1075   359       45.2592   110       48.8948       42.8758   206136   12.31%
   1081   362       48.4750    36       48.8948       42.9408   208256   12.18%
   1093   373       48.4750    38       48.8948       42.9408   209018   12.18%
   1104   378       46.5550    41       48.8948       43.0788   210252   11.89%
   1140   404       47.6215   117       48.8948       43.0795   213351   11.89%
   1154   408       47.7494   115       48.8948       43.0847   215132   11.88%
   1199   434       43.5950    28       48.8948       43.2338   219662   11.58%
Elapsed time = 24.38 sec. (65088.97 ticks, tree = 4.21 MB, solutions = 9)
   1283   491       45.5950    34       48.8948       43.5950   225645   10.84%
   1347   533       43.5950    22       48.8948       43.5950   230910   10.84%
   1412   578       47.5517    58       48.8948       43.5950   233709   10.84%
   1493   633       43.5950    12       48.8948       43.5950   237128   10.84%
   1603   696        cutoff             48.8948       43.5950   243469   10.84%
   1630   707       43.6423    84       48.8948       43.5950   247129   10.84%
*  1642+  570                           47.9348       43.5950             9.05%
   1651   577       46.0845    49       47.9348       43.5950   249394    9.05%
   1672   578       44.2902    24       47.9348       43.5950   252023    9.05%
   1699   582       46.9735    72       47.9348       43.6250   256261    8.99%
   1734   594       46.8001    32       47.9348       43.6399   259391    8.96%
Elapsed time = 28.15 sec. (75041.53 ticks, tree = 6.28 MB, solutions = 10)
   1760   589       46.4820    54       47.9348       43.6792   261779    8.88%
   1825   617       47.2611    36       47.9348       43.7725   264412    8.68%
   1885   625       46.2810    53       47.9348       43.8855   267352    8.45%
   1922   628       47.1372   131       47.9348       43.9571   269052    8.30%
   1995   648       45.0504    36       47.9348       44.0977   272224    8.00%
   2091   679       46.9025    90       47.9348       44.3649   276142    7.45%
   2144   671       45.3354    65       47.9348       44.5550   280398    7.05%
   2218   724       45.1773    58       47.9348       44.5550   285275    7.05%
   2261   739       44.5552    88       47.9348       44.5550   289951    7.05%
   2343   806       46.7980    46       47.9348       44.5550   294774    7.05%
Elapsed time = 32.02 sec. (85279.29 ticks, tree = 6.56 MB, solutions = 10)
   2399   836       45.5266   103       47.9348       44.5550   301417    7.05%
   2479   901       46.7020    86       47.9348       44.5550   306361    7.05%
   2618   997       45.1871    42       47.9348       44.5550   311358    7.05%
   2696  1051       45.6756    40       47.9348       44.5550   314896    7.05%
   2789  1092        cutoff             47.9348       44.5550   318922    7.05%
   2882  1137        cutoff             47.9348       44.5550   322890    7.05%
   2937  1170       45.3629    61       47.9348       44.5550   325783    7.05%
   3021  1202       44.7159    65       47.9348       44.5550   330604    7.05%
   3082  1234       44.5550    21       47.9348       44.5550   333332    7.05%
   3144  1273       45.3268    31       47.9348       44.5550   338552    7.05%
Elapsed time = 35.75 sec. (95286.65 ticks, tree = 12.57 MB, solutions = 10)
   3190  1292       46.0000    47       47.9348       44.5550   342389    7.05%
   3263  1324       47.6524    48       47.9348       44.5550   347364    7.05%
   3295  1332       46.5976    83       47.9348       44.5550   350630    7.05%
   3412  1420       44.5780    46       47.9348       44.5550   355809    7.05%
   3555  1529       47.4453    16       47.9348       44.5550   359542    7.05%
   3623  1563       46.9949    59       47.9348       44.5550   365660    7.05%
   3709  1618        cutoff             47.9348       44.5550   371650    7.05%
   3759  1629       47.5529    53       47.9348       44.5550   377330    7.05%
   3803  1640       44.9207    63       47.9348       44.5624   381739    7.04%
   3914  1696       45.6168    55       47.9348       44.5965   386228    6.96%
Elapsed time = 39.52 sec. (105077.04 ticks, tree = 18.05 MB, solutions = 10)
   3961  1703       46.9430    42       47.9348       44.6183   388829    6.92%
   4061  1776       44.8014   103       47.9348       44.6183   393810    6.92%
   4210  1887       44.6183    31       47.9348       44.6183   398864    6.92%
   4304  1944       44.7093    70       47.9348       44.6183   405243    6.92%
   4390  1994        cutoff             47.9348       44.6234   410434    6.91%
   4509  2062       45.3942    81       47.9348       44.6413   414028    6.87%
   4658  2129       46.1991    33       47.9348       44.6569   418955    6.84%
   4749  2172       44.7183    82       47.9348       44.6758   423360    6.80%
   4833  2180       46.0171    56       47.9348       44.7173   427926    6.71%
   5122  2064        cutoff             47.9348       44.8648   442254    6.40%
Elapsed time = 44.43 sec. (118001.26 ticks, tree = 22.94 MB, solutions = 10)
   5414  2006       46.9534   108       47.9348       45.0611   455770    5.99%
   5764  2095       45.6936    94       47.9348       45.2449   474673    5.61%
   6159  2105       46.6455    77       47.9348       45.4374   491718    5.21%
   6403  2164       45.6124    60       47.9348       45.5317   508191    5.01%
   6575  2211        cutoff             47.9348       45.5317   525042    5.01%
   6794  2296       47.4722    40       47.9348       45.5317   543284    5.01%
   7046  2368        cutoff             47.9348       45.5550   558656    4.96%
   7292  2379       47.4861    51       47.9348       45.5950   576445    4.88%
   7510  2317       47.7190    75       47.9348       45.6465   592059    4.77%
   7824  2263       46.9567    23       47.9348       45.7558   607583    4.55%
Elapsed time = 59.33 sec. (156567.45 ticks, tree = 20.84 MB, solutions = 10)
   8139  2247       46.8972    50       47.9348       45.9043   624954    4.24%
   8483  2222       46.9997    89       47.9348       46.0609   640988    3.91%
   8725  2279       46.9241    89       47.9348       46.0843   659606    3.86%
   8996  2140       47.6435    79       47.9348       46.2436   674713    3.53%
   9229  2049       46.4396    43       47.9348       46.3367   688889    3.33%
   9505  1895        cutoff             47.9348       46.4750   701250    3.05%
   9749  1909       46.5066    43       47.9348       46.4917   716821    3.01%
  10001  1997        cutoff             47.9348       46.4917   735197    3.01%
  10124  2020        cutoff             47.9348       46.4955   742436    3.00%

Performing restart 2

Repeating presolve.
Tried aggregator 2 times.
MIP Presolve eliminated 191 rows and 554 columns.
MIP Presolve modified 654 coefficients.
Aggregator did 14 substitutions.
Reduced MIP has 1170 rows, 2282 columns, and 43285 nonzeros.
Reduced MIP has 2216 binaries, 0 generals, 0 SOSs, and 0 indicators.
Presolve time = 0.03 sec. (57.83 ticks)
Tried aggregator 1 time.
MIP Presolve eliminated 0 rows and 1 columns.
MIP Presolve modified 7 coefficients.
Reduced MIP has 1170 rows, 2281 columns, and 43227 nonzeros.
Reduced MIP has 2215 binaries, 0 generals, 0 SOSs, and 0 indicators.
Presolve time = 0.02 sec. (33.45 ticks)
Represolve time = 0.15 sec. (349.40 ticks)
  10125     0       41.9933   333       47.9348      Cuts: 28   749882    3.00%
  10125     0       41.9974   338       47.9348      Cuts: 15   750405    3.00%
  10125     0       41.9974   341       47.9348       Cuts: 2   750458    3.00%
  10125     0       41.9975   339       47.9348       Cuts: 2   750491    3.00%
  10125     0       41.9975   338       47.9348   Impl Bds: 1   750504    3.00%
  10125     0       41.9975   344       47.9348       Cuts: 3   750647    3.00%

Repeating presolve.
Tried aggregator 3 times.
MIP Presolve eliminated 4 rows and 26 columns.
MIP Presolve modified 1332 coefficients.
Aggregator did 4 substitutions.
Reduced MIP has 1162 rows, 2251 columns, and 49210 nonzeros.
Reduced MIP has 2185 binaries, 0 generals, 0 SOSs, and 0 indicators.
Presolve time = 0.07 sec. (119.46 ticks)
Tried aggregator 2 times.
MIP Presolve eliminated 0 rows and 1 columns.
MIP Presolve modified 3 coefficients.
Aggregator did 1 substitutions.
Reduced MIP has 1161 rows, 2249 columns, and 49111 nonzeros.
Reduced MIP has 2183 binaries, 0 generals, 0 SOSs, and 0 indicators.
Presolve time = 0.03 sec. (47.07 ticks)
Represolve time = 0.22 sec. (463.25 ticks)
  10125     0       41.9979   355       47.9348       Cuts: 8   756546    3.00%
  10125     0       41.9988   341       47.9348      Cuts: 10   757138    3.00%
  10125     0       42.0043   357       47.9348       Cuts: 6   757420    3.00%
  10125     0       42.0043   340       47.9348       Cuts: 4   757640    3.00%
  10125     0       42.0043   361       47.9348   ZeroHalf: 4   757899    3.00%
  10125     0       42.0065   342       47.9348       Cuts: 3   758728    3.00%
  10125     0       42.0065   342       47.9348       Cuts: 3   759089    3.00%
  10125     0       42.0108   352       47.9348       Cuts: 7   760130    3.00%
  10125     0       42.0108   353       47.9348       Cuts: 3   760734    3.00%
  10125     2       42.0108   350       47.9348       46.4955   760734    3.00%
Elapsed time = 85.84 sec. (234055.85 ticks, tree = 0.01 MB, solutions = 10)
  10133     9       47.4983    29       47.9348       46.4955   769235    3.00%
  10148    19       42.5267   131       47.9348       46.4955   777913    3.00%
  10179    39       46.4917    28       47.9348       46.4955   784153    3.00%
  10268   104       44.5550    63       47.9348       46.4955   790649    3.00%
  10383   173       47.0958    31       47.9348       46.4955   801852    3.00%
  10488   239       44.5550    16       47.9348       46.4955   809662    3.00%
  10630   330       45.0910   198       47.9348       46.4955   818231    3.00%
  10805   406       43.5950    36       47.9348       46.4955   834932    3.00%
  10951   464       43.5950    21       47.9348       46.4955   850319    3.00%
  11225   567       48.4243    72       47.9348       46.4955   864183    3.00%
Elapsed time = 99.75 sec. (272645.81 ticks, tree = 4.22 MB, solutions = 10)
  11454   539       47.0975    56       47.9348       46.4955   880335    3.00%
  11659   641        cutoff             47.9348       46.4955   897052    3.00%
  11981   823       44.7765    57       47.9348       46.4955   912660    3.00%
  12227   916       45.6940   102       47.9348       46.4955   929631    3.00%
  12457  1053       45.3460    55       47.9348       46.4955   949247    3.00%
  12731  1135       45.1820    53       47.9348       46.4955   968911    3.00%
  13081  1263        cutoff             47.9348       46.4955   988552    3.00%
  13378  1355       45.8499    22       47.9348       46.4955  1007054    3.00%
  13832  1406        cutoff             47.9348       46.4955  1026703    3.00%
  14319  1274        cutoff             47.9348       46.4955  1044984    3.00%
Elapsed time = 114.41 sec. (310917.22 ticks, tree = 7.97 MB, solutions = 10)
  14632  1262        cutoff             47.9348       46.4955  1062728    3.00%
  14883  1295       47.1007    48       47.9348       46.4955  1081903    3.00%
  15120  1360       46.4781    51       47.9348       46.4955  1101599    3.00%
  15362  1399       46.0725    27       47.9348       46.4955  1121117    3.00%
  15644  1430       45.6486    67       47.9348       46.4955  1139663    3.00%
  15967  1431       46.9697    14       47.9348       46.4955  1158522    3.00%
  16343  1249        cutoff             47.9348       46.4955  1176356    3.00%
  16567  1336       46.0725    22       47.9348       46.4955  1195487    3.00%
  16719  1390       46.3159    42       47.9348       46.4955  1216394    3.00%
  16951  1317        cutoff             47.9348       46.4955  1235476    3.00%
Elapsed time = 129.24 sec. (349232.26 ticks, tree = 7.89 MB, solutions = 10)
  17245  1261        cutoff             47.9348       46.4955  1254112    3.00%
  17602  1165       46.5296    38       47.9348       46.4955  1273825    3.00%
  17838  1210       46.4917    20       47.9348       46.4955  1294097    3.00%
  18081  1258        cutoff             47.9348       46.4955  1315104    3.00%
  18321  1324       47.3775    34       47.9348       46.4955  1331962    3.00%
  18584  1259        cutoff             47.9348       46.5415  1350332    2.91%
  18902  1130        cutoff             47.9348       46.6198  1368369    2.74%
  19390   824        cutoff             47.9348       46.9567  1385748    2.04%
  19753   595        cutoff             47.9348       47.1959  1404849    1.54%
  20155   444       47.7958    58       47.9348       47.3516  1423794    1.22%
Elapsed time = 144.27 sec. (387569.69 ticks, tree = 2.66 MB, solutions = 10)

GUB cover cuts applied:  2
Clique cuts applied:  1
Cover cuts applied:  43
Implied bound cuts applied:  19
Mixed integer rounding cuts applied:  2
Zero-half cuts applied:  25
Gomory fractional cuts applied:  4

Root node processing (before b&c):
  Real time             =    2.50 sec. (5879.36 ticks)
Sequential b&c:
  Real time             =  143.11 sec. (385116.12 ticks)
                          ------------
Total (root+branch&cut) =  145.62 sec. (390995.49 ticks)
Feasible solution found!
Truck nodes:
Stage 1 at customer 0 with arrival time is: 
Stage 2 at customer 8 with arrival time is: 
Stage 3 at customer 1 with arrival time is: 
Stage 4 at customer 5 with arrival time is: 
Stage 5 at customer 6 with arrival time is: 
Stage 6 at customer 7 with arrival time is: 
Stage 7 at customer 4 with arrival time is: 
Stage 8 at customer 10 with arrival time is: 
Stage 9 at customer 11 with arrival time is: 
Truck arcs:
Arc 1 connecting 0 and 8 with cost 4.27959 
Arc 2 connecting 8 and 1 with cost 3.32128 
Arc 3 connecting 1 and 5 with cost 1.92825 
Arc 4 connecting 5 and 6 with cost 0.968346 
Arc 5 connecting 6 and 7 with cost 6.70095 
Arc 6 connecting 7 and 4 with cost 7.34864 
Arc 7 connecting 4 and 10 with cost 10.5327 
Arc 8 connecting 10 and 11 with cost 3.51531 
Customer 2 served by drone.
Drone fly from 7 at stage 6 to serve 2 and then fly back to 10 at stage 8. 
Truck arcs during this sortie: 7--->4--->10
Truck travel time from stage 6 to 8 is: 17.8813
Total drone travel time: 16.4103
Customer 3 served by drone.
Drone fly from 0 at stage 1 to serve 3 and then fly back to 7 at stage 6. 
Truck arcs during this sortie: 0--->8--->1--->5--->6--->7
Truck travel time from stage 1 to 6 is: 17.1984
Total drone travel time: 15.8826
Customer 9 served by drone.
Drone fly from 10 at stage 8 to serve 9 and then fly back to 11 at stage 9. 
Truck arcs during this sortie: 10--->0
Truck travel time from stage 8 to 9 is: 3.51531
Total drone travel time: 7.85508
Customer 2 served, start stage = 6, end stage = 8
Wait time for this sortie: 0
Customer 3 served, start stage = 1, end stage = 6
Wait time for this sortie: 0
Customer 9 served, start stage = 8, end stage = 9
Wait time for this sortie: 4.33977
Printing Y(k,i,h):
Y[1][0][3] == 1
Y[6][7][2] == 1
Y[8][10][9] == 1
Done!
-------------------------Re-calculated objective-----------------------
47.9348
------------------------------------------------------------------------
Solve time: 145.617
OBJECTIVE VALUE: 47.9348, NUMBER OF SORTIES: 0.
Number of loop(s):0
Number of revisit: 0
In write mode
