Instance name: /home/orlab/CLionProjects/RV-FSTSP/Murray_instances/FSTSP/FSTSP_10_customer_problems/20140810T123437v10
Write arg val: 1
Input is specified as type M: Murray instance.-.-.-.-.-.-.-.-.-.-.-.-.-.-.-.-.-.-.-.-

drone speed: 0.6 miles/minute
uav non-eligible customer: 10 
Printing tau:
0 7.81487 11.456 11.7512 6.90462 8.74496 8.26904 7.96713 6.93325 7.23706 4.19835 0 
7.81487 0 18.3108 3.93636 13.7595 7.22991 8.18583 7.04774 13.7881 14.0919 12.0132 7.81487 
11.456 18.3108 0 22.2472 4.55136 11.0809 10.125 11.2631 5.10923 6.13892 11.4943 11.456 
11.7512 3.93636 22.2472 0 17.6958 11.1663 12.1222 10.9841 17.7245 18.0283 15.9496 11.7512 
6.90462 13.7595 4.55136 17.6958 0 6.52957 5.57365 6.71174 1.94864 9.26756 8.38296 6.90462 
8.74496 7.22991 11.0809 11.1663 6.52957 0 0.955922 0.777831 6.55821 13.8279 12.9433 8.74496 
8.26904 8.18583 10.125 12.1222 5.57365 0.955922 0 1.13809 5.60229 13.352 12.4674 8.26904 
7.96713 7.04774 11.2631 10.9841 6.71174 0.777831 1.13809 0 6.74038 13.0501 12.1655 7.96713 
6.93325 13.7881 5.10923 17.7245 1.94864 6.55821 5.60229 6.74038 0 11.2162 10.3316 6.93325 
7.23706 14.0919 6.13892 18.0283 9.26756 13.8279 13.352 13.0501 11.2162 0 7.2754 7.23706 
4.19835 12.0132 11.4943 15.9496 8.38296 12.9433 12.4674 12.1655 10.3316 7.2754 0 4.19835 
0 0 0 0 0 0 0 0 0 0 0 0 
Printing tau_prime:
0 5.2504 5.81067 8.05818 4.07784 4.42093 4.23025 4.02519 4.67535 4.46675 2.12057 0 
5.2504 0 9.8583 2.81169 7.1874 3.68175 4.14083 3.56048 7.01565 9.64862 6.97631 5.2504 
5.81067 9.8583 0 12.4676 2.78952 6.81212 6.2789 6.6743 3.43429 3.76225 6.38332 5.81067 
8.05818 2.81169 12.4676 0 9.72054 5.84064 6.37024 5.8678 9.39115 12.4582 9.71551 8.05818 
4.07784 7.1874 2.78952 9.72054 0 4.02264 3.49008 3.89122 0.984316 4.68384 5.49765 4.07784 
4.42093 3.68175 6.81212 5.84064 4.02264 0 0.539342 0.403494 3.56539 7.79682 6.54069 4.42093 
4.23025 4.14083 6.2789 6.37024 3.49008 0.539342 0 0.594704 3.02824 7.37407 6.33485 4.23025 
4.02519 3.56048 6.6743 5.8678 3.89122 0.403494 0.594704 0 3.52816 7.49021 6.1456 4.02519 
4.67535 7.01565 3.43429 9.39115 0.984316 3.56539 3.02824 3.52816 0 5.66711 6.29515 4.67535 
4.46675 9.64862 3.76225 12.4582 4.68384 7.79682 7.37407 7.49021 5.66711 0 3.7017 4.46675 
2.12057 6.97631 6.38332 9.71551 5.49765 6.54069 6.33485 6.1456 6.29515 3.7017 0 2.12057 
0 0 0 0 0 0 0 0 0 0 0 0 
---------------------------------------------------------------
Current config:
- Number of threads = 1
- Drone endurance = 20
- SL = 1
- SR = 1
- L = 1
- Allow loop = 0
- Allow revisit = 1
- Allow multi-visit drone = 0
- Use TSP optimal solution as warmstart: = 0
- Use cutting plane method: = 0
- Use CPLEX conflict refiner: = 0
---------------------------------------------------------------
---------------------------------------------
Calculate max stage gap for sortie.... 
Stage gap calculation consumes too much memory. No constraint was added.
---------------------------------------------
Warning:  Output names have been modified due to duplicate names or characters invalid in LP format.
Version identifier: 22.1.1.0 | 2022-11-28 | 9160aff4d
CPXPARAM_Threads                                 1
CPXPARAM_TimeLimit                               3600
CPXPARAM_WorkMem                                 24576
Tried aggregator 3 times.
MIP Presolve eliminated 4781 rows and 1481 columns.
MIP Presolve modified 5539 coefficients.
Aggregator did 25 substitutions.
Reduced MIP has 1617 rows, 3662 columns, and 85187 nonzeros.
Reduced MIP has 3596 binaries, 0 generals, 0 SOSs, and 0 indicators.
Presolve time = 0.09 sec. (174.98 ticks)
Found incumbent of value 138.235882 after 0.12 sec. (229.98 ticks)
Probing time = 0.00 sec. (10.43 ticks)
Tried aggregator 2 times.
Detecting symmetries...
MIP Presolve eliminated 9 rows and 0 columns.
MIP Presolve modified 3 coefficients.
Aggregator did 9 substitutions.
Reduced MIP has 1599 rows, 3653 columns, and 84905 nonzeros.
Reduced MIP has 3587 binaries, 0 generals, 0 SOSs, and 0 indicators.
Presolve time = 0.05 sec. (72.72 ticks)
Probing time = 0.00 sec. (9.75 ticks)
Clique table members: 33584.
MIP emphasis: balance optimality and feasibility.
MIP search method: dynamic search.
Parallel mode: none, using 1 thread.
Root relaxation solution time = 0.22 sec. (606.84 ticks)

        Nodes                                         Cuts/
   Node  Left     Objective  IInf  Best Integer    Best Bound    ItCnt     Gap

*     0+    0                          138.2359      -11.0000           107.96%
      0     0       27.3724   205      138.2359       27.3724     4729   80.20%
      0     0       29.4123   207      138.2359      Cuts: 21     9440   78.72%
      0     0       29.8688   212      138.2359      Cuts: 18    11493   78.39%
      0     0       29.8688   242      138.2359      Cuts: 21    11702   78.39%
*     0+    0                          128.7939       29.8688            76.81%
*     0+    0                           68.8523       29.8688            56.62%
*     0+    0                           65.1925       29.8688            54.18%
      0     0  -1.00000e+75     0       65.1925       29.8688    11702   54.18%
      0     0       29.8866   163       65.1925   ZeroHalf: 2    12203   54.16%
      0     0       30.0766   274       65.1925      Cuts: 28    13412   53.86%
Detecting symmetries...
      0     0       30.0766   292       65.1925      Cuts: 15    13769   53.86%
*     0+    0                           54.1283       30.0766            44.43%
*     0+    0                           53.6274       30.0766            43.92%
*     0+    0                           52.7750       30.0766            43.01%
      0     0  -1.00000e+75     0       52.7750       30.0766    13769   43.01%
Detecting symmetries...
      0     2       30.0771   287       52.7750       30.0938    15075   42.98%
Elapsed time = 3.13 sec. (7534.30 ticks, tree = 0.01 MB, solutions = 7)
      1     3       30.2538   262       52.7750       30.1217    17092   42.92%
      2     4       34.8831   118       52.7750       30.2573    19464   42.67%
      4     6       35.8671   126       52.7750       30.2573    21710   42.67%
      5     7       36.6634   109       52.7750       30.2573    24771   42.67%
      6     8       37.9350    97       52.7750       30.2573    28334   42.67%
      8    10       38.8912   145       52.7750       30.2573    31979   42.67%
     12    14       40.6094    74       52.7750       30.2573    34105   42.67%
     19    21       40.4453    17       52.7750       30.2573    36805   42.67%
     27    29       39.6609    50       52.7750       30.2573    39434   42.67%
     69    51       36.8331    24       52.7750       30.3788    50927   42.44%
Elapsed time = 4.62 sec. (11665.40 ticks, tree = 0.17 MB, solutions = 7)
     74    56       37.5180    66       52.7750       30.3788    58185   42.44%
     79    61       37.4358   105       52.7750       30.3788    66634   42.44%
    139    91       36.9562   152       52.7750       31.2722    78561   40.74%
    160   112       45.4508   108       52.7750       31.2722    89368   40.74%
    224   167       49.0458    26       52.7750       31.8188   100510   39.71%
    262   199       32.1154   252       52.7750       31.8606   106598   39.63%
    284   219       38.1720    45       52.7750       31.8606   116782   39.63%
    335   260       34.8776   107       52.7750       32.1538   127756   39.07%
    366   287       43.8007    36       52.7750       32.7834   138235   37.88%
    379   293       36.2847   134       52.7750       33.2813   146968   36.94%
Elapsed time = 8.29 sec. (21949.32 ticks, tree = 0.66 MB, solutions = 7)
    400   314       50.4110    90       52.7750       33.2813   156066   36.94%
    437   337       38.7643   118       52.7750       33.7304   167486   36.09%
    465   361       38.7351   136       52.7750       34.1078   177962   35.37%
    496   378       34.2106   155       52.7750       34.2104   186813   35.18%
    504   386       37.9408   154       52.7750       34.2104   196156   35.18%
    532   404        cutoff             52.7750       34.3674   205891   34.88%
*   590+  441                           52.3278       34.7953            33.51%
    614   463       41.5304    25       52.3278       34.8689   215538   33.36%
*   620+  463                           52.1412       34.8689            33.13%
    672   505       51.1566    93       52.1412       35.2038   225890   32.48%
    722   551       41.0731    37       52.1412       35.2523   234646   32.39%
    756   577       50.9440   103       52.1412       35.4028   244379   32.10%
Elapsed time = 12.03 sec. (32164.62 ticks, tree = 1.26 MB, solutions = 9)
    790   603       38.9654   111       52.1412       35.9971   254076   30.96%
    873   662       43.8760    51       52.1412       36.3260   263413   30.33%
    946   712       43.8967    50       52.1412       36.4598   272551   30.07%
*   953   560      integral     0       49.6902       36.4598   273130   26.63%

Performing restart 1

Repeating presolve.
Tried aggregator 2 times.
MIP Presolve eliminated 0 rows and 54 columns.
MIP Presolve modified 31 coefficients.
Aggregator did 1 substitutions.
Reduced MIP has 1598 rows, 3598 columns, and 82197 nonzeros.
Reduced MIP has 3532 binaries, 0 generals, 0 SOSs, and 0 indicators.
Presolve time = 0.05 sec. (82.01 ticks)
Tried aggregator 1 time.
Reduced MIP has 1598 rows, 3598 columns, and 82197 nonzeros.
Reduced MIP has 3532 binaries, 0 generals, 0 SOSs, and 0 indicators.
Presolve time = 0.03 sec. (47.47 ticks)
Represolve time = 0.13 sec. (268.57 ticks)
   1063     0       30.1214   271       49.6902      Cuts: 17   290979   25.87%
   1063     0       30.1304   265       49.6902   ZeroHalf: 9   291481   25.87%
   1063     0       30.1363   290       49.6902      Cuts: 11   292013   25.87%
   1063     0       30.1621   281       49.6902   ZeroHalf: 4   292686   25.87%
   1063     0       30.1621   316       49.6902   ZeroHalf: 8   292966   25.87%
   1063     0       30.1662   314       49.6902   ZeroHalf: 7   293469   25.87%
   1063     0       30.2075   281       49.6902       Cuts: 4   294100   25.87%
   1063     0       33.0357   258       49.6902      Cuts: 45   300601   25.87%
   1063     0       33.4037   236       49.6902      Cuts: 21   302235   25.87%
   1063     0       33.4037   231       49.6902      Cuts: 31   302530   25.87%
*  1063+    0                           47.3913       36.8331            22.28%
*  1063+    0                           43.6486       36.8331            15.61%
   1063     2       33.4037   182       43.6486       36.8331   302578   15.61%
   1064     3       33.5251   207       43.6486       36.8331   305871   15.61%
   1065     4       33.5692   182       43.6486       36.8331   308099   15.61%
   1066     5       33.7583   179       43.6486       36.8331   310332   15.61%
   1067     6       33.8559   213       43.6486       36.8331   311328   15.61%
   1068     7       33.8784   216       43.6486       36.8331   315456   15.61%
   1070     9       33.9355   175       43.6486       36.8331   321459   15.61%
Elapsed time = 22.84 sec. (61060.43 ticks, tree = 0.05 MB, solutions = 12)
   1071    10       33.9507   199       43.6486       36.8331   322329   15.61%
   1072    11       33.9532   223       43.6486       36.8331   323627   15.61%
   1075    14       36.8331    37       43.6486       36.8331   325298   15.61%
   1090    29       36.8331    36       43.6486       36.8331   327519   15.61%
   1094    33       37.7377   105       43.6486       36.8331   329139   15.61%
   1096    34       40.9273   108       43.6486       36.8331   331434   15.61%
   1098    34       40.9707   112       43.6486       36.8331   332117   15.61%
   1100    34       41.0064   108       43.6486       36.8331   332453   15.61%
   1104    34       41.0446   112       43.6486       36.8331   333046   15.61%
   1113    34       36.3138   111       43.6486       36.8331   336020   15.61%
Elapsed time = 27.63 sec. (74104.01 ticks, tree = 0.42 MB, solutions = 12)
   1114    35       36.3447   108       43.6486       36.8331   336533   15.61%
   1115    36       36.4590   106       43.6486       36.8331   339343   15.61%
   1121    40       36.9019   138       43.6486       36.8331   340822   15.61%
   1128    43       37.6326   136       43.6486       36.8331   342198   15.61%
   1152    53       51.1916    26       43.6486       36.8331   346048   15.61%
   1157    57       38.1341   140       43.6486       36.8331   351655   15.61%
   1165    63       38.8100   113       43.6486       36.8331   353658   15.61%
   1176    68       39.6282   184       43.6486       36.8331   354796   15.61%
   1191    74       39.8884   171       43.6486       36.8331   355433   15.61%
   1200    78       41.3105   106       43.6486       36.8331   356281   15.61%
Elapsed time = 31.74 sec. (85141.70 ticks, tree = 0.52 MB, solutions = 12)
   1210    80       36.8558    47       43.6486       36.8331   359177   15.61%
   1222    81       57.9586    90       43.6486       36.8331   361402   15.61%
   1242    99       37.8158    40       43.6486       36.8331   365768   15.61%
   1265   114       34.0381   210       43.6486       36.8331   368876   15.61%
   1268   117       34.0603   188       43.6486       36.8331   370685   15.61%
   1270   118       36.6675   102       43.6486       36.8331   373760   15.61%
   1273   120       37.1416   120       43.6486       36.8331   375484   15.61%
   1277   122       38.9663    97       43.6486       36.8331   378514   15.61%
   1283   125       43.0866   123       43.6486       36.8331   381752   15.61%
   1287   126       37.5769   172       43.6486       36.8331   385206   15.61%
Elapsed time = 36.34 sec. (97645.53 ticks, tree = 0.57 MB, solutions = 12)
   1292   131       37.8416   137       43.6486       36.8331   389336   15.61%
   1303   142       38.1730   103       43.6486       36.8331   392929   15.61%
   1338   169       40.6650    39       43.6486       36.8331   396949   15.61%
   1374   205       40.6650    42       43.6486       36.8331   399972   15.61%
   1399   230       40.6683   136       43.6486       36.8331   404294   15.61%
   1420   241       41.2688    94       43.6486       36.8331   405815   15.61%
   1463   276       38.2958    27       43.6486       36.8331   410671   15.61%
   1491   298       38.4291    77       43.6486       36.8331   412579   15.61%
   1514   309       35.6072   189       43.6486       36.8331   416456   15.61%
   1521   315       42.5524    46       43.6486       36.8331   418707   15.61%
Elapsed time = 40.29 sec. (108094.90 ticks, tree = 0.93 MB, solutions = 12)
   1539   330       43.4568    69       43.6486       36.8331   422266   15.61%
   1543   331       34.2996   137       43.6486       36.8331   423257   15.61%
   1547   335       35.7267   117       43.6486       36.8331   425634   15.61%
   1556   344       36.6854   104       43.6486       36.8331   430409   15.61%
   1567   355       37.5681   125       43.6486       36.8331   436388   15.61%
   1582   365       38.1343   125       43.6486       36.8331   442085   15.61%
   1600   378       38.9564   132       43.6486       36.8331   445469   15.61%
   1607   380       38.9987   128       43.6486       36.8331   446213   15.61%
   1637   394       41.0260   100       43.6486       36.8331   448137   15.61%
   1650   399       34.4527   182       43.6486       36.8331   451474   15.61%
Elapsed time = 44.11 sec. (118615.79 ticks, tree = 1.09 MB, solutions = 12)
   1652   401       34.7607   193       43.6486       36.8331   453241   15.61%
   1654   403       34.8862   179       43.6486       36.8331   457124   15.61%
   1662   411       35.3371   199       43.6486       36.8331   459332   15.61%
   1671   419       36.0217   176       43.6486       36.8331   461208   15.61%
   1687   434       37.3430   174       43.6486       36.8331   468406   15.61%
   1701   442       37.5213   207       43.6486       36.8331   470504   15.61%
   1711   445       37.5743   184       43.6486       36.8331   472779   15.61%
   1733   459       39.4023    51       43.6486       36.8331   477522   15.61%
   1763   479       39.5612    72       43.6486       36.8331   481317   15.61%
   1961   618        cutoff             43.6486       36.8331   499146   15.61%
Elapsed time = 49.02 sec. (132127.70 ticks, tree = 1.53 MB, solutions = 12)
*  2063+  696                           43.6404       36.8331            15.60%
   2178   775       41.0657    50       43.6404       36.8331   524749   15.60%
   2270   828       40.0409    73       43.6404       36.8331   542049   15.60%
   2291   846       42.9411    35       43.6404       36.8331   548489   15.60%

Performing restart 2

Repeating presolve.
Tried aggregator 2 times.
MIP Presolve eliminated 3 rows and 290 columns.
MIP Presolve modified 2844 coefficients.
Aggregator did 11 substitutions.
Reduced MIP has 1584 rows, 3297 columns, and 67556 nonzeros.
Reduced MIP has 3231 binaries, 0 generals, 0 SOSs, and 0 indicators.
Presolve time = 0.05 sec. (93.95 ticks)
Tried aggregator 1 time.
Reduced MIP has 1584 rows, 3297 columns, and 67556 nonzeros.
Reduced MIP has 3231 binaries, 0 generals, 0 SOSs, and 0 indicators.
Presolve time = 0.03 sec. (40.13 ticks)
Represolve time = 0.13 sec. (273.59 ticks)
   2338     0       33.4232   205       43.6404       Cuts: 6   563694   15.60%
   2338     0       33.4323   200       43.6404      Cuts: 20   563911   15.60%
   2338     0       33.4351   211       43.6404      Cuts: 11   564130   15.60%
*  2338+    0                           42.8234       36.8331            13.99%
   2338     0  -1.00000e+75     0       42.8234       36.8331   564130   13.99%
   2338     0       33.4880   237       42.8234      Cuts: 11   564752   13.99%
   2338     0       33.4894   213       42.8234       Cuts: 7   564849   13.99%
   2338     0       33.4894   235       42.8234       Cuts: 7   565109   13.99%
   2338     0       33.5058   232       42.8234   ZeroHalf: 4   566218   13.99%
   2338     0       33.5122   237       42.8234       Cuts: 5   566373   13.99%
   2338     0       33.5265   251       42.8234       Cuts: 5   566587   13.99%

Repeating presolve.
Tried aggregator 2 times.
MIP Presolve eliminated 0 rows and 59 columns.
MIP Presolve modified 859 coefficients.
Aggregator did 1 substitutions.
Reduced MIP has 1583 rows, 3237 columns, and 71761 nonzeros.
Reduced MIP has 3171 binaries, 0 generals, 0 SOSs, and 0 indicators.
Presolve time = 0.04 sec. (71.29 ticks)
Tried aggregator 1 time.
Reduced MIP has 1583 rows, 3237 columns, and 71761 nonzeros.
Reduced MIP has 3171 binaries, 0 generals, 0 SOSs, and 0 indicators.
Presolve time = 0.03 sec. (43.44 ticks)
Represolve time = 0.28 sec. (527.92 ticks)
   2338     0       33.5482   236       42.8234      Cuts: 13   573112   13.99%
   2338     0       33.6055   208       42.8234      Cuts: 10   573782   13.99%
   2338     0       33.6077   254       42.8234      Cuts: 19   573981   13.99%
   2338     0       33.6077   243       42.8234   ZeroHalf: 3   574122   13.99%
   2338     0       33.6262   195       42.8234       Cuts: 9   574575   13.99%
   2338     0       33.6314   224       42.8234      Cuts: 14   575018   13.99%
   2338     0       33.7569   226       42.8234       Cuts: 5   576652   13.99%
   2338     0       33.7695   250       42.8234       Cuts: 7   576899   13.99%
   2338     0       33.7829   241       42.8234       Cuts: 4   576958   13.99%
   2338     0       33.7894   246       42.8234       Cuts: 5   577112   13.99%
   2338     0       33.7897   249       42.8234   ZeroHalf: 3   577192   13.99%
   2338     2       33.7897   242       42.8234       36.8331   577192   13.99%
   2341     5       39.8288    69       42.8234       36.8331   580477   13.99%
   2346    10       34.0278   189       42.8234       36.8331   584814   13.99%
   2351    15       34.1564   252       42.8234       36.8331   588651   13.99%
   2354    18       38.3888    20       42.8234       36.8331   594424   13.99%
   2359    18       38.6491    91       42.8234       36.8331   603845   13.99%
   2402    36       40.4244    25       42.8234       36.8331   619203   13.99%
Elapsed time = 106.95 sec. (327421.03 ticks, tree = 0.10 MB, solutions = 14)
   2532   143       38.7531    34       42.8234       36.8331   634805   13.99%
   2619   198       36.9044    92       42.8234       36.8331   652487   13.99%
   2645   215       38.1177    75       42.8234       36.8331   659252   13.99%
   2703   260       36.5966   128       42.8234       36.8331   675717   13.99%
   2831   335       41.6071    94       42.8234       36.8331   694433   13.99%
   2902   388       35.4447   189       42.8234       36.8331   717229   13.99%
   2991   459       39.9444    31       42.8234       36.8331   742509   13.99%
   3117   567       38.2731    34       42.8234       36.8331   757674   13.99%
   3178   624       38.1539    78       42.8234       36.8331   766143   13.99%
   3445   815       40.9192    81       42.8234       36.8331   805085   13.99%
Elapsed time = 121.30 sec. (368510.84 ticks, tree = 1.54 MB, solutions = 14)
   3614   936       40.7450    41       42.8234       36.8331   826751   13.99%
   3918  1144       36.8662   124       42.8234       36.8331   866713   13.99%
   4134  1276       39.2297    89       42.8234       36.8331   887670   13.99%
   4504  1464       36.8558    41       42.8234       36.8558   920127   13.94%
   4836  1683        cutoff             42.8234       36.8709   946909   13.90%
   5189  1873       41.5646    93       42.8234       36.9498   976804   13.72%
   5208  1885       42.5768    27       42.8234       36.9537   977844   13.71%
   5448  1987       42.7706    38       42.8234       36.9853   996962   13.63%
   5497  2000       38.8287    56       42.8234       36.9932  1002503   13.61%
   6071  2197       42.2571   115       42.8234       37.2409  1048882   13.04%
Elapsed time = 135.26 sec. (410312.63 ticks, tree = 4.57 MB, solutions = 14)
   6301  2310        cutoff             42.8234       37.3831  1070317   12.70%
   6591  2457       38.6338   141       42.8234       37.5849  1095710   12.23%
   6723  2529       42.2077    41       42.8234       37.6395  1116260   12.11%
   7136  2716        cutoff             42.8234       37.7580  1145939   11.83%
   7605  2889       39.4780    90       42.8234       37.7931  1173569   11.75%
   8143  3205       37.9291   101       42.8234       37.7931  1209445   11.75%
   8791  3509       40.6650    30       42.8234       37.7987  1246200   11.73%
   9150  3702       41.2726    81       42.8234       37.8158  1275011   11.69%
   9305  3772        cutoff             42.8234       37.8163  1297428   11.69%
   9845  4014       39.8528    80       42.8234       37.8297  1324385   11.66%
Elapsed time = 149.09 sec. (451471.35 ticks, tree = 8.43 MB, solutions = 14)
  10230  4146        cutoff             42.8234       37.8457  1346367   11.62%
  10644  4310        cutoff             42.8234       37.8610  1373394   11.59%
  11068  4470       40.8094    40       42.8234       37.8788  1397967   11.55%
  11345  4613       38.7322    26       42.8234       37.8831  1427377   11.54%
  11865  4822       40.6795    36       42.8234       37.9195  1454878   11.45%
  12321  4937       39.4481    54       42.8234       37.9532  1482429   11.37%
  12603  5065       38.0712   106       42.8234       37.9673  1506667   11.34%
  12999  5207       38.4272   127       42.8234       38.0013  1531823   11.26%
  13639  5395       41.3920    91       42.8234       38.0712  1568167   11.10%
  14130  5503       38.1977    90       42.8234       38.1493  1595465   10.91%
Elapsed time = 162.32 sec. (491656.20 ticks, tree = 11.81 MB, solutions = 14)
  14636  5766       41.0211    31       42.8234       38.1493  1629051   10.91%
  15015  5924       39.6290    34       42.8234       38.1493  1656269   10.91%
  15566  6169       38.1493    33       42.8234       38.1493  1687976   10.91%
  16045  6385       40.3328    40       42.8234       38.1531  1718205   10.91%
  16436  6552       39.1093    38       42.8234       38.1642  1740402   10.88%
  16921  6749       41.0834    97       42.8234       38.1852  1770148   10.83%
  17314  6900       38.4397    52       42.8234       38.1988  1797423   10.80%
  17668  7024       39.8370    78       42.8234       38.2159  1823093   10.76%
  18115  7203        cutoff             42.8234       38.2360  1854452   10.71%
  18327  7297       40.9842    68       42.8234       38.2390  1876264   10.71%
Elapsed time = 175.83 sec. (532653.87 ticks, tree = 15.72 MB, solutions = 14)
  18915  7508        cutoff             42.8234       38.2587  1907028   10.66%
  19245  7614       39.5504    56       42.8234       38.2731  1933898   10.63%
  19685  7828       38.2731    20       42.8234       38.2731  1964310   10.63%
  20120  8046       38.6912    40       42.8234       38.2731  1990274   10.63%
  20461  8223       38.5067   112       42.8234       38.2731  2011607   10.63%
  20965  8516       38.2731    33       42.8234       38.2731  2048133   10.63%
  21503  8742       38.4570    79       42.8234       38.2731  2077113   10.63%
  21956  8946       40.2717    69       42.8234       38.2731  2108520   10.63%
  22223  9075       38.2894    73       42.8234       38.2742  2131526   10.62%
  22632  9256       38.3895   133       42.8234       38.2784  2161517   10.61%
Elapsed time = 189.20 sec. (572877.70 ticks, tree = 20.22 MB, solutions = 14)
  23163  9485       39.2906   102       42.8234       38.2893  2192403   10.59%
  23633  9690       38.5516    69       42.8234       38.2958  2218414   10.57%
  24078  9904       39.3066    65       42.8234       38.2978  2248474   10.57%
  24718 10134        cutoff             42.8234       38.3070  2284961   10.55%
  25160 10338       39.7391    32       42.8234       38.3156  2307113   10.53%
  25591 10547        cutoff             42.8234       38.3247  2334873   10.51%
  25987 10662       38.3372    37       42.8234       38.3372  2361751   10.48%
  26393 10808       39.0882    79       42.8234       38.3487  2384474   10.45%
  26841 11001       40.2663    77       42.8234       38.3604  2410413   10.42%
  27296 11173       41.0001    89       42.8234       38.3765  2441231   10.38%
Elapsed time = 202.69 sec. (613757.09 ticks, tree = 24.35 MB, solutions = 14)
  27792 11392       42.6886    14       42.8234       38.3888  2471363   10.36%
  28134 11597       40.0187    42       42.8234       38.3888  2494411   10.36%
  28588 11839       40.3839   137       42.8234       38.3888  2523328   10.36%
  28924 12033        cutoff             42.8234       38.3888  2549199   10.36%
  29334 12193       38.4518    83       42.8234       38.3888  2571207   10.36%
  29925 12478       40.0602    64       42.8234       38.3888  2598404   10.36%
  30522 12700        cutoff             42.8234       38.3956  2624040   10.34%
  30999 12825       38.4060    46       42.8234       38.4060  2643662   10.32%
  31631 13138       39.8747    92       42.8234       38.4115  2681317   10.30%
  32069 13262       40.9063    68       42.8234       38.4194  2705576   10.28%
Elapsed time = 215.84 sec. (653674.14 ticks, tree = 28.84 MB, solutions = 14)
  32546 13443        cutoff             42.8234       38.4261  2729088   10.27%
  32938 13613       39.5103    92       42.8234       38.4321  2753614   10.25%
  33508 13855    infeasible             42.8234       38.4412  2781766   10.23%
  33996 14059        cutoff             42.8234       38.4508  2807851   10.21%
  34456 14248       41.1087   106       42.8234       38.4587  2833211   10.19%
  34877 14386       39.5951    89       42.8234       38.4648  2857765   10.18%
  35362 14562       40.6564    57       42.8234       38.4767  2887390   10.15%
  35694 14666       38.6755    72       42.8234       38.4822  2905325   10.14%
  36254 14880       40.5167    51       42.8234       38.4943  2934660   10.11%
  36903 15115       40.1444    88       42.8234       38.5103  2962159   10.07%
Elapsed time = 228.76 sec. (693303.66 ticks, tree = 32.89 MB, solutions = 14)
  37300 15236       40.6306    47       42.8234       38.5195  2983861   10.05%
  37774 15411       39.7692    83       42.8234       38.5316  3008387   10.02%
  38240 15612       40.8663   132       42.8234       38.5406  3035386   10.00%
  38705 15806       38.8324    86       42.8234       38.5516  3062325    9.98%
  39126 15949        cutoff             42.8234       38.5627  3087193    9.95%
  39591 16106       39.3968    91       42.8234       38.5778  3117051    9.91%
  39937 16162        cutoff             42.8234       38.5879  3138056    9.89%
  40469 16333        cutoff             42.8234       38.6048  3167120    9.85%
  40934 16443       40.5018    93       42.8234       38.6235  3192158    9.81%
  41397 16534       41.8018    40       42.8234       38.6417  3216274    9.77%
Elapsed time = 242.01 sec. (733519.51 ticks, tree = 36.66 MB, solutions = 14)
* 41738+14939                           42.2277       38.6513             8.47%
  41903 14982       39.5209    64       42.2277       38.6585  3241900    8.45%
  42323 15114       39.4901    71       42.2277       38.6744  3269108    8.41%
  42909 15261       39.9961    52       42.2277       38.7005  3303549    8.35%
  43358 15378        cutoff             42.2277       38.7273  3328058    8.29%
  43747 15488       38.7450    38       42.2277       38.7450  3350579    8.25%
  44329 15815       38.7450    22       42.2277       38.7450  3386315    8.25%
  44722 16018       39.3872    81       42.2277       38.7450  3407103    8.25%
  45382 16233       39.6936    48       42.2277       38.7531  3439554    8.23%
  45714 16378       38.7772   107       42.2277       38.7531  3465186    8.23%
  46296 16558    infeasible             42.2277       38.7625  3492775    8.21%
Elapsed time = 256.02 sec. (776130.06 ticks, tree = 36.58 MB, solutions = 15)
  46765 16784       39.5804    61       42.2277       38.7677  3519065    8.19%
  47245 16879       40.9051    55       42.2277       38.7802  3545401    8.16%
  47859 17066       41.9735    85       42.2277       38.7921  3574443    8.14%
  48368 17142        cutoff             42.2277       38.8160  3597768    8.08%
  48818 17264       41.0432    53       42.2277       38.8279  3622984    8.05%
  49215 17453        cutoff             42.2277       38.8331  3650701    8.04%
  49552 17557       39.4352   126       42.2277       38.8378  3679449    8.03%
  50111 17701       41.7050    37       42.2277       38.8582  3712086    7.98%
  50566 17860       39.3756    82       42.2277       38.8688  3738004    7.95%
  51108 17991       41.6413    30       42.2277       38.8768  3761089    7.94%
Elapsed time = 269.54 sec. (817462.53 ticks, tree = 39.73 MB, solutions = 15)
  51546 18050       40.1917    68       42.2277       38.8915  3783482    7.90%
  52038 18156       40.4779    62       42.2277       38.9029  3812832    7.87%
  52523 18243       38.9710    77       42.2277       38.9223  3839559    7.83%
  53001 18365       40.4556   129       42.2277       38.9375  3869013    7.79%
  53395 18476       39.7385    87       42.2277       38.9521  3894585    7.76%
  53801 18578       38.9754    65       42.2277       38.9670  3918321    7.72%
  54240 18675       40.5549    87       42.2277       38.9890  3941180    7.67%
  54798 18784       39.0050    81       42.2277       39.0050  3970921    7.63%
  55245 18857        cutoff             42.2277       39.0243  3998389    7.59%
  55695 18999       41.5659    38       42.2277       39.0381  4021646    7.55%
Elapsed time = 282.69 sec. (857653.66 ticks, tree = 41.99 MB, solutions = 15)
  56128 19069       41.5549    63       42.2277       39.0554  4045492    7.51%
  56532 19209       40.6540    55       42.2277       39.0682  4068459    7.48%
  56855 19306       40.9317    53       42.2277       39.0774  4091071    7.46%
  57210 19389       39.6248   103       42.2277       39.0915  4118655    7.43%
  57744 19514       40.7588   102       42.2277       39.1086  4147216    7.39%
  58239 19689       39.1093    34       42.2277       39.1093  4174415    7.38%
  58857 19871        cutoff             42.2277       39.1093  4201189    7.38%
  59333 20043    infeasible             42.2277       39.1093  4228981    7.38%
  59722 20213       41.6077   114       42.2277       39.1109  4248202    7.38%
  60337 20336        cutoff             42.2277       39.1193  4273325    7.36%
Elapsed time = 295.83 sec. (897865.19 ticks, tree = 44.95 MB, solutions = 15)
  60835 20468       39.2050   105       42.2277       39.1285  4300259    7.34%
  61385 20612       39.1494    72       42.2277       39.1363  4327055    7.32%
  61849 20716       40.5691    43       42.2277       39.1432  4348586    7.30%
  62349 20877        cutoff             42.2277       39.1493  4376204    7.29%
  62687 20975       41.1661    56       42.2277       39.1547  4398704    7.28%
  63232 21055       41.9832    23       42.2277       39.1675  4427044    7.25%
  63678 21215       41.8525    25       42.2277       39.1734  4450286    7.23%
  64173 21327       40.5991    43       42.2277       39.1854  4474827    7.20%
  64618 21431       41.9811    41       42.2277       39.1940  4499043    7.18%
  65107 21456       41.8334    39       42.2277       39.2060  4520690    7.16%
Elapsed time = 309.00 sec. (938675.05 ticks, tree = 47.47 MB, solutions = 15)
  65663 21602        cutoff             42.2277       39.2197  4550469    7.12%
  66092 21691        cutoff             42.2277       39.2282  4571800    7.10%
  66661 21842       39.6487    28       42.2277       39.2331  4591129    7.09%
  67150 21974        cutoff             42.2277       39.2354  4615172    7.09%
  67592 22047       40.7007    74       42.2277       39.2476  4636019    7.06%
  68184 22105        cutoff             42.2277       39.2587  4665046    7.03%
  68623 22251       40.3799    85       42.2277       39.2653  4687024    7.02%
  69143 22371       39.7308    66       42.2277       39.2739  4709683    6.99%
  69536 22490       39.8239    64       42.2277       39.2809  4730819    6.98%
  70022 22694        cutoff             42.2277       39.2869  4756746    6.96%
Elapsed time = 321.71 sec. (977779.89 ticks, tree = 50.24 MB, solutions = 15)
  70487 22821       39.7574    98       42.2277       39.2943  4782471    6.95%
  70879 22896        cutoff             42.2277       39.3047  4803565    6.92%
  71389 23090       41.7050    33       42.2277       39.3115  4827040    6.91%
  71792 23151        cutoff             42.2277       39.3218  4849465    6.88%
  72251 23214       39.4320    80       42.2277       39.3353  4871194    6.85%
  72684 23313        cutoff             42.2277       39.3435  4896406    6.83%
  73105 23533       40.9579    82       42.2277       39.3488  4922339    6.82%
  73581 23714       39.3903    50       42.2277       39.3488  4946166    6.82%
  73952 23834       41.7050    40       42.2277       39.3488  4962698    6.82%
  74615 24067       39.3488    32       42.2277       39.3488  4986383    6.82%
Elapsed time = 334.60 sec. (1017588.91 ticks, tree = 53.30 MB, solutions = 15)
  75291 24460       41.9893    31       42.2277       39.3488  5013256    6.82%
  75763 24652       41.9270    76       42.2277       39.3488  5033465    6.82%
  76326 24877       39.3505    50       42.2277       39.3505  5056386    6.81%
  76819 25006       40.6987    54       42.2277       39.3529  5075777    6.81%
  77434 25275       40.0069    18       42.2277       39.3557  5099506    6.80%
  77912 25417       40.3728    34       42.2277       39.3609  5118206    6.79%
  78436 25560       41.1676    63       42.2277       39.3669  5137586    6.77%
  78918 25716       39.3715    37       42.2277       39.3715  5156430    6.76%
  79500 25906       40.6071    34       42.2277       39.3724  5183570    6.76%
  80123 26131        cutoff             42.2277       39.3759  5205551    6.75%
Elapsed time = 347.23 sec. (1056673.20 ticks, tree = 57.95 MB, solutions = 15)
  80733 26294        cutoff             42.2277       39.3807  5227382    6.74%
  81335 26403       40.1281    52       42.2277       39.3872  5249429    6.73%
  81707 26503       40.5665   124       42.2277       39.3909  5269729    6.72%
  82063 26589       39.3953    29       42.2277       39.3953  5288343    6.71%
  82733 26713       42.0688    36       42.2277       39.3979  5316423    6.70%
  83243 26853       41.0474    51       42.2277       39.4043  5338579    6.69%
  83633 26991       40.4198   129       42.2277       39.4088  5359561    6.68%
  84178 27102       39.4404    83       42.2277       39.4170  5387942    6.66%
  84578 27198       41.5052    56       42.2277       39.4200  5412548    6.65%
  85067 27293        cutoff             42.2277       39.4259  5432539    6.64%
Elapsed time = 360.61 sec. (1097812.07 ticks, tree = 60.60 MB, solutions = 15)
  85583 27395       41.8293    32       42.2277       39.4333  5450797    6.62%
  86094 27437       40.1995    31       42.2277       39.4422  5478654    6.60%
  86598 27559       41.7090    37       42.2277       39.4502  5504363    6.58%
  87095 27615       39.5222    48       42.2277       39.4620  5524536    6.55%
  87525 27737       40.0794    64       42.2277       39.4677  5544456    6.54%
  88140 27806       39.5180    97       42.2277       39.4796  5572798    6.51%
  88625 27884        cutoff             42.2277       39.4902  5594392    6.48%
  89100 27997       39.5792   123       42.2277       39.4979  5616117    6.46%
  89382 28043       39.6735    71       42.2277       39.5024  5635561    6.45%
  89922 28108        cutoff             42.2277       39.5156  5660549    6.42%
Elapsed time = 373.56 sec. (1137737.42 ticks, tree = 62.47 MB, solutions = 15)
  90389 28171       41.0403    27       42.2277       39.5228  5683410    6.41%
  90894 28320       40.6784    97       42.2277       39.5228  5706509    6.41%
  91313 28460       40.3221    43       42.2277       39.5273  5729893    6.39%
  91755 28554        cutoff             42.2277       39.5326  5751971    6.38%
  92186 28605       40.7762    61       42.2277       39.5373  5772854    6.37%
  92633 28679        cutoff             42.2277       39.5451  5793558    6.35%
  93167 28787       40.0390    65       42.2277       39.5532  5815636    6.33%
  93586 28888       39.9338    54       42.2277       39.5603  5837891    6.32%
  94059 28933        cutoff             42.2277       39.5716  5864961    6.29%
* 94338+26660                           41.9077       39.5776             5.56%
  94521 26729        cutoff             41.9077       39.5805  5885886    5.55%
Elapsed time = 386.19 sec. (1176780.81 ticks, tree = 59.40 MB, solutions = 16)
  94992 26776        cutoff             41.9077       39.5887  5904875    5.53%
  95540 26851       39.8836    45       41.9077       39.5893  5924071    5.53%
  96108 26867       40.7823   101       41.9077       39.6025  5948457    5.50%
  96562 26939       40.6673    80       41.9077       39.6111  5967896    5.48%
  97171 27005        cutoff             41.9077       39.6216  5993142    5.46%
  97642 27096       41.4650    32       41.9077       39.6292  6015462    5.44%
  98060 27156        cutoff             41.9077       39.6378  6034383    5.42%
  98545 27215    infeasible             41.9077       39.6472  6059039    5.39%
  98905 27266       40.9087    53       41.9077       39.6540  6078224    5.38%
  99450 27340       41.2210    87       41.9077       39.6636  6102181    5.35%
Elapsed time = 399.09 sec. (1216905.92 ticks, tree = 60.88 MB, solutions = 16)
  99836 27343       40.9510    25       41.9077       39.6736  6119318    5.33%
 100380 27339       39.7071    72       41.9077       39.6893  6148804    5.29%
 100655 27458       39.7081   118       41.9077       39.6929  6168876    5.28%
 101136 27501       39.8310    55       41.9077       39.7050  6197731    5.26%
 101525 27619        cutoff             41.9077       39.7050  6215668    5.26%
 102039 27735       39.8056    51       41.9077       39.7050  6241773    5.26%
 102448 27850       39.7077    66       41.9077       39.7050  6259722    5.26%
 102993 27961       39.8276    34       41.9077       39.7050  6284598    5.26%
 103428 28092       39.7053    29       41.9077       39.7050  6308388    5.26%
 103829 28203       41.6612    58       41.9077       39.7050  6326927    5.26%
Elapsed time = 412.24 sec. (1257268.43 ticks, tree = 62.86 MB, solutions = 16)
 104218 28346        cutoff             41.9077       39.7050  6348253    5.26%
 104900 28532        cutoff             41.9077       39.7050  6373128    5.26%
 105286 28696       39.8247    54       41.9077       39.7050  6394112    5.26%
 105690 28808       41.8273    78       41.9077       39.7050  6413392    5.26%
 106243 28905       40.0643    42       41.9077       39.7085  6438916    5.25%
 106664 29014       41.8239    75       41.9077       39.7109  6456174    5.24%
 107219 29069       39.9580    29       41.9077       39.7131  6477940    5.24%
 107864 29213       40.1162    67       41.9077       39.7131  6496060    5.24%
 108323 29272       40.1693    86       41.9077       39.7168  6512298    5.23%
 108878 29380        cutoff             41.9077       39.7223  6535474    5.21%
Elapsed time = 424.95 sec. (1296777.41 ticks, tree = 65.55 MB, solutions = 16)
 109420 29476       40.6891    67       41.9077       39.7277  6553438    5.20%
 109950 29586       40.5408    33       41.9077       39.7281  6576600    5.20%
 110467 29649        cutoff             41.9077       39.7329  6596837    5.19%
 110946 29750        cutoff             41.9077       39.7365  6618485    5.18%
 111441 29803       40.0125    51       41.9077       39.7414  6637085    5.17%
 111949 29855       41.1809    56       41.9077       39.7453  6656272    5.16%
 112481 29975       40.0364    81       41.9077       39.7496  6679995    5.15%
 113084 30016        cutoff             41.9077       39.7571  6703958    5.13%
 113587 30011       40.3903    60       41.9077       39.7629  6723028    5.12%
 114045 30060        cutoff             41.9077       39.7687  6740695    5.10%
Elapsed time = 438.20 sec. (1337972.36 ticks, tree = 68.19 MB, solutions = 16)
 114533 30052        cutoff             41.9077       39.7735  6760421    5.09%
 115031 30020       40.7626    97       41.9077       39.7805  6779148    5.08%
 115514 30096        cutoff             41.9077       39.7867  6798663    5.06%
 115957 30091       40.7304    27       41.9077       39.7924  6818570    5.05%
 116402 30130        cutoff             41.9077       39.7949  6842472    5.04%
 116850 30150        cutoff             41.9077       39.8010  6854765    5.03%
 117118 30108       40.1586    48       41.9077       39.8057  6865065    5.02%
 117453 30160       41.3110    76       41.9077       39.8100  6878047    5.01%
 117882 30248       41.2624    39       41.9077       39.8156  6897226    4.99%
 118266 30307       40.6765    74       41.9077       39.8207  6910134    4.98%
Elapsed time = 451.44 sec. (1377961.67 ticks, tree = 69.24 MB, solutions = 16)
 118608 30344        cutoff             41.9077       39.8248  6922232    4.97%
 119056 30448        cutoff             41.9077       39.8288  6935959    4.96%
 119365 30528       39.8797    55       41.9077       39.8288  6950115    4.96%
 119763 30668        cutoff             41.9077       39.8288  6972241    4.96%
 120045 30748       39.8288    43       41.9077       39.8288  6986192    4.96%
 120219 30855       39.8288    39       41.9077       39.8288  7005943    4.96%
 120338 30940       39.8947    87       41.9077       39.8288  7019856    4.96%
 120433 30995       39.8334    57       41.9077       39.8288  7033114    4.96%
 120652 31103        cutoff             41.9077       39.8288  7049840    4.96%
 120815 31189       39.9014    41       41.9077       39.8288  7064204    4.96%
Elapsed time = 465.21 sec. (1419391.76 ticks, tree = 71.19 MB, solutions = 16)
 120935 31236       40.0920    48       41.9077       39.8288  7079900    4.96%
 121111 31304       39.8288    34       41.9077       39.8288  7100833    4.96%
 121276 31377       41.6361    94       41.9077       39.8288  7117552    4.96%
 121420 31489       39.9031    36       41.9077       39.8288  7133898    4.96%
 121649 31638       40.7732    65       41.9077       39.8288  7152795    4.96%
 121778 31686       39.8288    23       41.9077       39.8288  7167976    4.96%
 121959 31778       39.8288    32       41.9077       39.8288  7184157    4.96%
 122187 31910       40.3890    43       41.9077       39.8288  7205031    4.96%
 122265 31932        cutoff             41.9077       39.8288  7222084    4.96%
 122394 31987       41.7264    52       41.9077       39.8293  7236205    4.96%
Elapsed time = 479.93 sec. (1463933.62 ticks, tree = 73.09 MB, solutions = 16)
 122863 32119        cutoff             41.9077       39.8328  7250714    4.95%
 123171 32218       40.5924    96       41.9077       39.8345  7264145    4.95%
 123589 32357        cutoff             41.9077       39.8372  7280231    4.94%
 123870 32396       41.9044    31       41.9077       39.8407  7295741    4.93%
 124170 32479       41.7695    57       41.9077       39.8430  7310087    4.93%
 124434 32540    infeasible             41.9077       39.8452  7326594    4.92%
 124759 32609       41.2713    24       41.9077       39.8481  7337817    4.91%
 125025 32745       40.2047    41       41.9077       39.8493  7351914    4.91%
 125316 32834       39.8867    84       41.9077       39.8504  7364610    4.91%
 125647 32870        cutoff             41.9077       39.8515  7385306    4.91%
Elapsed time = 492.97 sec. (1503544.60 ticks, tree = 76.37 MB, solutions = 16)
 125978 32928       40.7576    34       41.9077       39.8520  7398914    4.91%
 126359 33008       40.6024    64       41.9077       39.8543  7413775    4.90%
 126671 33134        cutoff             41.9077       39.8553  7427577    4.90%
 126855 33161       40.2282    39       41.9077       39.8571  7437426    4.89%
 127135 33257        cutoff             41.9077       39.8581  7451998    4.89%
 127487 33329       40.7939    60       41.9077       39.8609  7466266    4.88%
 127866 33380       40.4472    28       41.9077       39.8646  7483352    4.88%
 128346 33558        cutoff             41.9077       39.8674  7500689    4.87%
 128642 33579       39.8925    50       41.9077       39.8708  7511803    4.86%
 129032 33682       41.3770    86       41.9077       39.8735  7525038    4.85%
Elapsed time = 506.24 sec. (1543858.39 ticks, tree = 78.25 MB, solutions = 16)
 129318 33730       41.5738    38       41.9077       39.8757  7538994    4.85%
 129615 33787       41.6678    37       41.9077       39.8783  7549987    4.84%
 129931 33858       40.8541    74       41.9077       39.8809  7568040    4.84%
 130283 33904       41.0440    49       41.9077       39.8842  7582524    4.83%
 130626 33953        cutoff             41.9077       39.8872  7595894    4.82%
 130928 34007       39.9397    38       41.9077       39.8905  7607436    4.81%
 131312 34054        cutoff             41.9077       39.8929  7619525    4.81%
 131675 34093        cutoff             41.9077       39.8959  7632907    4.80%
 131876 34168       40.9510    20       41.9077       39.8971  7644422    4.80%
 132339 34245        cutoff             41.9077       39.8998  7657881    4.79%
Elapsed time = 519.24 sec. (1583190.88 ticks, tree = 79.48 MB, solutions = 16)
 132702 34299       40.3305    31       41.9077       39.9037  7673756    4.78%
 133105 34409       41.7057    79       41.9077       39.9067  7687897    4.77%
 133541 34477        cutoff             41.9077       39.9113  7702673    4.76%
 133813 34508        cutoff             41.9077       39.9143  7714480    4.76%
 134165 34538        cutoff             41.9077       39.9193  7728571    4.74%
 134499 34580        cutoff             41.9077       39.9230  7741689    4.74%
 134857 34614       41.4814    93       41.9077       39.9290  7754639    4.72%
 135143 34631       40.2072   110       41.9077       39.9350  7765536    4.71%
 135511 34663        cutoff             41.9077       39.9413  7782447    4.69%
 135960 34785        cutoff             41.9077       39.9444  7800096    4.68%
Elapsed time = 532.17 sec. (1622438.78 ticks, tree = 80.69 MB, solutions = 16)
 136286 34923        cutoff             41.9077       39.9444  7814307    4.68%
 136571 35026       41.6868    88       41.9077       39.9444  7828919    4.68%
 136884 35140       41.5138    38       41.9077       39.9444  7846572    4.68%
 137177 35232       39.9444    24       41.9077       39.9444  7860028    4.68%
 137488 35366       39.9444    33       41.9077       39.9444  7877234    4.68%
 137926 35554       39.9444    30       41.9077       39.9444  7896387    4.68%
 138259 35687        cutoff             41.9077       39.9444  7916134    4.68%
 138505 35797        cutoff             41.9077       39.9444  7929889    4.68%
 138879 35929       39.9444    31       41.9077       39.9444  7948894    4.68%
 139338 36162       39.9756    65       41.9077       39.9444  7967695    4.68%
Elapsed time = 545.75 sec. (1663799.06 ticks, tree = 83.75 MB, solutions = 16)
 139637 36286       39.9764    56       41.9077       39.9444  7981321    4.68%
 139989 36334        cutoff             41.9077       39.9465  7995625    4.68%
 140343 36421       39.9720    39       41.9077       39.9481  8005190    4.68%
 140924 36567       40.5267    38       41.9077       39.9504  8020603    4.67%
 141404 36571        cutoff             41.9077       39.9547  8033561    4.66%
 141871 36702        cutoff             41.9077       39.9576  8049530    4.65%
 142192 36743        cutoff             41.9077       39.9610  8060679    4.65%
 142562 36785        cutoff             41.9077       39.9648  8074044    4.64%
 142908 36804       41.5302    56       41.9077       39.9672  8089070    4.63%
 143451 36927       40.6896    37       41.9077       39.9675  8101361    4.63%
Elapsed time = 559.16 sec. (1704699.00 ticks, tree = 85.42 MB, solutions = 16)
 143811 36933       41.1947    99       41.9077       39.9695  8113926    4.63%
 144202 36916       40.8168    86       41.9077       39.9729  8126237    4.62%
 144651 36984       40.3006    33       41.9077       39.9743  8139750    4.61%
 145104 37025       40.2155    61       41.9077       39.9759  8149912    4.61%
 145738 37131        cutoff             41.9077       39.9801  8166666    4.60%
 146074 37214       40.7217    53       41.9077       39.9833  8177648    4.59%
 146490 37228        cutoff             41.9077       39.9874  8190775    4.58%
 146904 37224       39.9910    12       41.9077       39.9910  8202446    4.57%
 147266 37237        cutoff             41.9077       39.9951  8214309    4.56%
 147614 37217       40.9375    39       41.9077       39.9991  8224638    4.55%
Elapsed time = 572.46 sec. (1744992.22 ticks, tree = 86.12 MB, solutions = 16)
 148025 37244        cutoff             41.9077       40.0036  8239918    4.54%
 148402 37294        cutoff             41.9077       40.0064  8252788    4.54%
 148830 37293        cutoff             41.9077       40.0114  8266281    4.53%
 149136 37254       40.4304    63       41.9077       40.0160  8276356    4.51%
 149451 37276        cutoff             41.9077       40.0197  8288105    4.51%
 149878 37323       40.2660    61       41.9077       40.0248  8303458    4.49%
 150248 37368        cutoff             41.9077       40.0283  8313737    4.48%
 150615 37425       40.4548    81       41.9077       40.0313  8325735    4.48%
 150885 37452       40.8555    53       41.9077       40.0340  8335974    4.47%
 151308 37501       40.3891   100       41.9077       40.0393  8349029    4.46%
Elapsed time = 585.42 sec. (1784174.59 ticks, tree = 86.77 MB, solutions = 16)
 151653 37521        cutoff             41.9077       40.0427  8362877    4.45%
 151987 37474        cutoff             41.9077       40.0485  8373175    4.44%
 152313 37551        cutoff             41.9077       40.0511  8384516    4.43%
 152637 37547        cutoff             41.9077       40.0554  8395587    4.42%
 152981 37551        cutoff             41.9077       40.0601  8409609    4.41%
 153375 37598        cutoff             41.9077       40.0621  8421282    4.40%
 153600 37609       41.3495    91       41.9077       40.0648  8431650    4.40%
 154006 37675       41.2931    88       41.9077       40.0675  8448754    4.39%
 154396 37741       41.5704    20       41.9077       40.0693  8461918    4.39%
 154747 37693        cutoff             41.9077       40.0693  8475249    4.39%
Elapsed time = 598.45 sec. (1823334.22 ticks, tree = 87.23 MB, solutions = 16)
 155167 37736        cutoff             41.9077       40.0693  8489333    4.39%
 155814 37811        cutoff             41.9077       40.0706  8506892    4.38%
 156221 37811        cutoff             41.9077       40.0734  8517226    4.38%
 156538 37804        cutoff             41.9077       40.0775  8528961    4.37%
 156813 37761    infeasible             41.9077       40.0809  8540969    4.36%
 157088 37752       40.0871    89       41.9077       40.0849  8551489    4.35%
 157431 37784       40.6888    65       41.9077       40.0885  8565041    4.34%
 157829 37886       40.1011    43       41.9077       40.0920  8579252    4.33%
 158233 37958    infeasible             41.9077       40.0943  8590929    4.33%
 158613 38049    infeasible             41.9077       40.0974  8603728    4.32%
Elapsed time = 611.25 sec. (1862667.11 ticks, tree = 88.08 MB, solutions = 16)
 158950 38019        cutoff             41.9077       40.1016  8615833    4.31%
 159195 38019       41.1450    27       41.9077       40.1041  8623487    4.30%
 159646 38057       40.1153    42       41.9077       40.1093  8636430    4.29%
 160017 38103       41.6650    41       41.9077       40.1125  8648793    4.28%
 160317 38085        cutoff             41.9077       40.1166  8658426    4.27%
 160721 38042       40.3679    39       41.9077       40.1225  8673061    4.26%
 161072 38037        cutoff             41.9077       40.1272  8684334    4.25%
 161444 38024       40.6650    42       41.9077       40.1307  8694236    4.24%
 161849 38022       41.5555    62       41.9077       40.1353  8705500    4.23%
 162216 38071       40.1390    79       41.9077       40.1387  8716163    4.22%
Elapsed time = 624.39 sec. (1902456.54 ticks, tree = 88.21 MB, solutions = 16)
 162717 38181       41.6748    89       41.9077       40.1423  8731680    4.21%
 163297 38181        cutoff             41.9077       40.1481  8745317    4.20%
 163720 38233        cutoff             41.9077       40.1511  8758208    4.19%
 164050 38261       40.2731    43       41.9077       40.1553  8772399    4.18%
 164366 38344        cutoff             41.9077       40.1575  8788066    4.18%
 164590 38345        cutoff             41.9077       40.1596  8803202    4.17%
 164823 38352        cutoff             41.9077       40.1632  8810211    4.16%
 165233 38352       41.2827    26       41.9077       40.1686  8824457    4.15%
 165561 38327       41.3855    23       41.9077       40.1741  8834242    4.14%
 165810 38283       40.6650    21       41.9077       40.1791  8846477    4.12%
Elapsed time = 638.42 sec. (1944954.71 ticks, tree = 88.76 MB, solutions = 16)
 166256 38361        cutoff             41.9077       40.1827  8863612    4.12%
 166509 38389       40.3273    44       41.9077       40.1850  8875043    4.11%
 166843 38395        cutoff             41.9077       40.1850  8890572    4.11%
 167239 38441        cutoff             41.9077       40.1878  8904722    4.10%
 167518 38481        cutoff             41.9077       40.1906  8915307    4.10%
 167954 38455        cutoff             41.9077       40.1929  8927092    4.09%
 168418 38387       40.3007    40       41.9077       40.1931  8937876    4.09%
 168847 38388        cutoff             41.9077       40.1948  8950366    4.09%
 169203 38372    infeasible             41.9077       40.1990  8961305    4.08%
 169564 38396        cutoff             41.9077       40.2030  8973379    4.07%
Elapsed time = 651.31 sec. (1984220.12 ticks, tree = 89.08 MB, solutions = 16)
 169893 38372        cutoff             41.9077       40.2077  8983884    4.06%
 170252 38427       41.6250    22       41.9077       40.2102  8995160    4.05%
 170674 38472        cutoff             41.9077       40.2130  9008289    4.04%
 171103 38529       40.5976    29       41.9077       40.2165  9021301    4.04%
 171366 38515       40.2990   100       41.9077       40.2193  9032963    4.03%
 171743 38613        cutoff             41.9077       40.2226  9045690    4.02%
 172137 38577        cutoff             41.9077       40.2275  9058598    4.01%
 172501 38583       40.2337    31       41.9077       40.2311  9069716    4.00%
 172864 38520        cutoff             41.9077       40.2375  9083175    3.99%
 173150 38542        cutoff             41.9077       40.2400  9093697    3.98%
Elapsed time = 664.20 sec. (2023549.66 ticks, tree = 89.40 MB, solutions = 16)
 173435 38488        cutoff             41.9077       40.2444  9103013    3.97%
 173844 38453        cutoff             41.9077       40.2506  9115467    3.95%
 174153 38484        cutoff             41.9077       40.2552  9127521    3.94%
 174421 38455       40.6030    37       41.9077       40.2596  9135982    3.93%
 174824 38418       40.3035    47       41.9077       40.2660  9149005    3.92%
 175086 38413        cutoff             41.9077       40.2691  9160291    3.91%
 175427 38388        cutoff             41.9077       40.2731  9175687    3.90%
 175751 38389       41.3117    55       41.9077       40.2775  9187862    3.89%
 176119 38376        cutoff             41.9077       40.2821  9199213    3.88%
 176352 38349       40.5715    87       41.9077       40.2864  9211811    3.87%
Elapsed time = 677.03 sec. (2062251.28 ticks, tree = 88.99 MB, solutions = 16)
 176742 38338        cutoff             41.9077       40.2925  9223193    3.85%
 177060 38331        cutoff             41.9077       40.2968  9234157    3.84%
 177447 38370       40.2992    24       41.9077       40.2992  9246754    3.84%
 177920 38348        cutoff             41.9077       40.3006  9260795    3.83%
 178422 38434       40.3006    32       41.9077       40.3006  9272315    3.83%
 178919 38642       40.3917    50       41.9077       40.3006  9287585    3.83%
 179444 38820        cutoff             41.9077       40.3017  9299585    3.83%
 179827 38853       40.7026    59       41.9077       40.3037  9309694    3.83%
 180318 38887       41.1967    83       41.9077       40.3086  9323865    3.82%
 180737 38883       41.0275   101       41.9077       40.3095  9333811    3.81%
Elapsed time = 690.50 sec. (2103790.29 ticks, tree = 90.24 MB, solutions = 16)
 181113 38876        cutoff             41.9077       40.3130  9346753    3.81%
 181516 38823        cutoff             41.9077       40.3169  9358102    3.80%
 181820 38831       41.8557   160       41.9077       40.3193  9368698    3.79%
 182185 38848       40.3233    30       41.9077       40.3233  9380565    3.78%
 182612 38828        cutoff             41.9077       40.3253  9394539    3.78%
 182899 38815        cutoff             41.9077       40.3276  9403421    3.77%
 183222 38842       40.9081   117       41.9077       40.3297  9413472    3.77%
 183613 38838        cutoff             41.9077       40.3330  9428141    3.76%
 183981 38810        cutoff             41.9077       40.3367  9436589    3.75%
 184276 38730        cutoff             41.9077       40.3393  9446624    3.74%
Elapsed time = 703.62 sec. (2143610.38 ticks, tree = 89.97 MB, solutions = 16)
 184607 38697        cutoff             41.9077       40.3429  9455281    3.73%
 184941 38691        cutoff             41.9077       40.3459  9467248    3.73%
 185309 38688    infeasible             41.9077       40.3500  9479083    3.72%
 185650 38651       40.3619    76       41.9077       40.3541  9488987    3.71%
 186052 38658        cutoff             41.9077       40.3564  9501892    3.70%
 186432 38614        cutoff             41.9077       40.3622  9511333    3.69%
 186696 38580        cutoff             41.9077       40.3649  9522032    3.68%
 187061 38516        cutoff             41.9077       40.3691  9531435    3.67%
 187372 38520        cutoff             41.9077       40.3723  9541938    3.66%
 187703 38498        cutoff             41.9077       40.3767  9553404    3.65%
Elapsed time = 716.74 sec. (2183479.53 ticks, tree = 89.49 MB, solutions = 16)
 188122 38487        cutoff             41.9077       40.3810  9566320    3.64%
 188545 38443       41.2343    65       41.9077       40.3863  9576449    3.63%
 188857 38443       40.8688    33       41.9077       40.3888  9588085    3.62%
 189036 38545        cutoff             41.9077       40.3888  9603338    3.62%
 189220 38564       41.4308    54       41.9077       40.3888  9614792    3.62%
 189571 38540        cutoff             41.9077       40.3921  9623737    3.62%
 189895 38460       40.6282    32       41.9077       40.3962  9636183    3.61%
 190346 38417       41.3181    87       41.9077       40.4024  9648075    3.59%
 190696 38356       40.5221    41       41.9077       40.4078  9658808    3.58%
 190961 38334       40.4115    39       41.9077       40.4115  9668652    3.57%
Elapsed time = 730.08 sec. (2223886.09 ticks, tree = 89.13 MB, solutions = 16)
 191307 38342        cutoff             41.9077       40.4142  9684501    3.56%
 191648 38318       41.1994    26       41.9077       40.4188  9694208    3.55%
 191989 38247       40.5201    62       41.9077       40.4244  9705980    3.54%
 192108 38306       40.4244    31       41.9077       40.4244  9718570    3.54%
 192262 38354       40.4244    22       41.9077       40.4244  9731476    3.54%
 192525 38463        cutoff             41.9077       40.4244  9749144    3.54%
 192712 38526       40.4244    34       41.9077       40.4244  9763720    3.54%
 192879 38588       40.6345    75       41.9077       40.4244  9777849    3.54%
 193040 38642        cutoff             41.9077       40.4244  9792923    3.54%
 193206 38687       41.8904    31       41.9077       40.4244  9808144    3.54%
Elapsed time = 743.09 sec. (2263829.16 ticks, tree = 89.90 MB, solutions = 16)
 193329 38749       40.4244    20       41.9077       40.4244  9822841    3.54%
 193437 38805       41.0796    46       41.9077       40.4244  9839278    3.54%
 193565 38840       40.5326    84       41.9077       40.4244  9852835    3.54%
 193815 38942        cutoff             41.9077       40.4244  9870920    3.54%
 194002 38978       40.4419    26       41.9077       40.4244  9884674    3.54%
 194280 39008    infeasible             41.9077       40.4255  9894945    3.54%
 194886 39083        cutoff             41.9077       40.4270  9905303    3.53%
 195239 39134        cutoff             41.9077       40.4288  9917943    3.53%
 195479 39156        cutoff             41.9077       40.4311  9928949    3.52%
 195778 39172        cutoff             41.9077       40.4331  9941536    3.52%
Elapsed time = 755.91 sec. (2304025.94 ticks, tree = 90.98 MB, solutions = 16)
 196086 39176       41.0325    43       41.9077       40.4361  9954020    3.51%
 196422 39203        cutoff             41.9077       40.4390  9964824    3.50%
 196674 39175        cutoff             41.9077       40.4420  9976739    3.50%
 196978 39135        cutoff             41.9077       40.4462  9989866    3.49%
 197205 39144       40.4553    52       41.9077       40.4472 10002763    3.49%
 197549 39233       40.4472    46       41.9077       40.4472 10014862    3.49%
 198082 39424       41.5683    85       41.9077       40.4472 10029992    3.49%
 198568 39532        cutoff             41.9077       40.4491 10042445    3.48%
 198856 39490       41.1295    49       41.9077       40.4527 10053652    3.47%
 199173 39512        cutoff             41.9077       40.4564 10065947    3.46%
Elapsed time = 768.42 sec. (2343519.13 ticks, tree = 91.81 MB, solutions = 16)
 199370 39488        cutoff             41.9077       40.4589 10075986    3.46%
 199642 39491       41.1093    41       41.9077       40.4611 10087111    3.45%
 199931 39473        cutoff             41.9077       40.4647 10099302    3.44%
 200220 39409        cutoff             41.9077       40.4682 10111505    3.43%
 200547 39370        cutoff             41.9077       40.4717 10122241    3.43%
 200878 39416        cutoff             41.9077       40.4750 10133202    3.42%
 201183 39392        cutoff             41.9077       40.4779 10144657    3.41%
 201550 39362        cutoff             41.9077       40.4818 10155198    3.40%
 201841 39315        cutoff             41.9077       40.4856 10165637    3.39%
 202287 39291       41.0227    33       41.9077       40.4881 10176791    3.39%
Elapsed time = 780.89 sec. (2382931.16 ticks, tree = 91.37 MB, solutions = 16)
 202682 39257       41.4032    60       41.9077       40.4913 10188905    3.38%
 203097 39207        cutoff             41.9077       40.4951 10201092    3.37%
 203455 39174        cutoff             41.9077       40.4985 10212365    3.36%
 203779 39121       41.7935    32       41.9077       40.5029 10222616    3.35%
 204088 39113       40.7832   131       41.9077       40.5062 10234549    3.34%
 204459 39021        cutoff             41.9077       40.5114 10245433    3.33%
 204710 38990        cutoff             41.9077       40.5131 10254128    3.33%
 205221 39002       41.2476    77       41.9077       40.5155 10266518    3.32%
 205470 38941        cutoff             41.9077       40.5186 10275840    3.31%
 205791 38913        cutoff             41.9077       40.5228 10287854    3.30%
Elapsed time = 794.20 sec. (2424192.63 ticks, tree = 90.60 MB, solutions = 16)
 206073 38834        cutoff             41.9077       40.5269 10297923    3.30%
 206342 38813        cutoff             41.9077       40.5309 10309584    3.29%
 206630 38767       41.8952   104       41.9077       40.5354 10319056    3.27%
 206898 38766       41.1093    35       41.9077       40.5387 10330698    3.27%
 207218 38748        cutoff             41.9077       40.5427 10344917    3.26%
 207533 38750       41.4770    63       41.9077       40.5457 10356797    3.25%
 207895 38783       41.3568    58       41.9077       40.5479 10371247    3.24%
 208427 38736       40.5493    35       41.9077       40.5493 10382067    3.24%
 209012 38751        cutoff             41.9077       40.5493 10397390    3.24%
 209337 38820       40.5493    36       41.9077       40.5493 10407723    3.24%
Elapsed time = 807.52 sec. (2466250.29 ticks, tree = 90.40 MB, solutions = 16)
 209896 38883        cutoff             41.9077       40.5493 10423043    3.24%
 210315 38880        cutoff             41.9077       40.5513 10433613    3.24%
 210691 38785        cutoff             41.9077       40.5558 10442197    3.23%
 211104 38742        cutoff             41.9077       40.5597 10453868    3.22%
 211366 38659        cutoff             41.9077       40.5623 10462639    3.21%
 211830 38557    infeasible             41.9077       40.5665 10473609    3.20%
 212126 38573        cutoff             41.9077       40.5694 10485102    3.19%
 212479 38552       41.1061    68       41.9077       40.5720 10496101    3.19%
 212874 38482        cutoff             41.9077       40.5757 10507486    3.18%
 213259 38438       41.1378    59       41.9077       40.5816 10517614    3.16%
Elapsed time = 819.83 sec. (2505038.16 ticks, tree = 89.57 MB, solutions = 16)
 213565 38306        cutoff             41.9077       40.5870 10526445    3.15%
 213884 38229       41.3411    61       41.9077       40.5922 10536525    3.14%
 214267 38208        cutoff             41.9077       40.5974 10548234    3.13%
 214575 38189       41.6133    48       41.9077       40.6011 10560968    3.12%
 214808 38132       41.6421    53       41.9077       40.6030 10571253    3.11%
 215134 38077       41.3531    44       41.9077       40.6068 10582431    3.10%
 215449 38007       41.2950    56       41.9077       40.6115 10593029    3.09%
 215789 37965        cutoff             41.9077       40.6165 10603273    3.08%
 216161 37897        cutoff             41.9077       40.6216 10613902    3.07%
 216460 37831       41.2222    34       41.9077       40.6258 10622909    3.06%
Elapsed time = 832.37 sec. (2544105.96 ticks, tree = 88.25 MB, solutions = 16)
 216838 37730        cutoff             41.9077       40.6322 10633663    3.04%
 217260 37641        cutoff             41.9077       40.6389 10643718    3.03%
 217596 37525        cutoff             41.9077       40.6458 10653782    3.01%
 217817 37407       41.4682    82       41.9077       40.6512 10661785    3.00%
 218164 37356        cutoff             41.9077       40.6563 10673844    2.99%
 218533 37275        cutoff             41.9077       40.6634 10683982    2.97%
 218823 37276        cutoff             41.9077       40.6650 10693613    2.97%
 219143 37271       40.6650    35       41.9077       40.6650 10704617    2.97%
 219516 37283        cutoff             41.9077       40.6650 10717201    2.97%
 219998 37250       40.6650    26       41.9077       40.6650 10729681    2.97%
Elapsed time = 844.77 sec. (2582968.16 ticks, tree = 86.98 MB, solutions = 16)
 220402 37223       40.6650    30       41.9077       40.6650 10741664    2.97%
 220826 37243       40.6650    30       41.9077       40.6650 10752896    2.97%
 221356 37357        cutoff             41.9077       40.6650 10767307    2.97%
 221653 37378       41.5087    28       41.9077       40.6650 10779052    2.97%
 222034 37398       40.7309    65       41.9077       40.6650 10790678    2.97%
 222351 37452       40.7065    49       41.9077       40.6650 10800884    2.97%
 222823 37571        cutoff             41.9077       40.6650 10811684    2.97%
 223245 37618       40.6650    27       41.9077       40.6650 10822724    2.97%
 223782 37800        cutoff             41.9077       40.6650 10837487    2.97%
 224049 37899       41.7019    62       41.9077       40.6650 10850118    2.97%
Elapsed time = 857.36 sec. (2623262.07 ticks, tree = 88.50 MB, solutions = 16)
 224494 38022        cutoff             41.9077       40.6650 10860151    2.97%
 224840 38091       40.6668    29       41.9077       40.6655 10868379    2.96%
 225343 38172       41.2215   102       41.9077       40.6668 10879778    2.96%
 225813 38106       40.9067    31       41.9077       40.6689 10888708    2.96%
 226316 38078       40.6719    49       41.9077       40.6719 10899025    2.95%
 226719 38019       40.6909    53       41.9077       40.6743 10907701    2.94%
 227040 37999        cutoff             41.9077       40.6768 10916365    2.94%
 227456 37880        cutoff             41.9077       40.6809 10926127    2.93%
 227801 37808       41.2600    59       41.9077       40.6844 10934352    2.92%
 228137 37707        cutoff             41.9077       40.6877 10943743    2.91%
Elapsed time = 870.55 sec. (2662802.41 ticks, tree = 88.12 MB, solutions = 16)
 228555 37679       40.6903    37       41.9077       40.6877 10955432    2.91%
 229095 37804        cutoff             41.9077       40.6877 10968721    2.91%
 229548 37932       40.7087    61       41.9077       40.6877 10980461    2.91%
 229944 37870       41.0334    62       41.9077       40.6902 10989301    2.91%
 230338 37899       41.7715    86       41.9077       40.6912 10997166    2.90%
 230678 37865        cutoff             41.9077       40.6941 11005260    2.90%
 231152 37821        cutoff             41.9077       40.6970 11016003    2.89%
 231523 37748        cutoff             41.9077       40.6996 11024115    2.88%
 231856 37668        cutoff             41.9077       40.7028 11031670    2.88%
 232302 37638    infeasible             41.9077       40.7050 11040565    2.87%
Elapsed time = 883.91 sec. (2702189.94 ticks, tree = 88.03 MB, solutions = 16)
 232661 37541       40.8521    14       41.9077       40.7096 11048875    2.86%
 233043 37447       40.7131    44       41.9077       40.7131 11056826    2.85%
 233480 37366        cutoff             41.9077       40.7169 11066034    2.84%
 233813 37279        cutoff             41.9077       40.7189 11079207    2.84%
 234162 37253        cutoff             41.9077       40.7221 11087137    2.83%
 234518 37182       41.7954    60       41.9077       40.7250 11096484    2.82%
 234911 37133        cutoff             41.9077       40.7286 11105463    2.81%
 235232 37117       41.2104    34       41.9077       40.7304 11115099    2.81%
 235797 37183        cutoff             41.9077       40.7309 11128082    2.81%
 236094 37094       41.1320    42       41.9077       40.7336 11133630    2.80%
Elapsed time = 897.10 sec. (2740775.13 ticks, tree = 86.85 MB, solutions = 16)
 236490 36982       41.6915    70       41.9077       40.7384 11145202    2.79%
 236768 36898       41.8649    12       41.9077       40.7408 11152322    2.78%
 237092 36876        cutoff             41.9077       40.7436 11165255    2.78%
 237370 36862       40.7450    27       41.9077       40.7450 11177607    2.77%
 237626 36871        cutoff             41.9077       40.7453 11188980    2.77%
 237975 36741        cutoff             41.9077       40.7488 11198000    2.77%
 238326 36664        cutoff             41.9077       40.7525 11208706    2.76%
 238666 36577    infeasible             41.9077       40.7567 11218993    2.75%
 239006 36540        cutoff             41.9077       40.7592 11227691    2.74%
 239416 36522       41.2833    33       41.9077       40.7630 11236981    2.73%
Elapsed time = 910.62 sec. (2780064.66 ticks, tree = 85.62 MB, solutions = 16)
 239753 36446        cutoff             41.9077       40.7677 11247338    2.72%
 240104 36385        cutoff             41.9077       40.7720 11257078    2.71%
 240530 36310        cutoff             41.9077       40.7772 11267495    2.70%
 240889 36206        cutoff             41.9077       40.7807 11276176    2.69%
 241266 36120        cutoff             41.9077       40.7849 11284532    2.68%
 241695 36113        cutoff             41.9077       40.7882 11295702    2.67%
 241998 36137       41.7888    32       41.9077       40.7888 11308339    2.67%
 242404 36162        cutoff             41.9077       40.7888 11321126    2.67%
 242681 36162       40.7888    47       41.9077       40.7888 11330516    2.67%
 243210 36243        cutoff             41.9077       40.7888 11343899    2.67%
Elapsed time = 923.53 sec. (2820009.02 ticks, tree = 85.06 MB, solutions = 16)
 243551 36196        cutoff             41.9077       40.7920 11354029    2.66%
 243933 36092        cutoff             41.9077       40.7970 11362931    2.65%
 244286 35997       41.3105    62       41.9077       40.8025 11372740    2.64%
 244559 35993    infeasible             41.9077       40.8036 11384184    2.63%
 244930 35911        cutoff             41.9077       40.8071 11391900    2.63%
 245313 35919    infeasible             41.9077       40.8094 11401763    2.62%
 245668 35800        cutoff             41.9077       40.8115 11410362    2.62%
 245909 35850        cutoff             41.9077       40.8115 11421648    2.62%
 246399 35796        cutoff             41.9077       40.8149 11431092    2.61%
 246651 35757       40.9107    36       41.9077       40.8181 11439283    2.60%
Elapsed time = 936.14 sec. (2858522.98 ticks, tree = 84.02 MB, solutions = 16)
 247073 35699        cutoff             41.9077       40.8226 11449878    2.59%
 247361 35607       41.7516    51       41.9077       40.8256 11459071    2.58%
 247818 35580       40.8288    31       41.9077       40.8288 11468659    2.57%
 248272 35535       41.2604    56       41.9077       40.8328 11477619    2.57%
 248608 35404       41.8071    28       41.9077       40.8379 11487487    2.55%
 248901 35335       41.7991    56       41.9077       40.8414 11495380    2.54%
 249291 35224        cutoff             41.9077       40.8456 11504921    2.53%
 249598 35120       41.4072    41       41.9077       40.8494 11510810    2.53%
 250068 34959        cutoff             41.9077       40.8530 11518130    2.52%
 250429 34793        cutoff             41.9077       40.8585 11527433    2.50%
Elapsed time = 948.72 sec. (2897366.95 ticks, tree = 81.92 MB, solutions = 16)
 250734 34706        cutoff             41.9077       40.8617 11536122    2.50%
 251101 34589       41.8440    37       41.9077       40.8661 11545770    2.49%
 251438 34480       40.9303    42       41.9077       40.8688 11556350    2.48%
 251914 34431        cutoff             41.9077       40.8707 11565956    2.47%
 252268 34342        cutoff             41.9077       40.8749 11574962    2.46%
 252644 34195        cutoff             41.9077       40.8820 11585030    2.45%
 253033 34035        cutoff             41.9077       40.8890 11595467    2.43%
 253336 33916        cutoff             41.9077       40.8948 11603849    2.42%
 253699 33785        cutoff             41.9077       40.9009 11612002    2.40%
 253973 33706        cutoff             41.9077       40.9044 11622582    2.39%
Elapsed time = 961.71 sec. (2936357.44 ticks, tree = 79.53 MB, solutions = 16)
 254488 33718        cutoff             41.9077       40.9050 11631286    2.39%
 254830 33672        cutoff             41.9077       40.9089 11640554    2.38%
 255253 33556        cutoff             41.9077       40.9132 11650710    2.37%
 255674 33420        cutoff             41.9077       40.9201 11659606    2.36%
 256093 33347        cutoff             41.9077       40.9248 11668705    2.35%
 256504 33305        cutoff             41.9077       40.9272 11680316    2.34%
 256844 33417       40.9272    43       41.9077       40.9272 11689469    2.34%
 257240 33470        cutoff             41.9077       40.9276 11699016    2.34%
 257710 33327        cutoff             41.9077       40.9341 11709138    2.32%
 258085 33288        cutoff             41.9077       40.9368 11718468    2.32%
Elapsed time = 974.66 sec. (2975753.43 ticks, tree = 78.61 MB, solutions = 16)
 258386 33179        cutoff             41.9077       40.9415 11726176    2.31%
 258798 33104        cutoff             41.9077       40.9450 11733405    2.30%
 259292 32997        cutoff             41.9077       40.9509 11742225    2.28%
 259829 33123       41.6091    38       41.9077       40.9510 11750028    2.28%
 260285 33116       41.5181    50       41.9077       40.9532 11757213    2.28%
 260737 33025        cutoff             41.9077       40.9579 11765674    2.27%
 261033 32874        cutoff             41.9077       40.9629 11773411    2.25%
 261373 32789        cutoff             41.9077       40.9674 11781668    2.24%
 261738 32643       41.1414    53       41.9077       40.9731 11791242    2.23%
 262178 32485        cutoff             41.9077       40.9794 11801465    2.22%
Elapsed time = 987.56 sec. (3014836.22 ticks, tree = 76.88 MB, solutions = 16)
 262486 32384        cutoff             41.9077       40.9849 11810048    2.20%
 262800 32294    infeasible             41.9077       40.9896 11818774    2.19%
 263164 32204        cutoff             41.9077       40.9931 11828390    2.18%
 263660 32132       41.2833    49       41.9077       40.9939 11836725    2.18%
 264005 32046        cutoff             41.9077       40.9986 11846048    2.17%
 264378 31908        cutoff             41.9077       41.0045 11854124    2.16%
 264756 31810        cutoff             41.9077       41.0107 11862156    2.14%
 265118 31797        cutoff             41.9077       41.0143 11873295    2.13%
 265471 31686        cutoff             41.9077       41.0209 11881214    2.12%
 265981 31537        cutoff             41.9077       41.0211 11891378    2.12%
Elapsed time = 1000.13 sec. (3053385.17 ticks, tree = 74.79 MB, solutions = 16)
 266372 31501       41.0367    62       41.9077       41.0211 11898811    2.12%
 266872 31350        cutoff             41.9077       41.0283 11908533    2.10%
 267322 31247       41.0293    36       41.9077       41.0293 11915876    2.10%
 267775 31131        cutoff             41.9077       41.0338 11925058    2.09%
 268124 31018       41.0923    45       41.9077       41.0393 11932684    2.07%
 268559 30875       41.0539    48       41.9077       41.0439 11941268    2.06%
 269015 30736        cutoff             41.9077       41.0495 11948689    2.05%
 269369 30590        cutoff             41.9077       41.0544 11956177    2.04%
 269803 30430        cutoff             41.9077       41.0610 11964736    2.02%
 270145 30337       41.2567    98       41.9077       41.0658 11974415    2.01%
Elapsed time = 1012.88 sec. (3092955.26 ticks, tree = 72.07 MB, solutions = 16)
 270576 30189        cutoff             41.9077       41.0722 11983095    1.99%
 270937 30049        cutoff             41.9077       41.0772 11990669    1.98%
 271334 29957        cutoff             41.9077       41.0834 11998750    1.97%
 271609 29884       41.0866    67       41.9077       41.0866 12006945    1.96%
 272072 29793        cutoff             41.9077       41.0924 12015585    1.95%
 272456 29676       41.3128    53       41.9077       41.0995 12022494    1.93%
 272881 29544        cutoff             41.9077       41.1066 12032784    1.91%
 273331 29553        cutoff             41.9077       41.1088 12045421    1.91%
 273849 29639       41.1552    63       41.9077       41.1088 12054784    1.91%
 274338 29597        cutoff             41.9077       41.1093 12067089    1.91%
Elapsed time = 1025.37 sec. (3131894.76 ticks, tree = 70.41 MB, solutions = 16)
 274700 29528        cutoff             41.9077       41.1103 12077499    1.90%
 275088 29422        cutoff             41.9077       41.1136 12087738    1.89%
 275495 29305        cutoff             41.9077       41.1192 12096659    1.88%
 275874 29206        cutoff             41.9077       41.1240 12104289    1.87%
 276199 29094        cutoff             41.9077       41.1284 12111622    1.86%
 276597 29005        cutoff             41.9077       41.1327 12119760    1.85%
 276959 28891    infeasible             41.9077       41.1384 12127499    1.84%
 277316 28750        cutoff             41.9077       41.1438 12135205    1.82%
 277765 28608        cutoff             41.9077       41.1450 12144318    1.82%
 278100 28539       41.1450    33       41.9077       41.1450 12154240    1.82%
Elapsed time = 1037.82 sec. (3170533.14 ticks, tree = 68.05 MB, solutions = 16)
 278546 28528        cutoff             41.9077       41.1450 12167647    1.82%
 278992 28545       41.2760    55       41.9077       41.1450 12178793    1.82%
 279433 28500        cutoff             41.9077       41.1456 12191830    1.82%
 279787 28346        cutoff             41.9077       41.1498 12198532    1.81%
 280159 28154        cutoff             41.9077       41.1531 12205729    1.80%
 280417 28145       41.3108    81       41.9077       41.1553 12215359    1.80%
 280923 28004       41.2745    32       41.9077       41.1585 12226188    1.79%
 281315 27873        cutoff             41.9077       41.1635 12233553    1.78%
 281821 27656        cutoff             41.9077       41.1677 12243200    1.77%
 282219 27580       41.2026    70       41.9077       41.1677 12254336    1.77%
Elapsed time = 1050.59 sec. (3210127.66 ticks, tree = 65.87 MB, solutions = 16)
 282495 27646        cutoff             41.9077       41.1677 12263310    1.77%
 282998 27730       41.1677    40       41.9077       41.1677 12274030    1.77%
 283674 27809       41.2194    76       41.9077       41.1683 12284147    1.76%
 284153 27748        cutoff             41.9077       41.1709 12293134    1.76%
 284617 27607        cutoff             41.9077       41.1742 12300935    1.75%
 285031 27461        cutoff             41.9077       41.1784 12307590    1.74%
 285377 27359        cutoff             41.9077       41.1820 12314146    1.73%
 285824 27183        cutoff             41.9077       41.1876 12322465    1.72%
 286313 26983        cutoff             41.9077       41.1937 12331317    1.70%
 286720 26832       41.7097    60       41.9077       41.1985 12341901    1.69%
Elapsed time = 1063.37 sec. (3250389.75 ticks, tree = 64.24 MB, solutions = 16)
 287115 26655        cutoff             41.9077       41.2039 12350414    1.68%
 287465 26503        cutoff             41.9077       41.2084 12357288    1.67%
 287954 26502        cutoff             41.9077       41.2107 12366513    1.66%
 288407 26294        cutoff             41.9077       41.2169 12372659    1.65%
 288733 26153        cutoff             41.9077       41.2222 12381017    1.64%
 289090 25995       41.6418    47       41.9077       41.2278 12387494    1.62%
 289437 25811        cutoff             41.9077       41.2325 12395332    1.61%
 289781 25795        cutoff             41.9077       41.2337 12407505    1.61%
 290215 25635        cutoff             41.9077       41.2393 12415265    1.59%
 290649 25436        cutoff             41.9077       41.2473 12421979    1.58%
Elapsed time = 1076.04 sec. (3289296.72 ticks, tree = 61.10 MB, solutions = 16)
 291025 25219       41.7512    30       41.9077       41.2550 12429682    1.56%
 291342 25030        cutoff             41.9077       41.2606 12437343    1.54%
 291772 24901        cutoff             41.9077       41.2606 12444044    1.54%
 292289 24749        cutoff             41.9077       41.2606 12452957    1.54%
 292731 24640        cutoff             41.9077       41.2606 12460246    1.54%
 293279 24611        cutoff             41.9077       41.2606 12469400    1.54%
 293838 24557       41.2606    28       41.9077       41.2606 12480270    1.54%
 294243 24504        cutoff             41.9077       41.2614 12489229    1.54%
 294622 24392       41.2647    39       41.9077       41.2647 12498334    1.53%
 295010 24274        cutoff             41.9077       41.2682 12505271    1.53%
Elapsed time = 1088.61 sec. (3328366.32 ticks, tree = 58.43 MB, solutions = 16)
 295532 24184       41.2786    57       41.9077       41.2688 12512155    1.52%
 296026 24173        cutoff             41.9077       41.2691 12519442    1.52%
 296526 23974        cutoff             41.9077       41.2748 12525858    1.51%
 296923 23741        cutoff             41.9077       41.2808 12531958    1.50%
 297370 23588        cutoff             41.9077       41.2833 12538495    1.49%
 297848 23487       41.2833    37       41.9077       41.2833 12546118    1.49%
 298318 23404        cutoff             41.9077       41.2833 12555662    1.49%
 298825 23374       41.6650    39       41.9077       41.2833 12564886    1.49%
 299328 23436       41.2833    33       41.9077       41.2833 12575603    1.49%
 299698 23444        cutoff             41.9077       41.2833 12586202    1.49%
Elapsed time = 1100.66 sec. (3366677.71 ticks, tree = 56.54 MB, solutions = 16)
 300133 23468       41.3084    48       41.9077       41.2833 12597420    1.49%
 300654 23373        cutoff             41.9077       41.2838 12605393    1.49%
 301108 23256       41.6934    89       41.9077       41.2863 12611503    1.48%
 301531 23141    infeasible             41.9077       41.2903 12617915    1.47%
 301908 23061        cutoff             41.9077       41.2922 12624468    1.47%
 302319 22900       41.2947    34       41.9077       41.2947 12631955    1.46%
 302614 22885        cutoff             41.9077       41.2952 12646257    1.46%
 303046 22635    infeasible             41.9077       41.3010 12651696    1.45%
 303316 22502        cutoff             41.9077       41.3037 12655828    1.44%
 303770 22213        cutoff             41.9077       41.3088 12662483    1.43%
Elapsed time = 1113.19 sec. (3405512.16 ticks, tree = 53.71 MB, solutions = 16)
 304198 21969        cutoff             41.9077       41.3141 12669191    1.42%
 304576 21923        cutoff             41.9077       41.3141 12681480    1.42%
 304923 21887       41.4191    40       41.9077       41.3141 12692714    1.42%
 305512 21742        cutoff             41.9077       41.3160 12700835    1.41%
 305960 21608       41.7633    44       41.9077       41.3198 12708735    1.40%
 306495 21294        cutoff             41.9077       41.3275 12715954    1.38%
 306851 21141        cutoff             41.9077       41.3317 12720730    1.37%
 307242 20908        cutoff             41.9077       41.3386 12727576    1.36%
 307659 20679       41.6575    49       41.9077       41.3459 12734255    1.34%
 308154 20622    infeasible             41.9077       41.3488 12743166    1.33%
Elapsed time = 1125.76 sec. (3444374.15 ticks, tree = 50.13 MB, solutions = 16)
 308800 20610        cutoff             41.9077       41.3493 12750805    1.33%
 309303 20370        cutoff             41.9077       41.3561 12756968    1.32%
 309755 20112       41.4969    72       41.9077       41.3636 12763275    1.30%
 310255 19816        cutoff             41.9077       41.3738 12769391    1.27%
 310630 19609    infeasible             41.9077       41.3809 12774314    1.26%
 311101 19509    infeasible             41.9077       41.3844 12782598    1.25%
 311369 19468        cutoff             41.9077       41.3850 12791734    1.25%
 311859 19294        cutoff             41.9077       41.3855 12799903    1.25%
 312319 19194        cutoff             41.9077       41.3868 12808040    1.24%
 312688 18970       41.5940    79       41.9077       41.3926 12815018    1.23%
Elapsed time = 1138.11 sec. (3482860.38 ticks, tree = 46.40 MB, solutions = 16)
 313146 18738        cutoff             41.9077       41.4003 12822736    1.21%
 313400 18584        cutoff             41.9077       41.4050 12827967    1.20%
 313870 18429        cutoff             41.9077       41.4072 12837667    1.19%
 314217 18413        cutoff             41.9077       41.4072 12845603    1.19%
 314809 18156        cutoff             41.9077       41.4123 12854626    1.18%
 315165 18011       41.5798    56       41.9077       41.4185 12861482    1.17%
 315489 17813        cutoff             41.9077       41.4244 12866470    1.15%
 316037 17513        cutoff             41.9077       41.4341 12873127    1.13%
 316429 17369        cutoff             41.9077       41.4379 12881840    1.12%
 316983 17205       41.8649    12       41.9077       41.4430 12891018    1.11%
Elapsed time = 1150.91 sec. (3522103.00 ticks, tree = 42.41 MB, solutions = 16)
 317396 17010        cutoff             41.9077       41.4479 12895713    1.10%
 317835 16797       41.5142    41       41.9077       41.4548 12901633    1.08%
 318332 16527        cutoff             41.9077       41.4619 12905545    1.06%
 318821 16413        cutoff             41.9077       41.4650 12913543    1.06%
 319399 16331        cutoff             41.9077       41.4665 12922262    1.05%
 319795 16054        cutoff             41.9077       41.4733 12927000    1.04%
 320218 15879        cutoff             41.9077       41.4816 12933298    1.02%
 320619 15587        cutoff             41.9077       41.4921 12939771    0.99%
 321001 15327       41.5055    66       41.9077       41.5011 12945510    0.97%
 321613 14999       41.5709    18       41.9077       41.5087 12953216    0.95%
Elapsed time = 1163.64 sec. (3561139.77 ticks, tree = 37.37 MB, solutions = 16)
 322065 14706       41.8241    46       41.9077       41.5145 12960402    0.94%
 322548 14486       41.5255    46       41.9077       41.5223 12966658    0.92%
 323018 14408        cutoff             41.9077       41.5228 12974639    0.92%
 323622 14129       41.5304    22       41.9077       41.5304 12982132    0.90%
 324248 13808        cutoff             41.9077       41.5382 12988756    0.88%
 324715 13562        cutoff             41.9077       41.5466 12996639    0.86%
 325147 13283        cutoff             41.9077       41.5549 13004014    0.84%
 325637 12996        cutoff             41.9077       41.5655 13009014    0.82%
 326154 12717        cutoff             41.9077       41.5742 13015525    0.80%
 326604 12423        cutoff             41.9077       41.5853 13020011    0.77%
Elapsed time = 1176.51 sec. (3600530.90 ticks, tree = 31.47 MB, solutions = 16)
 327031 12224        cutoff             41.9077       41.5888 13024979    0.76%
 327589 11885        cutoff             41.9077       41.6011 13030658    0.73%
 327921 11648        cutoff             41.9077       41.6115 13034927    0.71%
 328398 11390       41.8137    31       41.9077       41.6168 13041466    0.69%
 328803 11184        cutoff             41.9077       41.6234 13047717    0.68%
 329316 10894       41.6526    26       41.9077       41.6250 13053098    0.67%
 329912 10629       41.6250    34       41.9077       41.6250 13060380    0.67%
 330432 10532        cutoff             41.9077       41.6256 13067089    0.67%
 330936 10189        cutoff             41.9077       41.6352 13071580    0.65%
 331441  9872    infeasible             41.9077       41.6395 13078330    0.64%
Elapsed time = 1189.12 sec. (3639165.47 ticks, tree = 25.60 MB, solutions = 16)
 331945  9533    infeasible             41.9077       41.6477 13084074    0.62%
 332459  9328        cutoff             41.9077       41.6477 13093448    0.62%
 332939  9204       41.6509    39       41.9077       41.6509 13100495    0.61%
 333534  8936        cutoff             41.9077       41.6579 13104909    0.60%
 334042  8675       41.6650    30       41.9077       41.6650 13110377    0.58%
 334743  8348       41.6942    20       41.9077       41.6715 13118822    0.56%
 335260  8007    infeasible             41.9077       41.6824 13124287    0.54%
 335867  7758    infeasible             41.9077       41.6904 13130227    0.52%
 336591  7623        cutoff             41.9077       41.6939 13137612    0.51%
 337046  7338        cutoff             41.9077       41.7050 13142679    0.48%
Elapsed time = 1201.96 sec. (3678696.37 ticks, tree = 19.81 MB, solutions = 16)
 337598  7277        cutoff             41.9077       41.7050 13152128    0.48%
 338121  7161        cutoff             41.9077       41.7050 13161182    0.48%
 338699  7010       41.7227    45       41.9077       41.7050 13170942    0.48%
 339270  6777       41.8953    38       41.9077       41.7080 13178081    0.48%
 339860  6493        cutoff             41.9077       41.7170 13184688    0.46%
 340582  6070       41.7312     6       41.9077       41.7312 13191046    0.42%
 340963  5796       41.7406    30       41.9077       41.7406 13194329    0.40%
 341380  5606        cutoff             41.9077       41.7437 13201059    0.39%
 341864  5329       41.7488    31       41.9077       41.7488 13206684    0.38%
 342328  5065       41.7585    51       41.9077       41.7585 13211007    0.36%
Elapsed time = 1214.76 sec. (3718151.30 ticks, tree = 14.60 MB, solutions = 16)
 342903  4744        cutoff             41.9077       41.7633 13218967    0.34%
 343396  4694       41.7633    46       41.9077       41.7633 13226419    0.34%
 344201  4560       41.7666    29       41.9077       41.7666 13234316    0.34%
 344748  4201        cutoff             41.9077       41.7801 13238815    0.30%
 345230  3837    infeasible             41.9077       41.7941 13243395    0.27%
 345552  3669       41.8144    73       41.9077       41.7941 13248826    0.27%
 346264  3428        cutoff             41.9077       41.8019 13258606    0.25%
 346851  2989        cutoff             41.9077       41.8170 13262113    0.22%
 347350  2681       41.8288    36       41.9077       41.8288 13268753    0.19%
 348078  2429       41.8293    41       41.9077       41.8293 13274204    0.19%
Elapsed time = 1227.60 sec. (3757566.51 ticks, tree = 8.38 MB, solutions = 16)
 348730  2023        cutoff             41.9077       41.8473 13278501    0.14%
 349271  1636        cutoff             41.9077       41.8603 13281738    0.11%
 349898  1225    infeasible             41.9077       41.8702 13285370    0.09%
 350478   795        cutoff             41.9077       41.8790 13291416    0.07%
 351205   252        cutoff             41.9077       41.8958 13295716    0.03%

GUB cover cuts applied:  1
Cover cuts applied:  393
Implied bound cuts applied:  29
Mixed integer rounding cuts applied:  16
Zero-half cuts applied:  23
Lift and project cuts applied:  1
Gomory fractional cuts applied:  6

Root node processing (before b&c):
  Real time             =    3.05 sec. (7270.06 ticks)
Sequential b&c:
  Real time             = 1231.26 sec. (3772975.13 ticks)
                          ------------
Total (root+branch&cut) = 1234.31 sec. (3780245.19 ticks)
Feasible solution found!
Truck nodes:
Stage 1 at customer 0 with arrival time is: 
Stage 2 at customer 10 with arrival time is: 
Stage 3 at customer 4 with arrival time is: 
Stage 4 at customer 8 with arrival time is: 
Stage 5 at customer 6 with arrival time is: 
Stage 6 at customer 5 with arrival time is: 
Stage 7 at customer 7 with arrival time is: 
Stage 8 at customer 1 with arrival time is: 
Stage 9 at customer 11 with arrival time is: 
Truck arcs:
Arc 1 connecting 0 and 10 with cost 4.19835 
Arc 2 connecting 10 and 4 with cost 8.38296 
Arc 3 connecting 4 and 8 with cost 1.94864 
Arc 4 connecting 8 and 6 with cost 5.60229 
Arc 5 connecting 6 and 5 with cost 0.955922 
Arc 6 connecting 5 and 7 with cost 0.777831 
Arc 7 connecting 7 and 1 with cost 7.04774 
Arc 8 connecting 1 and 11 with cost 7.81487 
Customer 2 served by drone.
Drone fly from 4 at stage 3 to serve 2 and then fly back to 7 at stage 7. 
Truck arcs during this sortie: 4--->8--->6--->5--->7
Truck travel time from stage 3 to 7 is: 9.28468
Total drone travel time: 9.46383
Customer 3 served by drone.
Drone fly from 7 at stage 7 to serve 3 and then fly back to 11 at stage 9. 
Truck arcs during this sortie: 7--->1--->0
Truck travel time from stage 7 to 9 is: 14.8626
Total drone travel time: 13.926
Customer 9 served by drone.
Drone fly from 0 at stage 1 to serve 9 and then fly back to 4 at stage 3. 
Truck arcs during this sortie: 0--->10--->4
Truck travel time from stage 1 to 3 is: 12.5813
Total drone travel time: 9.15059
Customer 2 served, start stage = 3, end stage = 7
Wait time for this sortie: 0.179149
Customer 3 served, start stage = 7, end stage = 9
Wait time for this sortie: 0
Customer 9 served, start stage = 1, end stage = 3
Wait time for this sortie: 0
Printing Y(k,i,h):
Y[1][0][9] == 1
Y[3][4][2] == 1
Y[7][7][3] == 1
Done!
-------------------------Re-calculated objective-----------------------
41.9077
------------------------------------------------------------------------
Solve time: 1234.31
OBJECTIVE VALUE: 41.9077, NUMBER OF SORTIES: 0.
Number of loop(s):0
Number of revisit: 0
In write mode
