Instance name: /home/orlab/CLionProjects/RV-FSTSP/Murray_instances/FSTSP/FSTSP_10_customer_problems/20140810T123440v5
Write arg val: 1
Input is specified as type M: Murray instance.-.-.-.-.-.-.-.-.-.-.-.-.-.-.-.-.-.-.-.-

drone speed: 0.4 miles/minute
uav non-eligible customer: 4 5 
Printing tau:
0 1.83841 6.19937 11.3367 8.63802 7.16529 3.81739 8.77996 4.16976 6.36627 5.10809 0 
1.83841 0 7.41815 13.1751 7.41924 8.38408 3.41898 9.99874 2.95098 5.14749 6.9465 1.83841 
6.19937 7.41815 0 14.3533 14.8374 5.76971 3.99917 6.42059 10.3691 12.5656 10.5246 6.19937 
11.3367 13.1751 14.3533 0 6.71587 15.3192 15.1541 16.9338 12.258 15.4145 6.22861 11.3367 
8.63802 7.41924 14.8374 6.71587 0 15.8033 10.8382 17.418 5.54215 8.69866 4.31275 8.63802 
7.16529 8.38408 5.76971 15.3192 15.8033 0 7.0349 1.61466 11.3351 13.5316 11.4906 7.16529 
3.81739 3.41898 3.99917 15.1541 10.8382 7.0349 0 7.68579 6.36995 8.56647 8.92548 3.81739 
8.77996 9.99874 6.42059 16.9338 17.418 1.61466 7.68579 0 12.9497 15.1462 13.1052 8.77996 
4.16976 2.95098 10.3691 12.258 5.54215 11.3351 6.36995 12.9497 0 3.15652 6.0294 4.16976 
6.36627 5.14749 12.5656 15.4145 8.69866 13.5316 8.56647 15.1462 3.15652 0 9.18592 6.36627 
5.10809 6.9465 10.5246 6.22861 4.31275 11.4906 8.92548 13.1052 6.0294 9.18592 0 5.10809 
0 0 0 0 0 0 0 0 0 0 0 0 
Printing tau_prime:
0 1.55968 4.74056 9.87438 6.92703 5.554 3.11555 6.78425 3.01958 5.34594 4.73289 0 
1.55968 0 5.26965 10.528 6.95583 6.92297 2.79336 8.14071 2.1851 3.96936 5.38071 1.55968 
4.74056 5.26965 0 14.123 11.6533 4.13658 2.96598 4.89302 7.42221 8.9505 9.20456 4.74056 
9.87438 10.528 14.123 0 4.76116 12.2597 12.9779 13.0868 9.11406 10.9728 5.16981 9.87438 
6.92703 6.95583 11.6533 4.76116 0 11.2186 9.71264 12.3279 5.03393 6.35719 3.06897 6.92703 
5.554 6.92297 4.13658 12.2597 11.2186 0 6.0886 1.23101 8.53268 10.8703 8.2343 5.554 
3.11555 2.79336 2.96598 12.9779 9.71264 6.0886 0 7.15418 4.94791 6.06021 7.81812 3.11555 
6.78425 8.14071 4.89302 13.0868 12.3279 1.23101 7.15418 0 9.7631 12.0944 9.30817 6.78425 
3.01958 2.1851 7.42221 9.11406 5.03393 8.53268 4.94791 9.7631 0 2.71922 4.26485 3.01958 
5.34594 3.96936 8.9505 10.9728 6.35719 10.8703 6.06021 12.0944 2.71922 0 6.65382 5.34594 
4.73289 5.38071 9.20456 5.16981 3.06897 8.2343 7.81812 9.30817 4.26485 6.65382 0 4.73289 
0 0 0 0 0 0 0 0 0 0 0 0 
---------------------------------------------------------------
Current config:
- Number of threads = 1
- Drone endurance = 20
- SL = 1
- SR = 1
- L = 1
- Allow loop = 0
- Allow revisit = 1
- Allow multi-visit drone = 0
- Use TSP optimal solution as warmstart: = 0
- Use cutting plane method: = 0
- Use CPLEX conflict refiner: = 0
---------------------------------------------------------------
---------------------------------------------
Calculate max stage gap for sortie.... 
Stage gap calculation consumes too much memory. No constraint was added.
---------------------------------------------
Warning:  Output names have been modified due to duplicate names or characters invalid in LP format.
Version identifier: 22.1.1.0 | 2022-11-28 | 9160aff4d
CPXPARAM_Threads                                 1
CPXPARAM_TimeLimit                               3600
CPXPARAM_WorkMem                                 24576
Tried aggregator 3 times.
MIP Presolve eliminated 4399 rows and 1749 columns.
MIP Presolve modified 4791 coefficients.
Aggregator did 25 substitutions.
Reduced MIP has 1505 rows, 3394 columns, and 82627 nonzeros.
Reduced MIP has 3328 binaries, 0 generals, 0 SOSs, and 0 indicators.
Presolve time = 0.09 sec. (172.46 ticks)
Found incumbent of value 115.368682 after 0.12 sec. (223.69 ticks)
Probing fixed 7 vars, tightened 0 bounds.
Probing time = 0.02 sec. (78.34 ticks)
Tried aggregator 2 times.
Detecting symmetries...
MIP Presolve eliminated 9 rows and 7 columns.
Aggregator did 9 substitutions.
Reduced MIP has 1487 rows, 3378 columns, and 82310 nonzeros.
Reduced MIP has 3312 binaries, 0 generals, 0 SOSs, and 0 indicators.
Presolve time = 0.04 sec. (58.65 ticks)
Probing time = 0.00 sec. (7.91 ticks)
Clique table members: 37607.
MIP emphasis: balance optimality and feasibility.
MIP search method: dynamic search.
Parallel mode: none, using 1 thread.
Root relaxation solution time = 0.21 sec. (567.84 ticks)

        Nodes                                         Cuts/
   Node  Left     Objective  IInf  Best Integer    Best Bound    ItCnt     Gap

*     0+    0                          115.3687      -11.0000           109.53%
      0     0       27.3319   215      115.3687       27.3319     4809   76.31%
      0     0       29.0651   177      115.3687      Cuts: 27     6466   74.81%
      0     0       35.3424   234      115.3687      Cuts: 25     8662   69.37%
      0     0       35.9070   243      115.3687      Cuts: 19    10170   68.88%
*     0+    0                          100.2033       35.9070            64.17%
*     0+    0                           99.7286       35.9070            64.00%
*     0+    0                           96.7389       35.9070            62.88%
*     0+    0                           85.6388       35.9070            58.07%
*     0+    0                           85.6067       35.9070            58.06%
*     0+    0                           82.3218       35.9070            56.38%
*     0+    0                           75.9423       35.9070            52.72%
*     0+    0                           73.1909       35.9070            50.94%
      0     0  -1.00000e+75     0       73.1909       35.9070    10170   50.94%
      0     0       36.6167   232       73.1909      Cuts: 20    11377   49.97%
      0     0       36.8697   234       73.1909  ZeroHalf: 30    13460   49.63%
Detecting symmetries...
      0     0       36.9164   292       73.1909      Cuts: 16    13852   49.56%
      0     0       37.0821   235       73.1909      Cuts: 28    14250   49.34%
      0     0       37.2184   336       73.1909      Cuts: 11    16543   49.15%
      0     0       37.8229   252       73.1909      Cuts: 10    18185   48.32%
      0     0       37.9503   258       73.1909      Cuts: 16    19092   48.15%
      0     0       38.3948   309       73.1909  ZeroHalf: 14    21637   47.54%
      0     0       38.5773   255       73.1909      Cuts: 14    22226   47.29%
      0     0       38.9460   299       73.1909  ZeroHalf: 11    22778   46.79%
      0     0       38.9887   273       73.1909       Cuts: 6    23246   46.73%
      0     0       39.5151   202       73.1909      Cuts: 14    25869   46.01%
      0     0       39.8486   186       73.1909      Cuts: 15    27385   45.56%
      0     0       39.8879   268       73.1909      Cuts: 25    28932   45.50%
      0     0       39.9204   233       73.1909      Cuts: 17    29662   45.46%
      0     0       40.0195   262       73.1909       Cuts: 6    30518   45.32%
      0     0       40.0654   264       73.1909       Cuts: 6    31376   45.26%
      0     0       40.0827   270       73.1909       Cuts: 9    33420   45.24%
      0     0       40.1248   287       73.1909      Cuts: 12    34266   45.18%
      0     0       40.1601   244       73.1909       Cuts: 4    34577   45.13%
      0     0       40.1670   254       73.1909       Cuts: 3    34748   45.12%
      0     0       40.1907   288       73.1909       Cuts: 3    35763   45.09%
      0     0       40.2286   298       73.1909       Cuts: 6    37658   45.04%
      0     0       40.2598   292       73.1909       Cuts: 6    38900   44.99%
      0     0       40.2599   289       73.1909      Cuts: 11    39122   44.99%
*     0+    0                           71.6180       40.2599            43.79%
*     0+    0                           66.8610       40.2599            39.79%
*     0+    0                           63.5966       40.2599            36.69%
      0     0  -1.00000e+75     0       63.5966       40.2599    39122   36.69%
Detecting symmetries...
      0     2       40.2599   242       63.5966       40.2611    39122   36.69%
Elapsed time = 4.28 sec. (9623.06 ticks, tree = 0.01 MB, solutions = 12)
      2     4       40.2688   261       63.5966       40.2688    42901   36.68%
      4     6       41.3622   127       63.5966       40.2750    45778   36.67%
      6     8       41.3692    58       63.5966       40.2750    48412   36.67%
      8    10       41.4338    87       63.5966       40.2750    49704   36.67%
     12    14       41.5849    66       63.5966       40.2750    51817   36.67%
     16    18       42.7987    20       63.5966       40.2750    53938   36.67%
     20    22       46.6310    25       63.5966       40.2750    56200   36.67%
     27    27       45.5649    34       63.5966       40.2750    59016   36.67%
     44    32       40.3293   271       63.5966       40.2770    62810   36.67%
     49    37       41.6000   202       63.5966       40.2770    71040   36.67%
Elapsed time = 5.65 sec. (13297.58 ticks, tree = 0.13 MB, solutions = 12)
     56    44       44.9923   138       63.5966       40.2770    78213   36.67%
*    70+   52                           62.6200       40.2770            35.68%
     77    61       57.5460    31       62.6200       40.2770    88777   35.68%
*    80+   58                           57.5788       40.2770            30.05%
*   100+   76                           55.0956       40.2770            26.90%
*   110+   78                           51.3039       40.2770            21.49%
    115    79       41.9237   145       51.3039       40.3301    99925   21.39%
    133    93       41.3148    84       51.3039       41.2375   110748   19.62%
    140   100       43.1779    85       51.3039       41.2375   120266   19.62%
    160   116       48.4172   117       51.3039       41.2375   128842   19.62%
    180   131       42.3002    36       51.3039       41.2547   136129   19.59%
    211   160       49.3255    77       51.3039       41.2547   147829   19.59%
    229   174       48.1684    87       51.3039       41.3937   157699   19.32%
    320   240       44.3193    24       51.3039       41.4314   168643   19.24%
Elapsed time = 9.38 sec. (23412.31 ticks, tree = 0.53 MB, solutions = 16)
    366   278       44.3941    86       51.3039       41.5832   177885   18.95%
    394   302       42.3004    88       51.3039       41.5908   189477   18.93%
    433   335       42.4089   138       51.3039       41.6602   199504   18.80%
    452   354       42.5331    27       51.3039       41.6602   207462   18.80%
    473   369       49.9419    33       51.3039       41.6823   218082   18.75%
    515   403       46.6942    87       51.3039       41.8366   224950   18.45%
    580   452       42.4276   119       51.3039       41.9226   235894   18.29%
    623   488       51.2427    57       51.3039       41.9226   247593   18.29%
    631   488       43.2671    24       51.3039       41.9433   249606   18.25%
*   699   391      integral     0       48.8457       42.0648   255873   13.88%
    722   412       45.0891    60       48.8457       42.0959   259853   13.82%
Elapsed time = 13.08 sec. (33773.63 ticks, tree = 0.86 MB, solutions = 17)
    759   435       42.1894   171       48.8457       42.1212   271195   13.77%
    847   495        cutoff             48.8457       42.1491   282931   13.71%
    942   552       46.7041   178       48.8457       42.1963   294455   13.61%

Performing restart 1

Repeating presolve.
Tried aggregator 2 times.
MIP Presolve eliminated 24 rows and 333 columns.
MIP Presolve modified 674 coefficients.
Aggregator did 5 substitutions.
Reduced MIP has 1458 rows, 3040 columns, and 68545 nonzeros.
Reduced MIP has 2974 binaries, 0 generals, 0 SOSs, and 0 indicators.
Presolve time = 0.06 sec. (98.34 ticks)
Tried aggregator 1 time.
Reduced MIP has 1458 rows, 3040 columns, and 68545 nonzeros.
Reduced MIP has 2974 binaries, 0 generals, 0 SOSs, and 0 indicators.
Presolve time = 0.03 sec. (41.77 ticks)
Represolve time = 0.14 sec. (286.74 ticks)
    958     0       39.6363   289       48.8457      Cuts: 10   304691   13.54%
    958     0       39.7705   240       48.8457      Cuts: 32   304965   13.54%
    958     0       39.7937   269       48.8457      Cuts: 16   305578   13.54%
    958     0       39.7937   251       48.8457   LiftProj: 3   305743   13.54%
    958     0       39.7937   272       48.8457      Cuts: 29   306091   13.54%
    958     0       39.7937   254       48.8457       Cuts: 9   306217   13.54%
    958     0       39.8398   289       48.8457      Cuts: 23   308058   13.54%
    958     0       39.8529   304       48.8457      Cuts: 10   309783   13.54%
    958     2       39.8573   265       48.8457       42.2299   309895   13.54%
    959     2       39.9039   253       48.8457       42.2299   310223   13.54%
    960     2       39.9232   293       48.8457       42.2299   312177   13.54%
    961     3       39.9232   283       48.8457       42.2299   312371   13.54%
    963     5       39.9474   277       48.8457       42.2299   312664   13.54%
    964     6       45.4104    35       48.8457       42.2299   314959   13.54%
    966     8       40.0015   300       48.8457       42.2299   317197   13.54%
Elapsed time = 24.54 sec. (63937.01 ticks, tree = 0.03 MB, solutions = 17)
    967     8       44.1932    45       48.8457       42.2299   320650   13.54%
    971    12       44.1932    37       48.8457       42.2299   324176   13.54%
    985    26       44.1932    34       48.8457       42.2299   326015   13.54%
    988    29       44.1942   119       48.8457       42.2299   327168   13.54%
    990    31       44.2194   155       48.8457       42.2299   328012   13.54%
    994    33       47.5893    75       48.8457       42.2299   328860   13.54%
   1003    33       48.5319    77       48.8457       42.2299   331613   13.54%
   1006    35       48.5319    46       48.8457       42.2299   332837   13.54%
   1018    45       48.5319    32       48.8457       42.2299   335837   13.54%
   1025    45       42.1396   162       48.8457       42.2299   338857   13.54%
Elapsed time = 29.29 sec. (76517.52 ticks, tree = 0.10 MB, solutions = 17)
   1027    47       42.7849   100       48.8457       42.2299   341986   13.54%
   1028    48       42.9192   153       48.8457       42.2299   342437   13.54%
   1031    51       43.0002   116       48.8457       42.2299   343819   13.54%
   1035    55       43.3593   108       48.8457       42.2299   345799   13.54%
   1040    58       43.5814    86       48.8457       42.2299   346619   13.54%
   1054    69       43.6926    31       48.8457       42.2299   349293   13.54%
   1062    74       43.6952   133       48.8457       42.2299   350864   13.54%
   1085    92       43.7078   113       48.8457       42.2299   351947   13.54%
   1101    98       43.7153   125       48.8457       42.2299   352517   13.54%
   1112   102       43.7321   112       48.8457       42.2299   353226   13.54%
Elapsed time = 33.71 sec. (88163.29 ticks, tree = 0.22 MB, solutions = 17)
   1126   106       40.0090   261       48.8457       42.2299   354074   13.54%
   1127   107       40.0489   261       48.8457       42.2299   356162   13.54%
   1132   112       40.1125   267       48.8457       42.2299   358599   13.54%
   1137   117       40.2680   232       48.8457       42.2299   359401   13.54%
   1141   121       40.4498   245       48.8457       42.2299   361974   13.54%
   1154   129       46.1369   113       48.8457       42.2299   363635   13.54%
   1169   137       45.8232   100       48.8457       42.2299   366882   13.54%
   1188   145       48.1429    58       48.8457       42.2299   369967   13.54%
   1217   168       43.5221   117       48.8457       42.2299   374667   13.54%
   1248   187       44.5193    99       48.8457       42.2299   380459   13.54%
Elapsed time = 38.61 sec. (101164.08 ticks, tree = 0.34 MB, solutions = 17)
   1296   221       44.9316    97       48.8457       42.2299   383016   13.54%
   1307   228       48.3339    98       48.8457       42.2299   386394   13.54%
   1320   234       45.5762    84       48.8457       42.2299   389205   13.54%
   1345   256       47.3145    87       48.8457       42.2299   392884   13.54%
   1352   257       47.4257   147       48.8457       42.2299   393468   13.54%
   1381   267       47.2658    87       48.8457       42.2299   396065   13.54%
   1398   277       42.7190   185       48.8457       42.2299   401841   13.54%
   1406   283       43.5023   162       48.8457       42.2299   405202   13.54%
   1420   293       44.2276    98       48.8457       42.2299   409390   13.54%
   1426   296       44.9330   156       48.8457       42.2299   414064   13.54%
Elapsed time = 42.89 sec. (112593.53 ticks, tree = 0.54 MB, solutions = 17)
   1435   300       45.9238   160       48.8457       42.2299   415745   13.54%
   1448   306       47.4874    52       48.8457       42.2299   419795   13.54%
   1453   306       47.9578   107       48.8457       42.2299   421386   13.54%
   1463   316       48.1605    24       48.8457       42.2299   423202   13.54%
   1475   322       48.1652    81       48.8457       42.2299   424431   13.54%
   1500   339       42.3346   134       48.8457       42.2299   429151   13.54%
   1516   346       45.0764    33       48.8457       42.2299   433519   13.54%
   1538   360       43.2256   133       48.8457       42.2299   439749   13.54%
   1555   374       45.3942    91       48.8457       42.2299   446693   13.54%
   1586   404       46.8619    59       48.8457       42.2299   452226   13.54%
Elapsed time = 46.78 sec. (122946.04 ticks, tree = 0.72 MB, solutions = 17)
   1612   418       40.5923   234       48.8457       42.2299   456003   13.54%
   1617   423       40.7830   288       48.8457       42.2299   459965   13.54%
   1620   426       40.8664   276       48.8457       42.2299   464113   13.54%
   1626   432       41.0602   234       48.8457       42.2299   469412   13.54%
   1632   438       41.3322   174       48.8457       42.2299   474517   13.54%
   1637   443       41.7026   253       48.8457       42.2299   479061   13.54%
   1640   446       41.8265   271       48.8457       42.2299   481419   13.54%
   1646   452       42.1605   269       48.8457       42.2299   487939   13.54%
   1658   460       42.3445   216       48.8457       42.2299   493380   13.54%
   1685   481       43.1699   215       48.8457       42.2299   512480   13.54%
Elapsed time = 51.94 sec. (137004.05 ticks, tree = 0.84 MB, solutions = 17)
   1788   564       46.5898    19       48.8457       42.2299   538764   13.54%
   1958   681       46.8462    24       48.8457       42.2299   560423   13.54%

Performing restart 2

Repeating presolve.
Tried aggregator 2 times.
MIP Presolve eliminated 1 rows and 30 columns.
Aggregator did 4 substitutions.
Reduced MIP has 1453 rows, 3006 columns, and 68475 nonzeros.
Reduced MIP has 2940 binaries, 0 generals, 0 SOSs, and 0 indicators.
Presolve time = 0.03 sec. (58.21 ticks)
Tried aggregator 1 time.
Reduced MIP has 1453 rows, 3006 columns, and 68475 nonzeros.
Reduced MIP has 2940 binaries, 0 generals, 0 SOSs, and 0 indicators.
Presolve time = 0.03 sec. (43.99 ticks)
Represolve time = 0.17 sec. (288.80 ticks)
   2107     0       40.4250   260       48.8457      Cuts: 16   584597   13.54%
   2107     0       40.4963   251       48.8457       Cuts: 4   584783   13.54%
   2107     0       40.5120   264       48.8457      Cuts: 39   585243   13.54%
   2107     0       40.5268   282       48.8457      Cuts: 11   585517   13.54%
   2107     0       40.5268   311       48.8457       Cuts: 5   585792   13.54%
   2107     0       40.5548   285       48.8457       Cuts: 5   586149   13.54%
   2107     0       40.5570   294       48.8457      Cuts: 30   586547   13.54%
   2107     0       40.6134   291       48.8457       Cuts: 5   586830   13.54%

Repeating presolve.
Tried aggregator 2 times.
MIP Presolve eliminated 4 rows and 40 columns.
MIP Presolve modified 675 coefficients.
Aggregator did 1 substitutions.
Reduced MIP has 1448 rows, 2965 columns, and 70630 nonzeros.
Reduced MIP has 2899 binaries, 0 generals, 0 SOSs, and 0 indicators.
Presolve time = 0.09 sec. (152.10 ticks)
Tried aggregator 1 time.
MIP Presolve modified 18 coefficients.
Reduced MIP has 1448 rows, 2965 columns, and 70630 nonzeros.
Reduced MIP has 2899 binaries, 0 generals, 0 SOSs, and 0 indicators.
Presolve time = 0.05 sec. (73.83 ticks)
Represolve time = 0.29 sec. (461.31 ticks)
   2107     0       40.6134   273       48.8457       Cuts: 3   591549   13.54%
   2107     0       40.6364   313       48.8457      Cuts: 27   592977   13.54%
   2107     0       40.6432   280       48.8457       Cuts: 5   593116   13.54%
   2107     0       40.6523   283       48.8457      Cuts: 21   593458   13.54%
   2107     0       40.6529   299       48.8457       Cuts: 7   593616   13.54%
   2107     0       40.6540   291       48.8457       Cuts: 6   593711   13.54%
   2107     0       40.6540   319       48.8457      Cuts: 30   593889   13.54%
   2107     0       40.6548   267       48.8457       Cuts: 4   593929   13.54%
   2107     0       40.6548   308       48.8457      Cuts: 35   594163   13.54%
   2107     0       40.6548   289       48.8457       Cuts: 8   594241   13.54%
   2107     2       40.6548   276       48.8457       42.2299   594241   13.54%
   2109     4       40.6839   293       48.8457       42.2299   594800   13.54%
   2112     6       40.7468   276       48.8457       42.2299   596490   13.54%
*  2137+   25                           46.3503       42.2299             8.89%
   2141    25       42.8162   114       46.3503       42.2299   604187    8.89%
   2184    52       46.0361    59       46.3503       42.2299   609140    8.89%
   2191    52       43.1859   143       46.3503       42.2299   612995    8.89%
   2219    64       44.6556   135       46.3503       42.2299   616321    8.89%
   2271    89       43.4593    46       46.3503       42.2299   621685    8.89%
Elapsed time = 75.75 sec. (198951.35 ticks, tree = 0.81 MB, solutions = 18)
   2381   163       43.8577   136       46.3503       42.2299   630237    8.89%
   2456   209       43.2747    44       46.3503       42.2299   635430    8.89%
   2543   257       44.9073   147       46.3503       42.2299   646963    8.89%
   2634   312       41.9865   117       46.3503       42.2299   659087    8.89%
   2713   377       42.5389   160       46.3503       42.2299   665818    8.89%
   2877   489       44.9796    48       46.3503       42.2299   682312    8.89%
   3072   627       45.0612    76       46.3503       42.2299   701326    8.89%
*  3084   587      integral     0       45.7510       42.2299   701451    7.70%
   3195   666        cutoff             45.7510       42.2299   712370    7.70%
   3286   734       44.3936   147       45.7510       42.2299   725980    7.70%
   3410   814       42.3707   218       45.7510       42.2299   744760    7.70%
Elapsed time = 90.43 sec. (238104.77 ticks, tree = 8.17 MB, solutions = 19)
   3514   875       44.0147   124       45.7510       42.2299   759691    7.70%
   3600   901       44.1503    28       45.7510       42.2299   771275    7.70%
   3710   963       45.5526   116       45.7510       42.2299   787565    7.70%
   3866  1059       45.3369    22       45.7510       42.3002   803239    7.54%
   3994  1135       43.3119   110       45.7510       42.3002   818109    7.54%
   4223  1261       44.3377    52       45.7510       42.4578   838748    7.20%
   4262  1267       42.7826   159       45.7510       42.4667   852703    7.18%
   4493  1420       42.6555   210       45.7510       42.4918   879166    7.12%
   4765  1573        cutoff             45.7510       42.5158   903426    7.07%
   4923  1677       45.0265    64       45.7510       42.5331   920741    7.03%
Elapsed time = 104.96 sec. (277589.48 ticks, tree = 14.08 MB, solutions = 19)
   5111  1800       43.0076   113       45.7510       42.5331   941261    7.03%
   5195  1830       43.8395    46       45.7510       42.5331   957335    7.03%
   5267  1846       43.3957   125       45.7510       42.5331   971354    7.03%
   5487  1955       44.3451   107       45.7510       42.5703   995545    6.95%
   5756  1932        cutoff             45.7510       42.6921  1016737    6.69%
   5865  1850       42.7987    22       45.7510       42.7987  1029301    6.45%
   5927  1854       42.8233    41       45.7510       42.7987  1042320    6.45%
   6033  1877       43.9494    43       45.7510       42.8034  1057030    6.44%
   6208  1936       45.0714    24       45.7510       42.8565  1072326    6.33%
   6485  1827       44.6964    77       45.7510       43.1027  1089846    5.79%
Elapsed time = 118.90 sec. (316026.70 ticks, tree = 13.07 MB, solutions = 19)
   6843  1855       43.2915    25       45.7510       43.2671  1112759    5.43%
   7021  1948       43.3724    35       45.7510       43.2671  1126806    5.43%
   7268  2041       44.2671    24       45.7510       43.2925  1143028    5.37%
   7479  2011       43.4910    98       45.7510       43.3485  1157037    5.25%
   7823  2015       43.5932   132       45.7510       43.5169  1178409    4.88%
   8094  2153       43.5965    35       45.7510       43.5295  1199151    4.86%
   8339  2285       43.6958    46       45.7510       43.5295  1217839    4.86%
   8565  2373       43.5428   115       45.7510       43.5295  1238067    4.86%
   8771  2486       44.8977    62       45.7510       43.5295  1257446    4.86%
*  8874  2225      integral     0       45.4555       43.5326  1269407    4.23%
   8909  2213       44.3638    53       45.4555       43.5331  1276079    4.23%
Elapsed time = 133.21 sec. (355014.05 ticks, tree = 10.74 MB, solutions = 20)
   9113  2215        cutoff             45.4555       43.5577  1289801    4.18%
   9404  2138       44.9958    50       45.4555       43.6145  1306271    4.05%
   9743  2060       44.6824    78       45.4555       43.6926  1324690    3.88%
   9941  2091       43.7068    46       45.4555       43.6926  1348695    3.88%
  10114  2139       43.6926    35       45.4555       43.6926  1371893    3.88%
  10370  2190        cutoff             45.4555       43.7055  1395533    3.85%
  10605  2193       43.7709    40       45.4555       43.7248  1418237    3.81%
  10827  2188       44.9098    27       45.4555       43.7405  1440221    3.77%
  11085  2203       43.8306    44       45.4555       43.7625  1462956    3.72%
  11323  2270       43.8213    46       45.4555       43.7625  1485395    3.72%
Elapsed time = 147.68 sec. (393847.11 ticks, tree = 9.63 MB, solutions = 20)
  11595  2290       44.9098    37       45.4555       43.7845  1507562    3.68%
  12005  2164       44.8301    18       45.4555       43.8790  1527948    3.47%
  12442  2091       43.9871    34       45.4555       43.9871  1547879    3.23%
  12697  2091       44.2685    36       45.4555       44.0159  1569678    3.17%
  13092  1985       44.1503    31       45.4555       44.1503  1588995    2.87%
  13379  2014       44.2498    30       45.4555       44.1932  1612731    2.78%
  13754  1989       44.2686    47       45.4555       44.2671  1633181    2.61%
  14169  1884       44.7085   102       45.4555       44.3765  1654202    2.37%
  14500  1813       44.4588    19       45.4555       44.4588  1674577    2.19%
  14746  1804       44.9098    33       45.4555       44.4879  1696731    2.13%
Elapsed time = 162.06 sec. (432304.44 ticks, tree = 6.63 MB, solutions = 20)
  15194  1658       45.3829    34       45.4555       44.5886  1717256    1.91%
  15693  1499       44.6886    32       45.4555       44.6886  1737051    1.69%
  15959  1460        cutoff             45.4555       44.7019  1760552    1.66%
  16427  1321       45.4311    58       45.4555       44.7625  1782064    1.52%
  16761  1234       44.8075    32       45.4555       44.8075  1803494    1.43%
  17198  1029       45.0433    79       45.4555       44.9098  1825864    1.20%
  17513   925        cutoff             45.4555       44.9796  1847967    1.05%
  17961   763        cutoff             45.4555       45.0731  1869035    0.84%
  18552   480       45.2279    39       45.4555       45.2165  1888237    0.53%
  19187   111        cutoff             45.4555       45.3926  1906650    0.14%
Elapsed time = 176.56 sec. (470767.27 ticks, tree = 0.48 MB, solutions = 20)

GUB cover cuts applied:  6
Clique cuts applied:  4
Cover cuts applied:  53
Implied bound cuts applied:  5
Zero-half cuts applied:  32
Lift and project cuts applied:  2
Gomory fractional cuts applied:  3

Root node processing (before b&c):
  Real time             =    4.21 sec. (9355.73 ticks)
Sequential b&c:
  Real time             =  172.81 sec. (462745.47 ticks)
                          ------------
Total (root+branch&cut) =  177.02 sec. (472101.20 ticks)
Feasible solution found!
Truck nodes:
Stage 1 at customer 0 with arrival time is: 
Stage 2 at customer 5 with arrival time is: 
Stage 3 at customer 7 with arrival time is: 
Stage 4 at customer 2 with arrival time is: 
Stage 5 at customer 6 with arrival time is: 
Stage 6 at customer 1 with arrival time is: 
Stage 7 at customer 8 with arrival time is: 
Stage 8 at customer 4 with arrival time is: 
Stage 9 at customer 10 with arrival time is: 
Stage 10 at customer 11 with arrival time is: 
Truck arcs:
Arc 1 connecting 0 and 5 with cost 7.16529 
Arc 2 connecting 5 and 7 with cost 1.61466 
Arc 3 connecting 7 and 2 with cost 6.42059 
Arc 4 connecting 2 and 6 with cost 3.99917 
Arc 5 connecting 6 and 1 with cost 3.41898 
Arc 6 connecting 1 and 8 with cost 2.95098 
Arc 7 connecting 8 and 4 with cost 5.54215 
Arc 8 connecting 4 and 10 with cost 4.31275 
Arc 9 connecting 10 and 11 with cost 5.10809 
Customer 3 served by drone.
Drone fly from 6 at stage 5 to serve 3 and then fly back to 10 at stage 9. 
Truck arcs during this sortie: 6--->1--->8--->4--->10
Truck travel time from stage 5 to 9 is: 16.2248
Total drone travel time: 18.1477
Customer 9 served by drone.
Drone fly from 0 at stage 1 to serve 9 and then fly back to 2 at stage 4. 
Truck arcs during this sortie: 0--->5--->7--->2
Truck travel time from stage 1 to 4 is: 15.2005
Total drone travel time: 14.2964
Customer 3 served, start stage = 5, end stage = 9
Wait time for this sortie: 1.92289
Customer 9 served, start stage = 1, end stage = 4
Wait time for this sortie: 0
Printing Y(k,i,h):
Y[1][0][9] == 1
Y[5][6][3] == 1
Done!
-------------------------Re-calculated objective-----------------------
45.4555
------------------------------------------------------------------------
Solve time: 177.019
OBJECTIVE VALUE: 45.4555, NUMBER OF SORTIES: 0.
Number of loop(s):0
Number of revisit: 0
In write mode
