Instance name: /home/orlab/CLionProjects/RV-FSTSP/Murray_instances/FSTSP/FSTSP_10_customer_problems/20140810T123437v8
Write arg val: 1
Input is specified as type M: Murray instance.-.-.-.-.-.-.-.-.-.-.-.-.-.-.-.-.-.-.-.-

drone speed: 0.4 miles/minute
uav non-eligible customer: 10 
Printing tau:
0 20.6149 13.856 24.5512 16.9846 21.545 21.069 20.7671 18.9333 7.71706 12.8383 0 
20.6149 0 18.3108 3.93636 13.7595 7.22991 8.18583 7.04774 13.7881 14.0919 12.0132 20.6149 
13.856 18.3108 0 22.2472 4.55136 11.0809 10.125 11.2631 5.10923 6.13892 11.4943 13.856 
24.5512 3.93636 22.2472 0 17.6958 11.1663 12.1222 10.9841 17.7245 18.0283 15.9496 24.5512 
16.9846 13.7595 4.55136 17.6958 0 6.52957 5.57365 6.71174 1.94864 9.26756 8.38296 16.9846 
21.545 7.22991 11.0809 11.1663 6.52957 0 0.955922 0.777831 6.55821 13.8279 12.9433 21.545 
21.069 8.18583 10.125 12.1222 5.57365 0.955922 0 1.13809 5.60229 13.352 12.4674 21.069 
20.7671 7.04774 11.2631 10.9841 6.71174 0.777831 1.13809 0 6.74038 13.0501 12.1655 20.7671 
18.9333 13.7881 5.10923 17.7245 1.94864 6.55821 5.60229 6.74038 0 11.2162 10.3316 18.9333 
7.71706 14.0919 6.13892 18.0283 9.26756 13.8279 13.352 13.0501 11.2162 0 7.2754 7.71706 
12.8383 12.0132 11.4943 15.9496 8.38296 12.9433 12.4674 12.1655 10.3316 7.2754 0 12.8383 
0 0 0 0 0 0 0 0 0 0 0 0 
Printing tau_prime:
0 20.1406 9.84364 24.076 12.7128 17.5864 16.9624 17.1787 14.0158 6.72679 10.9273 0 
20.1406 0 13.8016 3.93636 10.0624 5.15445 5.79716 4.98467 9.82192 13.5081 9.76684 20.1406 
9.84364 13.8016 0 17.4546 3.90533 9.53697 8.79045 9.34402 4.808 5.26714 8.93665 9.84364 
24.076 3.93636 17.4546 0 13.6088 8.1769 8.91833 8.21492 13.1476 17.4415 13.6017 24.076 
12.7128 10.0624 3.90533 13.6088 0 5.6317 4.88611 5.4477 1.37804 6.55737 7.69671 12.7128 
17.5864 5.15445 9.53697 8.1769 5.6317 0 0.755079 0.564892 4.99155 10.9155 9.15697 17.5864 
16.9624 5.79716 8.79045 8.91833 4.88611 0.755079 0 0.832586 4.23953 10.3237 8.86878 16.9624 
17.1787 4.98467 9.34402 8.21492 5.4477 0.564892 0.832586 0 4.93942 10.4863 8.60384 17.1787 
14.0158 9.82192 4.808 13.1476 1.37804 4.99155 4.23953 4.93942 0 7.93396 8.8132 14.0158 
6.72679 13.5081 5.26714 17.4415 6.55737 10.9155 10.3237 10.4863 7.93396 0 5.18237 6.72679 
10.9273 9.76684 8.93665 13.6017 7.69671 9.15697 8.86878 8.60384 8.8132 5.18237 0 10.9273 
0 0 0 0 0 0 0 0 0 0 0 0 
---------------------------------------------------------------
Current config:
- Number of threads = 1
- Drone endurance = 20
- SL = 1
- SR = 1
- L = 1
- Allow loop = 0
- Allow revisit = 1
- Allow multi-visit drone = 0
- Use TSP optimal solution as warmstart: = 0
- Use cutting plane method: = 0
- Use CPLEX conflict refiner: = 0
---------------------------------------------------------------
---------------------------------------------
Calculate max stage gap for sortie.... 
Stage gap calculation consumes too much memory. No constraint was added.
---------------------------------------------
Warning:  Output names have been modified due to duplicate names or characters invalid in LP format.
Version identifier: 22.1.1.0 | 2022-11-28 | 9160aff4d
CPXPARAM_Threads                                 1
CPXPARAM_TimeLimit                               3600
CPXPARAM_WorkMem                                 24576
Tried aggregator 3 times.
MIP Presolve eliminated 4888 rows and 1587 columns.
MIP Presolve modified 4728 coefficients.
Aggregator did 27 substitutions.
Reduced MIP has 1580 rows, 3554 columns, and 84765 nonzeros.
Reduced MIP has 3488 binaries, 0 generals, 0 SOSs, and 0 indicators.
Presolve time = 0.08 sec. (140.69 ticks)
Found incumbent of value 178.277742 after 0.11 sec. (193.15 ticks)
Probing fixed 66 vars, tightened 0 bounds.
Probing time = 0.08 sec. (302.88 ticks)
Tried aggregator 2 times.
Detecting symmetries...
MIP Presolve eliminated 17 rows and 66 columns.
MIP Presolve modified 10 coefficients.
Aggregator did 9 substitutions.
Reduced MIP has 1554 rows, 3479 columns, and 83713 nonzeros.
Reduced MIP has 3413 binaries, 0 generals, 0 SOSs, and 0 indicators.
Presolve time = 0.05 sec. (68.71 ticks)
Probing fixed 1 vars, tightened 0 bounds.
Probing time = 0.01 sec. (50.50 ticks)
Clique table members: 39255.
MIP emphasis: balance optimality and feasibility.
MIP search method: dynamic search.
Parallel mode: none, using 1 thread.
Root relaxation solution time = 0.30 sec. (806.69 ticks)

        Nodes                                         Cuts/
   Node  Left     Objective  IInf  Best Integer    Best Bound    ItCnt     Gap

*     0+    0                          178.2777      -11.0000           106.17%
      0     0       36.3020   252      178.2777       36.3020     6280   79.64%
      0     0       50.6519   202      178.2777      Cuts: 33    10841   71.59%
      0     0       50.7420   245      178.2777      Cuts: 42    11524   71.54%
      0     0       50.8619   159      178.2777      Cuts: 29    12432   71.47%
*     0+    0                           87.5010       50.8619            41.87%
*     0+    0                           77.3369       50.8619            34.23%
*     0+    0                           77.2666       50.8619            34.17%
*     0+    0                           76.7601       50.8619            33.74%
*     0+    0                           75.4251       50.8619            32.57%
*     0+    0                           74.9186       50.8619            32.11%
      0     0  -1.00000e+75     0       74.9186       50.8619    12432   32.11%
      0     0       50.8880   169       74.9186      Cuts: 13    13574   32.08%
      0     0       50.8903   215       74.9186      Cuts: 14    13803   32.07%
Detecting symmetries...
      0     0       50.9970   238       74.9186      Cuts: 12    14568   31.93%
      0     0       51.0544   256       74.9186      Cuts: 18    15131   31.85%
      0     0       51.0619   249       74.9186       Cuts: 3    15386   31.84%
      0     0       51.0703   257       74.9186      Cuts: 17    16192   31.83%
      0     0       51.0847   233       74.9186       Cuts: 5    17109   31.81%
      0     0       51.0957   262       74.9186      Cuts: 31    17836   31.80%
      0     0       51.0979   249       74.9186   ZeroHalf: 2    18158   31.80%
      0     0       51.0987   267       74.9186       Cuts: 3    18394   31.79%
*     0+    0                           73.9186       51.0987            30.87%
Detecting symmetries...
      0     2       51.0987   263       73.9186       51.0994    18394   30.87%
Elapsed time = 2.93 sec. (6641.70 ticks, tree = 0.01 MB, solutions = 8)
      2     4       56.8092   144       73.9186       51.1069    24574   30.86%
      3     5       51.5781   163       73.9186       51.1100    27983   30.86%
      5     7       52.2236   141       73.9186       51.5826    31798   30.22%
      7     9       52.5987   146       73.9186       51.5858    35237   30.21%
      8    10       55.4931    82       73.9186       51.5858    37816   30.21%
     10    12       52.8805    96       73.9186       51.5858    39618   30.21%
     12    14       55.7186    24       73.9186       51.5858    42158   30.21%
     27    22       71.3326     6       73.9186       51.5858    44806   30.21%
     39    25       51.6262   182       73.9186       51.5874    47450   30.21%
     45    31       52.7859   152       73.9186       51.5874    56005   30.21%
Elapsed time = 4.54 sec. (11213.24 ticks, tree = 0.06 MB, solutions = 8)
     57    43       59.7852    90       73.9186       51.5874    66568   30.21%
    108    78       61.2814    48       73.9186       51.6262    74937   30.16%
    118    83       53.0084   175       73.9186       52.6083    80372   28.83%
    126    91       65.5461   116       73.9186       52.6083    91818   28.83%
    149   108       57.2537   122       73.9186       52.7917   104117   28.58%
    173   127       56.8702   151       73.9186       52.8104   114379   28.56%
    207   155       57.2331    25       73.9186       52.8132   124501   28.55%
    229   172       56.1003    99       73.9186       52.8792   135457   28.46%
    238   181       58.8215    87       73.9186       52.8792   144070   28.46%
    246   189       63.9351   107       73.9186       52.8792   153966   28.46%
Elapsed time = 8.28 sec. (21715.22 ticks, tree = 0.41 MB, solutions = 8)
    291   231       64.9754    48       73.9186       52.9163   164655   28.41%
    326   259       62.5176   101       73.9186       53.0281   174608   28.26%
    348   269       59.6297   110       73.9186       53.0373   184831   28.25%
    395   314       66.5169   134       73.9186       53.0373   195170   28.25%
    430   343       54.5796    97       73.9186       53.0484   206248   28.23%
    446   359       59.7201    26       73.9186       53.0484   215364   28.23%

Performing restart 1

Repeating presolve.
Tried aggregator 1 time.
MIP Presolve eliminated 4 rows and 64 columns.
MIP Presolve modified 307 coefficients.
Reduced MIP has 1550 rows, 3415 columns, and 81353 nonzeros.
Reduced MIP has 3349 binaries, 0 generals, 0 SOSs, and 0 indicators.
Presolve time = 0.03 sec. (55.50 ticks)
Tried aggregator 1 time.
Reduced MIP has 1550 rows, 3415 columns, and 81353 nonzeros.
Reduced MIP has 3349 binaries, 0 generals, 0 SOSs, and 0 indicators.
Presolve time = 0.03 sec. (45.92 ticks)
Represolve time = 0.12 sec. (247.44 ticks)
    497     0       50.9875   273       73.9186      Cuts: 23   237054   28.02%
    497     0       51.0028   279       73.9186      Cuts: 34   237328   28.02%
    497     0       51.0213   260       73.9186      Cuts: 26   237651   28.02%
    497     0       51.0283   268       73.9186      Cuts: 25   237959   28.02%
    497     0       51.0436   277       73.9186      Cuts: 17   238259   28.02%
*   497+    0                           72.9186       53.2053            27.03%
    497     0  -1.00000e+75     0       72.9186       53.2053   238259   27.03%
    497     2       51.0457   278       72.9186       53.2053   238283   27.03%
    498     3       51.3452   179       72.9186       53.2053   241522   27.03%
    499     4       52.5795   144       72.9186       53.2053   243912   27.03%
    500     5       53.0435   140       72.9186       53.2053   244654   27.03%
Elapsed time = 20.29 sec. (56011.22 ticks, tree = 0.01 MB, solutions = 9)
    501     6       53.0435   135       72.9186       53.2053   244666   27.03%
    502     7       53.0693   147       72.9186       53.2053   245008   27.03%
    507    12       53.0858   138       72.9186       53.2053   245180   27.03%
    508    12       53.1110   163       72.9186       53.2053   245421   27.03%
    512    15       54.7853    95       72.9186       53.2053   246019   27.03%
    515    17       67.1493    81       72.9186       53.2053   246532   27.03%
    517    17       52.5024   133       72.9186       53.2053   248248   27.03%
    518    18       52.6905   130       72.9186       53.2053   248844   27.03%
    521    21       53.0901   141       72.9186       53.2053   249539   27.03%
    527    27       59.5677    16       72.9186       53.2053   254497   27.03%
Elapsed time = 25.64 sec. (71133.37 ticks, tree = 0.21 MB, solutions = 9)
    531    31       53.3804   122       72.9186       53.2053   255957   27.03%
    537    34       51.7010   141       72.9186       53.2053   258977   27.03%
    540    37       51.7325   156       72.9186       53.2053   260044   27.03%
    543    40       51.7452   171       72.9186       53.2053   263409   27.03%
    546    43       51.7459   177       72.9186       53.2053   264631   27.03%
    550    47       51.8546   172       72.9186       53.2053   265406   27.03%
    556    53       52.0397   168       72.9186       53.2053   266537   27.03%
    559    56       52.1108   182       72.9186       53.2053   266918   27.03%
    563    60       52.9166   165       72.9186       53.2053   268491   27.03%
    566    63       53.4611   146       72.9186       53.2053   271392   27.03%
Elapsed time = 31.53 sec. (88065.67 ticks, tree = 0.34 MB, solutions = 9)
    568    65       53.7179   148       72.9186       53.2053   277832   27.03%
    576    73       55.1263   144       72.9186       53.2053   279733   27.03%
    577    74       55.4451   162       72.9186       53.2053   280898   27.03%
    580    77       55.7924   175       72.9186       53.2053   282238   27.03%
    583    80       55.9506   189       72.9186       53.2053   282951   27.03%
    584    81       56.2676   226       72.9186       53.2053   285661   27.03%
    586    83       56.5033   196       72.9186       53.2053   287931   27.03%
    587    84       56.6587   204       72.9186       53.2053   288444   27.03%
    590    87       56.9888   187       72.9186       53.2053   289315   27.03%
    598    95       57.2403   190       72.9186       53.2053   290207   27.03%
Elapsed time = 36.27 sec. (101642.58 ticks, tree = 0.39 MB, solutions = 9)
    601    97       57.3354   221       72.9186       53.2053   290780   27.03%
    607   103       57.6136   158       72.9186       53.2053   292705   27.03%
    612   108       57.6820   153       72.9186       53.2053   295081   27.03%
    617   110       57.8386   179       72.9186       53.2053   297611   27.03%
    624   115       58.9034   146       72.9186       53.2053   299055   27.03%
    630   120       59.1086   113       72.9186       53.2053   299381   27.03%
    634   123       59.2521   161       72.9186       53.2053   299921   27.03%
    643   131       59.9260   144       72.9186       53.2053   301000   27.03%
    653   139       60.2213   160       72.9186       53.2053   302419   27.03%
    655   140       60.8896   207       72.9186       53.2053   303279   27.03%
Elapsed time = 40.68 sec. (114291.34 ticks, tree = 0.46 MB, solutions = 9)
    662   145       61.4935   182       72.9186       53.2053   303960   27.03%
    678   155       64.0948   159       72.9186       53.2053   305378   27.03%
    679   155       64.6073   179       72.9186       53.2053   305592   27.03%
    682   156       64.9759   111       72.9186       53.2053   305822   27.03%
    684   156       67.2598   139       72.9186       53.2053   306163   27.03%
    687   156       56.3092    94       72.9186       53.2053   309664   27.03%
    689   158       56.3305    73       72.9186       53.2053   310362   27.03%
    691   160       56.7845    96       72.9186       53.2053   311478   27.03%
    710   179       58.3205    36       72.9186       53.2053   312443   27.03%
    728   189       56.2958    20       72.9186       53.2053   316119   27.03%
Elapsed time = 44.91 sec. (126007.06 ticks, tree = 0.94 MB, solutions = 9)
    735   196       56.3286   106       72.9186       53.2053   317529   27.03%
    759   218       56.7095    94       72.9186       53.2053   318768   27.03%
    788   237       57.9277    52       72.9186       53.2053   319448   27.03%
    796   239       56.7651    58       72.9186       53.2053   325674   27.03%
    802   245       57.3966    47       72.9186       53.2053   326650   27.03%
*   808   243      integral     0       69.7305       53.2053   327597   23.70%
    832   256       79.7664    35       69.7305       53.2053   329281   23.70%
    842   264       56.7219    55       69.7305       53.2053   332821   23.70%
    851   270       56.8123    95       69.7305       53.2053   336982   23.70%
    854   272       57.1026   114       69.7305       53.2053   339848   23.70%
Elapsed time = 49.24 sec. (137722.26 ticks, tree = 1.88 MB, solutions = 10)
    861   274       57.1658   143       69.7305       53.2053   340416   23.70%
    873   280       57.3971    72       69.7305       53.2053   341529   23.70%
    883   282       59.7226    58       69.7305       53.2053   345099   23.70%
    888   283       55.9526   101       69.7305       53.2053   349763   23.70%
    896   291       57.0003   142       69.7305       53.2053   351291   23.70%
    909   297       53.4633   137       69.7305       53.2053   354112   23.70%
*   917+  285                           68.2641       53.2053            22.06%
    920   287       57.0629    59       68.2641       53.2053   357415   22.06%
    936   302       58.5661   122       68.2641       53.2053   360601   22.06%
    963   326       58.8834    84       68.2641       53.2053   361563   22.06%

Performing restart 2

Repeating presolve.
Tried aggregator 2 times.
MIP Presolve eliminated 0 rows and 100 columns.
MIP Presolve modified 545 coefficients.
Aggregator did 1 substitutions.
Reduced MIP has 1544 rows, 3314 columns, and 76972 nonzeros.
Reduced MIP has 3248 binaries, 0 generals, 0 SOSs, and 0 indicators.
Presolve time = 0.06 sec. (91.96 ticks)
Tried aggregator 1 time.
MIP Presolve modified 22 coefficients.
Reduced MIP has 1542 rows, 3314 columns, and 76950 nonzeros.
Reduced MIP has 3248 binaries, 0 generals, 0 SOSs, and 0 indicators.
Presolve time = 0.03 sec. (44.22 ticks)
Represolve time = 0.19 sec. (321.71 ticks)
   1093     0       51.1710   297       68.2641      Cuts: 23   385804   22.06%
   1093     0       51.2006   328       68.2641      Cuts: 28   386142   22.06%
   1093     0       51.2256   297       68.2641      Cuts: 30   386540   22.06%
*  1093+    0                           68.0359       53.2053            21.80%
*  1093+    0                           66.6949       53.2053            20.23%
*  1093+    0                           65.8617       53.2053            19.22%
*  1093+    0                           64.6872       53.2053            17.75%
   1093     0       51.2419   309       64.6872      Cuts: 40   386845   17.75%
   1093     0       51.2516   323       64.6872      Cuts: 27   387037   17.75%
   1093     0       51.2764   320       64.6872      Cuts: 30   387462   17.75%
   1093     0       51.2971   333       64.6872      Cuts: 32   387829   17.75%

Repeating presolve.
Tried aggregator 2 times.
MIP Presolve eliminated 6 rows and 130 columns.
MIP Presolve modified 1359 coefficients.
Aggregator did 10 substitutions.
Reduced MIP has 1520 rows, 3174 columns, and 78199 nonzeros.
Reduced MIP has 3108 binaries, 0 generals, 0 SOSs, and 0 indicators.
Presolve time = 0.08 sec. (129.13 ticks)
Tried aggregator 1 time.
MIP Presolve eliminated 6 rows and 26 columns.
MIP Presolve modified 36 coefficients.
Reduced MIP has 1511 rows, 3148 columns, and 76950 nonzeros.
Reduced MIP has 3082 binaries, 0 generals, 0 SOSs, and 0 indicators.
Presolve time = 0.04 sec. (64.16 ticks)
Represolve time = 0.86 sec. (2263.55 ticks)
   1093     0       51.3229   337       64.6872      Cuts: 31   403450   17.75%
   1093     0       51.3389   330       64.6872      Cuts: 26   403720   17.75%
   1093     0       51.3550   307       64.6872      Cuts: 26   404016   17.75%
   1093     0       51.3694   303       64.6872      Cuts: 27   404235   17.75%
   1093     0       51.3955   329       64.6872      Cuts: 30   404571   17.75%
   1093     0       51.4134   331       64.6872      Cuts: 34   404795   17.75%
   1093     0       51.4389   340       64.6872      Cuts: 33   405075   17.75%
   1093     0       51.4460   347       64.6872      Cuts: 28   405252   17.75%
   1093     0       51.4641   328       64.6872      Cuts: 33   405554   17.75%
   1093     0       51.4998   319       64.6872      Cuts: 35   405968   17.75%
   1093     2       51.4998   319       64.6872       53.2053   405968   17.75%
Elapsed time = 92.41 sec. (294196.13 ticks, tree = 0.01 MB, solutions = 15)
   1094     3       51.6488   273       64.6872       53.2053   406590   17.75%
   1097     6       58.6824   132       64.6872       53.2053   411246   17.75%
   1100     7       51.7500   273       64.6872       53.2053   414613   17.75%
   1108    14       52.0630   199       64.6872       53.2053   416694   17.75%
   1115    21       52.9473   174       64.6872       53.2053   421781   17.75%
   1126    32       53.7720   115       64.6872       53.2053   429977   17.75%
   1155    58       55.2126   137       64.6872       53.2053   438319   17.75%
   1196    81       59.9334   109       64.6872       53.2053   443743   17.75%
   1229    92       58.7751    84       64.6872       53.2053   455278   17.75%
   1257   112       58.1295    65       64.6872       53.2053   461640   17.75%
Elapsed time = 106.70 sec. (337001.49 ticks, tree = 0.21 MB, solutions = 15)
   1297   131       52.4848   194       64.6872       53.2053   469699   17.75%
   1353   186       56.5919   132       64.6872       53.2053   476966   17.75%
   1493   291       58.1030    45       64.6872       53.2053   494316   17.75%
   1563   343       57.8704    53       64.6872       53.2053   509060   17.75%
   1648   408       57.2859    75       64.6872       53.2053   524356   17.75%
   1740   481       57.6275    46       64.6872       53.2053   540329   17.75%
   1910   615       57.6212    15       64.6872       53.2053   562523   17.75%
   2043   688       58.6651    18       64.6872       53.3650   588715   17.50%
   2194   806       62.1460    32       64.6872       53.5425   608637   17.23%
   2335   902       54.1496   156       64.6872       53.8004   633415   16.83%
Elapsed time = 120.97 sec. (377860.16 ticks, tree = 1.61 MB, solutions = 15)
   2482  1016       56.0562   157       64.6872       53.8609   653280   16.74%
   2484  1016       56.1172   201       64.6872       53.8609   653554   16.74%
   2677  1143       58.4538    47       64.6872       54.1194   678875   16.34%
   2928  1309       63.2866    43       64.6872       54.3379   707721   16.00%
   3055  1382       61.6297    66       64.6872       54.5347   737688   15.69%
   3133  1430       59.9347    98       64.6872       54.6522   752858   15.51%
   3257  1484       55.6460   127       64.6872       54.8526   776049   15.20%
   3394  1574        cutoff             64.6872       54.8942   807395   15.14%
   3617  1725       61.3759    97       64.6872       55.1457   838103   14.75%
   3706  1782       64.1120    56       64.6872       55.2457   858969   14.60%
Elapsed time = 135.97 sec. (421946.27 ticks, tree = 3.23 MB, solutions = 15)
   3710  1779        cutoff             64.6872       55.3142   861043   14.49%
   3716  1779       62.5094    86       64.6872       55.4375   862483   14.30%
   3719  1778       55.5979   146       64.6872       55.4618   862882   14.26%
   3788  1827       61.1269    87       64.6872       55.5640   874680   14.10%
   4103  1939       62.1544    48       64.6872       56.0653   908142   13.33%
   4132  1952       59.2651    33       64.6872       56.1530   912100   13.19%
   4359  2095       57.0509    26       64.6872       56.3051   932481   12.96%
   4371  2097       56.4932    80       64.6872       56.3209   934362   12.93%
*  4473+ 2061                           63.8040       56.4032            11.60%
   4635  2155       62.0268    81       63.8040       56.5287   964378   11.40%
*  4665  2046      integral     0       62.9007       56.5819   966904   10.05%
   4770  2073       57.9184    36       62.9007       56.6958   984071    9.86%
Elapsed time = 149.59 sec. (466511.67 ticks, tree = 3.84 MB, solutions = 17)
   4776  2072       61.2297    37       62.9007       56.7030   986001    9.85%
   4782  2074       61.6643    64       62.9007       56.7033   987654    9.85%
   4827  2108       58.9720    15       62.9007       56.7200   990086    9.83%
   4882  2120       59.7941    39       62.9007       56.7649  1002659    9.75%
   4904  2115       58.2041    45       62.9007       56.7886  1008782    9.72%
   5067  2198       60.9179    42       62.9007       56.8361  1028812    9.64%
   5074  2197       62.7485    74       62.9007       56.8392  1029944    9.64%
*  5145  2192      integral     0       62.7243       56.8573  1039995    9.35%
   5146  2193       58.3088    26       62.7243       56.8619  1041615    9.35%
   5216  2220       60.6256    37       62.7243       56.8773  1055825    9.32%
   5258  2235       61.0947    88       62.7243       56.9009  1065109    9.28%
Elapsed time = 162.21 sec. (509154.88 ticks, tree = 4.15 MB, solutions = 18)
   5362  2285       59.7035    50       62.7243       56.9272  1081040    9.24%
   5669  2421        cutoff             62.7243       57.0957  1114716    8.97%
   5678  2426       59.2933    39       62.7243       57.0983  1117168    8.97%
   5685  2421        cutoff             62.7243       57.1021  1119272    8.96%
   5944  2525       58.6983    47       62.7243       57.1657  1147243    8.86%
   6108  2574       62.1138    35       62.7243       57.2345  1164300    8.75%
   6234  2647       58.2350    81       62.7243       57.2558  1178662    8.72%
   6372  2731       59.5677    16       62.7243       57.2651  1196818    8.70%
   6569  2818       62.2691    42       62.7243       57.2868  1224271    8.67%
   6710  2887       57.8347    66       62.7243       57.3210  1243428    8.61%
Elapsed time = 175.91 sec. (551828.61 ticks, tree = 5.39 MB, solutions = 18)
   6776  2916       59.3646   100       62.7243       57.3359  1255397    8.59%
   6864  2945       58.6030    53       62.7243       57.3681  1268431    8.54%
   7103  2997        cutoff             62.7243       57.4563  1296241    8.40%
   7330  3099       57.5050    57       62.7243       57.5069  1315850    8.32%
   7596  3210        cutoff             62.7243       57.6198  1340107    8.14%
   7756  3272       59.7503    74       62.7243       57.6786  1356084    8.04%
   8015  3393        cutoff             62.7243       57.7487  1379182    7.93%
   8222  3488       58.3156    72       62.7243       57.7653  1395343    7.91%
*  8423  3441      integral     0       62.3813       57.8097  1414769    7.33%
   8559  3521       59.3855    74       62.3813       57.8375  1425350    7.28%
Elapsed time = 189.14 sec. (593051.15 ticks, tree = 6.61 MB, solutions = 19)
   8788  3621       57.9741    39       62.3813       57.8607  1450384    7.25%
   8948  3671       59.9751    66       62.3813       57.8898  1469295    7.20%
   9118  3764       60.0197   112       62.3813       57.9072  1486241    7.17%
   9353  3783        cutoff             62.3813       57.9794  1507895    7.06%
   9596  3845       58.8538    44       62.3813       58.0238  1526279    6.99%
   9847  3877       61.0755    52       62.3813       58.1079  1547003    6.85%
  10098  3934       61.2158    49       62.3813       58.1408  1570539    6.80%
  10270  3999       61.0795    21       62.3813       58.1741  1587140    6.74%
  10577  4106       58.7807    17       62.3813       58.2329  1608043    6.65%
  10713  4162       61.5245    74       62.3813       58.2433  1619968    6.63%
Elapsed time = 202.05 sec. (632535.64 ticks, tree = 8.00 MB, solutions = 19)
  10938  4228        cutoff             62.3813       58.2625  1638215    6.60%
  11216  4267       59.1506    75       62.3813       58.3096  1662184    6.53%
  11435  4286        cutoff             62.3813       58.3505  1682189    6.46%
  11562  4281       60.3768    57       62.3813       58.3840  1692620    6.41%
  11886  4305        cutoff             62.3813       58.4619  1720518    6.28%
  12090  4341       59.7893    62       62.3813       58.5105  1738486    6.21%
  12223  4372       58.5330    92       62.3813       58.5330  1748572    6.17%
  12556  4433        cutoff             62.3813       58.5901  1773216    6.08%
  12750  4531       60.9697    79       62.3813       58.5904  1789582    6.08%
  12900  4588        cutoff             62.3813       58.5980  1801331    6.06%
Elapsed time = 214.75 sec. (671279.78 ticks, tree = 8.86 MB, solutions = 19)
  13113  4576       59.5504    28       62.3813       58.6376  1819137    6.00%
  13351  4647       58.8011    59       62.3813       58.6614  1842183    5.96%
  13484  4667       59.8934    77       62.3813       58.6752  1858180    5.94%
  13708  4733        cutoff             62.3813       58.6929  1878824    5.91%
  13846  4717       59.6652   113       62.3813       58.7157  1894680    5.88%
  14120  4750       59.9423    41       62.3813       58.7653  1914161    5.80%
  14311  4745       59.6147    76       62.3813       58.8059  1929943    5.73%
  14533  4759       59.1053    68       62.3813       58.8299  1950400    5.69%
  14811  4846       60.6895    98       62.3813       58.8597  1969727    5.65%
  15161  4870       61.1163    56       62.3813       58.9096  1994174    5.57%
Elapsed time = 228.91 sec. (714560.45 ticks, tree = 9.41 MB, solutions = 19)
  15494  4887       61.0394    87       62.3813       58.9504  2018978    5.50%
  15689  4856       62.2515    32       62.3813       58.9829  2038280    5.45%
  15840  4841       61.1006    51       62.3813       59.0081  2052151    5.41%
  16121  4807        cutoff             62.3813       59.0675  2074363    5.31%
  16311  4771       61.4646    48       62.3813       59.1085  2088502    5.25%
  16540  4784       59.9577    55       62.3813       59.1409  2106987    5.19%
  16747  4779       61.7291    42       62.3813       59.1658  2128898    5.15%
  17052  4757       59.7906    49       62.3813       59.2040  2151624    5.09%
  17299  4774       62.2818    48       62.3813       59.2323  2169863    5.05%
  17401  4779        cutoff             62.3813       59.2486  2178002    5.02%
Elapsed time = 242.43 sec. (755725.40 ticks, tree = 9.33 MB, solutions = 19)
  17540  4773       60.4011    68       62.3813       59.2710  2196219    4.99%
  17901  4738       61.6862    48       62.3813       59.3284  2223254    4.89%
  18143  4739       61.4987    43       62.3813       59.3691  2243508    4.83%
  18252  4739        cutoff             62.3813       59.3855  2252553    4.80%
  18519  4687        cutoff             62.3813       59.4339  2275659    4.72%
  18692  4730        cutoff             62.3813       59.4443  2289408    4.71%
  18927  4721        cutoff             62.3813       59.4835  2307067    4.65%
  19161  4667       59.6479    43       62.3813       59.5277  2320156    4.57%
  19505  4737        cutoff             62.3813       59.5512  2339777    4.54%
  19768  4741        cutoff             62.3813       59.5927  2356986    4.47%
Elapsed time = 255.88 sec. (796618.55 ticks, tree = 9.31 MB, solutions = 19)
  19914  4724        cutoff             62.3813       59.6192  2368980    4.43%
  20165  4725       62.0512    42       62.3813       59.6488  2388164    4.38%
  20408  4694       61.0156    62       62.3813       59.6792  2406868    4.33%
  20624  4658       61.3358    29       62.3813       59.7127  2420632    4.28%
  20872  4643        cutoff             62.3813       59.7436  2436171    4.23%
  21006  4605        cutoff             62.3813       59.7624  2444892    4.20%
  21308  4548        cutoff             62.3813       59.8040  2465860    4.13%
  21546  4478        cutoff             62.3813       59.8455  2482605    4.07%
  21759  4428       59.9397    59       62.3813       59.8872  2501009    4.00%
  21979  4359       60.7077    62       62.3813       59.9302  2516510    3.93%
Elapsed time = 268.54 sec. (834933.77 ticks, tree = 8.65 MB, solutions = 19)
  22257  4313        cutoff             62.3813       59.9756  2530921    3.86%
  22452  4308       61.1806    65       62.3813       60.0014  2541614    3.82%
  22789  4226        cutoff             62.3813       60.0544  2562122    3.73%
  23024  4120       60.7092    49       62.3813       60.1187  2579133    3.63%
  23261  4067        cutoff             62.3813       60.1453  2597546    3.58%
  23475  4015       61.4622    53       62.3813       60.1704  2613266    3.54%
  23775  3974       61.5582    51       62.3813       60.2174  2632918    3.47%
  24196  3916       60.7233    27       62.3813       60.2671  2652572    3.39%
  24528  3813        cutoff             62.3813       60.3243  2670916    3.30%
  24781  3746        cutoff             62.3813       60.3662  2683474    3.23%
Elapsed time = 282.56 sec. (877590.53 ticks, tree = 7.57 MB, solutions = 19)
  25239  3624        cutoff             62.3813       60.4467  2706679    3.10%
  25491  3558    infeasible             62.3813       60.4948  2721344    3.02%
  25745  3475        cutoff             62.3813       60.5478  2732600    2.94%
  26067  3363        cutoff             62.3813       60.6116  2750653    2.84%
  26399  3205        cutoff             62.3813       60.6893  2767260    2.71%
  26692  3073        cutoff             62.3813       60.7529  2779575    2.61%
  27060  2936        cutoff             62.3813       60.8432  2795304    2.47%
  27371  2763        cutoff             62.3813       60.9253  2804961    2.33%
  27766  2574        cutoff             62.3813       61.0256  2823215    2.17%
  28306  2307       61.1715    18       62.3813       61.1715  2840948    1.94%
Elapsed time = 296.69 sec. (920015.19 ticks, tree = 4.86 MB, solutions = 19)
  28897  1982        cutoff             62.3813       61.3391  2860815    1.67%
  29072  1850        cutoff             62.3813       61.3937  2865304    1.58%
  29817  1383       61.6778    36       62.3813       61.6104  2884363    1.24%
  30274  1080        cutoff             62.3813       61.7560  2896024    1.00%
  30814   688        cutoff             62.3813       61.9752  2905944    0.65%
  31216   364        cutoff             62.3813       62.1574  2913561    0.36%

GUB cover cuts applied:  10
Clique cuts applied:  2
Cover cuts applied:  180
Implied bound cuts applied:  4
Mixed integer rounding cuts applied:  8
Zero-half cuts applied:  12
Lift and project cuts applied:  19
Gomory fractional cuts applied:  1

Root node processing (before b&c):
  Real time             =    2.89 sec. (6502.88 ticks)
Sequential b&c:
  Real time             =  303.17 sec. (940686.00 ticks)
                          ------------
Total (root+branch&cut) =  306.06 sec. (947188.88 ticks)
Feasible solution found!
Truck nodes:
Stage 1 at customer 0 with arrival time is: 
Stage 2 at customer 9 with arrival time is: 
Stage 3 at customer 4 with arrival time is: 
Stage 4 at customer 8 with arrival time is: 
Stage 5 at customer 6 with arrival time is: 
Stage 6 at customer 5 with arrival time is: 
Stage 7 at customer 7 with arrival time is: 
Stage 8 at customer 5 with arrival time is: 
Stage 9 at customer 1 with arrival time is: 
Stage 10 at customer 10 with arrival time is: 
Stage 11 at customer 11 with arrival time is: 
Truck arcs:
Arc 1 connecting 0 and 9 with cost 7.71706 
Arc 2 connecting 9 and 4 with cost 9.26756 
Arc 3 connecting 4 and 8 with cost 1.94864 
Arc 4 connecting 8 and 6 with cost 5.60229 
Arc 5 connecting 6 and 5 with cost 0.955922 
Arc 6 connecting 5 and 7 with cost 0.777831 
Arc 7 connecting 7 and 5 with cost 0.777831 
Arc 8 connecting 5 and 1 with cost 7.22991 
Arc 9 connecting 1 and 10 with cost 12.0132 
Arc 10 connecting 10 and 11 with cost 12.8383 
Customer 2 served by drone.
Drone fly from 0 at stage 1 to serve 2 and then fly back to 4 at stage 3. 
Truck arcs during this sortie: 0--->9--->4
Truck travel time from stage 1 to 3 is: 16.9846
Total drone travel time: 13.749
Customer 3 served by drone.
Drone fly from 4 at stage 3 to serve 3 and then fly back to 1 at stage 9. 
Truck arcs during this sortie: 4--->8--->6--->5--->7--->5--->1
Truck travel time from stage 3 to 9 is: 17.2924
Total drone travel time: 17.5451
Customer 2 served, start stage = 1, end stage = 3
Wait time for this sortie: 0
Customer 3 served, start stage = 3, end stage = 9
Wait time for this sortie: 0.252705
Printing Y(k,i,h):
Y[1][0][2] == 1
Y[3][4][3] == 1
Done!
-------------------------Re-calculated objective-----------------------
62.3813
------------------------------------------------------------------------
Solve time: 306.062
Node 5 was revisited 1 times!
OBJECTIVE VALUE: 62.3813, NUMBER OF SORTIES: 0.
Number of loop(s):0
Number of revisit: 1
In write mode
