Instance name: /home/orlab/CLionProjects/RV-FSTSP/Murray_instances/FSTSP/FSTSP_10_customer_problems/20140810T123440v1
Write arg val: 1
Input is specified as type M: Murray instance.-.-.-.-.-.-.-.-.-.-.-.-.-.-.-.-.-.-.-.-

drone speed: 0.2 miles/minute
uav non-eligible customer: 4 5 
Printing tau:
0 1.83841 6.19937 11.3367 8.63802 7.16529 3.81739 8.77996 4.16976 6.36627 5.10809 0 
1.83841 0 7.41815 13.1751 7.41924 8.38408 3.41898 9.99874 2.95098 5.14749 6.9465 1.83841 
6.19937 7.41815 0 14.3533 14.8374 5.76971 3.99917 6.42059 10.3691 12.5656 10.5246 6.19937 
11.3367 13.1751 14.3533 0 6.71587 15.3192 15.1541 16.9338 12.258 15.4145 6.22861 11.3367 
8.63802 7.41924 14.8374 6.71587 0 15.8033 10.8382 17.418 5.54215 8.69866 4.31275 8.63802 
7.16529 8.38408 5.76971 15.3192 15.8033 0 7.0349 1.61466 11.3351 13.5316 11.4906 7.16529 
3.81739 3.41898 3.99917 15.1541 10.8382 7.0349 0 7.68579 6.36995 8.56647 8.92548 3.81739 
8.77996 9.99874 6.42059 16.9338 17.418 1.61466 7.68579 0 12.9497 15.1462 13.1052 8.77996 
4.16976 2.95098 10.3691 12.258 5.54215 11.3351 6.36995 12.9497 0 3.15652 6.0294 4.16976 
6.36627 5.14749 12.5656 15.4145 8.69866 13.5316 8.56647 15.1462 3.15652 0 9.18592 6.36627 
5.10809 6.9465 10.5246 6.22861 4.31275 11.4906 8.92548 13.1052 6.0294 9.18592 0 5.10809 
0 0 0 0 0 0 0 0 0 0 0 0 
Printing tau_prime:
0 2.59946 7.90094 16.4573 11.5451 9.25667 5.19259 11.3071 5.03263 8.9099 7.88816 0 
2.59946 0 8.78275 17.5467 11.593 11.5383 4.65561 13.5679 3.64183 6.6156 8.96786 2.59946 
7.90094 8.78275 0 23.5383 19.4222 6.89429 4.9433 8.15504 12.3704 14.9175 15.3409 7.90094 
16.4573 17.5467 23.5383 0 7.93526 20.4328 21.6299 21.8114 15.1901 18.2879 8.61635 16.4573 
11.5451 11.593 19.4222 7.93526 0 18.6977 16.1877 20.5464 8.38988 10.5953 5.11496 11.5451 
9.25667 11.5383 6.89429 20.4328 18.6977 0 10.1477 2.05169 14.2211 18.1171 13.7238 9.25667 
5.19259 4.65561 4.9433 21.6299 16.1877 10.1477 0 11.9236 8.24651 10.1003 13.0302 5.19259 
11.3071 13.5679 8.15504 21.8114 20.5464 2.05169 11.9236 0 16.2718 20.1574 15.5136 11.3071 
5.03263 3.64183 12.3704 15.1901 8.38988 14.2211 8.24651 16.2718 0 4.53203 7.10808 5.03263 
8.9099 6.6156 14.9175 18.2879 10.5953 18.1171 10.1003 20.1574 4.53203 0 11.0897 8.9099 
7.88816 8.96786 15.3409 8.61635 5.11496 13.7238 13.0302 15.5136 7.10808 11.0897 0 7.88816 
0 0 0 0 0 0 0 0 0 0 0 0 
---------------------------------------------------------------
Current config:
- Number of threads = 1
- Drone endurance = 20
- SL = 1
- SR = 1
- L = 1
- Allow loop = 0
- Allow revisit = 1
- Allow multi-visit drone = 0
- Use TSP optimal solution as warmstart: = 0
- Use cutting plane method: = 0
- Use CPLEX conflict refiner: = 0
---------------------------------------------------------------
---------------------------------------------
Calculate max stage gap for sortie.... 
Stage gap calculation consumes too much memory. No constraint was added.
---------------------------------------------
Warning:  Output names have been modified due to duplicate names or characters invalid in LP format.
Version identifier: 22.1.1.0 | 2022-11-28 | 9160aff4d
CPXPARAM_Threads                                 1
CPXPARAM_TimeLimit                               3600
CPXPARAM_WorkMem                                 24576
Tried aggregator 3 times.
MIP Presolve eliminated 4977 rows and 2148 columns.
MIP Presolve modified 4174 coefficients.
Aggregator did 39 substitutions.
Reduced MIP has 1249 rows, 2981 columns, and 76330 nonzeros.
Reduced MIP has 2915 binaries, 0 generals, 0 SOSs, and 0 indicators.
Presolve time = 0.10 sec. (185.82 ticks)
Found incumbent of value 124.543834 after 0.13 sec. (235.13 ticks)
Probing fixed 2 vars, tightened 0 bounds.
Probing time = 0.01 sec. (44.44 ticks)
Tried aggregator 2 times.
Detecting symmetries...
MIP Presolve eliminated 9 rows and 2 columns.
Aggregator did 9 substitutions.
Reduced MIP has 1231 rows, 2970 columns, and 76039 nonzeros.
Reduced MIP has 2904 binaries, 0 generals, 0 SOSs, and 0 indicators.
Presolve time = 0.04 sec. (52.00 ticks)
Probing time = 0.00 sec. (7.29 ticks)
Clique table members: 36510.
MIP emphasis: balance optimality and feasibility.
MIP search method: dynamic search.
Parallel mode: none, using 1 thread.
Root relaxation solution time = 0.14 sec. (392.02 ticks)

        Nodes                                         Cuts/
   Node  Left     Objective  IInf  Best Integer    Best Bound    ItCnt     Gap

*     0+    0                          124.5438      -11.0000           108.83%
      0     0       27.3479   225      124.5438       27.3479     3662   78.04%
      0     0       28.9795   237      124.5438      Cuts: 28     5451   76.73%
      0     0       32.4787   310      124.5438      Cuts: 28     7757   73.92%
      0     0       33.2391   269      124.5438      Cuts: 13     8621   73.31%
*     0+    0                          107.8999       33.2391            69.19%
*     0+    0                           95.1573       33.2391            65.07%
*     0+    0                           86.5179       33.2391            61.58%
*     0+    0                           73.5044       33.2391            54.78%
*     0+    0                           71.6981       33.2391            53.64%
      0     0  -1.00000e+75     0       71.6981       33.2391     8621   53.64%
      0     0       34.5983   286       71.6981      Cuts: 16    10173   51.74%
      0     0       34.9942   245       71.6981      Cuts: 15    11655   51.19%
Detecting symmetries...
      0     0       35.1388   275       71.6981      Cuts: 20    12994   50.99%
      0     0       35.2202   311       71.6981      Cuts: 15    14894   50.88%
      0     0       35.7696   239       71.6981      Cuts: 11    15963   50.11%
      0     0       36.4200   203       71.6981       Cuts: 9    16489   49.20%
      0     0       36.5735   217       71.6981      Cuts: 31    17291   48.99%
      0     0       37.0739   214       71.6981      Cuts: 12    18646   48.29%
      0     0       37.1765   227       71.6981      Cuts: 16    18974   48.15%
      0     0       37.1777   253       71.6981      Cuts: 13    19489   48.15%
      0     0       37.2374   243       71.6981       Cuts: 3    19929   48.06%
      0     0       37.3161   253       71.6981       Cuts: 8    21423   47.95%
      0     0       37.5738   255       71.6981      Cuts: 10    22568   47.59%
      0     0       38.0363   274       71.6981       Cuts: 8    23749   46.95%
      0     0       38.1739   259       71.6981      Cuts: 10    25149   46.76%
      0     0       38.2656   294       71.6981      Cuts: 10    26168   46.63%
      0     0       38.3296   259       71.6981       Cuts: 5    26446   46.54%
      0     0       38.5738   236       71.6981   ZeroHalf: 4    28112   46.20%
      0     0       38.8001   287       71.6981       Cuts: 6    29596   45.88%
      0     0       38.8013   264       71.6981       Cuts: 2    29701   45.88%
      0     0       38.8013   276       71.6981       Cuts: 6    29815   45.88%
Detecting symmetries...
      0     2       38.8013   265       71.6981       38.8013    29827   45.88%
Elapsed time = 3.50 sec. (7972.62 ticks, tree = 0.01 MB, solutions = 6)
      2     4       41.0990   211       71.6981       38.8094    32357   45.87%
      4     6       40.1847   159       71.6981       39.2641    35487   45.24%
      7     9       40.5008   163       71.6981       39.2651    40040   45.24%
     10    12       40.9482   130       71.6981       39.2651    42796   45.24%
     13    15       42.0231   128       71.6981       39.2651    45308   45.24%
     15    17       42.4732    88       71.6981       39.2651    48828   45.24%
     19    21       45.8395   102       71.6981       39.2651    50967   45.24%
     34    34    infeasible             71.6981       39.2651    53032   45.24%
     40    34       44.4566   166       71.6981       39.7599    55374   44.55%
     53    47       45.7499   134       71.6981       39.7599    65960   44.55%
Elapsed time = 4.86 sec. (11667.29 ticks, tree = 0.12 MB, solutions = 6)
     87    71       42.8379   140       71.6981       40.1957    77712   43.94%
*   100+   82                           69.8573       40.1957            42.46%
    145   125       43.6707    54       69.8573       40.2801    90355   42.34%
    180   154       40.6238   192       69.8573       40.3003    95823   42.31%
*   199   167      integral     0       67.3172       40.3003   102951   40.13%
    220   170       42.5816   152       67.3172       40.5040   107329   39.83%
*   231   155      integral     0       63.1817       40.5040   115137   35.89%
    252   171       55.7720    22       63.1817       40.5250   122289   35.86%
    294   199       43.8133    81       63.1817       40.5684   130891   35.79%
*   350+  231                           62.4820       40.6539            34.93%
    357   233       40.8845   215       62.4820       40.6548   143423   34.93%
    395   267       44.6869    99       62.4820       40.8684   152705   34.59%
    453   310       45.4848   103       62.4820       40.8979   163337   34.54%
Elapsed time = 8.54 sec. (21958.15 ticks, tree = 0.56 MB, solutions = 10)

Performing restart 1

Repeating presolve.
Tried aggregator 2 times.
MIP Presolve eliminated 6 rows and 104 columns.
MIP Presolve modified 1362 coefficients.
Aggregator did 1 substitutions.
Reduced MIP has 1214 rows, 2865 columns, and 74091 nonzeros.
Reduced MIP has 2799 binaries, 0 generals, 0 SOSs, and 0 indicators.
Presolve time = 0.06 sec. (112.77 ticks)
Tried aggregator 1 time.
MIP Presolve eliminated 0 rows and 21 columns.
MIP Presolve modified 385 coefficients.
Reduced MIP has 1210 rows, 2844 columns, and 73833 nonzeros.
Reduced MIP has 2778 binaries, 0 generals, 0 SOSs, and 0 indicators.
Presolve time = 0.05 sec. (87.87 ticks)
Represolve time = 0.24 sec. (526.09 ticks)
    480     0       37.9686   314       62.4820      Cuts: 22   174464   34.54%
    480     0       38.2359   344       62.4820      Cuts: 24   176171   34.54%
    480     0       38.3467   332       62.4820      Cuts: 12   177327   34.54%
    480     0       38.3920   336       62.4820      Cuts: 16   178636   34.54%
    480     0       38.4383   310       62.4820      Cuts: 17   179485   34.54%
    480     0       38.5083   324       62.4820      Cuts: 16   181256   34.54%
    480     2       38.5083   309       62.4820       40.8979   181625   34.54%
    481     3       38.6034   348       62.4820       40.8979   183822   34.54%
    482     4       43.4343   109       62.4820       40.8979   186215   34.54%
    483     5       38.7096   323       62.4820       40.8979   187749   34.54%
    484     6       38.7623   321       62.4820       40.8979   189934   34.54%
    486     8       38.7811   291       62.4820       40.8979   194878   34.54%
    488    10       38.7971   282       62.4820       40.8979   201184   34.54%
    489    11       38.8280   288       62.4820       40.8979   201829   34.54%
    490    12       43.6311    77       62.4820       40.8979   209592   34.54%
    491    12       38.8340   310       62.4820       40.8979   209768   34.54%
Elapsed time = 21.00 sec. (55440.23 ticks, tree = 0.02 MB, solutions = 10)
    493    13       38.8606   275       62.4820       40.8979   210592   34.54%
    495    15       38.9607   315       62.4820       40.8979   211814   34.54%
    496    16       45.3106    93       62.4820       40.8979   214525   34.54%
    497    17       39.0677   301       62.4820       40.8979   214747   34.54%
    499    19       39.0980   313       62.4820       40.8979   218434   34.54%
    500    20       41.4132   126       62.4820       40.8979   220509   34.54%
    502    22       39.4856   266       62.4820       40.8979   222911   34.54%
    504    24       39.5618   201       62.4820       40.8979   223933   34.54%
    506    26       39.6376   207       62.4820       40.8979   226170   34.54%
    508    28       39.9275   191       62.4820       40.8979   227196   34.54%
Elapsed time = 26.63 sec. (70545.20 ticks, tree = 0.06 MB, solutions = 10)
    510    30       40.0464   223       62.4820       40.8979   229386   34.54%
    512    32       40.1629   219       62.4820       40.8979   231516   34.54%
    514    34       45.0055    78       62.4820       40.8979   234038   34.54%
    517    37       41.0847   227       62.4820       40.8979   237328   34.54%
    520    39       42.6480    84       62.4820       40.8979   239756   34.54%
    549    59       43.9013   139       62.4820       40.8979   243829   34.54%
    556    66       45.0859   121       62.4820       40.8979   249237   34.54%
    568    74       52.1148    35       62.4820       40.8979   253990   34.54%
    599    84       45.1138    77       62.4820       40.8979   258139   34.54%
    625   100       45.3478   120       62.4820       40.8979   263793   34.54%
Elapsed time = 30.93 sec. (81958.84 ticks, tree = 0.20 MB, solutions = 10)
    637   111       48.4218    61       62.4820       40.8979   269922   34.54%
    653   126       53.2461    59       62.4820       40.8979   277290   34.54%
    685   146       46.2048   110       62.4820       40.8979   282881   34.54%
    725   177       60.5922    25       62.4820       40.8979   289243   34.54%
    735   180       42.3279    92       62.4820       40.8979   293990   34.54%
    740   185       43.5240    67       62.4820       40.8979   297563   34.54%
    746   191       44.8005    93       62.4820       40.8979   301934   34.54%
    753   198       46.0557   108       62.4820       40.8979   306811   34.54%
    764   209       47.2295    97       62.4820       40.8979   312406   34.54%
    789   227       50.0112    60       62.4820       40.8979   318435   34.54%
Elapsed time = 34.79 sec. (92218.71 ticks, tree = 0.40 MB, solutions = 10)
    809   241       44.7567    48       62.4820       40.8979   324120   34.54%
    856   281       45.1934    70       62.4820       40.8979   326249   34.54%
    899   309       46.1058    44       62.4820       40.8979   330169   34.54%
    946   334       43.5174    93       62.4820       40.8979   336589   34.54%
    959   347       45.3555    82       62.4820       40.8979   343442   34.54%
    975   362       48.9184    89       62.4820       40.8979   350559   34.54%
   1002   382       55.8574   104       62.4820       40.8979   359268   34.54%
   1040   398       43.9870   122       62.4820       40.8979   366279   34.54%

Performing restart 2

Repeating presolve.
Tried aggregator 1 time.
MIP Presolve eliminated 0 rows and 17 columns.
MIP Presolve modified 201 coefficients.
Reduced MIP has 1208 rows, 2827 columns, and 74149 nonzeros.
Reduced MIP has 2761 binaries, 0 generals, 0 SOSs, and 0 indicators.
Presolve time = 0.04 sec. (61.88 ticks)
Tried aggregator 1 time.
MIP Presolve modified 24 coefficients.
Reduced MIP has 1206 rows, 2827 columns, and 74127 nonzeros.
Reduced MIP has 2761 binaries, 0 generals, 0 SOSs, and 0 indicators.
Presolve time = 0.04 sec. (62.29 ticks)
Represolve time = 0.17 sec. (300.82 ticks)
   1056     0       39.1224   243       62.4820      Cuts: 24   376229   34.54%
   1056     0       39.2663   277       62.4820      Cuts: 21   376487   34.54%
   1056     0       39.2663   301       62.4820      Cuts: 12   376682   34.54%
   1056     0       39.2850   267       62.4820       Cuts: 3   376965   34.54%
   1056     0       39.2850   285       62.4820      Cuts: 22   377205   34.54%
   1056     0       39.3229   261       62.4820      Cuts: 11   377414   34.54%
   1056     0       39.3282   295       62.4820      Cuts: 30   378629   34.54%
   1056     0       39.3339   272       62.4820      Cuts: 12   378791   34.54%
   1056     0       39.3341   298       62.4820      Cuts: 26   379427   34.54%
*  1056+    0                           60.5911       40.8979            32.50%
   1056     0  -1.00000e+75     0       60.5911       40.8979   379427   32.50%
   1056     2       39.3341   276       60.5911       40.8979   379427   32.50%
   1068    12       41.9326   132       60.5911       40.8979   388256   32.50%
Elapsed time = 60.13 sec. (175988.29 ticks, tree = 0.07 MB, solutions = 11)
   1141    39       40.6440   203       60.5911       40.8979   397618   32.50%
   1164    62       48.6327   127       60.5911       40.8979   406985   32.50%
   1185    83       51.7065    77       60.5911       40.8979   417308   32.50%
   1236   126       47.3939   108       60.5911       40.8979   427793   32.50%
   1263   149       43.7381   210       60.5911       40.8979   438690   32.50%
   1301   184       44.6305    94       60.5911       40.8979   449367   32.50%
   1342   204       44.5452   170       60.5911       40.8979   456078   32.50%
   1371   233       56.9315    26       60.5911       40.8979   461541   32.50%
   1373   233        cutoff             60.5911       40.8979   461727   32.50%
   1375   235       56.9844    51       60.5911       40.8979   461879   32.50%
Elapsed time = 63.93 sec. (187556.22 ticks, tree = 0.54 MB, solutions = 11)
   1377   237       58.1772    64       60.5911       40.8979   462241   32.50%
   1379   239       58.7473    83       60.5911       40.8979   462397   32.50%
   1385   239       41.9702   130       60.5911       40.8979   463296   32.50%
   1402   256       51.8200   125       60.5911       40.8979   473969   32.50%
   1414   264       48.3009   121       60.5911       40.8979   478041   32.50%
   1467   308       51.8418    79       60.5911       40.8979   488571   32.50%
   1506   338       41.6135   240       60.5911       40.9399   499742   32.43%
   1512   344       43.3372   149       60.5911       40.9399   503954   32.43%
   1527   357       49.7119    93       60.5911       40.9399   513473   32.43%
   1585   405       41.8270   148       60.5911       41.2206   525754   31.97%
Elapsed time = 68.78 sec. (202694.65 ticks, tree = 0.82 MB, solutions = 11)
   1621   435       42.6603   148       60.5911       41.3372   537563   31.78%
   1658   468       46.4662   141       60.5911       41.3372   548271   31.78%
   1734   520        cutoff             60.5911       41.5572   557377   31.41%
   1788   565       44.2522    94       60.5911       41.7197   567365   31.15%
   1812   585       42.5366   126       60.5911       41.7223   577564   31.14%
   1883   641       42.1943   135       60.5911       41.7952   588697   31.02%
   1935   677       44.4274   209       60.5911       41.9527   598565   30.76%
   1936   678       45.5802   201       60.5911       41.9527   599597   30.76%
   1964   706       52.3565    27       60.5911       41.9527   610342   30.76%
*  2016+  689                           58.5908       41.9824            28.35%
*  2036+  615                           55.3343       41.9824            24.13%
   2188   717       49.3418    99       55.3343       42.2546   649553   23.64%
Elapsed time = 74.09 sec. (218019.54 ticks, tree = 1.30 MB, solutions = 13)
   2284   767       50.1089    71       55.3343       42.3170   665163   23.52%
   2366   817       52.5080    84       55.3343       42.3830   685413   23.41%
*  2409   840      integral     0       55.2191       42.3962   694838   23.22%
   2570   937       50.4821   116       55.2191       42.6038   730182   22.85%
   2585   950       51.9214    50       55.2191       42.6038   733846   22.85%
   2680  1002        cutoff             55.2191       42.6844   752073   22.70%
   2756  1052       42.9403    63       55.2191       42.8709   767995   22.36%
   2804  1087       44.1991   136       55.2191       42.9069   777862   22.30%
   2969  1209       47.0152   109       55.2191       43.0055   821532   22.12%
   3108  1289       46.4267   162       55.2191       43.1109   842624   21.93%
   3380  1502       50.1538    88       55.2191       43.3038   889379   21.58%
Elapsed time = 88.56 sec. (261319.50 ticks, tree = 2.57 MB, solutions = 14)
   3595  1646       46.7488   106       55.2191       43.3912   914927   21.42%
   3667  1702       48.9378    32       55.2191       43.4794   925357   21.26%
   3736  1758       49.2766    58       55.2191       43.4986   939871   21.23%
   3941  1890       43.9540    99       55.2191       43.6260   966911   20.99%
   4209  2074        cutoff             55.2191       43.7486  1009747   20.77%
   4290  2128       54.1965    26       55.2191       43.7649  1023539   20.74%
*  4306  2023      integral     0       54.3705       43.7649  1024857   19.51%
   4570  2219        cutoff             54.3705       43.8176  1061620   19.41%
   4576  2219       45.8304    67       54.3705       43.8192  1062907   19.41%
*  4706+ 2291                           54.2604       43.8384            19.21%
   4710  2293       50.8461    47       54.2604       43.8422  1081893   19.20%
   4952  2410       46.3021    54       54.2604       43.9196  1111898   19.06%
Elapsed time = 105.22 sec. (311913.15 ticks, tree = 4.09 MB, solutions = 16)
   5191  2533       52.0869    78       54.2604       43.9904  1141271   18.93%
*  5266  2448      integral     0       53.7472       44.0470  1153152   18.05%
*  5299  2416      integral     0       53.4514       44.0813  1156005   17.53%
   5435  2488       46.9445   118       53.4514       44.1569  1174537   17.39%
   5658  2605       53.3195    72       53.4514       44.2739  1201036   17.17%
   5785  2671       45.1764    90       53.4514       44.3771  1218569   16.98%
*  5996  2767      integral     0       53.2700       44.4474  1234599   16.56%
*  6056+ 2673                           52.7250       44.4699            15.66%
   6108  2698       47.4780    54       52.7250       44.4888  1250181   15.62%
   6306  2766       49.7444    46       52.7250       44.5790  1283369   15.45%
   6578  2899       51.3446    53       52.7250       44.6792  1316207   15.26%
   6814  3013       47.7479   102       52.7250       44.7793  1349754   15.07%
   7092  3134       49.0454   117       52.7250       44.9364  1386337   14.77%
Elapsed time = 122.41 sec. (361935.06 ticks, tree = 5.24 MB, solutions = 20)
   7397  3268       51.4526    78       52.7250       45.0898  1421516   14.48%
   7601  3361        cutoff             52.7250       45.1846  1442315   14.30%
   7805  3462       48.7305    45       52.7250       45.2601  1466339   14.16%
   7910  3483       52.3328    22       52.7250       45.3251  1479943   14.03%
   8203  3597       50.1835    60       52.7250       45.4356  1513005   13.83%
   8484  3701       51.3855    46       52.7250       45.5303  1548888   13.65%
   8790  3792       52.6686     8       52.7250       45.6303  1584144   13.46%
*  8793  3757      integral     0       52.6686       45.6303  1584225   13.36%
   8944  3811        cutoff             52.6686       45.6718  1602005   13.28%
   9136  3888       47.0392    33       52.6686       45.7199  1625197   13.19%
   9271  3940       50.2449    57       52.6686       45.7505  1641475   13.14%
Elapsed time = 138.12 sec. (407820.32 ticks, tree = 6.59 MB, solutions = 21)
   9568  3978       47.4760    49       52.6686       45.8711  1676296   12.91%
   9720  3983        cutoff             52.6686       45.9314  1692402   12.79%
   9901  4030        cutoff             52.6686       46.0087  1716793   12.64%
   9945  4040       48.9104    91       52.6686       46.0202  1724829   12.62%
  10305  4134       49.0837   131       52.6686       46.1367  1757082   12.40%
  10570  4217       49.6935    80       52.6686       46.2465  1784997   12.19%
  10883  4289       50.0461    97       52.6686       46.3546  1818137   11.99%
* 11035  4050      integral     0       52.1644       46.4015  1837295   11.05%
  11181  4109       48.1686    69       52.1644       46.4169  1855788   11.02%
  11513  4186       51.4533    86       52.1644       46.5039  1890672   10.85%
  11745  4213        cutoff             52.1644       46.5786  1912873   10.71%
Elapsed time = 154.99 sec. (455943.01 ticks, tree = 7.23 MB, solutions = 22)
  11879  4234       50.0504   109       52.1644       46.6201  1929828   10.63%
  12176  4279       47.4633   119       52.1644       46.7012  1964374   10.47%
  12367  4296       48.0426   120       52.1644       46.7809  1984206   10.32%
  12721  4340       47.8877    76       52.1644       46.8726  2023135   10.14%
  12790  4350       47.0496    76       52.1644       46.8923  2029474   10.11%
  13200  4295       51.0734    42       52.1644       47.0545  2065432    9.80%
  13234  4292       48.2416    55       52.1644       47.0632  2069420    9.78%
  13590  4270        cutoff             52.1644       47.2116  2099667    9.49%
  13839  4259        cutoff             52.1644       47.3140  2122382    9.30%
  14062  4224        cutoff             52.1644       47.4005  2144937    9.13%
Elapsed time = 171.13 sec. (501709.80 ticks, tree = 7.33 MB, solutions = 22)
  14238  4191        cutoff             52.1644       47.4787  2161831    8.98%
  14428  4179       48.6228    70       52.1644       47.5309  2176498    8.88%
  14786  4134       51.1570    87       52.1644       47.6451  2203914    8.66%
  15154  4122        cutoff             52.1644       47.7749  2240657    8.41%
  15201  4111       51.8309    37       52.1644       47.7929  2246125    8.38%
  15577  3998       51.7836    57       52.1644       47.9225  2276151    8.13%
  15646  3978       51.4384    56       52.1644       47.9460  2281285    8.09%
  16042  3895        cutoff             52.1644       48.0794  2312552    7.83%
  16306  3858       50.8916   170       52.1644       48.1734  2334392    7.65%
  16501  3804        cutoff             52.1644       48.2669  2347463    7.47%
Elapsed time = 186.02 sec. (543233.31 ticks, tree = 6.72 MB, solutions = 22)
  16750  3740        cutoff             52.1644       48.3784  2365990    7.26%
  16826  3724       50.5547    48       52.1644       48.4131  2371294    7.19%
  17166  3642        cutoff             52.1644       48.5525  2399614    6.92%
  17324  3612       50.6279    63       52.1644       48.6143  2410865    6.81%
  17707  3476       50.0282    36       52.1644       48.8013  2440134    6.45%
  18128  3335        cutoff             52.1644       48.9907  2470754    6.08%
  18341  3316       49.6204    46       52.1644       49.0674  2491690    5.94%
  18934  3331       49.7755    42       52.1644       49.2355  2525774    5.61%
  19142  3296       49.8191   103       52.1644       49.3163  2537809    5.46%
  19413  3193       52.0913    53       52.1644       49.4203  2555061    5.26%
Elapsed time = 202.08 sec. (587458.67 ticks, tree = 5.82 MB, solutions = 22)
* 19441     0      integral     0       49.4304       49.4304  2555778    0.00%

GUB cover cuts applied:  11
Clique cuts applied:  1
Cover cuts applied:  16
Implied bound cuts applied:  18
Mixed integer rounding cuts applied:  4
Zero-half cuts applied:  42
Lift and project cuts applied:  7
Gomory fractional cuts applied:  2

Root node processing (before b&c):
  Real time             =    3.46 sec. (7778.22 ticks)
Sequential b&c:
  Real time             =  198.68 sec. (579931.98 ticks)
                          ------------
Total (root+branch&cut) =  202.14 sec. (587710.20 ticks)
Feasible solution found!
Truck nodes:
Stage 1 at customer 0 with arrival time is: 
Stage 2 at customer 5 with arrival time is: 
Stage 3 at customer 7 with arrival time is: 
Stage 4 at customer 6 with arrival time is: 
Stage 5 at customer 1 with arrival time is: 
Stage 6 at customer 8 with arrival time is: 
Stage 7 at customer 4 with arrival time is: 
Stage 8 at customer 3 with arrival time is: 
Stage 9 at customer 10 with arrival time is: 
Stage 10 at customer 11 with arrival time is: 
Truck arcs:
Arc 1 connecting 0 and 5 with cost 7.16529 
Arc 2 connecting 5 and 7 with cost 1.61466 
Arc 3 connecting 7 and 6 with cost 7.68579 
Arc 4 connecting 6 and 1 with cost 3.41898 
Arc 5 connecting 1 and 8 with cost 2.95098 
Arc 6 connecting 8 and 4 with cost 5.54215 
Arc 7 connecting 4 and 3 with cost 6.71587 
Arc 8 connecting 3 and 10 with cost 6.22861 
Arc 9 connecting 10 and 11 with cost 5.10809 
Customer 2 served by drone.
Drone fly from 0 at stage 1 to serve 2 and then fly back to 6 at stage 4. 
Truck arcs during this sortie: 0--->5--->7--->6
Truck travel time from stage 1 to 4 is: 16.4657
Total drone travel time: 12.8442
Customer 9 served by drone.
Drone fly from 8 at stage 6 to serve 9 and then fly back to 10 at stage 9. 
Truck arcs during this sortie: 8--->4--->3--->10
Truck travel time from stage 6 to 9 is: 18.4866
Total drone travel time: 15.6217
Customer 2 served, start stage = 1, end stage = 4
Wait time for this sortie: 0
Customer 9 served, start stage = 6, end stage = 9
Wait time for this sortie: 0
Printing Y(k,i,h):
Y[1][0][2] == 1
Y[6][8][9] == 1
Done!
-------------------------Re-calculated objective-----------------------
49.4304
------------------------------------------------------------------------
Solve time: 202.141
OBJECTIVE VALUE: 49.4304, NUMBER OF SORTIES: 0.
Number of loop(s):0
Number of revisit: 0
In write mode
