Instance name: /home/cuong/CLionProjects/uMV-FSTSP/50_dis_rand_ins/v42
Write arg val: 1

drone speed: 1 miles/minute
uav non-eligible customer: 2 7 11 
Printing tau:
0 9.36157 57.4736 47.8685 41.7236 40.9857 41.8615 52.8499 32.3598 91.6724 90.2906 0 
9.36157 0 66.8352 46.1438 51.0852 50.3473 51.2231 62.2115 41.2072 101.034 99.6522 9.36157 
57.4736 66.8352 0 20.6913 23.819 46.4181 59.0571 76.903 89.4155 44.7486 34.9824 57.4736 
47.8685 46.1438 20.6913 0 14.6318 37.2309 49.8699 67.7158 80.2283 54.8902 53.5084 47.8685 
41.7236 51.0852 23.819 14.6318 0 22.5991 35.2381 53.0841 65.5966 49.9488 48.567 41.7236 
40.9857 50.3473 46.4181 37.2309 22.5991 0 12.6391 30.485 42.9975 50.6867 49.3049 40.9857 
41.8615 51.2231 59.0571 49.8699 35.2381 12.6391 0 17.8459 30.3584 49.8109 48.4291 41.8615 
52.8499 62.2115 76.903 67.7158 53.0841 30.485 17.8459 0 23.0067 38.8226 41.9206 52.8499 
32.3598 41.2072 89.4155 80.2283 65.5966 42.9975 30.3584 23.0067 0 61.8293 60.4475 32.3598 
91.6724 101.034 44.7486 54.8902 49.9488 50.6867 49.8109 38.8226 61.8293 0 9.76619 91.6724 
90.2906 99.6522 34.9824 53.5084 48.567 49.3049 48.4291 41.9206 60.4475 9.76619 0 90.2906 
0 0 0 0 0 0 0 0 0 0 0 0 
Printing tau_prime:
0 3.41554 21.4744 16.0076 14.1449 11.2281 11.1129 14.9696 11.6726 24.5264 24.647 0 
3.41554 0 21.8516 16.0242 15.0106 13.3588 13.8839 18.1665 15.0819 26.8064 26.656 3.41554 
21.4744 21.8516 0 6.00314 7.57187 13.0619 16.1978 20.4288 24.8161 14.9342 12.7189 21.4744 
16.0076 16.0242 6.00314 0 4.09511 9.93505 13.2922 18.4544 21.3532 17.3426 15.7512 16.0076 
14.1449 15.0106 7.57187 4.09511 0 5.99568 9.344 14.3819 17.6769 14.3604 13.2141 14.1449 
11.2281 13.3588 13.0619 9.93505 5.99568 0 3.35947 8.67415 11.778 13.4476 13.421 11.2281 
11.1129 13.8839 16.1978 13.2922 9.344 3.35947 0 5.55722 8.65785 13.7423 14.3409 11.1129 
14.9696 18.1665 20.4288 18.4544 14.3819 8.67415 5.55722 0 6.94445 13.3668 14.9039 14.9696 
11.6726 15.0819 24.8161 21.3532 17.6769 11.778 8.65785 6.94445 0 20.2257 21.5696 11.6726 
24.5264 26.8064 14.9342 17.3426 14.3604 13.4476 13.7423 13.3668 20.2257 0 2.61545 24.5264 
24.647 26.656 12.7189 15.7512 13.2141 13.421 14.3409 14.9039 21.5696 2.61545 0 24.647 
0 0 0 0 0 0 0 0 0 0 0 0 
Warning:  Output names have been modified due to duplicate names or characters invalid in LP format.
Version identifier: 22.1.1.0 | 2022-11-28 | 9160aff4d
CPXPARAM_TimeLimit                               200
CPXPARAM_MIP_Tolerances_Integrality              0
Tried aggregator 2 times.
MIP Presolve eliminated 1216 rows and 1912 columns.
MIP Presolve modified 1697 coefficients.
Aggregator did 38 substitutions.
Reduced MIP has 991 rows, 2826 columns, and 26009 nonzeros.
Reduced MIP has 2805 binaries, 0 generals, 0 SOSs, and 0 indicators.
Presolve time = 0.02 sec. (40.96 ticks)
Probing fixed 270 vars, tightened 0 bounds.
Probing changed sense of 4 constraints.
Probing time = 0.04 sec. (95.85 ticks)
Cover probing fixed 0 vars, tightened 2 bounds.
Tried aggregator 2 times.
MIP Presolve eliminated 95 rows and 311 columns.
MIP Presolve modified 192 coefficients.
Aggregator did 7 substitutions.
Reduced MIP has 889 rows, 2508 columns, and 21095 nonzeros.
Reduced MIP has 2487 binaries, 0 generals, 0 SOSs, and 0 indicators.
Presolve time = 0.01 sec. (21.38 ticks)
Probing time = 0.00 sec. (6.43 ticks)
Tried aggregator 2 times.
Detecting symmetries...
MIP Presolve eliminated 11 rows and 0 columns.
MIP Presolve modified 6 coefficients.
Aggregator did 2 substitutions.
Reduced MIP has 876 rows, 2506 columns, and 21080 nonzeros.
Reduced MIP has 2485 binaries, 0 generals, 0 SOSs, and 0 indicators.
Presolve time = 0.01 sec. (13.37 ticks)
Probing time = 0.00 sec. (6.65 ticks)
Clique table members: 12568.
MIP emphasis: balance optimality and feasibility.
MIP search method: dynamic search.
Parallel mode: deterministic, using up to 20 threads.
Root relaxation solution time = 0.10 sec. (152.14 ticks)

        Nodes                                         Cuts/
   Node  Left     Objective  IInf  Best Integer    Best Bound    ItCnt     Gap

      0     0      173.8846   265                    173.8846       31         
      0     0      189.3504   256                    Cuts: 48     1005         
      0     0      189.8900   295                     Cuts: 8     1369         
      0     0      190.7442   299                     Cuts: 6     1743         
      0     0      191.2366   327                    Cuts: 10     2173         
      0     0      191.9352   255                 ZeroHalf: 2     2713         
Detecting symmetries...
      0     0      192.4045   298                    Cuts: 13     3445         
      0     0      192.5027   261                     Cuts: 3     3697         
      0     0      192.5396   325                     Cuts: 9     3895         
      0     0      192.5396   331                     Cuts: 3     3977         
      0     0      192.5396   324                     Cuts: 2     4015         
*     0+    0                        46576.6404      192.5396            99.59%
*     0+    0                          578.2675      192.5396            66.70%
*     0+    0                          386.9275      192.5396            50.24%
*     0+    0                          293.6066      192.5396            34.42%
      0     0  -1.00000e+75     0      293.6066      192.5396     4015   34.42%
*     0+    0                          270.5684      192.5396            28.84%
Detecting symmetries...
      0     2      192.5396   318      270.5684      200.3352     4015   25.96%
Elapsed time = 1.90 sec. (3531.99 ticks, tree = 0.02 MB, solutions = 5)
      3     1        cutoff            270.5684      200.3352     6339   25.96%
     18    12        cutoff            270.5684      200.3352    11648   25.96%
    319    23        cutoff            270.5684      205.8969    46230   23.90%
    851   110        cutoff            270.5684      206.1929   103757   23.79%
   1607    21      253.1554   127      270.5684      206.1929   155183   23.79%
   2255    87      260.3619    54      270.5684      213.1115   190602   21.24%
   2734   198      225.5119   150      270.5684      214.2748   235437   20.81%
*  3004   248      integral     0      270.0690      214.2748   260025   20.66%
*  3454   416      integral     0      242.5337      216.8105   302185   10.61%
*  3675+  488                          237.9391      217.5432             8.57%
   3982     7        cutoff            237.9391      220.4927   391396    7.33%

GUB cover cuts applied:  10
Clique cuts applied:  5
Cover cuts applied:  99
Implied bound cuts applied:  2
Flow cuts applied:  3
Zero-half cuts applied:  21
Lift and project cuts applied:  1
Gomory fractional cuts applied:  3

Root node processing (before b&c):
  Real time             =    1.83 sec. (3501.04 ticks)
Parallel b&c, 20 threads:
  Real time             =    1.84 sec. (2216.48 ticks)
  Sync time (average)   =    0.88 sec.
  Wait time (average)   =    0.00 sec.
                          ------------
Total (root+branch&cut) =    3.67 sec. (5717.51 ticks)
Feasible solution found!
Truck nodes:
Stage 1 at customer 0 with arrival time is: 0
Stage 1 at customer 0 with departure time is: 0
Stage 2 at customer 5 with arrival time is: 40.9857
Stage 2 at customer 5 with departure time is: 41.9857
Stage 3 at customer 6 with arrival time is: 54.6248
Stage 3 at customer 6 with departure time is: 59.3254
Stage 4 at customer 7 with arrival time is: 77.1713
Stage 4 at customer 7 with departure time is: 78.1713
Stage 5 at customer 9 with arrival time is: 116.994
Stage 5 at customer 9 with departure time is: 116.994
Stage 6 at customer 10 with arrival time is: 126.76
Stage 6 at customer 10 with departure time is: 126.76
Stage 7 at customer 2 with arrival time is: 161.742
Stage 7 at customer 2 with departure time is: 161.742
Stage 8 at customer 3 with arrival time is: 182.434
Stage 8 at customer 3 with departure time is: 182.434
Stage 9 at customer 1 with arrival time is: 228.578
Stage 9 at customer 1 with departure time is: 228.578
Stage 10 at customer 11 with arrival time is: 237.939
Stage 10 at customer 11 with departure time is: 237.939
Truck arcs:
Arc 1 connecting 0 and 5 with cost 40.9857 
Arc 2 connecting 5 and 6 with cost 12.6391 
Arc 3 connecting 6 and 7 with cost 17.8459 
Arc 4 connecting 7 and 9 with cost 38.8226 
Arc 5 connecting 9 and 10 with cost 9.76619 
Arc 6 connecting 10 and 2 with cost 34.9824 
Arc 7 connecting 2 and 3 with cost 20.6913 
Arc 8 connecting 3 and 1 with cost 46.1438 
Arc 9 connecting 1 and 11 with cost 9.36157 
Customer 4 served by drone.
Drone fly from 5 at stage 2 to serve 4 and then fly back to 6 at stage 3. 
Truck arcs during this sortie: 5--->6
Truck travel time from stage 2 to 3 is: 12.6391
Total drone travel time: 15.3397
Drone arrival time: 57.3254
Truck arrival time: 54.6248
Truck departure time = max(d/a, t/a) plus (sl/sr): 59.3254
Customer 8 served by drone.
Drone fly from 6 at stage 3 to serve 8 and then fly back to 7 at stage 4. 
Truck arcs during this sortie: 6--->7
Truck travel time from stage 3 to 4 is: 17.8459
Total drone travel time: 15.6023
Drone arrival time: 74.9277
Truck arrival time: 77.1713
Truck departure time = max(d/a, t/a) plus (sl/sr): 78.1713
Done!
-------------------------Re-calculated objective-----------------------
237.939
------------------------------------------------------------------------
Solve time: 3.674
OBJECTIVE VALUE: 237.939, NUMBER OF SORTIES: 2.
Number of revisit: 0
In write mode
