Instance name: /home/cuong/CLionProjects/uMV-FSTSP/50_dis_rand_ins/v87
Write arg val: 1

drone speed: 1 miles/minute
uav non-eligible customer: 11 
Printing tau:
0 18.9713 59.989 69.455 39.9862 49.0444 47.9034 57.3597 41.3771 79.6903 110.464 0 
18.9713 0 47.998 57.464 21.015 30.0731 28.9322 54.8721 37.6588 60.7191 91.4926 18.9713 
59.989 47.998 0 19.6582 38.5343 68.6224 35.9973 102.87 85.6568 61.6353 78.3205 59.989 
69.455 57.464 19.6582 0 48.0003 78.0884 45.4633 112.336 95.1228 71.1013 61.1623 69.455 
39.9862 21.015 38.5343 48.0003 0 30.0881 7.9172 64.3358 47.1225 39.7041 70.4777 39.9862 
49.0444 30.0731 68.6224 78.0884 30.0881 0 32.6251 34.2476 17.0344 30.646 61.4195 49.0444 
47.9034 28.9322 35.9973 45.4633 7.9172 32.6251 0 66.8728 49.6595 31.7869 62.5605 47.9034 
57.3597 54.8721 102.87 112.336 64.3358 34.2476 66.8728 0 17.2133 41.2347 53.1042 57.3597 
41.3771 37.6588 85.6568 95.1228 47.1225 17.0344 49.6595 17.2133 0 38.3132 69.0868 41.3771 
79.6903 60.7191 61.6353 71.1013 39.7041 30.646 31.7869 41.2347 38.3132 0 30.7736 79.6903 
110.464 91.4926 78.3205 61.1623 70.4777 61.4195 62.5605 53.1042 69.0868 30.7736 0 110.464 
0 0 0 0 0 0 0 0 0 0 0 0 
Printing tau_prime:
0 5.95113 18.0466 22.9753 12.0328 13.2048 14.2064 18.9902 12.9114 21.1356 29.3736 0 
5.95113 0 13.198 17.5489 6.11141 9.66947 8.30558 17.7574 11.6196 16.5017 24.2805 5.95113 
18.0466 13.198 0 5.78552 10.4274 18.74 10.4199 28.0851 22.8448 20.6414 24.884 18.0466 
22.9753 17.5489 5.78552 0 13.1079 20.7192 12.0995 29.824 25.3742 20.252 22.472 22.9753 
12.0328 6.11141 10.4274 13.1079 0 8.33203 2.20451 17.6707 12.5007 12.1805 19.0113 12.0328 
13.2048 9.66947 18.74 20.7192 8.33203 0 8.65633 9.34513 4.95339 8.33477 16.8934 13.2048 
14.2064 8.30558 10.4199 12.0995 2.20451 8.65633 0 17.9087 13.2812 10.8287 17.1032 14.2064 
18.9902 17.7574 28.0851 29.824 17.6707 9.34513 17.9087 0 6.2285 12.4344 19.5555 18.9902 
12.9114 11.6196 22.8448 25.3742 12.5007 4.95339 13.2812 6.2285 0 11.991 20.4131 12.9114 
21.1356 16.5017 20.6414 20.252 12.1805 8.33477 10.8287 12.4344 11.991 0 8.57511 21.1356 
29.3736 24.2805 24.884 22.472 19.0113 16.8934 17.1032 19.5555 20.4131 8.57511 0 29.3736 
0 0 0 0 0 0 0 0 0 0 0 0 
Warning:  Output names have been modified due to duplicate names or characters invalid in LP format.
Version identifier: 22.1.1.0 | 2022-11-28 | 9160aff4d
CPXPARAM_TimeLimit                               200
CPXPARAM_MIP_Tolerances_Integrality              0
Tried aggregator 2 times.
MIP Presolve eliminated 1388 rows and 1799 columns.
MIP Presolve modified 1793 coefficients.
Aggregator did 42 substitutions.
Reduced MIP has 1053 rows, 2935 columns, and 26379 nonzeros.
Reduced MIP has 2914 binaries, 0 generals, 0 SOSs, and 0 indicators.
Presolve time = 0.03 sec. (46.31 ticks)
Probing fixed 357 vars, tightened 0 bounds.
Probing changed sense of 4 constraints.
Probing time = 0.06 sec. (94.78 ticks)
Tried aggregator 2 times.
MIP Presolve eliminated 92 rows and 359 columns.
MIP Presolve modified 176 coefficients.
Aggregator did 12 substitutions.
Reduced MIP has 949 rows, 2564 columns, and 20789 nonzeros.
Reduced MIP has 2543 binaries, 0 generals, 0 SOSs, and 0 indicators.
Presolve time = 0.01 sec. (24.72 ticks)
Probing time = 0.01 sec. (6.16 ticks)
Tried aggregator 2 times.
Detecting symmetries...
MIP Presolve eliminated 11 rows and 0 columns.
MIP Presolve modified 6 coefficients.
Aggregator did 2 substitutions.
Reduced MIP has 936 rows, 2562 columns, and 20774 nonzeros.
Reduced MIP has 2541 binaries, 0 generals, 0 SOSs, and 0 indicators.
Presolve time = 0.01 sec. (13.09 ticks)
Probing time = 0.01 sec. (6.15 ticks)
Clique table members: 12735.
MIP emphasis: balance optimality and feasibility.
MIP search method: dynamic search.
Parallel mode: deterministic, using up to 20 threads.
Root relaxation solution time = 0.20 sec. (154.09 ticks)

        Nodes                                         Cuts/
   Node  Left     Objective  IInf  Best Integer    Best Bound    ItCnt     Gap

      0     0      168.5823   230                    168.5823       29         
      0     0      183.5767   375                    Cuts: 50     1264         
      0     0      193.0585   311                    Cuts: 62     2410         
      0     0      200.6808   306                    Cuts: 17     3833         
      0     0      208.1748   343                    Cuts: 21     4594         
      0     0      213.5828   304                    Cuts: 23     5932         
Detecting symmetries...
      0     0      214.2277   295                    Cuts: 13     6115         
      0     0      215.2118   304                    Cuts: 10     6439         
      0     0      216.6403   303                     Cuts: 5     6877         
      0     0      218.1781   337                     Cuts: 6     7633         
      0     0      218.8156   343                    Cuts: 12     8407         
      0     0      220.5803   330                     Cuts: 6     9122         
      0     0      221.2846   351                     Cuts: 9    10229         
      0     0      221.7975   344                     Cuts: 9    10822         
*     0+    0                        50152.0703      221.7975            99.56%
      0     0      222.5083   349    50152.0703       Cuts: 9    11291   99.56%
*     0+    0                          590.5723      222.5083            62.32%
*     0+    0                          509.6078      222.5083            56.34%
*     0+    0                          334.1947      222.5083            33.42%
      0     0  -1.00000e+75     0      334.1947      222.5083    11291   33.42%
      0     0      222.5315   353      334.1947       Cuts: 2    11398   33.41%
      0     0      222.5315   363      334.1947       Cuts: 2    11479   33.41%
Detecting symmetries...
      0     2      222.5315   353      334.1947      222.5315    11479   33.41%
Elapsed time = 2.23 sec. (2776.03 ticks, tree = 0.02 MB, solutions = 4)
      3     3      241.5666   231      334.1947      222.7494    12924   33.35%
     31     3      227.8004   285      334.1947      224.9035    20388   32.70%
     48    13      237.7493   269      334.1947      235.5433    29771   29.52%
*    50+    9                          317.4824      235.5433            25.81%
*    66+   15                          312.2540      235.5433            24.57%
*    84+   19                          304.3869      235.5433            22.62%
*   140    51      integral     0      286.5524      237.5728    67756   17.09%
    402   118      268.8978   167      286.5524      237.7867   115844   17.02%
    450   167      276.6797   167      286.5524      239.4195   181048   16.45%
    714   203      274.1247   131      286.5524      246.4566   210655   13.99%
   1099   316      279.3559   157      286.5524      249.3211   305114   12.99%
   1600   356        cutoff            286.5524      251.7488   370017   12.15%

GUB cover cuts applied:  8
Clique cuts applied:  20
Cover cuts applied:  26
Implied bound cuts applied:  9
Mixed integer rounding cuts applied:  5
Zero-half cuts applied:  48
Gomory fractional cuts applied:  4

Root node processing (before b&c):
  Real time             =    2.19 sec. (2706.62 ticks)
Parallel b&c, 20 threads:
  Real time             =    2.92 sec. (2808.58 ticks)
  Sync time (average)   =    1.41 sec.
  Wait time (average)   =    0.00 sec.
                          ------------
Total (root+branch&cut) =    5.11 sec. (5515.20 ticks)
Feasible solution found!
Truck nodes:
Stage 1 at customer 0 with arrival time is: 0
Stage 1 at customer 0 with departure time is: 0
Stage 2 at customer 1 with arrival time is: 18.9713
Stage 2 at customer 1 with departure time is: 18.9713
Stage 3 at customer 4 with arrival time is: 39.9863
Stage 3 at customer 4 with departure time is: 39.9863
Stage 4 at customer 6 with arrival time is: 47.9035
Stage 4 at customer 6 with departure time is: 47.9035
Stage 5 at customer 2 with arrival time is: 83.9008
Stage 5 at customer 2 with departure time is: 83.9008
Stage 6 at customer 3 with arrival time is: 103.559
Stage 6 at customer 3 with departure time is: 103.559
Stage 7 at customer 10 with arrival time is: 164.721
Stage 7 at customer 10 with departure time is: 164.721
Stage 8 at customer 9 with arrival time is: 195.495
Stage 8 at customer 9 with departure time is: 195.495
Stage 9 at customer 5 with arrival time is: 226.141
Stage 9 at customer 5 with departure time is: 227.141
Stage 10 at customer 8 with arrival time is: 244.175
Stage 10 at customer 8 with departure time is: 245.175
Stage 11 at customer 11 with arrival time is: 286.552
Stage 11 at customer 11 with departure time is: 286.552
Truck arcs:
Arc 1 connecting 0 and 1 with cost 18.9713 
Arc 2 connecting 1 and 4 with cost 21.015 
Arc 3 connecting 4 and 6 with cost 7.9172 
Arc 4 connecting 6 and 2 with cost 35.9973 
Arc 5 connecting 2 and 3 with cost 19.6582 
Arc 6 connecting 3 and 10 with cost 61.1623 
Arc 7 connecting 10 and 9 with cost 30.7736 
Arc 8 connecting 9 and 5 with cost 30.646 
Arc 9 connecting 5 and 8 with cost 17.0344 
Arc 10 connecting 8 and 11 with cost 41.3771 
Customer 7 served by drone.
Drone fly from 5 at stage 9 to serve 7 and then fly back to 8 at stage 10. 
Truck arcs during this sortie: 5--->8
Truck travel time from stage 9 to 10 is: 17.0344
Total drone travel time: 15.5736
Drone arrival time: 242.715
Truck arrival time: 244.175
Truck departure time = max(d/a, t/a) plus (sl/sr): 245.175
Done!
-------------------------Re-calculated objective-----------------------
286.552
------------------------------------------------------------------------
Solve time: 5.109
OBJECTIVE VALUE: 286.552, NUMBER OF SORTIES: 1.
Number of revisit: 0
In write mode
