Instance name: /home/orlab/CLionProjects/RV-FSTSP/Murray_instances/FSTSP/FSTSP_10_customer_problems/20140810T123437v9
Write arg val: 1
Input is specified as type M: Murray instance.-.-.-.-.-.-.-.-.-.-.-.-.-.-.-.-.-.-.-.-

drone speed: 0.6 miles/minute
uav non-eligible customer: 10 
Printing tau:
0 9.54081 8.77004 13.4772 4.21868 5.66862 5.19269 4.89079 4.24731 8.15929 7.27469 0 
9.54081 0 18.3108 3.93636 13.7595 7.22991 8.18583 7.04774 13.7881 14.0919 12.0132 9.54081 
8.77004 18.3108 0 22.2472 4.55136 11.0809 10.125 11.2631 5.10923 6.13892 11.4943 8.77004 
13.4772 3.93636 22.2472 0 17.6958 11.1663 12.1222 10.9841 17.7245 18.0283 15.9496 13.4772 
4.21868 13.7595 4.55136 17.6958 0 6.52957 5.57365 6.71174 1.94864 9.26756 8.38296 4.21868 
5.66862 7.22991 11.0809 11.1663 6.52957 0 0.955922 0.777831 6.55821 13.8279 12.9433 5.66862 
5.19269 8.18583 10.125 12.1222 5.57365 0.955922 0 1.13809 5.60229 13.352 12.4674 5.19269 
4.89079 7.04774 11.2631 10.9841 6.71174 0.777831 1.13809 0 6.74038 13.0501 12.1655 4.89079 
4.24731 13.7881 5.10923 17.7245 1.94864 6.55821 5.60229 6.74038 0 11.2162 10.3316 4.24731 
8.15929 14.0919 6.13892 18.0283 9.26756 13.8279 13.352 13.0501 11.2162 0 7.2754 8.15929 
7.27469 12.0132 11.4943 15.9496 8.38296 12.9433 12.4674 12.1655 10.3316 7.2754 0 7.27469 
0 0 0 0 0 0 0 0 0 0 0 0 
Printing tau_prime:
0 5.38044 4.54556 8.09522 2.20305 3.09185 2.71053 2.77264 2.64307 4.71879 3.92347 0 
5.38044 0 9.8583 2.81169 7.1874 3.68175 4.14083 3.56048 7.01565 9.64862 6.97631 5.38044 
4.54556 9.8583 0 12.4676 2.78952 6.81212 6.2789 6.6743 3.43429 3.76225 6.38332 4.54556 
8.09522 2.81169 12.4676 0 9.72054 5.84064 6.37024 5.8678 9.39115 12.4582 9.71551 8.09522 
2.20305 7.1874 2.78952 9.72054 0 4.02264 3.49008 3.89122 0.984316 4.68384 5.49765 2.20305 
3.09185 3.68175 6.81212 5.84064 4.02264 0 0.539342 0.403494 3.56539 7.79682 6.54069 3.09185 
2.71053 4.14083 6.2789 6.37024 3.49008 0.539342 0 0.594704 3.02824 7.37407 6.33485 2.71053 
2.77264 3.56048 6.6743 5.8678 3.89122 0.403494 0.594704 0 3.52816 7.49021 6.1456 2.77264 
2.64307 7.01565 3.43429 9.39115 0.984316 3.56539 3.02824 3.52816 0 5.66711 6.29515 2.64307 
4.71879 9.64862 3.76225 12.4582 4.68384 7.79682 7.37407 7.49021 5.66711 0 3.7017 4.71879 
3.92347 6.97631 6.38332 9.71551 5.49765 6.54069 6.33485 6.1456 6.29515 3.7017 0 3.92347 
0 0 0 0 0 0 0 0 0 0 0 0 
---------------------------------------------------------------
Current config:
- Number of threads = 16
- Drone endurance = 20
- SL = 1
- SR = 1
- L = 3
- Allow loop = 0
- Use TSP optimal solution as warmstart: = 0
- Use cutting plane method: = 0
- Use CPLEX conflict refiner: = 0
---------------------------------------------------------------
M value: 522.301
Warning:  Output names have been modified due to duplicate names or characters invalid in LP format.
Version identifier: 22.1.1.0 | 2022-11-28 | 9160aff4d
CPXPARAM_Threads                                 16
CPXPARAM_TimeLimit                               3600
Tried aggregator 2 times.
MIP Presolve eliminated 1014 rows and 407 columns.
MIP Presolve modified 2671 coefficients.
Aggregator did 34 substitutions.
Reduced MIP has 3984 rows, 3003 columns, and 84376 nonzeros.
Reduced MIP has 2827 binaries, 0 generals, 0 SOSs, and 0 indicators.
Presolve time = 0.06 sec. (110.21 ticks)
Probing time = 0.01 sec. (9.02 ticks)
Tried aggregator 1 time.
Detecting symmetries...
MIP Presolve eliminated 1 rows and 0 columns.
MIP Presolve modified 24 coefficients.
Reduced MIP has 3983 rows, 3003 columns, and 84342 nonzeros.
Reduced MIP has 2827 binaries, 0 generals, 0 SOSs, and 0 indicators.
Presolve time = 0.03 sec. (46.37 ticks)
Probing time = 0.01 sec. (8.55 ticks)
Clique table members: 42487.
MIP emphasis: balance optimality and feasibility.
MIP search method: dynamic search.
Parallel mode: deterministic, using up to 16 threads.
Root relaxation solution time = 0.19 sec. (408.44 ticks)

        Nodes                                         Cuts/
   Node  Left     Objective  IInf  Best Integer    Best Bound    ItCnt     Gap

*     0+    0                        38317.6182        0.0000           100.00%
      0     0       19.0172   235    38317.6182       19.0172     5088   99.95%
*     0+    0                          119.3185       19.0172            84.06%
      0     0       21.0946   196      119.3185      Cuts: 62     9209   82.32%
      0     0       22.9347   253      119.3185     Cuts: 194    13867   80.78%
*     0+    0                          101.6563       22.9347            77.44%
      0     0       23.0833   125      101.6563     Cuts: 174    14656   77.29%
*     0+    0                          100.3959       23.0833            77.01%
*     0+    0                           93.9300       23.0833            75.43%
*     0+    0                           91.3870       23.0833            74.74%
      0     0  -1.00000e+75     0       91.3870       23.0833    14656   74.74%
      0     0       23.1256   195       91.3870      Cuts: 95    15692   74.69%
*     0+    0                           61.6160       23.1256            62.47%
      0     0       23.1777   201       61.6160     Cuts: 103    17356   62.38%
Detecting symmetries...
      0     0       23.2081   254       61.6160     Cuts: 133    18711   62.33%
*     0+    0                           53.9986       23.2081            57.02%
*     0+    0                           50.9759       23.2081            54.47%
*     0+    0                           50.4092       23.2081            53.96%
      0     0  -1.00000e+75     0       50.4092       23.2081    18711   53.96%
      0     0       23.2081   270       50.4092      Cuts: 89    19004   53.96%
      0     0       23.2081   213       50.4092      Cuts: 15    19142   53.96%
*     0+    0                           47.6393       23.2081            51.28%
      0     0       23.2081   236       47.6393     Cuts: 119    20491   51.28%
*     0+    0                           46.6087       23.2081            50.21%
Detecting symmetries...
      0     2       23.2081   206       46.6087       23.2081    20491   50.21%
Elapsed time = 4.15 sec. (8391.27 ticks, tree = 0.02 MB, solutions = 12)
      1     3       24.2097    67       46.6087       23.2081    23321   50.21%
      4     4       24.4696   231       46.6087       23.6324    26993   49.30%
      7     5       25.5203    78       46.6087       24.2097    32972   48.06%
     17    17       25.1498   224       46.6087       24.2097    41963   48.06%
     25    21       25.8966   184       46.6087       24.2097    44859   48.06%
*    26+   13                           43.5710       24.2097            44.44%
*    30+   13                           42.7105       24.2097            43.32%
     46    22       24.6330   212       42.7105       24.2097    48982   43.32%
     88    69       39.4844    36       42.7105       24.2097    87230   43.32%
    151    81       37.8267    43       42.7105       24.4751    98770   42.70%
    234   155       37.5654   134       42.7105       24.4751   145522   42.70%
    547   349       31.8558    55       42.7105       24.5430   228722   42.54%
Elapsed time = 7.43 sec. (12197.60 ticks, tree = 1.34 MB, solutions = 20)
    612   409       24.7672   204       42.7105       24.5430   263468   42.54%
    784   512       38.5057    34       42.7105       24.5430   321410   42.54%
   1086   624       36.3153    57       42.7105       24.5430   397552   42.54%
   1367   941       27.4845   242       42.7105       24.5430   543644   42.54%
   1585  1081       31.5136    84       42.7105       24.5430   594475   42.54%
   1806  1221       33.3715    53       42.7105       24.5430   675931   42.54%
   1976  1400       32.6499    67       42.7105       24.5430   765746   42.54%
   2078  1469       32.2201    65       42.7105       24.5430   800303   42.54%
   2237  1634       40.2910    23       42.7105       24.5430   897402   42.54%
   2501  1810       33.8331    56       42.7105       24.5430   977251   42.54%
Elapsed time = 17.69 sec. (21775.92 ticks, tree = 5.22 MB, solutions = 20)
*  2541+ 1722                           42.3656       24.7101            41.67%
   2743  1988       30.9860    66       42.3656       24.7101  1059467   41.67%
   2995  2196        cutoff             42.3656       24.7101  1154767   41.67%
   3202  2301       30.2392    86       42.3656       24.7101  1214744   41.67%
   3448  2388       33.8158    80       42.3656       24.8150  1290644   41.43%
   3591  2695       38.4611    82       42.3656       24.8150  1440396   41.43%
   3783  2815       34.3818    39       42.3656       24.8150  1497568   41.43%
   3882  2984       29.8108   172       42.3656       24.8150  1600463   41.43%
   4056  3024       30.7509    59       42.3656       24.8150  1647742   41.43%
   4236  3158       32.1841    93       42.3656       24.8978  1741478   41.23%
   4331  3179       30.9268   108       42.3656       24.8978  1758348   41.23%
Elapsed time = 27.71 sec. (32600.93 ticks, tree = 8.09 MB, solutions = 21)

Performing restart 1

Repeating presolve.
Tried aggregator 1 time.
MIP Presolve eliminated 2 rows and 60 columns.
MIP Presolve modified 2498 coefficients.
Reduced MIP has 3981 rows, 2943 columns, and 80104 nonzeros.
Reduced MIP has 2767 binaries, 0 generals, 0 SOSs, and 0 indicators.
Presolve time = 0.05 sec. (83.36 ticks)
Tried aggregator 1 time.
Reduced MIP has 3981 rows, 2943 columns, and 80104 nonzeros.
Reduced MIP has 2767 binaries, 0 generals, 0 SOSs, and 0 indicators.
Presolve time = 0.03 sec. (42.59 ticks)
Represolve time = 0.15 sec. (282.05 ticks)
*  4332+    0                           39.0080       24.8978            36.17%
   4332     0       23.9721   269       39.0080      Cuts: 45  1897419   36.17%
*  4332+    0                           35.9174       24.8978            30.68%
   4332     0       24.2097   148       35.9174     Cuts: 178  1904744   30.68%
*  4332+    0                           35.3214       24.8978            29.51%
   4332     0       24.2097   144       35.3214     Cuts: 112  1920681   29.51%
   4332     0       24.2097   144       35.3214      Cuts: 68  1927653   29.51%
   4332     0       24.2097   123       35.3214      Cuts: 13  1929064   29.51%
   4332     0       24.2097   122       35.3214     Cuts: 119  1936500   29.51%
   4332     0       24.2097   107       35.3214       Cuts: 4  1936692   29.51%
   4332     0       24.2097   108       35.3214      Cuts: 66  1938777   29.51%
   4332     0       24.2097    88       35.3214  ZeroHalf: 11  1939457   29.51%
   4332     0       24.2097   133       35.3214     Cuts: 106  1950054   29.51%
*  4332+    0                           33.7658       24.8978            26.26%
   4332     2       24.2097    96       33.7658       24.8978  1950054   26.26%
   4333     3       24.2097   100       33.7658       24.8978  1950525   26.26%
   4334     4       24.2097    98       33.7658       24.8978  1951821   26.26%
   4336     2       26.8861    76       33.7658       24.8978  1951391   26.26%
   4340     6       28.5865    96       33.7658       24.8978  1953607   26.26%
   4347    10       33.5493    46       33.7658       24.8978  1956086   26.26%
   4362    11       29.0892    98       33.7658       24.8978  1955596   26.26%
   4380    26       30.9839    50       33.7658       24.8978  1959424   26.26%
   4414    33       31.4973    63       33.7658       24.8978  1963377   26.26%
   4456    49       39.6944    75       33.7658       24.8978  1991474   26.26%
Elapsed time = 51.17 sec. (78464.45 ticks, tree = 0.36 MB, solutions = 25)
*  4479+   10                           32.8612       24.8978            24.23%
   4489    51        cutoff             32.8612       24.8978  2002006   24.23%
   4527    55       32.1500    55       32.8612       24.8978  2004775   24.23%
   4596    63       29.4175    63       32.8612       24.8978  2020200   24.23%
   4619    72       30.9584   116       32.8612       24.8978  2043103   24.23%
   4664    77       27.1004   125       32.8612       24.8978  2045519   24.23%
   4717   120        cutoff             32.8612       24.8978  2089595   24.23%
   4745    85       28.9257   250       32.8612       24.8978  2053757   24.23%
   4780   150       24.2097    82       32.8612       24.8978  2105730   24.23%
   4833   162        cutoff             32.8612       24.8978  2119582   24.23%
   4898   161       24.2097    81       32.8612       24.8978  2138882   24.23%
Elapsed time = 61.05 sec. (88184.61 ticks, tree = 1.94 MB, solutions = 26)
   4945   160       32.7066    61       32.8612       24.8978  2165981   24.23%
   4978   219       27.5029   129       32.8612       24.8978  2211989   24.23%
   5023   265       25.5203    75       32.8612       24.8978  2256700   24.23%
   5091   284       32.2298    57       32.8612       24.8978  2294156   24.23%
   5170   312        cutoff             32.8612       24.8978  2324307   24.23%
   5281   299       32.0602    72       32.8612       24.8978  2311374   24.23%
   5364   329       24.2105   227       32.8612       24.8978  2338367   24.23%
   5521   341       30.4505    79       32.8612       24.8978  2359746   24.23%
   5662   397       32.3779   184       32.8612       24.8978  2414262   24.23%
   5768   675       24.2616   167       32.8612       24.8978  2499975   24.23%
Elapsed time = 70.18 sec. (97993.75 ticks, tree = 4.86 MB, solutions = 26)
   5841   697       31.7916   128       32.8612       24.8978  2566729   24.23%
   5896   739       28.2604   210       32.8612       24.8978  2576773   24.23%
   5964   837       24.2288   281       32.8612       24.8978  2625894   24.23%
   6005   837        cutoff             32.8612       24.8978  2659450   24.23%
   6032   858       24.2097    75       32.8612       24.8978  2702301   24.23%
   6139   879       25.8248   140       32.8612       24.8978  2769223   24.23%
   6184   864       30.2052    81       32.8612       24.8978  2744810   24.23%
   6255   902       27.4403   123       32.8612       24.8978  2775059   24.23%
   6330   893       31.0318   151       32.8612       24.8978  2852571   24.23%
   6427   985       24.2327   104       32.8612       24.8978  2907602   24.23%
Elapsed time = 79.41 sec. (107747.59 ticks, tree = 9.56 MB, solutions = 26)
   6576   998       27.4312   113       32.8612       24.8978  2944573   24.23%
   6664  1017       27.5192   131       32.8612       24.8978  2945747   24.23%
   6816  1051       32.4778    68       32.8612       24.8978  2950606   24.23%
   6878  1215       32.4491    92       32.8612       24.8978  3106053   24.23%
   6917  1072       25.6711   216       32.8612       24.8978  3022355   24.23%
   6966  1273       24.3035   205       32.8612       24.8978  3177690   24.23%
   7028  1390       29.8567    75       32.8612       24.8978  3326134   24.23%
   7077  1360       30.7343   111       32.8612       24.8978  3215438   24.23%
   7132  1392       30.9077   129       32.8612       24.8978  3346552   24.23%
   7178  1450       27.1036   159       32.8612       24.8978  3404732   24.23%
Elapsed time = 88.06 sec. (117561.98 ticks, tree = 10.45 MB, solutions = 26)
   7284  1509        cutoff             32.8612       24.8978  3478913   24.23%
   7445  1458       27.1145   185       32.8612       24.8978  3406404   24.23%
   7599  1566       29.9814   104       32.8612       24.8978  3539797   24.23%
   7748  1529       32.1823    64       32.8612       24.8978  3546833   24.23%
   7891  1614       25.8928   161       32.8612       24.8978  3592706   24.23%
   8007  1886       32.3440   117       32.8612       24.8978  3774281   24.23%
   8114  1891       32.1172   129       32.8612       24.8978  3779208   24.23%
   8162  1893       31.5067    98       32.8612       24.8978  3784954   24.23%
   8225  1931       26.6111   130       32.8612       24.8978  3793753   24.23%
   8316  2133        cutoff             32.8612       24.8978  4025235   24.23%
Elapsed time = 97.75 sec. (127306.56 ticks, tree = 25.93 MB, solutions = 26)
   8376  2009       24.4012   220       32.8612       24.8978  3944698   24.23%
   8451  2173       32.2287    89       32.8612       24.8978  4099421   24.23%
   8515  2193       31.3285    82       32.8612       24.8978  4170176   24.23%
   8590  2170       32.1607    99       32.8612       24.8978  4094628   24.23%
   8663  2247       28.5327   104       32.8612       24.8978  4253591   24.23%
   8738  2219       27.5777   148       32.8612       24.8978  4220481   24.23%
   8806  2247       30.2754    96       32.8612       24.8978  4262955   24.23%
   8929  2409       25.8596   125       32.8612       24.8978  4362323   24.23%
   9084  2392        cutoff             32.8612       24.8978  4390176   24.23%
   9773  2691       31.4123   144       32.8612       24.8978  4574463   24.23%
Elapsed time = 109.73 sec. (139824.97 ticks, tree = 33.50 MB, solutions = 26)
  10202  3011        cutoff             32.8612       24.8978  4835842   24.23%
  10457  3242       29.7509    59       32.8612       24.8978  4986007   24.23%
  10718  3364       30.3875   140       32.8612       24.8978  5244156   24.23%
  11419  3450       30.5263   197       32.8612       24.8978  5372925   24.23%
  12076  3538       27.9886   222       32.8612       24.8978  5446430   24.23%
  12349  4433       31.7030    75       32.8612       24.8978  5955200   24.23%
  12621  4550       26.3682   142       32.8612       24.8978  6163018   24.23%
  12972  4679       26.1909   127       32.8612       24.8978  6303887   24.23%
  13586  4743       31.4466   168       32.8612       24.8978  6353878   24.23%
  14430  5211       27.5082   144       32.8612       25.3113  6598806   22.98%
Elapsed time = 146.16 sec. (178078.67 ticks, tree = 85.77 MB, solutions = 26)
  14884  5804       31.2682   112       32.8612       25.5203  6888201   22.34%
  15210  6262       30.3935   100       32.8612       25.5203  7149608   22.34%
  15664  6407       31.8481   280       32.8612       25.5203  7265674   22.34%
  16477  6674       26.3752    89       32.8612       25.5203  7436230   22.34%
  16833  7356       26.8246   175       32.8612       25.5203  7747789   22.34%
  17215  7591       30.9625    52       32.8612       25.5203  7875370   22.34%
  17956  7790       32.5581    48       32.8612       25.5203  8039155   22.34%
  18813  8498       30.5941   205       32.8612       25.6218  8433994   22.03%
  19172  8918        cutoff             32.8612       25.6512  8675218   21.94%
  19663  9138       30.6883   148       32.8612       25.6636  8866472   21.90%
Elapsed time = 183.16 sec. (216300.53 ticks, tree = 176.80 MB, solutions = 26)
  20495  9179       30.8472    76       32.8612       25.6864  8888948   21.83%
  21285  9419        cutoff             32.8612       25.7292  9149426   21.70%
  21852  9852       30.4235   122       32.8612       25.7389  9362338   21.67%
  22205 10292       31.7344   130       32.8612       25.7389  9637971   21.67%
  22552 10567       29.9721    57       32.8612       25.7389  9922737   21.67%
  23189 10539       26.4847   127       32.8612       25.7389  9946848   21.67%
  23850 10831        cutoff             32.8612       25.8248 10259048   21.41%
  24627 10988       30.6541    60       32.8612       25.9022 10381815   21.18%
  25049 11540        cutoff             32.8612       25.9022 10764434   21.18%
  25502 11806       30.8114    85       32.8612       25.9597 10983667   21.00%
Elapsed time = 220.68 sec. (254497.08 ticks, tree = 227.65 MB, solutions = 26)
  26007 11931       26.9015   153       32.8612       25.9884 11206228   20.91%
  26714 11976       31.2285   107       32.8612       26.0590 11234501   20.70%
  27286 12225       32.2375    31       32.8612       26.1314 11440640   20.48%
  27701 12651       27.5656    90       32.8612       26.1869 11783537   20.31%
  28180 12922       31.8558    37       32.8612       26.2361 12000477   20.16%
  28994 12969        cutoff             32.8612       26.3077 12077691   19.94%
  29769 13225       29.2348   135       32.8612       26.3653 12313039   19.77%
  30195 13465       30.3989    93       32.8612       26.4115 12502476   19.63%
  30567 13742       31.7031   113       32.8612       26.4738 12849999   19.44%
  31003 13876       28.2011   108       32.8612       26.4738 12990871   19.44%
Elapsed time = 257.82 sec. (292780.53 ticks, tree = 253.19 MB, solutions = 26)
  31750 13865       26.9177   211       32.8612       26.5798 13082389   19.11%
  32834 14296       30.9779    76       32.8612       26.6789 13402581   18.81%
  33721 14317       29.0068   136       32.8612       26.7696 13421821   18.54%
  34455 14596       31.4240    78       32.8612       26.8334 13693000   18.34%
  34998 15054       28.3350   187       32.8612       26.8334 14258200   18.34%
  35597 15058        cutoff             32.8612       26.8557 14318210   18.28%
  36122 15010       27.8176   186       32.8612       26.8693 14516597   18.23%
  36612 15112       29.4446   161       32.8612       26.9293 14814547   18.05%
  37097 15116       28.2825    86       32.8612       27.0158 14841452   17.79%
  37560 15244        cutoff             32.8612       27.0884 15174747   17.57%
Elapsed time = 295.08 sec. (330975.29 ticks, tree = 302.45 MB, solutions = 26)
  37962 15268       32.7353   147       32.8612       27.0884 15214924   17.57%
  38419 15381       29.6303   181       32.8612       27.2436 15262837   17.09%
  39205 15619       30.1408   130       32.8612       27.2967 15527323   16.93%
  40191 15767        cutoff             32.8612       27.2967 15665003   16.93%
  41029 15995       32.1888   144       32.8612       27.4403 15860927   16.50%
  41493 16693       27.6315   203       32.8612       27.4403 16202561   16.50%
  42014 16869       30.3117    56       32.8612       27.4403 16314870   16.50%
  42500 17214       28.8225   174       32.8612       27.4403 16588759   16.50%
  42911 17357       27.7693   175       32.8612       27.4403 16832153   16.50%
  43341 17659       28.0972   179       32.8612       27.4403 17065306   16.50%
Elapsed time = 331.98 sec. (369204.90 ticks, tree = 354.57 MB, solutions = 26)
  43953 17731        cutoff             32.8612       27.4403 17322100   16.50%
  44660 17786       29.7717   243       32.8612       27.4641 17295243   16.42%
  45462 17878        cutoff             32.8612       27.5029 17590115   16.31%
  46042 18183       32.2375    37       32.8612       27.5688 17934425   16.11%
  46435 18173       31.4665    89       32.8612       27.5688 17922928   16.11%

Performing restart 2

Repeating presolve.
Tried aggregator 2 times.
MIP Presolve eliminated 12 rows and 290 columns.
MIP Presolve modified 16037 coefficients.
Aggregator did 9 substitutions.
Reduced MIP has 3960 rows, 2644 columns, and 74226 nonzeros.
Reduced MIP has 2468 binaries, 0 generals, 0 SOSs, and 0 indicators.
Presolve time = 0.09 sec. (209.43 ticks)
Tried aggregator 1 time.
Reduced MIP has 3960 rows, 2644 columns, and 74226 nonzeros.
Reduced MIP has 2468 binaries, 0 generals, 0 SOSs, and 0 indicators.
Presolve time = 0.03 sec. (48.82 ticks)
Represolve time = 0.25 sec. (473.86 ticks)
  46525     0       24.2097   133       32.8612      Cuts: 85 18517172   15.74%
  46525     0       24.2097    97       32.8612    GUBcuts: 2 18517715   15.74%
  46525     0       24.2097   106       32.8612      Cuts: 97 18519470   15.74%
  46525     0       24.2097   109       32.8612      Cuts: 61 18523004   15.74%
  46525     0       24.2097   121       32.8612      Cuts: 42 18524446   15.74%
  46525     0       24.2097   122       32.8612      Cuts: 11 18527361   15.74%
  46525     0       24.2097   108       32.8612      Cuts: 31 18530345   15.74%
  46525     0       24.2097    92       32.8612      Cuts: 12 18531099   15.74%
  46525     0       24.2097    97       32.8612      Cuts: 81 18533321   15.74%

Repeating presolve.
Tried aggregator 2 times.
MIP Presolve eliminated 1 rows and 35 columns.
MIP Presolve modified 3513 coefficients.
Aggregator did 2 substitutions.
Reduced MIP has 3957 rows, 2607 columns, and 73692 nonzeros.
Reduced MIP has 2431 binaries, 0 generals, 0 SOSs, and 0 indicators.
Presolve time = 0.05 sec. (99.90 ticks)
Tried aggregator 2 times.
MIP Presolve eliminated 68 rows and 69 columns.
MIP Presolve modified 1370 coefficients.
Aggregator did 9 substitutions.
Reduced MIP has 3880 rows, 2529 columns, and 71934 nonzeros.
Reduced MIP has 2353 binaries, 0 generals, 0 SOSs, and 0 indicators.
Presolve time = 0.08 sec. (139.23 ticks)
Tried aggregator 1 time.
MIP Presolve eliminated 1 rows and 0 columns.
MIP Presolve modified 11 coefficients.
Reduced MIP has 3879 rows, 2529 columns, and 71923 nonzeros.
Reduced MIP has 2353 binaries, 0 generals, 0 SOSs, and 0 indicators.
Presolve time = 0.03 sec. (48.20 ticks)
Represolve time = 0.43 sec. (815.62 ticks)
  46525     0       24.2097   121       32.8612     Cuts: 138 18552283   15.74%
  46525     0       24.2097    99       32.8612       Cuts: 4 18553204   15.74%
  46525     0       24.2097   111       32.8612     Cuts: 145 18555008   15.74%
  46525     0       24.2097   101       32.8612       Cuts: 7 18570902   15.74%
  46525     2       24.2097    73       32.8612       27.6890 18570902   15.74%
  46526     3       24.2097    81       32.8612       27.6890 18571713   15.74%
  46532     2       29.1595    84       32.8612       27.6890 18573233   15.74%
  46567    15       29.3148    99       32.8612       27.6890 18593184   15.74%
  46793    14       30.2837    79       32.8612       27.6890 18639665   15.74%
Elapsed time = 394.87 sec. (490600.10 ticks, tree = 0.02 MB, solutions = 26)
  47034    22       32.8316   100       32.8612       27.6890 18713903   15.74%
  47257    37       30.0780    82       32.8612       27.6890 18778335   15.74%
  47782    77       28.7784   151       32.8612       27.6890 18904329   15.74%
  48208   222       31.8878   120       32.8612       27.6890 19116538   15.74%
  48583   395       30.1441    78       32.8612       27.6890 19389272   15.74%
  48833   573       28.6302    95       32.8612       27.6890 19605251   15.74%
  49146   663       29.5271   129       32.8612       27.6890 19744135   15.74%
  49468   948        cutoff             32.8612       27.6890 20094135   15.74%
  49686  1134       28.1304   193       32.8612       27.6890 20353770   15.74%
  49948  1280       24.8380    90       32.8612       27.6890 20538425   15.74%
Elapsed time = 432.02 sec. (528840.39 ticks, tree = 3.75 MB, solutions = 26)
  50275  1556       30.9178   130       32.8612       27.6890 20883031   15.74%
  50609  1705        cutoff             32.8612       27.6890 21131024   15.74%
  50893  1905       32.7585    55       32.8612       27.6890 21423301   15.74%
  51227  2107       31.0619   210       32.8612       27.6890 21671975   15.74%
  51665  2272       31.2028    37       32.8612       27.6890 21902798   15.74%
  51997  2644       32.7672    64       32.8612       27.6890 22437591   15.74%
  52302  2690       30.1100    83       32.8612       27.6890 22525710   15.74%
  52649  2934       28.5187   200       32.8612       27.6890 22842879   15.74%
  53163  3170       32.4115    45       32.8612       27.6890 23210946   15.74%
  53532  3296       31.0875   209       32.8612       27.6890 23384838   15.74%
Elapsed time = 470.07 sec. (567099.22 ticks, tree = 8.20 MB, solutions = 26)
  53871  3597       27.8804   211       32.8612       27.6890 23860738   15.74%
  54221  3687       28.7508   109       32.8612       27.6890 24072248   15.74%
  54638  3927       30.9895    73       32.8612       27.6890 24527099   15.74%
  55125  4059       30.5511    87       32.8612       27.6890 24770409   15.74%
  55467  4246       32.0196   119       32.8612       27.6890 25149240   15.74%
  55797  4302       28.0117   143       32.8612       27.6890 25290439   15.74%
  56210  4430       29.9704   136       32.8612       27.6890 25511607   15.74%
  56574  4719       30.2359   128       32.8612       27.6890 25924093   15.74%
  56862  4954        cutoff             32.8612       27.6890 26217996   15.74%
  57108  5225       32.0500    82       32.8612       27.6890 26589155   15.74%
Elapsed time = 508.45 sec. (605397.58 ticks, tree = 11.56 MB, solutions = 26)
  57436  5281       27.0516   322       32.8612       27.6890 26657966   15.74%
  57681  5412       28.6131   215       32.8612       27.6890 26929119   15.74%
  57842  5620        cutoff             32.8612       27.6890 27472518   15.74%
  58037  5672       31.7030    79       32.8612       27.6890 27673811   15.74%
  58312  5701       31.7030    84       32.8612       27.6890 27894541   15.74%
  58672  5821       29.0562    32       32.8612       27.6890 28377109   15.74%
  59026  5965       31.7030    82       32.8612       27.6890 28683018   15.74%
  59396  6006        cutoff             32.8612       27.6890 28823752   15.74%
  59809  6146        cutoff             32.8612       27.6890 29094571   15.74%
  60291  6289       30.9661    92       32.8612       27.6890 29437720   15.74%
Elapsed time = 547.34 sec. (643707.43 ticks, tree = 13.46 MB, solutions = 26)
  60862  6441       32.8331    21       32.8612       27.6890 29713382   15.74%
  61414  6554       31.1476    98       32.8612       27.6890 29942593   15.74%
  61897  6725       29.0021   126       32.8612       27.6890 30296725   15.74%
  62441  6912       27.8451   216       32.8612       27.6890 30721618   15.74%
  62967  6951       31.9167    44       32.8612       27.6890 30879437   15.74%
  63447  7038       28.6726   240       32.8612       27.6890 31286696   15.74%
  63957  7113       30.3748   137       32.8612       27.7549 31462209   15.54%
  64489  7145        cutoff             32.8612       27.8082 31903797   15.38%
  64947  7140        cutoff             32.8612       28.0179 32045706   14.74%
  65474  7172       28.8665   157       32.8612       28.1420 32147040   14.36%
Elapsed time = 585.78 sec. (681909.43 ticks, tree = 14.84 MB, solutions = 26)
  66038  7258       30.0575   106       32.8612       28.2598 32476810   14.00%
  66769  7331       30.3988    87       32.8612       28.4644 33042408   13.38%
  67435  7320       28.7919    97       32.8612       28.6135 33155938   12.93%
  68056  7274        cutoff             32.8612       28.7175 33604619   12.61%
  68416  7221       31.6276   137       32.8612       28.7962 33521300   12.37%
  68834  7346       30.3666    50       32.8612       28.8118 34012596   12.32%
  69254  7390       31.2028   103       32.8612       28.9187 34291896   12.00%
  69661  7455       30.1170    91       32.8612       29.0373 34527498   11.64%
  70130  7552       31.8558    59       32.8612       29.1704 34802839   11.23%
  70581  7661       29.6014    80       32.8612       29.3049 34960623   10.82%
Elapsed time = 624.09 sec. (720133.89 ticks, tree = 14.68 MB, solutions = 26)
  71051  7929       31.2934   172       32.8612       29.3668 35557763   10.63%
  71523  7982       31.5732    82       32.8612       29.3987 35640346   10.54%
  71934  8107       32.3201   160       32.8612       29.4175 35931207   10.48%
  72442  8276        cutoff             32.8612       29.4175 36374876   10.48%
  72939  8366       31.6090    93       32.8612       29.4273 36473036   10.45%
  73549  8492       30.7722   128       32.8612       29.4273 36683243   10.45%
  74372  8805        cutoff             32.8612       29.4995 37411758   10.23%
  74911  8929       32.1046   182       32.8612       29.5344 37900555   10.12%
  75448  9028       30.3116    47       32.8612       29.5674 38239127   10.02%
  75974  9029       29.9310    77       32.8612       29.6361 38301157    9.81%
Elapsed time = 662.91 sec. (758346.06 ticks, tree = 16.73 MB, solutions = 26)
  76489  9137        cutoff             32.8612       29.6780 38594229    9.69%
  76986  9248       32.6920   114       32.8612       29.7336 38788468    9.52%
  77454  9358       30.8805   194       32.8612       29.8343 39086838    9.21%
  77944  9463       32.1084    78       32.8612       29.8863 39381770    9.05%
  78396  9674       31.4327    75       32.8612       29.9512 39858374    8.86%
  78915  9815        cutoff             32.8612       29.9935 40074045    8.73%
  79508  9883        cutoff             32.8612       30.0560 40190450    8.54%
  80229 10039       32.0082   108       32.8612       30.0842 40399332    8.45%
  80675 10338       32.8331    53       32.8612       30.1342 40844397    8.30%
  81105 10634       30.3768    69       32.8612       30.1769 41273477    8.17%
Elapsed time = 702.71 sec. (796546.10 ticks, tree = 19.99 MB, solutions = 26)
  81591 10871       30.3997    72       32.8612       30.2028 41746813    8.09%
  82095 11007       30.3724   114       32.8612       30.2180 41930184    8.04%
  82573 11027       30.4118   178       32.8612       30.2602 41944029    7.92%
  83107 11237       32.7083    87       32.8612       30.2738 42290148    7.87%
  83687 11467       32.8158    55       32.8612       30.3028 42511702    7.79%
  84439 11714       31.3266    72       32.8612       30.3266 42844717    7.71%
  85235 11902       32.3400   126       32.8612       30.3472 43255011    7.65%
  85954 12222        cutoff             32.8612       30.3666 43764797    7.59%
  86460 12325       32.5793    84       32.8612       30.3666 43930429    7.59%
  87035 12559       32.7318   111       32.8612       30.3666 44443730    7.59%
Elapsed time = 742.99 sec. (834780.13 ticks, tree = 23.55 MB, solutions = 26)
  87608 12532       31.0630   146       32.8612       30.3707 44397214    7.58%
  88231 12739       31.8603    74       32.8612       30.3815 45008329    7.55%
  88883 12942        cutoff             32.8612       30.3985 45210814    7.49%
  89506 12954       31.1257   138       32.8612       30.4175 45255131    7.44%
  90254 13099       32.2650   123       32.8612       30.4416 45669613    7.36%
  91084 13221       30.7509    55       32.8612       30.4663 45856760    7.29%
  91884 13360        cutoff             32.8612       30.4914 46326629    7.21%
  92774 13565        cutoff             32.8612       30.5241 46929166    7.11%
  93508 13621       32.7677    33       32.8612       30.5505 47292242    7.03%
  94215 13708       32.7025    55       32.8612       30.5705 47479542    6.97%
Elapsed time = 782.84 sec. (872970.89 ticks, tree = 25.82 MB, solutions = 26)
  94787 13769        cutoff             32.8612       30.5936 47616941    6.90%
  95489 13860       32.2375    41       32.8612       30.6184 47868186    6.82%
  96101 13901        cutoff             32.8612       30.6475 48160315    6.74%
  96746 14130        cutoff             32.8612       30.6707 48762624    6.67%
  97438 14126        cutoff             32.8612       30.7286 48697385    6.49%
  98082 14180        cutoff             32.8612       30.7509 48920296    6.42%
  98728 14432       30.9345   187       32.8612       30.7618 49543408    6.39%
  99438 14530       32.8105    97       32.8612       30.7791 49727841    6.34%
 100032 14695       32.8431    77       32.8612       30.8036 50181247    6.26%
 100711 14813       31.9150   168       32.8612       30.8246 50559476    6.20%
Elapsed time = 822.78 sec. (911217.13 ticks, tree = 28.08 MB, solutions = 26)
 101359 14877       32.7253   180       32.8612       30.8451 50750357    6.14%
 102035 14944        cutoff             32.8612       30.8558 51230740    6.10%
 102795 14949        cutoff             32.8612       30.8558 50908898    6.10%
 103545 15010       32.4923   119       32.8612       30.8669 51336080    6.07%
 104321 14975        cutoff             32.8612       30.8866 51857313    6.01%
 105058 14998       32.3266    64       32.8612       30.8999 52058382    5.97%
 105732 15025       31.3307   144       32.8612       30.9245 52019510    5.89%
 106452 15073       32.5261    68       32.8612       30.9390 52352604    5.85%
*106806 15178      integral     0       32.8331       30.9453 52924050    5.75%
 107194 14858        cutoff             32.8331       30.9656 52965153    5.69%
 107772 14830       31.5790   116       32.8331       30.9815 53032798    5.64%
Elapsed time = 862.04 sec. (949409.08 ticks, tree = 28.13 MB, solutions = 27)
 108365 14848       31.6828    48       32.8331       31.0086 53050235    5.56%
 109158 14998        cutoff             32.8331       31.0399 53479915    5.46%
 109983 15040        cutoff             32.8331       31.0631 53615233    5.39%
 110874 15248        cutoff             32.8331       31.0793 54066070    5.34%
 111842 15350        cutoff             32.8331       31.1056 54278935    5.26%
 112784 15634       31.5423   128       32.8331       31.1206 55062005    5.22%
 113649 15495        cutoff             32.8331       31.1409 54636998    5.15%
 114359 15857       31.2702    76       32.8331       31.1664 55890741    5.08%
 114980 15693        cutoff             32.8331       31.1797 55353087    5.04%
 115671 15968        cutoff             32.8331       31.2028 56187389    4.97%
Elapsed time = 902.00 sec. (987589.00 ticks, tree = 30.28 MB, solutions = 27)
 116442 15982       31.3670   165       32.8331       31.2028 56244231    4.97%
 117089 16187       32.5190    52       32.8331       31.2028 56904940    4.97%
 117692 16120        cutoff             32.8331       31.2237 56846653    4.90%
 118441 16230        cutoff             32.8331       31.2345 57031031    4.87%
 119257 16345       32.4121   136       32.8331       31.2453 57314855    4.84%
 120022 16312       31.6347   135       32.8331       31.2672 57683212    4.77%
 120927 16273       32.4491   117       32.8331       31.2826 58159006    4.72%
 121762 16274        cutoff             32.8331       31.3258 58090826    4.59%
 122701 16243        cutoff             32.8331       31.3266 58579499    4.59%
 123617 15968       32.2035   145       32.8331       31.3266 59184017    4.59%
Elapsed time = 940.74 sec. (1025824.76 ticks, tree = 30.30 MB, solutions = 27)
 124573 15980       32.7985    61       32.8331       31.3266 59402195    4.59%
 125521 15765        cutoff             32.8331       31.3266 59663302    4.59%
 126421 15672       31.7847    61       32.8331       31.3266 60074960    4.59%
 127448 15609        cutoff             32.8331       31.4687 60249533    4.16%
 128362 15514       32.7892    55       32.8331       31.4890 60425926    4.09%
 129289 15368       32.7585    34       32.8331       31.5573 60677325    3.89%
 130313 15193        cutoff             32.8331       31.5748 60987533    3.83%
 131190 14827       31.8111   114       32.8331       31.5977 61446135    3.76%
 132058 14759       32.2948    79       32.8331       31.5977 61594386    3.76%
 133005 14704        cutoff             32.8331       31.6394 61795640    3.64%
Elapsed time = 979.79 sec. (1064026.83 ticks, tree = 27.73 MB, solutions = 27)
 133872 14731        cutoff             32.8331       31.6498 61907041    3.60%
 134899 14412       31.9963   155       32.8331       31.6870 62674792    3.49%
 135881 14281        cutoff             32.8331       31.7030 62978810    3.44%
 137108 14400       32.8293    84       32.8331       31.7291 62679421    3.36%
 138161 13924       31.9223    58       32.8331       31.7342 63444572    3.35%
 139228 13791       31.9840   109       32.8331       31.7680 63717411    3.24%
 140176 13732        cutoff             32.8331       31.7985 63866638    3.15%
 141268 13803       31.9289   165       32.8331       31.8016 64003530    3.14%
 142337 13711       32.3396   110       32.8331       31.8186 64433557    3.09%
 144009 13067       32.2289   116       32.8331       31.8475 64998994    3.00%
Elapsed time = 1018.78 sec. (1102217.17 ticks, tree = 24.60 MB, solutions = 27)
 145781 12491        cutoff             32.8331       31.8816 65366103    2.90%
 147435 11805       32.2698    88       32.8331       32.0130 65652190    2.50%
 148629 11556       32.7103    44       32.8331       32.0405 65745660    2.41%
 149892 11095        cutoff             32.8331       32.0405 65979083    2.41%
 150931 10474        cutoff             32.8331       32.0993 66346438    2.24%
 152099  9889        cutoff             32.8331       32.1222 66775902    2.17%
 153321  9704       32.4622   108       32.8331       32.1628 66874901    2.04%
*153929  9084      integral     0       32.5216       32.1628 67200141    1.10%
 155132  4476        cutoff             32.5216       32.2028 67442539    0.98%
 156790  3368        cutoff             32.5216       32.2953 67779933    0.70%
 159254  1728        cutoff             32.5216       32.3907 68056154    0.40%
Elapsed time = 1059.04 sec. (1140400.13 ticks, tree = 2.57 MB, solutions = 28)
 161071  1274        cutoff             32.5216       32.4423 68198307    0.24%

GUB cover cuts applied:  40
Clique cuts applied:  2
Cover cuts applied:  662
Implied bound cuts applied:  9
Mixed integer rounding cuts applied:  41
Zero-half cuts applied:  91
Lift and project cuts applied:  8
Gomory fractional cuts applied:  8

Root node processing (before b&c):
  Real time             =    4.08 sec. (8184.12 ticks)
Parallel b&c, 16 threads:
  Real time             = 1059.34 sec. (1137514.86 ticks)
  Sync time (average)   =  434.14 sec.
  Wait time (average)   =    0.03 sec.
                          ------------
Total (root+branch&cut) = 1063.42 sec. (1145698.98 ticks)
Feasible solution found!
Truck nodes:
Truck at node 0 at stage 1
Truck at node 10 at stage 2
Truck at node 4 at stage 3
Truck at node 8 at stage 4
Truck at node 6 at stage 5
Truck at node 7 at stage 6
Truck at node 11 at stage 7

Truck arcs:
Arc 1 connecting 0 and 10 with cost 7.27469 
Arc 2 connecting 10 and 4 with cost 8.38296 
Arc 3 connecting 4 and 8 with cost 1.94864 
Arc 4 connecting 8 and 6 with cost 5.60229 
Arc 5 connecting 6 and 7 with cost 1.13809 
Arc 6 connecting 7 and 11 with cost 4.89079 
Truck route length: 29.2375
Customer 1 was served by drone!
Customer 2 was served by drone!
Customer 3 was served by drone!
Customer 5 was served by drone!
Customer 9 was served by drone!
served customer 1 with st stage 1
start from stage 1 at node 0
end at node 8
end at stage 4
served customer 3 with st stage 1
start from stage 1 at node 0
end at node 8
end at stage 4
served customer 5 with st stage 1
start from stage 1 at node 0
end at node 8
end at stage 4
served customer 2 with st stage 4
start from stage 4 at node 8
end at node 11
end at stage 7
served customer 9 with st stage 4
start from stage 4 at node 8
end at node 11
end at stage 7
Printing wait:
wait[4][7]== 0.284161
Printing z(k, k') and drone travel time: 
---------------------------------------------------------------
Sortie starts at stage 1 and ends at stage 4
Start node: 0
End node: 8
Customer served in this sortie:1 3 5 
Drone arcs during this sortie:
0-->1, l = 5.38044
1-->3, l = 2.81169
3-->5, l = 5.84064
5-->8, l = 3.56539
Truck arcs during this sortie:
0---10, l = 7.27469
10---4, l = 8.38296
4---8, l = 1.94864
Drone travel time during sortie: 17.5982
Truck travel time during sortie: 17.6063
Wait time for this sortie: 0
---------------------------------------------------------------
---------------------------------------------------------------
Sortie starts at stage 4 and ends at stage 7
Start node: 8
End node: 11
Customer served in this sortie:2 9 
Drone arcs during this sortie:
2-->9, l = 3.76225
8-->2, l = 3.43429
9-->11, l = 4.71879
Truck arcs during this sortie:
8---6, l = 5.60229
6---7, l = 1.13809
7---11, l = 4.89079
Drone travel time during sortie: 11.9153
Truck travel time during sortie: 11.6312
Wait time for this sortie: 0.284161
---------------------------------------------------------------
Printing zl:
zl[1][0] = 1
zl[4][8] = 1
Printing zr:
zr[1][8] = 1
zr[4][11] = 1
Printing zs:
zs[1][1] = 1
zs[1][3] = 1
zs[1][5] = 1
zs[4][2] = 1
zs[4][9] = 1
Printing x_d:
x_d[0][1] = 1
x_d[1][3] = 1
x_d[2][9] = 1
x_d[3][5] = 1
x_d[5][8] = 1
x_d[8][2] = 1
x_d[9][11] = 1
Done!
Solve time: 1063.42
OBJECTIVE VALUE: 32.5216.
In write mode
