Instance name: /home/orlab/CLionProjects/RV-FSTSP/Murray_instances/FSTSP/FSTSP_10_customer_problems/20140810T123440v7
Write arg val: 1
Input is specified as type M: Murray instance.-.-.-.-.-.-.-.-.-.-.-.-.-.-.-.-.-.-.-.-

drone speed: 0.4 miles/minute
uav non-eligible customer: 4 5 
Printing tau:
0 6.70596 5.99218 19.8811 13.1652 11.7619 4.72699 12.4128 7.62306 8.49346 13.6525 0 
6.70596 0 7.41815 13.1751 7.41924 8.38408 3.41898 9.99874 2.95098 5.14749 6.9465 6.70596 
5.99218 7.41815 0 14.3533 14.8374 5.76971 3.99917 6.42059 10.3691 12.5656 10.5246 5.99218 
19.8811 13.1751 14.3533 0 6.71587 15.3192 15.1541 16.9338 12.258 15.4145 6.22861 19.8811 
13.1652 7.41924 14.8374 6.71587 0 15.8033 10.8382 17.418 5.54215 8.69866 4.31275 13.1652 
11.7619 8.38408 5.76971 15.3192 15.8033 0 7.0349 1.61466 11.3351 13.5316 11.4906 11.7619 
4.72699 3.41898 3.99917 15.1541 10.8382 7.0349 0 7.68579 6.36995 8.56647 8.92548 4.72699 
12.4128 9.99874 6.42059 16.9338 17.418 1.61466 7.68579 0 12.9497 15.1462 13.1052 12.4128 
7.62306 2.95098 10.3691 12.258 5.54215 11.3351 6.36995 12.9497 0 3.15652 6.0294 7.62306 
8.49346 5.14749 12.5656 15.4145 8.69866 13.5316 8.56647 15.1462 3.15652 0 9.18592 8.49346 
13.6525 6.9465 10.5246 6.22861 4.31275 11.4906 8.92548 13.1052 6.0294 9.18592 0 13.6525 
0 0 0 0 0 0 0 0 0 0 0 0 
Printing tau_prime:
0 5.29931 5.12294 15.8265 12.0252 9.04778 3.34288 9.95832 6.99151 6.7856 10.6776 0 
5.29931 0 5.26965 10.528 6.95583 6.92297 2.79336 8.14071 2.1851 3.96936 5.38071 5.29931 
5.12294 5.26965 0 14.123 11.6533 4.13658 2.96598 4.89302 7.42221 8.9505 9.20456 5.12294 
15.8265 10.528 14.123 0 4.76116 12.2597 12.9779 13.0868 9.11406 10.9728 5.16981 15.8265 
12.0252 6.95583 11.6533 4.76116 0 11.2186 9.71264 12.3279 5.03393 6.35719 3.06897 12.0252 
9.04778 6.92297 4.13658 12.2597 11.2186 0 6.0886 1.23101 8.53268 10.8703 8.2343 9.04778 
3.34288 2.79336 2.96598 12.9779 9.71264 6.0886 0 7.15418 4.94791 6.06021 7.81812 3.34288 
9.95832 8.14071 4.89302 13.0868 12.3279 1.23101 7.15418 0 9.7631 12.0944 9.30817 9.95832 
6.99151 2.1851 7.42221 9.11406 5.03393 8.53268 4.94791 9.7631 0 2.71922 4.26485 6.99151 
6.7856 3.96936 8.9505 10.9728 6.35719 10.8703 6.06021 12.0944 2.71922 0 6.65382 6.7856 
10.6776 5.38071 9.20456 5.16981 3.06897 8.2343 7.81812 9.30817 4.26485 6.65382 0 10.6776 
0 0 0 0 0 0 0 0 0 0 0 0 
---------------------------------------------------------------
Current config:
- Number of threads = 16
- Drone endurance = 20
- SL = 1
- SR = 1
- L = 3
- Allow loop = 0
- Use TSP optimal solution as warmstart: = 0
- Use cutting plane method: = 0
- Use CPLEX conflict refiner: = 0
---------------------------------------------------------------
M value: 534.879
Warning:  Output names have been modified due to duplicate names or characters invalid in LP format.
Version identifier: 22.1.1.0 | 2022-11-28 | 9160aff4d
CPXPARAM_Threads                                 16
CPXPARAM_TimeLimit                               3600
Tried aggregator 2 times.
MIP Presolve eliminated 1031 rows and 429 columns.
MIP Presolve modified 2697 coefficients.
Aggregator did 34 substitutions.
Reduced MIP has 3967 rows, 2981 columns, and 84108 nonzeros.
Reduced MIP has 2805 binaries, 0 generals, 0 SOSs, and 0 indicators.
Presolve time = 0.07 sec. (131.26 ticks)
Probing fixed 6 vars, tightened 0 bounds.
Probing time = 0.02 sec. (61.78 ticks)
Tried aggregator 1 time.
Detecting symmetries...
MIP Presolve eliminated 2 rows and 6 columns.
MIP Presolve modified 30 coefficients.
Reduced MIP has 3965 rows, 2975 columns, and 83898 nonzeros.
Reduced MIP has 2799 binaries, 0 generals, 0 SOSs, and 0 indicators.
Presolve time = 0.04 sec. (59.02 ticks)
Probing time = 0.01 sec. (7.63 ticks)
Clique table members: 38772.
MIP emphasis: balance optimality and feasibility.
MIP search method: dynamic search.
Parallel mode: deterministic, using up to 16 threads.
Root relaxation solution time = 0.09 sec. (177.28 ticks)

        Nodes                                         Cuts/
   Node  Left     Objective  IInf  Best Integer    Best Bound    ItCnt     Gap

      0     0       22.4547   152                     22.4547     1351         
*     0+    0                        53495.9300       22.4547            99.96%
      0     0       29.8471   175    53495.9300      Cuts: 23     2794   99.94%
      0     0       32.5137   196    53495.9300     Cuts: 136     3928   99.94%
      0     0       32.9127   186    53495.9300     Cuts: 125     5327   99.94%
*     0+    0                          120.5742       32.9127            72.70%
*     0+    0                          118.5403       32.9127            72.24%
*     0+    0                          117.2404       32.9127            71.93%
      0     0  -1.00000e+75     0      117.2404       32.9127     5327   71.93%
      0     0       33.1678   241      117.2404      Cuts: 92     5885   71.71%
*     0+    0                          107.2079       33.1678            69.06%
      0     0       36.4578   197      107.2079     Cuts: 146    10920   65.99%
Detecting symmetries...
      0     0       36.4589   179      107.2079     Cuts: 120    13610   65.99%
*     0+    0                           96.3253       36.4589            62.15%
*     0+    0                           92.5134       36.4589            60.59%
*     0+    0                           88.8948       36.4589            58.99%
*     0+    0                           63.9821       36.4589            43.02%
      0     0  -1.00000e+75     0       63.9821       36.4589    13610   43.02%
      0     0       36.7717   185       63.9821      Cuts: 69    14038   42.53%
      0     0       38.7203   216       63.9821      Cuts: 53    14983   39.48%
*     0+    0                           63.5076       38.7203            39.03%
      0     0       39.1528   249       63.5076      Cuts: 60    16193   38.35%
      0     0       39.2246   222       63.5076      Cuts: 56    16791   38.24%
      0     0       39.3016   239       63.5076      Cuts: 65    18510   38.12%
      0     0       39.3016   235       63.5076      Cuts: 62    19013   38.12%
      0     0       39.3016   231       63.5076      Cuts: 11    19274   38.12%
Detecting symmetries...
      0     2       39.3016   228       63.5076       39.3016    19274   38.12%
Elapsed time = 3.86 sec. (7554.02 ticks, tree = 0.02 MB, solutions = 10)
      3     4       40.5992   123       63.5076       39.3245    22650   38.08%
*    17+    8                           61.1535       39.3245            35.70%
     27    26       43.7304    47       61.1535       39.3245    35374   35.70%
*    63+    8                           52.2944       39.3245            24.80%
    209   140       45.9065    47       52.2944       39.3245    65047   24.80%
    451   260       44.8353    69       52.2944       39.9900   102681   23.53%
    722   428       43.9915   108       52.2944       39.9900   151419   23.53%
    950   533       44.8869    84       52.2944       40.4334   184277   22.68%
   1164   675       49.3881    92       52.2944       40.6304   213878   22.30%
   1420   835       45.0032   118       52.2944       40.6304   255942   22.30%
   1613   969       44.3971    91       52.2944       41.2394   293310   21.14%
   2255  1414       47.4197    47       52.2944       41.2394   436969   21.14%
Elapsed time = 7.29 sec. (10905.03 ticks, tree = 2.49 MB, solutions = 13)
   2531  1522       44.8245    80       52.2944       41.2394   517829   21.14%
   3451  2012       44.1268    70       52.2944       41.4516   635517   20.73%
   4284  2583        cutoff             52.2944       41.5382   756776   20.57%

Performing restart 1

Repeating presolve.
Tried aggregator 1 time.
MIP Presolve eliminated 8 rows and 128 columns.
MIP Presolve modified 2646 coefficients.
Reduced MIP has 3957 rows, 2847 columns, and 77353 nonzeros.
Reduced MIP has 2671 binaries, 0 generals, 0 SOSs, and 0 indicators.
Presolve time = 0.04 sec. (73.14 ticks)
Tried aggregator 1 time.
Reduced MIP has 3957 rows, 2847 columns, and 77353 nonzeros.
Reduced MIP has 2671 binaries, 0 generals, 0 SOSs, and 0 indicators.
Presolve time = 0.03 sec. (45.21 ticks)
Represolve time = 0.14 sec. (258.54 ticks)
   4289     0       40.0401   235       52.2944      Cuts: 65   822700   19.00%
   4289     0       40.1389   224       52.2944      Cuts: 84   823777   19.00%
   4289     0       40.1767   247       52.2944      Cuts: 41   824046   19.00%
   4289     0       40.2566   264       52.2944      Cuts: 42   825016   19.00%
   4289     0       40.2637   258       52.2944      Cuts: 64   825420   19.00%
   4289     0       40.3566   261       52.2944      Cuts: 73   825888   19.00%
   4289     0       40.3751   270       52.2944      Cuts: 62   826890   19.00%
*  4289+    0                           50.9951       42.3568            16.94%
   4289     2       40.3751   270       50.9951       42.3568   826890   16.94%
   4290     3       44.1376   154       50.9951       42.3568   830728   16.94%
   4292     3       44.1376    92       50.9951       42.3568   833282   16.94%
   4307    11       44.1376    94       50.9951       42.3568   866145   16.94%
   4356    29       49.1217    75       50.9951       42.3568   882236   16.94%
   4516    50       44.8259    85       50.9951       42.3568   891577   16.94%
*  4733+  208                           50.4218       42.3568            16.00%
   4760   223       46.0228   146       50.4218       42.3568   952961   16.00%
Elapsed time = 21.40 sec. (36616.21 ticks, tree = 1.99 MB, solutions = 15)
   4918   357       45.1409    81       50.4218       42.3568  1011308   16.00%
   5073   415       46.8043    61       50.4218       42.3568  1046222   16.00%
   5250   543       45.6497   124       50.4218       42.3568  1087993   16.00%
   5486   634       46.6595    72       50.4218       42.3568  1113333   16.00%
   6032   952       44.9600   199       50.4218       42.3568  1209103   16.00%
*  6232  1164      integral     0       49.8506       42.3568  1248279   15.03%
*  6236  1149      integral     0       49.3479       42.3568  1259859   14.17%
   6350  1039       49.5224    63       49.3479       42.3568  1225552   14.17%
   6459  1319       46.1433    82       49.3479       42.3568  1330465   14.17%
   6559  1338       45.9145   131       49.3479       42.3568  1373346   14.17%
   6680  1413       46.2674    71       49.3479       42.3568  1453065   14.17%
   6910  1487       45.6047   148       49.3479       42.3568  1501983   14.17%
Elapsed time = 30.22 sec. (46192.40 ticks, tree = 20.59 MB, solutions = 17)
   7181  1614       44.4028   217       49.3479       42.3568  1562589   14.17%
   7387  1958    infeasible             49.3479       42.3568  1686223   14.17%
   7491  1969       45.7825    64       49.3479       42.3568  1688866   14.17%
   7684  2056       44.7074   173       49.3479       42.3568  1749567   14.17%
   8069  2091       45.3408    77       49.3479       42.3568  1793181   14.17%
   8435  2337       44.0638    70       49.3479       42.3568  1884370   14.17%
   8664  2708       44.8462    81       49.3479       42.3568  1998303   14.17%
   8803  2820       44.0629   122       49.3479       42.3568  2057938   14.17%
   8911  2861       45.2221    62       49.3479       42.3568  2103141   14.17%
   9009  2877        cutoff             49.3479       42.3568  2106149   14.17%
Elapsed time = 39.06 sec. (55787.18 ticks, tree = 41.64 MB, solutions = 17)
   9118  2946       45.1913    96       49.3479       42.3568  2191399   14.17%
   9222  2948       45.8096   169       49.3479       42.3568  2204338   14.17%
   9343  2998        cutoff             49.3479       42.3568  2263839   14.17%
   9501  3042       43.9483   197       49.3479       42.3568  2306452   14.17%
   9739  3122       46.1631    40       49.3479       42.3568  2351740   14.17%
   9833  3103       43.7925   154       49.3479       42.3568  2356909   14.17%

Performing restart 2

Repeating presolve.
Tried aggregator 2 times.
MIP Presolve eliminated 0 rows and 129 columns.
MIP Presolve modified 12955 coefficients.
Aggregator did 5 substitutions.
Reduced MIP has 3952 rows, 2713 columns, and 84061 nonzeros.
Reduced MIP has 2537 binaries, 0 generals, 0 SOSs, and 0 indicators.
Presolve time = 0.09 sec. (233.02 ticks)
Tried aggregator 1 time.
Reduced MIP has 3952 rows, 2713 columns, and 84061 nonzeros.
Reduced MIP has 2537 binaries, 0 generals, 0 SOSs, and 0 indicators.
Presolve time = 0.03 sec. (59.37 ticks)
Represolve time = 0.22 sec. (468.75 ticks)
   9835     0       40.4252   294       49.3479      Cuts: 80  2513847   14.17%
   9835     0       40.4564   266       49.3479      Cuts: 32  2514676   14.17%
   9835     0       40.5425   301       49.3479      Cuts: 54  2515367   14.17%
   9835     0       40.5812   308       49.3479      Cuts: 40  2515762   14.17%
   9835     0       40.5859   303       49.3479      Cuts: 55  2515937   14.17%
   9835     0       40.6233   314       49.3479      Cuts: 49  2516256   14.17%
   9835     0       40.6287   336       49.3479      Cuts: 21  2516411   14.17%
   9835     0       40.6748   298       49.3479      Cuts: 34  2516906   14.17%
   9835     0       40.7010   328       49.3479      Cuts: 54  2517171   14.17%
   9835     2       40.7010   326       49.3479       42.3568  2517171   14.17%
   9838     4       44.1378   143       49.3479       42.3568  2523562   14.17%
   9903    38       45.8550    60       49.3479       42.3568  2549096   14.17%
  10301   202       48.8378    66       49.3479       42.3568  2645388   14.17%
Elapsed time = 58.76 sec. (93854.79 ticks, tree = 0.57 MB, solutions = 17)
  10406   255        cutoff             49.3479       42.3568  2720463   14.17%
  10488   269       48.8318    56       49.3479       42.3568  2745183   14.17%
  10590   283        cutoff             49.3479       42.3568  2795276   14.17%
  10711   296       46.5796    77       49.3479       42.3568  2821271   14.17%
  10859   337       46.9610   109       49.3479       42.3568  2847005   14.17%
  11126   406       45.3449   113       49.3479       42.3568  2873901   14.17%
  11315   669       45.2299    78       49.3479       42.3568  2946796   14.17%
  11378   722       47.9575    96       49.3479       42.3568  2975933   14.17%
  11476   778       49.1811    83       49.3479       42.3568  3033199   14.17%
  11735   840       48.9818    34       49.3479       42.3568  3068712   14.17%
Elapsed time = 67.30 sec. (103479.51 ticks, tree = 9.80 MB, solutions = 17)
  12106   976       44.9816    99       49.3479       42.3568  3134683   14.17%
  12291  1106       45.8002    76       49.3479       42.3568  3170220   14.17%
  12393  1395       44.2728    70       49.3479       42.4019  3294554   14.08%
  12545  1418       44.5545   110       49.3479       42.4019  3303369   14.08%
  12862  1532       43.8678   103       49.3479       42.4019  3359941   14.08%
  13290  1698        cutoff             49.3479       42.4019  3404653   14.08%
  13740  2097        cutoff             49.3479       43.1905  3534186   12.48%
  14015  2273       44.2231    87       49.3479       43.1905  3579516   12.48%
  14188  2413       44.2364    96       49.3479       43.1905  3622576   12.48%
  14350  2533        cutoff             49.3479       43.2669  3677754   12.32%
Elapsed time = 75.96 sec. (113056.11 ticks, tree = 39.54 MB, solutions = 17)
  14503  2590    infeasible             49.3479       43.2978  3731938   12.26%
  14706  2615       43.7304   102       49.3479       43.5670  3743264   11.71%
  14985  2720    infeasible             49.3479       43.5670  3816639   11.71%
  15265  2782       46.7724    79       49.3479       43.7304  3851065   11.38%
  15424  2982       44.2276    84       49.3479       43.7304  3967976   11.38%
  15513  3026       43.7498    88       49.3479       43.7304  4024372   11.38%
  15654  3046        cutoff             49.3479       43.7304  4053059   11.38%
  15811  3092       46.3725   106       49.3479       43.7304  4101296   11.38%
  15976  3165       43.7959    91       49.3479       43.7304  4163828   11.38%
  16131  3200       44.9885    83       49.3479       43.7304  4195704   11.38%
Elapsed time = 84.36 sec. (122655.07 ticks, tree = 54.10 MB, solutions = 17)
  16304  3334    infeasible             49.3479       43.7304  4292913   11.38%
  16478  3392       46.0602    83       49.3479       43.7304  4357477   11.38%
  16623  3395       47.7270    77       49.3479       43.7304  4360646   11.38%
  16813  3414       44.7304    87       49.3479       43.7304  4403948   11.38%
  16988  3472       46.7508   161       49.3479       43.7554  4456651   11.33%
  17173  3570       47.4891    69       49.3479       43.7611  4545981   11.32%
  17375  3590        cutoff             49.3479       43.8044  4576293   11.23%
  17569  3659    infeasible             49.3479       43.8044  4622243   11.23%
  17764  3701       44.8386    74       49.3479       43.8175  4676846   11.21%
  17944  3813       46.3253    99       49.3479       43.9130  4772411   11.01%
Elapsed time = 92.68 sec. (132289.78 ticks, tree = 68.02 MB, solutions = 17)
  18283  3848       44.7032    83       49.3479       43.9130  4784224   11.01%
  18664  3886       47.9597    55       49.3479       43.9198  4826668   11.00%
* 19004  3928      integral     0       48.0924       43.9198  4845110    8.68%
  19069  3986       44.7964   105       48.0924       43.9198  4864359    8.68%
  19299  4105       48.1926   100       48.0924       44.0638  4932226    8.38%
  19507  3941       44.7304    88       48.0924       44.0674  5085048    8.37%
  19743  3984        cutoff             48.0924       44.0674  5119785    8.37%
  19926  3988        cutoff             48.0924       44.1261  5122057    8.25%
  20096  4016       46.0062   109       48.0924       44.1261  5161363    8.25%
  20254  4076        cutoff             48.0924       44.1761  5239160    8.14%
  21258  4240       47.7981    54       48.0924       44.2555  5404873    7.98%
Elapsed time = 103.98 sec. (144733.81 ticks, tree = 73.09 MB, solutions = 18)
  22103  4735       47.8575    88       48.0924       44.4612  5639372    7.55%
  22645  4861       48.0336    55       48.0924       44.4860  5821533    7.50%
  23262  4951       46.9479    55       48.0924       44.5638  5996359    7.34%
  24301  5263    infeasible             48.0924       44.6904  6308438    7.07%
  25090  5357    infeasible             48.0924       44.6904  6501370    7.07%
  25742  5410       46.4369   142       48.0924       44.7304  6676699    6.99%
  26428  5591       46.4777    91       48.0924       44.8043  6879957    6.84%
  27182  5725        cutoff             48.0924       44.8282  7050776    6.79%
  27991  5872       45.7304    78       48.0924       44.8659  7258758    6.71%
  28731  5958       45.6320    69       48.0924       44.9491  7462565    6.54%
Elapsed time = 138.71 sec. (182938.25 ticks, tree = 109.15 MB, solutions = 18)
  29348  6120       47.0853   112       48.0924       44.9719  7687486    6.49%
  30707  6528       47.2271   100       48.0924       45.1261  7936640    6.17%
  31661  6893       45.8043    51       48.0924       45.1696  8124677    6.08%
  32264  7069       47.2656    64       48.0924       45.2189  8328889    5.97%
  33039  7129        cutoff             48.0924       45.2736  8506493    5.86%
  34570  7283       46.7392    93       48.0924       45.3645  8606641    5.67%
  35339  7872        cutoff             48.0924       45.4314  8964383    5.53%
  36015  8042       45.7643    43       48.0924       45.5249  9152628    5.34%
  36821  8142       47.2909   103       48.0924       45.5635  9246528    5.26%
  38548  8462       46.1798    92       48.0924       45.6235  9501629    5.13%
Elapsed time = 174.07 sec. (221147.30 ticks, tree = 183.54 MB, solutions = 18)
  39617  8849       47.3399    74       48.0924       45.6562  9851877    5.07%
  40387  8827       46.8091    87       48.0924       45.6986 10057694    4.98%
  41110  8826        cutoff             48.0924       45.7304 10339299    4.91%
  41804  8928        cutoff             48.0924       45.7304 10667966    4.91%
  42497  8960       45.8043    68       48.0924       45.7643 10781185    4.84%
  43271  9010       46.9328    80       48.0924       45.7857 10883708    4.80%
  43994  9028       45.9949    62       48.0924       45.8002 11085125    4.77%
  44820  9082       46.9628    79       48.0924       45.8043 11312175    4.76%
  45700  9081       45.9960    44       48.0924       45.8168 11467547    4.73%
  46503  9034        cutoff             48.0924       45.8445 11621021    4.67%
Elapsed time = 209.77 sec. (259342.42 ticks, tree = 184.72 MB, solutions = 18)
  47373  8976       46.9150    69       48.0924       45.8743 11888754    4.61%
  48178  8980        cutoff             48.0924       45.9174 11932938    4.52%
  49047  8950       46.6904    70       48.0924       45.9712 12283030    4.41%
  49828  8868       47.1147    82       48.0924       45.9960 12388635    4.36%
  50537  8861        cutoff             48.0924       46.0070 12531264    4.34%
  51331  8765       46.7643    40       48.0924       46.0451 12786875    4.26%
  52033  8680        cutoff             48.0924       46.0976 12955298    4.15%
  52814  8715       47.5242    89       48.0924       46.1375 13111790    4.06%
  53634  8727        cutoff             48.0924       46.1586 13313574    4.02%
  54472  8717       46.4060    59       48.0924       46.2021 13408127    3.93%
Elapsed time = 245.27 sec. (297527.01 ticks, tree = 177.11 MB, solutions = 18)
  55239  8614    infeasible             48.0924       46.2368 13652800    3.86%
  55940  8596       46.5673    61       48.0924       46.2931 13874542    3.74%
  56705  8607       47.8002    74       48.0924       46.3293 13970293    3.67%
  57535  8564       46.9807    62       48.0924       46.3724 14172295    3.58%
  58329  8564        cutoff             48.0924       46.4089 14360783    3.50%
  59122  8597        cutoff             48.0924       46.4517 14457758    3.41%
  59923  8665       47.3994   112       48.0924       46.4817 14529801    3.35%
  61099  8768       47.8814    70       48.0924       46.5316 14744359    3.25%
  62095  8789       47.9597    38       48.0924       46.5769 14898078    3.15%
  62871  8876       47.2043   114       48.0924       46.6240 15094831    3.05%
Elapsed time = 281.16 sec. (335744.60 ticks, tree = 184.35 MB, solutions = 18)
  63647  9042        cutoff             48.0924       46.6422 15376159    3.02%
  64426  8899       47.0515    95       48.0924       46.6724 15730672    2.95%
  65198  8861        cutoff             48.0924       46.7022 15783759    2.89%
  65956  8839       46.9478    95       48.0924       46.7325 15869925    2.83%
  66627  8647       47.1026    81       48.0924       46.7643 16235421    2.76%
  67412  8566        cutoff             48.0924       46.7792 16394481    2.73%
  68281  8484        cutoff             48.0924       46.8002 16561176    2.69%
  69283  8220       47.2095   103       48.0924       46.8043 16951299    2.68%
  70249  8268       48.0564    44       48.0924       46.8200 16864987    2.65%
  71186  7993        cutoff             48.0924       46.8559 17227732    2.57%
Elapsed time = 317.53 sec. (373920.55 ticks, tree = 160.26 MB, solutions = 18)
  72215  7748        cutoff             48.0924       46.8741 17440906    2.53%
  73073  7619       46.9960    43       48.0924       46.9238 17591915    2.43%
  73892  7588        cutoff             48.0924       46.9515 17612269    2.37%
  74872  7270       48.0524    29       48.0924       46.9597 17898412    2.36%
  75887  6865       47.9597    21       48.0924       46.9597 18149504    2.36%
  76841  6826       47.8382    63       48.0924       46.9861 18193793    2.30%
  77777  6149        cutoff             48.0924       47.0698 18567029    2.13%
  78793  5982        cutoff             48.0924       47.1263 18671617    2.01%
  79763  6018       47.2931    82       48.0924       47.1707 18675585    1.92%
  80867  4963        cutoff             48.0924       47.2849 19157051    1.68%
Elapsed time = 354.85 sec. (412127.94 ticks, tree = 86.42 MB, solutions = 18)
  82070  4407       47.5634    55       48.0924       47.2931 19328769    1.66%
  83524  3619        cutoff             48.0924       47.4644 19496781    1.31%
  84751  2950        cutoff             48.0924       47.6636 19706788    0.89%
  86111  2540        cutoff             48.0924       47.7593 19805019    0.69%
  87173  1723       48.0208   118       48.0924       47.8341 20070750    0.54%
  88341  1191    infeasible             48.0924       47.8655 20272817    0.47%
  89653   721        cutoff             48.0924       47.9197 20439840    0.36%
  90652    40       48.0698    65       48.0924       47.9922 20672461    0.21%

GUB cover cuts applied:  32
Clique cuts applied:  4
Cover cuts applied:  1164
Implied bound cuts applied:  36
Flow cuts applied:  1
Mixed integer rounding cuts applied:  66
Zero-half cuts applied:  83
Lift and project cuts applied:  23
Gomory fractional cuts applied:  7

Root node processing (before b&c):
  Real time             =    3.79 sec. (7351.05 ticks)
Parallel b&c, 16 threads:
  Real time             =  383.90 sec. (438194.34 ticks)
  Sync time (average)   =  153.21 sec.
  Wait time (average)   =    0.02 sec.
                          ------------
Total (root+branch&cut) =  387.69 sec. (445545.39 ticks)
Feasible solution found!
Truck nodes:
Truck at node 0 at stage 1
Truck at node 6 at stage 2
Truck at node 5 at stage 3
Truck at node 1 at stage 4
Truck at node 4 at stage 5
Truck at node 8 at stage 6
Truck at node 11 at stage 7

Truck arcs:
Arc 1 connecting 0 and 6 with cost 4.72699 
Arc 2 connecting 6 and 5 with cost 7.0349 
Arc 3 connecting 5 and 1 with cost 8.38408 
Arc 4 connecting 1 and 4 with cost 7.41924 
Arc 5 connecting 4 and 8 with cost 5.54215 
Arc 6 connecting 8 and 11 with cost 7.62306 
Truck route length: 40.7304
Customer 2 was served by drone!
Customer 3 was served by drone!
Customer 7 was served by drone!
Customer 9 was served by drone!
Customer 10 was served by drone!
served customer 2 with st stage 1
start from stage 1 at node 0
end at node 5
end at stage 3
served customer 7 with st stage 1
start from stage 1 at node 0
end at node 5
end at stage 3
served customer 3 with st stage 3
start from stage 3 at node 5
end at node 4
end at stage 5
served customer 10 with st stage 3
start from stage 3 at node 5
end at node 4
end at stage 5
served customer 9 with st stage 5
start from stage 5 at node 4
end at node 11
end at stage 7
Printing wait:
wait[3][5]== 2.36195
Printing z(k, k') and drone travel time: 
---------------------------------------------------------------
Sortie starts at stage 1 and ends at stage 3
Start node: 0
End node: 5
Customer served in this sortie:2 7 
Drone arcs during this sortie:
0-->2, l = 5.12294
2-->7, l = 4.89302
7-->5, l = 1.23101
Truck arcs during this sortie:
0---6, l = 4.72699
6---5, l = 7.0349
Drone travel time during sortie: 11.247
Truck travel time during sortie: 11.7619
Wait time for this sortie: 0
---------------------------------------------------------------
---------------------------------------------------------------
Sortie starts at stage 3 and ends at stage 5
Start node: 5
End node: 4
Customer served in this sortie:3 10 
Drone arcs during this sortie:
3-->4, l = 4.76116
5-->10, l = 8.2343
10-->3, l = 5.16981
Truck arcs during this sortie:
5---1, l = 8.38408
1---4, l = 7.41924
Drone travel time during sortie: 18.1653
Truck travel time during sortie: 15.8033
Wait time for this sortie: 2.36195
---------------------------------------------------------------
---------------------------------------------------------------
Sortie starts at stage 5 and ends at stage 7
Start node: 4
End node: 11
Customer served in this sortie:9 
Drone arcs during this sortie:
4-->9, l = 6.35719
9-->11, l = 6.7856
Truck arcs during this sortie:
4---8, l = 5.54215
8---11, l = 7.62306
Drone travel time during sortie: 13.1428
Truck travel time during sortie: 13.1652
Wait time for this sortie: 0
---------------------------------------------------------------
Printing zl:
zl[1][0] = 1
zl[3][5] = 1
zl[5][4] = 1
Printing zr:
zr[1][5] = 1
zr[3][4] = 1
zr[5][11] = 1
Printing zs:
zs[1][2] = 1
zs[1][7] = 1
zs[3][3] = 1
zs[3][10] = 1
zs[5][9] = 1
Printing x_d:
x_d[0][2] = 1
x_d[2][7] = 1
x_d[3][4] = 1
x_d[4][9] = 1
x_d[5][10] = 1
x_d[7][5] = 1
x_d[9][11] = 1
x_d[10][3] = 1
Done!
Solve time: 387.703
OBJECTIVE VALUE: 48.0924.
In write mode
