Instance name: /home/orlab/CLionProjects/RV-FSTSP/Murray_instances/FSTSP/FSTSP_10_customer_problems/20140810T123440v5
Write arg val: 1
Input is specified as type M: Murray instance.-.-.-.-.-.-.-.-.-.-.-.-.-.-.-.-.-.-.-.-

drone speed: 0.4 miles/minute
uav non-eligible customer: 4 5 
Printing tau:
0 1.83841 6.19937 11.3367 8.63802 7.16529 3.81739 8.77996 4.16976 6.36627 5.10809 0 
1.83841 0 7.41815 13.1751 7.41924 8.38408 3.41898 9.99874 2.95098 5.14749 6.9465 1.83841 
6.19937 7.41815 0 14.3533 14.8374 5.76971 3.99917 6.42059 10.3691 12.5656 10.5246 6.19937 
11.3367 13.1751 14.3533 0 6.71587 15.3192 15.1541 16.9338 12.258 15.4145 6.22861 11.3367 
8.63802 7.41924 14.8374 6.71587 0 15.8033 10.8382 17.418 5.54215 8.69866 4.31275 8.63802 
7.16529 8.38408 5.76971 15.3192 15.8033 0 7.0349 1.61466 11.3351 13.5316 11.4906 7.16529 
3.81739 3.41898 3.99917 15.1541 10.8382 7.0349 0 7.68579 6.36995 8.56647 8.92548 3.81739 
8.77996 9.99874 6.42059 16.9338 17.418 1.61466 7.68579 0 12.9497 15.1462 13.1052 8.77996 
4.16976 2.95098 10.3691 12.258 5.54215 11.3351 6.36995 12.9497 0 3.15652 6.0294 4.16976 
6.36627 5.14749 12.5656 15.4145 8.69866 13.5316 8.56647 15.1462 3.15652 0 9.18592 6.36627 
5.10809 6.9465 10.5246 6.22861 4.31275 11.4906 8.92548 13.1052 6.0294 9.18592 0 5.10809 
0 0 0 0 0 0 0 0 0 0 0 0 
Printing tau_prime:
0 1.55968 4.74056 9.87438 6.92703 5.554 3.11555 6.78425 3.01958 5.34594 4.73289 0 
1.55968 0 5.26965 10.528 6.95583 6.92297 2.79336 8.14071 2.1851 3.96936 5.38071 1.55968 
4.74056 5.26965 0 14.123 11.6533 4.13658 2.96598 4.89302 7.42221 8.9505 9.20456 4.74056 
9.87438 10.528 14.123 0 4.76116 12.2597 12.9779 13.0868 9.11406 10.9728 5.16981 9.87438 
6.92703 6.95583 11.6533 4.76116 0 11.2186 9.71264 12.3279 5.03393 6.35719 3.06897 6.92703 
5.554 6.92297 4.13658 12.2597 11.2186 0 6.0886 1.23101 8.53268 10.8703 8.2343 5.554 
3.11555 2.79336 2.96598 12.9779 9.71264 6.0886 0 7.15418 4.94791 6.06021 7.81812 3.11555 
6.78425 8.14071 4.89302 13.0868 12.3279 1.23101 7.15418 0 9.7631 12.0944 9.30817 6.78425 
3.01958 2.1851 7.42221 9.11406 5.03393 8.53268 4.94791 9.7631 0 2.71922 4.26485 3.01958 
5.34594 3.96936 8.9505 10.9728 6.35719 10.8703 6.06021 12.0944 2.71922 0 6.65382 5.34594 
4.73289 5.38071 9.20456 5.16981 3.06897 8.2343 7.81812 9.30817 4.26485 6.65382 0 4.73289 
0 0 0 0 0 0 0 0 0 0 0 0 
---------------------------------------------------------------
Current config:
- Number of threads = 16
- Drone endurance = 20
- SL = 1
- SR = 1
- L = 3
- Allow loop = 0
- Use TSP optimal solution as warmstart: = 0
- Use cutting plane method: = 0
- Use CPLEX conflict refiner: = 0
---------------------------------------------------------------
M value: 493.883
Warning:  Output names have been modified due to duplicate names or characters invalid in LP format.
Version identifier: 22.1.1.0 | 2022-11-28 | 9160aff4d
CPXPARAM_Threads                                 16
CPXPARAM_TimeLimit                               3600
Tried aggregator 2 times.
MIP Presolve eliminated 1032 rows and 429 columns.
MIP Presolve modified 2672 coefficients.
Aggregator did 34 substitutions.
Reduced MIP has 3966 rows, 2981 columns, and 84106 nonzeros.
Reduced MIP has 2805 binaries, 0 generals, 0 SOSs, and 0 indicators.
Presolve time = 0.07 sec. (127.53 ticks)
Probing fixed 3 vars, tightened 0 bounds.
Probing time = 0.02 sec. (41.43 ticks)
Tried aggregator 1 time.
Detecting symmetries...
MIP Presolve eliminated 2 rows and 3 columns.
MIP Presolve modified 24 coefficients.
Reduced MIP has 3964 rows, 2978 columns, and 84013 nonzeros.
Reduced MIP has 2802 binaries, 0 generals, 0 SOSs, and 0 indicators.
Presolve time = 0.03 sec. (49.91 ticks)
Probing time = 0.01 sec. (6.66 ticks)
Clique table members: 40052.
MIP emphasis: balance optimality and feasibility.
MIP search method: dynamic search.
Parallel mode: deterministic, using up to 16 threads.
Root relaxation solution time = 0.11 sec. (250.42 ticks)

        Nodes                                         Cuts/
   Node  Left     Objective  IInf  Best Integer    Best Bound    ItCnt     Gap

*     0+    0                        49356.3252        0.0000           100.00%
      0     0       19.0624   172    49356.3252       19.0624     1736   99.96%
*     0+    0                          111.5855       19.0624            82.92%
      0     0       27.5408   112      111.5855      Cuts: 54     2701   75.32%
      0     0       29.6313   163      111.5855     Cuts: 109     3966   73.45%
      0     0       29.9554   208      111.5855      Cuts: 60     4653   73.15%
      0     0       30.1606   234      111.5855      Cuts: 81     5197   72.97%
      0     0       30.9238   258      111.5855      Cuts: 95     7620   72.29%
Detecting symmetries...
*     0+    0                           68.3786       30.9238            54.78%
      0     0       31.1719   233       68.3786     Cuts: 110    12731   53.73%
*     0+    0                           54.4392       31.6389            41.88%
      0     0       32.0354   161       54.4392     Cuts: 100    13481   41.15%
      0     0       32.6120   188       54.4392      Cuts: 89    14476   40.09%
      0     0       32.7182   232       54.4392      Cuts: 73    15464   39.90%
      0     0       32.7886   239       54.4392      Cuts: 68    16443   39.77%
      0     0       32.9065   251       54.4392      Cuts: 41    17162   39.55%
      0     0       33.1145   230       54.4392      Cuts: 37    18507   39.17%
*     0+    0                           53.3653       33.1145            37.95%
      0     0       33.1145   245       53.3653      Cuts: 71    18821   37.95%
      0     0       33.1269   264       53.3653      Cuts: 52    19610   37.92%
*     0+    0                           52.8400       33.1269            37.31%
      0     0       33.2850   238       52.8400      Cuts: 69    21322   37.01%
      0     0       33.5463   249       52.8400      Cuts: 65    23878   36.51%
*     0+    0                           52.4471       33.5463            36.04%
      0     0       33.5960   238       52.4471      Cuts: 49    24663   35.94%
      0     0       33.5960   266       52.4471      Cuts: 63    25322   35.94%
*     0+    0                           50.7139       33.5960            33.75%
      0     0  -1.00000e+75     0       50.7139       33.5960    25322   33.75%
Detecting symmetries...
      0     2       33.5960   217       50.7139       33.5960    25322   33.75%
Elapsed time = 4.67 sec. (8960.76 ticks, tree = 0.02 MB, solutions = 8)
      6     8       35.9400   103       50.7139       33.5985    26970   33.75%
*    16+    8                           48.1920       33.5985            30.28%
     30    12       36.1300    57       48.1920       33.8284    29146   29.80%
     74    34       36.7967    50       48.1920       34.0119    36447   29.42%
    112    64       38.0062   106       48.1920       34.0692    52654   29.31%
    146    87       36.4633    41       48.1920       34.0715    66010   29.30%
    171    94       37.3002    66       48.1920       34.3171    74583   28.79%
    215   133       36.3002    82       48.1920       34.3171    89793   28.79%
    253   160       36.8673    61       48.1920       34.3171   115059   28.79%
    297   172       38.4938    81       48.1920       34.3171   124530   28.79%
*   334+   14                           48.1651       34.3171            28.75%
    457   251       39.5345    88       48.1651       34.4455   181196   28.48%
Elapsed time = 8.01 sec. (12173.10 ticks, tree = 3.24 MB, solutions = 10)
    605   435    infeasible             48.1651       34.7569   285565   27.84%
    670   456       36.0798   140       48.1651       34.7569   300843   27.84%
   1010   569       37.4063    79       48.1651       34.7569   387185   27.84%
   1361   861       39.0828    54       48.1651       34.8013   456586   27.75%
   1616  1069       35.3894    51       48.1651       34.8861   525035   27.57%
   1769  1189    infeasible             48.1651       34.8861   600718   27.57%
   1942  1303       39.3986    80       48.1651       34.8861   670547   27.57%
   2025  1392       39.6087    84       48.1651       35.1020   719187   27.12%
   2279  1425        cutoff             48.1651       35.1020   740750   27.12%
   2441  1606        cutoff             48.1651       35.2263   829359   26.86%
Elapsed time = 17.87 sec. (21782.69 ticks, tree = 36.11 MB, solutions = 10)
   2651  1698       43.6022   108       48.1651       35.2263   870607   26.86%
   2810  1808       37.8230   182       48.1651       35.2263   929993   26.86%
   2980  2044       39.0175    66       48.1651       35.2263  1053393   26.86%
   3212  2089       35.5740    88       48.1651       35.2263  1103085   26.86%
   3339  2246        cutoff             48.1651       35.2263  1146903   26.86%
   3415  2412        cutoff             48.1651       35.2263  1229710   26.86%
   3654  2439       36.6476    93       48.1651       35.2263  1258239   26.86%
   3926  2470       45.2683    48       48.1651       35.2263  1296401   26.86%
   4324  2709       42.9429    57       48.1651       35.2263  1378896   26.86%
   4507  2820        cutoff             48.1651       35.2263  1440637   26.86%
Elapsed time = 27.42 sec. (31395.42 ticks, tree = 63.34 MB, solutions = 10)

Performing restart 1

Repeating presolve.
Tried aggregator 1 time.
MIP Presolve eliminated 4 rows and 69 columns.
MIP Presolve modified 2467 coefficients.
Reduced MIP has 3960 rows, 2909 columns, and 79911 nonzeros.
Reduced MIP has 2733 binaries, 0 generals, 0 SOSs, and 0 indicators.
Presolve time = 0.04 sec. (73.60 ticks)
Tried aggregator 1 time.
Reduced MIP has 3960 rows, 2909 columns, and 79911 nonzeros.
Reduced MIP has 2733 binaries, 0 generals, 0 SOSs, and 0 indicators.
Presolve time = 0.03 sec. (46.71 ticks)
Represolve time = 0.14 sec. (264.59 ticks)
   4514     0       33.9642   278       48.1651     Cuts: 107  1555733   26.86%
   4514     0       34.0131   261       48.1651      Cuts: 61  1556427   26.86%
   4514     0       34.0228   253       48.1651      Cuts: 69  1556623   26.86%
   4514     0       34.0967   271       48.1651      Cuts: 65  1559176   26.86%
   4514     0       34.1643   220       48.1651      Cuts: 23  1561250   26.86%
   4514     0       34.1694   234       48.1651      Cuts: 84  1562468   26.86%
*  4514+    0                           46.9772       35.2263            25.01%
   4514     0       34.1694   250       46.9772      Cuts: 22  1562802   25.01%
   4514     0       34.1694   272       46.9772      Cuts: 56  1563463   25.01%
   4514     2       34.1694   242       46.9772       35.2263  1563463   25.01%
   4515     3       34.2213   284       46.9772       35.2263  1563933   25.01%
   4516     4       34.2214   273       46.9772       35.2263  1563985   25.01%
*  4517+    1                           45.7879       35.2263            23.07%
   4517     3       36.6764    84       45.7879       35.2263  1566610   23.07%
   4518     4       41.4580    80       45.7879       35.2263  1567133   23.07%
   4522     5       37.8360   106       45.7879       35.2263  1565509   23.07%
   4524     8       45.0160    66       45.7879       35.2263  1577875   23.07%
   4534    11       36.6764    84       45.7879       35.2263  1582961   23.07%
   4548    17       36.6764   104       45.7879       35.2263  1597740   23.07%
   4565    22        cutoff             45.7879       35.2263  1614195   23.07%
Elapsed time = 42.60 sec. (58759.58 ticks, tree = 0.05 MB, solutions = 12)
   4594    33       38.1878    82       45.7879       35.2263  1616920   23.07%
   4609    32       37.8360    87       45.7879       35.2263  1625329   23.07%
   4636    33       36.8852    93       45.7879       35.2263  1628856   23.07%
   4672    86       38.4594    58       45.7879       35.2263  1662353   23.07%
   4724    97       36.9995    70       45.7879       35.2263  1679274   23.07%
   4790   132       36.8505    76       45.7879       35.2263  1702094   23.07%
   4852   202       39.6606    69       45.7879       35.2263  1747498   23.07%
   4923   216       37.5335   137       45.7879       35.2263  1748787   23.07%
   4978   263       42.0523    67       45.7879       35.2263  1800506   23.07%
   5021   297        cutoff             45.7879       35.2263  1839146   23.07%
Elapsed time = 51.85 sec. (68681.02 ticks, tree = 3.22 MB, solutions = 12)
   5087   215       34.3573   263       45.7879       35.2263  1781133   23.07%
   5158   360       42.0574    45       45.7879       35.2263  1909775   23.07%
   5237   323       37.3431    98       45.7879       35.2263  1870134   23.07%
   5437   433       36.7500    37       45.7879       35.2263  1942260   23.07%
   5703   458       38.1783    95       45.7879       35.2263  1940041   23.07%
   5934   560       37.6651   154       45.7879       35.2263  1986358   23.07%
   6145   750        cutoff             45.7879       35.2263  2033293   23.07%
   6400  1074       38.7161    69       45.7879       35.2263  2186939   23.07%
   6562   857       37.8868   157       45.7879       35.2263  2119373   23.07%
   6761  1234       43.6503    42       45.7879       35.2263  2267292   23.07%
Elapsed time = 61.48 sec. (78284.38 ticks, tree = 4.99 MB, solutions = 12)
   6960  1276       40.4271    77       45.7879       35.2263  2284294   23.07%
   7073  1560       43.6884   106       45.7879       35.2263  2407955   23.07%
   7151  1580        cutoff             45.7879       35.2263  2438458   23.07%
   7221  1808       41.3935   123       45.7879       35.2263  2565659   23.07%
   7289  1853       45.1017    49       45.7879       35.2263  2613773   23.07%
   7357  1889        cutoff             45.7879       35.2263  2667830   23.07%
   7458  1928       39.7438    66       45.7879       35.2263  2691228   23.07%
   7668  1940       39.7438    80       45.7879       35.2263  2696418   23.07%
   7887  2089       41.3228   179       45.7879       35.2263  2815619   23.07%
   8119  2163       42.6041    57       45.7879       35.2263  2861829   23.07%
Elapsed time = 70.72 sec. (87887.34 ticks, tree = 6.70 MB, solutions = 12)
   8358  2322       38.7970    83       45.7879       35.2263  2922013   23.07%
   8547  2685        cutoff             45.7879       35.2263  3003398   23.07%
   8714  2762       41.3554   185       45.7879       35.2263  3099905   23.07%
   8852  2971       44.6728    44       45.7879       35.2263  3229440   23.07%
   8954  2959       39.7328    84       45.7879       35.2263  3221778   23.07%
   9004  3083       39.5661    59       45.7879       35.2263  3314914   23.07%
   9055  3301       40.3213    75       45.7879       35.2263  3432311   23.07%
   9157  3314       37.3739    75       45.7879       35.2263  3448815   23.07%
   9315  3399       41.6926    86       45.7879       35.2263  3510346   23.07%
   9520  3391       37.6459   167       45.7879       35.2263  3501951   23.07%
Elapsed time = 80.36 sec. (97535.56 ticks, tree = 9.38 MB, solutions = 12)
   9780  3651       34.9813   180       45.7879       35.2263  3646271   23.07%
  10018  3805       40.6816    73       45.7879       35.2263  3704642   23.07%
  10230  3676       40.6379   132       45.7879       35.2263  3642282   23.07%
  10446  3986       38.7272    95       45.7879       35.2263  3749936   23.07%
  10480  3979       39.2929   152       45.7879       35.2263  3772487   23.07%
  10489  3567       34.8685   283       45.7879       35.2263  3573444   23.07%
  10490  4030       34.8046   154       45.7879       35.2263  3777038   23.07%

Performing restart 2

Repeating presolve.
Tried aggregator 1 time.
MIP Presolve eliminated 23 rows and 97 columns.
MIP Presolve modified 13246 coefficients.
Reduced MIP has 3937 rows, 2812 columns, and 86295 nonzeros.
Reduced MIP has 2636 binaries, 0 generals, 0 SOSs, and 0 indicators.
Presolve time = 0.08 sec. (218.64 ticks)
Tried aggregator 1 time.
MIP Presolve eliminated 1 rows and 2 columns.
MIP Presolve modified 9 coefficients.
Reduced MIP has 3936 rows, 2810 columns, and 86268 nonzeros.
Reduced MIP has 2634 binaries, 0 generals, 0 SOSs, and 0 indicators.
Presolve time = 0.03 sec. (62.73 ticks)
Represolve time = 0.22 sec. (512.59 ticks)
  10491     0       34.2541   252       45.7879      Cuts: 67  3994749   23.07%
  10491     0       34.2608   254       45.7879      Cuts: 23  3996194   23.07%
  10491     0       34.2608   246       45.7879      Cuts: 17  3996297   23.07%
  10491     0       34.2745   266       45.7879      Cuts: 88  3998004   23.07%
  10491     0       34.2864   234       45.7879      Cuts: 72  4000818   23.07%
  10491     0       34.3144   264       45.7879      Cuts: 49  4001368   23.07%
  10491     0       34.3145   252       45.7879       Cuts: 8  4001528   23.07%
  10491     0       34.3158   247       45.7879      Cuts: 67  4002955   23.07%
  10491     0       34.3174   269       45.7879      Cuts: 90  4006342   23.07%
  10491     2       34.3174   261       45.7879       35.2263  4006342   23.07%
  10493     4       34.5023   263       45.7879       35.2263  4015032   23.07%
  10496     7       35.4410   196       45.7879       35.2263  4020970   23.07%
Elapsed time = 99.70 sec. (136762.50 ticks, tree = 0.02 MB, solutions = 12)
  10503    14       35.9668    67       45.7879       35.2263  4043355   23.07%
  10513    12       36.1300    45       45.7879       35.2263  4043587   23.07%
  10587    39       36.6525    49       45.7879       35.2263  4085511   23.07%
  10738   111       36.6350    71       45.7879       35.2263  4181946   23.07%
  10874   203       37.1363    77       45.7879       35.2263  4308130   23.07%
  10921   268       43.6780    56       45.7879       35.2263  4390050   23.07%
  10964   293       39.9892    85       45.7879       35.2263  4426140   23.07%
* 11020+  362                           45.3368       35.2263            22.30%
  11037   363       40.6616   213       45.3368       35.2263  4513059   22.30%
  11187   381       39.2420    83       45.3368       35.2263  4526822   22.30%
  11708   707       35.3185   132       45.3368       35.2263  4767967   22.30%
Elapsed time = 111.35 sec. (149656.08 ticks, tree = 0.86 MB, solutions = 13)
  11979   870       37.6449   157       45.3368       35.2263  5005314   22.30%
  12348  1210       39.2442   181       45.3368       35.2263  5355903   22.30%
  12601  1319       40.3700    75       45.3368       35.2263  5507341   22.30%
  13135  1629        cutoff             45.3368       35.2263  5745869   22.30%
  13567  1846       37.0794   105       45.3368       35.2263  5874771   22.30%
  13832  2107       39.0696   160       45.3368       35.2263  6139321   22.30%
  14451  2492       42.1084    73       45.3368       35.2263  6411910   22.30%
  14909  2850       39.3740    87       45.3368       35.2366  6599990   22.28%
  15445  3215    infeasible             45.3368       35.2863  6815311   22.17%
  15955  3566       35.8262    84       45.3368       35.2863  7030198   22.17%
Elapsed time = 148.65 sec. (188097.30 ticks, tree = 44.06 MB, solutions = 13)
  16605  3797       44.9418   163       45.3368       35.2863  7198912   22.17%
  17130  4214        cutoff             45.3368       35.5754  7448737   21.53%
  17966  4548       42.9327    73       45.3368       35.5914  7599007   21.50%
  18426  5193       35.9097   330       45.3368       35.7407  7959268   21.17%
  19089  5446       44.3437    70       45.3368       35.7967  8124589   21.04%
  19991  5852        cutoff             45.3368       35.8805  8288433   20.86%
  20466  6486       41.2168    81       45.3368       35.8844  8697823   20.85%
  20732  6599        cutoff             45.3368       35.9240  8836572   20.76%
  21617  6742        cutoff             45.3368       35.9801  8896153   20.64%
  22408  7305       37.8360    42       45.3368       36.0561  9142975   20.47%
Elapsed time = 184.86 sec. (226337.78 ticks, tree = 139.09 MB, solutions = 13)
  23096  7815       37.3401    56       45.3368       36.0586  9462949   20.46%
  23406  8093       37.0613    49       45.3368       36.1778  9609322   20.20%
  24138  8327       39.6556    84       45.3368       36.1823  9807430   20.19%
  24898  8577       37.7432    97       45.3368       36.2264 10015644   20.09%
  25173  9066       39.9124    98       45.3368       36.2426 10328128   20.06%
* 25471+ 9171                           44.9357       36.2733            19.28%
* 25867+ 9008                           44.9074       36.2733            19.23%
  25871  9191       37.0561    69       44.9074       36.2733 10428181   19.23%
* 25889+ 9029                           43.7181       36.2733            17.03%
  26958  8367       41.7395   111       43.7181       36.3226 10585563   16.92%
  27663  8816       41.3573    52       43.7181       36.3472 10817131   16.86%
  27991  9365        cutoff             43.7181       36.3472 11137030   16.86%
  28344  9437       38.4179    72       43.7181       36.3472 11289821   16.86%
Elapsed time = 220.83 sec. (264600.47 ticks, tree = 193.39 MB, solutions = 16)
  28747  9560       38.2961   113       43.7181       36.3894 11409232   16.76%
  29719  9791       38.6805    73       43.7181       36.4583 11554108   16.61%
  30689 10533       38.7578   242       43.7181       36.5033 11907011   16.50%
  31268 10763       42.4129    80       43.7181       36.5108 12017100   16.49%
* 31409 11055      integral     0       43.3557       36.5734 12223642   15.64%
  31531 11233       40.5460   288       43.3557       36.5768 12339351   15.64%
  32085 10992       39.6929    69       43.3557       36.5965 12531211   15.59%
  33251 11097       40.8093    71       43.3557       36.6245 12605363   15.53%
  33760 11969       39.2832   158       43.3557       36.6805 13071366   15.40%
  34075 12077       36.7878   211       43.3557       36.6805 13212626   15.40%
  34555 12239       38.4633    67       43.3557       36.6805 13356526   15.40%
Elapsed time = 256.84 sec. (302824.17 ticks, tree = 263.53 MB, solutions = 17)
  35534 12292        cutoff             43.3557       36.6805 13418271   15.40%
  36395 12708       39.9348    62       43.3557       36.7373 13647659   15.27%
  36862 13158        cutoff             43.3557       36.8452 13888042   15.02%
  37218 13525       37.1767    99       43.3557       36.8683 14253453   14.96%
  37446 13594       39.7339    87       43.3557       36.8757 14328256   14.95%
  38139 13749        cutoff             43.3557       36.8829 14499069   14.93%
  39106 14103        cutoff             43.3557       36.8929 14693731   14.91%
  39888 14559       38.9354    83       43.3557       36.9778 15047301   14.71%
  40405 14613        cutoff             43.3557       37.0260 15103472   14.60%
  40792 15130        cutoff             43.3557       37.0561 15477769   14.53%
Elapsed time = 293.05 sec. (341041.67 ticks, tree = 316.95 MB, solutions = 17)
  41350 15309       38.5757   271       43.3557       37.0561 15585167   14.53%
  42277 15377       42.2506    84       43.3557       37.1151 15700632   14.39%
  43510 15457       37.7650   110       43.3557       37.1431 15720187   14.33%
  44382 16011       38.3002    64       43.3557       37.2263 15982306   14.14%
  44867 16474       41.1551   141       43.3557       37.2575 16261804   14.07%
  45198 17127        cutoff             43.3557       37.2926 16749526   13.98%
  45554 17152       41.5010   186       43.3557       37.3002 16760442   13.97%
  46241 17260       40.4556    44       43.3557       37.3233 16883495   13.91%
  46992 17462       42.4805    37       43.3557       37.3233 17074781   13.91%
  48057 17758        cutoff             43.3557       37.3678 17257457   13.81%
Elapsed time = 330.60 sec. (379231.49 ticks, tree = 388.01 MB, solutions = 17)
  48595 18363        cutoff             43.3557       37.3925 17683667   13.75%
  48880 18693        cutoff             43.3557       37.4089 17963374   13.72%
  49242 18735       41.0256    51       43.3557       37.4096 17987338   13.71%
  49576 18878       38.4835   103       43.3557       37.4633 18254694   13.59%
  50281 18957       38.6348    72       43.3557       37.4633 18338506   13.59%
  51421 18983       42.4190    55       43.3557       37.4756 18397409   13.56%
  52217 19323       40.5480   184       43.3557       37.4932 18665191   13.52%
  52674 19452        cutoff             43.3557       37.5124 18769823   13.48%
  53020 19965       37.7873   121       43.3557       37.5344 19385244   13.43%
  53361 19991        cutoff             43.3557       37.5581 19414288   13.37%
Elapsed time = 366.58 sec. (417429.68 ticks, tree = 436.12 MB, solutions = 17)
  53741 20030       39.8360    66       43.3557       37.5830 19500719   13.31%
  54237 20133       38.8828   127       43.3557       37.5842 19607049   13.31%
  55252 20332       42.0975   191       43.3557       37.6182 19797101   13.23%
  56506 20400    infeasible             43.3557       37.6687 19845501   13.12%
  57490 20613       38.2986   105       43.3557       37.6823 19995857   13.09%
* 57509+20919                           42.5846       37.6823            11.51%
  58260 21243        cutoff             42.5846       37.6999 20258518   11.47%
  58799 19502       39.6352    88       42.5846       37.7290 20761334   11.40%
  59126 19867        cutoff             42.5846       37.7434 21094213   11.37%
  59459 19872       40.3186    91       42.5846       37.7511 21259765   11.35%
  59925 19907        cutoff             42.5846       37.7553 21389305   11.34%
Elapsed time = 403.32 sec. (455695.70 ticks, tree = 447.78 MB, solutions = 18)
  60277 19937        cutoff             42.5846       37.7889 21428246   11.26%
  60677 20085       38.7187    55       42.5846       37.7889 21601387   11.26%
  61517 20083        cutoff             42.5846       37.8360 21628344   11.15%
  62540 20347       40.9693    37       42.5846       37.8360 21859476   11.15%
  63543 20519       38.2306    47       42.5846       37.8360 22028177   11.15%
  64321 20541       41.7967    50       42.5846       37.8360 22048261   11.15%
  64849 21615       38.9906    83       42.5846       37.8833 22724096   11.04%
  65200 21562        cutoff             42.5846       37.8918 22693172   11.02%
  65583 21919       38.9274   104       42.5846       37.8938 23055807   11.02%
  66062 22123       38.7838    83       42.5846       37.9400 23256522   10.91%
Elapsed time = 439.65 sec. (493893.01 ticks, tree = 511.45 MB, solutions = 18)
  66845 22122       42.4708    56       42.5846       37.9648 23250626   10.85%
  67948 22290       39.6129   114       42.5846       37.9778 23484421   10.82%
  68743 22297        cutoff             42.5846       38.0040 23503184   10.76%
  69307 22581        cutoff             42.5846       38.0299 23703015   10.70%
  69720 23155       38.7503    98       42.5846       38.0690 24162928   10.60%
  70064 23373       41.3745    87       42.5846       38.0957 24463375   10.54%
  70462 23425        cutoff             42.5846       38.1015 24592918   10.53%
  70876 23422       40.4587    67       42.5846       38.1015 24699110   10.53%
  71303 23478       38.7835   104       42.5846       38.1673 24758354   10.37%
  71758 23594        cutoff             42.5846       38.2058 24849576   10.28%
Elapsed time = 476.19 sec. (532111.77 ticks, tree = 543.71 MB, solutions = 18)
  72458 23854       39.0221   179       42.5846       38.2258 25159517   10.24%
  73381 23942       38.3002    15       42.5846       38.2714 25367645   10.13%
  74391 23898       39.5542   119       42.5846       38.2831 25322147   10.10%
  75415 23961       41.6741    93       42.5846       38.2984 25345087   10.07%
  76136 24293       40.9768    70       42.5846       38.3002 25629982   10.06%
  76641 24680       41.4264    93       42.5846       38.3002 25867132   10.06%
  76968 25523       39.3002    69       42.5846       38.3229 26532431   10.01%
  77255 25577        cutoff             42.5846       38.3383 26587687    9.97%
  77614 25602       39.2669   133       42.5846       38.3610 26635679    9.92%
  77955 25627       39.4450    88       42.5846       38.3740 26688566    9.89%
Elapsed time = 513.26 sec. (570403.60 ticks, tree = 622.39 MB, solutions = 18)
  78420 25850       41.4389   104       42.5846       38.3868 27109884    9.86%
  78981 25841       39.7343   228       42.5846       38.3982 27107025    9.83%
  79794 25856       42.1199    17       42.5846       38.3982 27165828    9.83%
  81037 25980        cutoff             42.5846       38.3982 27309606    9.83%
  82241 26212        cutoff             42.5846       38.4556 27545879    9.70%
  83212 26752       40.8805   107       42.5846       38.4556 27872179    9.70%
  84137 26796        cutoff             42.5846       38.4556 27888825    9.70%
  84523 27072       40.3751    65       42.5846       38.4556 28052890    9.70%
  84922 28249       38.8923   104       42.5846       38.4713 28827100    9.66%
  85325 28380       38.8746   145       42.5846       38.4825 28950488    9.63%
Elapsed time = 551.65 sec. (608625.24 ticks, tree = 716.43 MB, solutions = 18)
  85747 28383        cutoff             42.5846       38.5021 28959042    9.59%
  86134 28401       40.9940   125       42.5846       38.5177 28993114    9.55%
  86515 28548       39.7173    96       42.5846       38.5333 29323675    9.51%
  86869 28520        cutoff             42.5846       38.5442 29292069    9.49%
  87363 28678        cutoff             42.5846       38.5631 29629408    9.44%
  88091 28765        cutoff             42.5846       38.5793 29823795    9.41%
  88989 28825       39.9493   124       42.5846       38.5878 29943222    9.39%
  90055 28902       41.3727   202       42.5846       38.6042 30039763    9.35%
  91074 29029       39.0757   121       42.5846       38.6188 30178704    9.31%
  91784 28940       40.1765   129       42.5846       38.6246 30106335    9.30%
Elapsed time = 589.39 sec. (646866.17 ticks, tree = 714.59 MB, solutions = 18)
  92387 29440       39.7254   104       42.5846       38.6337 30572639    9.28%
  92789 29643       40.6230   100       42.5846       38.6480 30771290    9.24%
  93104 30069       41.7471    98       42.5846       38.6638 31101242    9.21%
  93505 30182       41.7625    55       42.5846       38.6759 31296733    9.18%
  93863 30272        cutoff             42.5846       38.6862 31454058    9.15%
  94237 30439       41.7083   100       42.5846       38.7023 31639203    9.12%
  94886 30334       39.4399   141       42.5846       38.7087 31537035    9.10%
  95778 30370       40.0250    53       42.5846       38.7256 31617320    9.06%
  96730 30674       39.4556    49       42.5846       38.7409 32029935    9.03%
  97855 30705       40.0377   135       42.5846       38.7503 32069608    9.00%
Elapsed time = 625.87 sec. (685098.59 ticks, tree = 768.79 MB, solutions = 18)
  98909 30638        cutoff             42.5846       38.7697 32027125    8.96%
  99480 31548    infeasible             42.5846       38.7855 32638855    8.92%
  99955 31885       40.8582   131       42.5846       38.7916 32842496    8.91%
 100449 32280       40.7008    33       42.5846       38.8112 33046393    8.86%
 100911 32496        cutoff             42.5846       38.8198 33286054    8.84%
 101367 32495       39.0359    71       42.5846       38.8254 33294955    8.83%
 101789 32653        cutoff             42.5846       38.8254 33617946    8.83%
 102216 32689       40.4305    60       42.5846       38.8254 33570317    8.83%
 102776 32960       41.2482    86       42.5846       38.8408 33962784    8.79%
 103484 33056       40.8238    96       42.5846       38.8503 34130309    8.77%
Elapsed time = 661.37 sec. (723362.21 ticks, tree = 856.29 MB, solutions = 18)
 104498 33073       41.6986    94       42.5846       38.8593 34149157    8.75%
 105652 33133       40.2429   110       42.5846       38.8681 34299606    8.73%
 106670 33468        cutoff             42.5846       38.8804 34514588    8.70%
 107544 33552        cutoff             42.5846       38.8880 34676370    8.68%
 108182 34053        cutoff             42.5846       38.8987 35075895    8.66%
 108524 34214       39.9139    76       42.5846       38.9098 35179850    8.63%
 108954 34553       40.1272    89       42.5846       38.9196 35449287    8.61%
 109365 34514       39.2722   293       42.5846       38.9307 35415100    8.58%
 109768 34746       41.0539   154       42.5846       38.9420 35786336    8.55%
 110220 34760       41.1612   118       42.5846       38.9509 35790164    8.53%
Elapsed time = 699.01 sec. (761608.60 ticks, tree = 926.55 MB, solutions = 18)
 110734 34872       39.5243    96       42.5846       38.9593 36040907    8.51%
 111219 34878       39.9482   162       42.5846       38.9736 35944143    8.48%
 111711 34890       40.3671    31       42.5846       38.9835 36112702    8.46%
 112291 35001        cutoff             42.5846       38.9966 36444390    8.43%
 113124 35109       41.6926    63       42.5846       39.0145 36631316    8.38%
 114186 35009       40.9239    60       42.5846       39.0233 36465630    8.36%
 115196 35221       41.5224   184       42.5846       39.0360 36946500    8.33%
 116118 35101        cutoff             42.5846       39.0500 36824445    8.30%
 116679 35733       40.0181   110       42.5846       39.0616 37307174    8.27%
 117227 35963       39.7447    95       42.5846       39.0705 37521740    8.25%
Elapsed time = 736.64 sec. (799859.00 ticks, tree = 977.32 MB, solutions = 18)
 117635 36446       40.3092    62       42.5846       39.0848 37972054    8.22%
 118032 36530        cutoff             42.5846       39.0945 38164593    8.20%
 118418 36468        cutoff             42.5846       39.1030 38043430    8.18%
 118829 36650        cutoff             42.5846       39.1234 38306262    8.13%
 119276 36817       39.5874   120       42.5846       39.1393 38568087    8.09%
 119725 36678       39.9976    99       42.5846       39.1543 38403679    8.06%
 120377 36729       41.6241   137       42.5846       39.1623 38531016    8.04%
 121082 36865       39.6753   192       42.5846       39.1815 38631189    7.99%
 122102 36988        cutoff             42.5846       39.1977 38928714    7.95%
 123020 37151       41.7974   202       42.5846       39.2078 39026577    7.93%
Elapsed time = 774.27 sec. (838040.29 ticks, tree = 1005.91 MB, solutions = 18)
 124014 37183       39.4785   107       42.5846       39.2165 39062385    7.91%
 125009 37809       42.3364    73       42.5846       39.2246 39586215    7.89%
 125708 37882       39.3700    65       42.5846       39.2390 39677119    7.86%
 126138 37992       41.6507   111       42.5846       39.2458 39765797    7.84%
 126551 38912       39.6174    80       42.5846       39.2550 40528847    7.82%
 126885 38793       39.5327   115       42.5846       39.2634 40373468    7.80%
 127247 38970        cutoff             42.5846       39.2723 40668543    7.78%
 127656 38976        cutoff             42.5846       39.2832 40813615    7.75%
 128034 39002       39.5943   139       42.5846       39.2897 40817269    7.74%
 128605 39220       42.2738    86       42.5846       39.3002 41121400    7.71%
Elapsed time = 811.09 sec. (876301.27 ticks, tree = 1085.34 MB, solutions = 18)
 129374 39200       40.1232   103       42.5846       39.3133 41102401    7.68%
 130450 39395        cutoff             42.5846       39.3246 41285076    7.66%
 131575 39440       39.8855   283       42.5846       39.3453 41452975    7.61%
 132411 39479       40.3594   107       42.5846       39.3605 41424159    7.57%
 133246 39817       40.7640   237       42.5846       39.3700 41744073    7.55%
 133874 40065       39.7697   190       42.5846       39.3700 41891135    7.55%
 134287 40745       40.6407    78       42.5846       39.3740 42582365    7.54%
 134653 40887        cutoff             42.5846       39.3740 42789451    7.54%
 135055 40978       42.1720    92       42.5846       39.3802 42996312    7.52%
 135480 40956       39.9915   153       42.5846       39.3866 42817584    7.51%
Elapsed time = 848.71 sec. (914488.63 ticks, tree = 1157.70 MB, solutions = 18)
 135925 41082       40.5042   162       42.5846       39.3942 43267055    7.49%
 136338 41054       39.9108   193       42.5846       39.4059 43091342    7.46%
 136727 41150       39.7410    64       42.5846       39.4130 43535629    7.45%
 137132 41204        cutoff             42.5846       39.4264 43673927    7.42%
 137554 41135       39.9687    92       42.5846       39.4415 43475680    7.38%
 137995 41196       40.1295    65       42.5846       39.4525 43638569    7.36%
 138646 41345        cutoff             42.5846       39.4556 43874734    7.35%
 139628 41504       40.5298   229       42.5846       39.4563 44121448    7.35%
 140607 41747       40.4656   135       42.5846       39.4593 44458360    7.34%
 141432 41878       40.8065   202       42.5846       39.4643 44573789    7.33%
Elapsed time = 886.84 sec. (952692.35 ticks, tree = 1185.32 MB, solutions = 18)
 142248 41625        cutoff             42.5846       39.4750 44400971    7.30%
 142768 41888       41.6297    67       42.5846       39.4786 44610177    7.29%
 143098 42435       39.8355   204       42.5846       39.4894 44983036    7.27%
 143496 43071        cutoff             42.5846       39.5014 45619842    7.24%
 143977 42720       41.7125    73       42.5846       39.5042 45264838    7.23%
 144361 43116       39.5542    65       42.5846       39.5176 45646843    7.20%
 144794 43171    infeasible             42.5846       39.5260 45989442    7.18%
 145255 43202       40.7861   103       42.5846       39.5288 46020820    7.18%
 145711 43309        cutoff             42.5846       39.5295 46141821    7.17%
 146428 43420       40.1212    46       42.5846       39.5329 46352109    7.17%
Elapsed time = 922.29 sec. (990929.33 ticks, tree = 1219.78 MB, solutions = 18)
 147300 43534       39.7260    91       42.5846       39.5331 46439229    7.17%
 148285 43486       39.7263   201       42.5846       39.5354 46579620    7.16%
 149486 43706       39.9150   122       42.5846       39.5415 46788619    7.15%
 150449 43615        cutoff             42.5846       39.5457 46628865    7.14%
 151223 43774       40.6888   149       42.5846       39.5539 46824139    7.12%
 151706 44082       41.8743    90       42.5846       39.5661 47156588    7.09%
 152068 44867       39.9277    75       42.5846       39.5692 47905960    7.08%
 152513 44861       41.0653    46       42.5846       39.5770 47891287    7.06%
 152961 44972       42.5628    97       42.5846       39.5913 48304372    7.03%
 153434 44931        cutoff             42.5846       39.5934 48146771    7.02%
Elapsed time = 959.95 sec. (1029191.33 ticks, tree = 1272.05 MB, solutions = 18)
 153931 44993       41.4118   100       42.5846       39.6044 48347156    7.00%
 154389 45082        cutoff             42.5846       39.6141 48712347    6.98%
 154837 45026        cutoff             42.5846       39.6154 48445918    6.97%
 155297 45059       41.9999    86       42.5846       39.6188 48603181    6.96%
 155805 45083        cutoff             42.5846       39.6188 48846501    6.96%
 156357 45098       42.2015    64       42.5846       39.6188 48808834    6.96%
 157088 45297        cutoff             42.5846       39.6188 49148128    6.96%
 158122 45319        cutoff             42.5846       39.6420 49236769    6.91%
 159030 45306       41.0051    70       42.5846       39.6487 49477394    6.89%
 160038 45397       42.5188    89       42.5846       39.6541 49602152    6.88%
Elapsed time = 997.93 sec. (1067444.88 ticks, tree = 1297.47 MB, solutions = 18)
 160549 45606       42.0254    85       42.5846       39.6712 49807003    6.84%
 161076 45546       39.9175   199       42.5846       39.6728 49758705    6.84%
 161559 45612       40.9438    46       42.5846       39.6793 49873899    6.82%
 162122 46002       42.3927    36       42.5846       39.6923 50312311    6.79%
 162608 46129       41.5499    60       42.5846       39.6926 50770693    6.79%
 163121 46093       41.5553    79       42.5846       39.6935 50827210    6.79%
 163673 46050       42.2116    28       42.5846       39.7020 51071913    6.77%
 164200 46001        cutoff             42.5846       39.7108 51207856    6.75%
 164644 45974        cutoff             42.5846       39.7153 51294178    6.74%
 165105 46061       41.6760    76       42.5846       39.7238 51173156    6.72%
Elapsed time = 1033.06 sec. (1105733.08 ticks, tree = 1307.76 MB, solutions = 18)
 165656 45988       40.0084    93       42.5846       39.7348 51473679    6.69%
 166139 46020        cutoff             42.5846       39.7387 51604496    6.68%
 166563 46020       41.1317   259       42.5846       39.7456 51610807    6.67%
 166977 46072        cutoff             42.5846       39.7572 51794992    6.64%
 167469 46024       41.8853   137       42.5846       39.7623 51964172    6.63%
 167925 46052       40.5295    52       42.5846       39.7680 52015568    6.61%
 168314 46103        cutoff             42.5846       39.7774 52244764    6.59%
 168752 46103       42.2156   190       42.5846       39.7830 52565001    6.58%
 169187 46154        cutoff             42.5846       39.7961 52341198    6.55%
 169719 46106        cutoff             42.5846       39.8062 52578286    6.52%
Elapsed time = 1070.24 sec. (1143942.61 ticks, tree = 1318.69 MB, solutions = 18)
 170563 46113       42.2312    82       42.5846       39.8112 52765429    6.51%
 171418 46250       41.5483    92       42.5846       39.8162 52905749    6.50%
 172645 46252       41.3079   118       42.5846       39.8265 53017069    6.48%
 173773 46297       40.8985    44       42.5846       39.8328 53159190    6.46%
 174521 46510       41.3328    99       42.5846       39.8357 53396663    6.46%
 175334 46521        cutoff             42.5846       39.8360 53454935    6.45%
 175778 47283       40.5356    81       42.5846       39.8435 54047672    6.44%
 176203 47464       42.0720    58       42.5846       39.8481 54168017    6.43%
 176703 47522       39.9420    61       42.5846       39.8551 54230856    6.41%
 177108 47707        cutoff             42.5846       39.8628 54759522    6.39%
Elapsed time = 1109.80 sec. (1182143.64 ticks, tree = 1395.46 MB, solutions = 18)
 177589 47706       40.7512   227       42.5846       39.8640 54766943    6.39%
 178139 47683       41.4286    78       42.5846       39.8674 54727438    6.38%
 178674 47790       40.4074    49       42.5846       39.8780 55052449    6.36%
 179206 47803       41.1527    96       42.5846       39.8816 55178154    6.35%
 179682 47786        cutoff             42.5846       39.8895 55368459    6.33%
 180144 47800       41.3642   120       42.5846       39.9024 55396917    6.30%
 180654 47851       42.2745    44       42.5846       39.9060 55417722    6.29%
 181146 47918        cutoff             42.5846       39.9098 55523148    6.28%
 181679 47891       40.0001    91       42.5846       39.9116 55725333    6.28%
 182239 47937       41.0524    86       42.5846       39.9178 56026643    6.26%
Elapsed time = 1146.26 sec. (1220381.27 ticks, tree = 1406.09 MB, solutions = 18)
 182754 47899       40.8374    90       42.5846       39.9213 55847342    6.25%
 183323 47988       42.0723   148       42.5846       39.9267 56284689    6.24%
 183990 47981       42.0442    49       42.5846       39.9360 56531689    6.22%
 185019 48010        cutoff             42.5846       39.9392 56549167    6.21%
 185983 48061       41.4321   139       42.5846       39.9428 56757118    6.20%
 186932 48237        cutoff             42.5846       39.9506 57127420    6.19%
 187727 48068        cutoff             42.5846       39.9541 56788218    6.18%
 188355 48563       41.3798    32       42.5846       39.9603 57557072    6.16%
 188896 48604        cutoff             42.5846       39.9669 57693899    6.15%
 189457 48632       42.3803    57       42.5846       39.9741 57670853    6.13%
Elapsed time = 1185.63 sec. (1258563.57 ticks, tree = 1396.09 MB, solutions = 18)
 190045 48533       41.3037    73       42.5846       39.9801 57839460    6.12%
 190649 48535        cutoff             42.5846       39.9857 57928112    6.10%
 191204 48451        cutoff             42.5846       39.9919 58149722    6.09%
 191802 48344       40.5004    98       42.5846       39.9968 58322424    6.08%
 192366 48338        cutoff             42.5846       40.0027 58523038    6.06%
 192878 48323        cutoff             42.5846       40.0149 58507564    6.03%
 193446 48302        cutoff             42.5846       40.0190 58568495    6.02%
 193911 48244       40.7041   133       42.5846       40.0229 58651779    6.02%
 194468 48184        cutoff             42.5846       40.0329 59058722    5.99%
 194910 48226        cutoff             42.5846       40.0359 59024291    5.99%
Elapsed time = 1222.88 sec. (1296764.15 ticks, tree = 1404.30 MB, solutions = 18)
 195388 48129        cutoff             42.5846       40.0465 59404767    5.96%
 195914 48185        cutoff             42.5846       40.0540 59275774    5.94%
 196442 48104        cutoff             42.5846       40.0658 59691787    5.91%
 197001 48084       42.3930    80       42.5846       40.0717 59700006    5.90%
 197562 48052       41.0914    71       42.5846       40.0808 59659473    5.88%
 198110 48072        cutoff             42.5846       40.0939 59764834    5.85%
 198608 47973        cutoff             42.5846       40.0995 60013895    5.84%
 199160 47842        cutoff             42.5846       40.1071 60291634    5.82%
 199632 47904       41.6926    34       42.5846       40.1221 60142533    5.78%
 200207 47819       42.4202    94       42.5846       40.1313 60594804    5.76%
Elapsed time = 1258.42 sec. (1335007.61 ticks, tree = 1389.42 MB, solutions = 18)
 200729 47774       41.1242    63       42.5846       40.1344 60644186    5.75%
 201164 47814       41.5205    63       42.5846       40.1459 60547875    5.73%
 201717 47725        cutoff             42.5846       40.1515 60729465    5.71%
 202222 47677        cutoff             42.5846       40.1571 60898213    5.70%
 202721 47678       42.4456   241       42.5846       40.1650 60906285    5.68%
 203410 47555       40.7079    87       42.5846       40.1760 61112972    5.66%
 204055 47570        cutoff             42.5846       40.1831 61338475    5.64%
 204724 47477       40.9871    50       42.5846       40.1878 61577342    5.63%
 205527 47491       41.6117    38       42.5846       40.1960 61592875    5.61%
 206165 47472       40.6749   113       42.5846       40.1991 62004309    5.60%
Elapsed time = 1296.82 sec. (1373224.94 ticks, tree = 1372.47 MB, solutions = 18)
 206821 47383        cutoff             42.5846       40.2066 61718756    5.58%
 207282 47445       41.3824   141       42.5846       40.2239 62053002    5.54%
 207681 47523       40.9871    42       42.5846       40.2304 62512290    5.53%
 208014 47532       40.9635   144       42.5846       40.2398 62519925    5.51%
 208399 47540        cutoff             42.5846       40.2456 62669075    5.49%
 208787 47536        cutoff             42.5846       40.2564 62680196    5.47%
 209225 47517       41.4104    46       42.5846       40.2624 62922503    5.45%
 209696 47516       41.7710    48       42.5846       40.2707 62932971    5.43%
 210159 47321       40.6926    58       42.5846       40.2848 63547815    5.40%
 210543 47314        cutoff             42.5846       40.2899 63583747    5.39%
Elapsed time = 1334.51 sec. (1411442.15 ticks, tree = 1366.28 MB, solutions = 18)
 210987 47420        cutoff             42.5846       40.2954 63470113    5.38%
 211458 47322       40.5388    42       42.5846       40.3046 63831981    5.35%
 211953 47288        cutoff             42.5846       40.3104 64027890    5.34%
 212508 47259    infeasible             42.5846       40.3228 63981102    5.31%
 213042 47277       40.4752   180       42.5846       40.3296 64075878    5.30%
 213483 47286       40.8404   118       42.5846       40.3427 64410582    5.26%
 214094 47310       40.7180   149       42.5846       40.3473 64236092    5.25%
 214834 47294        cutoff             42.5846       40.3527 64512630    5.24%
 215688 47281       40.4982    70       42.5846       40.3583 64671193    5.23%
 216703 47337       41.4221   153       42.5846       40.3599 64592935    5.22%
Elapsed time = 1374.16 sec. (1449685.69 ticks, tree = 1380.72 MB, solutions = 18)
 217305 47260       40.6136   135       42.5846       40.3619 64813427    5.22%
 217787 47176       40.9737   205       42.5846       40.3700 65077971    5.20%
 218224 47264       41.1573    77       42.5846       40.3700 65293241    5.20%
 218650 47385       41.9595    59       42.5846       40.3719 65633377    5.20%
 219139 47320       40.4429   108       42.5846       40.3743 65845396    5.19%
 219629 47309       42.1420   148       42.5846       40.3855 65889167    5.16%
 220158 47276        cutoff             42.5846       40.3895 66086795    5.15%
 220632 47278       40.6698   117       42.5846       40.3944 66061373    5.14%
 221090 47287       41.9970    29       42.5846       40.4025 66421046    5.12%
 221587 47272       40.7803    96       42.5846       40.4092 66407935    5.11%
Elapsed time = 1411.13 sec. (1487920.25 ticks, tree = 1360.05 MB, solutions = 18)
 222096 47232        cutoff             42.5846       40.4145 66794207    5.10%
 222552 47228       40.4786    76       42.5846       40.4202 66730141    5.08%
 222954 47218       41.7812   136       42.5846       40.4337 67043370    5.05%
 223434 47220        cutoff             42.5846       40.4411 66819120    5.03%
 223758 47227       41.2429   106       42.5846       40.4466 67062137    5.02%
 224091 47186       40.9158   224       42.5846       40.4559 67143958    5.00%
 224536 47249       40.7983    71       42.5846       40.4605 67709833    4.99%
 224899 47251       41.7459    70       42.5846       40.4644 67766048    4.98%
 225315 47290       40.5295    62       42.5846       40.4731 67912003    4.96%
 225710 47291       40.5295    31       42.5846       40.4786 68013062    4.95%
Elapsed time = 1449.61 sec. (1526195.35 ticks, tree = 1355.23 MB, solutions = 18)
 226103 47336       40.5855   128       42.5846       40.4827 68070038    4.94%
 226510 47348       40.9682   223       42.5846       40.4869 68076852    4.93%
 227111 47355       40.7459    78       42.5846       40.5010 68426312    4.89%
 227774 47317       41.8868    89       42.5846       40.5059 68259215    4.88%
 228329 47306        cutoff             42.5846       40.5105 68565142    4.87%
 228837 47243       41.4789    82       42.5846       40.5164 68651653    4.86%
 229367 47229       41.8876    57       42.5846       40.5214 68663667    4.84%
 229928 47146        cutoff             42.5846       40.5244 69273130    4.84%
 230478 47165       40.6057   100       42.5846       40.5266 69211262    4.83%
 231021 47103        cutoff             42.5846       40.5295 69349529    4.83%
Elapsed time = 1488.84 sec. (1564470.27 ticks, tree = 1342.83 MB, solutions = 18)
 231592 47033        cutoff             42.5846       40.5295 69678329    4.83%
 232238 47049        cutoff             42.5846       40.5295 69542126    4.83%
 232786 47037       41.9325   101       42.5846       40.5295 69884177    4.83%
 233409 46996        cutoff             42.5846       40.5331 70045328    4.82%
 233926 46985        cutoff             42.5846       40.5331 70105948    4.82%
 234564 46980        cutoff             42.5846       40.5345 70138927    4.81%
 235085 47007       41.9255    50       42.5846       40.5417 70200135    4.80%
 235640 46900       42.5295    87       42.5846       40.5467 70289077    4.79%
 236220 46633        cutoff             42.5846       40.5499 70720923    4.78%
 236871 46743       41.3826    47       42.5846       40.5543 70592118    4.77%
Elapsed time = 1525.50 sec. (1602662.61 ticks, tree = 1346.27 MB, solutions = 18)
 237431 46673        cutoff             42.5846       40.5609 70656894    4.75%
 237956 46404       41.3180    83       42.5846       40.5644 71102450    4.74%
 238588 46347        cutoff             42.5846       40.5685 71168391    4.73%
 239099 46380       42.0139    86       42.5846       40.5817 71125661    4.70%
 239648 46273        cutoff             42.5846       40.5843 71514033    4.70%
 240231 46201        cutoff             42.5846       40.5953 71688848    4.67%
 240679 46171       41.4312    79       42.5846       40.6003 71840777    4.66%
 241271 46151        cutoff             42.5846       40.6118 71795222    4.63%
 241833 46190        cutoff             42.5846       40.6177 71772865    4.62%
 242411 46166       41.3721   112       42.5846       40.6188 71996247    4.62%
Elapsed time = 1564.63 sec. (1640857.54 ticks, tree = 1313.48 MB, solutions = 18)
 242960 46124       41.8615    48       42.5846       40.6329 72085603    4.58%
 243562 45973        cutoff             42.5846       40.6383 72307603    4.57%
 244165 45924    infeasible             42.5846       40.6438 72551156    4.56%
 244756 45958        cutoff             42.5846       40.6486 72403578    4.55%
 245313 45644        cutoff             42.5846       40.6597 72976428    4.52%
 245858 45814    infeasible             42.5846       40.6672 72687394    4.50%
 246448 45807       41.5217    50       42.5846       40.6710 72765610    4.49%
 247032 45561       41.4733    98       42.5846       40.6880 73025744    4.45%
 247510 45307       41.8686   119       42.5846       40.6896 73264475    4.45%
 247983 45191        cutoff             42.5846       40.6926 73495378    4.44%
Elapsed time = 1603.16 sec. (1679118.51 ticks, tree = 1310.03 MB, solutions = 18)
 248600 45085       41.5657    60       42.5846       40.6926 73606434    4.44%
 249196 45187        cutoff             42.5846       40.6961 73491948    4.43%
 249779 44962        cutoff             42.5846       40.7030 73834314    4.42%
 250315 44883       42.0151    55       42.5846       40.7050 74099063    4.41%
 250875 44781       42.0570   102       42.5846       40.7112 74172871    4.40%
 251429 44880       41.2006   104       42.5846       40.7189 74113742    4.38%
 252053 44449        cutoff             42.5846       40.7227 74558849    4.37%
 252658 44426        cutoff             42.5846       40.7297 74643924    4.36%
 253163 44305        cutoff             42.5846       40.7393 74781458    4.33%
 253855 44414       41.3231    89       42.5846       40.7482 74687926    4.31%
Elapsed time = 1641.95 sec. (1717361.22 ticks, tree = 1283.18 MB, solutions = 18)
 254415 44206       41.1167    65       42.5846       40.7533 74980363    4.30%
 254990 44225        cutoff             42.5846       40.7616 74969100    4.28%
 255894 44078       42.1904    97       42.5846       40.7724 75168213    4.26%
 256721 44001       41.4764    88       42.5846       40.7802 75499006    4.24%
 257589 43993       41.0039    87       42.5846       40.7868 75403910    4.22%
 258328 44019    infeasible             42.5846       40.7958 75841911    4.20%
 258937 44009       41.9032    60       42.5846       40.8027 75906304    4.18%
 259461 44180        cutoff             42.5846       40.8075 76244391    4.17%
 260026 44082        cutoff             42.5846       40.8129 76028095    4.16%
 260617 44117       40.9098    41       42.5846       40.8202 76593848    4.14%
Elapsed time = 1683.54 sec. (1755589.47 ticks, tree = 1253.38 MB, solutions = 18)
 261247 43927        cutoff             42.5846       40.8265 76797282    4.13%
 261854 43834       41.9796    51       42.5846       40.8314 76940414    4.12%
 262398 43797       41.1608    42       42.5846       40.8413 77002129    4.09%
 263025 43537       42.4012   140       42.5846       40.8519 77267482    4.07%
 263607 43529       40.9595     8       42.5846       40.8567 77273541    4.06%
 264147 43535       41.3603    84       42.5846       40.8611 77280969    4.05%
 264759 43212       41.6731    34       42.5846       40.8703 77620769    4.03%
 265390 43315       41.8319    44       42.5846       40.8756 77505816    4.01%
 265941 43102        cutoff             42.5846       40.8808 77730046    4.00%
 266479 43177        cutoff             42.5846       40.8852 77650054    3.99%
Elapsed time = 1722.29 sec. (1793790.38 ticks, tree = 1244.28 MB, solutions = 18)
 267045 42973       40.9813    85       42.5846       40.8957 78005152    3.97%
 267550 42846        cutoff             42.5846       40.9028 78241073    3.95%
 268145 42988       42.1044   101       42.5846       40.9071 78019762    3.94%
 268703 42806       41.7163    99       42.5846       40.9098 78224977    3.93%
 269320 42507       41.7583   128       42.5846       40.9140 78734165    3.92%
 269906 42520       41.3110   141       42.5846       40.9182 78715041    3.91%
 270502 42259       41.9796    53       42.5846       40.9256 78990366    3.90%
 271136 42497        cutoff             42.5846       40.9354 78776825    3.87%
 271790 42003        cutoff             42.5846       40.9420 79262099    3.86%
 272391 42019       41.9098    44       42.5846       40.9496 79242222    3.84%
Elapsed time = 1761.73 sec. (1832036.21 ticks, tree = 1203.76 MB, solutions = 18)
 272979 42007       42.3877    49       42.5846       40.9565 79250456    3.82%
 273486 41852       41.5730    82       42.5846       40.9692 79371352    3.79%
 274115 41275       41.3027    62       42.5846       40.9749 79874236    3.78%
 274750 41498       41.6043   100       42.5846       40.9791 79644966    3.77%
 275415 41086       41.0935    98       42.5846       40.9846 80048629    3.76%
 275955 40885        cutoff             42.5846       40.9885 80290510    3.75%
 276547 40988        cutoff             42.5846       40.9923 80132664    3.74%
 277241 40602       42.2832    65       42.5846       40.9982 80549504    3.73%
 277762 40862       41.2060    74       42.5846       41.0048 80280467    3.71%
 278356 40409       41.3092    75       42.5846       41.0098 80707358    3.70%
Elapsed time = 1800.16 sec. (1870258.78 ticks, tree = 1148.26 MB, solutions = 18)
 279026 40270        cutoff             42.5846       41.0159 80821676    3.68%
 279641 40417        cutoff             42.5846       41.0232 80751155    3.67%
 280214 40087       41.7501    81       42.5846       41.0314 81025820    3.65%
 280772 39745        cutoff             42.5846       41.0371 81314972    3.63%
 281376 39716        cutoff             42.5846       41.0444 81324928    3.62%
 281946 39554        cutoff             42.5846       41.0535 81464368    3.60%
 282526 39658        cutoff             42.5846       41.0579 81399518    3.59%
 283080 39239       41.4010   144       42.5846       41.0604 81818153    3.58%
 283662 39424        cutoff             42.5846       41.0667 81569774    3.56%
 284231 38857        cutoff             42.5846       41.0740 82232170    3.55%
Elapsed time = 1839.10 sec. (1908439.43 ticks, tree = 1112.73 MB, solutions = 18)
 284963 39000        cutoff             42.5846       41.0818 82016613    3.53%
 285655 38791       41.7252   116       42.5846       41.0862 82273445    3.52%
 286271 38780       41.5899    77       42.5846       41.0988 82280096    3.49%
 286889 38455        cutoff             42.5846       41.1103 82503433    3.46%
 287533 38388        cutoff             42.5846       41.1143 82589884    3.45%
 288327 38059        cutoff             42.5846       41.1245 82771746    3.43%
 288942 37854       41.8780   116       42.5846       41.1409 82964540    3.39%
 289565 37618        cutoff             42.5846       41.1455 83163653    3.38%
 290136 37487       42.3533    53       42.5846       41.1488 83256340    3.37%
 290740 37242       41.2864    62       42.5846       41.1592 83385312    3.35%
Elapsed time = 1877.51 sec. (1946702.66 ticks, tree = 1084.83 MB, solutions = 18)
 291421 37228       41.9332   142       42.5846       41.1700 83391705    3.32%
 292017 37252        cutoff             42.5846       41.1783 83430732    3.30%
 292619 36956       41.2991    46       42.5846       41.1800 83645328    3.30%
 293234 36878       41.7192   102       42.5846       41.1900 83713981    3.27%
 293916 36761        cutoff             42.5846       41.1932 83826667    3.27%
 294426 36222        cutoff             42.5846       41.1958 84337019    3.26%
 294934 36252        cutoff             42.5846       41.2057 84310265    3.24%
 295499 36243        cutoff             42.5846       41.2201 84319829    3.20%
 296087 35882       41.7943    96       42.5846       41.2267 84701159    3.19%
 296695 35634        cutoff             42.5846       41.2284 84878274    3.18%
Elapsed time = 1917.39 sec. (1984905.91 ticks, tree = 1035.13 MB, solutions = 18)
 297316 35586        cutoff             42.5846       41.2431 84939435    3.15%
 297951 35506       41.5831    51       42.5846       41.2587 85067188    3.11%
 298659 35556       42.0026    54       42.5846       41.2655 85040993    3.10%
 299334 35521        cutoff             42.5846       41.2698 85027717    3.09%
 300046 34978        cutoff             42.5846       41.2824 85406281    3.06%
 300729 34670        cutoff             42.5846       41.2928 85610408    3.03%
 301369 34203       42.1861   146       42.5846       41.2977 85871346    3.02%
 302026 34140       42.1666    87       42.5846       41.3092 85906718    2.99%
 302631 33765       41.7552    71       42.5846       41.3242 86157457    2.96%
 303211 33489        cutoff             42.5846       41.3302 86352140    2.95%
Elapsed time = 1956.57 sec. (2023094.65 ticks, tree = 987.12 MB, solutions = 18)
 303877 33623        cutoff             42.5846       41.3317 86273277    2.94%
 304537 33121       41.9670    65       42.5846       41.3426 86599308    2.92%
 305146 33153        cutoff             42.5846       41.3553 86578446    2.89%
 305818 33196       41.8810    49       42.5846       41.3573 86547967    2.88%
 306551 33180       41.5121    81       42.5846       41.3573 86554345    2.88%
 307119 32680       42.0653   111       42.5846       41.3700 86952486    2.85%
 307662 32545       41.6700    66       42.5846       41.3745 87055156    2.84%
 308201 32681        cutoff             42.5846       41.3760 86950037    2.84%
 308726 32210       41.5295    42       42.5846       41.3855 87356840    2.82%
 309281 31968       42.2465    62       42.5846       41.4065 87560083    2.77%
Elapsed time = 1993.79 sec. (2061342.98 ticks, tree = 939.30 MB, solutions = 18)
 309778 32002       41.8303    59       42.5846       41.4098 87548095    2.76%
 310280 31854       42.0297   155       42.5846       41.4104 87706263    2.76%
 310849 31641        cutoff             42.5846       41.4244 87935142    2.72%
 311409 31604       42.3470    52       42.5846       41.4426 87968256    2.68%
 311993 31580        cutoff             42.5846       41.4438 87978206    2.68%
 312698 30988        cutoff             42.5846       41.4487 88630998    2.67%
 313387 30771       42.4537    41       42.5846       41.4624 88742827    2.64%
 314040 30413        cutoff             42.5846       41.4723 89039025    2.61%
 314799 30523       42.3996    45       42.5846       41.4736 88975019    2.61%
 315526 30467        cutoff             42.5846       41.4823 89019002    2.59%
Elapsed time = 2032.88 sec. (2099556.90 ticks, tree = 881.52 MB, solutions = 18)
 316230 30268       41.8795    79       42.5846       41.4978 89130013    2.55%
 317033 30335        cutoff             42.5846       41.4978 89119274    2.55%
 317734 29285       41.8577    92       42.5846       41.5011 89673897    2.54%
 318496 29503       41.6336    43       42.5846       41.5158 89604156    2.51%
 319172 29486        cutoff             42.5846       41.5205 89610626    2.50%
 319862 28577        cutoff             42.5846       41.5254 89990702    2.49%
 320597 28285       42.3155   116       42.5846       41.5295 90147487    2.48%
 321283 27990        cutoff             42.5846       41.5323 90350316    2.47%
 321995 27786       41.7220   128       42.5846       41.5342 90488848    2.47%
 322673 27663        cutoff             42.5846       41.5433 90534330    2.45%
Elapsed time = 2072.21 sec. (2137809.81 ticks, tree = 810.36 MB, solutions = 18)
 323369 27368       42.2491    43       42.5846       41.5558 90740374    2.42%
 324062 27135        cutoff             42.5846       41.5622 90938510    2.40%
 324685 27002       41.7407    27       42.5846       41.5721 91061168    2.38%
 325390 27213        cutoff             42.5846       41.5776 90863154    2.36%
 326125 26897        cutoff             42.5846       41.5881 91165853    2.34%
 326889 26435        cutoff             42.5846       41.5997 91381965    2.31%
 327746 26357        cutoff             42.5846       41.6034 91440016    2.30%
 328555 25999        cutoff             42.5846       41.6222 91623528    2.26%
 329381 25782        cutoff             42.5846       41.6326 91823287    2.24%
 330161 25326       42.2335   106       42.5846       41.6422 92010317    2.21%
Elapsed time = 2111.36 sec. (2175997.12 ticks, tree = 732.35 MB, solutions = 18)
 331022 25165        cutoff             42.5846       41.6469 92090550    2.20%
 331820 24530        cutoff             42.5846       41.6557 92363540    2.18%
 332715 24495        cutoff             42.5846       41.6760 92373710    2.13%
 333488 23995        cutoff             42.5846       41.6760 92589584    2.13%
 334112 23586        cutoff             42.5846       41.6817 92700572    2.12%
 334895 23390       42.4805    57       42.5846       41.6926 92843123    2.09%
 335638 22870       41.8075    73       42.5846       41.7074 93103941    2.06%
 336426 22527        cutoff             42.5846       41.7128 93228794    2.05%
 337280 22514       41.9847    67       42.5846       41.7280 93235348    2.01%
 337994 21856        cutoff             42.5846       41.7336 93520687    2.00%
Elapsed time = 2150.20 sec. (2214207.75 ticks, tree = 622.56 MB, solutions = 18)
 338954 21586        cutoff             42.5846       41.7625 93616623    1.93%
 339807 21272        cutoff             42.5846       41.7625 93723617    1.93%
 340724 21062        cutoff             42.5846       41.7920 93799806    1.86%
 341426 20389        cutoff             42.5846       41.7940 93972825    1.86%
 342100 19685        cutoff             42.5846       41.8073 94279115    1.83%
 342820 19482        cutoff             42.5846       41.8095 94383278    1.82%
 343628 19026        cutoff             42.5846       41.8262 94642966    1.78%
 344591 19115        cutoff             42.5846       41.8504 94578727    1.72%
 345560 18310       42.0062    75       42.5846       41.8504 94887705    1.72%
 346335 18018       42.3571    67       42.5846       41.8735 94956084    1.67%
Elapsed time = 2190.00 sec. (2252431.01 ticks, tree = 493.56 MB, solutions = 18)
 347147 17566       42.0137   137       42.5846       41.8811 95125630    1.65%
 347930 17502        cutoff             42.5846       41.8989 95156179    1.61%
 348767 17014        cutoff             42.5846       41.9058 95352709    1.59%
 349541 16439       41.9995    31       42.5846       41.9071 95566588    1.59%
 350468 16012        cutoff             42.5846       41.9223 95704842    1.56%
 351379 15963       42.0496    87       42.5846       41.9294 95733462    1.54%
 352432 14898        cutoff             42.5846       41.9670 96110577    1.45%
 353265 14256        cutoff             42.5846       41.9807 96288731    1.42%
 354038 13905        cutoff             42.5846       41.9841 96409394    1.41%
 354902 13971        cutoff             42.5846       41.9871 96405555    1.40%
Elapsed time = 2229.46 sec. (2290619.99 ticks, tree = 367.31 MB, solutions = 18)
 355691 13090        cutoff             42.5846       42.0300 96722746    1.30%
 356616 12534       42.1144     7       42.5846       42.0410 96880021    1.28%
 357640 11915        cutoff             42.5846       42.0645 97029743    1.22%
 358728 11289        cutoff             42.5846       42.0683 97170450    1.21%
 359936 10742        cutoff             42.5846       42.1091 97305331    1.12%
 361209  9473    infeasible             42.5846       42.1273 97528489    1.07%
 362522  8546       42.3270    61       42.5846       42.1804 97688814    0.95%
 363468  7813        cutoff             42.5846       42.2117 97864927    0.88%
 364549  7194        cutoff             42.5846       42.2182 98001057    0.86%
 365838  6339        cutoff             42.5846       42.2775 98166652    0.72%
Elapsed time = 2272.00 sec. (2328822.66 ticks, tree = 128.32 MB, solutions = 18)
 366940  5283        cutoff             42.5846       42.2775 98313139    0.72%
 368350  4197       42.3996    39       42.5846       42.3285 98495443    0.60%
 369727  3684       42.4271    58       42.5846       42.3840 98578417    0.47%
 371090  2111       42.4843    45       42.5846       42.4438 98847488    0.33%
 371985  1672       42.5228    41       42.5846       42.4913 98946321    0.22%
 373226  1125       42.5295    43       42.5846       42.5223 99155252    0.15%

GUB cover cuts applied:  45
Clique cuts applied:  12
Cover cuts applied:  2062
Implied bound cuts applied:  15
Mixed integer rounding cuts applied:  110
Zero-half cuts applied:  118
Lift and project cuts applied:  19
Gomory fractional cuts applied:  7

Root node processing (before b&c):
  Real time             =    4.58 sec. (8679.47 ticks)
Parallel b&c, 16 threads:
  Real time             = 2296.49 sec. (2346027.90 ticks)
  Sync time (average)   =  944.42 sec.
  Wait time (average)   =    0.02 sec.
                          ------------
Total (root+branch&cut) = 2301.07 sec. (2354707.38 ticks)
Feasible solution found!
Truck nodes:
Truck at node 0 at stage 1
Truck at node 5 at stage 2
Truck at node 7 at stage 3
Truck at node 1 at stage 4
Truck at node 8 at stage 5
Truck at node 4 at stage 6
Truck at node 10 at stage 7
Truck at node 11 at stage 8

Truck arcs:
Arc 1 connecting 0 and 5 with cost 7.16529 
Arc 2 connecting 5 and 7 with cost 1.61466 
Arc 3 connecting 7 and 1 with cost 9.99874 
Arc 4 connecting 1 and 8 with cost 2.95098 
Arc 5 connecting 8 and 4 with cost 5.54215 
Arc 6 connecting 4 and 10 with cost 4.31275 
Arc 7 connecting 10 and 11 with cost 5.10809 
Truck route length: 36.6926
Customer 2 was served by drone!
Customer 3 was served by drone!
Customer 6 was served by drone!
Customer 9 was served by drone!
served customer 2 with st stage 1
start from stage 1 at node 0
end at node 1
end at stage 4
served customer 6 with st stage 1
start from stage 1 at node 0
end at node 1
end at stage 4
served customer 9 with st stage 1
start from stage 1 at node 0
end at node 1
end at stage 4
served customer 3 with st stage 4
start from stage 4 at node 1
end at node 10
end at stage 7
Printing wait:
wait[4][7]== 2.89198
Printing z(k, k') and drone travel time: 
---------------------------------------------------------------
Sortie starts at stage 1 and ends at stage 4
Start node: 0
End node: 1
Customer served in this sortie:2 6 9 
Drone arcs during this sortie:
0-->2, l = 4.74056
2-->6, l = 2.96598
6-->9, l = 6.06021
9-->1, l = 3.96936
Truck arcs during this sortie:
0---5, l = 7.16529
5---7, l = 1.61466
7---1, l = 9.99874
Drone travel time during sortie: 17.7361
Truck travel time during sortie: 18.7787
Wait time for this sortie: 0
---------------------------------------------------------------
---------------------------------------------------------------
Sortie starts at stage 4 and ends at stage 7
Start node: 1
End node: 10
Customer served in this sortie:3 
Drone arcs during this sortie:
1-->3, l = 10.528
3-->10, l = 5.16981
Truck arcs during this sortie:
1---8, l = 2.95098
8---4, l = 5.54215
4---10, l = 4.31275
Drone travel time during sortie: 15.6979
Truck travel time during sortie: 12.8059
Wait time for this sortie: 2.89198
---------------------------------------------------------------
Printing zl:
zl[1][0] = 1
zl[4][1] = 1
Printing zr:
zr[1][1] = 1
zr[4][10] = 1
Printing zs:
zs[1][2] = 1
zs[1][6] = 1
zs[1][9] = 1
zs[4][3] = 1
Printing x_d:
x_d[0][2] = 1
x_d[1][3] = 1
x_d[2][6] = 1
x_d[3][10] = 1
x_d[6][9] = 1
x_d[9][1] = 1
Done!
Solve time: 2301.09
OBJECTIVE VALUE: 42.5846.
In write mode
