Instance name: /home/orlab/CLionProjects/RV-FSTSP/Murray_instances/FSTSP/FSTSP_10_customer_problems/20140810T123440v2
Write arg val: 1
Input is specified as type M: Murray instance.-.-.-.-.-.-.-.-.-.-.-.-.-.-.-.-.-.-.-.-

drone speed: 0.2 miles/minute
uav non-eligible customer: 4 5 
Printing tau:
0 3.05404 10.4722 13.4811 6.76521 11.4381 6.47301 13.0528 1.22306 2.41346 7.25246 0 
3.05404 0 7.41815 13.1751 7.41924 8.38408 3.41898 9.99874 2.95098 5.14749 6.9465 3.05404 
10.4722 7.41815 0 14.3533 14.8374 5.76971 3.99917 6.42059 10.3691 12.5656 10.5246 10.4722 
13.4811 13.1751 14.3533 0 6.71587 15.3192 15.1541 16.9338 12.258 15.4145 6.22861 13.4811 
6.76521 7.41924 14.8374 6.71587 0 15.8033 10.8382 17.418 5.54215 8.69866 4.31275 6.76521 
11.4381 8.38408 5.76971 15.3192 15.8033 0 7.0349 1.61466 11.3351 13.5316 11.4906 11.4381 
6.47301 3.41898 3.99917 15.1541 10.8382 7.0349 0 7.68579 6.36995 8.56647 8.92548 6.47301 
13.0528 9.99874 6.42059 16.9338 17.418 1.61466 7.68579 0 12.9497 15.1462 13.1052 13.0528 
1.22306 2.95098 10.3691 12.258 5.54215 11.3351 6.36995 12.9497 0 3.15652 6.0294 1.22306 
2.41346 5.14749 12.5656 15.4145 8.69866 13.5316 8.56647 15.1462 3.15652 0 9.18592 2.41346 
7.25246 6.9465 10.5246 6.22861 4.31275 11.4906 8.92548 13.1052 6.0294 9.18592 0 7.25246 
0 0 0 0 0 0 0 0 0 0 0 0 
Printing tau_prime:
0 3.61723 12.3509 16.5329 9.48852 14.8876 7.8792 16.9365 1.4465 3.35841 8.54733 0 
3.61723 0 8.78275 17.5467 11.593 11.5383 4.65561 13.5679 3.64183 6.6156 8.96786 3.61723 
12.3509 8.78275 0 23.5383 19.4222 6.89429 4.9433 8.15504 12.3704 14.9175 15.3409 12.3509 
16.5329 17.5467 23.5383 0 7.93526 20.4328 21.6299 21.8114 15.1901 18.2879 8.61635 16.5329 
9.48852 11.593 19.4222 7.93526 0 18.6977 16.1877 20.5464 8.38988 10.5953 5.11496 9.48852 
14.8876 11.5383 6.89429 20.4328 18.6977 0 10.1477 2.05169 14.2211 18.1171 13.7238 14.8876 
7.8792 4.65561 4.9433 21.6299 16.1877 10.1477 0 11.9236 8.24651 10.1003 13.0302 7.8792 
16.9365 13.5679 8.15504 21.8114 20.5464 2.05169 11.9236 0 16.2718 20.1574 15.5136 16.9365 
1.4465 3.64183 12.3704 15.1901 8.38988 14.2211 8.24651 16.2718 0 4.53203 7.10808 1.4465 
3.35841 6.6156 14.9175 18.2879 10.5953 18.1171 10.1003 20.1574 4.53203 0 11.0897 3.35841 
8.54733 8.96786 15.3409 8.61635 5.11496 13.7238 13.0302 15.5136 7.10808 11.0897 0 8.54733 
0 0 0 0 0 0 0 0 0 0 0 0 
---------------------------------------------------------------
Current config:
- Number of threads = 16
- Drone endurance = 20
- SL = 1
- SR = 1
- L = 3
- Allow loop = 0
- Use TSP optimal solution as warmstart: = 0
- Use cutting plane method: = 0
- Use CPLEX conflict refiner: = 0
---------------------------------------------------------------
M value: 506.089
Warning:  Output names have been modified due to duplicate names or characters invalid in LP format.
Version identifier: 22.1.1.0 | 2022-11-28 | 9160aff4d
CPXPARAM_Threads                                 16
CPXPARAM_TimeLimit                               3600
Tried aggregator 2 times.
MIP Presolve eliminated 1201 rows and 594 columns.
MIP Presolve modified 2854 coefficients.
Aggregator did 34 substitutions.
Reduced MIP has 3797 rows, 2816 columns, and 81515 nonzeros.
Reduced MIP has 2640 binaries, 0 generals, 0 SOSs, and 0 indicators.
Presolve time = 0.07 sec. (119.64 ticks)
Probing fixed 29 vars, tightened 0 bounds.
Probing time = 0.03 sec. (94.16 ticks)
Tried aggregator 1 time.
Detecting symmetries...
MIP Presolve eliminated 16 rows and 29 columns.
MIP Presolve modified 33 coefficients.
Reduced MIP has 3781 rows, 2787 columns, and 80607 nonzeros.
Reduced MIP has 2611 binaries, 0 generals, 0 SOSs, and 0 indicators.
Presolve time = 0.04 sec. (59.65 ticks)
Probing time = 0.01 sec. (9.47 ticks)
Clique table members: 33749.
MIP emphasis: balance optimality and feasibility.
MIP search method: dynamic search.
Parallel mode: deterministic, using up to 16 threads.
Root relaxation solution time = 0.10 sec. (209.62 ticks)

        Nodes                                         Cuts/
   Node  Left     Objective  IInf  Best Integer    Best Bound    ItCnt     Gap

*     0+    0                        61633.1181        0.0000           100.00%
      0     0       19.7652   157    61633.1181       19.7652     1564   99.97%
*     0+    0                          104.6574       19.7652            81.11%
      0     0       26.2477   165      104.6574     Cuts: 224     3317   74.92%
      0     0       29.4479   188      104.6574     Cuts: 128     4917   71.86%
      0     0       30.0520   213      104.6574     Cuts: 130     6350   71.29%
      0     0       30.7614   237      104.6574      Cuts: 72     7733   70.61%
      0     0       31.1481   302      104.6574     Cuts: 122     8275   70.24%
Detecting symmetries...
      0     0       31.2754   305      104.6574     Cuts: 119     8628   70.12%
      0     0       31.6779   329      104.6574     Cuts: 108     9303   69.73%
      0     0       31.8320   341      104.6574      Cuts: 74     9613   69.58%
      0     0       32.2643   304      104.6574      Cuts: 75     9952   69.17%
*     0+    0                           79.6305       32.2643            59.48%
      0     0       32.4977   310       79.6305      Cuts: 53    10182   59.19%
      0     0       32.5343   334       79.6305      Cuts: 68    10338   59.14%
      0     0       32.6291   388       79.6305      Cuts: 50    10569   59.02%
      0     0       32.6488   412       79.6305      Cuts: 61    10698   59.00%
      0     0       32.6724   323       79.6305      Cuts: 78    10867   58.97%
      0     0       32.6799   427       79.6305      Cuts: 36    10967   58.96%
      0     0       32.6894   421       79.6305      Cuts: 70    11111   58.95%
      0     0       32.6972   393       79.6305      Cuts: 33    11179   58.94%
      0     0       32.7000   411       79.6305      Cuts: 25    11229   58.94%
      0     0       32.7077   415       79.6305      Cuts: 14    11320   58.93%
      0     0       32.7109   415       79.6305      Cuts: 27    11377   58.92%
Detecting symmetries...
      0     2       32.7109   415       79.6305       32.7715    11377   58.85%
Elapsed time = 2.69 sec. (5398.47 ticks, tree = 0.02 MB, solutions = 3)
      6     2    infeasible             79.6305       32.7715    13187   58.85%
*     8+    1                           72.9765       32.7715            55.09%
     16     6       38.3501   225       72.9765       32.9825    17046   54.80%
*    35+    5                           66.9862       33.2900            50.30%
*    44+    4                           64.4898       33.2900            48.38%
     80    39       51.6620    97       64.4898       33.3009    30328   48.36%
*   124+   16                           63.6006       33.3009            47.64%
    202   119       39.1870   115       63.6006       33.5333    60044   47.28%
    315   171       47.4915    80       63.6006       33.5333    87795   47.28%
    463   248        cutoff             63.6006       33.9688   116790   46.59%
    586   288       43.4157    99       63.6006       33.9688   139825   46.59%
    655   323       41.1340   130       63.6006       33.9688   167195   46.59%
    681   360       43.1576   130       63.6006       33.9688   180924   46.59%
    914   450       54.7942    58       63.6006       33.9688   256366   46.59%
Elapsed time = 5.75 sec. (8545.47 ticks, tree = 0.53 MB, solutions = 15)
   1231   648       39.6561   112       63.6006       33.9688   341294   46.59%
   1496   807       39.1146   134       63.6006       33.9688   412612   46.59%
   1872  1051       44.0529   179       63.6006       33.9688   520786   46.59%
   2249  1299       56.9420    69       63.6006       35.5357   604752   44.13%
   2430  1515        cutoff             63.6006       35.5357   714028   44.13%
   2748  1628       43.7304    97       63.6006       38.5524   777938   39.38%
   3012  1920       49.2284   126       63.6006       38.6530   920972   39.23%
   3352  2149       45.6029   110       63.6006       38.6530  1035106   39.23%
   3481  2343       48.3367   128       63.6006       38.9295  1132559   38.79%
   3743  2454       58.4082    52       63.6006       38.9295  1184868   38.79%
Elapsed time = 16.09 sec. (18100.99 ticks, tree = 5.67 MB, solutions = 15)
*  3961+ 2497                           59.3217       39.1280            34.04%
   4029  2599       42.6848   166       59.3217       39.1280  1246139   34.04%
   4375  2467       56.9020    44       59.3217       39.3859  1337974   33.61%

Performing restart 1

Repeating presolve.
Tried aggregator 1 time.
MIP Presolve eliminated 10 rows and 16 columns.
MIP Presolve modified 2029 coefficients.
Reduced MIP has 3771 rows, 2771 columns, and 79258 nonzeros.
Reduced MIP has 2595 binaries, 0 generals, 0 SOSs, and 0 indicators.
Presolve time = 0.03 sec. (58.36 ticks)
Tried aggregator 1 time.
Reduced MIP has 3771 rows, 2771 columns, and 79258 nonzeros.
Reduced MIP has 2595 binaries, 0 generals, 0 SOSs, and 0 indicators.
Presolve time = 0.03 sec. (43.08 ticks)
Represolve time = 0.13 sec. (252.14 ticks)
   4399     0       32.9226   404       59.3217      Cuts: 51  1425791   33.60%
   4399     0       33.0095   396       59.3217      Cuts: 59  1426064   33.60%
   4399     0       33.5913   358       59.3217      Cuts: 62  1426436   33.60%
   4399     0       33.6841   361       59.3217      Cuts: 57  1426733   33.60%
   4399     0       33.8648   361       59.3217      Cuts: 77  1427221   33.60%
   4399     0       33.9091   369       59.3217      Cuts: 72  1427429   33.60%
   4399     0       33.9299   407       59.3217      Cuts: 68  1427662   33.60%
   4399     2       33.9299   407       59.3217       39.3886  1427662   33.60%
   4401     4       33.9850   389       59.3217       39.3886  1428114   33.60%
   4404     5       34.3570   388       59.3217       39.3886  1428719   33.60%
*  4405+    5                           58.7255       39.3886            32.93%
*  4405+    5                           56.4600       39.3886            30.24%
   4410     5       39.5722   189       56.4600       39.3886  1429329   30.24%
   4423    10       41.1718   104       56.4600       39.3886  1438549   30.24%
   4459    13       46.4899   102       56.4600       39.3886  1442662   30.24%
*  4490+   13                           56.1686       39.3886            29.87%
   4503    37       41.3543    89       56.1686       39.3886  1478765   29.87%
   4589    47       52.3298   115       56.1686       39.3886  1487144   29.87%
Elapsed time = 28.90 sec. (39318.28 ticks, tree = 0.29 MB, solutions = 21)
   4639    43       50.9062   104       56.1686       39.3886  1483654   29.87%
   4711   157       48.2159   168       56.1686       39.3886  1548998   29.87%
   4787   180       52.3561   112       56.1686       39.3886  1568189   29.87%
   4952   212       37.9241   161       56.1686       39.3886  1580379   29.87%
   5195   318       43.2638    86       56.1686       39.3886  1619495   29.87%
   5552   409        cutoff             56.1686       39.3886  1639716   29.87%
   5875   731       43.9060   165       56.1686       39.3886  1709889   29.87%
   6135   859       47.7705    95       56.1686       39.3886  1731082   29.87%
   6254   935       43.4040   138       56.1686       39.3886  1755086   29.87%
   6329  1099       46.2632    88       56.1686       39.3886  1804146   29.87%
Elapsed time = 37.41 sec. (48906.01 ticks, tree = 18.29 MB, solutions = 21)
   6509  1192       44.9047   111       56.1686       39.3886  1856331   29.87%
   6842  1296       48.3694    54       56.1686       39.3886  1878680   29.87%
   7302  1354       51.9959    96       56.1686       39.3886  1888007   29.87%
   7787  1787       46.1339    54       56.1686       39.3886  1962031   29.87%
   8129  2252       54.1830    66       56.1686       39.3886  2062584   29.87%
   8391  2537       55.5708    52       56.1686       39.3886  2138414   29.87%
   8516  2635       46.4631    77       56.1686       39.3886  2177297   29.87%
   8623  2645       42.4072   145       56.1686       39.3886  2182903   29.87%
   8777  2739       43.8881   191       56.1686       39.3886  2232332   29.87%
   9116  2702       54.6130   104       56.1686       39.3886  2223975   29.87%
Elapsed time = 46.03 sec. (58494.64 ticks, tree = 52.87 MB, solutions = 21)
   9524  2916       46.8667   114       56.1686       39.5945  2273734   29.51%
  10029  3083       52.3343    93       56.1686       40.2960  2348035   28.26%
  10306  3453       47.9267   210       56.1686       40.3804  2418207   28.11%
  10415  3812       56.0493    25       56.1686       41.0022  2483009   27.00%
  10534  3893       55.8821    73       56.1686       41.0022  2523582   27.00%
  11027  3975       55.1622    76       56.1686       41.0124  2567956   26.98%
  11431  4038        cutoff             56.1686       41.1755  2587417   26.69%
  11783  4509       55.3695    52       56.1686       41.1755  2688185   26.69%
  11905  4690       51.4644    62       56.1686       42.0735  2734888   25.09%
  12047  4762       46.4001    76       56.1686       42.0735  2760385   25.09%
Elapsed time = 54.44 sec. (68072.89 ticks, tree = 106.44 MB, solutions = 21)
  12287  4906       45.5296   146       56.1686       42.3128  2817970   24.67%
  12671  4926       43.9013   215       56.1686       42.3128  2822818   24.67%
  13333  5142        cutoff             56.1686       42.9682  2904130   23.50%
  13760  5855       45.7390   250       56.1686       43.0047  3013421   23.44%
  13869  6010       47.8804   246       56.1686       43.2231  3039994   23.05%
  13987  6018       53.0110    77       56.1686       43.2231  3045770   23.05%
  14368  6152       47.5737    30       56.1686       43.2231  3087343   23.05%
  15135  6622        cutoff             56.1686       43.2931  3148778   22.92%
  15803  6662       52.6770   115       56.1686       43.4231  3153828   22.69%
  16557  7181       49.9351   206       56.1686       43.4428  3206458   22.66%
Elapsed time = 63.23 sec. (77630.30 ticks, tree = 137.61 MB, solutions = 21)
  17233  7771       48.6911   208       56.1686       43.5738  3269914   22.42%
  17471  8362       55.8162    83       56.1686       43.5853  3346642   22.40%
  17588  8977        cutoff             56.1686       43.5960  3427054   22.38%
  17731  9040       46.0996   114       56.1686       43.6464  3455518   22.29%
  18181  9081       48.2495   215       56.1686       43.6839  3459815   22.23%
* 18496+ 9153                           54.1789       43.7520            19.25%
  18768  9175       46.1556   257       54.1789       43.7769  3491742   19.20%
  19427  8615       51.9974    51       54.1789       43.8338  3597697   19.09%
  20042  8588       51.6679   202       54.1789       43.8573  3594782   19.05%
  20460  9324       51.6622   104       54.1789       43.8680  3710780   19.03%
  20597  9332       51.9475   147       54.1789       43.9071  3711379   18.96%
Elapsed time = 71.90 sec. (87203.96 ticks, tree = 190.88 MB, solutions = 23)
  20734  9736        cutoff             54.1789       43.9071  3829602   18.96%
  20837  9784       47.6177    60       54.1789       43.9071  3859537   18.96%
  21074  9858       51.9005   138       54.1789       43.9071  3899568   18.96%
  21550  9888       51.8838    72       54.1789       43.9814  3894889   18.82%
  22133  9986       51.1422   181       54.1789       43.9814  3931749   18.82%
  22663 10203       53.3176    81       54.1789       44.0723  3978330   18.65%
  22931 10530        cutoff             54.1789       44.1015  4043363   18.60%
  23073 10861       53.4403    87       54.1789       44.1629  4126656   18.49%
  23234 11064       52.8130   112       54.1789       44.1630  4175867   18.49%
  23354 11109       52.0055    85       54.1789       44.2978  4225646   18.24%
Elapsed time = 80.30 sec. (96805.17 ticks, tree = 231.60 MB, solutions = 23)
  23487 11161       51.4919    80       54.1789       44.2978  4261277   18.24%
  23834 11170       51.6313    98       54.1789       44.2978  4261576   18.24%
  24348 11223       45.5023    99       54.1789       44.2978  4284815   18.24%
  24881 11215       46.1322   200       54.1789       44.4880  4315502   17.89%
  25461 11722       48.7544   173       54.1789       44.5070  4404150   17.85%
  25681 12181        cutoff             54.1789       44.5575  4544745   17.76%
  25817 12095       46.9462   116       54.1789       44.6033  4526906   17.67%
  25952 12312        cutoff             54.1789       44.6769  4583569   17.54%
  26119 12342       51.8271   145       54.1789       44.7190  4625247   17.46%
  27845 12511        cutoff             54.1789       44.7368  4717759   17.43%
Elapsed time = 90.98 sec. (109247.49 ticks, tree = 258.48 MB, solutions = 23)
  29345 13848       51.6765   159       54.1789       44.9831  4964241   16.97%
  30009 14168       46.9355   190       54.1789       45.1336  5105146   16.70%
  32188 14967       49.2292   161       54.1789       45.3610  5286592   16.28%
  33546 16032       48.7535   122       54.1789       45.5502  5583683   15.93%
  34138 16156       50.5256   121       54.1789       45.6737  5670252   15.70%
  35985 16309       50.6749   141       54.1789       45.8130  5774639   15.44%
  36855 17440       46.6094    84       54.1789       45.9623  6028383   15.17%
  37467 17570        cutoff             54.1789       45.9884  6138607   15.12%
* 37739+17630                           53.8738       46.0715            14.48%
  38923 17277       51.0454   131       53.8738       46.0794  6281624   14.47%
* 41049 18269      integral     0       51.7077       46.1976  6502305   10.66%
  41205 18072        cutoff             51.7077       46.2295  6480021   10.59%
Elapsed time = 125.12 sec. (147439.93 ticks, tree = 380.23 MB, solutions = 25)
  41960 14759       47.5713    78       51.7077       46.3416  6765905   10.38%
  42715 14858        cutoff             51.7077       46.3970  6836364   10.27%
  43738 14853       47.9266    71       51.7077       46.4508  7028831   10.17%
  45339 15061       48.6227    84       51.7077       46.5062  7156668   10.06%
  46220 15361        cutoff             51.7077       46.5492  7293980    9.98%

Performing restart 2

Repeating presolve.
Tried aggregator 1 time.
MIP Presolve eliminated 29 rows and 62 columns.
MIP Presolve modified 12815 coefficients.
Reduced MIP has 3742 rows, 2709 columns, and 89296 nonzeros.
Reduced MIP has 2533 binaries, 0 generals, 0 SOSs, and 0 indicators.
Presolve time = 0.08 sec. (219.85 ticks)
Tried aggregator 1 time.
MIP Presolve eliminated 3 rows and 3 columns.
MIP Presolve modified 23 coefficients.
Reduced MIP has 3739 rows, 2706 columns, and 89258 nonzeros.
Reduced MIP has 2530 binaries, 0 generals, 0 SOSs, and 0 indicators.
Presolve time = 0.03 sec. (63.29 ticks)
Represolve time = 0.23 sec. (542.31 ticks)
  46273     0       34.1563   450       51.7077      Cuts: 53  7491312    9.72%
  46273     0       34.2041   430       51.7077      Cuts: 57  7491523    9.72%
  46273     0       34.3738   419       51.7077      Cuts: 70  7491871    9.72%
  46273     0       34.4468   440       51.7077      Cuts: 77  7492228    9.72%
  46273     0       34.4939   402       51.7077      Cuts: 60  7492584    9.72%
  46273     0       34.6043   405       51.7077      Cuts: 95  7492933    9.72%
  46273     0       34.6236   424       51.7077      Cuts: 84  7493197    9.72%
  46273     0       34.6428   448       51.7077      Cuts: 46  7493432    9.72%
  46273     0       34.6478   471       51.7077      Cuts: 63  7493611    9.72%
  46273     2       34.6478   471       51.7077       46.6808  7493611    9.72%
  46287     6       41.3054    71       51.7077       46.6808  7500073    9.72%
  46441    86       44.8676   244       51.7077       46.6808  7563601    9.72%
  47003   354        cutoff             51.7077       46.6808  7717492    9.72%
  47774   901       37.5639   270       51.7077       46.6808  7926315    9.72%
Elapsed time = 164.35 sec. (208884.50 ticks, tree = 9.27 MB, solutions = 25)
  48596  1585       47.9379   141       51.7077       46.6808  8069571    9.72%
  49540  2264    infeasible             51.7077       46.6808  8243144    9.72%
  50396  2820       50.0546   167       51.7077       46.6808  8357526    9.72%
  51279  3561       40.5031   167       51.7077       46.6808  8584705    9.72%
  52279  4202        cutoff             51.7077       46.6808  8753753    9.72%
  53244  4822       44.4583   175       51.7077       46.6808  8973200    9.72%
  54214  5173       50.2603   219       51.7077       46.6808  9159340    9.72%
  55181  5627       44.2926   164       51.7077       46.6808  9373511    9.72%
  56184  5984       47.7882   144       51.7077       46.6808  9626161    9.72%
  56753  6375        cutoff             51.7077       46.6808  9796940    9.72%
Elapsed time = 198.62 sec. (247072.72 ticks, tree = 136.53 MB, solutions = 25)
  57725  6734       49.8306   134       51.7077       46.6808  9954166    9.72%
  58501  7199        cutoff             51.7077       46.6808 10201768    9.72%
  59205  7235        cutoff             51.7077       46.6808 10283172    9.72%
  60093  7586       47.5087   129       51.7077       46.6808 10466580    9.72%
  60630  7959       45.6200    72       51.7077       46.6808 10670066    9.72%
  61747  8311       47.7374   100       51.7077       46.6808 10777628    9.72%
  62576  8643        cutoff             51.7077       46.6808 10994321    9.72%
  63148  8938        cutoff             51.7077       46.6808 11212130    9.72%
  64268  9484       48.6095   146       51.7077       46.6808 11444991    9.72%
  64980  9594       49.8269   121       51.7077       46.6808 11508414    9.72%
Elapsed time = 233.03 sec. (285281.44 ticks, tree = 205.47 MB, solutions = 25)
  65471  9777       49.4467   250       51.7077       46.6808 11726399    9.72%
  66587 10078       47.0690   115       51.7077       46.6808 11891472    9.72%
  67538 10166       46.0902    50       51.7077       46.6808 12062314    9.72%
  67968 10253       48.6453   151       51.7077       46.6808 12303896    9.72%
  68977 10287        cutoff             51.7077       46.6808 12346088    9.72%
  70049 10526       49.4405   167       51.7077       46.6808 12597882    9.72%
  70587 10561       48.3725   145       51.7077       46.6808 12815717    9.72%
  71146 10544        cutoff             51.7077       46.6808 12945376    9.72%
  72133 10616        cutoff             51.7077       46.6808 13022310    9.72%
  73232 10844        cutoff             51.7077       46.6808 13240506    9.72%
Elapsed time = 266.99 sec. (323444.89 ticks, tree = 224.49 MB, solutions = 25)
  73814 10944       50.3688   163       51.7077       46.6808 13387028    9.72%
  74449 10886       48.6354   191       51.7077       46.6808 13536333    9.72%
  75581 11005       48.3010   116       51.7077       46.6808 13746205    9.72%
  76677 11163        cutoff             51.7077       46.6808 13885023    9.72%
  77245 11364       48.5279    85       51.7077       46.6808 14057241    9.72%
  77961 11509       50.9609   165       51.7077       46.6808 14181631    9.72%
  79186 11688       50.4309    82       51.7077       46.6808 14370676    9.72%
  80295 11800       48.7992   125       51.7077       46.6808 14708207    9.72%
  80885 11813        cutoff             51.7077       46.6808 14781660    9.72%
  81525 11679       51.3066    89       51.7077       46.6866 14952672    9.71%
Elapsed time = 300.25 sec. (361631.01 ticks, tree = 232.14 MB, solutions = 25)
  82502 11605        cutoff             51.7077       46.8359 15030950    9.42%
  83725 11478        cutoff             51.7077       46.9435 15284295    9.21%
  84418 11456       49.1789   118       51.7077       47.0446 15411464    9.02%
  85038 11355        cutoff             51.7077       47.1538 15452410    8.81%
  85688 11194       48.8570    59       51.7077       47.2896 15673967    8.54%
  86667 11189        cutoff             51.7077       47.4275 15708887    8.28%
  87564 10968        cutoff             51.7077       47.5303 15800557    8.08%
  88324 10542       50.4545    91       51.7077       47.6173 16044144    7.91%
  88989 10421        cutoff             51.7077       47.7207 16131212    7.71%
  89726 10291       48.3524   107       51.7077       47.8289 16241124    7.50%
Elapsed time = 333.63 sec. (399823.50 ticks, tree = 191.32 MB, solutions = 25)
  90626 10047       49.7893   189       51.7077       47.9309 16468445    7.30%
  92085  9939       50.6215    79       51.7077       48.0639 16580265    7.05%
  93098  9914       49.4461    98       51.7077       48.1933 16821242    6.80%
  93985  9673       49.1477   105       51.7077       48.2934 16977973    6.60%
  94813  9542        cutoff             51.7077       48.3957 17061850    6.41%
  95718  9088        cutoff             51.7077       48.5853 17266576    6.04%
  96613  8710        cutoff             51.7077       48.7109 17431282    5.80%
  97450  8504        cutoff             51.7077       48.8321 17514441    5.56%
  98236  8300        cutoff             51.7077       48.8947 17608353    5.44%
  99038  8208        cutoff             51.7077       49.0279 17639210    5.18%
Elapsed time = 367.25 sec. (438012.08 ticks, tree = 139.80 MB, solutions = 25)
  99993  7847        cutoff             51.7077       49.1573 17852825    4.93%
 100952  7460        cutoff             51.7077       49.2856 17984988    4.68%
 101903  6915        cutoff             51.7077       49.3681 18191434    4.52%
 102952  6828        cutoff             51.7077       49.4886 18272103    4.29%
 104050  6409       50.6556    48       51.7077       49.6538 18436923    3.97%
 105434  5407        cutoff             51.7077       49.8951 18652947    3.51%
 106563  4992        cutoff             51.7077       50.0613 18772962    3.18%
 107886  4167        cutoff             51.7077       50.2299 18964468    2.86%
 109104  3751        cutoff             51.7077       50.2568 19061277    2.81%
 110524  2794        cutoff             51.7077       50.5183 19271787    2.30%
Elapsed time = 401.16 sec. (476196.35 ticks, tree = 26.16 MB, solutions = 25)
 112718  1151        cutoff             51.7077       50.8503 19472394    1.66%

GUB cover cuts applied:  58
Clique cuts applied:  13
Cover cuts applied:  434
Implied bound cuts applied:  14
Mixed integer rounding cuts applied:  131
Zero-half cuts applied:  85
Lift and project cuts applied:  68
Gomory fractional cuts applied:  3

Root node processing (before b&c):
  Real time             =    2.63 sec. (5282.91 ticks)
Parallel b&c, 16 threads:
  Real time             =  403.89 sec. (476426.35 ticks)
  Sync time (average)   =  164.62 sec.
  Wait time (average)   =    0.03 sec.
                          ------------
Total (root+branch&cut) =  406.53 sec. (481709.26 ticks)
Feasible solution found!
Truck nodes:
Truck at node 0 at stage 1
Truck at node 1 at stage 2
Truck at node 6 at stage 3
Truck at node 2 at stage 4
Truck at node 7 at stage 5
Truck at node 5 at stage 6
Truck at node 10 at stage 7
Truck at node 3 at stage 8
Truck at node 4 at stage 9
Truck at node 8 at stage 10
Truck at node 11 at stage 11

Truck arcs:
Arc 1 connecting 0 and 1 with cost 3.05404 
Arc 2 connecting 1 and 6 with cost 3.41898 
Arc 3 connecting 6 and 2 with cost 3.99917 
Arc 4 connecting 2 and 7 with cost 6.42059 
Arc 5 connecting 7 and 5 with cost 1.61466 
Arc 6 connecting 5 and 10 with cost 11.4906 
Arc 7 connecting 10 and 3 with cost 6.22861 
Arc 8 connecting 3 and 4 with cost 6.71587 
Arc 9 connecting 4 and 8 with cost 5.54215 
Arc 10 connecting 8 and 11 with cost 1.22306 
Truck route length: 49.7077
Customer 9 was served by drone!
served customer 9 with st stage 7
start from stage 7 at node 10
end at node 4
end at stage 9
Printing wait:
Printing z(k, k') and drone travel time: 
---------------------------------------------------------------
Sortie starts at stage 7 and ends at stage 9
Start node: 10
End node: 4
Customer served in this sortie:9 
Drone arcs during this sortie:
0-->9, l = 3.35841
9-->11, l = 3.35841
10-->4, l = 5.11496
Truck arcs during this sortie:
10---3, l = 6.22861
3---4, l = 6.71587
Drone travel time during sortie: 11.8318
Truck travel time during sortie: 12.9445
Wait time for this sortie: 0
---------------------------------------------------------------
Printing zl:
zl[7][10] = 1
Printing zr:
zr[7][4] = 1
Printing zs:
zs[7][9] = 1
Printing x_d:
x_d[0][9] = 1
x_d[9][11] = 1
x_d[10][4] = 1
Done!
Solve time: 406.537
OBJECTIVE VALUE: 51.7077.
In write mode
