Instance name: /home/orlab/CLionProjects/RV-FSTSP/Murray_instances/FSTSP/FSTSP_10_customer_problems/20140810T123443v10
Write arg val: 1
Input is specified as type M: Murray instance.-.-.-.-.-.-.-.-.-.-.-.-.-.-.-.-.-.-.-.-

drone speed: 0.6 miles/minute
uav non-eligible customer: 4 8 
Printing tau:
0 7.3617 13.235 11.9489 14.048 9.28995 9.2816 9.57935 4.27959 6.76674 3.51531 0 
7.3617 0 8.59672 16.5872 14.8463 1.92825 1.9199 7.49765 3.32128 11.405 7.04299 7.3617 
13.235 8.59672 0 25.184 23.443 8.42508 9.39342 16.0944 11.7546 20.0018 15.6397 13.235 
11.9489 16.5872 25.184 0 20.0769 16.7589 15.7905 15.6083 13.4294 5.1822 10.0243 11.9489 
14.048 14.8463 23.443 20.0769 0 15.0179 14.0496 7.34864 11.6884 17.2947 10.5327 14.048 
9.28995 1.92825 8.42508 16.7589 15.0179 0 0.968346 7.66929 5.01036 12.5367 7.21463 9.28995 
9.2816 1.9199 9.39342 15.7905 14.0496 0.968346 0 6.70095 5.00201 12.5283 6.24629 9.2816 
9.57935 7.49765 16.0944 15.6083 7.34864 7.66929 6.70095 0 5.29976 12.8261 6.06403 9.57935 
4.27959 3.32128 11.7546 13.4294 11.6884 5.01036 5.00201 5.29976 0 8.24716 3.8851 4.27959 
6.76674 11.405 20.0018 5.1822 17.2947 12.5367 12.5283 12.8261 8.24716 0 6.76206 6.76674 
3.51531 7.04299 15.6397 10.0243 10.5327 7.21463 6.24629 6.06403 3.8851 6.76206 0 3.51531 
0 0 0 0 0 0 0 0 0 0 0 0 
Printing tau_prime:
0 4.3947 7.10303 6.75983 8.77073 5.28375 5.07359 5.04924 2.28719 3.79077 2.15117 0 
4.3947 0 4.53721 10.7671 8.22389 0.977764 1.04987 3.94906 2.22874 7.86711 4.05316 4.3947 
7.10303 4.53721 0 13.8369 12.7369 4.83259 5.26653 8.48623 5.94183 10.8808 7.92402 7.10303 
6.75983 10.7671 13.8369 0 10.1784 11.4679 11.1089 9.12274 8.55077 2.97077 6.81733 6.75983 
8.77073 8.22389 12.7369 10.1784 0 7.95679 7.49335 4.34398 7.69376 8.9064 6.62071 8.77073 
5.28375 0.977764 4.83259 11.4679 7.95679 0 0.489107 3.87634 3.03842 8.61874 4.66744 5.28375 
5.07359 1.04987 5.26653 11.1089 7.49335 0.489107 0 3.38783 2.79373 8.29151 4.29363 5.07359 
5.04924 3.94906 8.48623 9.12274 4.34398 3.87634 3.38783 0 3.45972 6.7721 3.0714 5.04924 
2.28719 2.22874 5.94183 8.55077 7.69376 3.03842 2.79373 3.45972 0 5.63927 1.99988 2.28719 
3.79077 7.86711 10.8808 2.97077 8.9064 8.61874 8.29151 6.7721 5.63927 0 4.06431 3.79077 
2.15117 4.05316 7.92402 6.81733 6.62071 4.66744 4.29363 3.0714 1.99988 4.06431 0 2.15117 
0 0 0 0 0 0 0 0 0 0 0 0 
---------------------------------------------------------------
Current config:
- Number of threads = 16
- Drone endurance = 20
- SL = 1
- SR = 1
- L = 3
- Allow loop = 0
- Use TSP optimal solution as warmstart: = 0
- Use cutting plane method: = 0
- Use CPLEX conflict refiner: = 0
---------------------------------------------------------------
M value: 572.151
Warning:  Output names have been modified due to duplicate names or characters invalid in LP format.
Version identifier: 22.1.1.0 | 2022-11-28 | 9160aff4d
CPXPARAM_Threads                                 16
CPXPARAM_TimeLimit                               3600
Tried aggregator 2 times.
MIP Presolve eliminated 1032 rows and 429 columns.
MIP Presolve modified 2671 coefficients.
Aggregator did 34 substitutions.
Reduced MIP has 3966 rows, 2981 columns, and 84106 nonzeros.
Reduced MIP has 2805 binaries, 0 generals, 0 SOSs, and 0 indicators.
Presolve time = 0.06 sec. (114.31 ticks)
Probing time = 0.01 sec. (9.79 ticks)
Tried aggregator 1 time.
Detecting symmetries...
MIP Presolve eliminated 1 rows and 0 columns.
MIP Presolve modified 24 coefficients.
Reduced MIP has 3965 rows, 2981 columns, and 84072 nonzeros.
Reduced MIP has 2805 binaries, 0 generals, 0 SOSs, and 0 indicators.
Presolve time = 0.03 sec. (46.96 ticks)
Probing time = 0.01 sec. (9.48 ticks)
Clique table members: 41319.
MIP emphasis: balance optimality and feasibility.
MIP search method: dynamic search.
Parallel mode: deterministic, using up to 16 threads.
Root relaxation solution time = 0.09 sec. (225.65 ticks)

        Nodes                                         Cuts/
   Node  Left     Objective  IInf  Best Integer    Best Bound    ItCnt     Gap

*     0+    0                        42552.7458        0.0000           100.00%
      0     0       26.0866   168    42552.7458       26.0866     1457   99.94%
*     0+    0                          131.5860       26.0866            80.18%
      0     0       30.1807   187      131.5860      Cuts: 61     4587   77.06%
      0     0       31.1230   149      131.5860     Cuts: 145     6829   76.35%
*     0+    0                           53.8019       31.1230            42.15%
      0     0       33.6826    83       53.8019     Cuts: 100    12912   37.40%
      0     0       33.6826   107       53.8019      Cuts: 63    13802   37.40%
      0     0       33.6826    78       53.8019    MIRcuts: 1    14048   37.40%
Detecting symmetries...
      0     0       33.6826    77       53.8019      Cuts: 70    15322   37.40%
*     0+    0                           47.7203       33.6826            29.42%
Detecting symmetries...
      0     2       33.6826    77       47.7203       33.6826    15322   29.42%
Elapsed time = 3.98 sec. (7802.39 ticks, tree = 0.02 MB, solutions = 4)
      2     4       33.7329   235       47.7203       33.6826    17591   29.42%
      4     6       33.9760    45       47.7203       33.6826    19218   29.42%
*    15+    4                           47.4248       33.6826            28.98%
     16    16       33.9760    53       47.4248       33.6826    25663   28.98%
     34    15       34.3737    97       47.4248       33.6826    26397   28.98%
     68    30       34.0552   124       47.4248       33.7354    36236   28.87%
    105    58       35.0236    87       47.4248       33.7354    71378   28.87%
    145   104       43.9507    45       47.4248       33.7354   111266   28.87%
    190   145       46.7911    41       47.4248       33.7354   151372   28.87%
    255   153        cutoff             47.4248       33.7354   161862   28.87%
    344   205       35.0160    47       47.4248       33.7354   211359   28.87%
Elapsed time = 7.12 sec. (11172.33 ticks, tree = 1.47 MB, solutions = 5)
    618   293       35.1465   193       47.4248       33.7354   263673   28.87%
    958   526       46.3637    44       47.4248       33.7560   358251   28.82%
   1261   704       46.1883    49       47.4248       33.7560   428139   28.82%
   1442   931       39.1301    24       47.4248       33.9711   504241   28.37%
   1835  1058       35.9760    37       47.4248       33.9760   556320   28.36%
   2270  1466       45.4353   106       47.4248       33.9760   664734   28.36%
   2725  1788       44.6746    95       47.4248       33.9760   743114   28.36%
   3133  2027       34.5362    98       47.4248       33.9760   794691   28.36%
   3215  2337       38.2035   104       47.4248       33.9760   886346   28.36%
   3579  2368        cutoff             47.4248       33.9760   897919   28.36%
Elapsed time = 17.10 sec. (20750.36 ticks, tree = 56.43 MB, solutions = 5)
   3834  2718       39.3527   134       47.4248       33.9760  1017100   28.36%
   4172  2847       43.0591    60       47.4248       33.9760  1064892   28.36%
   4285  2946       41.3792    55       47.4248       33.9760  1127878   28.36%

Performing restart 1

Repeating presolve.
Tried aggregator 1 time.
MIP Presolve eliminated 4 rows and 198 columns.
MIP Presolve modified 2481 coefficients.
Reduced MIP has 3961 rows, 2783 columns, and 72474 nonzeros.
Reduced MIP has 2607 binaries, 0 generals, 0 SOSs, and 0 indicators.
Presolve time = 0.03 sec. (52.88 ticks)
Tried aggregator 1 time.
Reduced MIP has 3961 rows, 2783 columns, and 72474 nonzeros.
Reduced MIP has 2607 binaries, 0 generals, 0 SOSs, and 0 indicators.
Presolve time = 0.02 sec. (39.39 ticks)
Represolve time = 0.13 sec. (230.01 ticks)
   4288     0       33.6826   101       47.4248       Cuts: 4  1212537   28.36%
   4288     0       33.6826   174       47.4248     Cuts: 108  1213682   28.36%
   4288     0       33.6826    56       47.4248   ZeroHalf: 2  1213989   28.36%
   4288     0       33.6826   104       47.4248      Cuts: 92  1215891   28.36%
   4288     0       33.9760   162       47.4248      Cuts: 11  1217400   28.36%
   4288     0       33.9760   169       47.4248     Cuts: 134  1219031   28.36%
   4288     0       33.9760   128       47.4248       Cuts: 9  1219743   28.36%
   4288     0       33.9760   135       47.4248     Cuts: 113  1221164   28.36%
   4288     2       33.9760    22       47.4248       33.9760  1221164   28.36%
   4289     3       37.2640   103       47.4248       33.9760  1227078   28.36%
   4292     6       33.9760    46       47.4248       33.9760  1228880   28.36%
   4294     4       37.5400   111       47.4248       33.9760  1232371   28.36%
   4298     9       44.9346    48       47.4248       33.9760  1239987   28.36%
   4308    18       45.2679    35       47.4248       33.9760  1257845   28.36%
   4335    14       42.6619    98       47.4248       33.9760  1251389   28.36%
Elapsed time = 31.55 sec. (44353.68 ticks, tree = 0.05 MB, solutions = 5)
*  4367+   10                           47.1810       33.9760            27.99%
   4371    23       47.2748    49       47.1810       33.9760  1270039   27.99%
   4491    45       44.0611    95       47.1810       33.9760  1284881   27.99%
   4568    62       46.4988    95       47.1810       33.9760  1315238   27.99%
   4643    97        cutoff             47.1810       33.9760  1377529   27.99%
   4705   114       45.3526    50       47.1810       33.9760  1383524   27.99%
   4786   159       44.9269    36       47.1810       33.9760  1432966   27.99%
   4916   208        cutoff             47.1810       33.9760  1455470   27.99%
   5087   211       45.9191    24       47.1810       33.9760  1458020   27.99%
   5174   366       46.1659    77       47.1810       33.9760  1516199   27.99%
   5333   461       40.7802   104       47.1810       33.9760  1563940   27.99%
Elapsed time = 40.63 sec. (54028.51 ticks, tree = 4.70 MB, solutions = 6)
   5527   498        cutoff             47.1810       33.9760  1589923   27.99%
   5633   558       40.8333    71       47.1810       33.9760  1621622   27.99%
   5681   706       42.5000    66       47.1810       33.9760  1683247   27.99%
   5732   753       33.9760    59       47.1810       33.9760  1703439   27.99%
   5832   793       33.9760    63       47.1810       33.9760  1753133   27.99%
   5976   839       33.9760    59       47.1810       33.9760  1797212   27.99%
   6155   977       40.1939    87       47.1810       33.9760  1861932   27.99%
   6297  1149       34.1115   286       47.1810       33.9760  1958283   27.99%
*  6367+ 1115                           47.0248       33.9760            27.75%
   6524  1240       44.0078    96       47.0248       33.9760  2000771   27.75%
   6778  1340       40.4951    75       47.0248       33.9760  2042161   27.75%
Elapsed time = 50.30 sec. (63659.82 ticks, tree = 9.90 MB, solutions = 7)
   7029  1591       35.4497   149       47.0248       33.9760  2131445   27.75%
   7333  1780       34.5446   254       47.0248       33.9760  2165094   27.75%
   7488  1987       36.5852    61       47.0248       33.9760  2234307   27.75%
   7548  2063       35.8172   218       47.0248       33.9760  2242175   27.75%
*  7616+ 2395                           44.2781       33.9760            23.27%
   7686  2429       35.5606   153       44.2781       33.9760  2388467   23.27%
   7943  2179       40.6477   125       44.2781       33.9760  2398255   23.27%
   8192  2147       39.5078   102       44.2781       33.9760  2410408   23.27%
   8412  2249       37.8203    97       44.2781       33.9760  2447263   23.27%
   8610  2587       38.7352   149       44.2781       33.9760  2593837   23.27%
   8778  2889       38.7635    82       44.2781       33.9760  2784051   23.27%
Elapsed time = 60.39 sec. (73270.29 ticks, tree = 11.62 MB, solutions = 8)
   9019  2861       39.7090    83       44.2781       33.9760  2753331   23.27%
   9259  3132       35.5595    83       44.2781       33.9760  2921229   23.27%
   9420  3150       35.2901    91       44.2781       33.9760  2950795   23.27%
   9480  3333       37.0690   153       44.2781       33.9760  3015958   23.27%
   9571  3533       39.7265    95       44.2781       33.9760  3105353   23.27%
   9660  3614       34.5083    84       44.2781       33.9760  3141821   23.27%
   9746  3744       34.2522    72       44.2781       33.9760  3267584   23.27%
   9812  3796       38.5283   106       44.2781       33.9760  3301126   23.27%
   9989  3880       40.6832    85       44.2781       33.9760  3388303   23.27%
  10187  3869       35.8740    50       44.2781       33.9760  3348854   23.27%
Elapsed time = 70.28 sec. (82909.29 ticks, tree = 13.52 MB, solutions = 8)
  10319  4206        cutoff             44.2781       33.9760  3577208   23.27%
  10433  4084       36.0291   100       44.2781       33.9760  3491937   23.27%
  10593  4394       36.0844   132       44.2781       33.9760  3694798   23.27%
  10764  4348        cutoff             44.2781       33.9760  3655325   23.27%
  10807  4409       39.1815   190       44.2781       33.9760  3724456   23.27%
  10872  4596       38.0725    75       44.2781       33.9760  3876684   23.27%
  10944  4600       38.5508   176       44.2781       33.9760  3908516   23.27%
  10998  4793       35.0796   100       44.2781       33.9760  4037581   23.27%
  11188  4773       42.5603   107       44.2781       33.9760  4018067   23.27%
  11382  4791        cutoff             44.2781       33.9760  4040626   23.27%
Elapsed time = 79.77 sec. (92528.42 ticks, tree = 15.10 MB, solutions = 8)
  11575  5024       40.8342   173       44.2781       33.9760  4187856   23.27%
  11737  5219       42.7201    73       44.2781       33.9760  4272301   23.27%
  11925  5297       35.4760    89       44.2781       33.9760  4342774   23.27%
  12115  5317        cutoff             44.2781       33.9760  4349876   23.27%
  12242  5575        cutoff             44.2781       33.9760  4492113   23.27%
  12364  5513       37.0626   131       44.2781       33.9760  4461041   23.27%
  12461  5733       41.7387   162       44.2781       33.9760  4573927   23.27%
  12550  5924        cutoff             44.2781       33.9760  4706882   23.27%
  12677  6099    infeasible             44.2781       33.9760  4832448   23.27%
  12904  6098       35.9487   136       44.2781       33.9760  4783899   23.27%
Elapsed time = 89.66 sec. (102162.27 ticks, tree = 17.72 MB, solutions = 8)
  13214  6289       37.4035    47       44.2781       33.9760  4948438   23.27%
  13451  6193       35.2592   217       44.2781       33.9760  4908854   23.27%
  13613  6349        cutoff             44.2781       33.9760  5013970   23.27%
  13686  6808       41.3513    73       44.2781       33.9760  5206206   23.27%
  13767  7009       42.0181   103       44.2781       33.9760  5347562   23.27%
  13862  6743        cutoff             44.2781       33.9760  5181584   23.27%
  13950  7051       38.6280    63       44.2781       33.9760  5398556   23.27%
  14020  7132       42.5385    40       44.2781       33.9760  5508935   23.27%
  14083  7170       35.1938    86       44.2781       33.9760  5584485   23.27%
  14532  7361       36.8560    65       44.2781       33.9760  5746604   23.27%
Elapsed time = 101.72 sec. (114678.46 ticks, tree = 20.11 MB, solutions = 8)
  15663  8206       42.6089   121       44.2781       33.9760  6162227   23.27%
  16517  8474       40.4966   148       44.2781       33.9760  6309497   23.27%
  16871  9231       40.2251   157       44.2781       33.9760  6729813   23.27%
  17461  9501       39.2944   129       44.2781       33.9760  7015282   23.27%
  18423  9966        cutoff             44.2781       34.2389  7270835   22.67%
  19081 10697       34.9471    52       44.2781       34.3289  7788771   22.47%
  19436 11038       34.9616    41       44.2781       34.3529  8021170   22.42%
  20131 11345       34.8552    83       44.2781       34.3793  8308937   22.36%
  20816 11763       38.8192    62       44.2781       34.4306  8582851   22.24%
  21231 12029       38.2013    72       44.2781       34.4773  8790958   22.13%
Elapsed time = 141.89 sec. (152907.55 ticks, tree = 29.47 MB, solutions = 8)
  21585 12380       42.5550    87       44.2781       34.4773  9099614   22.13%
  22103 12697       41.6914   116       44.2781       34.5590  9417806   21.95%
  22877 13300        cutoff             44.2781       34.5621  9921598   21.94%
* 23250 13372      integral     0       43.2781       34.6003  9958851   20.05%
  23298 13564       43.3661    58       43.2781       34.6426 10142632   19.95%
  23653 13078       35.9760    59       43.2781       34.6426 10497877   19.95%
  24162 13156       39.5976    61       43.2781       34.7061 10598124   19.81%
  24799 13422       42.1411    69       43.2781       34.7149 10882646   19.79%
  25220 13977       42.9668   120       43.2781       34.7678 11493554   19.66%
  25596 14127       41.0168    62       43.2781       34.8140 11644387   19.56%
  25990 14376       39.4952   143       43.2781       34.8741 11953364   19.42%
Elapsed time = 181.27 sec. (191133.91 ticks, tree = 33.25 MB, solutions = 9)
  26537 14588        cutoff             43.2781       34.9026 12148581   19.35%
  27240 14704       36.2228   215       43.2781       34.9126 12266875   19.33%
  27812 15248       37.9001   119       43.2781       34.9710 12689129   19.19%
  28132 15730       36.3406   186       43.2781       34.9760 13084296   19.18%
  28480 16036       36.9086    79       43.2781       34.9760 13362321   19.18%
  29177 16205        cutoff             43.2781       34.9760 13552269   19.18%
  29842 16793       35.2590   101       43.2781       34.9760 14099914   19.18%
  30271 16931       37.0697    92       43.2781       34.9760 14196494   19.18%
  30706 17158        cutoff             43.2781       34.9760 14441420   19.18%
* 30984 17442      integral     0       43.1673       34.9760 14824446   18.98%
Elapsed time = 219.08 sec. (228231.90 ticks, tree = 40.04 MB, solutions = 10)
* 31072+17368                           42.5950       34.9760            17.89%
  31375 16673       36.1162    94       42.5950       34.9760 14991975   17.89%
  32149 16702       35.7020   168       42.5950       34.9760 15095836   17.89%
  32772 16926       35.7474   129       42.5950       35.0072 15356775   17.81%
  33178 17257       36.0268   105       42.5950       35.0269 15678233   17.77%
  33597 17611       40.6579    51       42.5950       35.0344 16234103   17.75%
* 33717 17672      integral     0       41.3794       35.0344 16415033   15.33%
  34013 15631       37.3151   155       41.3794       35.0344 16496193   15.33%
  34537 15788        cutoff             41.3794       35.0685 16832755   15.25%
  35070 15865       36.1051   138       41.3794       35.0881 17027403   15.20%
  35597 15885        cutoff             41.3794       35.1127 17236744   15.14%
  36098 15960       38.9196    48       41.3794       35.1243 17554200   15.12%
Elapsed time = 257.79 sec. (266464.55 ticks, tree = 34.68 MB, solutions = 12)
  36647 15963        cutoff             41.3794       35.1532 17614693   15.05%
  37141 16086       35.9760    55       41.3794       35.1671 17973525   15.01%
  37672 16194       38.7323   243       41.3794       35.1996 18350027   14.93%
  38211 16299        cutoff             41.3794       35.2340 18515025   14.85%
  38848 16398        cutoff             41.3794       35.2729 18814914   14.76%
* 39142 16341      integral     0       41.3089       35.3003 18886030   14.55%
  39513 16448        cutoff             41.3089       35.3280 19117000   14.48%
  40189 16350       36.7901    97       41.3089       35.3642 19435798   14.39%
  40828 16382       37.1635   129       41.3089       35.3977 19499068   14.31%
  41404 16447        cutoff             41.3089       35.4410 19960456   14.20%
  42078 16478       35.9760    28       41.3089       35.4820 20067778   14.11%
Elapsed time = 295.35 sec. (304678.74 ticks, tree = 35.95 MB, solutions = 13)
  42636 16469        cutoff             41.3089       35.5394 20252198   13.97%
  43213 16381        cutoff             41.3089       35.6025 20966808   13.81%
  43745 16394        cutoff             41.3089       35.6328 21010475   13.74%
  44280 16400       36.0809    89       41.3089       35.6854 21168502   13.61%
  44862 16482       36.9781   131       41.3089       35.7384 21576216   13.48%
* 45008+16618                           40.5540       35.7611            11.82%
* 45016+16617                           40.2809       35.7611            11.22%
  45343 14371        cutoff             40.2809       35.7864 22021123   11.16%
  45967 14335       39.0578   125       40.2809       35.8257 22044432   11.06%
  46516 14360       39.9810    84       40.2809       35.8257 22186078   11.06%

Performing restart 2

Repeating presolve.
Tried aggregator 2 times.
MIP Presolve eliminated 156 rows and 394 columns.
MIP Presolve modified 5957 coefficients.
Aggregator did 8 substitutions.
Reduced MIP has 3790 rows, 2381 columns, and 69554 nonzeros.
Reduced MIP has 2205 binaries, 0 generals, 0 SOSs, and 0 indicators.
Presolve time = 0.08 sec. (182.29 ticks)
Tried aggregator 1 time.
Reduced MIP has 3790 rows, 2381 columns, and 69554 nonzeros.
Reduced MIP has 2205 binaries, 0 generals, 0 SOSs, and 0 indicators.
Presolve time = 0.03 sec. (53.20 ticks)
Represolve time = 0.19 sec. (390.01 ticks)
  46532     0       33.9760   124       40.2809      Cuts: 12 22715889   10.80%
  46532     0       33.9760   167       40.2809      Cuts: 93 22717665   10.80%
  46532     0       33.9760    73       40.2809       Cuts: 3 22717905   10.80%
  46532     0       33.9760   165       40.2809     Cuts: 135 22718782   10.80%
  46532     0       33.9760   115       40.2809      Cuts: 12 22719658   10.80%
  46532     0       33.9760   122       40.2809      Cuts: 92 22722786   10.80%
  46532     0       33.9760    92       40.2809     Cuts: 103 22724193   10.80%
  46532     0       33.9760   140       40.2809      Cuts: 73 22725715   10.80%
  46532     0       33.9760    83       40.2809      Cuts: 26 22726162   10.80%
  46532     0       33.9760   114       40.2809      Cuts: 98 22727165   10.80%

Repeating presolve.
Tried aggregator 2 times.
MIP Presolve eliminated 36 rows and 57 columns.
MIP Presolve modified 5345 coefficients.
Aggregator did 4 substitutions.
Reduced MIP has 3749 rows, 2320 columns, and 73214 nonzeros.
Reduced MIP has 2144 binaries, 0 generals, 0 SOSs, and 0 indicators.
Presolve time = 0.09 sec. (212.55 ticks)
Tried aggregator 2 times.
MIP Presolve eliminated 86 rows and 72 columns.
MIP Presolve modified 761 coefficients.
Aggregator did 6 substitutions.
Reduced MIP has 3657 rows, 2242 columns, and 71180 nonzeros.
Reduced MIP has 2066 binaries, 0 generals, 0 SOSs, and 0 indicators.
Presolve time = 0.10 sec. (209.33 ticks)
Tried aggregator 1 time.
MIP Presolve eliminated 2 rows and 0 columns.
MIP Presolve modified 245 coefficients.
Reduced MIP has 3655 rows, 2242 columns, and 71156 nonzeros.
Reduced MIP has 2066 binaries, 0 generals, 0 SOSs, and 0 indicators.
Presolve time = 0.07 sec. (143.94 ticks)
Represolve time = 0.50 sec. (1009.41 ticks)
  46532     0       33.9760    90       40.2809      Cuts: 25 22731391   10.80%
  46532     0       33.9760   106       40.2809     Cuts: 162 22732877   10.80%
  46532     0       33.9760    77       40.2809   ZeroHalf: 2 22733134   10.80%
  46532     0       33.9760   131       40.2809     Cuts: 145 22734557   10.80%
  46532     0       33.9760   122       40.2809      Cuts: 18 22735158   10.80%
  46532     0       33.9760   133       40.2809     Cuts: 117 22735713   10.80%
  46532     0       33.9760    85       40.2809       Cuts: 9 22737230   10.80%
  46532     0       33.9760   144       40.2809     Cuts: 150 22739325   10.80%
  46532     0       33.9760    51       40.2809       Cuts: 7 22739329   10.80%
  46532     0       33.9760   107       40.2809      Cuts: 57 22739705   10.80%
  46532     0       33.9760   126       40.2809      Cuts: 11 22740619   10.80%
  46532     2       33.9760    61       40.2809       35.9296 22740619   10.80%
  46535     2       33.9760    78       40.2809       35.9296 22743761   10.80%
Elapsed time = 354.07 sec. (398871.61 ticks, tree = 0.02 MB, solutions = 16)
  46538     3       33.9760    77       40.2809       35.9296 22746534   10.80%
  46540     4       33.9760    71       40.2809       35.9296 22750965   10.80%
  46560    10       33.9760    55       40.2809       35.9296 22757426   10.80%
  46598    35       34.7744    60       40.2809       35.9296 22800457   10.80%
  46710    85       37.7453    83       40.2809       35.9296 22874344   10.80%
  46955   137       37.4004   110       40.2809       35.9296 22957498   10.80%
  47190   243        cutoff             40.2809       35.9296 23089199   10.80%
  47421   319       34.2708    66       40.2809       35.9296 23199186   10.80%
  47735   464       34.9315   106       40.2809       35.9296 23414042   10.80%
  48470   673       34.8176   110       40.2809       35.9296 23579621   10.80%
Elapsed time = 384.69 sec. (437684.79 ticks, tree = 0.74 MB, solutions = 16)
  49204  1061       38.0603   149       40.2809       35.9296 23794970   10.80%
  49979  1750       35.2611   135       40.2809       35.9296 24275859   10.80%
  50686  2119       35.2178   235       40.2809       35.9296 24491268   10.80%
  51575  2918       34.9314   143       40.2809       35.9296 24891246   10.80%
  52716  3697       38.7978    65       40.2809       35.9296 25268027   10.80%
  53527  4176       35.3662   138       40.2809       35.9296 25541024   10.80%
  54326  4823       34.9259   207       40.2809       35.9296 25912770   10.80%
  55191  5159        cutoff             40.2809       35.9296 26209080   10.80%
  56039  5747       37.0968    36       40.2809       35.9296 26578432   10.80%
  56924  6322       34.9760    54       40.2809       35.9296 26956904   10.80%
Elapsed time = 422.15 sec. (475861.86 ticks, tree = 10.25 MB, solutions = 16)
  58089  6859       38.0392   182       40.2809       35.9296 27270574   10.80%
  59107  7389       38.8560    50       40.2809       35.9296 27660519   10.80%
  60000  8023       35.8219   213       40.2809       35.9296 28186070   10.80%
  61141  8326       35.1140   186       40.2809       35.9296 28373249   10.80%
  62297  9303       37.8953   111       40.2809       35.9296 28889054   10.80%
  63034  9889    infeasible             40.2809       35.9296 29209131   10.80%
  64118 10244       35.0489   156       40.2809       35.9296 29385929   10.80%
  65435 10983       35.1137    68       40.2809       35.9296 29736668   10.80%
  66539 11784       36.1744   223       40.2809       35.9296 30155208   10.80%
  67610 12336       38.4302   101       40.2809       35.9296 30592181   10.80%
Elapsed time = 460.39 sec. (514044.14 ticks, tree = 20.70 MB, solutions = 16)
  68531 12804        cutoff             40.2809       35.9296 31092505   10.80%
  69548 13048        cutoff             40.2809       35.9296 31330231   10.80%
  70715 12960       36.7584   165       40.2809       35.9296 31606655   10.80%
  71599 13436       36.0342   183       40.2809       35.9296 32110234   10.80%
  72941 13623       36.1395   144       40.2809       35.9296 32420107   10.80%
  74294 13778       38.1839   162       40.2809       35.9296 32749022   10.80%
  75359 13985       36.2874   134       40.2809       35.9296 33197356   10.80%
  76643 13967       35.7476   117       40.2809       35.9296 33437471   10.80%
  77985 13796        cutoff             40.2809       35.9296 33662435   10.80%
  79852 13735        cutoff             40.2809       35.9296 34106174   10.80%
Elapsed time = 496.99 sec. (552219.48 ticks, tree = 23.33 MB, solutions = 16)
  81020 13661       36.6578   156       40.2809       35.9296 34470407   10.80%
  82182 13393        cutoff             40.2809       35.9296 34785804   10.80%
  83473 13304       39.1288    83       40.2809       35.9296 35272723   10.80%
  85232 13118        cutoff             40.2809       35.9296 35499354   10.80%
  86880 12817       40.0798    41       40.2809       35.9760 35996923   10.69%
  88458 12421       37.9722    90       40.2809       36.0492 36279565   10.51%
  90064 11668    infeasible             40.2809       36.2236 36665097   10.07%
* 91409+10871                           40.2092       36.3372             9.63%
  91652 10995       38.9036   153       40.2092       36.4647 36953649    9.31%
  93059 10520       39.6837    36       40.2092       36.6368 37265582    8.88%
  94461 10005        cutoff             40.2092       36.7889 37672493    8.51%
Elapsed time = 533.90 sec. (590400.03 ticks, tree = 16.86 MB, solutions = 17)
  96087  9443       39.6365    44       40.2092       36.9491 38052142    8.11%
  97798  8649        cutoff             40.2092       37.0968 38409265    7.74%
  99383  8190        cutoff             40.2092       37.3652 38700479    7.07%
 100738  7904    infeasible             40.2092       37.5097 38892510    6.71%
 102206  7406        cutoff             40.2092       37.6093 39265858    6.47%
 103929  7091        cutoff             40.2092       37.8325 39615587    5.91%
 105737  6544        cutoff             40.2092       37.9071 39970941    5.73%
 107742  5718        cutoff             40.2092       37.9078 40334413    5.72%
 110124  4624       39.0439    91       40.2092       38.6241 40659255    3.94%
 112442  3778       39.2161    58       40.2092       38.6825 41036175    3.80%
Elapsed time = 570.83 sec. (628559.37 ticks, tree = 5.13 MB, solutions = 17)
 115531  3172        cutoff             40.2092       38.8670 41258014    3.34%

GUB cover cuts applied:  55
Clique cuts applied:  39
Cover cuts applied:  349
Implied bound cuts applied:  9
Flow cuts applied:  1
Mixed integer rounding cuts applied:  39
Zero-half cuts applied:  84
Lift and project cuts applied:  12
Gomory fractional cuts applied:  4

Root node processing (before b&c):
  Real time             =    3.92 sec. (7643.85 ticks)
Parallel b&c, 16 threads:
  Real time             =  574.16 sec. (628475.69 ticks)
  Sync time (average)   =  237.62 sec.
  Wait time (average)   =    0.02 sec.
                          ------------
Total (root+branch&cut) =  578.08 sec. (636119.53 ticks)
Feasible solution found!
Truck nodes:
Truck at node 0 at stage 1
Truck at node 8 at stage 2
Truck at node 1 at stage 3
Truck at node 7 at stage 4
Truck at node 4 at stage 5
Truck at node 10 at stage 6
Truck at node 11 at stage 7

Truck arcs:
Arc 1 connecting 0 and 8 with cost 4.27959 
Arc 2 connecting 8 and 1 with cost 3.32128 
Arc 3 connecting 1 and 7 with cost 7.49765 
Arc 4 connecting 7 and 4 with cost 7.34864 
Arc 5 connecting 4 and 10 with cost 10.5327 
Arc 6 connecting 10 and 11 with cost 3.51531 
Truck route length: 36.4951
Customer 2 was served by drone!
Customer 3 was served by drone!
Customer 5 was served by drone!
Customer 6 was served by drone!
Customer 9 was served by drone!
served customer 2 with st stage 1
start from stage 1 at node 0
end at node 7
end at stage 4
served customer 5 with st stage 1
start from stage 1 at node 0
end at node 7
end at stage 4
served customer 6 with st stage 1
start from stage 1 at node 0
end at node 7
end at stage 4
served customer 3 with st stage 4
start from stage 4 at node 7
end at node 10
end at stage 6
served customer 9 with st stage 4
start from stage 4 at node 7
end at node 10
end at stage 6
Printing wait:
wait[1][4]== 0.714041
Printing z(k, k') and drone travel time: 
---------------------------------------------------------------
Sortie starts at stage 1 and ends at stage 4
Start node: 0
End node: 7
Customer served in this sortie:2 5 6 
Drone arcs during this sortie:
0-->2, l = 7.10303
2-->5, l = 4.83259
5-->6, l = 0.489107
6-->7, l = 3.38783
Truck arcs during this sortie:
0---8, l = 4.27959
8---1, l = 3.32128
1---7, l = 7.49765
Drone travel time during sortie: 15.8126
Truck travel time during sortie: 15.0985
Wait time for this sortie: 0.714041
---------------------------------------------------------------
---------------------------------------------------------------
Sortie starts at stage 4 and ends at stage 6
Start node: 7
End node: 10
Customer served in this sortie:3 9 
Drone arcs during this sortie:
3-->10, l = 6.81733
7-->9, l = 6.7721
9-->3, l = 2.97077
Truck arcs during this sortie:
7---4, l = 7.34864
4---10, l = 10.5327
Drone travel time during sortie: 16.5602
Truck travel time during sortie: 17.8813
Wait time for this sortie: 0
---------------------------------------------------------------
Printing zl:
zl[1][0] = 1
zl[4][7] = 1
Printing zr:
zr[1][7] = 1
zr[4][10] = 1
Printing zs:
zs[1][2] = 1
zs[1][5] = 1
zs[1][6] = 1
zs[4][3] = 1
zs[4][9] = 1
Printing x_d:
x_d[0][2] = 1
x_d[2][5] = 1
x_d[3][10] = 1
x_d[5][6] = 1
x_d[6][7] = 1
x_d[7][9] = 1
x_d[9][3] = 1
Done!
Solve time: 578.081
OBJECTIVE VALUE: 40.2092.
In write mode
