Instance name: /home/orlab/CLionProjects/RV-FSTSP/Murray_instances/FSTSP/FSTSP_10_customer_problems/20140810T123437v10
Write arg val: 1
Input is specified as type M: Murray instance.-.-.-.-.-.-.-.-.-.-.-.-.-.-.-.-.-.-.-.-

drone speed: 0.6 miles/minute
uav non-eligible customer: 10 
Printing tau:
0 7.81487 11.456 11.7512 6.90462 8.74496 8.26904 7.96713 6.93325 7.23706 4.19835 0 
7.81487 0 18.3108 3.93636 13.7595 7.22991 8.18583 7.04774 13.7881 14.0919 12.0132 7.81487 
11.456 18.3108 0 22.2472 4.55136 11.0809 10.125 11.2631 5.10923 6.13892 11.4943 11.456 
11.7512 3.93636 22.2472 0 17.6958 11.1663 12.1222 10.9841 17.7245 18.0283 15.9496 11.7512 
6.90462 13.7595 4.55136 17.6958 0 6.52957 5.57365 6.71174 1.94864 9.26756 8.38296 6.90462 
8.74496 7.22991 11.0809 11.1663 6.52957 0 0.955922 0.777831 6.55821 13.8279 12.9433 8.74496 
8.26904 8.18583 10.125 12.1222 5.57365 0.955922 0 1.13809 5.60229 13.352 12.4674 8.26904 
7.96713 7.04774 11.2631 10.9841 6.71174 0.777831 1.13809 0 6.74038 13.0501 12.1655 7.96713 
6.93325 13.7881 5.10923 17.7245 1.94864 6.55821 5.60229 6.74038 0 11.2162 10.3316 6.93325 
7.23706 14.0919 6.13892 18.0283 9.26756 13.8279 13.352 13.0501 11.2162 0 7.2754 7.23706 
4.19835 12.0132 11.4943 15.9496 8.38296 12.9433 12.4674 12.1655 10.3316 7.2754 0 4.19835 
0 0 0 0 0 0 0 0 0 0 0 0 
Printing tau_prime:
0 5.2504 5.81067 8.05818 4.07784 4.42093 4.23025 4.02519 4.67535 4.46675 2.12057 0 
5.2504 0 9.8583 2.81169 7.1874 3.68175 4.14083 3.56048 7.01565 9.64862 6.97631 5.2504 
5.81067 9.8583 0 12.4676 2.78952 6.81212 6.2789 6.6743 3.43429 3.76225 6.38332 5.81067 
8.05818 2.81169 12.4676 0 9.72054 5.84064 6.37024 5.8678 9.39115 12.4582 9.71551 8.05818 
4.07784 7.1874 2.78952 9.72054 0 4.02264 3.49008 3.89122 0.984316 4.68384 5.49765 4.07784 
4.42093 3.68175 6.81212 5.84064 4.02264 0 0.539342 0.403494 3.56539 7.79682 6.54069 4.42093 
4.23025 4.14083 6.2789 6.37024 3.49008 0.539342 0 0.594704 3.02824 7.37407 6.33485 4.23025 
4.02519 3.56048 6.6743 5.8678 3.89122 0.403494 0.594704 0 3.52816 7.49021 6.1456 4.02519 
4.67535 7.01565 3.43429 9.39115 0.984316 3.56539 3.02824 3.52816 0 5.66711 6.29515 4.67535 
4.46675 9.64862 3.76225 12.4582 4.68384 7.79682 7.37407 7.49021 5.66711 0 3.7017 4.46675 
2.12057 6.97631 6.38332 9.71551 5.49765 6.54069 6.33485 6.1456 6.29515 3.7017 0 2.12057 
0 0 0 0 0 0 0 0 0 0 0 0 
---------------------------------------------------------------
Current config:
- Number of threads = 16
- Drone endurance = 20
- SL = 1
- SR = 1
- L = 3
- Allow loop = 0
- Use TSP optimal solution as warmstart: = 0
- Use cutting plane method: = 0
- Use CPLEX conflict refiner: = 0
---------------------------------------------------------------
M value: 532.137
Warning:  Output names have been modified due to duplicate names or characters invalid in LP format.
Version identifier: 22.1.1.0 | 2022-11-28 | 9160aff4d
CPXPARAM_Threads                                 16
CPXPARAM_TimeLimit                               3600
Tried aggregator 2 times.
MIP Presolve eliminated 1014 rows and 407 columns.
MIP Presolve modified 2672 coefficients.
Aggregator did 34 substitutions.
Reduced MIP has 3984 rows, 3003 columns, and 84376 nonzeros.
Reduced MIP has 2827 binaries, 0 generals, 0 SOSs, and 0 indicators.
Presolve time = 0.06 sec. (110.26 ticks)
Probing time = 0.01 sec. (9.16 ticks)
Tried aggregator 1 time.
Detecting symmetries...
MIP Presolve eliminated 1 rows and 0 columns.
MIP Presolve modified 24 coefficients.
Reduced MIP has 3983 rows, 3003 columns, and 84342 nonzeros.
Reduced MIP has 2827 binaries, 0 generals, 0 SOSs, and 0 indicators.
Presolve time = 0.03 sec. (46.37 ticks)
Probing time = 0.01 sec. (8.83 ticks)
Clique table members: 42487.
MIP emphasis: balance optimality and feasibility.
MIP search method: dynamic search.
Parallel mode: deterministic, using up to 16 threads.
Root relaxation solution time = 0.22 sec. (406.97 ticks)

        Nodes                                         Cuts/
   Node  Left     Objective  IInf  Best Integer    Best Bound    ItCnt     Gap

*     0+    0                        39269.5987        0.0000           100.00%
      0     0       14.7431   246    39269.5987       14.7431     4854   99.96%
*     0+    0                          120.6689       14.7431            87.78%
      0     0       18.9729   196      120.6689      Cuts: 43     7511   84.28%
*     0+    0                           68.5450       18.9729            72.32%
      0     0       19.2859   233       68.5450     Cuts: 181    11884   71.86%
      0     0       19.3768   230       68.5450     Cuts: 205    13667   71.73%
*     0+    0                           65.9964       19.3768            70.64%
*     0+    0                           64.0764       19.3768            69.76%
      0     0       19.4400   264       64.0764     Cuts: 192    14699   69.66%
      0     0       19.4400   258       64.0764     Cuts: 156    15612   69.66%
Detecting symmetries...
      0     0       19.5477   238       64.0764     Cuts: 118    16983   69.47%
      0     0       19.5613   266       64.0764     Cuts: 147    17643   69.47%
      0     0       19.5778   262       64.0764     Cuts: 144    18868   69.45%
      0     0       19.5973   252       64.0764      Cuts: 82    20490   69.42%
      0     0       19.5973   274       64.0764     Cuts: 128    21869   69.42%
      0     0       19.5973   297       64.0764      Cuts: 36    22378   69.42%
*     0+    0                           59.2858       19.5973            66.94%
*     0+    0                           55.6928       19.5973            64.81%
      0     0  -1.00000e+75     0       55.6928       19.5973    22378   64.81%
Detecting symmetries...
      0     2       19.5973   236       55.6928       19.5973    22378   64.81%
Elapsed time = 3.91 sec. (8118.53 ticks, tree = 0.02 MB, solutions = 7)
      2     4       47.0971    56       55.6928       19.5973    26365   64.81%
      5     5       47.0971    56       55.6928       19.5973    27080   64.81%
*    11+    5                           50.7010       19.8624            60.82%
     26    22       47.4304    43       50.7010       19.8624    35718   60.82%
    125    41       47.7638    55       50.7010       19.8624    41101   60.82%
    254   179       47.7638    27       50.7010       19.8624    66205   60.82%
    346   175        cutoff             50.7010       19.8624    70352   60.82%
    432   290        cutoff             50.7010       19.8624   107951   60.82%
*   488+    2                           48.3093       19.8624            58.88%
    516   320       48.9456    71       48.3093       20.2441   120620   58.09%
    597   317       47.7638    50       48.3093       20.3127   146628   57.95%
    828   495       38.5845   165       48.3093       20.3929   226223   57.79%
Elapsed time = 7.45 sec. (11726.70 ticks, tree = 5.09 MB, solutions = 11)
*   832+  403                           38.7205       20.3929            47.33%
    911   199       32.4488    53       38.7205       20.4040   293460   47.30%
   1110   299       31.0209   143       38.7205       20.5471   343167   46.93%
   1490   411       26.6138    91       38.7205       20.5471   370304   46.93%
   1778   682       25.7965    75       38.7205       20.5471   476287   46.93%
   2033   917       36.6973    50       38.7205       20.5471   553950   46.93%
   2278  1087       31.2524    68       38.7205       20.5471   606956   46.93%
   2525  1292       25.2883   187       38.7205       20.5471   688329   46.93%
   2640  1348       33.5050    85       38.7205       20.5471   735980   46.93%
   2832  1513        cutoff             38.7205       20.5471   810405   46.93%
   3066  1645        cutoff             38.7205       20.5471   852816   46.93%
Elapsed time = 17.77 sec. (21365.20 ticks, tree = 25.57 MB, solutions = 12)
   3337  1817       35.2272    71       38.7205       20.5471   944080   46.93%
   3624  2166       35.9394   118       38.7205       20.5471  1036428   46.93%
   3851  2410       38.5789    53       38.7205       20.5471  1118780   46.93%
   4001  2536       24.6096   251       38.7205       20.5471  1157537   46.93%
   4286  2597       24.4854   210       38.7205       20.5471  1231539   46.93%
   4501  2567       23.8218   125       38.7205       20.5471  1216538   46.93%
   4502  2675       29.6582   194       38.7205       20.5471  1245190   46.93%

Performing restart 1

Repeating presolve.
Tried aggregator 1 time.
MIP Presolve eliminated 2 rows and 47 columns.
MIP Presolve modified 2496 coefficients.
Reduced MIP has 3981 rows, 2956 columns, and 80824 nonzeros.
Reduced MIP has 2780 binaries, 0 generals, 0 SOSs, and 0 indicators.
Presolve time = 0.07 sec. (83.24 ticks)
Tried aggregator 1 time.
Reduced MIP has 3981 rows, 2956 columns, and 80824 nonzeros.
Reduced MIP has 2780 binaries, 0 generals, 0 SOSs, and 0 indicators.
Presolve time = 0.03 sec. (42.72 ticks)
Represolve time = 0.17 sec. (284.54 ticks)
   4504     0       20.2818   252       38.7205      Cuts: 38  1341133   46.93%
   4504     0       20.9215   375       38.7205     Cuts: 163  1347000   45.97%
   4504     0       21.3054   323       38.7205     Cuts: 197  1350611   44.98%
   4504     0       21.5277   266       38.7205     Cuts: 154  1356850   44.40%
   4504     0       21.5277   275       38.7205     Cuts: 126  1358131   44.40%
   4504     0       21.5277   279       38.7205      Cuts: 21  1359501   44.40%
   4504     0       21.5277   248       38.7205      Cuts: 33  1362011   44.40%
   4504     0       21.5277   260       38.7205     Cuts: 120  1364659   44.40%
   4504     0       21.5277   198       38.7205      Cuts: 15  1366831   44.40%
   4504     0       21.5277   220       38.7205     Cuts: 152  1369316   44.40%
   4504     2       21.5277   176       38.7205       21.5277  1369316   44.40%
*  4505+    1                           34.2736       21.5295            37.18%
   4505     3       30.6828   132       34.2736       21.5295  1372691   37.18%
   4506     4       30.6828   128       34.2736       21.5295  1372699   37.18%
Elapsed time = 37.34 sec. (57694.77 ticks, tree = 0.02 MB, solutions = 13)
   4507     3       31.3649   164       34.2736       21.5295  1378261   37.18%
   4510     3       21.5302   257       34.2736       21.5305  1375162   37.18%
   4516     5        cutoff             34.2736       21.5305  1388073   37.18%
   4520     6       30.6828    65       34.2736       21.5305  1390692   37.18%
   4576    16       33.6703    45       34.2736       21.5305  1399904   37.18%
   4615    16       30.6828    65       34.2736       21.5305  1401339   37.18%
   4623    12       30.6828    46       34.2736       21.5305  1411467   37.18%
   4664    44       30.6828    49       34.2736       21.5305  1446092   37.18%
   4710    66       31.9580    63       34.2736       21.5459  1460299   37.14%
   4775   108       31.8504    78       34.2736       21.5459  1478368   37.14%
Elapsed time = 44.39 sec. (68214.29 ticks, tree = 0.69 MB, solutions = 13)
   4940   162       31.6828    82       34.2736       21.5459  1508153   37.14%
   5136   155       32.9416    81       34.2736       21.5459  1511825   37.14%
   5309   396       31.5238    55       34.2736       21.5459  1547514   37.14%
   5518   513       30.1553   146       34.2736       21.5459  1582281   37.14%
   5743   542       31.2308    73       34.2736       21.5459  1592048   37.14%
   6078   708       30.9223    46       34.2736       21.5459  1644280   37.14%
   6249   880       32.9364    59       34.2736       21.5459  1684998   37.14%
   6348  1015       29.0271   104       34.2736       21.5459  1720998   37.14%
   6424  1036       30.4008    71       34.2736       21.5459  1731996   37.14%
   6506  1122       30.3894    66       34.2736       21.5459  1813844   37.14%
Elapsed time = 54.24 sec. (77867.81 ticks, tree = 21.21 MB, solutions = 13)
   6598  1154       32.8341    57       34.2736       21.5459  1834508   37.14%
   6705  1155       30.9471    96       34.2736       21.5459  1850698   37.14%
   6905  1263       30.3890    86       34.2736       21.5459  1931197   37.14%
   7087  1375       29.0271    59       34.2736       21.5459  1967494   37.14%
   7246  1435       29.0271    90       34.2736       21.5459  1993099   37.14%
   7504  1446       32.7832    57       34.2736       21.5459  1991162   37.14%
   7651  1566       25.2913    98       34.2736       21.5459  2064591   37.14%
   7724  1807        cutoff             34.2736       21.5459  2159753   37.14%
   7776  1831       29.9646    63       34.2736       21.5459  2174551   37.14%
   7833  1856       28.5839    83       34.2736       21.5459  2212548   37.14%
Elapsed time = 63.44 sec. (87515.53 ticks, tree = 38.23 MB, solutions = 13)
   7890  1875       33.2691   107       34.2736       21.5459  2270072   37.14%
   7982  1888       30.7398    74       34.2736       21.5536  2282674   37.11%
   8111  1930       33.4455   124       34.2736       21.5536  2316990   37.11%
   8318  2004        cutoff             34.2736       21.6913  2370962   36.71%
   8503  2033        cutoff             34.2736       21.6913  2379212   36.71%
   8683  2170        cutoff             34.2736       21.6913  2455292   36.71%
   8800  2356       31.5912    98       34.2736       21.6913  2575235   36.71%
   8869  2331       29.5806   246       34.2736       21.6913  2573187   36.71%
   8952  2483       33.4156    84       34.2736       21.6913  2673539   36.71%
   9050  2522       28.6131   147       34.2736       21.6913  2692433   36.71%
Elapsed time = 72.48 sec. (97170.50 ticks, tree = 52.56 MB, solutions = 13)
   9228  2566       30.9507   206       34.2736       21.6929  2740260   36.71%
   9346  2526       31.2117   226       34.2736       21.6941  2720637   36.70%
   9454  2631       32.7985    71       34.2736       21.6941  2784417   36.70%
   9564  2808       32.8185    91       34.2736       21.6941  2883489   36.70%
   9700  2824       26.6854   213       34.2736       21.6941  2906711   36.70%
   9786  2828       29.2865   181       34.2736       21.6941  2929962   36.70%
   9877  2991       30.6261   102       34.2736       21.6941  3050949   36.70%
   9938  3019       30.4402   196       34.2736       21.6941  3072094   36.70%
   9999  3094       24.0304   261       34.2736       21.6941  3147709   36.70%
  10107  3124        cutoff             34.2736       21.6941  3163625   36.70%
Elapsed time = 82.11 sec. (106820.00 ticks, tree = 63.24 MB, solutions = 13)
  10221  3175       31.0198   172       34.2736       21.6941  3211215   36.70%
  10317  3196        cutoff             34.2736       21.6941  3266861   36.70%
  10404  3217       29.8750   172       34.2736       21.6941  3278974   36.70%
  10580  3337       24.1299   121       34.2736       21.6941  3383705   36.70%
  10696  3367       31.8323    86       34.2736       21.6941  3391966   36.70%
  10811  3424        cutoff             34.2736       21.6941  3405244   36.70%
  10912  3490       32.9607    64       34.2736       21.6941  3458588   36.70%
  10973  3655       23.2601   173       34.2736       21.6941  3622746   36.70%
  11027  3675        cutoff             34.2736       21.6941  3687048   36.70%
  11085  3661       22.7507   274       34.2736       21.6941  3633563   36.70%
Elapsed time = 92.12 sec. (116523.22 ticks, tree = 76.64 MB, solutions = 13)
  11151  3698       31.8871    95       34.2736       21.6941  3750239   36.70%
  11210  3754        cutoff             34.2736       21.6941  3803201   36.70%
  11316  3729       33.9264    69       34.2736       21.6941  3781463   36.70%
  11524  3780       32.0618   105       34.2736       21.6941  3823492   36.70%
  11674  3818       33.9264    45       34.2736       21.6941  3901205   36.70%
  11852  4000       26.3850   221       34.2736       21.6941  3986292   36.70%
  12047  4049       29.4376   122       34.2736       21.6941  4029734   36.70%
  12188  4056       25.8870   271       34.2736       21.6941  4024324   36.70%
  12300  4109       33.0703   113       34.2736       21.6941  4070680   36.70%
  12700  4457       28.1518   191       34.2736       21.6941  4292256   36.70%
Elapsed time = 104.46 sec. (129049.18 ticks, tree = 94.75 MB, solutions = 13)
  13529  4657       29.4905   201       34.2736       25.3011  4470682   26.18%
  14240  5696        cutoff             34.2736       25.3320  4910033   26.09%
  14619  5881       33.2793   114       34.2736       25.4541  5008010   25.73%
  15018  6025       30.2719    48       34.2736       25.4752  5192151   25.67%
  15568  6152       26.5928   101       34.2736       25.7160  5452118   24.97%
* 16210  6457      integral     0       33.4687       25.9903  5639100   22.34%
  16243  5761        cutoff             33.4687       25.9903  5667230   22.34%
  16752  5859        cutoff             33.4687       26.6510  5859718   20.37%
  17179  5863        cutoff             33.4687       26.8136  6062447   19.88%
  17631  5865       31.9985    87       33.4687       27.4520  6162370   17.98%
  18035  5928       31.1015   108       33.4687       27.7246  6365742   17.16%
Elapsed time = 141.46 sec. (167327.36 ticks, tree = 126.90 MB, solutions = 14)
  18547  5950       28.4108    92       33.4687       28.0883  6560709   16.08%
  19050  6048    infeasible             33.4687       28.3626  6745623   15.26%
  19555  6108       31.2669    66       33.4687       28.3626  6781918   15.26%
  20062  6362       29.4134   149       33.4687       28.3832  7077786   15.19%
  20694  6494       29.4651   152       33.4687       28.6791  7235329   14.31%
  22051  6678       30.9471    60       33.4687       29.0271  7363151   13.27%
  22775  7264       32.4871    88       33.4687       29.0271  7736089   13.27%
  23273  7342       31.4169   111       33.4687       29.0271  7885957   13.27%
  23839  7408       32.3323   127       33.4687       29.3104  8040457   12.42%
  24503  7386        cutoff             33.4687       29.4128  8235149   12.12%
Elapsed time = 177.81 sec. (205549.69 ticks, tree = 163.56 MB, solutions = 14)
  25040  7321       30.4058    88       33.4687       29.5257  8467411   11.78%
  25523  7426       32.2805   185       33.4687       29.6300  8659765   11.47%
  26470  7664       31.2996   101       33.4687       29.7241  8837457   11.19%
  27281  8264       31.1205    70       33.4687       29.9541  9150276   10.50%
  27646  8608       30.2028    72       33.4687       30.0151  9314101   10.32%
  28045  8759       31.1646    46       33.4687       30.1892  9455977    9.80%
  28585  9074       30.2345   100       33.4687       30.1892  9726827    9.80%
  29595  9048       30.8344    59       33.4687       30.1919  9724874    9.79%
  30668  9873       30.8558    62       33.4687       30.2028 10068760    9.76%
  31251 10259        cutoff             33.4687       30.2028 10257319    9.76%
Elapsed time = 216.22 sec. (243770.21 ticks, tree = 246.77 MB, solutions = 14)
  31639 10979       31.1628    33       33.4687       30.2028 10726123    9.76%
  32126 10978       30.2116   115       33.4687       30.2028 10722761    9.76%
  32584 11278       33.3425    75       33.4687       30.2028 10946637    9.76%
  33291 11657       30.2028    52       33.4687       30.2028 11213764    9.76%
  34089 12005       32.9288   115       33.4687       30.2028 11449094    9.76%
  34755 12202       30.2028    68       33.4687       30.2028 11579505    9.76%
  35344 12514       31.7379    71       33.4687       30.2028 11776078    9.76%
  35946 12888       32.1740    65       33.4687       30.2028 12118652    9.76%
  36596 13238       31.2520   173       33.4687       30.2028 12379557    9.76%
  37354 13410       33.3213    44       33.4687       30.2028 12469005    9.76%
Elapsed time = 252.44 sec. (281994.80 ticks, tree = 317.56 MB, solutions = 14)
  38134 13443       30.2971   133       33.4687       30.2028 12533489    9.76%
  39209 13863        cutoff             33.4687       30.2028 12886694    9.76%
  40147 14350       30.7549   214       33.4687       30.2028 13159782    9.76%
* 40742 14893      integral     0       33.4302       30.2324 13339668    9.57%
  40755 14941       33.1233    65       33.4302       30.2324 13436068    9.57%
  41299 15073       32.0104    88       33.4302       30.2537 13582248    9.50%
  41868 15060       32.1473    81       33.4302       30.2868 13559485    9.40%
  42677 15262       33.0871    70       33.4302       30.3123 13739687    9.33%
  43639 15651       32.5349    93       33.4302       30.3266 14142338    9.28%
  44473 15764        cutoff             33.4302       30.3266 14269201    9.28%
  45058 15911        cutoff             33.4302       30.3266 14365237    9.28%
Elapsed time = 291.69 sec. (320207.77 ticks, tree = 394.03 MB, solutions = 15)
  45618 16353        cutoff             33.4302       30.3266 14854044    9.28%
  46228 16388       32.6040    86       33.4302       30.3266 14941598    9.28%
  46647 16528       33.2321   148       33.4302       30.3266 15020457    9.28%

Performing restart 2

Repeating presolve.
Tried aggregator 2 times.
MIP Presolve eliminated 0 rows and 103 columns.
MIP Presolve modified 14049 coefficients.
Aggregator did 1 substitutions.
Reduced MIP has 3980 rows, 2852 columns, and 85905 nonzeros.
Reduced MIP has 2676 binaries, 0 generals, 0 SOSs, and 0 indicators.
Presolve time = 0.09 sec. (230.49 ticks)
Tried aggregator 1 time.
Reduced MIP has 3980 rows, 2852 columns, and 85905 nonzeros.
Reduced MIP has 2676 binaries, 0 generals, 0 SOSs, and 0 indicators.
Presolve time = 0.03 sec. (55.39 ticks)
Represolve time = 0.28 sec. (531.04 ticks)
  46768     0       21.5817   266       33.4302      Cuts: 12 15416506    9.28%
* 46768+    0                           33.3639       30.3266             9.10%
  46768     0       21.5817   270       33.3639      Cuts: 80 15419983    9.10%
  46768     0       21.5817   302       33.3639      Cuts: 94 15422380    9.10%
  46768     0       21.5817   290       33.3639      Cuts: 37 15425146    9.10%
  46768     0       21.5817   250       33.3639      Cuts: 22 15427344    9.10%
  46768     0       21.5817   281       33.3639      Cuts: 25 15429540    9.10%
  46768     0       21.5817   278       33.3639      Cuts: 18 15430847    9.10%
  46768     0       21.5817   248       33.3639      Cuts: 10 15430922    9.10%
  46768     0       21.5817   296       33.3639      Cuts: 81 15433046    9.10%
  46768     0       21.5817   293       33.3639      Cuts: 13 15435014    9.10%
  46768     2       21.5817   276       33.3639       30.3266 15435014    9.10%
  46770     4       21.6522   275       33.3639       30.3266 15435873    9.10%
  46778    10       29.3666    57       33.3639       30.3266 15450601    9.10%
  46838    32       30.4177    61       33.3639       30.3266 15491152    9.10%
  47029    82       31.3760    51       33.3639       30.3266 15560102    9.10%
  47329   231       29.3889   136       33.3639       30.3266 15694210    9.10%
  47525   345       30.7878    30       33.3639       30.3266 15840574    9.10%
Elapsed time = 346.24 sec. (419387.75 ticks, tree = 5.46 MB, solutions = 16)
  47938   473       32.3189    77       33.3639       30.3266 15951072    9.10%
  48234   713       25.5077   153       33.3639       30.3266 16167544    9.10%
  48531   777       33.0279    70       33.3639       30.3266 16258705    9.10%
  49057   961       26.9205    93       33.3639       30.3266 16364180    9.10%
  49709  1416       32.2655    73       33.3639       30.3266 16567340    9.10%
  50278  1880       32.4809    70       33.3639       30.3266 16783679    9.10%
  50834  2300        cutoff             33.3639       30.3266 17067342    9.10%
  51403  2521       30.4255   100       33.3639       30.3266 17220332    9.10%
  51720  2907       29.6121   206       33.3639       30.3266 17455184    9.10%
  52390  3062       30.2218   131       33.3639       30.3266 17517188    9.10%
Elapsed time = 382.38 sec. (457648.36 ticks, tree = 87.65 MB, solutions = 16)
  53001  3474       32.6488    60       33.3639       30.3266 17768839    9.10%
  53624  3897       27.2651   146       33.3639       30.3266 18085727    9.10%
  53892  4098       25.7334   278       33.3639       30.3266 18260684    9.10%
  54417  4245       32.3266    71       33.3639       30.3266 18381149    9.10%
  54949  4637       28.4494    98       33.3639       30.3266 18600319    9.10%
  55204  4875       33.0874    70       33.3639       30.3266 18796799    9.10%
  55654  4971    infeasible             33.3639       30.3266 18948425    9.10%
  56292  5090        cutoff             33.3639       30.3266 19182789    9.10%
  56675  5116       28.4817   226       33.3639       30.3266 19309274    9.10%
  57029  5342       28.5925   122       33.3639       30.3266 19560944    9.10%
Elapsed time = 418.41 sec. (495938.03 ticks, tree = 135.26 MB, solutions = 16)
  57710  5491       28.5040    86       33.3639       30.3266 19718688    9.10%
  58313  5642       27.9234   112       33.3639       30.3266 19799852    9.10%
  58696  6013       27.9674   243       33.3639       30.3266 20228442    9.10%
  59018  6040       28.8071    74       33.3639       30.3266 20349106    9.10%
  59799  6107       29.5755   133       33.3639       30.3266 20458681    9.10%
  60531  6206       29.9936   191       33.3639       30.3266 20756974    9.10%
  60936  6231        cutoff             33.3639       30.3266 21036839    9.10%
  61426  6244       30.9966    61       33.3639       30.3266 21108416    9.10%
  62136  6241       30.3379   147       33.3639       30.3266 21350780    9.10%
  62711  6207       31.2690   224       33.3639       30.3266 21623036    9.10%
Elapsed time = 454.15 sec. (534156.97 ticks, tree = 146.19 MB, solutions = 16)
  63084  6197       29.6918   185       33.3639       30.3266 21774461    9.10%
  63584  6172       32.8158    44       33.3639       30.3266 21897887    9.10%
  64340  6292       29.3883   243       33.3639       30.3266 22021880    9.10%
  65134  6662        cutoff             33.3639       30.3266 22366239    9.10%
  65707  6652       30.2305   248       33.3639       30.3266 22383663    9.10%
  66058  7008       32.7187   111       33.3639       30.3266 22722553    9.10%
  66455  7148       29.0287   148       33.3639       30.3266 22864588    9.10%
  67214  7279       32.3126    72       33.3639       30.3266 23047642    9.10%
  68001  7388       32.5745   109       33.3639       30.3266 23221106    9.10%
  68452  7627       32.5260   103       33.3639       30.3266 23456991    9.10%
Elapsed time = 489.56 sec. (572410.92 ticks, tree = 184.37 MB, solutions = 16)
  68812  7757       29.9136    85       33.3639       30.3266 23623188    9.10%
  69389  7788       29.9554   166       33.3639       30.3266 23728837    9.10%
  70040  7829       32.8331    69       33.3639       30.3266 23857073    9.10%
  70514  8136        cutoff             33.3639       30.3266 24307424    9.10%
  70842  8126        cutoff             33.3639       30.3266 24321689    9.10%
  71313  8299       30.5510   200       33.3639       30.3266 24571700    9.10%
  72106  8284        cutoff             33.3639       30.3266 24656046    9.10%
  72787  8460       30.6004    58       33.3639       30.3266 24895766    9.10%
  73224  8747        cutoff             33.3639       30.3266 25294130    9.10%
  73541  8642       31.1006   105       33.3639       30.3266 25181180    9.10%
Elapsed time = 524.23 sec. (610658.32 ticks, tree = 193.96 MB, solutions = 16)
  73959  8871       32.8456    82       33.3639       30.3266 25478997    9.10%
  74385  9017       30.5380   104       33.3639       30.3266 25649908    9.10%
  74982  9074       31.2549   169       33.3639       30.3266 25728791    9.10%
  75645  9429       32.0858    78       33.3639       30.3266 26049905    9.10%
  76014  9788       31.2028    49       33.3639       30.3266 26311653    9.10%
  76292 10078        cutoff             33.3639       30.3266 26508584    9.10%
  76680 10146        cutoff             33.3639       30.3266 26605484    9.10%
  77328 10287       30.3410   168       33.3639       30.3266 26722041    9.10%
  78087 10654        cutoff             33.3639       30.3266 26976635    9.10%
  79075 10910       30.6536   106       33.3639       30.3266 27104447    9.10%
Elapsed time = 560.30 sec. (648856.77 ticks, tree = 228.56 MB, solutions = 16)
  79865 11172       30.9771    99       33.3639       30.3266 27232351    9.10%
  80210 11475       31.9036    88       33.3639       30.3266 27429385    9.10%
  80813 12154       32.0211   103       33.3639       30.3266 27701262    9.10%
  81731 12266       31.8737    87       33.3639       30.3266 27774961    9.10%
  82619 12956       30.8653    95       33.3639       30.3266 28093877    9.10%
  83514 13109       32.6771    41       33.3639       30.3266 28202435    9.10%
  84544 13272       32.3745    84       33.3639       30.3266 28276297    9.10%
  85392 14202       32.5169    72       33.3639       30.3266 28965728    9.10%
  86106 14201       31.9004   145       33.3639       30.3266 28976375    9.10%
  86535 14628        cutoff             33.3639       30.3494 29324158    9.04%
Elapsed time = 596.17 sec. (687054.78 ticks, tree = 297.75 MB, solutions = 16)
  86943 14730       31.8685    78       33.3639       30.3618 29375126    9.00%
  87624 14803       31.8208   157       33.3639       30.3893 29537353    8.92%
  88521 14911       30.5549   107       33.3639       30.4127 29605260    8.85%
  89560 15151       32.1321   136       33.3639       30.4212 29827379    8.82%
  90412 15246       30.8452    72       33.3639       30.4382 29969931    8.77%
  91249 15325       32.2028    86       33.3639       30.4470 30039710    8.74%
  91859 15558        cutoff             33.3639       30.4675 30367117    8.68%
  92298 15559       32.1404    79       33.3639       30.4937 30600828    8.60%
  92648 15725       31.6620    52       33.3639       30.5094 30892814    8.56%
  93222 15828       32.6516    67       33.3639       30.5094 30997351    8.56%
Elapsed time = 631.25 sec. (725266.42 ticks, tree = 343.93 MB, solutions = 16)
  93823 15903        cutoff             33.3639       30.5234 31127557    8.51%
  94523 16017       31.4335    82       33.3639       30.5234 31187469    8.51%
  95273 16431       30.9315    48       33.3639       30.6308 31652977    8.19%
  96018 16325       31.9257    81       33.3639       30.6770 31582182    8.05%
  96615 16692       33.1279   132       33.3639       30.7001 31856545    7.98%
  96938 17521       32.3905    48       33.3639       30.7221 32412694    7.92%
  97227 17534       30.8161    92       33.3639       30.7259 32435486    7.91%
  97582 17740       32.5142    77       33.3639       30.7326 32658428    7.89%
  98154 17762       32.9885   131       33.3639       30.7653 32662511    7.79%
  98852 17895        cutoff             33.3639       30.7985 32761327    7.69%
Elapsed time = 667.10 sec. (763451.16 ticks, tree = 396.05 MB, solutions = 16)
  99669 18095       30.9780    55       33.3639       30.7985 32861299    7.69%
 100522 18280       32.1129    57       33.3639       30.7985 32972444    7.69%
 101360 18919       32.8964   127       33.3639       30.7985 33334512    7.69%
 102223 19260       31.3450   138       33.3639       30.7985 33462101    7.69%
 102972 20325       31.4305    86       33.3639       30.7985 34076590    7.69%
 103409 20510       31.6809    61       33.3639       30.7985 34224896    7.69%
 103810 20576       32.4779    45       33.3639       30.7985 34267284    7.69%
 104483 21243       31.8706   166       33.3639       30.7985 34547727    7.69%
 105241 21117       32.4978   108       33.3639       30.7985 34512325    7.69%
 106142 22052       32.4787   180       33.3639       30.7985 34948692    7.69%
Elapsed time = 703.58 sec. (801621.25 ticks, tree = 497.97 MB, solutions = 16)
 107104 22017       32.2218    66       33.3639       30.7985 34890011    7.69%
 107960 22101       32.1141   148       33.3639       30.8014 34944479    7.68%
 108752 22357       32.0762   155       33.3639       30.8092 35172258    7.66%
 109512 23375       32.8329   158       33.3639       30.8185 35630190    7.63%
 110086 23815       31.7759    74       33.3639       30.8536 35812683    7.52%
 110493 24072       31.8823    39       33.3639       30.8603 36012079    7.50%
 110940 24254       31.8823    50       33.3639       30.8847 36129782    7.43%
 111296 24664       32.5181   107       33.3639       30.9054 36390887    7.37%
 111631 25118        cutoff             33.3639       30.9223 36719864    7.32%
 112160 25491       30.9223    51       33.3639       30.9223 36902775    7.32%
Elapsed time = 739.28 sec. (839806.46 ticks, tree = 572.50 MB, solutions = 16)
 113022 25611       31.6980   107       33.3639       30.9223 36971131    7.32%
 113806 25607       32.4642    94       33.3639       30.9223 36933856    7.32%
 114650 25948       31.1349    82       33.3639       30.9223 37145517    7.32%
 115483 27177       31.7985    50       33.3639       30.9223 37741730    7.32%
 116299 27359       32.8341    56       33.3639       30.9223 37881762    7.32%
 117137 27027       32.2321   108       33.3639       30.9318 37711049    7.29%
 117983 27573       32.2209   117       33.3639       30.9389 37988166    7.27%
 118717 28089       32.9072   140       33.3639       30.9471 38469571    7.24%
 119322 28206       31.3574   182       33.3639       30.9471 38515732    7.24%
 119956 28918       32.3507    95       33.3639       30.9471 39014022    7.24%
Elapsed time = 775.79 sec. (877999.99 ticks, tree = 647.90 MB, solutions = 16)
 120345 28931       31.3679   101       33.3639       30.9520 39019717    7.23%
 120832 29624       31.2770    98       33.3639       30.9582 39425870    7.21%
 121598 29781       32.4779    45       33.3639       30.9618 39543077    7.20%
 122528 29714       31.9223    58       33.3639       30.9669 39483225    7.18%
 123403 30153        cutoff             33.3639       30.9710 39905408    7.17%
 124448 30229       33.0618    79       33.3639       30.9809 39963231    7.14%
 125228 30046        cutoff             33.3639       30.9858 39815630    7.13%
 125925 30453       31.3431   120       33.3639       30.9912 40224171    7.11%
 126637 30873       31.7765   116       33.3639       31.0043 40634117    7.07%
 127197 31229        cutoff             33.3639       31.0094 41205449    7.06%
Elapsed time = 812.09 sec. (916210.68 ticks, tree = 688.26 MB, solutions = 16)
 127639 30975        cutoff             33.3639       31.0133 40825729    7.05%
 128063 31405       32.4269   125       33.3639       31.0208 41491524    7.02%
 128525 31487       32.2642    42       33.3639       31.0270 41693595    7.00%
 128951 31375        cutoff             33.3639       31.0355 41589072    6.98%
 129493 31560       31.8158    52       33.3639       31.0461 41804814    6.95%
 130056 31646        cutoff             33.3639       31.0537 41886434    6.92%
 130892 31661       32.9019   145       33.3639       31.0636 41902184    6.89%
 131725 31978       32.0930   196       33.3639       31.0793 42203928    6.85%
 132745 32312        cutoff             33.3639       31.0846 42539846    6.83%
 133636 32015       31.7835    79       33.3639       31.0936 42236410    6.80%
Elapsed time = 847.54 sec. (954415.86 ticks, tree = 714.03 MB, solutions = 16)
 134394 32444       32.6041    60       33.3639       31.1082 42713238    6.76%
 135084 32992       31.6718   163       33.3639       31.1127 43083512    6.75%
 135736 33488       31.6807   141       33.3639       31.1239 43537153    6.71%
 136162 33505       31.9197    73       33.3639       31.1344 43544057    6.68%
 136600 33856        cutoff             33.3639       31.1424 44036450    6.66%
 137003 33788       32.0100    52       33.3639       31.1492 43922838    6.64%
 137553 33998       32.7311    96       33.3639       31.1506 44327778    6.63%
 138406 34005       31.8873    62       33.3639       31.1506 44223853    6.63%
 139455 34163       31.3419    95       33.3639       31.1506 44452001    6.63%
 140387 34751        cutoff             33.3639       31.1754 45326200    6.56%
Elapsed time = 884.55 sec. (992591.81 ticks, tree = 736.45 MB, solutions = 16)
 141318 34333       31.3553   104       33.3639       31.1768 44735087    6.56%
 142192 34885    infeasible             33.3639       31.1831 45620052    6.54%
 143370 34887       31.3772    58       33.3639       31.1893 45568860    6.52%
 144356 35225        cutoff             33.3639       31.1933 46416086    6.51%
 145143 35153       32.3715   143       33.3639       31.2012 46256250    6.48%
 145722 35552       31.7726    56       33.3639       31.2119 47193152    6.45%
 146264 35470       32.7985    77       33.3639       31.2158 47010718    6.44%
 146774 35585       33.1365    68       33.3639       31.2260 47510081    6.41%
 147330 35811       32.8659    95       33.3639       31.2384 47804929    6.37%
 148047 35751       33.2094    81       33.3639       31.2408 47760007    6.36%
Elapsed time = 920.39 sec. (1030792.50 ticks, tree = 704.06 MB, solutions = 16)
 148852 35828        cutoff             33.3639       31.2553 48031406    6.32%
 149913 35940       32.4522    79       33.3639       31.2714 48255928    6.27%
 151018 35875       31.6978   157       33.3639       31.2785 48146994    6.25%
 152118 35866        cutoff             33.3639       31.2828 48170427    6.24%
 153368 35966       32.8549   144       33.3639       31.2973 48932767    6.19%
 154368 35988       31.4998    76       33.3639       31.3018 49011071    6.18%
 155068 36090        cutoff             33.3639       31.3153 49158564    6.14%
 155748 36083        cutoff             33.3639       31.3300 49942296    6.10%
 156278 36130       32.9967    66       33.3639       31.3376 50485570    6.07%
 156831 36002        cutoff             33.3639       31.3528 50781917    6.03%
Elapsed time = 957.28 sec. (1069031.86 ticks, tree = 650.15 MB, solutions = 16)
 157415 36031        cutoff             33.3639       31.3607 50704172    6.00%
 158066 35964       33.1628    46       33.3639       31.3693 50962601    5.98%
 158995 35933        cutoff             33.3639       31.3880 51041287    5.92%
 160120 35915        cutoff             33.3639       31.3881 51079345    5.92%
 161138 35907        cutoff             33.3639       31.4043 51257511    5.87%
 162139 36043       33.1903    51       33.3639       31.4293 51899114    5.80%
 163017 36040        cutoff             33.3639       31.4356 51922066    5.78%
 163706 36092       31.9865   140       33.3639       31.4524 52644311    5.73%
 164360 36098        cutoff             33.3639       31.4765 52651568    5.66%
 164789 36267       32.9401    67       33.3639       31.4794 53158453    5.65%
Elapsed time = 995.09 sec. (1107227.95 ticks, tree = 613.28 MB, solutions = 16)
 165232 36269       32.6634    74       33.3639       31.4947 53345194    5.60%
 165765 36321       32.0056    83       33.3639       31.5160 53475777    5.54%
 166268 36296        cutoff             33.3639       31.5285 53540999    5.50%
 167054 36316       33.1821   131       33.3639       31.5407 53836757    5.46%
 167982 36459        cutoff             33.3639       31.5577 54117729    5.41%
 168927 36474       32.5690    67       33.3639       31.5778 54017066    5.35%
 169764 36499        cutoff             33.3639       31.5929 54208271    5.31%
 170807 36891       33.0364    50       33.3639       31.6179 55021315    5.23%
 171829 36821       33.2494    95       33.3639       31.6428 54729008    5.16%
 172522 37054       32.2028   148       33.3639       31.6428 55297177    5.16%
Elapsed time = 1033.10 sec. (1145469.22 ticks, tree = 588.07 MB, solutions = 16)
 173278 37138       31.8172    57       33.3639       31.6487 55441760    5.14%
 173848 37301       32.4851   160       33.3639       31.6565 55731220    5.12%
 174238 38062       32.3877   128       33.3639       31.6600 56552343    5.11%
 174595 38207       31.8042    57       33.3639       31.6666 56705154    5.09%
 175079 38220        cutoff             33.3639       31.6757 56752503    5.06%
 175653 38305        cutoff             33.3639       31.6798 56814197    5.05%
 176415 38659       31.8029    62       33.3639       31.6920 57117346    5.01%
 177242 38702       32.0351   156       33.3639       31.7008 57162959    4.98%
 178095 38643       32.7769   130       33.3639       31.7082 57118524    4.96%
 178929 38998        cutoff             33.3639       31.7137 57437477    4.95%
Elapsed time = 1070.58 sec. (1183690.34 ticks, tree = 579.18 MB, solutions = 16)
 179816 39931       31.7788    72       33.3639       31.7223 58202133    4.92%
 180709 39724       32.1146    49       33.3639       31.7353 58065742    4.88%
 181457 40573       31.8048   133       33.3639       31.7429 58949654    4.86%
 181912 40914       31.9247   120       33.3639       31.7585 59203190    4.81%
 182383 41220       32.7653    84       33.3639       31.7585 59401663    4.81%
 182874 41507       31.7585    39       33.3639       31.7585 59683676    4.81%
 183433 41423       32.3745   123       33.3639       31.7585 59539555    4.81%
 184320 41925       31.9366    88       33.3639       31.7585 60100989    4.81%
 185296 42021       31.9387   143       33.3639       31.7585 60180880    4.81%
 186409 41949       31.9949   122       33.3639       31.7585 60146599    4.81%
Elapsed time = 1107.87 sec. (1221912.71 ticks, tree = 578.37 MB, solutions = 16)
 187493 42474        cutoff             33.3639       31.7585 60817010    4.81%
 188543 42582        cutoff             33.3639       31.7585 60893269    4.81%
 189509 42666        cutoff             33.3639       31.7585 60970032    4.81%
 190293 43178       32.4791    81       33.3639       31.7585 61945093    4.81%
 191037 43179       32.4120    66       33.3639       31.7617 61953992    4.80%
 191534 43497       31.8100   108       33.3639       31.7637 62444117    4.80%
 191976 43471       31.9063   113       33.3639       31.7686 62399626    4.78%
 192424 43554       32.9891    90       33.3639       31.7722 62760490    4.77%
 192851 43605       32.2563   111       33.3639       31.7750 62940533    4.76%
 193537 43528       32.7764    57       33.3639       31.7810 62919786    4.74%
Elapsed time = 1145.07 sec. (1260146.47 ticks, tree = 559.46 MB, solutions = 16)
 194441 43752       32.4003    61       33.3639       31.7862 63222705    4.73%
 195473 43743        cutoff             33.3639       31.7918 63287480    4.71%
 196635 43854       32.6133    75       33.3639       31.7978 63326588    4.69%
 197843 43697       32.7598    67       33.3639       31.8033 63562730    4.68%
 198989 43657       32.3543   115       33.3639       31.8055 63646195    4.67%
 200007 43785       32.1148    58       33.3639       31.8091 63958454    4.66%
 200831 43977        cutoff             33.3639       31.8151 64691850    4.64%
 201422 43987        cutoff             33.3639       31.8158 64829918    4.64%
 201897 44134       32.9032    38       33.3639       31.8181 65199286    4.63%
 202418 44258        cutoff             33.3639       31.8226 65385066    4.62%
Elapsed time = 1181.79 sec. (1298346.92 ticks, tree = 536.10 MB, solutions = 16)
 202951 44341       32.8823    61       33.3639       31.8240 65577810    4.62%
 203613 44351        cutoff             33.3639       31.8269 65805581    4.61%
 204584 44551       33.2334    58       33.3639       31.8343 66073031    4.58%
 205755 44586       32.3811   137       33.3639       31.8382 66268721    4.57%
 206940 44558        cutoff             33.3639       31.8431 66304848    4.56%
 207899 44753       31.9131   102       33.3639       31.8516 66897014    4.53%
 209017 44764        cutoff             33.3639       31.8600 66853611    4.51%
 209800 44943       32.7273   100       33.3639       31.8632 67100383    4.50%
 210437 44887       33.2769    57       33.3639       31.8727 68025358    4.47%
 211101 44841        cutoff             33.3639       31.8807 67744403    4.45%
Elapsed time = 1219.63 sec. (1336552.17 ticks, tree = 512.07 MB, solutions = 16)
 211682 44897       32.3541    38       33.3639       31.8823 68202340    4.44%
 212219 44784       31.9828   168       33.3639       31.8823 68382868    4.44%
 212802 44677        cutoff             33.3639       31.8856 68729795    4.43%
 213412 44675        cutoff             33.3639       31.8880 68816173    4.42%
 214120 44581        cutoff             33.3639       31.8908 68912441    4.42%
 214950 44520        cutoff             33.3639       31.8979 69014245    4.39%
 216022 44525        cutoff             33.3639       31.9039 69128382    4.38%
 217366 44448       32.0259   171       33.3639       31.9076 69327969    4.37%
 218654 44245        cutoff             33.3639       31.9171 69712614    4.34%
 219713 44073        cutoff             33.3639       31.9223 70139058    4.32%
Elapsed time = 1256.88 sec. (1374788.71 ticks, tree = 478.23 MB, solutions = 16)
 220792 44069        cutoff             33.3639       31.9251 70264483    4.31%
 221563 43887        cutoff             33.3639       31.9281 70926118    4.30%
 222200 43763        cutoff             33.3639       31.9324 71211182    4.29%
 222882 43676        cutoff             33.3639       31.9366 71304305    4.28%
 223490 43444       32.2753    91       33.3639       31.9434 71546591    4.26%
 224198 43391        cutoff             33.3639       31.9499 71594380    4.24%
 224841 43514       32.1504   112       33.3639       31.9542 71477132    4.23%
 225802 43007        cutoff             33.3639       31.9586 71953051    4.21%
 226885 43053        cutoff             33.3639       31.9682 72023137    4.18%
 228125 42698        cutoff             33.3639       31.9738 72500245    4.17%
Elapsed time = 1293.09 sec. (1412983.99 ticks, tree = 440.16 MB, solutions = 16)
 229396 42800        cutoff             33.3639       31.9798 72215440    4.15%
 230517 42626        cutoff             33.3639       31.9895 72733474    4.12%
 231278 42335       32.3371    95       33.3639       31.9944 73419912    4.10%
 231949 42307       32.9483    92       33.3639       32.0005 73266426    4.09%
 232522 42304       33.1803    57       33.3639       32.0155 73825350    4.04%
 233219 42239       32.3385   217       33.3639       32.0291 74074184    4.00%
 233845 42087       33.3541    54       33.3639       32.0344 74296408    3.98%
 234702 41943       32.4210    85       33.3639       32.0417 74413269    3.96%
 235754 42071        cutoff             33.3639       32.0517 74294714    3.93%
 236925 41947        cutoff             33.3639       32.0586 74646295    3.91%
Elapsed time = 1329.43 sec. (1451186.06 ticks, tree = 412.21 MB, solutions = 16)
 238173 42029       33.0524    69       33.3639       32.0654 74734214    3.89%
 239424 41570        cutoff             33.3639       32.0748 75549648    3.86%
 240309 41537        cutoff             33.3639       32.0845 75679455    3.83%
 241161 41650        cutoff             33.3639       32.0925 75471244    3.81%
 241746 41408    infeasible             33.3639       32.1084 75875657    3.76%
 242413 41032        cutoff             33.3639       32.1153 76647643    3.74%
 243107 41246        cutoff             33.3639       32.1204 76480115    3.73%
 243705 40996       32.4491   106       33.3639       32.1284 76810158    3.70%
 244358 41083       32.4115    51       33.3639       32.1387 76861251    3.67%
 245087 40861       32.2385    43       33.3639       32.1433 77192960    3.66%
Elapsed time = 1366.18 sec. (1489389.49 ticks, tree = 382.84 MB, solutions = 16)
 246088 40757       32.7707    72       33.3639       32.1492 77425651    3.64%
 247269 40505       32.3313   152       33.3639       32.1544 77728551    3.63%
 248365 40575       32.8085    93       33.3639       32.1588 77688284    3.61%
 249450 40544        cutoff             33.3639       32.1643 77980295    3.60%
 250373 40525       33.2354   168       33.3639       32.1734 78002520    3.57%
 251053 39873       32.2385    52       33.3639       32.1764 79094876    3.56%
 251744 40295        cutoff             33.3639       32.1813 78481043    3.54%
 252499 39872       33.0912    62       33.3639       32.1956 79166551    3.50%
 253308 39274        cutoff             33.3639       32.2021 79692583    3.48%
 254107 39432        cutoff             33.3639       32.2065 79555806    3.47%
Elapsed time = 1403.30 sec. (1527635.82 ticks, tree = 354.17 MB, solutions = 16)
 254822 38933        cutoff             33.3639       32.2194 79922666    3.43%
 255574 39110        cutoff             33.3639       32.2297 79845476    3.40%
 256328 38546        cutoff             33.3639       32.2375 80192746    3.38%
 257083 38583       33.0746    36       33.3639       32.2385 80173623    3.37%
 257815 38150        cutoff             33.3639       32.2451 80448105    3.35%
 258463 37887        cutoff             33.3639       32.2491 80621605    3.34%
 259054 37692        cutoff             33.3639       32.2567 80793519    3.32%
 259627 37458       32.3332    49       33.3639       32.2677 81247448    3.29%
 260391 37466       32.8716    46       33.3639       32.2771 81359165    3.26%
 261364 37509       32.6464    51       33.3639       32.2805 81356879    3.25%
Elapsed time = 1438.16 sec. (1565816.74 ticks, tree = 321.83 MB, solutions = 16)
 262468 37645       32.4962   145       33.3639       32.2837 81608306    3.24%
 263616 37713       32.8658    88       33.3639       32.2913 81548069    3.21%
 264862 37599        cutoff             33.3639       32.2987 81985018    3.19%
 266005 38070        cutoff             33.3639       32.3085 82592331    3.16%
 267092 37786        cutoff             33.3639       32.3178 82250822    3.14%
 267996 37857        cutoff             33.3639       32.3256 83258705    3.11%
 268768 37671        cutoff             33.3639       32.3341 83629960    3.09%
 269499 37857        cutoff             33.3639       32.3407 83327297    3.07%
 270264 37472        cutoff             33.3639       32.3500 83787931    3.04%
 270991 37425       32.8394   170       33.3639       32.3541 83776069    3.03%
Elapsed time = 1475.19 sec. (1604005.40 ticks, tree = 300.57 MB, solutions = 16)
 271788 37151        cutoff             33.3639       32.3541 84258200    3.03%
 272754 37232        cutoff             33.3639       32.3541 84224113    3.03%
 273858 37190        cutoff             33.3639       32.3547 84299510    3.02%
 275123 36520        cutoff             33.3639       32.3571 84901152    3.02%
 276452 36543        cutoff             33.3639       32.3606 84881359    3.01%
 277406 36345        cutoff             33.3639       32.3649 85177374    2.99%
 278250 35957    infeasible             33.3639       32.3701 85882833    2.98%
 278951 35967       32.4854    62       33.3639       32.3729 85955821    2.97%
 279669 35969    infeasible             33.3639       32.3808 85842477    2.95%
 280276 35956        cutoff             33.3639       32.3893 86017778    2.92%
Elapsed time = 1513.10 sec. (1642192.60 ticks, tree = 271.98 MB, solutions = 16)
 280872 35730       32.5076    47       33.3639       32.3927 86510160    2.91%
 281471 35726       32.7225    33       33.3639       32.4051 86430349    2.87%
 282093 35601       32.4805    86       33.3639       32.4126 86984880    2.85%
 282851 35704       32.6023   122       33.3639       32.4144 86632320    2.85%
 283906 35615        cutoff             33.3639       32.4250 87025936    2.81%
 285156 35442       32.5655   115       33.3639       32.4327 87209986    2.79%
 286364 35326        cutoff             33.3639       32.4339 87396217    2.79%
 287362 34957       33.1217    93       33.3639       32.4493 87841051    2.74%
 288366 34788       32.7486    53       33.3639       32.4567 88181471    2.72%
 289265 34770        cutoff             33.3639       32.4618 88190081    2.70%
Elapsed time = 1550.17 sec. (1680399.67 ticks, tree = 249.89 MB, solutions = 16)
 290197 34145       32.6235    88       33.3639       32.4779 88744867    2.66%
 290988 33561       33.2047    83       33.3639       32.4790 89034327    2.65%
 291823 33065        cutoff             33.3639       32.4790 89264448    2.65%
 292814 32838        cutoff             33.3639       32.4801 89331477    2.65%
 293865 32315       32.6310   199       33.3639       32.4857 89651216    2.63%
 294798 32810       33.0501    89       33.3639       32.4868 89415887    2.63%
 295759 31581       33.1320    34       33.3639       32.4931 89956879    2.61%
 297077 31309       33.2697   173       33.3639       32.5043 90105637    2.58%
 298586 30723        cutoff             33.3639       32.5244 90411607    2.52%
 299564 30536        cutoff             33.3639       32.5325 90542973    2.49%
Elapsed time = 1585.97 sec. (1718576.27 ticks, tree = 210.93 MB, solutions = 16)
 300477 30230        cutoff             33.3639       32.5382 90732383    2.47%
 301247 29520        cutoff             33.3639       32.5521 91193891    2.43%
 302101 29445       33.1698    62       33.3639       32.5589 91226873    2.41%
 302951 28769       32.8687    85       33.3639       32.5733 91510238    2.37%
 303970 28356        cutoff             33.3639       32.5859 91722028    2.33%
 305455 27692       33.2873   113       33.3639       32.5991 91952182    2.29%
 306843 27333       32.9177   118       33.3639       32.6215 92049942    2.23%
 307714 26991        cutoff             33.3639       32.6231 92158220    2.22%
 308434 26146       32.8552   105       33.3639       32.6329 92649595    2.19%
 309272 26062        cutoff             33.3639       32.6428 92715281    2.16%
Elapsed time = 1622.71 sec. (1756779.08 ticks, tree = 172.79 MB, solutions = 16)
 310250 25980        cutoff             33.3639       32.6550 92786584    2.12%
 311227 25479        cutoff             33.3639       32.6609 93024061    2.11%
 311893 25577       32.7585    42       33.3639       32.6636 92996745    2.10%
 312704 24420       32.8177   104       33.3639       32.6798 93533404    2.05%
 313561 24740        cutoff             33.3639       32.6822 93393686    2.04%
 314358 23960       32.7585    49       33.3639       32.6930 93807808    2.01%
 315257 23196       32.7391    88       33.3639       32.7035 94205003    1.98%
 316251 23921       33.3358    46       33.3639       32.7061 93863687    1.97%
 317517 22765        cutoff             33.3639       32.7179 94379290    1.94%
 318551 21614        cutoff             33.3639       32.7193 94769816    1.93%
Elapsed time = 1657.17 sec. (1794972.80 ticks, tree = 137.85 MB, solutions = 16)
 319675 21650        cutoff             33.3639       32.7325 94774330    1.89%
 320633 20527        cutoff             33.3639       32.7553 95117172    1.82%
 321336 20281        cutoff             33.3639       32.7585 95245188    1.81%
 322339 20278       33.1899   135       33.3639       32.7622 95255971    1.80%
 323643 19456        cutoff             33.3639       32.7677 95641326    1.79%
 324973 18235       32.8949    53       33.3639       32.7867 96016122    1.73%
 326051 18413       33.0584    82       33.3639       32.8061 95994691    1.67%
 327194 16926        cutoff             33.3639       32.8201 96418140    1.63%
 328706 16897        cutoff             33.3639       32.8341 96430057    1.59%
 329613 15296        cutoff             33.3639       32.8484 96834251    1.55%
Elapsed time = 1693.03 sec. (1833164.16 ticks, tree = 92.24 MB, solutions = 16)
 330603 15064    infeasible             33.3639       32.8507 96903410    1.54%
 331901 13474        cutoff             33.3639       32.8900 97341110    1.42%
 333385 12565        cutoff             33.3639       32.9203 97524587    1.33%
 335045 11063        cutoff             33.3639       32.9484 97737348    1.25%
 336901  9478        cutoff             33.3639       32.9844 97908271    1.14%
 337660  9448       33.3466   156       33.3639       32.9844 97928813    1.14%
 338507  9138        cutoff             33.3639       33.0309 98045712    1.00%
 339510  8235       33.3509    63       33.3639       33.0351 98466071    0.99%
 340986  7224       33.1806    70       33.3639       33.0529 98706070    0.93%
 341875  6972        cutoff             33.3639       33.0910 98776326    0.82%
Elapsed time = 1728.42 sec. (1871341.07 ticks, tree = 35.07 MB, solutions = 16)
 342862  6055        cutoff             33.3639       33.0984 99067583    0.80%
 344223  5041       33.1720    54       33.3639       33.1320 99309930    0.70%
 345246  4520       33.2202    16       33.3639       33.1321 99469577    0.69%
 346525  3545        cutoff             33.3639       33.1741 99748032    0.57%
 348294  2880        cutoff             33.3639       33.2160 99922476    0.44%
 349748  1655        cutoff             33.3639       33.2981 1.00e+08    0.20%
 351287   165       33.3541    41       33.3639       33.3213 1.00e+08    0.13%

GUB cover cuts applied:  42
Clique cuts applied:  12
Cover cuts applied:  819
Implied bound cuts applied:  10
Flow cuts applied:  1
Mixed integer rounding cuts applied:  79
Zero-half cuts applied:  94
Gomory fractional cuts applied:  7

Root node processing (before b&c):
  Real time             =    3.83 sec. (7886.10 ticks)
Parallel b&c, 16 threads:
  Real time             = 1750.59 sec. (1891046.11 ticks)
  Sync time (average)   =  708.16 sec.
  Wait time (average)   =    0.04 sec.
                          ------------
Total (root+branch&cut) = 1754.43 sec. (1898932.22 ticks)
Feasible solution found!
Truck nodes:
Truck at node 0 at stage 1
Truck at node 7 at stage 2
Truck at node 5 at stage 3
Truck at node 6 at stage 4
Truck at node 8 at stage 5
Truck at node 4 at stage 6
Truck at node 10 at stage 7
Truck at node 11 at stage 8

Truck arcs:
Arc 1 connecting 0 and 7 with cost 7.96713 
Arc 2 connecting 7 and 5 with cost 0.777831 
Arc 3 connecting 5 and 6 with cost 0.955922 
Arc 4 connecting 6 and 8 with cost 5.60229 
Arc 5 connecting 8 and 4 with cost 1.94864 
Arc 6 connecting 4 and 10 with cost 8.38296 
Arc 7 connecting 10 and 11 with cost 4.19835 
Truck route length: 29.8331
Customer 1 was served by drone!
Customer 2 was served by drone!
Customer 3 was served by drone!
Customer 9 was served by drone!
served customer 1 with st stage 1
start from stage 1 at node 0
end at node 4
end at stage 6
served customer 3 with st stage 1
start from stage 1 at node 0
end at node 4
end at stage 6
served customer 2 with st stage 6
start from stage 6 at node 4
end at node 11
end at stage 8
served customer 9 with st stage 6
start from stage 6 at node 4
end at node 11
end at stage 8
Printing wait:
wait[1][6]== 0.530823
Printing z(k, k') and drone travel time: 
---------------------------------------------------------------
Sortie starts at stage 1 and ends at stage 6
Start node: 0
End node: 4
Customer served in this sortie:1 3 
Drone arcs during this sortie:
0-->1, l = 5.2504
1-->3, l = 2.81169
3-->4, l = 9.72054
Truck arcs during this sortie:
0---7, l = 7.96713
7---5, l = 0.777831
5---6, l = 0.955922
6---8, l = 5.60229
8---4, l = 1.94864
Drone travel time during sortie: 17.7826
Truck travel time during sortie: 17.2518
Wait time for this sortie: 0.530823
---------------------------------------------------------------
---------------------------------------------------------------
Sortie starts at stage 6 and ends at stage 8
Start node: 4
End node: 11
Customer served in this sortie:2 9 
Drone arcs during this sortie:
2-->9, l = 3.76225
4-->2, l = 2.78952
9-->11, l = 4.46675
Truck arcs during this sortie:
4---10, l = 8.38296
10---11, l = 4.19835
Drone travel time during sortie: 11.0185
Truck travel time during sortie: 12.5813
Wait time for this sortie: 0
---------------------------------------------------------------
Printing zl:
zl[1][0] = 1
zl[6][4] = 1
Printing zr:
zr[1][4] = 1
zr[6][11] = 1
Printing zs:
zs[1][1] = 1
zs[1][3] = 1
zs[6][2] = 1
zs[6][9] = 1
Printing x_d:
x_d[0][1] = 1
x_d[1][3] = 1
x_d[2][9] = 1
x_d[3][4] = 1
x_d[4][2] = 1
x_d[9][11] = 1
Done!
Solve time: 1754.43
OBJECTIVE VALUE: 33.3639.
In write mode
