Instance name: /home/orlab/CLionProjects/RV-FSTSP/Murray_instances/FSTSP/FSTSP_10_customer_problems/20140810T123437v4
Write arg val: 1
Input is specified as type M: Murray instance.-.-.-.-.-.-.-.-.-.-.-.-.-.-.-.-.-.-.-.-

drone speed: 0.2 miles/minute
uav non-eligible customer: 10 
Printing tau:
0 20.6149 13.856 24.5512 16.9846 21.545 21.069 20.7671 18.9333 7.71706 12.8383 0 
20.6149 0 18.3108 3.93636 13.7595 7.22991 8.18583 7.04774 13.7881 14.0919 12.0132 20.6149 
13.856 18.3108 0 22.2472 4.55136 11.0809 10.125 11.2631 5.10923 6.13892 11.4943 13.856 
24.5512 3.93636 22.2472 0 17.6958 11.1663 12.1222 10.9841 17.7245 18.0283 15.9496 24.5512 
16.9846 13.7595 4.55136 17.6958 0 6.52957 5.57365 6.71174 1.94864 9.26756 8.38296 16.9846 
21.545 7.22991 11.0809 11.1663 6.52957 0 0.955922 0.777831 6.55821 13.8279 12.9433 21.545 
21.069 8.18583 10.125 12.1222 5.57365 0.955922 0 1.13809 5.60229 13.352 12.4674 21.069 
20.7671 7.04774 11.2631 10.9841 6.71174 0.777831 1.13809 0 6.74038 13.0501 12.1655 20.7671 
18.9333 13.7881 5.10923 17.7245 1.94864 6.55821 5.60229 6.74038 0 11.2162 10.3316 18.9333 
7.71706 14.0919 6.13892 18.0283 9.26756 13.8279 13.352 13.0501 11.2162 0 7.2754 7.71706 
12.8383 12.0132 11.4943 15.9496 8.38296 12.9433 12.4674 12.1655 10.3316 7.2754 0 12.8383 
0 0 0 0 0 0 0 0 0 0 0 0 
Printing tau_prime:
0 33.5676 16.4061 40.1267 21.1881 29.3107 28.2706 28.6311 23.3597 11.2113 18.2122 0 
33.5676 0 23.0027 6.5606 16.7706 8.59075 9.66193 8.30778 16.3699 22.5134 16.2781 33.5676 
16.4061 23.0027 0 29.091 6.50889 15.8949 14.6508 15.5734 8.01334 8.77857 14.8944 16.4061 
40.1267 6.5606 29.091 0 22.6813 13.6282 14.8639 13.6915 21.9127 29.0691 22.6695 40.1267 
21.1881 16.7706 6.50889 22.6813 0 9.38617 8.14351 9.0795 2.29674 10.9289 12.8279 21.1881 
29.3107 8.59075 15.8949 13.6282 9.38617 0 1.25846 0.941487 8.31925 18.1926 15.2616 29.3107 
28.2706 9.66193 14.6508 14.8639 8.14351 1.25846 0 1.38764 7.06588 17.2062 14.7813 28.2706 
28.6311 8.30778 15.5734 13.6915 9.0795 0.941487 1.38764 0 8.23237 17.4772 14.3397 28.6311 
23.3597 16.3699 8.01334 21.9127 2.29674 8.31925 7.06588 8.23237 0 13.2233 14.6887 23.3597 
11.2113 22.5134 8.77857 29.0691 10.9289 18.1926 17.2062 17.4772 13.2233 0 8.63729 11.2113 
18.2122 16.2781 14.8944 22.6695 12.8279 15.2616 14.7813 14.3397 14.6887 8.63729 0 18.2122 
0 0 0 0 0 0 0 0 0 0 0 0 
---------------------------------------------------------------
Current config:
- Number of threads = 16
- Drone endurance = 20
- SL = 1
- SR = 1
- L = 3
- Allow loop = 0
- Use TSP optimal solution as warmstart: = 0
- Use cutting plane method: = 0
- Use CPLEX conflict refiner: = 0
---------------------------------------------------------------
M value: 629.737
Warning:  Output names have been modified due to duplicate names or characters invalid in LP format.
Version identifier: 22.1.1.0 | 2022-11-28 | 9160aff4d
CPXPARAM_Threads                                 16
CPXPARAM_TimeLimit                               3600
Tried aggregator 2 times.
MIP Presolve eliminated 1292 rows and 763 columns.
MIP Presolve modified 2614 coefficients.
Aggregator did 20 substitutions.
Reduced MIP has 3720 rows, 2661 columns, and 79028 nonzeros.
Reduced MIP has 2485 binaries, 0 generals, 0 SOSs, and 0 indicators.
Presolve time = 0.06 sec. (116.17 ticks)
Probing time = 0.01 sec. (12.67 ticks)
Cover probing fixed 2 vars, tightened 0 bounds.
Tried aggregator 1 time.
Detecting symmetries...
MIP Presolve eliminated 4 rows and 2 columns.
MIP Presolve modified 19 coefficients.
Reduced MIP has 3716 rows, 2659 columns, and 78974 nonzeros.
Reduced MIP has 2483 binaries, 0 generals, 0 SOSs, and 0 indicators.
Presolve time = 0.03 sec. (51.53 ticks)
Probing fixed 34 vars, tightened 0 bounds.
Probing time = 0.05 sec. (119.86 ticks)
Clique table members: 34168.
MIP emphasis: balance optimality and feasibility.
MIP search method: dynamic search.
Parallel mode: deterministic, using up to 16 threads.
Root relaxation solution time = 0.28 sec. (588.73 ticks)

        Nodes                                         Cuts/
   Node  Left     Objective  IInf  Best Integer    Best Bound    ItCnt     Gap

*     0+    0                        58032.3371        0.0000           100.00%
      0     0       32.0990   318    58032.3371       32.0990     7175   99.94%
*     0+    0                          113.0985       32.0990            71.62%
      0     0       32.9476   368      113.0985     Cuts: 260     8202   70.87%
      0     0       35.8823   288      113.0985     Cuts: 179    11139   68.27%
      0     0       36.6265   332      113.0985     Cuts: 225    13661   67.62%
      0     0       37.7199   351      113.0985     Cuts: 195    15082   66.65%
      0     0       38.8539   326      113.0985     Cuts: 188    15942   65.65%
Detecting symmetries...
      0     0       38.9687   324      113.0985     Cuts: 158    17298   65.54%
      0     0       39.0624   322      113.0985      Cuts: 79    17718   65.46%
      0     0       39.0785   338      113.0985     Cuts: 138    18043   65.45%
      0     0       39.0979   403      113.0985      Cuts: 70    18280   65.43%
      0     0       39.1658   389      113.0985      Cuts: 94    18642   65.37%
      0     0       39.1715   406      113.0985      Cuts: 82    18872   65.37%
      0     0       39.1778   421      113.0985      Cuts: 78    19148   65.36%
      0     0       39.4367   386      113.0985      Cuts: 78    19697   65.13%
      0     0       39.9700   403      113.0985      Cuts: 83    20784   64.66%
      0     0       40.9755   394      113.0985     Cuts: 142    21537   63.77%
      0     0       41.1046   415      113.0985      Cuts: 91    21871   63.66%
      0     0       41.3688   351      113.0985      Cuts: 68    23679   63.42%
      0     0       42.3162   388      113.0985     Cuts: 133    25103   62.58%
      0     0       42.5448   399      113.0985     Cuts: 182    26464   62.38%
      0     0       42.9578   367      113.0985      Cuts: 89    27665   62.02%
      0     0       43.0252   355      113.0985      Cuts: 92    27898   61.96%
      0     0       43.2051   368      113.0985      Cuts: 77    28520   61.80%
      0     0       43.2204   410      113.0985      Cuts: 87    28944   61.79%
      0     0       43.2478   382      113.0985      Cuts: 70    29246   61.76%
      0     0       43.2492   394      113.0985      Cuts: 76    29392   61.76%
      0     0       43.2848   407      113.0985      Cuts: 55    29603   61.73%
      0     0       43.7017   422      113.0985      Cuts: 55    30389   61.36%
      0     0       43.7348   448      113.0985     Cuts: 107    30746   61.33%
      0     0       43.7931   392      113.0985      Cuts: 73    31096   61.28%
      0     0       43.8026   410      113.0985      Cuts: 50    31307   61.27%
Detecting symmetries...
      0     2       43.8026   410      113.0985       43.8026    31307   61.27%
Elapsed time = 4.19 sec. (8407.37 ticks, tree = 0.02 MB, solutions = 2)
      2     3       44.0478   415      113.0985       43.8042    32173   61.27%
      4     3       45.3534   370      113.0985       44.0645    33954   61.04%
     14     4        cutoff            113.0985       45.3673    36704   59.89%
     22     3       49.9833   354      113.0985       45.3673    37127   59.89%
     24     4       52.9163   176      113.0985       49.9888    44838   55.80%
     37    11       58.5667   138      113.0985       51.2528    52272   54.68%
*    90+    7                          109.5932       52.6109            51.99%
*    92+   11                          100.5693       52.6109            47.69%
*    95+    6                           85.5938       52.6109            38.53%
*   144+    6                           81.3095       52.6109            35.30%
    194    49       66.2704    81       81.3095       52.6109    72093   35.30%
    386   127       59.0708   154       81.3095       52.9940   107983   34.82%
    496   189       68.4352   128       81.3095       52.9940   147309   34.82%
    795   411       62.0121   123       81.3095       52.9940   272193   34.82%
Elapsed time = 7.18 sec. (12351.67 ticks, tree = 0.46 MB, solutions = 7)
   1117   675       65.8627   115       81.3095       52.9940   394533   34.82%
   1268   793       67.4853    75       81.3095       52.9940   452831   34.82%
   1542   874       80.7427    37       81.3095       52.9940   512521   34.82%
   2000  1072       67.1733    47       81.3095       55.4666   604798   31.78%
   2398  1494       64.4227    59       81.3095       55.4666   757736   31.78%
   2826  1857        cutoff             81.3095       57.5333   905515   29.24%
   3187  2045       65.8115   118       81.3095       57.7763   994014   28.94%
   3280  2220       65.4947    73       81.3095       57.7763  1116194   28.94%
   3444  2269        cutoff             81.3095       57.7763  1160679   28.94%
   3990  2403       75.9312   111       81.3095       57.9177  1221690   28.77%
Elapsed time = 17.53 sec. (21918.74 ticks, tree = 5.51 MB, solutions = 7)
   4637  2682       67.8383   108       81.3095       57.9177  1314399   28.77%

Performing restart 1

Repeating presolve.
Tried aggregator 1 time.
MIP Presolve eliminated 30 rows and 42 columns.
MIP Presolve modified 1969 coefficients.
Reduced MIP has 3686 rows, 2617 columns, and 77311 nonzeros.
Reduced MIP has 2441 binaries, 0 generals, 0 SOSs, and 0 indicators.
Presolve time = 0.06 sec. (76.07 ticks)
Tried aggregator 1 time.
MIP Presolve eliminated 25 rows and 11 columns.
MIP Presolve modified 19 coefficients.
Reduced MIP has 3661 rows, 2606 columns, and 75819 nonzeros.
Reduced MIP has 2430 binaries, 0 generals, 0 SOSs, and 0 indicators.
Presolve time = 0.03 sec. (51.92 ticks)
Represolve time = 0.18 sec. (327.54 ticks)
   4693     0       47.9992   296       81.3095      Cuts: 71  1415708   27.97%
   4693     0       49.2713   288       81.3095     Cuts: 126  1416488   27.97%
   4693     0       51.0364   242       81.3095     Cuts: 122  1417897   27.97%
   4693     0       52.3166   235       81.3095      Cuts: 96  1418831   27.97%
   4693     0       53.6399   226       81.3095     Cuts: 110  1420803   27.97%
   4693     0       54.0689   284       81.3095     Cuts: 126  1422897   27.97%
   4693     0       54.1608   342       81.3095     Cuts: 101  1424382   27.97%
   4693     0       54.1859   329       81.3095      Cuts: 30  1425140   27.97%
   4693     0       54.2982   334       81.3095      Cuts: 89  1426532   27.97%
   4693     0       54.3160   333       81.3095      Cuts: 63  1427508   27.97%
   4693     2       54.3615   312       81.3095       58.5678  1427508   27.97%
   4694     3       54.9627   273       81.3095       58.5678  1428841   27.97%
*  4695+    1                           79.9933       58.5678            26.78%
*  4695+    1                           76.1040       58.5678            23.04%
   4696     4       54.9954   319       76.1040       58.5678  1429781   23.04%
   4698     4       65.2427   100       76.1040       58.5678  1434100   23.04%
*  4714+   10                           71.8896       58.5678            18.53%
*  4714+   10                           70.9826       58.5678            17.49%
   4718    14       68.4536    38       70.9826       58.5678  1446779   17.49%
*  4731+   13                           70.6801       58.5678            17.14%
   4782    34       69.0380    38       70.6801       58.5678  1471163   17.14%
*  4834+   12                           69.3095       58.5678            15.50%
   4891    92       67.4110    46       69.3095       58.5678  1508657   15.50%
   5026   159       67.8147    38       69.3095       58.5678  1545041   15.50%
   5191   191       67.2228    72       69.3095       58.5678  1563688   15.50%
Elapsed time = 30.97 sec. (46241.88 ticks, tree = 1.43 MB, solutions = 15)
   5386   267       68.6051    52       69.3095       58.5678  1602696   15.50%
   5685   297        cutoff             69.3095       58.5678  1627263   15.50%
*  6111   409      integral     0       67.9933       58.5678  1665268   13.86%
   6289   384       68.3944    62       67.9933       58.5678  1661073   13.86%
   6628   740        cutoff             67.9933       58.5678  1803884   13.86%
   6829   727        cutoff             67.9933       58.5678  1858489   13.86%
   7040   758       67.0144   168       67.9933       58.5678  1904849   13.86%
   7217   760       66.2830    24       67.9933       58.5678  1934443   13.86%
   7347   764       66.8911   132       67.9933       58.5678  1957860   13.86%
   7540   829        cutoff             67.9933       58.5678  2048016   13.86%
   7785   907       67.2545    64       67.9933       58.5678  2093197   13.86%
Elapsed time = 39.79 sec. (55824.52 ticks, tree = 1.84 MB, solutions = 16)
   8030  1027       66.2571    59       67.9933       58.5678  2208941   13.86%
   8160  1128        cutoff             67.9933       58.5678  2294996   13.86%
   8303  1146       64.1658    74       67.9933       58.5678  2326669   13.86%
   8454  1194       66.9002   103       67.9933       58.5678  2411145   13.86%
   8600  1232       67.5348    60       67.9933       58.5678  2443739   13.86%
   8833  1270       64.2390    85       67.9933       58.5678  2524068   13.86%
   9206  1340       67.4166   153       67.9933       58.5678  2562609   13.86%
   9447  1589       65.5928   229       67.9933       58.5678  2666539   13.86%
   9581  1711        cutoff             67.9933       58.5678  2732330   13.86%
   9724  1742        cutoff             67.9933       58.5678  2844395   13.86%
Elapsed time = 48.91 sec. (65418.72 ticks, tree = 3.73 MB, solutions = 16)
   9838  1814       66.3770    59       67.9933       58.5678  2905974   13.86%
  10000  1826       66.0517    69       67.9933       58.5678  2925943   13.86%
  10210  1879       67.2889    73       67.9933       58.5678  2997057   13.86%
  10470  1976       67.4110    27       67.9933       58.5678  3095040   13.86%
  10652  2045        cutoff             67.9933       58.5678  3152135   13.86%
  10869  2076    infeasible             67.9933       58.5678  3258337   13.86%
  11072  2099       66.5748    45       67.9933       58.5678  3328961   13.86%
  11258  2144        cutoff             67.9933       58.5678  3399171   13.86%
  11441  2159       64.9781    84       67.9933       58.5678  3474523   13.86%
  11628  2162        cutoff             67.9933       58.5678  3478571   13.86%
Elapsed time = 57.77 sec. (75000.05 ticks, tree = 4.62 MB, solutions = 16)
  11807  2220       66.2019   135       67.9933       58.5678  3580691   13.86%
  11970  2196       66.8911    36       67.9933       58.5678  3669048   13.86%
  12137  2224        cutoff             67.9933       58.5678  3711582   13.86%
  12284  2232       67.6646    42       67.9933       58.5678  3791568   13.86%
  12421  2251       67.6889    37       67.9933       58.5678  3878799   13.86%
  12593  2305        cutoff             67.9933       58.5678  3947933   13.86%
  12903  2309        cutoff             67.9933       58.5678  4001842   13.86%
  13166  2445        cutoff             67.9933       58.5678  4100596   13.86%
  13240  2439       66.0185    89       67.9933       58.5678  4076920   13.86%
  13329  2533       67.3271   137       67.9933       58.5678  4234387   13.86%
Elapsed time = 66.54 sec. (84582.26 ticks, tree = 5.35 MB, solutions = 16)
  13435  2620       59.3520   221       67.9933       58.5678  4310902   13.86%
  13669  2652       60.6294   174       67.9933       58.5678  4318610   13.86%
  13940  2727       63.8646   221       67.9933       58.5678  4431086   13.86%
  14190  2860       66.8911    72       67.9933       58.5678  4505774   13.86%
  14386  3121        cutoff             67.9933       58.5678  4680659   13.86%
  14493  3148        cutoff             67.9933       58.5678  4737591   13.86%
  14655  3066        cutoff             67.9933       58.5678  4890182   13.86%
  14882  3120       64.1838   146       67.9933       58.7889  4801828   13.54%
  15120  2825    infeasible             67.9933       60.4868  5072464   11.04%
  15391  2780       67.4327    97       67.9933       61.4854  5115347    9.57%
Elapsed time = 75.77 sec. (94143.40 ticks, tree = 5.92 MB, solutions = 16)
  15667  2602    infeasible             67.9933       63.9951  5234165    5.88%
  15944  2510       66.8150    36       67.9933       64.4015  5295939    5.28%
  16163  2459       66.3666    63       67.9933       64.4015  5372406    5.28%
  16404  2423        cutoff             67.9933       64.4015  5429640    5.28%
  16685  2464        cutoff             67.9933       64.4015  5504444    5.28%
  16967  2440       67.9500   108       67.9933       64.4015  5584228    5.28%
  17226  2388       66.8973    96       67.9933       65.4124  5628011    3.80%
  17519  2349        cutoff             67.9933       65.4124  5703682    3.80%
  17818  2343        cutoff             67.9933       65.4351  5718264    3.76%
  18126  2366       67.6085    57       67.9933       65.4351  5832176    3.76%
Elapsed time = 84.81 sec. (103703.55 ticks, tree = 4.79 MB, solutions = 16)
  18469  2395       67.0444   171       67.9933       65.4351  5813689    3.76%
  18784  2238        cutoff             67.9933       66.0948  5995878    2.79%
  19183  2142        cutoff             67.9933       66.2856  6068116    2.51%
  19627  1958        cutoff             67.9933       66.3171  6169300    2.47%
  20068  1821       67.0591    99       67.9933       66.3892  6275443    2.36%
* 20360  1775      integral     0       67.4640       66.4560  6292587    1.49%
  20624  1141    infeasible             67.4640       66.5532  6332264    1.35%
  21427   600        cutoff             67.4640       66.7052  6461415    1.12%
  22158   406       67.0243   108       67.4640       66.8699  6490697    0.88%
  22306    72       67.0860    80       67.4640       66.9667  6529534    0.74%

GUB cover cuts applied:  9
Clique cuts applied:  12
Cover cuts applied:  129
Implied bound cuts applied:  161
Flow cuts applied:  38
Mixed integer rounding cuts applied:  93
Zero-half cuts applied:  135
Gomory fractional cuts applied:  4

Root node processing (before b&c):
  Real time             =    4.10 sec. (8136.83 ticks)
Parallel b&c, 16 threads:
  Real time             =   88.26 sec. (104548.08 ticks)
  Sync time (average)   =   36.51 sec.
  Wait time (average)   =    0.01 sec.
                          ------------
Total (root+branch&cut) =   92.36 sec. (112684.91 ticks)
Feasible solution found!
Truck nodes:
Truck at node 0 at stage 1
Truck at node 9 at stage 2
Truck at node 2 at stage 3
Truck at node 4 at stage 4
Truck at node 8 at stage 5
Truck at node 6 at stage 6
Truck at node 5 at stage 7
Truck at node 7 at stage 8
Truck at node 3 at stage 9
Truck at node 1 at stage 10
Truck at node 10 at stage 11
Truck at node 11 at stage 12

Truck arcs:
Arc 1 connecting 0 and 9 with cost 7.71706 
Arc 2 connecting 9 and 2 with cost 6.13892 
Arc 3 connecting 2 and 4 with cost 4.55136 
Arc 4 connecting 4 and 8 with cost 1.94864 
Arc 5 connecting 8 and 6 with cost 5.60229 
Arc 6 connecting 6 and 5 with cost 0.955922 
Arc 7 connecting 5 and 7 with cost 0.777831 
Arc 8 connecting 7 and 3 with cost 10.9841 
Arc 9 connecting 3 and 1 with cost 3.93636 
Arc 10 connecting 1 and 10 with cost 12.0132 
Arc 11 connecting 10 and 11 with cost 12.8383 
Truck route length: 67.464
Printing wait:
Printing z(k, k') and drone travel time: 
Printing zl:
Printing zr:
Printing zs:
Printing x_d:
Done!
Solve time: 92.367
OBJECTIVE VALUE: 67.464.
In write mode
