Instance name: /home/orlab/CLionProjects/RV-FSTSP/Murray_instances/FSTSP/FSTSP_10_customer_problems/20140810T123443v8
Write arg val: 1
Input is specified as type M: Murray instance.-.-.-.-.-.-.-.-.-.-.-.-.-.-.-.-.-.-.-.-

drone speed: 0.4 miles/minute
uav non-eligible customer: 4 8 
Printing tau:
0 20.1617 17.555 24.7489 26.848 22.0899 22.0816 22.3793 17.0796 19.5667 16.3153 0 
20.1617 0 8.59672 16.5872 14.8463 1.92825 1.9199 7.49765 3.32128 11.405 7.04299 20.1617 
17.555 8.59672 0 25.184 23.443 8.42508 9.39342 16.0944 11.7546 20.0018 15.6397 17.555 
24.7489 16.5872 25.184 0 20.0769 16.7589 15.7905 15.6083 13.4294 5.1822 10.0243 24.7489 
26.848 14.8463 23.443 20.0769 0 15.0179 14.0496 7.34864 11.6884 17.2947 10.5327 26.848 
22.0899 1.92825 8.42508 16.7589 15.0179 0 0.968346 7.66929 5.01036 12.5367 7.21463 22.0899 
22.0816 1.9199 9.39342 15.7905 14.0496 0.968346 0 6.70095 5.00201 12.5283 6.24629 22.0816 
22.3793 7.49765 16.0944 15.6083 7.34864 7.66929 6.70095 0 5.29976 12.8261 6.06403 22.3793 
17.0796 3.32128 11.7546 13.4294 11.6884 5.01036 5.00201 5.29976 0 8.24716 3.8851 17.0796 
19.5667 11.405 20.0018 5.1822 17.2947 12.5367 12.5283 12.8261 8.24716 0 6.76206 19.5667 
16.3153 7.04299 15.6397 10.0243 10.5327 7.21463 6.24629 6.06403 3.8851 6.76206 0 16.3153 
0 0 0 0 0 0 0 0 0 0 0 0 
Printing tau_prime:
0 15.3803 12.4171 18.1433 25.0018 16.6103 16.8501 19.3139 14.4887 15.3968 15.7698 0 
15.3803 0 6.3521 15.0739 11.5134 1.36887 1.46982 5.52869 3.12023 11.0139 5.67443 15.3803 
12.4171 6.3521 0 19.3717 17.8316 6.76563 7.37314 11.8807 8.31856 15.2332 11.0936 12.4171 
18.1433 15.0739 19.3717 0 14.2498 16.055 15.5524 12.7718 11.9711 4.15908 9.54426 18.1433 
25.0018 11.5134 17.8316 14.2498 0 11.1395 10.4907 6.08158 10.7713 12.469 9.269 25.0018 
16.6103 1.36887 6.76563 16.055 11.1395 0 0.684749 5.42687 4.25379 12.0662 6.53442 16.6103 
16.8501 1.46982 7.37314 15.5524 10.4907 0.684749 0 4.74296 3.91122 11.6081 6.01108 16.8501 
19.3139 5.52869 11.8807 12.7718 6.08158 5.42687 4.74296 0 4.8436 9.48094 4.29995 19.3139 
14.4887 3.12023 8.31856 11.9711 10.7713 4.25379 3.91122 4.8436 0 7.89497 2.79983 14.4887 
15.3968 11.0139 15.2332 4.15908 12.469 12.0662 11.6081 9.48094 7.89497 0 5.69004 15.3968 
15.7698 5.67443 11.0936 9.54426 9.269 6.53442 6.01108 4.29995 2.79983 5.69004 0 15.7698 
0 0 0 0 0 0 0 0 0 0 0 0 
---------------------------------------------------------------
Current config:
- Number of threads = 16
- Drone endurance = 20
- SL = 1
- SR = 1
- L = 3
- Allow loop = 0
- Use TSP optimal solution as warmstart: = 0
- Use cutting plane method: = 0
- Use CPLEX conflict refiner: = 0
---------------------------------------------------------------
M value: 691.671
Warning:  Output names have been modified due to duplicate names or characters invalid in LP format.
Version identifier: 22.1.1.0 | 2022-11-28 | 9160aff4d
CPXPARAM_Threads                                 16
CPXPARAM_TimeLimit                               3600
Tried aggregator 2 times.
MIP Presolve eliminated 1088 rows and 500 columns.
MIP Presolve modified 2699 coefficients.
Aggregator did 30 substitutions.
Reduced MIP has 3914 rows, 2914 columns, and 83059 nonzeros.
Reduced MIP has 2738 binaries, 0 generals, 0 SOSs, and 0 indicators.
Presolve time = 0.06 sec. (107.49 ticks)
Probing fixed 60 vars, tightened 0 bounds.
Probing time = 0.04 sec. (122.37 ticks)
Cover probing fixed 6 vars, tightened 0 bounds.
Tried aggregator 2 times.
Detecting symmetries...
MIP Presolve eliminated 160 rows and 78 columns.
MIP Presolve modified 69 coefficients.
Aggregator did 2 substitutions.
Reduced MIP has 3752 rows, 2834 columns, and 71869 nonzeros.
Reduced MIP has 2664 binaries, 0 generals, 0 SOSs, and 0 indicators.
Presolve time = 0.04 sec. (67.80 ticks)
Probing time = 0.01 sec. (7.38 ticks)
Clique table members: 30972.
MIP emphasis: balance optimality and feasibility.
MIP search method: dynamic search.
Parallel mode: deterministic, using up to 16 threads.
Root relaxation solution time = 0.16 sec. (279.28 ticks)

        Nodes                                         Cuts/
   Node  Left     Objective  IInf  Best Integer    Best Bound    ItCnt     Gap

*     0+    0                        58174.0305        0.0000           100.00%
      0     0       56.0326   173    58174.0305       56.0326     3894   99.90%
*     0+    0                          122.0384       56.0326            54.09%
      0     0       59.2934   167      122.0384      Cuts: 51     6060   51.41%
      0     0       59.3819   220      122.0384     Cuts: 143     8497   51.34%
      0     0       59.6829   150      122.0384     Cuts: 143    10018   51.09%
      0     0       59.7594   184      122.0384      Cuts: 77    10564   51.03%
      0     0       59.7730   157      122.0384     Cuts: 117    10750   51.02%
Detecting symmetries...
      0     0       60.0122   178      122.0384      Cuts: 77    11380   50.83%
      0     0       60.1811   186      122.0384     Cuts: 146    11910   50.69%
      0     0       60.3495   197      122.0384     Cuts: 123    12769   50.55%
*     0+    0                          118.8000       60.3495            49.20%
      0     0       60.3673   214      118.8000     Cuts: 155    13167   49.19%
      0     0       60.3914   218      118.8000     Cuts: 109    13542   49.17%
      0     0       60.4075   218      118.8000     Cuts: 144    14280   49.15%
      0     0       60.4195   319      118.8000     Cuts: 111    14882   49.14%
      0     0       60.4226   328      118.8000     Cuts: 112    15032   49.14%
      0     0       60.4325   323      118.8000      Cuts: 77    15413   49.13%
      0     0       60.4489   321      118.8000     Cuts: 159    15618   49.12%
      0     0       60.4580   341      118.8000      Cuts: 76    15860   49.11%
Detecting symmetries...
      0     2       60.4580   335      118.8000       60.4580    15860   49.11%
Elapsed time = 2.77 sec. (5590.63 ticks, tree = 0.02 MB, solutions = 3)
      1     3       60.5072   223      118.8000       60.4581    17092   49.11%
      5     6       60.6335   116      118.8000       60.5072    22379   49.07%
*    10+    2                          106.4846       60.5072            43.18%
     43    13       61.6299    99      106.4846       60.5417    36513   43.15%
*   118+   16                           98.2071       60.5417            38.35%
*   163+   16                           97.0863       60.5417            37.64%
    220    21        cutoff             97.0863       60.5417    52547   37.64%
    455   136       87.3025    84       97.0863       60.8257    76751   37.35%
    686   318       91.4790    55       97.0863       60.8576   110535   37.32%
    856   171       70.7351    66       97.0863       60.8576    88869   37.32%
   1016   476       64.8578   121       97.0863       60.8576   156267   37.32%
   1111   593       61.2218    76       97.0863       60.8576   186287   37.32%
   1316   660        cutoff             97.0863       61.1285   248967   37.04%
Elapsed time = 5.76 sec. (8853.48 ticks, tree = 0.83 MB, solutions = 6)
   1806   901       70.6673   140       97.0863       61.1285   360775   37.04%
   2051  1003       76.5437    86       97.0863       61.1285   441567   37.04%
   2613  1261       68.0402   103       97.0863       61.5744   560702   36.58%
   2985  1508       78.5909    80       97.0863       62.2690   649660   35.86%
   3365  1739       63.7583   126       97.0863       62.3160   759282   35.81%
   3986  2049       86.0472    35       97.0863       62.6671   859915   35.45%
*  4097  2069      integral     0       96.3620       62.6671   860780   34.97%
   4221  2386       73.9308    68       96.3620       63.0942   945296   34.52%
   4669  2635       68.3410   154       96.3620       63.0942  1035659   34.52%
   5027  2978       78.0430    83       96.3620       63.4617  1122110   34.14%
*  5106+ 3139                           91.6152       63.7174            30.45%
*  5167  3002      integral     0       90.8984       63.7174  1202503   29.90%
   5170  3124       82.7640   116       90.8984       63.7174  1187474   29.90%
Elapsed time = 15.90 sec. (18431.36 ticks, tree = 10.96 MB, solutions = 9)
   5529  3096       89.5935    40       90.8984       63.7250  1293253   29.89%
   5832  3414       64.8958   134       90.8984       63.7250  1435649   29.89%
   6027  3453       70.6361   131       90.8984       63.7281  1464001   29.89%
   6211  3630       67.1179   158       90.8984       63.7354  1582766   29.88%
   6448  3732       74.4966   123       90.8984       63.9575  1631494   29.64%

Performing restart 1

Repeating presolve.
Tried aggregator 1 time.
MIP Presolve eliminated 12 rows and 13 columns.
MIP Presolve modified 2235 coefficients.
Reduced MIP has 3740 rows, 2821 columns, and 70693 nonzeros.
Reduced MIP has 2651 binaries, 0 generals, 0 SOSs, and 0 indicators.
Presolve time = 0.03 sec. (47.38 ticks)
Tried aggregator 1 time.
Reduced MIP has 3740 rows, 2821 columns, and 70693 nonzeros.
Reduced MIP has 2651 binaries, 0 generals, 0 SOSs, and 0 indicators.
Presolve time = 0.02 sec. (37.79 ticks)
Represolve time = 0.12 sec. (232.24 ticks)
   6452     0       60.5399   154       90.8984      Cuts: 62  1733569   29.60%
   6452     0       60.5533   160       90.8984      Cuts: 81  1733859   29.60%
   6452     0       60.5910   158       90.8984      Cuts: 50  1734380   29.60%
   6452     0       60.6008   275       90.8984      Cuts: 88  1734662   29.60%
   6452     0       60.6072   275       90.8984      Cuts: 91  1734989   29.60%
   6452     2       60.6072   271       90.8984       63.9923  1734989   29.60%
   6455     2        cutoff             90.8984       63.9923  1736597   29.60%
   6456     5       60.6265   228       90.8984       63.9923  1735486   29.60%
   6468     5       67.4565   107       90.8984       63.9923  1739886   29.60%
   6499    11       73.6259    85       90.8984       63.9923  1742051   29.60%
Elapsed time = 27.47 sec. (36704.84 ticks, tree = 0.02 MB, solutions = 9)
   6588    53       68.7540   142       90.8984       63.9923  1765285   29.60%
   6677   134       65.1833   163       90.8984       63.9923  1796497   29.60%
   6821   228       76.4960   108       90.8984       63.9923  1830029   29.60%
   6887   259       71.7475   158       90.8984       63.9923  1848743   29.60%
   7015   359       90.0212    53       90.8984       63.9923  1897825   29.60%
   7198   461       79.2053   144       90.8984       63.9923  1932417   29.60%
   7543   682       87.4308    31       90.8984       63.9923  1990705   29.60%
   7793   751       88.9282    83       90.8984       63.9923  2011124   29.60%
   7865  1029    infeasible             90.8984       63.9923  2111726   29.60%
   7944  1070       61.3987   186       90.8984       63.9923  2149395   29.60%
Elapsed time = 36.49 sec. (46318.38 ticks, tree = 1.57 MB, solutions = 9)
   8205  1158       63.2078   132       90.8984       63.9923  2179453   29.60%
   8754  1143       71.5385   102       90.8984       63.9923  2180200   29.60%
   9182  1561       80.5634   110       90.8984       63.9923  2258426   29.60%
   9510  1971       85.2676    99       90.8984       63.9923  2338113   29.60%
   9696  2454       81.6033    95       90.8984       63.9923  2495325   29.60%
   9851  2632       86.2659    44       90.8984       63.9923  2589890   29.60%
   9931  2707       80.7610   120       90.8984       63.9923  2639923   29.60%
  10141  2774       74.4316   163       90.8984       63.9923  2679835   29.60%
  10455  2821       88.3063   160       90.8984       63.9923  2692403   29.60%
  10708  3212       88.8578   139       90.8984       63.9923  2859399   29.60%
Elapsed time = 45.80 sec. (55911.59 ticks, tree = 5.85 MB, solutions = 9)
  10993  3344       89.7114    78       90.8984       63.9923  2918901   29.60%
  11129  3520       68.9002   124       90.8984       63.9923  3014798   29.60%
  11241  3653       82.9156   129       90.8984       63.9923  3087859   29.60%
* 11259  3679      integral     0       89.8291       63.9923  3126596   28.76%
  11333  3684       88.1539    40       89.8291       63.9923  3120779   28.76%
  11410  3689       75.2561   111       89.8291       63.9923  3173095   28.76%
  11571  3788       82.3625    96       89.8291       63.9923  3224203   28.76%
  11901  3879       82.8276   160       89.8291       63.9923  3279559   28.76%
  12180  4211       78.1802    87       89.8291       63.9923  3403746   28.76%
  12393  4197       84.2535   150       89.8291       63.9923  3396561   28.76%
  12622  4377    infeasible             89.8291       63.9923  3505339   28.76%
Elapsed time = 54.88 sec. (65487.34 ticks, tree = 10.18 MB, solutions = 10)
  12699  4589       72.2288   195       89.8291       63.9923  3642360   28.76%
  12765  4734       80.4967   158       89.8291       63.9923  3736660   28.76%
  12891  4799       89.6569    41       89.8291       63.9923  3796518   28.76%
  13123  4803       86.8714   182       89.8291       63.9923  3810905   28.76%
  13521  4859       84.6280   125       89.8291       63.9923  3837127   28.76%
  13796  5044       79.9535    98       89.8291       63.9923  3910896   28.76%
  13972  5459       81.7453   199       89.8291       63.9923  4158742   28.76%
  14169  5568       68.1637   165       89.8291       63.9923  4230650   28.76%
  14289  5619       71.9559   155       89.8291       63.9923  4271774   28.76%
  14345  5749       79.3209    79       89.8291       63.9923  4356509   28.76%
Elapsed time = 63.42 sec. (75108.27 ticks, tree = 12.91 MB, solutions = 10)

Performing restart 2

Repeating presolve.
Tried aggregator 1 time.
MIP Presolve eliminated 1 rows and 3 columns.
MIP Presolve modified 8876 coefficients.
Reduced MIP has 3739 rows, 2818 columns, and 78466 nonzeros.
Reduced MIP has 2648 binaries, 0 generals, 0 SOSs, and 0 indicators.
Presolve time = 0.05 sec. (143.31 ticks)
Tried aggregator 2 times.
MIP Presolve eliminated 33 rows and 35 columns.
MIP Presolve modified 54 coefficients.
Aggregator did 1 substitutions.
Reduced MIP has 3705 rows, 2782 columns, and 78000 nonzeros.
Reduced MIP has 2612 binaries, 0 generals, 0 SOSs, and 0 indicators.
Presolve time = 0.04 sec. (71.89 ticks)
Tried aggregator 1 time.
MIP Presolve eliminated 3 rows and 3 columns.
Reduced MIP has 3702 rows, 2779 columns, and 77855 nonzeros.
Reduced MIP has 2609 binaries, 0 generals, 0 SOSs, and 0 indicators.
Presolve time = 0.04 sec. (77.06 ticks)
Represolve time = 0.32 sec. (689.68 ticks)
  14351     0       60.6236   294       89.8291      Cuts: 82  4472582   28.76%
  14351     0       60.6361   283       89.8291      Cuts: 84  4472837   28.76%
  14351     0       60.6390   296       89.8291     Cuts: 108  4473021   28.76%
  14351     0       60.6477   273       89.8291      Cuts: 58  4473236   28.76%
  14351     0       60.6553   297       89.8291     Cuts: 111  4473446   28.76%
  14351     0       60.6595   309       89.8291      Cuts: 37  4473628   28.76%
  14351     0       60.6751   310       89.8291      Cuts: 56  4473890   28.76%
  14351     0       60.6822   304       89.8291      Cuts: 67  4474043   28.76%
  14351     2       60.6822   303       89.8291       63.9923  4474043   28.76%
  14381     9       63.3828   122       89.8291       63.9923  4484880   28.76%
  14499    15       62.3113   215       89.8291       63.9923  4513254   28.76%
  14563    50       62.2358   302       89.8291       63.9923  4564519   28.76%
  14597    92       66.2941   131       89.8291       63.9923  4624109   28.76%
  14647   122       69.8676    61       89.8291       63.9923  4668180   28.76%
  14723   118       75.6540   104       89.8291       63.9923  4675449   28.76%
  14872   215       67.8841    64       89.8291       63.9923  4791556   28.76%
  14911   316       73.1341   118       89.8291       63.9923  4880964   28.76%
  15050   341       81.9653    81       89.8291       63.9923  4913667   28.76%
Elapsed time = 78.89 sec. (105215.36 ticks, tree = 1.47 MB, solutions = 10)
  15286   439       72.7810   130       89.8291       63.9923  4965026   28.76%
  15459   609       67.0600   172       89.8291       63.9923  5025589   28.76%
  15521   727       80.0084    76       89.8291       63.9923  5099822   28.76%
  15602   747        cutoff             89.8291       63.9923  5124713   28.76%
  15670   805       65.8248   202       89.8291       63.9923  5183200   28.76%
  15752   844        cutoff             89.8291       63.9923  5201509   28.76%
  15907   878       74.6842   118       89.8291       63.9923  5243383   28.76%
  16127   970       66.2042    82       89.8291       63.9923  5292046   28.76%
  16311   984       86.7464    92       89.8291       64.3092  5291046   28.41%
  16482  1326       79.8511    91       89.8291       64.3092  5473586   28.41%
Elapsed time = 87.72 sec. (114852.63 ticks, tree = 16.08 MB, solutions = 10)
  16735  1390       80.6444   101       89.8291       64.3092  5530270   28.41%
  16900  1358    infeasible             89.8291       64.3092  5510646   28.41%
  16965  1586       88.5823    75       89.8291       64.3092  5626473   28.41%
  17062  1696       82.3074   112       89.8291       64.3092  5699106   28.41%
  17170  1731       87.0337    51       89.8291       64.3092  5749002   28.41%
  17269  1815       79.7397    88       89.8291       64.3092  5800519   28.41%
  17410  1853       73.1289    99       89.8291       64.4209  5805874   28.29%
  17616  1919        cutoff             89.8291       64.4216  5847454   28.28%
  17872  2000       71.8804   160       89.8291       66.4828  5881317   25.99%
  18625  2673       87.0088    75       89.8291       67.4672  6218674   24.89%
Elapsed time = 98.91 sec. (127351.99 ticks, tree = 50.09 MB, solutions = 10)
  19179  2910        cutoff             89.8291       67.5462  6348072   24.81%
  19912  3556       71.9375    91       89.8291       67.8885  6678056   24.42%
* 19994  3484      integral     0       89.7608       68.4226  6635503   23.77%
  20724  3843       84.9720   128       89.7608       68.4226  6809345   23.77%
  21779  4814       85.1388   108       89.7608       69.1202  7153936   23.00%
  22566  5112        cutoff             89.7608       69.7841  7281184   22.26%
* 22683+ 5350                           87.2590       69.8253            19.98%
  23657  4745       84.7881   134       87.2590       70.1931  7553699   19.56%
  24036  5106       80.7432    96       87.2590       70.5253  7809504   19.18%
  24894  5253       85.7218   257       87.2590       70.7600  7943160   18.91%
* 25333  5740      integral     0       86.9395       70.9455  8226952   18.40%
* 25338  5658      integral     0       86.7260       70.9579  8280880   18.18%
  25770  5706       76.5310   143       86.7260       71.1000  8408963   18.02%
Elapsed time = 132.36 sec. (164830.90 ticks, tree = 124.99 MB, solutions = 14)
* 26667+ 5870                           85.9337       71.3267            17.00%
* 26736  5645      integral     0       83.9337       71.3445  8670639   15.00%
  26741  5927        cutoff             83.9337       71.3445  8549493   15.00%
  27060  4556       71.9458   140       83.9337       71.5401  8867405   14.77%
  27408  4616       74.6932   190       83.9337       71.6932  9025111   14.58%
  27948  4716        cutoff             83.9337       71.9448  9243085   14.28%
  28493  4977       73.9431   127       83.9337       72.1232  9500867   14.07%
  28897  4988       73.1347    61       83.9337       72.3711  9599370   13.78%
  29387  5154       80.3489   110       83.9337       72.5609  9789979   13.55%
  30436  5414       80.5280    73       83.9337       72.9093 10051681   13.13%
  30903  5753       75.2373   132       83.9337       73.0306 10293235   12.99%
  31311  5871       80.1092    96       83.9337       73.2501 10435968   12.73%
Elapsed time = 166.68 sec. (203064.99 ticks, tree = 125.83 MB, solutions = 17)
  32314  6059       83.6623    60       83.9337       73.3487 10615217   12.61%
  32963  6500        cutoff             83.9337       73.4626 10874075   12.48%
  33507  6654       78.5927    62       83.9337       73.7103 11056855   12.18%
  34010  6823       74.6942   147       83.9337       73.8631 11244710   12.00%
* 34044  6840      integral     0       83.1371       73.8983 11255445   11.11%
  34783  6463       79.2228    42       83.1371       73.9120 11397696   11.10%
  36097  6665        cutoff             83.1371       74.1273 11621840   10.84%
  36805  7088       78.7005   110       83.1371       74.2097 11933469   10.74%
  37364  7130       79.1995    64       83.1371       74.3769 12167580   10.54%
  38012  7155        cutoff             83.1371       74.6079 12226861   10.26%
  38628  7235        cutoff             83.1371       74.7729 12429833   10.06%
Elapsed time = 201.08 sec. (241256.50 ticks, tree = 156.55 MB, solutions = 18)
  39251  7273        cutoff             83.1371       74.9945 12638095    9.79%
  39893  7341        cutoff             83.1371       75.2429 12849433    9.50%
  40583  7464        cutoff             83.1371       75.4111 13049933    9.29%
  41283  7510       79.1595    79       83.1371       75.5649 13105550    9.11%
  41997  7725       78.2331    68       83.1371       75.6817 13370840    8.97%
  43204  7783       81.8227   129       83.1371       75.9009 13520296    8.70%
  44014  8132       78.1136    86       83.1371       76.0471 13876016    8.53%
  44675  8244        cutoff             83.1371       76.2493 14056987    8.28%
  45274  8309       83.1311    45       83.1371       76.3495 14155493    8.16%
  45869  8335        cutoff             83.1371       76.5759 14539134    7.89%
Elapsed time = 235.95 sec. (279472.12 ticks, tree = 172.61 MB, solutions = 18)
  46499  8419       81.0258   114       83.1371       76.6792 14694129    7.77%
  47227  8434        cutoff             83.1371       76.8282 14735583    7.59%
  47964  8537       79.5268    61       83.1371       77.0039 14948581    7.38%
  48586  8611       80.1136    50       83.1371       77.1746 15245184    7.17%
  49169  8608        cutoff             83.1371       77.2724 15350832    7.05%
  49767  8592       79.4060    76       83.1371       77.4072 15639100    6.89%
  50555  8602       79.4386    38       83.1371       77.4977 15689289    6.78%
  51312  8635       81.3424   114       83.1371       77.6180 16025395    6.64%
  51952  8698        cutoff             83.1371       77.7596 16196634    6.47%
  52606  8721       78.5907    69       83.1371       77.9326 16383754    6.26%
Elapsed time = 271.17 sec. (317671.16 ticks, tree = 186.87 MB, solutions = 18)
  53409  8706       79.1643    75       83.1371       78.0357 16450944    6.14%
  54191  8711        cutoff             83.1371       78.0539 16596417    6.11%
  55007  8736       80.1969    43       83.1371       78.2653 16983019    5.86%
  55750  8731       79.8703    87       83.1371       78.3530 16959100    5.75%
  56460  8740       79.2408    96       83.1371       78.4878 17405324    5.59%
  57054  8763       80.3413    43       83.1371       78.6153 17470976    5.44%
  57829  8754       79.7655    76       83.1371       78.7106 17698132    5.32%
  58685  8715        cutoff             83.1371       78.8447 17881287    5.16%
  59522  8680        cutoff             83.1371       78.9293 18121757    5.06%
  60422  8681        cutoff             83.1371       79.0017 18131745    4.97%
Elapsed time = 307.39 sec. (355891.24 ticks, tree = 180.61 MB, solutions = 18)
  61205  8700       81.5322    70       83.1371       79.0339 18348626    4.94%
  62072  8677        cutoff             83.1371       79.1267 18635486    4.82%
  62839  8670        cutoff             83.1371       79.1933 18855614    4.74%
  63626  8604        cutoff             83.1371       79.2835 18960390    4.64%
  64244  8605       81.4738    42       83.1371       79.3603 19059851    4.54%
  65054  8534       79.7111    42       83.1371       79.4703 19459951    4.41%
  65809  8437        cutoff             83.1371       79.6205 19678427    4.23%
  66672  8372       80.9191    56       83.1371       79.6438 19777269    4.20%
  67632  8328       81.3269   178       83.1371       79.7730 19994822    4.05%
  68549  8284       81.1351    82       83.1371       79.8666 20121359    3.93%
Elapsed time = 343.25 sec. (394079.89 ticks, tree = 178.95 MB, solutions = 18)
  69586  8269       81.7636   105       83.1371       79.9836 20254472    3.79%
  70686  8212        cutoff             83.1371       80.0791 20564628    3.68%
  71608  8178       80.7850    60       83.1371       80.1405 20626076    3.60%
  72553  8008       80.6269    31       83.1371       80.2977 20944318    3.42%
  73523  7812       81.4389    44       83.1371       80.3460 21114538    3.36%
  74265  7740        cutoff             83.1371       80.4399 21165887    3.24%
  75224  7472        cutoff             83.1371       80.6245 21421861    3.02%
  76193  7269        cutoff             83.1371       80.6269 21614086    3.02%
  77219  7030       82.9521    32       83.1371       80.7928 21829408    2.82%
  78155  6714       82.9763    72       83.1371       80.8714 22113987    2.73%
Elapsed time = 380.92 sec. (432257.46 ticks, tree = 138.76 MB, solutions = 18)
  79094  6702       81.2594     8       83.1371       80.9435 22130083    2.64%
  80396  6569       81.4363    18       83.1371       81.0336 22286030    2.53%
  81633  6233       81.8093    56       83.1371       81.1066 22606459    2.44%
  82934  5816       81.5833    72       83.1371       81.2947 22849433    2.22%
  84135  5568       82.4282    67       83.1371       81.3703 22956056    2.13%
  85271  4878        cutoff             83.1371       81.4880 23233509    1.98%
  86439  4579       82.3884    20       83.1371       81.6463 23417394    1.79%
  87804  4112        cutoff             83.1371       81.8328 23553101    1.57%
  89466  3024       82.2893    32       83.1371       81.9953 23842120    1.37%
  91042  2554        cutoff             83.1371       82.1605 23965155    1.17%
Elapsed time = 420.46 sec. (470474.19 ticks, tree = 34.86 MB, solutions = 18)
  92949  1247        cutoff             83.1371       82.6307 24205373    0.61%

GUB cover cuts applied:  51
Clique cuts applied:  10
Cover cuts applied:  1086
Implied bound cuts applied:  78
Flow cuts applied:  9
Mixed integer rounding cuts applied:  102
Zero-half cuts applied:  118
Lift and project cuts applied:  19
Gomory fractional cuts applied:  2

Root node processing (before b&c):
  Real time             =    2.70 sec. (5455.75 ticks)
Parallel b&c, 16 threads:
  Real time             =  427.07 sec. (472388.25 ticks)
  Sync time (average)   =  176.89 sec.
  Wait time (average)   =    0.02 sec.
                          ------------
Total (root+branch&cut) =  429.77 sec. (477844.00 ticks)
Feasible solution found!
Truck nodes:
Truck at node 0 at stage 1
Truck at node 2 at stage 2
Truck at node 1 at stage 3
Truck at node 8 at stage 4
Truck at node 4 at stage 5
Truck at node 10 at stage 6
Truck at node 9 at stage 7
Truck at node 11 at stage 8

Truck arcs:
Arc 1 connecting 0 and 2 with cost 17.555 
Arc 2 connecting 2 and 1 with cost 8.59672 
Arc 3 connecting 1 and 8 with cost 3.32128 
Arc 4 connecting 8 and 4 with cost 11.6884 
Arc 5 connecting 4 and 10 with cost 10.5327 
Arc 6 connecting 10 and 9 with cost 6.76206 
Arc 7 connecting 9 and 11 with cost 19.5667 
Truck route length: 78.0229
Customer 3 was served by drone!
Customer 5 was served by drone!
Customer 6 was served by drone!
Customer 7 was served by drone!
served customer 5 with st stage 3
start from stage 3 at node 1
end at node 4
end at stage 5
served customer 6 with st stage 3
start from stage 3 at node 1
end at node 4
end at stage 5
served customer 7 with st stage 3
start from stage 3 at node 1
end at node 4
end at stage 5
served customer 3 with st stage 5
start from stage 5 at node 4
end at node 9
end at stage 7
Printing wait:
wait[5][7]== 1.11415
Printing z(k, k') and drone travel time: 
---------------------------------------------------------------
Sortie starts at stage 3 and ends at stage 5
Start node: 1
End node: 4
Customer served in this sortie:5 6 7 
Drone arcs during this sortie:
1-->5, l = 1.36887
5-->6, l = 0.684749
6-->7, l = 4.74296
7-->4, l = 6.08158
Truck arcs during this sortie:
1---8, l = 3.32128
8---4, l = 11.6884
Drone travel time during sortie: 12.8782
Truck travel time during sortie: 15.0097
Wait time for this sortie: 0
---------------------------------------------------------------
---------------------------------------------------------------
Sortie starts at stage 5 and ends at stage 7
Start node: 4
End node: 9
Customer served in this sortie:3 
Drone arcs during this sortie:
3-->9, l = 4.15908
4-->3, l = 14.2498
Truck arcs during this sortie:
4---10, l = 10.5327
10---9, l = 6.76206
Drone travel time during sortie: 18.4089
Truck travel time during sortie: 17.2947
Wait time for this sortie: 1.11415
---------------------------------------------------------------
Printing zl:
zl[3][1] = 1
zl[5][4] = 1
Printing zr:
zr[3][4] = 1
zr[5][9] = 1
Printing zs:
zs[3][5] = 1
zs[3][6] = 1
zs[3][7] = 1
zs[5][3] = 1
Printing x_d:
x_d[1][5] = 1
x_d[3][9] = 1
x_d[4][3] = 1
x_d[5][6] = 1
x_d[6][7] = 1
x_d[7][4] = 1
Done!
Solve time: 429.78
OBJECTIVE VALUE: 83.1371.
In write mode
