Instance name: /home/orlab/CLionProjects/RV-FSTSP/Murray_instances/FSTSP/FSTSP_10_customer_problems/20140810T123437v8
Write arg val: 1
Input is specified as type M: Murray instance.-.-.-.-.-.-.-.-.-.-.-.-.-.-.-.-.-.-.-.-

drone speed: 0.4 miles/minute
uav non-eligible customer: 10 
Printing tau:
0 20.6149 13.856 24.5512 16.9846 21.545 21.069 20.7671 18.9333 7.71706 12.8383 0 
20.6149 0 18.3108 3.93636 13.7595 7.22991 8.18583 7.04774 13.7881 14.0919 12.0132 20.6149 
13.856 18.3108 0 22.2472 4.55136 11.0809 10.125 11.2631 5.10923 6.13892 11.4943 13.856 
24.5512 3.93636 22.2472 0 17.6958 11.1663 12.1222 10.9841 17.7245 18.0283 15.9496 24.5512 
16.9846 13.7595 4.55136 17.6958 0 6.52957 5.57365 6.71174 1.94864 9.26756 8.38296 16.9846 
21.545 7.22991 11.0809 11.1663 6.52957 0 0.955922 0.777831 6.55821 13.8279 12.9433 21.545 
21.069 8.18583 10.125 12.1222 5.57365 0.955922 0 1.13809 5.60229 13.352 12.4674 21.069 
20.7671 7.04774 11.2631 10.9841 6.71174 0.777831 1.13809 0 6.74038 13.0501 12.1655 20.7671 
18.9333 13.7881 5.10923 17.7245 1.94864 6.55821 5.60229 6.74038 0 11.2162 10.3316 18.9333 
7.71706 14.0919 6.13892 18.0283 9.26756 13.8279 13.352 13.0501 11.2162 0 7.2754 7.71706 
12.8383 12.0132 11.4943 15.9496 8.38296 12.9433 12.4674 12.1655 10.3316 7.2754 0 12.8383 
0 0 0 0 0 0 0 0 0 0 0 0 
Printing tau_prime:
0 20.1406 9.84364 24.076 12.7128 17.5864 16.9624 17.1787 14.0158 6.72679 10.9273 0 
20.1406 0 13.8016 3.93636 10.0624 5.15445 5.79716 4.98467 9.82192 13.5081 9.76684 20.1406 
9.84364 13.8016 0 17.4546 3.90533 9.53697 8.79045 9.34402 4.808 5.26714 8.93665 9.84364 
24.076 3.93636 17.4546 0 13.6088 8.1769 8.91833 8.21492 13.1476 17.4415 13.6017 24.076 
12.7128 10.0624 3.90533 13.6088 0 5.6317 4.88611 5.4477 1.37804 6.55737 7.69671 12.7128 
17.5864 5.15445 9.53697 8.1769 5.6317 0 0.755079 0.564892 4.99155 10.9155 9.15697 17.5864 
16.9624 5.79716 8.79045 8.91833 4.88611 0.755079 0 0.832586 4.23953 10.3237 8.86878 16.9624 
17.1787 4.98467 9.34402 8.21492 5.4477 0.564892 0.832586 0 4.93942 10.4863 8.60384 17.1787 
14.0158 9.82192 4.808 13.1476 1.37804 4.99155 4.23953 4.93942 0 7.93396 8.8132 14.0158 
6.72679 13.5081 5.26714 17.4415 6.55737 10.9155 10.3237 10.4863 7.93396 0 5.18237 6.72679 
10.9273 9.76684 8.93665 13.6017 7.69671 9.15697 8.86878 8.60384 8.8132 5.18237 0 10.9273 
0 0 0 0 0 0 0 0 0 0 0 0 
---------------------------------------------------------------
Current config:
- Number of threads = 16
- Drone endurance = 20
- SL = 1
- SR = 1
- L = 3
- Allow loop = 0
- Use TSP optimal solution as warmstart: = 0
- Use cutting plane method: = 0
- Use CPLEX conflict refiner: = 0
---------------------------------------------------------------
M value: 629.737
Warning:  Output names have been modified due to duplicate names or characters invalid in LP format.
Version identifier: 22.1.1.0 | 2022-11-28 | 9160aff4d
CPXPARAM_Threads                                 16
CPXPARAM_TimeLimit                               3600
Tried aggregator 2 times.
MIP Presolve eliminated 1043 rows and 455 columns.
MIP Presolve modified 2646 coefficients.
Aggregator did 30 substitutions.
Reduced MIP has 3959 rows, 2959 columns, and 83692 nonzeros.
Reduced MIP has 2783 binaries, 0 generals, 0 SOSs, and 0 indicators.
Presolve time = 0.06 sec. (105.08 ticks)
Probing fixed 17 vars, tightened 0 bounds.
Probing time = 0.03 sec. (88.77 ticks)
Tried aggregator 1 time.
Detecting symmetries...
MIP Presolve eliminated 7 rows and 17 columns.
MIP Presolve modified 34 coefficients.
Reduced MIP has 3952 rows, 2942 columns, and 83232 nonzeros.
Reduced MIP has 2766 binaries, 0 generals, 0 SOSs, and 0 indicators.
Presolve time = 0.03 sec. (56.28 ticks)
Probing time = 0.01 sec. (8.90 ticks)
Clique table members: 36417.
MIP emphasis: balance optimality and feasibility.
MIP search method: dynamic search.
Parallel mode: deterministic, using up to 16 threads.
Root relaxation solution time = 0.17 sec. (355.00 ticks)

        Nodes                                         Cuts/
   Node  Left     Objective  IInf  Best Integer    Best Bound    ItCnt     Gap

*     0+    0                        58322.1030        0.0000           100.00%
      0     0       21.2426   233    58322.1030       21.2426     4080   99.96%
*     0+    0                          141.2513       21.2426            84.96%
      0     0       22.9104   256      141.2513     Cuts: 101     7857   83.78%
*     0+    0                          125.3914       22.9104            81.73%
      0     0       31.7982   129      125.3914     Cuts: 232    18799   74.35%
      0     0       31.8712   134      125.3914     Cuts: 122    20343   74.35%
*     0+    0                          111.4996       32.1641            71.15%
      0     0  -1.00000e+75     0      111.4996       32.1641    20343   71.15%
      0     0       31.9969   115      111.4996     Cuts: 139    21328   71.15%
      0     0       32.0020   135      111.4996      Cuts: 99    21554   71.15%
Detecting symmetries...
      0     0       32.0020   144      111.4996      Cuts: 26    22415   71.15%
*     0+    0                          101.6655       32.1641            68.36%
Detecting symmetries...
      0     2       32.0020   108      101.6655       32.1641    22415   68.36%
Elapsed time = 3.44 sec. (7252.46 ticks, tree = 0.02 MB, solutions = 5)
      1     3       32.3213   257      101.6655       32.1641    26606   68.36%
      3     4       32.9475   237      101.6655       32.1641    30863   68.36%
*     4+    1                           99.8692       32.1641            67.79%
      5     4       33.0491   240       99.8692       32.1641    33035   67.79%
      6     6       33.1030   258       99.8692       32.1641    39317   67.79%
     11     9       42.0051   103       99.8692       32.1641    44419   67.79%
*    18+    7                           99.7536       32.1641            67.76%
*    18+    6                           92.6692       32.1641            65.29%
*    21+    7                           91.1136       32.1641            64.70%
     23    13       42.0363    90       91.1136       32.1641    47863   64.70%
     35    17       42.5245   139       91.1136       32.1641    55183   64.70%
     50    30       43.6318   109       91.1136       32.1641    63776   64.70%
*    60+   13                           87.6156       32.1641            63.29%
     78    43        cutoff             87.6156       32.2233    84862   63.22%
*   101+   14                           87.0610       32.2233            62.99%
    135    85       38.9527   305       87.0610       32.2234   169432   62.99%
Elapsed time = 6.97 sec. (12253.63 ticks, tree = 0.33 MB, solutions = 14)
    181   109        cutoff             87.0610       32.2234   221102   62.99%
*   211+  130                           76.9091       32.2234            58.10%
    249   155       42.7459   126       76.9091       32.2234   296160   58.10%
    396   243       50.6338    84       76.9091       32.2234   366431   58.10%
    589   252       45.7088    70       76.9091       32.2234   378235   58.10%
    682   380       38.0084   154       76.9091       32.2234   472286   58.10%
    798   480       54.5773    79       76.9091       32.2234   566047   58.10%
    838   501       53.2951    62       76.9091       32.2234   589994   58.10%
    911   598       68.3345    24       76.9091       32.2234   693325   58.10%
   1095   656       42.7761   101       76.9091       32.2234   756889   58.10%
   1308   805       66.1127   112       76.9091       32.2234   817577   58.10%
Elapsed time = 16.79 sec. (21905.19 ticks, tree = 5.75 MB, solutions = 17)
   1554   840       51.5327   115       76.9091       32.2234   823488   58.10%
   1761  1005       46.2714   135       76.9091       32.6715   879314   57.52%
   2096  1219       58.3672    70       76.9091       32.6715   976922   57.52%
   2269  1329       52.1200    82       76.9091       32.6715  1006085   57.52%
   2509  1758       59.3288   100       76.9091       32.6715  1178489   57.52%
   2681  1757       57.1557    62       76.9091       32.6874  1178797   57.50%
*  2735+ 1896                           69.9862       32.7531            53.20%
   2753  1888       53.5515   182       69.9862       34.3182  1326741   50.96%
   2882  1893       46.8202   212       69.9862       34.3182  1334049   50.96%
   3097  1948        cutoff             69.9862       34.3182  1369727   50.96%
   3327  2091       63.8236    48       69.9862       34.3182  1421465   50.96%
Elapsed time = 26.47 sec. (31505.69 ticks, tree = 35.46 MB, solutions = 18)
   3556  2220       50.6295    89       69.9862       34.3182  1516036   50.96%
   3749  2506       58.6837   159       69.9862       34.3182  1635466   50.96%
   3995  2512       48.7525    88       69.9862       34.3182  1634506   50.96%
   4187  2689       46.6865   127       69.9862       34.6725  1743735   50.46%
   4345  2822       58.9223    46       69.9862       34.8072  1790479   50.27%
   4378  2806       43.0891   117       69.9862       34.8072  1788051   50.27%

Performing restart 1

Repeating presolve.
Tried aggregator 1 time.
MIP Presolve eliminated 3 rows and 7 columns.
MIP Presolve modified 2558 coefficients.
Reduced MIP has 3949 rows, 2935 columns, and 82106 nonzeros.
Reduced MIP has 2759 binaries, 0 generals, 0 SOSs, and 0 indicators.
Presolve time = 0.07 sec. (82.64 ticks)
Tried aggregator 1 time.
MIP Presolve eliminated 25 rows and 4 columns.
Reduced MIP has 3924 rows, 2931 columns, and 79055 nonzeros.
Reduced MIP has 2757 binaries, 0 generals, 0 SOSs, and 0 indicators.
Presolve time = 0.03 sec. (47.84 ticks)
Represolve time = 0.21 sec. (313.19 ticks)
*  4380+    0                           69.3639       34.8575            49.75%
   4380     0       32.2032   169       69.3639      Cuts: 45  1961276   49.75%
   4380     0       32.2051   157       69.3639      Cuts: 68  1962284   49.75%
   4380     0       32.3687   300       69.3639     Cuts: 100  1964915   49.75%
   4380     0       32.3689   302       69.3639      Cuts: 49  1965832   49.75%
   4380     0       32.3689   313       69.3639      Cuts: 70  1967070   49.75%
   4380     2       32.3689   298       69.3639       34.8575  1967070   49.75%
   4381     3       32.3689   295       69.3639       34.8575  1967096   49.75%
   4383     4       50.5274    74       69.3639       34.8575  1973846   49.75%
   4390     6       50.5281    61       69.3639       34.8575  1976849   49.75%
Elapsed time = 42.92 sec. (61903.98 ticks, tree = 0.05 MB, solutions = 19)
   4394     9       50.5290    62       69.3639       34.8575  1984758   49.75%
   4400    16       42.5534   104       69.3639       34.8575  1991394   49.75%
   4429    10       32.3710   244       69.3639       34.8575  1985923   49.75%
   4468    30       52.4797    82       69.3639       34.8575  2011601   49.75%
   4530    10       50.0899    48       69.3639       34.8575  1992730   49.75%
   4565    79       53.6767    71       69.3639       34.8575  2061897   49.75%
   4594   127       46.1575    74       69.3639       34.8575  2101939   49.75%
   4630   153       53.8891    63       69.3639       34.8575  2131212   49.75%
   4671   177       43.9615    62       69.3639       34.8575  2155229   49.75%
   4712   193       66.2406   144       69.3639       34.8575  2173428   49.75%
Elapsed time = 52.04 sec. (71733.65 ticks, tree = 1.15 MB, solutions = 19)
   4764   219       64.6473    67       69.3639       34.8575  2191316   49.75%
   4851   250       45.9795   176       69.3639       34.8575  2220790   49.75%
   4936   244       46.2610    96       69.3639       34.8575  2219781   49.75%
   5055   254       43.2514   175       69.3639       34.8575  2220551   49.75%
   5151   358       57.5500    98       69.3639       34.8575  2302528   49.75%
   5269   463       51.4232    51       69.3639       34.8575  2387130   49.75%
   5324   439       43.0580   210       69.3639       34.8575  2366227   49.75%
   5393   622       51.4244   107       69.3639       34.8575  2474234   49.75%
   5517   633       51.4252   101       69.3639       34.8575  2477583   49.75%
   5694   652       46.9222   102       69.3639       34.8575  2509557   49.75%
Elapsed time = 61.28 sec. (81348.96 ticks, tree = 1.96 MB, solutions = 19)
   5944   666       47.4934   168       69.3639       34.8575  2511434   49.75%
   6263  1055       60.7123   134       69.3639       34.8575  2622393   49.75%
   6629   927       48.8030   128       69.3639       34.8575  2583236   49.75%
   6853  1179       68.1088    28       69.3639       34.8575  2648153   49.75%
   7084  1747        cutoff             69.3639       34.8575  2768282   49.75%
   7322  1658       45.8290   108       69.3639       34.8575  2760269   49.75%
   7630  2185       45.8843   108       69.3639       34.8575  2927515   49.75%
   7760  2247       56.5280    76       69.3639       34.8575  2948955   49.75%
   7810  2596       49.7565    70       69.3639       34.8575  3116874   49.75%
   7840  2618       51.2938   174       69.3639       34.8575  3141224   49.75%
Elapsed time = 70.86 sec. (90910.76 ticks, tree = 6.28 MB, solutions = 19)
   7946  2662       50.4232    59       69.3639       34.8575  3167039   49.75%
   8134  2670       45.0880   149       69.3639       34.8575  3215729   49.75%
   8354  2781       45.2462   188       69.3639       34.8575  3234282   49.75%
   8570  2988       45.1959    91       69.3639       34.8575  3319181   49.75%
   8759  3067        cutoff             69.3639       34.8575  3373781   49.75%
   8870  3112       37.7983   178       69.3639       34.8575  3431486   49.75%
   9030  3551       38.9558   168       69.3639       34.8575  3644709   49.75%
   9236  3594       51.7513   106       69.3639       34.8575  3659346   49.75%
   9365  3739       38.3602   187       69.3639       34.8575  3759390   49.75%
   9435  3938       55.1081   120       69.3639       34.8575  3882138   49.75%
Elapsed time = 80.82 sec. (100550.70 ticks, tree = 8.67 MB, solutions = 19)
   9484  4093       45.3882   117       69.3639       34.8575  3962806   49.75%
   9577  4101       42.7448   148       69.3639       34.8575  3997666   49.75%
   9797  4185       57.3137   136       69.3639       34.8575  4059095   49.75%
  10050  4142       44.4343   185       69.3639       34.8575  4044583   49.75%
  10165  4230       50.1101    97       69.3639       34.8575  4092534   49.75%

Performing restart 2

Repeating presolve.
Tried aggregator 1 time.
MIP Presolve modified 12854 coefficients.
Reduced MIP has 3924 rows, 2931 columns, and 88596 nonzeros.
Reduced MIP has 2757 binaries, 0 generals, 0 SOSs, and 0 indicators.
Presolve time = 0.06 sec. (179.72 ticks)
Tried aggregator 1 time.
Reduced MIP has 3924 rows, 2931 columns, and 88596 nonzeros.
Reduced MIP has 2757 binaries, 0 generals, 0 SOSs, and 0 indicators.
Presolve time = 0.03 sec. (56.74 ticks)
Represolve time = 0.19 sec. (424.68 ticks)
  10179     0       32.5779   370       69.3639     Cuts: 218  4296620   49.75%
  10179     0       32.5797   376       69.3639      Cuts: 91  4297986   49.75%
  10179     0       32.5862   377       69.3639     Cuts: 109  4298855   49.75%
  10179     0       32.5881   385       69.3639     Cuts: 114  4299265   49.75%
  10179     0       32.5899   401       69.3639     Cuts: 100  4299711   49.75%
  10179     0       32.5919   403       69.3639      Cuts: 97  4300184   49.75%
  10179     2       32.5919   403       69.3639       34.8575  4300184   49.75%
  10181     3       32.6100   268       69.3639       34.8575  4301835   49.75%
  10184     5       32.7600   298       69.3639       34.8575  4305934   49.75%
  10369    36       42.0801   115       69.3639       34.8575  4340941   49.75%
  10790    32       53.8506   110       69.3639       34.8575  4402904   49.75%
Elapsed time = 96.69 sec. (134466.54 ticks, tree = 0.06 MB, solutions = 19)
  10827    45       45.6637    92       69.3639       34.8575  4414686   49.75%
  10861    80       47.4027    91       69.3639       34.8575  4489813   49.75%
  10918   112        cutoff             69.3639       34.8575  4536685   49.75%
  10987   141       47.1634    84       69.3639       34.8575  4566371   49.75%
  11086   186       44.4685    49       69.3639       34.8575  4614797   49.75%
  11175   288       47.8740   117       69.3639       34.8575  4695522   49.75%
  11272   369       46.3713    60       69.3639       34.8575  4768842   49.75%
  11310   350    infeasible             69.3639       34.8575  4763494   49.75%
  11360   422       52.5773    58       69.3639       34.8575  4847059   49.75%
  12140   843       43.3899    90       69.3639       34.8575  5103160   49.75%
Elapsed time = 108.39 sec. (146952.53 ticks, tree = 1.26 MB, solutions = 19)
  12489  1214       61.6950   151       69.3639       34.8575  5369561   49.75%
  13596  1647       44.5160   117       69.3639       41.9989  5575688   39.45%
  14459  2709       60.5476   142       69.3639       41.9989  6073653   39.45%
  15073  2944       46.9523   113       69.3639       41.9989  6225695   39.45%
  15833  3395       55.7541    59       69.3639       41.9989  6497126   39.45%
  16450  3963    infeasible             69.3639       41.9989  6837309   39.45%
  17617  4793       52.9602   102       69.3639       43.9446  7250722   36.65%
  18354  5540       50.0371    97       69.3639       43.9446  7596673   36.65%
  19272  6097        cutoff             69.3639       44.7753  7890582   35.45%
  19709  6525       59.9852   151       69.3639       44.7841  8158961   35.44%
Elapsed time = 144.03 sec. (185165.15 ticks, tree = 13.90 MB, solutions = 19)
  20836  6946        cutoff             69.3639       44.9108  8365114   35.25%
  21172  7652       46.4792   135       69.3639       44.9441  8739480   35.21%
  22080  7816       58.8429    55       69.3639       45.0510  8884673   35.05%
  23333  8809       62.7304    27       69.3639       45.1032  9303432   34.98%
  23806  9453       45.4791   117       69.3639       45.1099  9675176   34.97%
  24959  9651       60.4866    73       69.3639       45.1351  9818952   34.93%
* 25753 10145      integral     0       63.8579       45.1351 10071029   29.32%
  26314  9634       46.4494   101       63.8579       45.2009 10286981   29.22%
  26644 10181       58.1643    91       63.8579       45.2892 10668217   29.08%
* 27555 10306      integral     0       62.4352       45.3464 10779889   27.37%
  27634 10293       58.1086   127       62.4352       45.3577 10784606   27.35%
  28313 10462       49.1230    79       62.4352       45.4116 11213848   27.27%
Elapsed time = 180.22 sec. (223362.10 ticks, tree = 22.54 MB, solutions = 21)
  28712 10722       57.1230    60       62.4352       45.4334 11493500   27.23%
  29607 10911       56.3605   135       62.4352       45.4582 11641001   27.19%
  30725 11671       53.6869   142       62.4352       45.6428 12042944   26.90%
  31522 11956       50.0043   101       62.4352       45.7732 12279668   26.69%
  31999 12604       54.8977    83       62.4352       45.7828 12674022   26.67%
  33109 12722       61.6975    62       62.4352       45.9271 12801954   26.44%
  34121 13404       61.5832   119       62.4352       46.0299 13224564   26.28%
  34457 14077       56.8910    92       62.4352       46.1032 13644015   26.16%
  35234 14232       57.5464    68       62.4352       46.1032 13769765   26.16%
  36408 14713       61.3198    76       62.4352       46.1032 14061363   26.16%
Elapsed time = 216.77 sec. (261561.21 ticks, tree = 31.84 MB, solutions = 21)
  37693 15333       48.6928   105       62.4352       46.1926 14396025   26.02%
  38240 16070        cutoff             62.4352       46.2764 14781574   25.88%
  38890 16697       58.8887   129       62.4352       46.2882 15149801   25.86%
  40351 17578       52.2078    69       62.4352       46.4637 15530290   25.58%
  41536 17787        cutoff             62.4352       46.5259 15630989   25.48%
  42075 18836       50.8944   134       62.4352       46.5650 16105189   25.42%
  42669 19221       50.5940   106       62.4352       46.5792 16400865   25.40%
  43920 19292       61.2727   108       62.4352       46.5901 16480033   25.38%
  45138 20316       56.9667   125       62.4352       46.6828 17072005   25.23%
  45681 21000       52.8881    93       62.4352       46.7400 17436265   25.14%
Elapsed time = 253.88 sec. (299767.46 ticks, tree = 46.44 MB, solutions = 21)
  46266 21232       55.0359   107       62.4352       46.7562 17634728   25.11%
  47524 21492       51.5829   141       62.4352       46.8380 17883334   24.98%
  48635 22175       54.1473   108       62.4352       46.8786 18220213   24.92%
  49128 22911       51.0704    49       62.4352       46.9116 18681987   24.86%
  49540 23031        cutoff             62.4352       46.9559 18880355   24.79%
  49963 23088        cutoff             62.4352       46.9559 18941592   24.79%
  50965 23337       60.7599    86       62.4352       46.9559 19207467   24.79%
  52068 23560       51.5324    91       62.4352       47.1290 19446089   24.52%
  53055 24602       54.1072    80       62.4352       47.1674 20221840   24.45%
  53542 24828       51.4898   146       62.4352       47.2174 20433128   24.37%
Elapsed time = 289.84 sec. (338019.09 ticks, tree = 55.06 MB, solutions = 21)
  54006 24929       52.8707    93       62.4352       47.2808 20549076   24.27%
  54546 24934        cutoff             62.4352       47.3152 20614665   24.22%
  55327 25288       62.3968    68       62.4352       47.3634 21003801   24.14%
  56296 25452       52.6360    92       62.4352       47.3975 21217623   24.09%
  57031 26110       51.5507    90       62.4352       47.4314 21786165   24.03%
  57499 26431       57.1982   124       62.4352       47.4702 22033871   23.97%
  57948 26646       50.0246   102       62.4352       47.5221 22298402   23.89%
  58361 26808       47.8177   117       62.4352       47.5259 22544698   23.88%
  59321 26990       52.1396   157       62.4352       47.5259 22737515   23.88%
  60745 27381       56.1643    93       62.4352       47.5456 22994705   23.85%
Elapsed time = 326.51 sec. (376271.67 ticks, tree = 60.87 MB, solutions = 21)
  61964 27972       53.4110   126       62.4352       47.5813 23371265   23.79%
  62678 28660       53.5718   138       62.4352       47.5998 23821232   23.76%
  63188 29011       55.0037    89       62.4352       47.6504 24141819   23.68%
  63701 29128       53.6094    59       62.4352       47.6903 24405014   23.62%
  64200 29219       55.7422   140       62.4352       47.7086 24538460   23.59%
  64859 29544       54.3250    50       62.4352       47.8026 24854947   23.44%
  66064 29578       58.5941    87       62.4352       47.8241 24900181   23.40%
  67386 30170       62.0074    97       62.4352       47.8732 25403334   23.32%
  68267 30995        cutoff             62.4352       47.9308 25979438   23.23%
  68802 31137       52.8591   119       62.4352       47.9569 26134595   23.19%
Elapsed time = 362.33 sec. (414491.70 ticks, tree = 69.41 MB, solutions = 21)
  69341 31430       53.7098   109       62.4352       48.0228 26411979   23.08%
  69928 31461        cutoff             62.4352       48.0680 26420003   23.01%
  71157 31794       58.4445    82       62.4352       48.1192 26801907   22.93%
  72521 32230       53.0872   103       62.4352       48.1926 27063454   22.81%
  73526 32691       60.6151    97       62.4352       48.2400 27357926   22.74%
  74156 32927    infeasible             62.4352       48.2688 27490876   22.69%
  74572 34077       53.6583   104       62.4352       48.2975 28206591   22.64%
  75049 34094       59.4107    55       62.4352       48.3373 28235248   22.58%
  75795 34506       56.3916   114       62.4352       48.3567 28633798   22.55%
  76992 34597       50.4533   146       62.4352       48.3567 28715760   22.55%
Elapsed time = 398.59 sec. (452687.18 ticks, tree = 78.66 MB, solutions = 21)
  78274 34713       49.2994   156       62.4352       48.3676 28811152   22.53%
  79479 36059        cutoff             62.4352       48.4726 29846648   22.36%
  80564 36063       56.1613    69       62.4352       48.5012 29862843   22.32%
  81112 36425       53.3623    62       62.4352       48.5295 30070458   22.27%
  81537 37214        cutoff             62.4352       48.5533 30661029   22.23%
  82115 37386       56.0599    88       62.4352       48.6113 30851675   22.14%
  82985 37517       51.6226   110       62.4352       48.6571 30952009   22.07%
  84279 37763       57.8278    79       62.4352       48.7069 31172426   21.99%
  85738 38553       50.8500   129       62.4352       48.7618 31783001   21.90%
  87026 39306       57.0642    41       62.4352       48.8038 32292394   21.83%
Elapsed time = 437.82 sec. (490902.97 ticks, tree = 89.44 MB, solutions = 21)
  87803 38877       55.1069   107       62.4352       48.8229 31994025   21.80%
  88315 40313       57.2583   124       62.4352       48.8749 32959583   21.72%
  88828 40197       53.1407   172       62.4352       48.8965 32829566   21.68%
  89321 40475       49.4176   150       62.4352       48.9456 33117266   21.61%
  89872 40687       56.2730    74       62.4352       48.9767 33364713   21.56%
* 90607+41142                           62.3813       49.0161            21.43%
  90773 40864       56.0715    64       62.3813       49.0161 33527551   21.43%
  92055 41074       53.9994   148       62.3813       49.0441 33746276   21.38%
  93346 41281       60.9686    71       62.3813       49.1020 34052023   21.29%
  94319 41792        cutoff             62.3813       49.1251 34492502   21.25%
  95002 42599        cutoff             62.3813       49.1749 35039892   21.17%
Elapsed time = 474.18 sec. (529084.76 ticks, tree = 97.10 MB, solutions = 22)
  95585 42652       57.4745    90       62.3813       49.2047 35118972   21.12%
  96117 43266       54.8406    77       62.3813       49.2477 35711287   21.05%
  96659 43275       52.7984   108       62.3813       49.2845 35690496   20.99%
  97344 43596       51.7082   208       62.3813       49.3039 36138746   20.96%
  98251 43874       52.8439   135       62.3813       49.3556 36409564   20.88%
  99500 43959       56.4047    62       62.3813       49.3878 36489403   20.83%
 100760 44892       51.8510   158       62.3813       49.4478 37147079   20.73%
 101900 44760        cutoff             62.3813       49.4742 37058806   20.69%
 102618 45371       49.9702   111       62.3813       49.5228 37446690   20.61%
 103055 45950       56.4056    16       62.3813       49.5556 37862493   20.56%
Elapsed time = 511.50 sec. (567299.56 ticks, tree = 105.12 MB, solutions = 22)
 103589 46729       55.0313   106       62.3813       49.6061 38551131   20.48%
 104031 46801       54.3324   139       62.3813       49.6409 38638209   20.42%
 104493 47140       54.0716    78       62.3813       49.6800 38962535   20.36%
 105257 47350       52.6160   153       62.3813       49.7143 39156573   20.31%
 106190 47463       56.7726    78       62.3813       49.7500 39296132   20.25%
 107239 48059       55.9300    39       62.3813       49.7955 39774361   20.18%
 108359 48177       50.5174   140       62.3813       49.8141 39856406   20.15%
 109207 48587       54.6159    91       62.3813       49.8444 40143844   20.10%
 109787 48502       55.2581   161       62.3813       49.8599 40065815   20.07%
 110177 49600       50.6745    93       62.3813       49.8835 40928194   20.03%
Elapsed time = 549.17 sec. (605496.19 ticks, tree = 113.87 MB, solutions = 22)
 110586 49678       58.5982   144       62.3813       49.8895 40987127   20.02%
 110981 49912       60.7644   113       62.3813       49.9007 41325273   20.01%
 111537 49982       51.0065   138       62.3813       49.9671 41415006   19.90%
 112300 50387       56.1782   182       62.3813       49.9858 41904864   19.87%
 113263 50388       57.5720    63       62.3813       50.0034 41908015   19.84%
 114364 50967       55.7866   130       62.3813       50.0034 42328736   19.84%
 115195 51423       50.4582   127       62.3813       50.0034 42666034   19.84%
 115727 51404       55.3851    46       62.3813       50.0324 42651347   19.80%
 116136 52613       54.2228    81       62.3813       50.0324 43524145   19.80%
 116548 52718       56.9283    71       62.3813       50.0664 43675662   19.74%
Elapsed time = 587.00 sec. (643709.23 ticks, tree = 121.29 MB, solutions = 22)
 116935 53067       56.2423    37       62.3813       50.0749 44011951   19.73%
 117585 53184       55.7634    82       62.3813       50.0760 44149738   19.73%
 118377 53137       51.3456    84       62.3813       50.0760 44049255   19.73%
 119199 53382       56.5372   150       62.3813       50.0899 44427696   19.70%
 120143 53790       59.8052    49       62.3813       50.0899 44738839   19.70%
 120907 54625        cutoff             62.3813       50.1309 45351033   19.64%
 121343 54381       54.8665   125       62.3813       50.1458 45195535   19.61%
 121791 55525       55.4132    69       62.3813       50.1769 46201739   19.56%
 122179 55674       54.5114   127       62.3813       50.1911 46420327   19.54%
 122598 55802       50.7166   175       62.3813       50.2074 46589508   19.52%
Elapsed time = 625.06 sec. (681944.85 ticks, tree = 128.60 MB, solutions = 22)
 123258 55791        cutoff             62.3813       50.2346 46572024   19.47%
 123989 56086       50.8939   121       62.3813       50.2408 46848126   19.46%
 124873 56495       61.1930    85       62.3813       50.2621 47201259   19.43%
 125892 56679       58.3270   170       62.3813       50.2863 47335963   19.39%
 127139 57245       55.2385    63       62.3813       50.2945 47848982   19.38%
 127735 57267       57.4981    96       62.3813       50.3250 47869963   19.33%
 128248 57528       57.7124    86       62.3813       50.3400 48053342   19.30%
 128677 58560       56.7777    70       62.3813       50.3666 48802518   19.26%
 129067 58774        cutoff             62.3813       50.3824 49077240   19.23%
 129463 59035       51.2473    87       62.3813       50.4114 49368431   19.19%
Elapsed time = 663.67 sec. (720175.67 ticks, tree = 136.30 MB, solutions = 22)
 130037 59077        cutoff             62.3813       50.4294 49418189   19.16%
 130884 59010       61.8445    63       62.3813       50.4463 49375057   19.13%
 131878 59828       52.1996   108       62.3813       50.4471 50115012   19.13%
 132974 59745       62.2552    66       62.3813       50.4741 50030684   19.09%
 133895 60482    infeasible             62.3813       50.4835 50627821   19.07%
 134629 61009       54.5977    66       62.3813       50.4935 51058199   19.06%
 135101 61157       53.4734    93       62.3813       50.5043 51183265   19.04%
 135500 61857       53.6349    36       62.3813       50.5104 51763776   19.03%
 135937 61724       52.6173    88       62.3813       50.5139 51641311   19.02%
 136388 62017       55.6946    90       62.3813       50.5272 51922939   19.00%
Elapsed time = 702.67 sec. (758378.72 ticks, tree = 143.45 MB, solutions = 22)
 137003 62113       56.0183   124       62.3813       50.5451 52046394   18.97%
 137984 62328       59.0377    74       62.3813       50.5623 52252136   18.95%
 138976 62658       52.5569   162       62.3813       50.5719 52571906   18.93%
 139921 62687        cutoff             62.3813       50.5823 52597097   18.91%
 140734 63891       51.2725    98       62.3813       50.5994 53622663   18.89%
 141603 63756        cutoff             62.3813       50.6107 53484356   18.87%
 142219 64728       57.4705   193       62.3813       50.6356 54344134   18.83%
 142668 64931       54.0831   111       62.3813       50.6601 54563196   18.79%
 143115 64878       56.7737    66       62.3813       50.6690 54546900   18.78%
 143740 65329       56.8415    44       62.3813       50.6972 54978386   18.73%
Elapsed time = 741.35 sec. (796594.47 ticks, tree = 152.00 MB, solutions = 22)
 144532 65357        cutoff             62.3813       50.7053 55004465   18.72%
 145315 65472       57.2430    95       62.3813       50.7230 55127902   18.69%
 146352 65622       52.1625   129       62.3813       50.7415 55227720   18.66%
 147377 65762        cutoff             62.3813       50.7539 55411124   18.64%
 148040 66339       52.7639   114       62.3813       50.7851 55965195   18.59%
 148520 67326       58.0331   121       62.3813       50.7927 56747409   18.58%
 149022 67509       56.1635    76       62.3813       50.8135 56867477   18.54%
 149505 67850       55.1618    73       62.3813       50.8292 57331157   18.52%
 150042 67834        cutoff             62.3813       50.8422 57280330   18.50%
 150551 68154       59.9861    71       62.3813       50.8656 57753448   18.46%
Elapsed time = 778.68 sec. (834794.91 ticks, tree = 161.69 MB, solutions = 22)
 151059 68020        cutoff             62.3813       50.8720 57535736   18.45%
 151795 68280       51.1952   117       62.3813       50.9056 57872926   18.40%
 152839 68684        cutoff             62.3813       50.9245 58403884   18.37%
 153813 68639       60.2253   136       62.3813       50.9440 58315513   18.33%
 154904 68733       53.5415    74       62.3813       50.9676 58457117   18.30%
 155546 68981        cutoff             62.3813       50.9788 58692675   18.28%
 156009 69548       53.2006    79       62.3813       51.0005 59169139   18.24%
 156459 70524       55.5390   113       62.3813       51.0020 60127155   18.24%
 156951 70408       58.5658   135       62.3813       51.0020 59985722   18.24%
 157435 70733       54.7977   112       62.3813       51.0412 60409978   18.18%
Elapsed time = 816.56 sec. (872984.89 ticks, tree = 168.02 MB, solutions = 22)
 157936 70786       60.5915    56       62.3813       51.0499 60450614   18.16%
 158638 70972        cutoff             62.3813       51.0781 60677606   18.12%
 159582 71250       51.3538    67       62.3813       51.0936 61063714   18.09%
 160692 71264       61.4300   139       62.3813       51.1119 61030528   18.07%
 161672 71725       53.3800   140       62.3813       51.1355 61488628   18.03%
 162430 71687        cutoff             62.3813       51.1410 61448954   18.02%
 163110 72779       59.0966   100       62.3813       51.1651 62414971   17.98%
 163570 72689        cutoff             62.3813       51.1800 62369339   17.96%
 164030 72923       56.2947   114       62.3813       51.1921 62565203   17.94%
 164468 73589       58.8077   108       62.3813       51.2175 63440926   17.90%
Elapsed time = 854.53 sec. (911229.95 ticks, tree = 175.02 MB, solutions = 22)
 164998 73440       54.4731    90       62.3813       51.2243 63232428   17.89%
 165412 73618       58.5291   117       62.3813       51.2517 63566192   17.84%
 165870 73801       56.3898   142       62.3813       51.2701 63918358   17.81%
 166296 73810       55.6594   134       62.3813       51.2836 63934575   17.79%
 166980 74243       61.2940    86       62.3813       51.3132 64504750   17.74%
 168009 74232       56.1826   135       62.3813       51.3173 64393594   17.74%
 169055 74561       52.6330   108       62.3813       51.3372 64784071   17.70%
 169942 74850       56.0583    78       62.3813       51.3619 65028159   17.66%
 170620 75501       57.7996   101       62.3813       51.3735 65474370   17.65%
 171169 75649       51.7270    58       62.3813       51.3958 65658971   17.61%
Elapsed time = 892.37 sec. (949533.12 ticks, tree = 180.08 MB, solutions = 22)
 171617 76159       51.7524   115       62.3813       51.4062 66192819   17.59%
 172004 76106       59.1772    74       62.3813       51.4210 66153088   17.57%
 172444 76287       60.9156    45       62.3813       51.4243 66487162   17.56%
 172905 76351       58.9871    59       62.3813       51.4280 66555560   17.56%
 173370 76634       55.5725    64       62.3813       51.4445 67051318   17.53%
 173839 76617       54.6730    32       62.3813       51.4546 67040104   17.52%
 174416 76757       52.3861    76       62.3813       51.4654 67230056   17.50%
 175101 77177       52.5257   133       62.3813       51.4884 67843553   17.46%
 176075 76986       54.7013   126       62.3813       51.4940 67570326   17.45%
 177119 77160       56.2160    64       62.3813       51.5101 67809409   17.43%
Elapsed time = 930.82 sec. (987714.02 ticks, tree = 183.90 MB, solutions = 22)
 177940 77294       61.6567    44       62.3813       51.5266 68073577   17.40%
 178657 78173       51.9567    82       62.3813       51.5414 68918043   17.38%
 179133 78646       56.8051    75       62.3813       51.5510 69373313   17.36%
 179547 78346       59.7104    64       62.3813       51.5598 69140348   17.35%
 180058 78716        cutoff             62.3813       51.5723 69478887   17.33%
 180546 78962        cutoff             62.3813       51.5800 69936034   17.31%
 180918 78972       52.9050   113       62.3813       51.5947 69976461   17.29%
 181396 79072       54.4910    48       62.3813       51.6164 70146551   17.26%
 181912 79256       54.8364   147       62.3813       51.6314 70489993   17.23%
 182624 79552       56.0925    82       62.3813       51.6414 70836059   17.22%
Elapsed time = 968.45 sec. (1025937.55 ticks, tree = 189.82 MB, solutions = 22)
 183527 79505       61.4298    55       62.3813       51.6615 70744529   17.18%
 184517 79700       59.3281   100       62.3813       51.6731 71034946   17.17%
 185457 80226       58.3853   131       62.3813       51.6893 71627143   17.14%
 186230 80886       54.9280    88       62.3813       51.7036 72145106   17.12%
 186900 80466       55.6657    74       62.3813       51.7150 71834512   17.10%
 187464 80912       51.8612    51       62.3813       51.7283 72166217   17.08%
 188010 81370       57.6802   121       62.3813       51.7412 72651031   17.06%
 188518 81772        cutoff             62.3813       51.7520 73273721   17.04%
 189032 81810       54.2024    72       62.3813       51.7648 73352078   17.02%
 189549 81801       54.5565    69       62.3813       51.7775 73400670   17.00%
Elapsed time = 1006.63 sec. (1064157.83 ticks, tree = 195.39 MB, solutions = 22)
 190026 82094       60.5985    56       62.3813       51.7903 73651838   16.98%
 190584 82040       58.2092    95       62.3813       51.8065 73608023   16.95%
 191199 82311       55.9476   133       62.3813       51.8131 74106627   16.94%
 192218 82383       57.4500    48       62.3813       51.8373 74158844   16.90%
 193198 82631       54.9893   121       62.3813       51.8495 74677338   16.88%
 194189 82593       52.3469    51       62.3813       51.8612 74559643   16.86%
 194974 82841       60.1260    65       62.3813       51.8737 74889153   16.84%
 195508 83122       52.3197    41       62.3813       51.8842 75144138   16.83%
 196029 84053       57.7519    96       62.3813       51.8900 75994150   16.82%
 196532 83891       58.6911   100       62.3813       51.9010 75742483   16.80%
Elapsed time = 1044.92 sec. (1102399.77 ticks, tree = 200.70 MB, solutions = 22)
 197017 84293       54.2555   102       62.3813       51.9125 76397147   16.78%
 197514 84316       55.4457   109       62.3813       51.9274 76444446   16.76%
 198020 84553        cutoff             62.3813       51.9429 76736787   16.73%
 198635 84739       54.1193   112       62.3813       51.9595 76897058   16.71%
 199554 84967        cutoff             62.3813       51.9818 77235930   16.67%
 200659 84814       52.2854    51       62.3813       51.9914 76995748   16.66%
 201539 84973       56.9701   104       62.3813       52.0010 77148637   16.64%
 202492 85118       59.9070    90       62.3813       52.0191 77396081   16.61%
 203214 85489       57.4373    30       62.3813       52.0315 77794300   16.59%
 203815 86519       53.6314   142       62.3813       52.0446 78592204   16.57%
Elapsed time = 1084.32 sec. (1140629.54 ticks, tree = 207.40 MB, solutions = 22)
 204213 87018       54.0374   160       62.3813       52.0556 79066845   16.55%
 204675 87098       56.6514    74       62.3813       52.0632 79154061   16.54%
 205101 87117       55.2993    39       62.3813       52.0800 79199636   16.51%
 205606 87564       54.2242    54       62.3813       52.0862 79699844   16.50%
 206303 87704        cutoff             62.3813       52.0957 79816064   16.49%
 207164 87615       57.8554    73       62.3813       52.1147 79747926   16.46%
 208148 87768       52.9808   102       62.3813       52.1271 79924977   16.44%
 208879 87887       54.5325    96       62.3813       52.1373 80098424   16.42%
 209698 89104       55.7760   185       62.3813       52.1511 81100491   16.40%
 210398 89192       59.4494    48       62.3813       52.1586 81174168   16.39%
Elapsed time = 1124.20 sec. (1178800.44 ticks, tree = 213.94 MB, solutions = 22)
 210942 89437       57.2023    25       62.3813       52.1674 81441154   16.37%
 211350 89842       61.3066    84       62.3813       52.1823 81895382   16.35%
 211718 89960        cutoff             62.3813       52.1865 82138592   16.34%
 212108 90067       56.1275    82       62.3813       52.1971 82391548   16.33%
 212476 90165        cutoff             62.3813       52.2066 82502981   16.31%
 212863 90275       55.6963   126       62.3813       52.2150 82650928   16.30%
 213301 90549       58.1023   147       62.3813       52.2318 82975574   16.27%
 213998 90467       54.9800    61       62.3813       52.2404 82888933   16.26%
 214784 90707        cutoff             62.3813       52.2440 83154102   16.25%
 215778 90937       52.8566    61       62.3813       52.2476 83414682   16.24%
Elapsed time = 1163.43 sec. (1217032.11 ticks, tree = 219.93 MB, solutions = 22)
 216651 90820       55.3620    91       62.3813       52.2476 83301705   16.24%
 217468 91533       55.9934   118       62.3813       52.2615 84017054   16.22%
 218010 92126       54.1842    65       62.3813       52.2791 84561091   16.19%
 218496 92414       56.2089   121       62.3813       52.2835 84877473   16.19%
 218862 92759       55.6924   134       62.3813       52.2933 85304557   16.17%
 219242 92640       53.9147    91       62.3813       52.3042 85141703   16.15%
 219633 92959       55.7779    86       62.3813       52.3072 85575162   16.15%
 220079 92936       59.0220   186       62.3813       52.3164 85556218   16.13%
 220488 93231       59.5088    42       62.3813       52.3299 86030597   16.11%
 220897 93233       57.5920   100       62.3813       52.3389 86080176   16.10%
Elapsed time = 1201.15 sec. (1255297.74 ticks, tree = 225.52 MB, solutions = 22)
 221308 93314       57.6388   100       62.3813       52.3541 86303743   16.07%
 221892 93616        cutoff             62.3813       52.3642 86766112   16.06%
 222741 93690        cutoff             62.3813       52.3701 86821790   16.05%
 223800 93783        cutoff             62.3813       52.3865 87040878   16.02%
 224573 94102       52.9654    41       62.3813       52.3945 87281124   16.01%
 225307 93965       60.3090   129       62.3813       52.4025 87189004   16.00%
 225977 95485        cutoff             62.3813       52.4154 88462791   15.98%
 226510 95634       56.3122    68       62.3813       52.4232 88611208   15.96%
 226938 95231       55.9757    97       62.3813       52.4243 88268409   15.96%
 227363 95635       54.9190   113       62.3813       52.4354 88594435   15.94%
Elapsed time = 1241.19 sec. (1293529.42 ticks, tree = 231.57 MB, solutions = 22)
 227833 95846        cutoff             62.3813       52.4416 89008640   15.93%
 228300 96078       52.6895    89       62.3813       52.4517 89334607   15.92%
 228842 95934    infeasible             62.3813       52.4614 89166454   15.90%
 229338 96358       52.6698    93       62.3813       52.4721 89749065   15.88%
 229926 96231       53.7186    34       62.3813       52.4797 89589909   15.87%
 230773 96499        cutoff             62.3813       52.4882 90015040   15.86%
 231407 96515       57.3218    26       62.3813       52.4988 90032845   15.84%
 232181 96651       54.5228   139       62.3813       52.5105 90241869   15.82%
 232738 96989       55.4772    54       62.3813       52.5238 90705704   15.80%
 233286 97592        cutoff             62.3813       52.5317 91341560   15.79%
Elapsed time = 1281.53 sec. (1331729.28 ticks, tree = 236.51 MB, solutions = 22)
 233757 97423       53.4877    66       62.3813       52.5374 91108652   15.78%
 234132 97857       54.7529   101       62.3813       52.5468 91547689   15.77%
 234523 97935       53.0847   115       62.3813       52.5540 91669112   15.75%
 235000 98311       53.0017   117       62.3813       52.5631 92114877   15.74%
 235406 98356       53.9388   101       62.3813       52.5704 92154596   15.73%
 235792 98532       52.6428    63       62.3813       52.5776 92512241   15.72%
 236337 98725       60.4353    82       62.3813       52.5848 92727414   15.70%
 237171 98563       57.5440    66       62.3813       52.5913 92569537   15.69%
 238170 98868       59.3803   121       62.3813       52.5969 92898518   15.68%
 239266 99022       55.4453    30       62.3813       52.6054 93004724   15.67%
Elapsed time = 1320.22 sec. (1369944.81 ticks, tree = 240.12 MB, solutions = 22)
 240411 99587       56.1460    68       62.3813       52.6114 93665622   15.66%
 241192 99465        cutoff             62.3813       52.6164 93562743   15.65%
 241914 100899       56.3917   122       62.3813       52.6270 94795540   15.64%
 242395 100612        cutoff             62.3813       52.6304 94537142   15.63%
 242896 101089        cutoff             62.3813       52.6372 94953919   15.62%
 243398 101264       53.5167    90       62.3813       52.6428 95181677   15.61%
 243790 101515       57.8004   154       62.3813       52.6428 95567207   15.61%
 244359 101379        cutoff             62.3813       52.6513 95370058   15.60%
 244811 101789        cutoff             62.3813       52.6595 96008017   15.58%
 245270 101714       54.3230    52       62.3813       52.6683 95851558   15.57%
Elapsed time = 1358.38 sec. (1408167.02 ticks, tree = 246.85 MB, solutions = 22)
 245843 102002        cutoff             62.3813       52.6809 96365616   15.55%
 246546 102096       54.2400    56       62.3813       52.6939 96597297   15.53%
 247391 102205       59.7283   102       62.3813       52.7046 96798486   15.51%
 248324 102093       56.2331    55       62.3813       52.7124 96611060   15.50%
 249233 102274        cutoff             62.3813       52.7222 96847621   15.48%
 249945 102583       59.4745    39       62.3813       52.7291 97177155   15.47%
 250561 103281        cutoff             62.3813       52.7371 97864165   15.46%
 251046 103418        cutoff             62.3813       52.7458 98005422   15.45%
 251484 103879       55.8802    94       62.3813       52.7522 98611541   15.44%
 252016 103902        cutoff             62.3813       52.7630 98654835   15.42%
Elapsed time = 1396.98 sec. (1446342.18 ticks, tree = 252.41 MB, solutions = 22)
 252575 104025       58.5642   105       62.3813       52.7714 98918069   15.41%
 253096 104208       55.6375    86       62.3813       52.7787 99110818   15.39%
 253522 104170       54.8516   141       62.3813       52.7886 99014719   15.38%
 254032 104481       54.3594    78       62.3813       52.7963 99611609   15.37%
 254410 104327        cutoff             62.3813       52.8026 99343973   15.36%
 254932 104573       58.0751   104       62.3813       52.8123 99814347   15.34%
 255527 104693       55.5230    66       62.3813       52.8216 99919109   15.32%
 256163 104753       59.3640   140       62.3813       52.8291 1.00e+08   15.31%
 256809 104914        cutoff             62.3813       52.8422 1.00e+08   15.29%
 257560 105160       57.1813    96       62.3813       52.8532 1.00e+08   15.27%
Elapsed time = 1437.86 sec. (1484529.63 ticks, tree = 278.04 MB, solutions = 22)
 258129 105401        cutoff             62.3813       52.8609 1.01e+08   15.26%
 258612 105309       56.9557    59       62.3813       52.8694 1.01e+08   15.25%
 259166 106018       55.5150    56       62.3813       52.8750 1.01e+08   15.24%
 259575 105847       60.3091    53       62.3813       52.8826 1.01e+08   15.23%
 260051 106479       57.4936    46       62.3813       52.8909 1.02e+08   15.21%
 260524 106544       55.7730   120       62.3813       52.9009 1.02e+08   15.20%
 260994 106618       56.5660   141       62.3813       52.9038 1.02e+08   15.19%
 261432 106556       53.4992    79       62.3813       52.9103 1.02e+08   15.18%
 261932 107031    infeasible             62.3813       52.9181 1.03e+08   15.17%
 262422 106936        cutoff             62.3813       52.9244 1.03e+08   15.16%
Elapsed time = 1475.78 sec. (1522713.46 ticks, tree = 282.21 MB, solutions = 22)
 263047 107129       53.4723   132       62.3813       52.9297 1.03e+08   15.15%
 263854 107174       53.3736    81       62.3813       52.9372 1.03e+08   15.14%
 264752 107569       53.1985    64       62.3813       52.9439 1.04e+08   15.13%
 265915 107474       55.4246    58       62.3813       52.9507 1.04e+08   15.12%
 266909 107569       56.3205    62       62.3813       52.9571 1.04e+08   15.11%
 267600 107733        cutoff             62.3813       52.9585 1.04e+08   15.11%
 268227 108529       58.0797    89       62.3813       52.9629 1.05e+08   15.10%
 268746 108500        cutoff             62.3813       52.9668 1.05e+08   15.09%
 269181 109398        cutoff             62.3813       52.9668 1.05e+08   15.09%
 269656 109491        cutoff             62.3813       52.9668 1.05e+08   15.09%
Elapsed time = 1516.60 sec. (1560909.59 ticks, tree = 288.17 MB, solutions = 22)
 270114 109566       55.4133    75       62.3813       52.9854 1.06e+08   15.06%
 270589 109487       60.4188    39       62.3813       52.9866 1.05e+08   15.06%
 271075 109757       59.6801    95       62.3813       52.9866 1.06e+08   15.06%
 271641 110064       55.4326    73       62.3813       52.9866 1.06e+08   15.06%
 272265 110199       53.1094    43       62.3813       53.0156 1.07e+08   15.01%
 273091 110119       55.6786    53       62.3813       53.0243 1.07e+08   15.00%
 273978 110271       55.4908   124       62.3813       53.0301 1.07e+08   14.99%
 274898 110863       54.8800   144       62.3813       53.0382 1.07e+08   14.98%
 275574 110649       57.3028    63       62.3813       53.0457 1.07e+08   14.97%
 276080 111330    infeasible             62.3813       53.0569 1.08e+08   14.95%
Elapsed time = 1557.51 sec. (1599127.60 ticks, tree = 292.89 MB, solutions = 22)
 276568 111601       58.4557   148       62.3813       53.0685 1.08e+08   14.93%
 277038 111725       55.2640   113       62.3813       53.0766 1.09e+08   14.92%
 277439 111688       57.2148   120       62.3813       53.0814 1.09e+08   14.91%
 277882 111787       53.6171    94       62.3813       53.0908 1.09e+08   14.89%
 278355 111740       61.4109   131       62.3813       53.0981 1.09e+08   14.88%
 278863 111935       56.9629    49       62.3813       53.1031 1.09e+08   14.87%
 279309 111874       53.4536    79       62.3813       53.1105 1.09e+08   14.86%
 279837 112015       55.6535    96       62.3813       53.1151 1.10e+08   14.85%
 280378 112237       56.2988    58       62.3813       53.1228 1.10e+08   14.84%
 280954 112183       54.9069   108       62.3813       53.1319 1.10e+08   14.83%
Elapsed time = 1594.06 sec. (1637407.63 ticks, tree = 295.02 MB, solutions = 22)
 281458 112265       53.4490    67       62.3813       53.1410 1.10e+08   14.81%
 282119 112594       57.4743    75       62.3813       53.1534 1.10e+08   14.79%
 282883 112748       57.0387   136       62.3813       53.1614 1.11e+08   14.78%
 283819 112918       56.4893    63       62.3813       53.1691 1.11e+08   14.77%
 284885 113025       59.7567    59       62.3813       53.1782 1.11e+08   14.75%
 285956 113057        cutoff             62.3813       53.1834 1.11e+08   14.74%
 286769 113641       56.1970   233       62.3813       53.1907 1.12e+08   14.73%
 287413 114071       53.9014   131       62.3813       53.1976 1.12e+08   14.72%
 287884 114313       56.2337    44       62.3813       53.2007 1.12e+08   14.72%
 288399 114808       54.1093    98       62.3813       53.2065 1.13e+08   14.71%
Elapsed time = 1635.04 sec. (1675641.37 ticks, tree = 301.39 MB, solutions = 22)
 288905 114850        cutoff             62.3813       53.2152 1.13e+08   14.69%
 289415 114851        cutoff             62.3813       53.2185 1.13e+08   14.69%
 289924 114925       53.3241   132       62.3813       53.2246 1.13e+08   14.68%
 290385 115161        cutoff             62.3813       53.2324 1.14e+08   14.67%
 290856 115169        cutoff             62.3813       53.2364 1.14e+08   14.66%
 291245 115325       56.6991   103       62.3813       53.2388 1.14e+08   14.66%
 291733 115574       56.6529    69       62.3813       53.2468 1.14e+08   14.64%
 292179 115445    infeasible             62.3813       53.2558 1.14e+08   14.63%
 292651 115728       54.6028    33       62.3813       53.2639 1.15e+08   14.62%
 293135 115757       58.0114   114       62.3813       53.2663 1.15e+08   14.61%
Elapsed time = 1671.66 sec. (1713909.36 ticks, tree = 303.83 MB, solutions = 22)
 293736 115940       54.2194   122       62.3813       53.2663 1.15e+08   14.61%
 294554 115937       53.4047    90       62.3813       53.2663 1.15e+08   14.61%
 295454 115851        cutoff             62.3813       53.2859 1.15e+08   14.58%
 296519 116395       61.3350   128       62.3813       53.2913 1.16e+08   14.57%
 297569 116115       58.7683    43       62.3813       53.2949 1.15e+08   14.57%
 298300 117274       53.9309   106       62.3813       53.3014 1.17e+08   14.56%
 298799 117196       57.1262   128       62.3813       53.3095 1.17e+08   14.54%
 299299 117296        cutoff             62.3813       53.3125 1.17e+08   14.54%
 299814 117690        cutoff             62.3813       53.3194 1.17e+08   14.53%
 300305 117797       54.0709    72       62.3813       53.3255 1.17e+08   14.52%
Elapsed time = 1711.53 sec. (1752112.56 ticks, tree = 308.76 MB, solutions = 22)
 300821 117887       62.1756    94       62.3813       53.3277 1.17e+08   14.51%
 301302 117953       54.1768   112       62.3813       53.3371 1.17e+08   14.50%
 301890 118149       54.7191    64       62.3813       53.3446 1.18e+08   14.49%
 302544 118620       54.3966    86       62.3813       53.3508 1.18e+08   14.48%
 303323 118660       55.4453    30       62.3813       53.3589 1.18e+08   14.46%
 304354 118724       54.6609    63       62.3813       53.3623 1.18e+08   14.46%
 305339 119256       55.5753    61       62.3813       53.3650 1.19e+08   14.45%
 306412 119948        cutoff             62.3813       53.3727 1.19e+08   14.44%
 307180 119788       54.9291    67       62.3813       53.3811 1.19e+08   14.43%
 307684 119788       54.5079   142       62.3813       53.3893 1.19e+08   14.41%
Elapsed time = 1753.95 sec. (1790315.09 ticks, tree = 313.95 MB, solutions = 22)
 308172 119965       62.2122   100       62.3813       53.3930 1.19e+08   14.41%
 308627 120630       56.3316    98       62.3813       53.3954 1.20e+08   14.40%
 309061 121058       54.3341    69       62.3813       53.3954 1.20e+08   14.40%
 309480 121421       55.5753    64       62.3813       53.3954 1.21e+08   14.40%
 309948 121396       54.4047    85       62.3813       53.3954 1.21e+08   14.40%
 310425 121732        cutoff             62.3813       53.4035 1.21e+08   14.39%
 310987 121508        cutoff             62.3813       53.4073 1.21e+08   14.39%
 311723 121789       53.7381    69       62.3813       53.4111 1.21e+08   14.38%
 312589 121663       54.8225    86       62.3813       53.4167 1.21e+08   14.37%
 313571 122227       53.6699    65       62.3813       53.4189 1.22e+08   14.37%
Elapsed time = 1792.97 sec. (1828532.69 ticks, tree = 319.89 MB, solutions = 22)
 314301 122043       61.8029   136       62.3813       53.4232 1.22e+08   14.36%
 315014 122830       53.7588    96       62.3813       53.4256 1.23e+08   14.36%
 315559 123302       62.1004    54       62.3813       53.4348 1.23e+08   14.34%
 316073 122788       57.9963    89       62.3813       53.4362 1.23e+08   14.34%
 316551 123265       54.2105    64       62.3813       53.4406 1.23e+08   14.33%
 317151 124038       55.6235   121       62.3813       53.4473 1.24e+08   14.32%
 317689 124028       56.4905   137       62.3813       53.4496 1.24e+08   14.32%
 318166 124003       55.2280   153       62.3813       53.4557 1.24e+08   14.31%
 318721 124098       55.5127    55       62.3813       53.4586 1.24e+08   14.30%
 319267 124159       56.3017    37       62.3813       53.4662 1.24e+08   14.29%
Elapsed time = 1829.52 sec. (1866763.55 ticks, tree = 324.79 MB, solutions = 22)
 320021 124795       53.6979   107       62.3813       53.4700 1.25e+08   14.29%
 320805 124522       54.1709    75       62.3813       53.4739 1.24e+08   14.28%
 321848 124924        cutoff             62.3813       53.4783 1.25e+08   14.27%
 322717 124905       57.3690   130       62.3813       53.4822 1.25e+08   14.27%
 323437 125022       57.1449    68       62.3813       53.4883 1.25e+08   14.26%
 324044 125212       58.0277    85       62.3813       53.4964 1.25e+08   14.24%
 324616 125531       60.8787   142       62.3813       53.4997 1.26e+08   14.24%
 325148 126503        cutoff             62.3813       53.5049 1.27e+08   14.23%
 325616 126238       54.1974   147       62.3813       53.5093 1.26e+08   14.22%
 325999 126517        cutoff             62.3813       53.5172 1.27e+08   14.21%
Elapsed time = 1871.38 sec. (1904984.35 ticks, tree = 330.77 MB, solutions = 22)
 326420 126835    infeasible             62.3813       53.5213 1.27e+08   14.20%
 326898 126915        cutoff             62.3813       53.5237 1.27e+08   14.20%
 327371 126927       53.8126    76       62.3813       53.5306 1.27e+08   14.19%
 327805 127239       55.2720   126       62.3813       53.5357 1.28e+08   14.18%
 328299 127204        cutoff             62.3813       53.5413 1.28e+08   14.17%
 328849 127586        cutoff             62.3813       53.5514 1.28e+08   14.15%
 329544 127679        cutoff             62.3813       53.5547 1.28e+08   14.15%
 330653 127618       54.6465   107       62.3813       53.5600 1.28e+08   14.14%
 331512 127792       54.1309    44       62.3813       53.5625 1.28e+08   14.14%
 332007 127897        cutoff             62.3813       53.5692 1.29e+08   14.13%
Elapsed time = 1911.12 sec. (1943173.57 ticks, tree = 334.12 MB, solutions = 22)
 332594 128598       54.7970   119       62.3813       53.5750 1.29e+08   14.12%
 333088 128984       62.3287    60       62.3813       53.5773 1.30e+08   14.11%
 333528 129191    infeasible             62.3813       53.5784 1.30e+08   14.11%
 333961 129319       55.3470   102       62.3813       53.5814 1.30e+08   14.11%
 334333 129336       59.8610    65       62.3813       53.5839 1.30e+08   14.10%
 334748 129466       54.4769    71       62.3813       53.5905 1.31e+08   14.09%
 335154 129667        cutoff             62.3813       53.5924 1.31e+08   14.09%
 335452 129651        cutoff             62.3813       53.5983 1.31e+08   14.08%
 335831 129782        cutoff             62.3813       53.6014 1.31e+08   14.07%
 336375 130079       61.8069    84       62.3813       53.6039 1.31e+08   14.07%
Elapsed time = 1948.93 sec. (1981408.84 ticks, tree = 339.83 MB, solutions = 22)
 336902 130218       54.8886    84       62.3813       53.6094 1.31e+08   14.06%
 337526 130277       56.2762   159       62.3813       53.6117 1.32e+08   14.06%
 338389 130246       53.8893    91       62.3813       53.6183 1.32e+08   14.05%
 339298 130487       57.5370   118       62.3813       53.6205 1.32e+08   14.04%
 340204 130872       53.7955    92       62.3813       53.6260 1.32e+08   14.04%
 340812 130906       58.5627   108       62.3813       53.6323 1.32e+08   14.03%
 341400 131503       61.6289    64       62.3813       53.6349 1.33e+08   14.02%
 341858 132429       55.0287    92       62.3813       53.6411 1.34e+08   14.01%
 342242 131826       56.6189   103       62.3813       53.6425 1.33e+08   14.01%
 342654 132669       58.7451    55       62.3813       53.6451 1.34e+08   14.00%
Elapsed time = 1990.66 sec. (2019603.46 ticks, tree = 346.07 MB, solutions = 22)
 343106 132839       60.6641    41       62.3813       53.6487 1.34e+08   14.00%
 343600 132721        cutoff             62.3813       53.6498 1.34e+08   14.00%
 344074 133068       54.5796    82       62.3813       53.6539 1.35e+08   13.99%
 344669 132933        cutoff             62.3813       53.6564 1.34e+08   13.99%
 345431 133125       54.4714   118       62.3813       53.6591 1.35e+08   13.98%
 346245 133092       56.4268    69       62.3813       53.6640 1.35e+08   13.97%
 347084 133419        cutoff             62.3813       53.6664 1.35e+08   13.97%
 348001 133526       56.8700    60       62.3813       53.6707 1.35e+08   13.96%
 348847 133517       55.7969    58       62.3813       53.6723 1.35e+08   13.96%
 349434 134177        cutoff             62.3813       53.6792 1.36e+08   13.95%
Elapsed time = 2031.81 sec. (2057815.43 ticks, tree = 353.14 MB, solutions = 22)
 349898 134036       54.0250    73       62.3813       53.6820 1.36e+08   13.95%
 350369 134727    infeasible             62.3813       53.6856 1.37e+08   13.94%
 350834 135094        cutoff             62.3813       53.6933 1.37e+08   13.93%
 351307 135104       54.7461    92       62.3813       53.6957 1.37e+08   13.92%
 351810 135212    infeasible             62.3813       53.7004 1.37e+08   13.92%
 352367 135241        cutoff             62.3813       53.7045 1.37e+08   13.91%
 352964 135204        cutoff             62.3813       53.7119 1.37e+08   13.90%
 353477 135282       58.0678    42       62.3813       53.7159 1.38e+08   13.89%
 353958 135602       56.2895    94       62.3813       53.7186 1.38e+08   13.89%
 354409 135781       59.3605   109       62.3813       53.7198 1.38e+08   13.88%
Elapsed time = 2069.11 sec. (2096012.86 ticks, tree = 358.53 MB, solutions = 22)
 354897 135586       59.2318   110       62.3813       53.7268 1.38e+08   13.87%
 355415 135850       53.9951    53       62.3813       53.7326 1.39e+08   13.86%
 355952 136036       54.6263    62       62.3813       53.7370 1.39e+08   13.86%
 356757 136122        cutoff             62.3813       53.7446 1.39e+08   13.85%
 357655 136347       61.8433    90       62.3813       53.7524 1.40e+08   13.83%
 358660 136309        cutoff             62.3813       53.7568 1.39e+08   13.83%
 359712 136355       58.6102   144       62.3813       53.7638 1.40e+08   13.81%
 360546 137314       56.1638    85       62.3813       53.7675 1.41e+08   13.81%
 361149 137388       57.1076    80       62.3813       53.7704 1.41e+08   13.80%
 361723 137069       54.0904    72       62.3813       53.7765 1.40e+08   13.79%
Elapsed time = 2111.13 sec. (2134255.78 ticks, tree = 361.92 MB, solutions = 22)
 362237 137831       57.1667    80       62.3813       53.7830 1.41e+08   13.78%
 362797 137905       61.7976    97       62.3813       53.7886 1.41e+08   13.77%
 363283 137870        cutoff             62.3813       53.7905 1.41e+08   13.77%
 363795 137906       56.1920    62       62.3813       53.7969 1.41e+08   13.76%
 364270 138007       56.5670   119       62.3813       53.7987 1.42e+08   13.76%
 364666 138106       59.0663    57       62.3813       53.8017 1.42e+08   13.75%
 365129 138115       55.4369   106       62.3813       53.8026 1.42e+08   13.75%
 365620 138275        cutoff             62.3813       53.8124 1.42e+08   13.74%
 366010 138467       59.1978    99       62.3813       53.8164 1.43e+08   13.73%
 366402 138381       55.7758    89       62.3813       53.8191 1.43e+08   13.73%
Elapsed time = 2148.19 sec. (2172485.51 ticks, tree = 365.37 MB, solutions = 22)
 366860 138569       54.2777    59       62.3813       53.8294 1.43e+08   13.71%
 367280 138549       55.1977    43       62.3813       53.8350 1.43e+08   13.70%
 367776 138843       59.0338    76       62.3813       53.8403 1.44e+08   13.69%
 368200 138840        cutoff             62.3813       53.8481 1.44e+08   13.68%
 368693 139102       55.1600   116       62.3813       53.8541 1.44e+08   13.67%
 369201 138954       55.3259    86       62.3813       53.8605 1.44e+08   13.66%
 369730 139078       54.0551   130       62.3813       53.8627 1.44e+08   13.66%
 370498 139255       53.9819    70       62.3813       53.8716 1.44e+08   13.64%
 371276 139721       56.6343    69       62.3813       53.8754 1.45e+08   13.64%
 371827 139445       59.8175   225       62.3813       53.8754 1.44e+08   13.64%
Elapsed time = 2191.99 sec. (2210691.31 ticks, tree = 368.12 MB, solutions = 22)
 372382 139895       57.0750    57       62.3813       53.8785 1.45e+08   13.63%
 372846 140653       54.7103    80       62.3813       53.8835 1.46e+08   13.62%
 373270 140678        cutoff             62.3813       53.8862 1.46e+08   13.62%
 373614 140443       54.8134    67       62.3813       53.8884 1.45e+08   13.61%
 373934 141142       54.2090   150       62.3813       53.8947 1.46e+08   13.60%
 374259 141154        cutoff             62.3813       53.8969 1.46e+08   13.60%
 374610 141271        cutoff             62.3813       53.8977 1.47e+08   13.60%
 374939 141280       56.9675   178       62.3813       53.8983 1.47e+08   13.60%
 375439 141320       58.8419    82       62.3813       53.9027 1.47e+08   13.59%
 376012 141834       57.0430    32       62.3813       53.9048 1.47e+08   13.59%
Elapsed time = 2230.32 sec. (2248928.83 ticks, tree = 374.22 MB, solutions = 22)
 376634 141621       56.5679    95       62.3813       53.9061 1.47e+08   13.59%
 377482 142315       60.3965    85       62.3813       53.9126 1.48e+08   13.58%
 378332 142140       55.8747    76       62.3813       53.9142 1.48e+08   13.57%
 379144 142161       54.1071   111       62.3813       53.9168 1.48e+08   13.57%
 380078 142849        cutoff             62.3813       53.9184 1.49e+08   13.57%
 380727 143303        cutoff             62.3813       53.9228 1.49e+08   13.56%
 381229 143816       56.1186    45       62.3813       53.9251 1.49e+08   13.56%
 381730 143312       56.8288    35       62.3813       53.9267 1.49e+08   13.55%
 382218 143450       54.2531    32       62.3813       53.9281 1.49e+08   13.55%
 382629 143997       60.2301    36       62.3813       53.9300 1.50e+08   13.55%
Elapsed time = 2272.79 sec. (2287124.23 ticks, tree = 379.69 MB, solutions = 22)
 383096 144106       54.7048   125       62.3813       53.9310 1.50e+08   13.55%
 383518 144182       54.4766   111       62.3813       53.9322 1.50e+08   13.54%
 383927 144219        cutoff             62.3813       53.9361 1.50e+08   13.54%
 384324 144147       56.5716    68       62.3813       53.9367 1.50e+08   13.54%
 384704 144506        cutoff             62.3813       53.9389 1.51e+08   13.53%
 385091 144602       59.0109    58       62.3813       53.9432 1.51e+08   13.53%
 385468 144859       57.4616    78       62.3813       53.9471 1.51e+08   13.52%
 386018 144906        cutoff             62.3813       53.9514 1.51e+08   13.51%
 386661 144973       58.4061    61       62.3813       53.9538 1.52e+08   13.51%
 387421 145080        cutoff             62.3813       53.9592 1.52e+08   13.50%
Elapsed time = 2313.47 sec. (2325367.75 ticks, tree = 382.44 MB, solutions = 22)
 388300 145532       57.6936    81       62.3813       53.9610 1.52e+08   13.50%
 389155 145634       55.2279    73       62.3813       53.9661 1.52e+08   13.49%
 390108 145714       55.7033   190       62.3813       53.9687 1.52e+08   13.49%
 390803 145940       57.4817   103       62.3813       53.9773 1.53e+08   13.47%
 391424 146662       54.6796   127       62.3813       53.9812 1.53e+08   13.47%
 391863 146756       58.7629    64       62.3813       53.9845 1.53e+08   13.46%
 392298 147246       56.7749    85       62.3813       53.9851 1.54e+08   13.46%
 392719 147424       59.8776   116       62.3813       53.9889 1.54e+08   13.45%
 393247 147458        cutoff             62.3813       53.9910 1.54e+08   13.45%
 393727 147574       57.5713    85       62.3813       53.9910 1.54e+08   13.45%
Elapsed time = 2354.06 sec. (2363613.17 ticks, tree = 388.74 MB, solutions = 22)
 394157 148059       55.7796    69       62.3813       53.9945 1.55e+08   13.44%
 394781 147745        cutoff             62.3813       53.9951 1.54e+08   13.44%
 395522 148121       55.1837    85       62.3813       53.9989 1.55e+08   13.44%
 396207 148025       54.9363    78       62.3813       53.9992 1.55e+08   13.44%
 397202 148449       55.3534   124       62.3813       54.0059 1.55e+08   13.43%
 398113 148623       54.2524   107       62.3813       54.0092 1.56e+08   13.42%
 398816 149046       55.7028   117       62.3813       54.0123 1.56e+08   13.42%
 399471 149242       54.6731    75       62.3813       54.0151 1.56e+08   13.41%
 400035 149153       54.8726    34       62.3813       54.0187 1.56e+08   13.41%
 400501 149927       55.8473    64       62.3813       54.0207 1.57e+08   13.40%
Elapsed time = 2396.37 sec. (2401817.44 ticks, tree = 406.31 MB, solutions = 22)
 400909 150100       57.1223    48       62.3813       54.0224 1.57e+08   13.40%
 401461 150178       56.8876    28       62.3813       54.0283 1.57e+08   13.39%
 401850 150171       55.9941   222       62.3813       54.0292 1.57e+08   13.39%
 402271 150441       56.2174   144       62.3813       54.0326 1.58e+08   13.38%
 402776 150446       56.0627    68       62.3813       54.0330 1.58e+08   13.38%
 403257 150482        cutoff             62.3813       54.0398 1.58e+08   13.37%
 403833 150653        cutoff             62.3813       54.0436 1.58e+08   13.37%
 404334 150849       57.8751    95       62.3813       54.0456 1.58e+08   13.36%
 404875 150890        cutoff             62.3813       54.0467 1.59e+08   13.36%
 405358 150839       54.9262    85       62.3813       54.0512 1.58e+08   13.35%
Elapsed time = 2434.07 sec. (2440069.23 ticks, tree = 414.28 MB, solutions = 22)
 405859 151205        cutoff             62.3813       54.0548 1.59e+08   13.35%
 406380 151071        cutoff             62.3813       54.0562 1.59e+08   13.35%
 407012 151302       57.9799    47       62.3813       54.0635 1.59e+08   13.33%
 407757 151391       57.9236   136       62.3813       54.0665 1.59e+08   13.33%
 408554 151504       54.4814    86       62.3813       54.0699 1.59e+08   13.32%
 409479 151528       56.1649    99       62.3813       54.0708 1.60e+08   13.32%
 410163 151925       54.8021    79       62.3813       54.0774 1.60e+08   13.31%
 410761 152845       54.5263   115       62.3813       54.0774 1.61e+08   13.31%
 411138 152758       58.3058    75       62.3813       54.0823 1.61e+08   13.30%
 411645 153133    infeasible             62.3813       54.0856 1.61e+08   13.30%
Elapsed time = 2475.80 sec. (2478331.68 ticks, tree = 420.08 MB, solutions = 22)
 412181 153249       54.7040    92       62.3813       54.0922 1.61e+08   13.29%
 412669 153395       58.5155   114       62.3813       54.0975 1.62e+08   13.28%
 413087 153473       54.9999    94       62.3813       54.0999 1.62e+08   13.28%
 413519 153422       54.5370    69       62.3813       54.1046 1.62e+08   13.27%
 414006 153603        cutoff             62.3813       54.1087 1.62e+08   13.26%
 414530 153704        cutoff             62.3813       54.1129 1.62e+08   13.25%
 415061 153590        cutoff             62.3813       54.1135 1.62e+08   13.25%
 415552 153933        cutoff             62.3813       54.1167 1.63e+08   13.25%
 416101 153726       54.4909    70       62.3813       54.1184 1.63e+08   13.25%
 416588 154109       56.9967    91       62.3813       54.1216 1.63e+08   13.24%
Elapsed time = 2513.67 sec. (2516570.59 ticks, tree = 422.60 MB, solutions = 22)
 417093 154200       55.5952    46       62.3813       54.1255 1.63e+08   13.23%
 417656 154147        cutoff             62.3813       54.1296 1.63e+08   13.23%
 418133 154283        cutoff             62.3813       54.1358 1.64e+08   13.22%
 418644 154460       56.8090    61       62.3813       54.1371 1.64e+08   13.22%
 419241 154588        cutoff             62.3813       54.1406 1.64e+08   13.21%
 419986 154649       58.9062    67       62.3813       54.1455 1.64e+08   13.20%
 420839 154602       56.2310   136       62.3813       54.1497 1.64e+08   13.20%
 421728 154850        cutoff             62.3813       54.1516 1.65e+08   13.19%
 422778 154713       55.8236    88       62.3813       54.1567 1.64e+08   13.18%
 423601 155024       54.2365   114       62.3813       54.1596 1.65e+08   13.18%
Elapsed time = 2556.79 sec. (2554773.89 ticks, tree = 424.82 MB, solutions = 22)
 424352 154934       55.9943    75       62.3813       54.1627 1.65e+08   13.17%
 425035 155206       54.8916    71       62.3813       54.1649 1.65e+08   13.17%
 425560 156038        cutoff             62.3813       54.1739 1.66e+08   13.16%
 426118 156771        cutoff             62.3813       54.1751 1.67e+08   13.15%
 426653 156820       61.4995    93       62.3813       54.1791 1.67e+08   13.15%
 427115 156914    infeasible             62.3813       54.1829 1.67e+08   13.14%
 427526 157125        cutoff             62.3813       54.1873 1.67e+08   13.14%
 428008 157030       58.9884   154       62.3813       54.1912 1.67e+08   13.13%
 428446 157047       55.9339    90       62.3813       54.1941 1.67e+08   13.12%
 428861 157189        cutoff             62.3813       54.1985 1.67e+08   13.12%
Elapsed time = 2594.91 sec. (2593030.74 ticks, tree = 430.08 MB, solutions = 22)
 429312 157382       60.8845    80       62.3813       54.1985 1.68e+08   13.12%
 429802 157384        cutoff             62.3813       54.1985 1.68e+08   13.12%
 430293 157463       54.4958    70       62.3813       54.1985 1.68e+08   13.12%
 430724 157706       54.7267    78       62.3813       54.2014 1.69e+08   13.11%
 431205 157794        cutoff             62.3813       54.2050 1.69e+08   13.11%
 431772 157916       58.6733   130       62.3813       54.2090 1.69e+08   13.10%
 432427 157708       55.2846    54       62.3813       54.2110 1.68e+08   13.10%
 433239 157988       54.8252   100       62.3813       54.2172 1.69e+08   13.09%
 434163 158222        cutoff             62.3813       54.2189 1.69e+08   13.08%
 435268 158298        cutoff             62.3813       54.2230 1.70e+08   13.08%
Elapsed time = 2636.66 sec. (2631218.32 ticks, tree = 432.88 MB, solutions = 22)
 436144 158157       57.8665    43       62.3813       54.2245 1.69e+08   13.08%
 436966 158594        cutoff             62.3813       54.2304 1.70e+08   13.07%
 437685 158920       55.3930    86       62.3813       54.2329 1.70e+08   13.06%
 438232 159427        cutoff             62.3813       54.2350 1.71e+08   13.06%
 438781 159006       54.3741   104       62.3813       54.2389 1.70e+08   13.05%
 439305 159775       56.0902    56       62.3813       54.2422 1.71e+08   13.05%
 439845 159841       55.2645   107       62.3813       54.2451 1.71e+08   13.04%
 440397 159959       55.7387    52       62.3813       54.2469 1.71e+08   13.04%
 440890 160002       56.8903    48       62.3813       54.2504 1.72e+08   13.03%
 441383 160254       55.4002    85       62.3813       54.2549 1.72e+08   13.03%
Elapsed time = 2675.70 sec. (2669450.92 ticks, tree = 439.58 MB, solutions = 22)
 441842 160119       57.8469    88       62.3813       54.2567 1.72e+08   13.02%
 442316 160458       59.4745   114       62.3813       54.2591 1.73e+08   13.02%
 442805 160418        cutoff             62.3813       54.2631 1.73e+08   13.01%
 443232 160517       58.8992    24       62.3813       54.2667 1.73e+08   13.01%
 443631 160603        cutoff             62.3813       54.2699 1.73e+08   13.00%
 444081 160773       56.3205    73       62.3813       54.2724 1.73e+08   13.00%
 444541 160776       58.0138    64       62.3813       54.2785 1.73e+08   12.99%
 444961 160796       61.3125    82       62.3813       54.2822 1.73e+08   12.98%
 445505 160943       55.4565    30       62.3813       54.2883 1.74e+08   12.97%
 446115 161192       56.9067    45       62.3813       54.2907 1.74e+08   12.97%
Elapsed time = 2714.22 sec. (2707687.32 ticks, tree = 442.01 MB, solutions = 22)
 446920 161270       58.5598   104       62.3813       54.2958 1.74e+08   12.96%
 447837 161268       55.0011   127       62.3813       54.2977 1.74e+08   12.96%
 448731 161308        cutoff             62.3813       54.3019 1.74e+08   12.95%
 449537 161482       61.1738    34       62.3813       54.3030 1.74e+08   12.95%
 450249 161689       58.7677   116       62.3813       54.3092 1.75e+08   12.94%
 450928 161815       57.9808   145       62.3813       54.3125 1.75e+08   12.93%
 451427 162530       61.5650   121       62.3813       54.3159 1.76e+08   12.93%
 451880 163165       56.9676   178       62.3813       54.3189 1.76e+08   12.92%
 452350 162956       54.9715    34       62.3813       54.3205 1.76e+08   12.92%
 452856 163000       58.9186   104       62.3813       54.3216 1.76e+08   12.92%
Elapsed time = 2757.04 sec. (2745890.61 ticks, tree = 446.67 MB, solutions = 22)
 453382 163181       60.2831   114       62.3813       54.3223 1.76e+08   12.92%
 453893 163458       56.4606    63       62.3813       54.3230 1.77e+08   12.92%
 454397 163733       56.7820    97       62.3813       54.3258 1.77e+08   12.91%
 454871 163889        cutoff             62.3813       54.3290 1.78e+08   12.91%
 455407 163664        cutoff             62.3813       54.3303 1.77e+08   12.91%
 455901 163900       59.5597   137       62.3813       54.3329 1.78e+08   12.90%
 456326 163898       54.4993    83       62.3813       54.3354 1.78e+08   12.90%
 456876 164195       56.2645    92       62.3813       54.3380 1.78e+08   12.89%
 457453 164264        cutoff             62.3813       54.3395 1.78e+08   12.89%
 458007 164382        cutoff             62.3813       54.3430 1.79e+08   12.89%
Elapsed time = 2794.64 sec. (2784113.80 ticks, tree = 449.62 MB, solutions = 22)
 458611 164349       59.2618    60       62.3813       54.3469 1.79e+08   12.88%
 459349 164272       58.3500    62       62.3813       54.3509 1.78e+08   12.87%
 460168 164635        cutoff             62.3813       54.3538 1.79e+08   12.87%
 461014 164727       58.2512    50       62.3813       54.3574 1.79e+08   12.86%
 461832 165013       60.7713    92       62.3813       54.3594 1.80e+08   12.86%
 462543 164836       55.5112    57       62.3813       54.3622 1.79e+08   12.86%
 463214 165619       58.5007    90       62.3813       54.3648 1.80e+08   12.85%
 463722 165792       54.4243   122       62.3813       54.3698 1.81e+08   12.84%
 464109 165551       60.3642   102       62.3813       54.3703 1.80e+08   12.84%
 464632 166181        cutoff             62.3813       54.3737 1.81e+08   12.84%
Elapsed time = 2839.74 sec. (2822309.19 ticks, tree = 453.67 MB, solutions = 22)
 465025 165827       56.5222   147       62.3813       54.3779 1.81e+08   12.83%
 465404 166380       57.1277    50       62.3813       54.3821 1.81e+08   12.82%
 465792 166253        cutoff             62.3813       54.3869 1.81e+08   12.82%
 466143 166447       57.6874    20       62.3813       54.3904 1.82e+08   12.81%
 466567 166567        cutoff             62.3813       54.3925 1.82e+08   12.81%
 466918 166489       55.4161    70       62.3813       54.3976 1.82e+08   12.80%
 467344 166649       59.2013    91       62.3813       54.3989 1.82e+08   12.80%
 467760 166800        cutoff             62.3813       54.4032 1.82e+08   12.79%
 468135 167068        cutoff             62.3813       54.4061 1.83e+08   12.78%
 468737 167166       58.3732    56       62.3813       54.4113 1.83e+08   12.78%
Elapsed time = 2878.81 sec. (2860530.95 ticks, tree = 459.67 MB, solutions = 22)
 469322 167153       55.7541    52       62.3813       54.4131 1.83e+08   12.77%
 470080 167245       60.1406    66       62.3813       54.4178 1.83e+08   12.77%
 470772 167270       58.4996    47       62.3813       54.4184 1.83e+08   12.76%
 471419 167347       55.2213    76       62.3813       54.4218 1.83e+08   12.76%
 472102 167772    infeasible             62.3813       54.4242 1.84e+08   12.76%
 472649 168090        cutoff             62.3813       54.4292 1.84e+08   12.75%
 473325 167927        cutoff             62.3813       54.4309 1.84e+08   12.74%
 473854 168799       54.9762   103       62.3813       54.4364 1.85e+08   12.74%
 474307 168459        cutoff             62.3813       54.4379 1.84e+08   12.73%
 474813 168883       54.9905    52       62.3813       54.4389 1.85e+08   12.73%
Elapsed time = 2922.03 sec. (2898739.52 ticks, tree = 464.22 MB, solutions = 22)
 475325 169168       61.7510    53       62.3813       54.4394 1.85e+08   12.73%
 475745 169147       56.4281   107       62.3813       54.4415 1.85e+08   12.73%
 476135 169324       54.8708   125       62.3813       54.4430 1.86e+08   12.73%
 476523 169443       54.6852   100       62.3813       54.4451 1.86e+08   12.72%
 476904 169428       61.7007   117       62.3813       54.4459 1.86e+08   12.72%
 477411 169724       57.8113    59       62.3813       54.4495 1.86e+08   12.72%
 477891 169850       55.7239   156       62.3813       54.4503 1.87e+08   12.71%
 478376 169761       58.5694   144       62.3813       54.4534 1.86e+08   12.71%
 478970 169930       54.8569    64       62.3813       54.4553 1.87e+08   12.71%
 479599 170179       56.6719    72       62.3813       54.4588 1.87e+08   12.70%
Elapsed time = 2962.63 sec. (2937009.20 ticks, tree = 467.40 MB, solutions = 22)
 480358 170265       60.3843    77       62.3813       54.4622 1.87e+08   12.69%
 481294 170358       62.3031    88       62.3813       54.4645 1.87e+08   12.69%
 482029 170421       55.6329    90       62.3813       54.4657 1.87e+08   12.69%
 482857 170617        cutoff             62.3813       54.4684 1.88e+08   12.68%
 483534 171744        cutoff             62.3813       54.4710 1.89e+08   12.68%
 484061 172137       58.3472    89       62.3813       54.4748 1.89e+08   12.67%
 484418 172046       57.2935    93       62.3813       54.4758 1.89e+08   12.67%
 484746 171955       56.2001    62       62.3813       54.4763 1.89e+08   12.67%
 485156 172499        cutoff             62.3813       54.4809 1.90e+08   12.66%
 485645 172510       55.6926    84       62.3813       54.4846 1.90e+08   12.66%
Elapsed time = 3005.37 sec. (2975243.77 ticks, tree = 472.57 MB, solutions = 22)
 486029 172696       57.3808    95       62.3813       54.4858 1.90e+08   12.66%
 486437 172906       57.1310    26       62.3813       54.4886 1.90e+08   12.65%
 486788 172595        cutoff             62.3813       54.4907 1.90e+08   12.65%
 487162 172761       56.8241    64       62.3813       54.4952 1.90e+08   12.64%
 487553 172802       55.0869    50       62.3813       54.4964 1.90e+08   12.64%
 488038 172964        cutoff             62.3813       54.4996 1.90e+08   12.63%
 488630 173292        cutoff             62.3813       54.5015 1.91e+08   12.63%
 489452 173617        cutoff             62.3813       54.5051 1.91e+08   12.63%
 490170 173410       56.3246    57       62.3813       54.5058 1.91e+08   12.62%
 490947 173461       55.0612   105       62.3813       54.5079 1.91e+08   12.62%
Elapsed time = 3048.24 sec. (3013470.49 ticks, tree = 474.91 MB, solutions = 22)
 491901 173692       58.1909    90       62.3813       54.5090 1.91e+08   12.62%
 492748 174143       61.8062    57       62.3813       54.5108 1.92e+08   12.62%
 493564 173864       59.9190   114       62.3813       54.5127 1.92e+08   12.61%
 494166 174164        cutoff             62.3813       54.5161 1.92e+08   12.61%
 494642 175284       60.9243    75       62.3813       54.5168 1.93e+08   12.61%
 495139 174850       58.0495    68       62.3813       54.5182 1.93e+08   12.60%
 495672 175846       57.0922   122       62.3813       54.5212 1.94e+08   12.60%
 496129 175699       59.1982    70       62.3813       54.5242 1.94e+08   12.60%
 496643 175710    infeasible             62.3813       54.5251 1.94e+08   12.59%
 497078 176230       55.3544    64       62.3813       54.5276 1.94e+08   12.59%
Elapsed time = 3090.42 sec. (3051707.11 ticks, tree = 481.81 MB, solutions = 22)
 497619 176111        cutoff             62.3813       54.5286 1.94e+08   12.59%
 498137 176434        cutoff             62.3813       54.5302 1.95e+08   12.59%
 498635 176464       54.9054    53       62.3813       54.5318 1.95e+08   12.58%
 499151 176478       55.7541    33       62.3813       54.5322 1.95e+08   12.58%
 499659 176390       56.9373   120       62.3813       54.5340 1.95e+08   12.58%
 500131 176712       55.3982    92       62.3813       54.5374 1.95e+08   12.57%
 500606 176737       56.4255   103       62.3813       54.5393 1.95e+08   12.57%
 501371 177067       56.4392    55       62.3813       54.5429 1.96e+08   12.57%
 502044 177095       57.8473   104       62.3813       54.5454 1.96e+08   12.56%
 502819 177225        cutoff             62.3813       54.5485 1.96e+08   12.56%
Elapsed time = 3132.44 sec. (3089920.18 ticks, tree = 484.62 MB, solutions = 22)
 503890 177469       54.9322   100       62.3813       54.5519 1.96e+08   12.55%
 504702 177329       55.5874    52       62.3813       54.5550 1.96e+08   12.55%
 505413 177919       57.1862    73       62.3813       54.5583 1.97e+08   12.54%
 506103 177670       60.3532   152       62.3813       54.5597 1.97e+08   12.54%
 506639 177596       55.8597   126       62.3813       54.5642 1.97e+08   12.53%
 507185 177850       55.0779    75       62.3813       54.5681 1.97e+08   12.52%
 507647 178710        cutoff             62.3813       54.5703 1.98e+08   12.52%
 508126 178583        cutoff             62.3813       54.5716 1.98e+08   12.52%
 508581 178709        cutoff             62.3813       54.5735 1.98e+08   12.52%
 509012 179014       55.8652   111       62.3813       54.5759 1.99e+08   12.51%
Elapsed time = 3173.48 sec. (3128198.96 ticks, tree = 489.14 MB, solutions = 22)
 509527 179119        cutoff             62.3813       54.5795 1.99e+08   12.51%
 510008 179102        cutoff             62.3813       54.5803 1.99e+08   12.51%
 510483 179098        cutoff             62.3813       54.5849 1.99e+08   12.50%
 510963 179174       54.7978    53       62.3813       54.5855 1.99e+08   12.50%
 511452 179319        cutoff             62.3813       54.5897 1.99e+08   12.49%
 511964 179239       56.8336    84       62.3813       54.5912 1.99e+08   12.49%
 512412 179516       59.5055    95       62.3813       54.5948 2.00e+08   12.48%
 512945 179505        cutoff             62.3813       54.5955 2.00e+08   12.48%
 513399 179841       57.6003   129       62.3813       54.5964 2.00e+08   12.48%
 513909 179827       57.0742    68       62.3813       54.5964 2.00e+08   12.48%
Elapsed time = 3211.53 sec. (3166377.40 ticks, tree = 491.39 MB, solutions = 22)
 514617 180106       61.3456    28       62.3813       54.5964 2.01e+08   12.48%
 515324 179763       55.9864    92       62.3813       54.6096 2.00e+08   12.46%
 516176 180175       57.3321    57       62.3813       54.6125 2.01e+08   12.45%
 517172 180182       58.5103    76       62.3813       54.6144 2.01e+08   12.45%
 518364 180463       57.7360    49       62.3813       54.6179 2.01e+08   12.45%
 519330 180324       55.5667   138       62.3813       54.6213 2.01e+08   12.44%
Starting limited solution polishing.
 520241 180691       55.7433    89       62.3813       54.6245 2.02e+08   12.43%
 520996 180833       55.2530   114       62.3813       54.6262 2.02e+08   12.43%
 521682 181240       58.7719    83       62.3813       54.6303 2.02e+08   12.43%
 522202 181837       57.1230    50       62.3813       54.6319 2.03e+08   12.42%
Elapsed time = 3255.03 sec. (3204574.46 ticks, tree = 496.67 MB, solutions = 22)
 522732 181849       56.2319   109       62.3813       54.6349 2.03e+08   12.42%
 523306 182098        cutoff             62.3813       54.6385 2.03e+08   12.41%
 523838 182227       56.8498    63       62.3813       54.6403 2.04e+08   12.41%
 524302 182108       56.0287    85       62.3813       54.6431 2.03e+08   12.40%
 524843 182103       55.0261   139       62.3813       54.6467 2.03e+08   12.40%
 525382 182485       56.3842    80       62.3813       54.6515 2.04e+08   12.39%
 525968 182603       57.9340   148       62.3813       54.6534 2.04e+08   12.39%
 526552 182803        cutoff             62.3813       54.6560 2.05e+08   12.38%
 526977 182496       58.9837   154       62.3813       54.6574 2.04e+08   12.38%
 527532 183009        cutoff             62.3813       54.6612 2.05e+08   12.38%
Elapsed time = 3292.60 sec. (3242794.87 ticks, tree = 499.69 MB, solutions = 22)
 528086 183034        cutoff             62.3813       54.6632 2.05e+08   12.37%
 528604 183054        cutoff             62.3813       54.6692 2.05e+08   12.36%
 529013 183158        cutoff             62.3813       54.6707 2.05e+08   12.36%
 529600 183058       59.3143    85       62.3813       54.6776 2.05e+08   12.35%
 530094 183079       57.7156   111       62.3813       54.6785 2.05e+08   12.35%
 530765 183491       57.3028    71       62.3813       54.6822 2.06e+08   12.34%
 531680 183601       56.2895    74       62.3813       54.6853 2.06e+08   12.34%
 532527 183518       54.9179    31       62.3813       54.6916 2.06e+08   12.33%
 533457 183832       56.9958   141       62.3813       54.6930 2.07e+08   12.32%
 534302 183912        cutoff             62.3813       54.6952 2.07e+08   12.32%
Elapsed time = 3336.79 sec. (3280974.27 ticks, tree = 502.03 MB, solutions = 22)
 534876 184025       57.1198   117       62.3813       54.6976 2.07e+08   12.32%
 535430 184330       59.8926    75       62.3813       54.7011 2.07e+08   12.31%
 535909 184840       55.8446    85       62.3813       54.7050 2.08e+08   12.31%
 536401 184935       57.5070   145       62.3813       54.7074 2.08e+08   12.30%
 536831 184949       54.8886    57       62.3813       54.7099 2.08e+08   12.30%
 537184 184836        cutoff             62.3813       54.7116 2.08e+08   12.29%
 537532 185072       60.3884    42       62.3813       54.7139 2.08e+08   12.29%
 538005 185212       60.9780    87       62.3813       54.7145 2.09e+08   12.29%
 538376 185219       54.8477    65       62.3813       54.7178 2.09e+08   12.28%
 538757 185275       59.6102    71       62.3813       54.7186 2.09e+08   12.28%
Elapsed time = 3376.33 sec. (3319205.55 ticks, tree = 505.77 MB, solutions = 22)
 539100 185367        cutoff             62.3813       54.7188 2.09e+08   12.28%
 539518 185367        cutoff             62.3813       54.7188 2.09e+08   12.28%
 539919 185383       59.0631    24       62.3813       54.7188 2.09e+08   12.28%
 540256 185435    infeasible             62.3813       54.7188 2.09e+08   12.28%
 540622 185595        cutoff             62.3813       54.7343 2.10e+08   12.26%
 541051 185739        cutoff             62.3813       54.7350 2.10e+08   12.26%
 541509 185879       61.1710    58       62.3813       54.7361 2.10e+08   12.26%
 541973 185892        cutoff             62.3813       54.7381 2.11e+08   12.25%
 542389 186038       57.3196   132       62.3813       54.7453 2.11e+08   12.24%
 542815 186048       56.4544   131       62.3813       54.7480 2.11e+08   12.24%
Elapsed time = 3416.82 sec. (3357441.24 ticks, tree = 511.48 MB, solutions = 22)
 543253 185997       55.5318    90       62.3813       54.7499 2.11e+08   12.23%
 543771 186225       55.4631    77       62.3813       54.7505 2.11e+08   12.23%
 544227 186078       58.5440    49       62.3813       54.7521 2.11e+08   12.23%
 544721 186218       62.2109    81       62.3813       54.7541 2.11e+08   12.23%
 545300 186478       56.8245    79       62.3813       54.7549 2.12e+08   12.23%
 546012 186491       55.3448   151       62.3813       54.7574 2.12e+08   12.22%
 546807 186519        cutoff             62.3813       54.7603 2.12e+08   12.22%
 547546 187096       56.3366    73       62.3813       54.7606 2.12e+08   12.22%
 548283 187248       57.5146    51       62.3813       54.7647 2.13e+08   12.21%
 549334 186803        cutoff             62.3813       54.7668 2.12e+08   12.21%
Elapsed time = 3459.97 sec. (3395677.77 ticks, tree = 513.46 MB, solutions = 22)
 550065 187296       56.7399    58       62.3813       54.7680 2.13e+08   12.20%
 550767 188224    infeasible             62.3813       54.7724 2.14e+08   12.20%
 551476 187760        cutoff             62.3813       54.7733 2.13e+08   12.20%
 551884 188099       55.6256   117       62.3813       54.7746 2.13e+08   12.19%
 552330 188921       55.5223    74       62.3813       54.7787 2.14e+08   12.19%
 552757 188323       58.2398    98       62.3813       54.7811 2.14e+08   12.18%
 553241 188567       58.8361    56       62.3813       54.7844 2.14e+08   12.18%
 553705 188932       57.8508   125       62.3813       54.7876 2.14e+08   12.17%
 554188 189015       61.8547    80       62.3813       54.7909 2.14e+08   12.17%
 554615 189128        cutoff             62.3813       54.7941 2.15e+08   12.16%
Elapsed time = 3498.91 sec. (3433939.30 ticks, tree = 519.13 MB, solutions = 22)
 555060 189266        cutoff             62.3813       54.7941 2.15e+08   12.16%
 555507 189400       55.0814   114       62.3813       54.7941 2.15e+08   12.16%
 555968 189546       55.5882    75       62.3813       54.7949 2.16e+08   12.16%
 556438 189398       55.7956   142       62.3813       54.7969 2.15e+08   12.16%
 556939 189766       62.3746    55       62.3813       54.7969 2.16e+08   12.16%
 557364 189738       56.1799    78       62.3813       54.7971 2.16e+08   12.16%
 557829 189649       54.8515    66       62.3813       54.8011 2.16e+08   12.15%
 558352 189888       57.2852    70       62.3813       54.8023 2.16e+08   12.15%
 558869 189833       59.3822    62       62.3813       54.8052 2.16e+08   12.14%
 559455 190064        cutoff             62.3813       54.8080 2.17e+08   12.14%
Elapsed time = 3538.03 sec. (3472231.24 ticks, tree = 521.67 MB, solutions = 22)
 559990 190090       54.8940    66       62.3813       54.8080 2.17e+08   12.14%
 560539 189987       56.1677    42       62.3813       54.8080 2.17e+08   12.14%
 561209 190055       54.8910   109       62.3813       54.8080 2.17e+08   12.14%
 561877 190255        cutoff             62.3813       54.8177 2.17e+08   12.12%
 562493 190264       61.5930    75       62.3813       54.8204 2.17e+08   12.12%
 562954 190569        cutoff             62.3813       54.8216 2.18e+08   12.12%
 563456 190435       55.0584   101       62.3813       54.8255 2.18e+08   12.11%
 563898 190586       60.0650    12       62.3813       54.8284 2.18e+08   12.11%
 564412 191205    infeasible             62.3813       54.8296 2.19e+08   12.11%
 564878 191116        cutoff             62.3813       54.8316 2.19e+08   12.10%
Elapsed time = 3576.88 sec. (3510463.68 ticks, tree = 524.36 MB, solutions = 22)
 565358 191224        cutoff             62.3813       54.8330 2.19e+08   12.10%
 565801 191354        cutoff             62.3813       54.8354 2.19e+08   12.10%
 566270 191307        cutoff             62.3813       54.8379 2.19e+08   12.09%
 566708 191385       56.5480    94       62.3813       54.8393 2.19e+08   12.09%
 567154 191457        cutoff             62.3813       54.8420 2.20e+08   12.09%
 567561 191504       55.3942    73       62.3813       54.8450 2.20e+08   12.08%
 567825 191559       55.9202    78       62.3813       54.8450 2.20e+08   12.08%
 567862 191389       56.1685    92       62.3813       54.8450 2.19e+08   12.08%

GUB cover cuts applied:  103
Clique cuts applied:  10
Cover cuts applied:  2006
Implied bound cuts applied:  101
Flow cuts applied:  11
Mixed integer rounding cuts applied:  310
Zero-half cuts applied:  87
Lift and project cuts applied:  21
Gomory fractional cuts applied:  5

Root node processing (before b&c):
  Real time             =    3.36 sec. (7037.67 ticks)
Parallel b&c, 16 threads:
  Real time             = 3596.65 sec. (3540417.71 ticks)
  Sync time (average)   = 1506.42 sec.
  Wait time (average)   =    0.02 sec.
                          ------------
Total (root+branch&cut) = 3600.02 sec. (3547455.38 ticks)
Feasible solution found!
Truck nodes:
Truck at node 0 at stage 1
Truck at node 9 at stage 2
Truck at node 4 at stage 3
Truck at node 6 at stage 4
Truck at node 5 at stage 5
Truck at node 7 at stage 6
Truck at node 1 at stage 7
Truck at node 10 at stage 8
Truck at node 11 at stage 9

Truck arcs:
Arc 1 connecting 0 and 9 with cost 7.71706 
Arc 2 connecting 9 and 4 with cost 9.26756 
Arc 3 connecting 4 and 6 with cost 5.57365 
Arc 4 connecting 6 and 5 with cost 0.955922 
Arc 5 connecting 5 and 7 with cost 0.777831 
Arc 6 connecting 7 and 1 with cost 7.04774 
Arc 7 connecting 1 and 10 with cost 12.0132 
Arc 8 connecting 10 and 11 with cost 12.8383 
Truck route length: 56.1913
Customer 2 was served by drone!
Customer 3 was served by drone!
Customer 8 was served by drone!
served customer 2 with st stage 1
start from stage 1 at node 0
end at node 4
end at stage 3
served customer 8 with st stage 1
start from stage 1 at node 0
end at node 4
end at stage 3
served customer 3 with st stage 3
start from stage 3 at node 4
end at node 1
end at stage 7
Printing wait:
wait[3][7]== 3.18998
Printing z(k, k') and drone travel time: 
---------------------------------------------------------------
Sortie starts at stage 1 and ends at stage 3
Start node: 0
End node: 4
Customer served in this sortie:2 8 
Drone arcs during this sortie:
0-->2, l = 9.84364
2-->8, l = 4.808
8-->4, l = 1.37804
Truck arcs during this sortie:
0---9, l = 7.71706
9---4, l = 9.26756
Drone travel time during sortie: 16.0297
Truck travel time during sortie: 16.9846
Wait time for this sortie: 0
---------------------------------------------------------------
---------------------------------------------------------------
Sortie starts at stage 3 and ends at stage 7
Start node: 4
End node: 1
Customer served in this sortie:3 
Drone arcs during this sortie:
3-->1, l = 3.93636
4-->3, l = 13.6088
Truck arcs during this sortie:
4---6, l = 5.57365
6---5, l = 0.955922
5---7, l = 0.777831
7---1, l = 7.04774
Drone travel time during sortie: 17.5451
Truck travel time during sortie: 14.3551
Wait time for this sortie: 3.18998
---------------------------------------------------------------
Printing zl:
zl[1][0] = 1
zl[3][4] = 1
Printing zr:
zr[1][4] = 1
zr[3][1] = 1
Printing zs:
zs[1][2] = 1
zs[1][8] = 1
zs[3][3] = 1
Printing x_d:
x_d[0][2] = 1
x_d[2][8] = 1
x_d[3][1] = 1
x_d[4][3] = 1
x_d[8][4] = 1
Done!
Solve time: 3600.02
OBJECTIVE VALUE: 62.3813.
In write mode
