Instance name: /home/orlab/CLionProjects/RV-FSTSP/Murray_instances/FSTSP/FSTSP_10_customer_problems/20140810T123443v7
Write arg val: 1
Input is specified as type M: Murray instance.-.-.-.-.-.-.-.-.-.-.-.-.-.-.-.-.-.-.-.-

drone speed: 0.4 miles/minute
uav non-eligible customer: 4 8 
Printing tau:
0 13.7617 11.155 18.3489 20.448 15.6899 15.6816 15.9793 10.6796 13.1667 9.91531 0 
13.7617 0 8.59672 16.5872 14.8463 1.92825 1.9199 7.49765 3.32128 11.405 7.04299 13.7617 
11.155 8.59672 0 25.184 23.443 8.42508 9.39342 16.0944 11.7546 20.0018 15.6397 11.155 
18.3489 16.5872 25.184 0 20.0769 16.7589 15.7905 15.6083 13.4294 5.1822 10.0243 18.3489 
20.448 14.8463 23.443 20.0769 0 15.0179 14.0496 7.34864 11.6884 17.2947 10.5327 20.448 
15.6899 1.92825 8.42508 16.7589 15.0179 0 0.968346 7.66929 5.01036 12.5367 7.21463 15.6899 
15.6816 1.9199 9.39342 15.7905 14.0496 0.968346 0 6.70095 5.00201 12.5283 6.24629 15.6816 
15.9793 7.49765 16.0944 15.6083 7.34864 7.66929 6.70095 0 5.29976 12.8261 6.06403 15.9793 
10.6796 3.32128 11.7546 13.4294 11.6884 5.01036 5.00201 5.29976 0 8.24716 3.8851 10.6796 
13.1667 11.405 20.0018 5.1822 17.2947 12.5367 12.5283 12.8261 8.24716 0 6.76206 13.1667 
9.91531 7.04299 15.6397 10.0243 10.5327 7.21463 6.24629 6.06403 3.8851 6.76206 0 9.91531 
0 0 0 0 0 0 0 0 0 0 0 0 
Printing tau_prime:
0 9.8104 9.25073 12.9773 18.6272 11.1513 11.2352 13.059 8.31432 9.57356 9.37646 0 
9.8104 0 6.3521 15.0739 11.5134 1.36887 1.46982 5.52869 3.12023 11.0139 5.67443 9.8104 
9.25073 6.3521 0 19.3717 17.8316 6.76563 7.37314 11.8807 8.31856 15.2332 11.0936 9.25073 
12.9773 15.0739 19.3717 0 14.2498 16.055 15.5524 12.7718 11.9711 4.15908 9.54426 12.9773 
18.6272 11.5134 17.8316 14.2498 0 11.1395 10.4907 6.08158 10.7713 12.469 9.269 18.6272 
11.1513 1.36887 6.76563 16.055 11.1395 0 0.684749 5.42687 4.25379 12.0662 6.53442 11.1513 
11.2352 1.46982 7.37314 15.5524 10.4907 0.684749 0 4.74296 3.91122 11.6081 6.01108 11.2352 
13.059 5.52869 11.8807 12.7718 6.08158 5.42687 4.74296 0 4.8436 9.48094 4.29995 13.059 
8.31432 3.12023 8.31856 11.9711 10.7713 4.25379 3.91122 4.8436 0 7.89497 2.79983 8.31432 
9.57356 11.0139 15.2332 4.15908 12.469 12.0662 11.6081 9.48094 7.89497 0 5.69004 9.57356 
9.37646 5.67443 11.0936 9.54426 9.269 6.53442 6.01108 4.29995 2.79983 5.69004 0 9.37646 
0 0 0 0 0 0 0 0 0 0 0 0 
---------------------------------------------------------------
Current config:
- Number of threads = 16
- Drone endurance = 20
- SL = 1
- SR = 1
- L = 3
- Allow loop = 0
- Use TSP optimal solution as warmstart: = 0
- Use cutting plane method: = 0
- Use CPLEX conflict refiner: = 0
---------------------------------------------------------------
M value: 627.671
Warning:  Output names have been modified due to duplicate names or characters invalid in LP format.
Version identifier: 22.1.1.0 | 2022-11-28 | 9160aff4d
CPXPARAM_Threads                                 16
CPXPARAM_TimeLimit                               3600
Tried aggregator 2 times.
MIP Presolve eliminated 1067 rows and 474 columns.
MIP Presolve modified 2762 coefficients.
Aggregator did 34 substitutions.
Reduced MIP has 3931 rows, 2936 columns, and 83406 nonzeros.
Reduced MIP has 2760 binaries, 0 generals, 0 SOSs, and 0 indicators.
Presolve time = 0.07 sec. (123.81 ticks)
Probing fixed 19 vars, tightened 0 bounds.
Probing time = 0.03 sec. (79.15 ticks)
Tried aggregator 1 time.
Detecting symmetries...
MIP Presolve eliminated 10 rows and 19 columns.
MIP Presolve modified 33 coefficients.
Reduced MIP has 3921 rows, 2917 columns, and 83009 nonzeros.
Reduced MIP has 2741 binaries, 0 generals, 0 SOSs, and 0 indicators.
Presolve time = 0.04 sec. (58.68 ticks)
Probing time = 0.01 sec. (9.00 ticks)
Clique table members: 37139.
MIP emphasis: balance optimality and feasibility.
MIP search method: dynamic search.
Parallel mode: deterministic, using up to 16 threads.
Root relaxation solution time = 0.19 sec. (416.90 ticks)

        Nodes                                         Cuts/
   Node  Left     Objective  IInf  Best Integer    Best Bound    ItCnt     Gap

*     0+    0                        58007.4645        0.0000           100.00%
      0     0       30.5666   157    58007.4645       30.5666     2733   99.95%
*     0+    0                          129.0665       30.5666            76.32%
      0     0       44.6633   118      129.0665      Cuts: 92     8299   65.40%
      0     0       45.4565   138      129.0665     Cuts: 143    11343   64.78%
      0     0       45.4565   180      129.0665     Cuts: 132    14360   64.67%
      0     0       46.5032   226      129.0665     Cuts: 159    17040   63.97%
      0     0       46.5128   256      129.0665     Cuts: 154    17711   63.96%
Detecting symmetries...
      0     0       46.6043   289      129.0665     Cuts: 110    18474   63.89%
      0     0       46.6256   137      129.0665     Cuts: 159    18830   63.87%
      0     0       46.6396   359      129.0665      Cuts: 87    19092   63.86%
      0     0       46.6467   172      129.0665      Cuts: 93    19249   63.86%
      0     0       46.6503   377      129.0665      Cuts: 89    19421   63.86%
*     0+    0                          109.5027       46.6503            57.40%
*     0+    0                          103.7772       46.6503            55.05%
      0     0  -1.00000e+75     0      103.7772       46.6503    19421   55.05%
Detecting symmetries...
      0     2       46.6503   367      103.7772       46.6503    19421   55.05%
Elapsed time = 2.97 sec. (6436.20 ticks, tree = 0.02 MB, solutions = 4)
      8     8    infeasible            103.7772       46.6503    21925   55.05%
*     9+    3                          100.8248       46.6503            53.73%
*    10+    5                           85.7373       46.6503            45.59%
     85    21    infeasible             85.7373       46.6503    30360   45.59%
    241    24       57.7969   112       85.7373       46.6503    47450   45.59%
*   287    38      integral     0       75.3029       46.6503    61196   38.05%
    374    51        cutoff             75.3029       46.6503    75192   38.05%
    442    90        cutoff             75.3029       46.6503   100599   38.05%
    471   121       51.1406   164       75.3029       46.6503   127121   38.05%
    500   140       52.5153   102       75.3029       46.6629   141001   38.03%
    555   162       60.4126    62       75.3029       46.8693   157701   37.76%
    628   162       49.1422    95       75.3029       46.8693   164476   37.76%
    770   299        cutoff             75.3029       46.8693   259351   37.76%
Elapsed time = 6.43 sec. (9566.31 ticks, tree = 0.79 MB, solutions = 15)
    803   344        cutoff             75.3029       46.8693   331775   37.76%
    962   392       55.1403   135       75.3029       46.8693   378354   37.76%
   1141   531       55.7927   126       75.3029       46.8693   461177   37.76%
   1348   611       51.5672   129       75.3029       46.8693   512768   37.76%
   1618   843       51.1933   122       75.3029       46.8693   654132   37.76%
   1897  1030       67.4535    74       75.3029       46.8736   757283   37.75%
   2057  1139       58.2063    82       75.3029       46.8736   825211   37.75%
   2205  1274       60.8921   129       75.3029       46.8736   934659   37.75%
   2500  1362       59.8002    79       75.3029       47.4080   988426   37.04%
   2848  1556       59.8528    71       75.3029       47.5161  1072855   36.90%
Elapsed time = 16.41 sec. (19220.94 ticks, tree = 5.24 MB, solutions = 15)
   3191  1614       55.3736   103       75.3029       47.5161  1119195   36.90%
   3423  1928       49.4906    83       75.3029       47.5161  1246601   36.90%
   3735  2219    infeasible             75.3029       47.5161  1416417   36.90%
   3814  2274       66.6296    24       75.3029       47.5871  1455702   36.81%
   3918  2415       72.1285    86       75.3029       47.5871  1576106   36.81%
   4190  2433       63.8844    77       75.3029       47.5871  1598390   36.81%
   4294  2530       51.2439   176       75.3029       47.5871  1661997   36.81%

Performing restart 1

Repeating presolve.
Tried aggregator 1 time.
MIP Presolve eliminated 4 rows and 15 columns.
MIP Presolve modified 2513 coefficients.
Reduced MIP has 3917 rows, 2902 columns, and 81407 nonzeros.
Reduced MIP has 2726 binaries, 0 generals, 0 SOSs, and 0 indicators.
Presolve time = 0.03 sec. (60.06 ticks)
Tried aggregator 1 time.
MIP Presolve eliminated 27 rows and 13 columns.
MIP Presolve modified 3 coefficients.
Reduced MIP has 3890 rows, 2889 columns, and 77988 nonzeros.
Reduced MIP has 2715 binaries, 0 generals, 0 SOSs, and 0 indicators.
Presolve time = 0.03 sec. (51.69 ticks)
Represolve time = 0.16 sec. (292.35 ticks)
   4295     0       46.7630   268       75.3029      Cuts: 47  1793052   36.81%
   4295     0       46.8331   304       75.3029      Cuts: 65  1793908   36.81%
   4295     0       46.8933   190       75.3029     Cuts: 114  1794472   36.81%
*  4295+    0                           72.4031       47.5871            34.27%
   4295     0       46.9260   346       72.4031     Cuts: 100  1794957   34.27%
   4295     0       46.9446   165       72.4031     Cuts: 101  1795427   34.27%
   4295     0       47.0684   309       72.4031      Cuts: 99  1796343   34.27%
   4295     0       47.0847   367       72.4031      Cuts: 86  1796752   34.27%
   4295     0       47.1461   342       72.4031     Cuts: 124  1797187   34.27%
   4295     0       47.1932   388       72.4031     Cuts: 116  1797595   34.27%
   4295     0       47.1952   409       72.4031     Cuts: 102  1797755   34.27%
   4295     2       47.1954   400       72.4031       47.5871  1797755   34.27%
   4296     3       47.2268   157       72.4031       47.5871  1798260   34.27%
   4297     4       47.3122   274       72.4031       47.5871  1799232   34.27%
Elapsed time = 31.46 sec. (43667.55 ticks, tree = 0.02 MB, solutions = 16)
   4301     5       47.3122   259       72.4031       47.5871  1799233   34.27%
   4320    10       62.6089    83       72.4031       47.5871  1805650   34.27%
   4361    27       61.5712    66       72.4031       47.5871  1810768   34.27%
   4418    58       59.6191   149       72.4031       47.5871  1823787   34.27%
   4471   128       63.7515    89       72.4031       47.5871  1840366   34.27%
   4560   149       60.4164    67       72.4031       47.5871  1844881   34.27%
   4669   219       53.0350   185       72.4031       47.5871  1858395   34.27%
   4765   263       65.5174    87       72.4031       47.5871  1867403   34.27%
   4847   309       59.9311   131       72.4031       47.5871  1884794   34.27%
   4882   364       60.4118   109       72.4031       47.5871  1911321   34.27%
Elapsed time = 40.51 sec. (54315.85 ticks, tree = 5.69 MB, solutions = 16)
   4922   381       62.6094   128       72.4031       47.5871  1925018   34.27%
   4972   407       55.4903   169       72.4031       47.5871  1956724   34.27%
   5043   439       60.1572    98       72.4031       47.5871  1986309   34.27%
   5193   453    infeasible             72.4031       47.5871  2009613   34.27%
   5329   545       66.1312   158       72.4031       47.5871  2057803   34.27%
   5445   562       54.7844   233       72.4031       47.5871  2077051   34.27%
   5547   685       58.0634   105       72.4031       47.5871  2122381   34.27%
   5623   742       55.6049   176       72.4031       47.5871  2175552   34.27%
   5669   774       63.1668    58       72.4031       47.7237  2208727   34.09%
*  5677   889      integral     0       72.3288       47.7237  2277154   34.02%
   5723   891       59.2406    46       72.3288       47.7237  2293774   34.02%
Elapsed time = 49.71 sec. (63973.61 ticks, tree = 13.67 MB, solutions = 17)
   5784   905       67.6201    84       72.3288       47.7237  2303695   34.02%
   5849   945       72.0499   132       72.3288       47.7237  2366050   34.02%
   5965   956       58.6709   150       72.3288       47.7237  2373007   34.02%
   6148  1079       71.2155    44       72.3288       47.7237  2452108   34.02%
   6309  1200       64.8461    70       72.3288       47.7237  2507854   34.02%
   6518  1290       69.7409   107       72.3288       47.7237  2559190   34.02%
   6694  1160       58.8370   234       72.3288       48.1435  2498969   33.44%
   6882  1397       56.3456   140       72.3288       48.1435  2581789   33.44%
   7197  1559       64.1226    97       72.3288       49.5750  2665634   31.46%
   7411  1716       65.3728   160       72.3288       49.6546  2745085   31.35%
Elapsed time = 58.81 sec. (73611.92 ticks, tree = 23.64 MB, solutions = 17)
   7556  1791       69.6784    98       72.3288       50.2901  2776998   30.47%
   7634  1949        cutoff             72.3288       50.2967  2837922   30.46%
   7683  2266       60.5357   100       72.3288       50.2967  2962669   30.46%
   7763  2297       57.1089    89       72.3288       50.5914  2995784   30.05%
   7823  2317       67.4176    83       72.3288       50.5914  3027563   30.05%
   7938  2304       57.1072   196       72.3288       50.8338  3007314   29.72%
   8102  2384       68.4271   138       72.3288       50.8338  3072113   29.72%
   8331  2423       66.5263    84       72.3288       51.5079  3077020   28.79%
   8589  2492       64.1760    82       72.3288       51.5079  3094086   28.79%
   8850  2542       71.4030    72       72.3288       51.8420  3124357   28.32%
Elapsed time = 67.24 sec. (83255.09 ticks, tree = 49.58 MB, solutions = 17)
   9097  2835       64.4883    70       72.3288       52.8811  3231289   26.89%
   9358  3067       68.1583   100       72.3288       52.8811  3386418   26.89%
   9539  3249       71.0282    71       72.3288       53.6464  3425228   25.83%
   9614  3273        cutoff             72.3288       53.8579  3449632   25.54%
   9673  3480        cutoff             72.3288       53.9522  3544593   25.41%
   9792  3562       70.1616    62       72.3288       54.1129  3601898   25.18%
   9933  3618       67.2905   107       72.3288       54.1129  3652396   25.18%
  10197  3678       65.9066   114       72.3288       54.1129  3667514   25.18%
  10506  3808        cutoff             72.3288       54.3432  3724033   24.87%
  10785  4111       60.1749   195       72.3288       54.5456  3810999   24.59%
Elapsed time = 76.21 sec. (92846.76 ticks, tree = 86.87 MB, solutions = 17)
  11073  4133       64.6050   148       72.3288       54.5456  3815840   24.59%
  11298  4191       58.7485   205       72.3288       54.8641  3854084   24.15%
  11418  4487        cutoff             72.3288       55.5926  3986413   23.14%
  11499  4487       62.8624   157       72.3288       55.7315  3989856   22.95%
  11589  4797       70.3886    26       72.3288       55.9944  4121491   22.58%
  11690  4838       70.2816    76       72.3288       55.9944  4173963   22.58%
  11764  4858       65.3726    89       72.3288       55.9944  4157323   22.58%
  11855  4883        cutoff             72.3288       55.9944  4202125   22.58%
  11934  4887       68.9828    92       72.3288       55.9944  4205074   22.58%
  12092  5003        cutoff             72.3288       55.9944  4318251   22.58%
Elapsed time = 84.76 sec. (102447.50 ticks, tree = 107.93 MB, solutions = 17)
  12281  5076        cutoff             72.3288       56.1848  4400853   22.32%
  12572  5272       57.2469    85       72.3288       56.6774  4490990   21.64%
  12804  5379       70.0415    78       72.3288       56.6774  4540652   21.64%
  12973  5602       59.0229   131       72.3288       56.8891  4604919   21.35%
  13069  5749       69.0609    56       72.3288       56.8891  4698468   21.35%
  13241  5673       65.8775   157       72.3288       56.9259  4643199   21.30%
  13319  5968       66.3206   134       72.3288       57.0317  4815188   21.15%
  13408  6034       62.8290   153       72.3288       57.0440  4852936   21.13%
  13553  6054       71.9875    37       72.3288       57.0440  4872325   21.13%
  14965  6364       62.0934    98       72.3288       57.2917  4991022   20.79%
Elapsed time = 96.79 sec. (114888.42 ticks, tree = 118.45 MB, solutions = 17)
* 16099  7394      integral     0       67.3510       57.3502  5257135   14.85%
* 16603  5503      integral     0       67.2491       57.5309  5492645   14.45%
  16650  5447       63.0809    41       67.2491       57.5309  5522233   14.45%
  17655  5578       66.0537    69       67.2491       57.6103  5575505   14.33%
  19278  6309        cutoff             67.2491       57.7895  5841638   14.07%
  19987  7339       65.7202    98       67.2491       57.8829  6187088   13.93%
  20524  7402       65.1986   103       67.2491       57.9472  6280907   13.83%
  20964  7560       63.2971   129       67.2491       58.0627  6505739   13.66%
  21470  7621       63.1884   114       67.2491       58.0627  6735409   13.66%
  22030  7662        cutoff             67.2491       58.5400  6851176   12.95%
  22574  7691       59.8810   116       67.2491       58.6654  6976845   12.76%
Elapsed time = 129.36 sec. (151631.05 ticks, tree = 134.05 MB, solutions = 20)
  23172  7830       63.9258   105       67.2491       58.9253  7207776   12.38%
* 23538  7823      integral     0       66.3263       58.9360  7283360   11.14%
  23835  7113       60.9120   106       66.3263       58.9772  7396292   11.08%
  25541  7352        cutoff             66.3263       59.3901  7509784   10.46%
  26321  7904        cutoff             66.3263       59.6639  7865076   10.04%
  26900  7927       60.0342    69       66.3263       59.8347  8002764    9.79%
  27669  7893       63.1421    90       66.3263       59.9084  8114812    9.68%
  28389  7881       61.6609    86       66.3263       60.2679  8300464    9.13%
  29094  7866        cutoff             66.3263       60.4554  8616485    8.85%
  29765  7806       62.4882   143       66.3263       60.6303  8832674    8.59%
  30473  7769        cutoff             66.3263       60.7864  8935288    8.35%
Elapsed time = 162.98 sec. (189840.97 ticks, tree = 139.21 MB, solutions = 21)
  31203  7725        cutoff             66.3263       60.9140  9184134    8.16%
  31830  7608       65.5167    81       66.3263       61.0122  9412308    8.01%
  32531  7597        cutoff             66.3263       61.1324  9502520    7.83%
  33291  7633       61.4450    73       66.3263       61.2891  9790578    7.59%
  34092  7586       62.0902   157       66.3263       61.4258  9915470    7.39%
  34817  7633       62.2785   161       66.3263       61.5812  9998838    7.15%
  35680  7591        cutoff             66.3263       61.6068 10212150    7.12%
  36578  7533       64.2841   124       66.3263       61.8765 10415830    6.71%
  37483  7280       64.0999    73       66.3263       62.0750 10601712    6.41%
  38348  7062        cutoff             66.3263       62.3001 10905965    6.07%
Elapsed time = 197.74 sec. (228020.60 ticks, tree = 126.09 MB, solutions = 21)
* 39297  6935      integral     0       65.3263       62.3778 11093840    4.51%
  39340  6925        cutoff             65.3263       62.3778 11099200    4.51%
  40676  4772        cutoff             65.3263       62.5887 11342575    4.19%
  42154  3782       64.2554    84       65.3263       63.2161 11551668    3.23%
  43907  2477        cutoff             65.3263       63.9525 11795497    2.10%

Performing restart 2

Repeating presolve.
Tried aggregator 1 time.
MIP Presolve eliminated 5 rows and 40 columns.
MIP Presolve modified 12705 coefficients.
Reduced MIP has 3885 rows, 2849 columns, and 85651 nonzeros.
Reduced MIP has 2675 binaries, 0 generals, 0 SOSs, and 0 indicators.
Presolve time = 0.07 sec. (199.33 ticks)
Tried aggregator 1 time.
MIP Presolve eliminated 3 rows and 6 columns.
Reduced MIP has 3882 rows, 2843 columns, and 85553 nonzeros.
Reduced MIP has 2669 binaries, 0 generals, 0 SOSs, and 0 indicators.
Presolve time = 0.04 sec. (59.68 ticks)
Represolve time = 0.29 sec. (546.83 ticks)
  44542     0       47.2388   390       65.3263      Cuts: 52 11915337    1.52%
  44542     0       47.2440   174       65.3263      Cuts: 26 11915481    1.52%
  44542     0       47.2625   397       65.3263      Cuts: 37 11915767    1.52%
  44542     0       47.2680   396       65.3263      Cuts: 38 11915888    1.52%
  44542     0       47.2728   424       65.3263      Cuts: 65 11916020    1.52%
  44542     0       47.2760   448       65.3263      Cuts: 32 11916149    1.52%
  44542     0       47.2884   396       65.3263      Cuts: 34 11916413    1.52%
  44542     0       47.2894   373       65.3263      Cuts: 67 11916524    1.52%
  44542     0       47.2947   390       65.3263      Cuts: 49 11916642    1.52%
  44542     2       47.2955   397       65.3263       64.3314 11916642    1.52%
  44543     3       48.7336   383       65.3263       64.3314 11919064    1.52%
  44570    17       58.4107    88       65.3263       64.3314 11932075    1.52%
  44654     5       65.0949    63       65.3263       64.3314 11936810    1.52%
  44916   118        cutoff             65.3263       64.3314 12091231    1.52%
  45153   229       60.8921   123       65.3263       64.3314 12236245    1.52%
Elapsed time = 239.01 sec. (290531.34 ticks, tree = 1.66 MB, solutions = 22)
  45506   403       53.5899   111       65.3263       64.3314 12396203    1.52%
  45944   540       58.4710    85       65.3263       64.3314 12522541    1.52%
  46179   722       61.9702    47       65.3263       64.3314 12736333    1.52%
  46687   859       54.8926   157       65.3263       64.3314 12884956    1.52%
  47124  1076       55.6428   104       65.3263       64.3314 13114778    1.52%
  47431  1202       63.4799    38       65.3263       64.3314 13252071    1.52%
  48076  1390       61.4258   190       65.3263       64.3314 13433868    1.52%
  48663  1674       57.5713   159       65.3263       64.3314 13683014    1.52%
  49150  1865       63.9296   109       65.3263       64.3314 13852171    1.52%
  49959  2173        cutoff             65.3263       64.3314 14073078    1.52%
Elapsed time = 273.84 sec. (328831.78 ticks, tree = 45.04 MB, solutions = 22)
  50520  2445       61.9368   175       65.3263       64.3314 14202964    1.52%
  50977  2638       58.2233   178       65.3263       64.3314 14455238    1.52%
  51831  2813        cutoff             65.3263       64.3314 14628017    1.52%
  52271  2972        cutoff             65.3263       64.3314 14865971    1.52%
  52814  3026        cutoff             65.3263       64.3314 14990025    1.52%
  53622  3314       59.7909   110       65.3263       64.3314 15244518    1.52%
  54216  3425        cutoff             65.3263       64.3314 15416762    1.52%
  54751  3507        cutoff             65.3263       64.3314 15559449    1.52%
  55552  3619       62.3987   115       65.3263       64.3314 15888815    1.52%
  56143  3782       63.0178   131       65.3263       64.3314 16068214    1.52%
Elapsed time = 308.44 sec. (367045.81 ticks, tree = 65.37 MB, solutions = 22)
  56822  3811       61.2884   161       65.3263       64.3314 16122670    1.52%
  57716  3894       61.4296    87       65.3263       64.3314 16299403    1.52%
  58311  4077       61.6375   150       65.3263       64.3314 16549786    1.52%
  58923  4015        cutoff             65.3263       64.3314 16767486    1.52%
  59847  3989       62.9877    34       65.3263       64.3314 16940462    1.52%
  60624  4088       62.5003    78       65.3263       64.3314 17198227    1.52%
  61265  4127       62.5557   107       65.3263       64.3314 17242611    1.52%
  62028  3945        cutoff             65.3263       64.3314 17524239    1.52%
  62903  3866       63.5235   104       65.3263       64.3314 17721661    1.52%
  63715  3572        cutoff             65.3263       64.3314 17944921    1.52%
Elapsed time = 343.70 sec. (405277.31 ticks, tree = 56.81 MB, solutions = 22)
  64577  3430       63.9922    53       65.3263       64.3314 18025630    1.52%
  65381  3058        cutoff             65.3263       64.3314 18245332    1.52%
  66348  2775       64.7675    93       65.3263       64.3314 18410162    1.52%
  67281  2314        cutoff             65.3263       64.3314 18647813    1.52%
  68368  1810        cutoff             65.3263       64.3314 18801849    1.52%
  69784   899        cutoff             65.3263       64.3314 19043790    1.52%
  70968   472        cutoff             65.3263       64.4318 19155948    1.37%
  71155    48       64.9005    43       65.3263       64.6072 19286560    1.10%

GUB cover cuts applied:  73
Clique cuts applied:  3
Cover cuts applied:  291
Implied bound cuts applied:  31
Mixed integer rounding cuts applied:  74
Zero-half cuts applied:  55
Lift and project cuts applied:  12
Gomory fractional cuts applied:  2

Root node processing (before b&c):
  Real time             =    2.90 sec. (6237.55 ticks)
Parallel b&c, 16 threads:
  Real time             =  366.89 sec. (430081.56 ticks)
  Sync time (average)   =  152.82 sec.
  Wait time (average)   =    0.03 sec.
                          ------------
Total (root+branch&cut) =  369.79 sec. (436319.11 ticks)
Feasible solution found!
Truck nodes:
Truck at node 0 at stage 1
Truck at node 8 at stage 2
Truck at node 1 at stage 3
Truck at node 6 at stage 4
Truck at node 7 at stage 5
Truck at node 4 at stage 6
Truck at node 10 at stage 7
Truck at node 9 at stage 8
Truck at node 11 at stage 9

Truck arcs:
Arc 1 connecting 0 and 8 with cost 10.6796 
Arc 2 connecting 8 and 1 with cost 3.32128 
Arc 3 connecting 1 and 6 with cost 1.9199 
Arc 4 connecting 6 and 7 with cost 6.70095 
Arc 5 connecting 7 and 4 with cost 7.34864 
Arc 6 connecting 4 and 10 with cost 10.5327 
Arc 7 connecting 10 and 9 with cost 6.76206 
Arc 8 connecting 9 and 11 with cost 13.1667 
Truck route length: 60.4318
Customer 2 was served by drone!
Customer 3 was served by drone!
Customer 5 was served by drone!
served customer 2 with st stage 1
start from stage 1 at node 0
end at node 6
end at stage 4
served customer 5 with st stage 1
start from stage 1 at node 0
end at node 6
end at stage 4
served customer 3 with st stage 6
start from stage 6 at node 4
end at node 9
end at stage 8
Printing wait:
wait[1][4]== 0.780336
wait[6][8]== 1.11415
Printing z(k, k') and drone travel time: 
---------------------------------------------------------------
Sortie starts at stage 1 and ends at stage 4
Start node: 0
End node: 6
Customer served in this sortie:2 5 
Drone arcs during this sortie:
0-->2, l = 9.25073
2-->5, l = 6.76563
5-->6, l = 0.684749
Truck arcs during this sortie:
0---8, l = 10.6796
8---1, l = 3.32128
1---6, l = 1.9199
Drone travel time during sortie: 16.7011
Truck travel time during sortie: 15.9208
Wait time for this sortie: 0.780336
---------------------------------------------------------------
---------------------------------------------------------------
Sortie starts at stage 6 and ends at stage 8
Start node: 4
End node: 9
Customer served in this sortie:3 
Drone arcs during this sortie:
3-->9, l = 4.15908
4-->3, l = 14.2498
Truck arcs during this sortie:
4---10, l = 10.5327
10---9, l = 6.76206
Drone travel time during sortie: 18.4089
Truck travel time during sortie: 17.2947
Wait time for this sortie: 1.11415
---------------------------------------------------------------
Printing zl:
zl[1][0] = 1
zl[6][4] = 1
Printing zr:
zr[1][6] = 1
zr[6][9] = 1
Printing zs:
zs[1][2] = 1
zs[1][5] = 1
zs[6][3] = 1
Printing x_d:
x_d[0][2] = 1
x_d[2][5] = 1
x_d[3][9] = 1
x_d[4][3] = 1
x_d[5][6] = 1
Done!
Solve time: 369.796
OBJECTIVE VALUE: 65.3263.
In write mode
