Instance name: /home/orlab/CLionProjects/RV-FSTSP/Murray_instances/FSTSP/FSTSP_10_customer_problems/20140810T123440v1
Write arg val: 1
Input is specified as type M: Murray instance.-.-.-.-.-.-.-.-.-.-.-.-.-.-.-.-.-.-.-.-

drone speed: 0.2 miles/minute
uav non-eligible customer: 4 5 
Printing tau:
0 1.83841 6.19937 11.3367 8.63802 7.16529 3.81739 8.77996 4.16976 6.36627 5.10809 0 
1.83841 0 7.41815 13.1751 7.41924 8.38408 3.41898 9.99874 2.95098 5.14749 6.9465 1.83841 
6.19937 7.41815 0 14.3533 14.8374 5.76971 3.99917 6.42059 10.3691 12.5656 10.5246 6.19937 
11.3367 13.1751 14.3533 0 6.71587 15.3192 15.1541 16.9338 12.258 15.4145 6.22861 11.3367 
8.63802 7.41924 14.8374 6.71587 0 15.8033 10.8382 17.418 5.54215 8.69866 4.31275 8.63802 
7.16529 8.38408 5.76971 15.3192 15.8033 0 7.0349 1.61466 11.3351 13.5316 11.4906 7.16529 
3.81739 3.41898 3.99917 15.1541 10.8382 7.0349 0 7.68579 6.36995 8.56647 8.92548 3.81739 
8.77996 9.99874 6.42059 16.9338 17.418 1.61466 7.68579 0 12.9497 15.1462 13.1052 8.77996 
4.16976 2.95098 10.3691 12.258 5.54215 11.3351 6.36995 12.9497 0 3.15652 6.0294 4.16976 
6.36627 5.14749 12.5656 15.4145 8.69866 13.5316 8.56647 15.1462 3.15652 0 9.18592 6.36627 
5.10809 6.9465 10.5246 6.22861 4.31275 11.4906 8.92548 13.1052 6.0294 9.18592 0 5.10809 
0 0 0 0 0 0 0 0 0 0 0 0 
Printing tau_prime:
0 2.59946 7.90094 16.4573 11.5451 9.25667 5.19259 11.3071 5.03263 8.9099 7.88816 0 
2.59946 0 8.78275 17.5467 11.593 11.5383 4.65561 13.5679 3.64183 6.6156 8.96786 2.59946 
7.90094 8.78275 0 23.5383 19.4222 6.89429 4.9433 8.15504 12.3704 14.9175 15.3409 7.90094 
16.4573 17.5467 23.5383 0 7.93526 20.4328 21.6299 21.8114 15.1901 18.2879 8.61635 16.4573 
11.5451 11.593 19.4222 7.93526 0 18.6977 16.1877 20.5464 8.38988 10.5953 5.11496 11.5451 
9.25667 11.5383 6.89429 20.4328 18.6977 0 10.1477 2.05169 14.2211 18.1171 13.7238 9.25667 
5.19259 4.65561 4.9433 21.6299 16.1877 10.1477 0 11.9236 8.24651 10.1003 13.0302 5.19259 
11.3071 13.5679 8.15504 21.8114 20.5464 2.05169 11.9236 0 16.2718 20.1574 15.5136 11.3071 
5.03263 3.64183 12.3704 15.1901 8.38988 14.2211 8.24651 16.2718 0 4.53203 7.10808 5.03263 
8.9099 6.6156 14.9175 18.2879 10.5953 18.1171 10.1003 20.1574 4.53203 0 11.0897 8.9099 
7.88816 8.96786 15.3409 8.61635 5.11496 13.7238 13.0302 15.5136 7.10808 11.0897 0 7.88816 
0 0 0 0 0 0 0 0 0 0 0 0 
---------------------------------------------------------------
Current config:
- Number of threads = 16
- Drone endurance = 20
- SL = 1
- SR = 1
- L = 3
- Allow loop = 0
- Use TSP optimal solution as warmstart: = 0
- Use cutting plane method: = 0
- Use CPLEX conflict refiner: = 0
---------------------------------------------------------------
M value: 493.883
Warning:  Output names have been modified due to duplicate names or characters invalid in LP format.
Version identifier: 22.1.1.0 | 2022-11-28 | 9160aff4d
CPXPARAM_Threads                                 16
CPXPARAM_TimeLimit                               3600
Tried aggregator 2 times.
MIP Presolve eliminated 1201 rows and 594 columns.
MIP Presolve modified 2930 coefficients.
Aggregator did 34 substitutions.
Reduced MIP has 3797 rows, 2816 columns, and 81515 nonzeros.
Reduced MIP has 2640 binaries, 0 generals, 0 SOSs, and 0 indicators.
Presolve time = 0.07 sec. (131.63 ticks)
Probing fixed 48 vars, tightened 0 bounds.
Probing time = 0.04 sec. (116.37 ticks)
Tried aggregator 2 times.
Detecting symmetries...
MIP Presolve eliminated 26 rows and 48 columns.
MIP Presolve modified 45 coefficients.
Aggregator did 1 substitutions.
Reduced MIP has 3770 rows, 2767 columns, and 80042 nonzeros.
Reduced MIP has 2591 binaries, 0 generals, 0 SOSs, and 0 indicators.
Presolve time = 0.05 sec. (88.11 ticks)
Probing time = 0.01 sec. (9.81 ticks)
Clique table members: 33719.
MIP emphasis: balance optimality and feasibility.
MIP search method: dynamic search.
Parallel mode: deterministic, using up to 16 threads.
Root relaxation solution time = 0.07 sec. (144.09 ticks)

        Nodes                                         Cuts/
   Node  Left     Objective  IInf  Best Integer    Best Bound    ItCnt     Gap

*     0+    0                        59676.1287        0.0000           100.00%
      0     0       24.1263   153    59676.1287       24.1263     1092   99.96%
*     0+    0                           89.3036       24.1263            72.98%
      0     0       27.3385   187       89.3036     Cuts: 243     1896   69.39%
      0     0       29.5870   229       89.3036     Cuts: 201     4032   66.87%
      0     0       30.1499   166       89.3036     Cuts: 168     4791   66.24%
*     0+    0                           81.9770       30.1499            63.22%
*     0+    0                           75.7558       30.1499            60.20%
      0     0       30.6330   270       75.7558     Cuts: 105     5156   59.56%
      0     0       30.8824   260       75.7558     Cuts: 141     5490   59.23%
Detecting symmetries...
      0     0       31.3595   265       75.7558      Cuts: 80     5856   58.60%
*     0+    0                           72.7375       31.3595            56.89%
      0     0  -1.00000e+75     0       72.7375       31.3595     5856   56.89%
      0     0       31.6324   315       72.7375      Cuts: 86     6170   56.51%
      0     0       31.6852   321       72.7375      Cuts: 77     6312   56.44%
      0     0       32.0832   229       72.7375      Cuts: 76     6496   55.89%
      0     0       32.3422   216       72.7375      Cuts: 68     6855   55.54%
      0     0       32.4459   337       72.7375      Cuts: 79     7127   55.39%
      0     0       32.5356   290       72.7375      Cuts: 78     7432   55.27%
      0     0       32.6656   302       72.7375      Cuts: 66     7728   55.09%
      0     0       32.7345   271       72.7375      Cuts: 55     7894   55.00%
*     0+    0                           72.2648       32.7345            54.70%
      0     0       32.8203   263       72.2648      Cuts: 55     8260   54.58%
*     0+    0                           71.5265       32.8203            54.11%
      0     0  -1.00000e+75     0       71.5265       32.8203     8260   54.11%
*     0+    0                           70.6591       32.8203            53.55%
      0     0       32.8501   309       70.6591      Cuts: 73     8493   53.51%
      0     0       32.8925   303       70.6591      Cuts: 60     8719   53.45%
      0     0       32.9046   307       70.6591      Cuts: 52     8858   53.43%
      0     0       32.9407   307       70.6591      Cuts: 59     9032   53.38%
      0     0       32.9742   282       70.6591      Cuts: 41     9211   53.33%
      0     0       32.9816   336       70.6591      Cuts: 40     9354   53.32%
      0     0       33.0131   338       70.6591      Cuts: 58     9568   53.28%
      0     0       33.0187   350       70.6591      Cuts: 64     9701   53.27%
      0     0       33.0244   353       70.6591      Cuts: 46     9807   53.26%
Detecting symmetries...
      0     2       33.0244   353       70.6591       33.0244     9807   53.26%
Elapsed time = 2.66 sec. (5100.21 ticks, tree = 0.02 MB, solutions = 8)
      3     4       35.0213   163       70.6591       33.0246    10728   53.26%
      9     9       48.9539    75       70.6591       33.2692    16092   52.92%
     29     8       36.4098   121       70.6591       33.2721    13684   52.91%
     82    54       49.2578   121       70.6591       33.9228    48098   51.99%
    155    67       46.3198   114       70.6591       33.9228    58029   51.99%
    236   129       39.0425   143       70.6591       33.9228   102317   51.99%
    281   167       36.8359   110       70.6591       33.9228   130911   51.99%
    309   178       37.1430   116       70.6591       33.9228   145662   51.99%
    352   193       41.4372   109       70.6591       33.9228   159210   51.99%
    819   429       57.2421    39       70.6591       33.9228   250829   51.99%
Elapsed time = 5.82 sec. (8333.24 ticks, tree = 0.89 MB, solutions = 8)
*  1008+  543                           70.1698       33.9228            51.66%
   1162   707       37.5472   155       70.1698       33.9228   354032   51.66%
*  1172   718      integral     0       69.4300       34.3162   359688   50.57%
*  1446+  738                           66.7676       34.3162            48.60%
   1700   888       43.0489    89       66.7676       34.3162   424977   48.60%
*  1934+ 1026                           66.2002       34.5893            47.75%
   2193  1332       49.5404   117       66.2002       34.5893   565811   47.75%
   2557  1444       50.1491    96       66.2002       35.8731   636150   45.81%
   3105  1719       42.5885    97       66.2002       35.8731   733714   45.81%
*  3415+ 1965                           61.1617       35.8731            41.35%
   3438  2041       44.8932   106       61.1617       35.8731   859533   41.35%
   3800  2099       42.9027   123       61.1617       35.8731   972620   41.35%
*  3912+ 2091                           59.1617       35.8731            39.36%
   4209  2221       46.0476    75       59.1617       38.1873  1109908   35.45%

Performing restart 1

Repeating presolve.
Tried aggregator 1 time.
MIP Presolve eliminated 2 rows and 0 columns.
MIP Presolve modified 2004 coefficients.
Reduced MIP has 3768 rows, 2767 columns, and 79213 nonzeros.
Reduced MIP has 2591 binaries, 0 generals, 0 SOSs, and 0 indicators.
Presolve time = 0.03 sec. (59.39 ticks)
Tried aggregator 1 time.
MIP Presolve eliminated 10 rows and 20 columns.
Reduced MIP has 3758 rows, 2747 columns, and 78933 nonzeros.
Reduced MIP has 2571 binaries, 0 generals, 0 SOSs, and 0 indicators.
Presolve time = 0.03 sec. (45.46 ticks)
Represolve time = 0.14 sec. (286.18 ticks)
   4293     0       33.3931   285       59.1617      Cuts: 90  1208470   35.42%
   4293     0       33.5666   353       59.1617      Cuts: 92  1209059   35.42%
   4293     0       33.6050   378       59.1617      Cuts: 93  1209490   35.42%
   4293     0       33.6151   361       59.1617      Cuts: 78  1209770   35.42%
   4293     0       33.6262   380       59.1617      Cuts: 98  1209976   35.42%
   4293     0       33.6674   343       59.1617      Cuts: 61  1210394   35.42%
   4293     0       33.6996   353       59.1617     Cuts: 104  1210726   35.42%
   4293     2       33.6996   353       59.1617       38.2038  1210726   35.42%
   4294     3       33.7052   357       59.1617       38.2038  1210882   35.42%
Elapsed time = 21.14 sec. (29916.17 ticks, tree = 0.02 MB, solutions = 14)
   4295     3       40.4828   221       59.1617       38.2038  1213136   35.42%
   4297     3       39.0750   261       59.1617       38.2038  1213265   35.42%
   4301     8       43.1666    90       59.1617       38.2038  1217863   35.42%
   4309    12       43.1299    68       59.1617       38.2038  1222926   35.42%
   4325    11       43.3668   122       59.1617       38.2038  1221335   35.42%
   4389    35       53.1251    63       59.1617       38.2038  1241975   35.42%
   4449    36       56.7937    60       59.1617       38.2038  1249161   35.42%
   4549   128       57.0955    56       59.1617       38.2038  1276026   35.42%
   4700   190       46.5185   135       59.1617       38.2038  1299277   35.42%
   4804   263       57.6077    87       59.1617       38.2038  1320136   35.42%
Elapsed time = 28.35 sec. (40431.88 ticks, tree = 3.72 MB, solutions = 14)
   4897   328       48.9206   118       59.1617       38.2038  1343655   35.42%
   5024   411       56.1703   111       59.1617       38.2038  1362421   35.42%
   5269   429       49.3728   175       59.1617       38.2038  1364743   35.42%
   5557   600       52.8261    42       59.1617       38.2038  1408598   35.42%
   5873   611       39.6531   121       59.1617       38.2038  1410007   35.42%
   6248   837       45.9216    80       59.1617       38.2038  1463289   35.42%
   6571  1095       50.8306    90       59.1617       38.2038  1511755   35.42%
   6860  1399       43.6813   143       59.1617       38.2038  1556666   35.42%
   6953  1847       50.0415    80       59.1617       38.2038  1606274   35.42%
   7117  1894    infeasible             59.1617       38.2038  1626745   35.42%
Elapsed time = 36.89 sec. (50000.54 ticks, tree = 48.78 MB, solutions = 14)
   7608  2020       56.1737    44       59.1617       38.2038  1643270   35.42%
   8127  2580        cutoff             59.1617       38.2038  1710688   35.42%
   8719  2556       58.6553    47       59.1617       38.2038  1704319   35.42%
   9273  3654       45.5455   139       59.1617       38.2038  1811189   35.42%
   9901  3812       49.1003   171       59.1617       38.2038  1827636   35.42%
  10167  4081       36.0169   197       59.1617       38.2038  1875701   35.42%

Performing restart 2

Repeating presolve.
Tried aggregator 1 time.
MIP Presolve eliminated 8 rows and 0 columns.
MIP Presolve modified 12940 coefficients.
Reduced MIP has 3750 rows, 2747 columns, and 90695 nonzeros.
Reduced MIP has 2571 binaries, 0 generals, 0 SOSs, and 0 indicators.
Presolve time = 0.08 sec. (229.79 ticks)
Tried aggregator 1 time.
Reduced MIP has 3750 rows, 2747 columns, and 90695 nonzeros.
Reduced MIP has 2571 binaries, 0 generals, 0 SOSs, and 0 indicators.
Presolve time = 0.03 sec. (61.63 ticks)
Represolve time = 0.22 sec. (483.06 ticks)
  10169     0       33.9837   394       59.1617      Cuts: 74  1944126   35.42%
  10169     0       34.1420   385       59.1617      Cuts: 87  1944606   35.42%
  10169     0       34.1597   410       59.1617      Cuts: 81  1944869   35.42%
  10169     0       34.3478   403       59.1617      Cuts: 77  1945375   35.42%
  10169     0       34.3627   427       59.1617      Cuts: 98  1945561   35.42%
  10169     0       34.3714   414       59.1617      Cuts: 53  1945729   35.42%
  10169     0       34.3751   408       59.1617      Cuts: 80  1945869   35.42%
  10169     0       34.3848   440       59.1617      Cuts: 49  1946152   35.42%
  10169     0       34.5275   412       59.1617      Cuts: 80  1946769   35.42%
  10169     0       34.5735   440       59.1617     Cuts: 103  1947013   35.42%
  10169     2       34.5735   433       59.1617       38.2038  1947013   35.42%
  10178    10       57.0520   102       59.1617       38.2038  1954054   35.42%
* 10232+   13                           58.0236       38.2038            34.16%
  10344    55        cutoff             58.0236       38.2038  2012426   34.16%
  10459    71       56.0383    47       58.0236       38.2038  2034830   34.16%
Elapsed time = 60.36 sec. (102842.19 ticks, tree = 0.18 MB, solutions = 15)
  10610   104        cutoff             58.0236       38.2038  2067001   34.16%
  10879   207        cutoff             58.0236       38.2038  2119561   34.16%
  10957   275       39.0904   153       58.0236       38.2038  2177115   34.16%
  11130   397        cutoff             58.0236       38.2038  2252212   34.16%
  11259   468       55.8389    30       58.0236       38.2038  2294121   34.16%
  11330   516       51.7091   109       58.0236       38.2038  2334694   34.16%
  11371   584       51.4955    85       58.0236       38.2038  2406324   34.16%
  11542   605       55.5486   107       58.0236       38.2038  2436432   34.16%
  11750   710       38.7573   235       58.0236       38.2038  2468008   34.16%
  11980   889       38.1635   182       58.0236       38.2038  2552821   34.16%
Elapsed time = 68.91 sec. (112446.98 ticks, tree = 8.63 MB, solutions = 15)
  12133   991       55.3498    85       58.0236       38.2038  2577869   34.16%
  12195  1190        cutoff             58.0236       38.2038  2683856   34.16%
  12248  1203       57.0975    87       58.0236       38.2038  2689165   34.16%
  12427  1241       49.8852   200       58.0236       38.2038  2725204   34.16%
  12709  1314        cutoff             58.0236       38.2038  2743768   34.16%
  13002  1600    infeasible             58.0236       38.2038  2822950   34.16%
  13303  1748       44.7842    98       58.0236       38.2038  2850949   34.16%
* 13432  1855      integral     0       57.6651       38.2038  2900992   33.75%
  13531  1824       49.4375   107       57.6651       38.2038  2893891   33.75%
  13581  2167       49.8152   193       57.6651       38.2038  2993554   33.75%
  13839  2289       50.4579   134       57.6651       38.2038  3013521   33.75%
Elapsed time = 76.94 sec. (122077.17 ticks, tree = 41.61 MB, solutions = 16)
  14274  2259       53.6497   268       57.6651       38.2038  3022914   33.75%
  14657  2863       54.3890   113       57.6651       38.2038  3122883   33.75%
  15126  3047       49.8437    72       57.6651       38.2038  3162718   33.75%
  15412  3305       47.1978   152       57.6651       38.2038  3227054   33.75%
  15495  3615    infeasible             57.6651       38.2038  3288984   33.75%
  15531  3744       39.3095   356       57.6651       38.6908  3346959   32.90%
  15597  3768       49.7771   120       57.6651       38.6908  3383265   32.90%
  15934  3791       50.2544   163       57.6651       38.7581  3394204   32.79%
  16407  3840       49.4683    55       57.6651       39.1267  3408308   32.15%
  16825  4310       41.3055   153       57.6651       39.1267  3531169   32.15%
Elapsed time = 85.46 sec. (131641.22 ticks, tree = 81.98 MB, solutions = 16)
  17235  4542       39.9510   285       57.6651       39.5930  3577972   31.34%
  17519  4732       49.7861    49       57.6651       39.5930  3626700   31.34%
  17595  5168       49.3278    57       57.6651       39.6672  3754239   31.21%
  17661  5181       53.4110   112       57.6651       39.6672  3763927   31.21%
  17796  5232       52.7619    99       57.6651       39.8293  3805277   30.93%
  18139  5282       48.3259    70       57.6651       39.8395  3812971   30.91%
  18625  5292       43.7263   144       57.6651       40.0642  3821218   30.52%
  19076  5777       56.4382    78       57.6651       40.0642  3918928   30.52%
  19497  6149       50.4143   152       57.6651       40.2591  4012507   30.18%
  19915  6596       55.8190    46       57.6651       40.5202  4123564   29.73%
Elapsed time = 94.23 sec. (141225.05 ticks, tree = 121.42 MB, solutions = 16)
  20307  6560       47.9825   137       57.6651       40.5202  4114117   29.73%
  20474  7215       53.9637    28       57.6651       40.5202  4264430   29.73%
  20624  7322       44.0713    79       57.6651       40.7613  4284978   29.31%
  20970  7372       43.3894   273       57.6651       40.7620  4300947   29.31%
  21523  7509        cutoff             57.6651       40.7620  4325572   29.31%
* 21660  7693      integral     0       57.4216       40.7658  4363291   29.01%
  22023  7801       57.3261     7       57.4216       40.9508  4395395   28.68%
  22473  8134       52.1091   194       57.4216       40.9922  4468145   28.61%
  22748  8286       48.8783   242       57.4216       41.1780  4505404   28.29%
  22836  8850       56.6213    76       57.4216       41.1780  4649026   28.29%
* 23721  9223      integral     0       56.5912       41.3056  4756411   27.01%
Elapsed time = 104.91 sec. (153291.39 ticks, tree = 194.89 MB, solutions = 18)
* 23770+ 8812                           53.4044       41.3056            22.66%
  25318  6997       43.3642   302       53.4044       41.9724  4982769   21.41%
  25846  7623       47.6946   151       53.4044       42.1114  5186280   21.15%
  27399  8315       44.5302   183       53.4044       42.2830  5401072   20.82%
  28340  9272        cutoff             53.4044       42.3693  5657212   20.66%
  29492  9571       51.8988    35       53.4044       42.7540  5745883   19.94%
  31255 10523       51.8412   258       53.4044       42.9228  5962050   19.63%
  31736 11410       49.6759   199       53.4044       43.0298  6227875   19.43%
  33049 11956       50.6731    81       53.4044       43.0626  6410045   19.37%
  34503 12851       51.8361   133       53.4044       43.3778  6628428   18.77%
  35050 13464       48.7799   167       53.4044       43.4061  6845330   18.72%
Elapsed time = 139.24 sec. (191484.62 ticks, tree = 274.92 MB, solutions = 19)
  37077 14166       50.2234   224       53.4044       43.4958  7011405   18.55%
  38319 15539       48.9820   143       53.4044       43.6314  7395760   18.30%
  38684 15577       46.0480   124       53.4044       43.6364  7434757   18.29%
  40296 16050       52.9258    75       53.4044       43.8207  7615683   17.95%
  42089 16647       47.1612   101       53.4044       44.0111  7784878   17.59%
  42491 17729       52.9850    73       53.4044       44.0703  8088999   17.48%
  43477 17888       49.0736   102       53.4044       44.1097  8191561   17.40%
  45362 19160        cutoff             53.4044       44.3271  8513246   17.00%
  46580 19539       49.7630    51       53.4044       44.4528  8618582   16.76%
  46915 20286        cutoff             53.4044       44.5251  8924167   16.63%
Elapsed time = 173.72 sec. (229683.65 ticks, tree = 451.58 MB, solutions = 19)
  48134 20453       51.6619    93       53.4044       44.5258  8982970   16.63%
  49853 21159       47.0390   102       53.4044       44.6786  9162945   16.34%
  51066 21951       50.7818   117       53.4044       44.7386  9389610   16.23%
  51449 22819        cutoff             53.4044       44.8057  9772115   16.10%
  52008 22979        cutoff             53.4044       44.8302  9856720   16.06%
  53882 23652        cutoff             53.4044       44.8914 10044196   15.94%
  55576 23955       51.6415   190       53.4044       44.9602 10147216   15.81%
  56473 25449       52.6647   100       53.4044       45.0009 10566416   15.74%
  56792 25615       51.5956    59       53.4044       45.0318 10707802   15.68%
  57741 25680       52.9904    52       53.4044       45.0981 10757587   15.55%
Elapsed time = 208.45 sec. (267870.65 ticks, tree = 600.55 MB, solutions = 19)
* 59059+26068                           53.2645       45.1275            15.28%
  59531 26326        cutoff             53.2645       45.1815 10996996   15.18%
  60859 27182        cutoff             53.2645       45.2057 11392132   15.13%
  61211 27185       48.4869   158       53.2645       45.2097 11398981   15.12%
  61607 27406        cutoff             53.2645       45.2550 11570180   15.04%
* 61983 27452      integral     0       52.9422       45.3035 11632707   14.43%
  62007 27514       49.7427   136       52.9422       45.3094 11685470   14.42%
  63433 26616       48.8394    81       52.9422       45.3364 11749734   14.37%
  65046 26819       52.0760   117       52.9422       45.4430 11848385   14.16%
  65617 27929        cutoff             52.9422       45.4890 12262291   14.08%
  66010 27989       49.8921   243       52.9422       45.5361 12343202   13.99%
  66714 28205       50.3404   189       52.9422       45.5586 12522356   13.95%
Elapsed time = 242.36 sec. (306102.34 ticks, tree = 675.37 MB, solutions = 22)
  68392 28707       48.9642    85       52.9422       45.6843 12692787   13.71%
  70112 29078       46.4980   161       52.9422       45.7305 12818045   13.62%
  70827 29752       52.6923    83       52.9422       45.7933 13067223   13.50%
  71314 30168       52.2666    48       52.9422       45.8390 13300816   13.42%
  71720 30180        cutoff             52.9422       45.8891 13330533   13.32%
  72648 30361        cutoff             52.9422       45.9331 13498067   13.24%
  74528 30439       51.0864   208       52.9422       45.9331 13572476   13.24%
  76066 31126       51.7877   190       52.9422       46.0318 13809446   13.05%
* 76090 30700      integral     0       51.1644       46.0318 13654893   10.03%
  76725 31517        cutoff             51.1644       46.0777 13949876    9.94%
  77158 23960       50.3596    98       51.1644       46.1092 14200854    9.88%
Elapsed time = 276.53 sec. (344295.46 ticks, tree = 579.59 MB, solutions = 23)
  77705 23982       48.5256    72       51.1644       46.1116 14399919    9.88%
  78978 23876       47.9001   214       51.1644       46.1415 14506443    9.82%
  80529 23992       49.3713   127       51.1644       46.2423 14598349    9.62%
  81222 24499       48.3950    44       51.1644       46.3024 15037970    9.50%
  81681 24502       48.7335   105       51.1644       46.3526 15029577    9.40%
  82152 24401        cutoff             51.1644       46.4049 15163983    9.30%
  82622 24416       48.9471   201       51.1644       46.4272 15323127    9.26%
  83186 24343        cutoff             51.1644       46.5125 15405371    9.09%
  83669 24352       48.0178   112       51.1644       46.5478 15415267    9.02%
  84532 24310        cutoff             51.1644       46.6159 15528688    8.89%
Elapsed time = 310.48 sec. (382494.89 ticks, tree = 579.84 MB, solutions = 23)
  85787 24211        cutoff             51.1644       46.6889 15667450    8.75%
  87065 24529        cutoff             51.1644       46.7514 16122134    8.63%
  87680 24425       49.3063   123       51.1644       46.8026 15978190    8.52%
  88090 24800       49.7644    39       51.1644       46.8415 16381191    8.45%
  88600 24766        cutoff             51.1644       46.8860 16469339    8.36%
  89497 24798       50.4775   113       51.1644       46.9302 16555782    8.28%
  90974 24889       48.1185   191       51.1644       46.9808 16715642    8.18%
  92739 25048       48.2505    73       51.1644       47.0527 16893262    8.04%
  93944 25283       48.2274    48       51.1644       47.0942 17095716    7.96%
  94503 25600        cutoff             51.1644       47.1259 17475760    7.89%
Elapsed time = 345.66 sec. (420744.45 ticks, tree = 617.61 MB, solutions = 23)
  95001 25578       49.9932    93       51.1644       47.1649 17450459    7.82%
  95590 25481       50.3724    67       51.1644       47.2010 17636899    7.75%
  96165 25433        cutoff             51.1644       47.2099 17805494    7.73%
  96716 25295       50.2672   145       51.1644       47.2664 17921525    7.62%
  97290 25271       49.1853    81       51.1644       47.2944 17953001    7.56%
  97811 25048        cutoff             51.1644       47.3441 18124774    7.47%
  98525 25034       50.6477   106       51.1644       47.4218 18193065    7.31%
  99702 24929       50.4486    73       51.1644       47.4896 18294540    7.18%
 101110 24954        cutoff             51.1644       47.5357 18403475    7.09%
 102427 25030       51.0820   174       51.1644       47.5863 18510717    6.99%
Elapsed time = 379.96 sec. (458951.73 ticks, tree = 597.56 MB, solutions = 23)
 103164 25128       50.6431    85       51.1644       47.6477 18685349    6.87%
 103738 25469        cutoff             51.1644       47.6917 19110464    6.79%
 104324 25462        cutoff             51.1644       47.7155 19118083    6.74%
 104956 25249        cutoff             51.1644       47.7590 19326507    6.66%
 105566 25087       48.6733   102       51.1644       47.7895 19432811    6.60%
 106144 25137        cutoff             51.1644       47.8374 19419955    6.50%
 106703 24915       48.3318   233       51.1644       47.8925 19575923    6.39%
 107311 24790       48.2822    63       51.1644       47.9397 19740231    6.30%
 107927 24612       48.8861   111       51.1644       47.9728 19908468    6.24%
 108533 24579        cutoff             51.1644       48.0036 19974344    6.18%
Elapsed time = 412.39 sec. (497265.02 ticks, tree = 575.17 MB, solutions = 23)
 109137 24465       49.3788    54       51.1644       48.0453 20036173    6.10%
 109699 24247       50.5485   138       51.1644       48.0797 20232267    6.03%
 110248 24246        cutoff             51.1644       48.1233 20210219    5.94%
*110652 24068      integral     0       48.3244       48.1456 20290951    0.37%
 110765 24176       48.9216   162       48.3244       48.1552 20386286    0.35%
*110833 24062      integral     0       48.3244       48.1552 20357357    0.35%
 111137 24011       49.5346    84       48.3244       48.1552 20506893    0.35%

GUB cover cuts applied:  92
Clique cuts applied:  14
Cover cuts applied:  662
Implied bound cuts applied:  23
Flow cuts applied:  3
Mixed integer rounding cuts applied:  125
Zero-half cuts applied:  133
Lift and project cuts applied:  60
Gomory fractional cuts applied:  9

Root node processing (before b&c):
  Real time             =    2.62 sec. (5001.50 ticks)
Parallel b&c, 16 threads:
  Real time             =  425.96 sec. (513650.28 ticks)
  Sync time (average)   =  173.94 sec.
  Wait time (average)   =    0.03 sec.
                          ------------
Total (root+branch&cut) =  428.57 sec. (518651.78 ticks)
Feasible solution found!
Truck nodes:
Truck at node 0 at stage 1
Truck at node 5 at stage 2
Truck at node 7 at stage 3
Truck at node 5 at stage 4
Truck at node 1 at stage 5
Truck at node 8 at stage 6
Truck at node 4 at stage 7
Truck at node 3 at stage 8
Truck at node 10 at stage 9
Truck at node 11 at stage 10

Truck arcs:
Arc 1 connecting 0 and 5 with cost 7.16529 
Arc 2 connecting 5 and 7 with cost 1.61466 
Arc 3 connecting 7 and 5 with cost 1.61466 
Arc 4 connecting 5 and 1 with cost 8.38408 
Arc 5 connecting 1 and 8 with cost 2.95098 
Arc 6 connecting 8 and 4 with cost 5.54215 
Arc 7 connecting 4 and 3 with cost 6.71587 
Arc 8 connecting 3 and 10 with cost 6.22861 
Arc 9 connecting 10 and 11 with cost 5.10809 
Truck route length: 45.3244
Customer 2 was served by drone!
Customer 6 was served by drone!
Customer 9 was served by drone!
served customer 2 with st stage 1
start from stage 1 at node 0
end at node 1
end at stage 5
served customer 6 with st stage 1
start from stage 1 at node 0
end at node 1
end at stage 5
served customer 9 with st stage 6
start from stage 6 at node 8
end at node 10
end at stage 9
Printing wait:
Printing z(k, k') and drone travel time: 
---------------------------------------------------------------
Sortie starts at stage 1 and ends at stage 5
Start node: 0
End node: 1
Customer served in this sortie:2 6 
Drone arcs during this sortie:
0-->2, l = 7.90094
2-->6, l = 4.9433
6-->1, l = 4.65561
Truck arcs during this sortie:
0---5, l = 7.16529
5---7, l = 1.61466
7---5, l = 1.61466
5---1, l = 8.38408
Drone travel time during sortie: 17.4998
Truck travel time during sortie: 18.7787
Wait time for this sortie: 0
---------------------------------------------------------------
---------------------------------------------------------------
Sortie starts at stage 6 and ends at stage 9
Start node: 8
End node: 10
Customer served in this sortie:9 
Drone arcs during this sortie:
8-->9, l = 4.53203
9-->10, l = 11.0897
Truck arcs during this sortie:
8---4, l = 5.54215
4---3, l = 6.71587
3---10, l = 6.22861
Drone travel time during sortie: 15.6217
Truck travel time during sortie: 18.4866
Wait time for this sortie: 0
---------------------------------------------------------------
Printing zl:
zl[1][0] = 1
zl[6][8] = 1
Printing zr:
zr[1][1] = 1
zr[6][10] = 1
Printing zs:
zs[1][2] = 1
zs[1][6] = 1
zs[6][9] = 1
Printing x_d:
x_d[0][2] = 1
x_d[2][6] = 1
x_d[6][1] = 1
x_d[8][9] = 1
x_d[9][10] = 1
Done!
Solve time: 428.599
OBJECTIVE VALUE: 48.3244.
In write mode
