Instance name: /home/orlab/CLionProjects/RV-FSTSP/Murray_instances/FSTSP/FSTSP_10_customer_problems/20140810T123437v11
Write arg val: 1
Input is specified as type M: Murray instance.-.-.-.-.-.-.-.-.-.-.-.-.-.-.-.-.-.-.-.-

drone speed: 0.6 miles/minute
uav non-eligible customer: 10 
Printing tau:
0 14.2149 7.45597 18.1512 10.5846 15.145 14.669 14.3671 12.5333 1.31706 6.43835 0 
14.2149 0 18.3108 3.93636 13.7595 7.22991 8.18583 7.04774 13.7881 14.0919 12.0132 14.2149 
7.45597 18.3108 0 22.2472 4.55136 11.0809 10.125 11.2631 5.10923 6.13892 11.4943 7.45597 
18.1512 3.93636 22.2472 0 17.6958 11.1663 12.1222 10.9841 17.7245 18.0283 15.9496 18.1512 
10.5846 13.7595 4.55136 17.6958 0 6.52957 5.57365 6.71174 1.94864 9.26756 8.38296 10.5846 
15.145 7.22991 11.0809 11.1663 6.52957 0 0.955922 0.777831 6.55821 13.8279 12.9433 15.145 
14.669 8.18583 10.125 12.1222 5.57365 0.955922 0 1.13809 5.60229 13.352 12.4674 14.669 
14.3671 7.04774 11.2631 10.9841 6.71174 0.777831 1.13809 0 6.74038 13.0501 12.1655 14.3671 
12.5333 13.7881 5.10923 17.7245 1.94864 6.55821 5.60229 6.74038 0 11.2162 10.3316 12.5333 
1.31706 14.0919 6.13892 18.0283 9.26756 13.8279 13.352 13.0501 11.2162 0 7.2754 1.31706 
6.43835 12.0132 11.4943 15.9496 8.38296 12.9433 12.4674 12.1655 10.3316 7.2754 0 6.43835 
0 0 0 0 0 0 0 0 0 0 0 0 
Printing tau_prime:
0 9.81661 4.55002 12.627 5.35211 8.23243 7.83887 7.90477 6.33597 0.788193 3.43673 0 
9.81661 0 9.8583 2.81169 7.1874 3.68175 4.14083 3.56048 7.01565 9.64862 6.97631 9.81661 
4.55002 9.8583 0 12.4676 2.78952 6.81212 6.2789 6.6743 3.43429 3.76225 6.38332 4.55002 
12.627 2.81169 12.4676 0 9.72054 5.84064 6.37024 5.8678 9.39115 12.4582 9.71551 12.627 
5.35211 7.1874 2.78952 9.72054 0 4.02264 3.49008 3.89122 0.984316 4.68384 5.49765 5.35211 
8.23243 3.68175 6.81212 5.84064 4.02264 0 0.539342 0.403494 3.56539 7.79682 6.54069 8.23243 
7.83887 4.14083 6.2789 6.37024 3.49008 0.539342 0 0.594704 3.02824 7.37407 6.33485 7.83887 
7.90477 3.56048 6.6743 5.8678 3.89122 0.403494 0.594704 0 3.52816 7.49021 6.1456 7.90477 
6.33597 7.01565 3.43429 9.39115 0.984316 3.56539 3.02824 3.52816 0 5.66711 6.29515 6.33597 
0.788193 9.64862 3.76225 12.4582 4.68384 7.79682 7.37407 7.49021 5.66711 0 3.7017 0.788193 
3.43673 6.97631 6.38332 9.71551 5.49765 6.54069 6.33485 6.1456 6.29515 3.7017 0 3.43673 
0 0 0 0 0 0 0 0 0 0 0 0 
---------------------------------------------------------------
Current config:
- Number of threads = 16
- Drone endurance = 20
- SL = 1
- SR = 1
- L = 3
- Allow loop = 0
- Use TSP optimal solution as warmstart: = 0
- Use cutting plane method: = 0
- Use CPLEX conflict refiner: = 0
---------------------------------------------------------------
M value: 565.737
Warning:  Output names have been modified due to duplicate names or characters invalid in LP format.
Version identifier: 22.1.1.0 | 2022-11-28 | 9160aff4d
CPXPARAM_Threads                                 16
CPXPARAM_TimeLimit                               3600
Tried aggregator 2 times.
MIP Presolve eliminated 1014 rows and 407 columns.
MIP Presolve modified 2672 coefficients.
Aggregator did 34 substitutions.
Reduced MIP has 3984 rows, 3003 columns, and 84376 nonzeros.
Reduced MIP has 2827 binaries, 0 generals, 0 SOSs, and 0 indicators.
Presolve time = 0.06 sec. (106.00 ticks)
Probing time = 0.01 sec. (8.80 ticks)
Tried aggregator 1 time.
Detecting symmetries...
MIP Presolve eliminated 1 rows and 0 columns.
MIP Presolve modified 24 coefficients.
Reduced MIP has 3983 rows, 3003 columns, and 84342 nonzeros.
Reduced MIP has 2827 binaries, 0 generals, 0 SOSs, and 0 indicators.
Presolve time = 0.03 sec. (45.57 ticks)
Probing time = 0.01 sec. (8.38 ticks)
Clique table members: 42105.
MIP emphasis: balance optimality and feasibility.
MIP search method: dynamic search.
Parallel mode: deterministic, using up to 16 threads.
Root relaxation solution time = 0.29 sec. (619.17 ticks)

        Nodes                                         Cuts/
   Node  Left     Objective  IInf  Best Integer    Best Bound    ItCnt     Gap

*     0+    0                        41874.4663        0.0000           100.00%
      0     0       18.6323   204    41874.4663       18.6323     4889   99.96%
*     0+    0                          133.4689       18.6323            86.04%
      0     0       19.6171   269      133.4689      Cuts: 41     9251   85.30%
      0     0       19.6468   213      133.4689     Cuts: 210    10246   85.28%
*     0+    0                           86.0834       19.6468            77.18%
      0     0       20.0367   256       86.0834     Cuts: 121    18314   76.72%
      0     0       20.0543   262       86.0834      Cuts: 84    19966   76.70%
      0     0       20.0570   266       86.0834     Cuts: 102    20314   76.70%
Detecting symmetries...
      0     0       20.0571   276       86.0834      Cuts: 81    20746   76.70%
      0     0       20.0571   275       86.0834      Cuts: 44    21290   76.70%
*     0+    0                           57.3401       20.0571            65.02%
*     0+    0                           51.0312       20.0571            60.70%
Detecting symmetries...
      0     2       20.0571   274       51.0312       20.0571    21290   60.70%
Elapsed time = 3.46 sec. (7030.25 ticks, tree = 0.02 MB, solutions = 5)
*     2+    1                           49.4615       20.0572            59.45%
      2     3       20.0621   257       49.4615       20.0572    22178   59.45%
     13     4       20.1170   229       49.4615       20.0956    23788   59.37%
     56    30       20.1613   209       49.4615       20.0961    36443   59.37%
     84    53       20.3047   223       49.4615       20.0961    46367   59.37%
    100    60       31.2531    80       49.4615       20.0961    54165   59.37%
    111    72       22.7897   208       49.4615       20.0961    66986   59.37%
    122    93       39.6817    38       49.4615       20.0961    98677   59.37%
    171   115       45.2159    23       49.4615       20.0961   135809   59.37%
    216   101       23.1269   200       49.4615       20.0961   112209   59.37%
    316   232       46.2056    52       49.4615       20.0961   255839   59.37%
Elapsed time = 6.92 sec. (10310.09 ticks, tree = 0.23 MB, solutions = 6)
*   338   249      integral     0       47.5493       20.0961   283919   57.74%
    359   249       22.2213   186       47.5493       20.0961   281321   57.74%
    475   277       22.2163   201       47.5493       20.0961   365111   57.74%
    659   354       22.1849    88       47.5493       20.0961   426220   57.74%
    871   581       29.8286    55       47.5493       20.0961   578094   57.74%
   1044   603       31.6420    71       47.5493       20.1241   593047   57.68%
   1291   839       33.4816    37       47.5493       20.1480   754786   57.63%
   1656   922       44.7499    75       47.5493       20.1556   799973   57.61%
   1872  1156       32.0492    91       47.5493       20.1556   938636   57.61%
   2075  1210       31.6420   109       47.5493       20.1697   977254   57.58%
   2172  1553       36.2222   195       47.5493       20.2053  1145884   57.51%
Elapsed time = 17.23 sec. (19895.01 ticks, tree = 2.50 MB, solutions = 7)
   2509  1651       41.7251   202       47.5493       20.2255  1213730   57.46%
   2807  1731       42.5903   164       47.5493       20.2255  1256367   57.46%
   3349  2047       28.7362    97       47.5493       20.2312  1342546   57.45%
   3798  2570    infeasible             47.5493       20.2456  1486030   57.42%
   4222  2878       43.8068   119       47.5493       20.2456  1550244   57.42%
   4472  3319       24.4228   187       47.5493       20.2456  1669128   57.42%

Performing restart 1

Repeating presolve.
Tried aggregator 1 time.
MIP Presolve eliminated 2 rows and 22 columns.
MIP Presolve modified 2482 coefficients.
Reduced MIP has 3981 rows, 2981 columns, and 82502 nonzeros.
Reduced MIP has 2805 binaries, 0 generals, 0 SOSs, and 0 indicators.
Presolve time = 0.05 sec. (84.07 ticks)
Tried aggregator 1 time.
Reduced MIP has 3981 rows, 2981 columns, and 82502 nonzeros.
Reduced MIP has 2805 binaries, 0 generals, 0 SOSs, and 0 indicators.
Presolve time = 0.03 sec. (43.44 ticks)
Represolve time = 0.16 sec. (285.49 ticks)
*  4486+    0                           46.1082       20.2456            56.09%
   4486     0       20.0603   283       46.1082      Cuts: 47  1800550   56.09%
   4486     0       20.0609   271       46.1082      Cuts: 25  1801898   56.09%
   4486     0       20.0610   277       46.1082      Cuts: 85  1802163   56.09%
   4486     0       20.0611   289       46.1082      Cuts: 64  1802337   56.09%
   4486     0       20.0614   292       46.1082      Cuts: 54  1802732   56.09%
   4486     2       20.0614   292       46.1082       20.2456  1802732   56.09%
*  4487+    1                           45.1082       20.2456            55.12%
   4487     3       37.5266    90       45.1082       20.2456  1806406   55.12%
   4489     5       20.0623   280       45.1082       20.2456  1806620   55.12%
   4490     4       37.5266    99       45.1082       20.2456  1808312   55.12%
Elapsed time = 35.12 sec. (51564.37 ticks, tree = 0.02 MB, solutions = 9)
   4492     7       37.5266    75       45.1082       20.2456  1809242   55.12%
   4498    12       37.3399    87       45.1082       20.2456  1824211   55.12%
   4515    12       37.5266    60       45.1082       20.2456  1825019   55.12%
   4539    33       37.5266    61       45.1082       20.2456  1847260   55.12%
   4564    13       37.5266    61       45.1082       20.2456  1825913   55.12%
   4591    38       37.5266    45       45.1082       20.2456  1854180   55.12%
   4629    40       37.5266    50       45.1082       20.2456  1856966   55.12%
   4651   132       38.3399    61       45.1082       20.2456  1926852   55.12%
*  4665+  125                           41.0169       20.2456            50.64%
   4694   146       39.9049   101       41.0169       20.2456  1945168   50.64%
   4739   160       40.0553    45       41.0169       20.2456  1973072   50.64%
Elapsed time = 43.99 sec. (61707.39 ticks, tree = 1.24 MB, solutions = 10)
   4789   172       37.5333    91       41.0169       20.2456  1988617   50.64%
   4856   172       37.5266    61       41.0169       20.2456  1978248   50.64%
   4927   286       37.6491    82       41.0169       20.2456  2089281   50.64%
   5005   302       20.0776   266       41.0169       20.2456  2102081   50.64%
   5111   334       37.5415   103       41.0169       20.2456  2110560   50.64%
   5221   359       38.3707   137       41.0169       20.2456  2153902   50.64%
   5327   489       38.5150   118       41.0169       20.2456  2220804   50.64%
   5480   498       38.8428    67       41.0169       20.2456  2238605   50.64%
   5598   513       35.2711   152       41.0169       20.2456  2250415   50.64%
   5673   629       38.0219   157       41.0169       20.2456  2315988   50.64%
Elapsed time = 53.90 sec. (71338.49 ticks, tree = 1.83 MB, solutions = 10)
   5801   617        cutoff             41.0169       20.2456  2321264   50.64%
   5858   796       38.9352    74       41.0169       20.2456  2412339   50.64%
   5954   809       35.5463    79       41.0169       20.2456  2424662   50.64%
   6080   909       39.1099    96       41.0169       20.2456  2501956   50.64%
   6252   953       37.5619    59       41.0169       20.2456  2546892   50.64%
   6370   960       31.8393   137       41.0169       20.2456  2536366   50.64%
   6559  1013       31.0407   115       41.0169       20.2456  2579589   50.64%
   6763  1376       31.3020    77       41.0169       20.2456  2731048   50.64%
   7006  1323       33.4117   143       41.0169       20.2456  2703312   50.64%
   7216  1301       33.8601   206       41.0169       20.2456  2720334   50.64%
Elapsed time = 63.33 sec. (80960.94 ticks, tree = 3.13 MB, solutions = 10)
   7445  1465       33.7702    85       41.0169       20.2456  2798675   50.64%
   7597  1824       40.8285    50       41.0169       20.2456  2947115   50.64%
   7768  1959        cutoff             41.0169       20.2456  3029612   50.64%
   7871  2275        cutoff             41.0169       20.2456  3208256   50.64%
   7987  2320       33.7602   135       41.0169       20.2456  3260588   50.64%
   8124  2325       33.4816    75       41.0169       20.2456  3227736   50.64%
   8269  2446       36.2305   168       41.0169       20.2456  3363741   50.64%
   8608  2484       23.9115   105       41.0169       20.2456  3403697   50.64%
   9045  2502        cutoff             41.0169       20.2456  3396717   50.64%
   9228  2740       29.8965    61       41.0169       20.2456  3509809   50.64%
Elapsed time = 72.53 sec. (90547.78 ticks, tree = 7.00 MB, solutions = 10)
   9380  2821       33.4628    81       41.0169       20.2456  3565437   50.64%
   9481  2886       32.5946    63       41.0169       20.2456  3602053   50.64%
   9534  2949       31.8858   104       41.0169       20.2456  3660351   50.64%
   9574  3171       39.9518    87       41.0169       20.2456  3794128   50.64%
   9639  3235       40.8775    73       41.0169       20.2456  3913804   50.64%
   9797  3292       34.2743    55       41.0169       20.2456  3938517   50.64%
   9958  3269       32.0548   177       41.0169       20.2456  3929971   50.64%
  10115  3368       40.9179    53       41.0169       20.2456  4025206   50.64%
  10232  3453       30.4313   110       41.0169       20.2456  4068237   50.64%
  10365  3511       30.0894   101       41.0169       20.2456  4107555   50.64%
Elapsed time = 81.74 sec. (100202.28 ticks, tree = 8.54 MB, solutions = 10)
  10466  3652        cutoff             41.0169       20.2456  4246324   50.64%
  10568  3797        cutoff             41.0169       20.2456  4368497   50.64%
  10664  3827       30.3043   103       41.0169       20.2456  4397257   50.64%
  10743  3936       30.9068   110       41.0169       20.2456  4497182   50.64%
  10820  3931       35.6280   101       41.0169       20.2456  4482644   50.64%
  10958  4009       30.0964    61       41.0169       20.2456  4594561   50.64%
  11171  4119       34.3032    81       41.0169       20.2456  4661818   50.64%
  11392  4178       31.3103    62       41.0169       20.2456  4716341   50.64%
  11663  4178       31.0873   107       41.0169       20.2456  4717900   50.64%
  11847  4446       40.6648    12       41.0169       20.2456  4847078   50.64%
Elapsed time = 91.27 sec. (109805.03 ticks, tree = 10.45 MB, solutions = 10)
  12145  4740       31.2385    82       41.0169       20.2456  4979645   50.64%
  12421  4682       29.9840    76       41.0169       20.2456  4964726   50.64%
  12613  4855       30.0797    66       41.0169       23.8514  5056434   41.85%
  12715  5043       30.9556   184       41.0169       23.8514  5147836   41.85%
  12789  5414       30.9670   206       41.0169       23.8514  5335104   41.85%
  12852  5491       29.8286    47       41.0169       23.8514  5416468   41.85%
  12936  5498       32.7370    80       41.0169       23.8514  5429228   41.85%
  13078  5598       32.6051   226       41.0169       23.8514  5500379   41.85%
  13315  5607       30.0965   181       41.0169       25.7459  5535196   37.23%
  14328  6257       33.4550   104       41.0169       25.9616  5878615   36.71%
Elapsed time = 104.06 sec. (122319.55 ticks, tree = 14.25 MB, solutions = 10)
  15006  6945       32.3032    53       41.0169       27.4757  6250524   33.01%
  15497  7196        cutoff             41.0169       29.8286  6422100   27.28%
  16699  7378       40.9922    63       41.0169       29.8286  6520042   27.28%
  17842  8597       33.0643   108       41.0169       29.8286  7091999   27.28%
  18493  9372       32.3635   120       41.0169       29.8340  7469166   27.26%
  19316  9644       38.0885   112       41.0169       29.8511  7626126   27.22%
  20606 10666       30.7594   136       41.0169       29.9037  8122726   27.09%
* 20967+10588                           40.9013       29.9399            26.80%
  21323 10982       35.5541   119       40.9013       29.9570  8359189   26.76%
  21922 11414       33.1310    59       40.9013       29.9880  8627037   26.68%
  22989 11820       34.4445    81       40.9013       30.0239  8875736   26.59%
Elapsed time = 143.11 sec. (160506.24 ticks, tree = 25.98 MB, solutions = 11)
* 23642 12171      integral     0       40.3229       30.0309  9152319   25.52%
  23742 12540       40.1103   109       40.3229       30.0457  9373459   25.49%
  24147 12226       30.9375    65       40.3229       30.0562  9657887   25.46%
  24814 12345       39.6261    64       40.3229       30.0787  9767488   25.41%
  25925 12685       30.2506   152       40.3229       30.1097 10059276   25.33%
  26522 13308       37.8800    71       40.3229       30.1385 10538513   25.26%
  27054 13355       32.3552    76       40.3229       30.1929 10612087   25.12%
* 27593 13540      integral     0       40.0999       30.2488 11052360   24.57%
  27598 13484        cutoff             40.0999       30.2507 10965103   24.56%
  28119 13268       39.6763    65       40.0999       30.2507 11124962   24.56%
  28586 13502       32.6863    67       40.0999       30.2842 11382708   24.48%
  29230 13677       38.5086    72       40.0999       30.3416 11595529   24.34%
Elapsed time = 178.88 sec. (198740.80 ticks, tree = 29.87 MB, solutions = 13)
  30408 13928       39.8471    74       40.0999       30.4001 11830023   24.19%
  31419 14598       30.8286   101       40.0999       30.4468 12297411   24.07%
  31903 14930       32.5348    97       40.0999       30.5129 12532601   23.91%
  32341 15197       38.4536    68       40.0999       30.5179 12872848   23.90%
  33162 15438       32.4116   113       40.0999       30.6354 13081518   23.60%
  34178 15984       31.6122    72       40.0999       30.7252 13418291   23.38%
  34876 16565       34.3775   103       40.0999       30.8061 13805685   23.18%
  35299 17042        cutoff             40.0999       30.8286 14169372   23.12%
  35934 17194       35.7269    90       40.0999       30.8286 14275498   23.12%
  36932 17710       33.0997    76       40.0999       30.8286 14587207   23.12%
Elapsed time = 217.73 sec. (236932.54 ticks, tree = 42.77 MB, solutions = 13)
  38250 18141       39.4147    74       40.0999       30.8420 14926404   23.09%
  39249 18463       32.9828    57       40.0999       30.8722 15056856   23.01%
  39877 19307       31.9746   245       40.0999       30.9143 15678400   22.91%
  40499 19499       33.7479   116       40.0999       30.9249 15951399   22.88%
  41044 19564       34.7124    83       40.0999       30.9951 16040039   22.71%
  41610 19777       33.2281    51       40.0999       31.0251 16390411   22.63%
  42127 19903       34.9954   103       40.0999       31.0251 16671903   22.63%
  42593 20130        cutoff             40.0999       31.1104 16938528   22.42%
  43036 20188       33.7903   131       40.0999       31.1455 17089685   22.33%
  43535 20242       36.6841    41       40.0999       31.2039 17149679   22.18%
Elapsed time = 255.56 sec. (275229.28 ticks, tree = 48.14 MB, solutions = 13)
  44363 20602        cutoff             40.0999       31.2394 17623157   22.10%
  45385 20769       34.6952   120       40.0999       31.2531 17837509   22.06%
  46174 21069       35.6702   111       40.0999       31.2626 18162179   22.04%
  46548 21493       34.0489   111       40.0999       31.2626 18531503   22.04%

Performing restart 2

Repeating presolve.
Tried aggregator 1 time.
MIP Presolve eliminated 2 rows and 78 columns.
MIP Presolve modified 13321 coefficients.
Reduced MIP has 3979 rows, 2903 columns, and 88776 nonzeros.
Reduced MIP has 2727 binaries, 0 generals, 0 SOSs, and 0 indicators.
Presolve time = 0.08 sec. (181.63 ticks)
Tried aggregator 1 time.
Reduced MIP has 3979 rows, 2903 columns, and 88776 nonzeros.
Reduced MIP has 2727 binaries, 0 generals, 0 SOSs, and 0 indicators.
Presolve time = 0.03 sec. (56.80 ticks)
Represolve time = 0.22 sec. (431.23 ticks)
  46632     0       20.0619   312       40.0999      Cuts: 45 18939820   21.94%
  46632     0       20.0631   291       40.0999      Cuts: 44 18940934   21.94%
  46632     0       20.0644   289       40.0999      Cuts: 65 18942422   21.94%
  46632     0       20.0646   304       40.0999      Cuts: 54 18942619   21.94%
  46632     0       20.0647   295       40.0999      Cuts: 26 18942785   21.94%
  46632     0       20.0650   309       40.0999      Cuts: 41 18942965   21.94%
  46632     0       20.0650   309       40.0999      Cuts: 10 18943006   21.94%
  46632     0       20.0650   299       40.0999       Cuts: 8 18943413   21.94%
  46632     0       20.0652   306       40.0999      Cuts: 27 18943540   21.94%
  46632     2       20.0652   306       40.0999       31.3011 18943540   21.94%
  46633     3       38.0066    52       40.0999       31.3011 18947141   21.94%
  46635     4       38.0066    33       40.0999       31.3011 18950324   21.94%
  46654    13    infeasible             40.0999       31.3011 18965743   21.94%
  46725    26       38.1511    55       40.0999       31.3011 19018910   21.94%
  46840    31       29.3331   100       40.0999       31.3011 19063910   21.94%
Elapsed time = 304.79 sec. (358081.85 ticks, tree = 0.09 MB, solutions = 13)
  46956   111        cutoff             40.0999       31.3011 19195818   21.94%
  47181   169        cutoff             40.0999       31.3011 19262225   21.94%
* 47373+  226                           40.0360       31.3011            21.82%
  47606   253       31.1839   106       40.0360       31.3011 19314575   21.82%
  47938   529       33.7259    34       40.0360       31.3011 19482051   21.82%
  48523   844       33.0436   176       40.0360       31.3011 19608986   21.82%
  49231  1207       33.9709    79       40.0360       31.3011 19775836   21.82%
  49753  1360       37.4110    53       40.0360       31.3011 19875810   21.82%
  50073  1810       23.8702   133       40.0360       31.3011 20114328   21.82%
  50669  1896       21.9365   177       40.0360       31.3011 20179128   21.82%
  51258  2493       39.9419    80       40.0360       31.3011 20493405   21.82%
Elapsed time = 342.36 sec. (396332.65 ticks, tree = 56.15 MB, solutions = 14)
  51710  2768       39.9186    22       40.0360       31.3011 20686541   21.82%
  52145  3042       34.7259    30       40.0360       31.3011 20896870   21.82%
  53010  3345       29.9209   165       40.0360       31.3011 21085318   21.82%
  53374  3712       37.4110    57       40.0360       31.3011 21331229   21.82%
  54001  3939       30.9461   144       40.0360       31.3011 21445566   21.82%
  54730  4298       31.1963   117       40.0360       31.3011 21612415   21.82%
  55298  4861        cutoff             40.0360       31.3011 21894857   21.82%
  55480  5080       35.9817    76       40.0360       31.3011 22044183   21.82%
  55971  5264       32.0072   104       40.0360       31.3011 22210155   21.82%
* 56343+ 5244                           38.0066       31.3011            17.64%
  56567  5494        cutoff             38.0066       31.3011 22304044   17.64%
Elapsed time = 377.79 sec. (434557.20 ticks, tree = 120.26 MB, solutions = 15)
  57075  4741       33.2741    26       38.0066       31.3011 22523331   17.64%
  57320  5184       31.4054   120       38.0066       31.3011 22824526   17.64%
  57807  5334       30.5131    87       38.0066       31.3011 22959338   17.64%
  58468  5450        cutoff             38.0066       31.3011 23062268   17.64%
* 58810+ 5776                           37.6796       31.3011            16.93%
  58877  5883       32.0186    87       37.6796       31.3011 23408788   16.93%
  59249  5839       31.6143    62       37.6796       31.3011 23526800   16.93%
  59841  5887        cutoff             37.6796       31.3011 23561084   16.93%
  60318  6086       30.5881    57       37.6796       31.3011 23735270   16.93%
  60669  6278       33.3032    37       37.6796       31.3011 24057710   16.93%
  60996  6413       33.1052    56       37.6796       31.3011 24212015   16.93%
Elapsed time = 412.33 sec. (472781.39 ticks, tree = 129.30 MB, solutions = 16)
  61560  6448       36.1365   143       37.6796       31.3011 24289964   16.93%
  62182  6568        cutoff             37.6796       31.3011 24406782   16.93%
  62494  6875       33.4964   118       37.6796       31.3011 24788788   16.93%
  62789  7018       30.8964   162       37.6796       31.3011 24906896   16.93%
  63464  7023       34.0284   113       37.6796       31.3011 24931178   16.93%
  64121  7343    infeasible             37.6796       31.3011 25289071   16.93%
  64466  7588       32.9828    51       37.6796       31.3011 25593930   16.93%
  64861  7639       32.0968   124       37.6796       31.3011 25631433   16.93%
  65475  7781       32.2562    57       37.6796       31.3011 25788409   16.93%
  66242  7918        cutoff             37.6796       31.3011 25956812   16.93%
Elapsed time = 447.44 sec. (511000.35 ticks, tree = 156.03 MB, solutions = 16)
  66825  8123       32.3857    96       37.6796       31.3011 26155674   16.93%
  67150  8381       32.8301    79       37.6796       31.3011 26468105   16.93%
  67503  8449       33.2536   120       37.6796       31.3011 26528585   16.93%
  67997  8513        cutoff             37.6796       31.3011 26644882   16.93%
  68723  8631        cutoff             37.6796       31.3011 26860016   16.93%
  69269  8784        cutoff             37.6796       31.3198 27007194   16.88%
  69610  8993       35.4269    91       37.6796       31.3940 27237266   16.68%
  69992  9073       31.8503   104       37.6796       31.4008 27408405   16.66%
  70702  9146       32.4697   116       37.6796       31.5112 27461314   16.37%
  71450  9247       32.5753   165       37.6796       31.6408 27569393   16.03%
Elapsed time = 482.68 sec. (549239.52 ticks, tree = 182.34 MB, solutions = 16)
  71909  9507        cutoff             37.6796       31.6706 27889919   15.95%
  72263  9747        cutoff             37.6796       31.7122 28096027   15.84%
  72608  9808       36.3351    49       37.6796       31.7122 28182690   15.84%
  73226  9935       32.0042   139       37.6796       31.8286 28377220   15.53%
  74077 10040       34.9429   152       37.6796       31.8374 28536779   15.50%
  74849 10112        cutoff             37.6796       31.8645 28593122   15.43%
  75374 10340       34.3351    57       37.6796       31.9122 28955782   15.31%
  75757 10451        cutoff             37.6796       31.9635 29119323   15.17%
  76164 10492       32.3272   136       37.6796       31.9828 29221449   15.12%
  76577 10543       36.0181    38       37.6796       31.9828 29376929   15.12%
Elapsed time = 516.45 sec. (587492.81 ticks, tree = 206.22 MB, solutions = 16)
  77250 10591       32.3032    56       37.6796       31.9828 29531500   15.12%
  78125 10690       33.5987    84       37.6796       32.0277 29637105   15.00%
  78814 10729        cutoff             37.6796       32.0720 29736785   14.88%
  79251 11578       32.6692   111       37.6796       32.1590 30293191   14.65%
  79597 11645       37.0201    86       37.6796       32.2309 30425895   14.46%
  79946 11725       32.3032    37       37.6796       32.3032 30483639   14.27%
  80389 11915       32.3041    60       37.6796       32.3032 30640069   14.27%
  81227 12027       35.2377    95       37.6796       32.3032 30711378   14.27%
  82005 12193       35.7784    84       37.6796       32.3032 30837213   14.27%
  82711 12648        cutoff             37.6796       32.3032 31281625   14.27%
Elapsed time = 553.25 sec. (625699.87 ticks, tree = 264.42 MB, solutions = 16)
  83099 12747       33.3803    51       37.6796       32.3032 31412608   14.27%
  83516 12812       33.5507   105       37.6796       32.3032 31566470   14.27%
  84006 12873       32.7768    45       37.6796       32.3032 31646784   14.27%
  84444 13020       36.7896    92       37.6796       32.3152 31873526   14.24%
  85053 13077       35.5388    96       37.6796       32.3351 31976898   14.18%
  85793 13097       32.9167   157       37.6796       32.3351 32005191   14.18%
  86763 13149       34.8945    66       37.6796       32.3351 32274662   14.18%
  87490 13160        cutoff             37.6796       32.3351 32197743   14.18%
  88067 13296        cutoff             37.6796       32.3351 32512407   14.18%
  88552 13421       34.1244    87       37.6796       32.3836 32701553   14.06%
Elapsed time = 585.97 sec. (663971.87 ticks, tree = 262.54 MB, solutions = 16)
  89036 13529        cutoff             37.6796       32.4110 32939390   13.98%
  89655 13778       36.5758    94       37.6796       32.4524 33170653   13.87%
  90674 13802        cutoff             37.6796       32.4811 33269725   13.80%
  91785 13925        cutoff             37.6796       32.5186 33526986   13.70%
  92764 13969       33.0598    79       37.6796       32.5428 33660281   13.63%
  93334 13993       35.3946   200       37.6796       32.5622 33694579   13.58%
  93879 14095       34.1116    71       37.6796       32.5865 33850952   13.52%
  94348 14079       35.4238    79       37.6796       32.6237 34443676   13.42%
  94819 14082       36.4573    66       37.6796       32.6593 34529035   13.32%
  95333 14045        cutoff             37.6796       32.6825 34509912   13.26%
Elapsed time = 621.11 sec. (702168.02 ticks, tree = 279.78 MB, solutions = 16)
  95919 14035        cutoff             37.6796       32.7105 34612404   13.19%
  96575 13909        cutoff             37.6796       32.7503 34879862   13.08%
  97357 14001        cutoff             37.6796       32.7744 34992312   13.02%
  98196 14047       37.5448    95       37.6796       32.8160 35160634   12.91%
  98967 14159        cutoff             37.6796       32.8452 35583942   12.83%
  99510 14187        cutoff             37.6796       32.8744 35557355   12.75%
  99923 14264       34.4893    52       37.6796       32.9170 35711870   12.64%
 100351 14337       33.8647   113       37.6796       32.9750 35934481   12.49%
 100775 14360       33.7982    79       37.6796       33.0208 35972557   12.36%
 101246 14402       34.9868    68       37.6796       33.0570 36174095   12.27%
Elapsed time = 655.65 sec. (740394.21 ticks, tree = 284.70 MB, solutions = 16)
 101926 14543       35.3351    55       37.6796       33.0904 36386341   12.18%
 102799 14505       34.3043   158       37.6796       33.1263 36314689   12.08%
 103764 14505        cutoff             37.6796       33.1832 36581718   11.93%
 104652 14721       35.3351    68       37.6796       33.2557 36972887   11.74%
 105195 14732       35.5131    84       37.6796       33.3024 36977804   11.62%
 105661 14720        cutoff             37.6796       33.3032 37031718   11.61%
 106168 14892       35.5458    58       37.6796       33.3056 37564836   11.61%
 106758 14888        cutoff             37.6796       33.3293 37529665   11.55%
 107235 14867       33.6472    69       37.6796       33.3351 37823848   11.53%
 107692 14798       33.7259    29       37.6796       33.3351 37895235   11.53%
Elapsed time = 691.30 sec. (778579.66 ticks, tree = 295.67 MB, solutions = 16)
 108220 14739       33.9612    52       37.6796       33.3351 37965974   11.53%
 108877 14781       33.9802    70       37.6796       33.3506 38152696   11.49%
 109688 14814       35.0307   112       37.6796       33.3935 38232615   11.37%
 110574 14826       36.2182    67       37.6796       33.4377 38328379   11.26%
 111343 15175        cutoff             37.6796       33.4596 38650483   11.20%
 112094 15203       34.8009    42       37.6796       33.5160 38667431   11.05%
 112649 15292       33.7259    45       37.6796       33.5462 38773047   10.97%
 113085 15717        cutoff             37.6796       33.5754 39418707   10.89%
 113490 15565        cutoff             37.6796       33.6119 39346963   10.80%
 113879 15860       33.7377   105       37.6796       33.6412 39582281   10.72%
Elapsed time = 726.92 sec. (816780.47 ticks, tree = 315.24 MB, solutions = 16)
 114296 16192       35.3033   106       37.6796       33.6767 39866454   10.62%
 115075 16386       36.4941   107       37.6796       33.7259 39987015   10.49%
 116096 16196       34.3702    67       37.6796       33.7259 39898893   10.49%
 117052 16486        cutoff             37.6796       33.7259 40075267   10.49%
 117825 16543        cutoff             37.6796       33.7259 40164964   10.49%
 118780 16637        cutoff             37.6796       33.7259 40256730   10.49%
 119629 17243       33.7259    51       37.6796       33.7259 40762942   10.49%
 120283 17404        cutoff             37.6796       33.7259 41262094   10.49%
 120859 17530       33.7300   104       37.6796       33.7259 41354026   10.49%
 121297 17565        cutoff             37.6796       33.7259 41751013   10.49%
Elapsed time = 764.47 sec. (854977.35 ticks, tree = 389.07 MB, solutions = 16)
 121841 17529        cutoff             37.6796       33.7259 41740366   10.49%
 122275 17636        cutoff             37.6796       33.7259 41849279   10.49%
 122710 17556        cutoff             37.6796       33.7259 42040277   10.49%
 123240 17665        cutoff             37.6796       33.7259 41900423   10.49%
 123859 17434        cutoff             37.6796       33.7259 42370017   10.49%
 124661 17519        cutoff             37.6796       33.7259 42306966   10.49%
 125700 17408        cutoff             37.6796       33.7259 42568986   10.49%
 126865 17330       35.6151    79       37.6796       33.7354 42883275   10.47%
 127792 17309        cutoff             37.6796       33.7378 42977675   10.46%
 128454 17306       34.7301   137       37.6796       33.7378 42994722   10.46%
Elapsed time = 799.86 sec. (893157.39 ticks, tree = 371.42 MB, solutions = 16)
 129034 17219       35.1732    95       37.6796       33.7795 43157449   10.35%
 129614 17142       35.7698    72       37.6796       33.8478 43623587   10.17%
 130044 17081        cutoff             37.6796       33.8559 43754377   10.15%
 130496 17159        cutoff             37.6796       33.9132 43617494   10.00%
 130984 16937       34.7259    38       37.6796       33.9628 44077058    9.86%
 131366 16937       36.2566   140       37.6796       33.9781 44085927    9.82%
 131732 16811       34.3351    39       37.6796       34.0054 44374432    9.75%
 132247 16792       35.2382   117       37.6796       34.0592 44403879    9.61%
 132983 16774       35.8843    99       37.6796       34.0626 44512667    9.60%
 133839 16748       34.3351    78       37.6796       34.1033 44785738    9.49%
Elapsed time = 834.78 sec. (931406.42 ticks, tree = 360.93 MB, solutions = 16)
 134746 16676        cutoff             37.6796       34.1522 44883348    9.36%
 135643 16785       36.0388   100       37.6796       34.1673 44818481    9.32%
 136510 16529        cutoff             37.6796       34.1956 45028189    9.25%
 137069 16301       36.7271   104       37.6796       34.2611 45512814    9.07%
 137610 16211        cutoff             37.6796       34.2841 45803183    9.01%
 138178 16179        cutoff             37.6796       34.3032 45858767    8.96%
 138720 15887        cutoff             37.6796       34.3047 46274988    8.96%
 139292 16047        cutoff             37.6796       34.3320 46106730    8.88%
 139823 15728       34.8228    50       37.6796       34.3351 46403005    8.88%
 140330 15763       36.0584   100       37.6796       34.3351 46383143    8.88%
Elapsed time = 870.13 sec. (969619.48 ticks, tree = 339.56 MB, solutions = 16)
 140868 15622       37.0739    18       37.6796       34.3579 46721236    8.82%
 141301 15583       36.8894    28       37.6796       34.3645 46822267    8.80%
 141776 15559       34.7531   114       37.6796       34.3921 46942869    8.72%
 142278 15532        cutoff             37.6796       34.4426 47106044    8.59%
 142803 15600       34.7259    48       37.6796       34.4570 47211394    8.55%
 143695 15544        cutoff             37.6796       34.4640 47376581    8.53%
 144704 15592       35.2443    85       37.6796       34.5073 47271870    8.42%
 145737 15563        cutoff             37.6796       34.5154 47654368    8.40%
 146731 15613       37.1392    87       37.6796       34.5488 47634157    8.31%
 147531 15704       34.7754    99       37.6796       34.6127 47886654    8.14%
Elapsed time = 906.65 sec. (1007792.99 ticks, tree = 349.13 MB, solutions = 16)
 148226 15546        cutoff             37.6796       34.6443 47776202    8.06%
 148842 15785        cutoff             37.6796       34.6775 48609363    7.97%
 149373 15775        cutoff             37.6796       34.7259 48613614    7.84%
 150005 15798       34.9829   115       37.6796       34.7259 48737399    7.84%
 150561 15609        cutoff             37.6796       34.7259 48944018    7.84%
 151117 15254        cutoff             37.6796       34.7259 49282271    7.84%
 151671 15386        cutoff             37.6796       34.7259 49162058    7.84%
 152256 15052        cutoff             37.6796       34.7259 49457134    7.84%
 153066 15116        cutoff             37.6796       34.7259 49411282    7.84%
 154354 14538        cutoff             37.6796       34.7259 49772405    7.84%
Elapsed time = 939.58 sec. (1045995.62 ticks, tree = 319.29 MB, solutions = 16)
 155252 14081       36.8800    23       37.6796       34.8357 49987394    7.55%
 155884 14100        cutoff             37.6796       34.9125 49968737    7.34%
 156533 13716       36.4893    43       37.6796       34.9184 50173487    7.33%
 157125 13465        cutoff             37.6796       35.0180 50333665    7.06%
 157828 13584        cutoff             37.6796       35.0414 50256604    7.00%
 158414 13376       35.8742   107       37.6796       35.1054 50395972    6.83%
 159018 13012        cutoff             37.6796       35.1274 50658439    6.77%
 159651 12991        cutoff             37.6796       35.1792 50685317    6.64%
 160324 12509        cutoff             37.6796       35.1983 50998321    6.59%
 161021 12286       37.6298    84       37.6796       35.2220 51113617    6.52%
Elapsed time = 974.32 sec. (1084212.87 ticks, tree = 266.45 MB, solutions = 16)
 162177 12168        cutoff             37.6796       35.2987 51210918    6.32%
 163115 11414        cutoff             37.6796       35.3979 51575418    6.06%
 163622 11345        cutoff             37.6796       35.4134 51702715    6.01%
 164083 11350       36.4893    63       37.6796       35.4134 51709343    6.01%
 164655 11156        cutoff             37.6796       35.4770 51810543    5.85%
 165137 11026       35.8725   100       37.6796       35.4893 52108805    5.81%
 165732 11002       35.7259    43       37.6796       35.4943 52158143    5.80%
 166322 10989        cutoff             37.6796       35.5485 52166408    5.66%
 167341 10797        cutoff             37.6796       35.5658 52394500    5.61%
 168692 10601       37.0360    33       37.6796       35.5822 52562504    5.57%
Elapsed time = 1010.52 sec. (1122438.74 ticks, tree = 225.52 MB, solutions = 16)
 169770 10079       36.2000    20       37.6796       35.6207 52972967    5.46%
 170606  9852        cutoff             37.6796       35.7259 53183915    5.18%
 171476  9964       37.6232    25       37.6796       35.7259 53116662    5.18%
 172396  9552        cutoff             37.6796       35.7259 53373971    5.18%
 173430  8756        cutoff             37.6796       35.8800 53622546    4.78%
 174055  8419       36.7609    82       37.6796       35.8937 53707616    4.74%
 174567  8544       36.2005    61       37.6796       35.9018 53696553    4.72%
 175042  8205        cutoff             37.6796       35.9566 53847219    4.57%
 175915  8274       36.2005    19       37.6796       35.9875 54058197    4.49%
 176954  8236       36.7785    72       37.6796       36.0199 53891435    4.40%
Elapsed time = 1046.44 sec. (1160694.35 ticks, tree = 169.67 MB, solutions = 16)
 178185  8234       36.6785    88       37.6796       36.0759 54297099    4.26%
 179553  8296       36.2324    36       37.6796       36.1276 54401939    4.12%
 180860  8239        cutoff             37.6796       36.1628 54860239    4.03%
 182067  8290       36.9489   103       37.6796       36.1628 54874915    4.03%
 182829  7813        cutoff             37.6796       36.2077 55278063    3.91%
 183609  7546        cutoff             37.6796       36.2077 55445959    3.91%
 184497  7208       36.5597    65       37.6796       36.2324 55593989    3.84%
 185450  7451        cutoff             37.6796       36.2324 55524734    3.84%
 186560  6092        cutoff             37.6796       36.2324 55881123    3.84%
 187618  5351       36.6710   105       37.6796       36.3585 56004167    3.51%
Elapsed time = 1083.65 sec. (1198870.43 ticks, tree = 98.44 MB, solutions = 16)
 188501  4856        cutoff             37.6796       36.4078 56166974    3.38%
 189540  4322        cutoff             37.6796       36.5658 56322029    2.96%
 190440  3908        cutoff             37.6796       36.5658 56410281    2.96%
 191497  3348        cutoff             37.6796       36.5658 56582427    2.96%
 193122  2275       37.2324    28       37.6796       36.9630 56729601    1.90%
 194211  2137    infeasible             37.6796       36.9994 56798835    1.81%
 196036  1605        cutoff             37.6796       37.0114 56980482    1.77%
 197014  1382        cutoff             37.6796       37.2324 57133590    1.19%
 197832   745        cutoff             37.6796       37.2603 57401474    1.11%
 198239   721        cutoff             37.6796       37.4310 57443568    0.66%
Elapsed time = 1119.72 sec. (1237056.83 ticks, tree = 9.10 MB, solutions = 16)
 198971   430       37.6379    46       37.6796       37.4310 57615645    0.66%
 199235   699        cutoff             37.6796       37.4573 57461315    0.59%
 199368   569       37.5266    54       37.6796       37.5266 57584089    0.41%
 199468    39        cutoff             37.6796       37.5266 57862228    0.41%
 199495    34       37.5984    64       37.6796       37.5266 57872222    0.41%

GUB cover cuts applied:  30
Clique cuts applied:  1
Cover cuts applied:  794
Implied bound cuts applied:  27
Flow cuts applied:  2
Mixed integer rounding cuts applied:  80
Zero-half cuts applied:  49
Lift and project cuts applied:  15
Gomory fractional cuts applied:  4

Root node processing (before b&c):
  Real time             =    3.38 sec. (6819.20 ticks)
Parallel b&c, 16 threads:
  Real time             = 1125.97 sec. (1249737.38 ticks)
  Sync time (average)   =  457.87 sec.
  Wait time (average)   =    0.03 sec.
                          ------------
Total (root+branch&cut) = 1129.35 sec. (1256556.58 ticks)
Feasible solution found!
Truck nodes:
Truck at node 0 at stage 1
Truck at node 9 at stage 2
Truck at node 6 at stage 3
Truck at node 7 at stage 4
Truck at node 10 at stage 5
Truck at node 11 at stage 6

Truck arcs:
Arc 1 connecting 0 and 9 with cost 1.31706 
Arc 2 connecting 9 and 6 with cost 13.352 
Arc 3 connecting 6 and 7 with cost 1.13809 
Arc 4 connecting 7 and 10 with cost 12.1655 
Arc 5 connecting 10 and 11 with cost 6.43835 
Truck route length: 34.411
Customer 1 was served by drone!
Customer 2 was served by drone!
Customer 3 was served by drone!
Customer 4 was served by drone!
Customer 5 was served by drone!
Customer 8 was served by drone!
served customer 2 with st stage 1
start from stage 1 at node 0
end at node 6
end at stage 3
served customer 4 with st stage 1
start from stage 1 at node 0
end at node 6
end at stage 3
served customer 8 with st stage 1
start from stage 1 at node 0
end at node 6
end at stage 3
served customer 1 with st stage 4
start from stage 4 at node 7
end at node 11
end at stage 6
served customer 3 with st stage 4
start from stage 4 at node 7
end at node 11
end at stage 6
served customer 5 with st stage 4
start from stage 4 at node 7
end at node 11
end at stage 6
Printing wait:
wait[4][6]== 0.26861
Printing z(k, k') and drone travel time: 
---------------------------------------------------------------
Sortie starts at stage 1 and ends at stage 3
Start node: 0
End node: 6
Customer served in this sortie:2 4 8 
Drone arcs during this sortie:
0-->2, l = 4.55002
2-->4, l = 2.78952
4-->8, l = 0.984316
8-->6, l = 3.02824
Truck arcs during this sortie:
0---9, l = 1.31706
9---6, l = 13.352
Drone travel time during sortie: 11.3521
Truck travel time during sortie: 14.669
Wait time for this sortie: 0
---------------------------------------------------------------
---------------------------------------------------------------
Sortie starts at stage 4 and ends at stage 6
Start node: 7
End node: 11
Customer served in this sortie:1 3 5 
Drone arcs during this sortie:
1-->11, l = 9.81661
3-->1, l = 2.81169
5-->3, l = 5.84064
7-->5, l = 0.403494
Truck arcs during this sortie:
7---10, l = 12.1655
10---11, l = 6.43835
Drone travel time during sortie: 18.8724
Truck travel time during sortie: 18.6038
Wait time for this sortie: 0.26861
---------------------------------------------------------------
Printing zl:
zl[1][0] = 1
zl[4][7] = 1
Printing zr:
zr[1][6] = 1
zr[4][11] = 1
Printing zs:
zs[1][2] = 1
zs[1][4] = 1
zs[1][8] = 1
zs[4][1] = 1
zs[4][3] = 1
zs[4][5] = 1
Printing x_d:
x_d[0][2] = 1
x_d[1][11] = 1
x_d[2][4] = 1
x_d[3][1] = 1
x_d[4][8] = 1
x_d[5][3] = 1
x_d[7][5] = 1
x_d[8][6] = 1
Done!
Solve time: 1129.37
OBJECTIVE VALUE: 37.6796.
In write mode
