Instance name: /home/cuong/CLionProjects/uMV-FSTSP/50_dis_rand_ins/v27
Write arg val: 1

drone speed: 1 miles/minute
uav non-eligible customer: 2 11 
Printing tau:
0 12.4004 31.8907 46.2656 52.4964 29.7959 43.6243 56.0833 55.53 74.3999 91.8029 0 
12.4004 0 36.6015 58.666 40.3982 17.6978 31.5261 43.6829 43.1295 62.3017 79.7048 12.4004 
31.8907 36.6015 0 22.0645 44.5935 37.0504 54.1885 80.2845 79.7311 42.5092 59.9122 31.8907 
46.2656 58.666 22.0645 0 66.658 59.1149 76.253 102.349 101.796 64.3017 68.0726 46.2656 
52.4964 40.3982 44.5935 66.658 0 22.7005 9.59498 35.691 35.1376 21.9035 39.3065 52.4964 
29.7959 17.6978 37.0504 59.1149 22.7005 0 17.1381 43.2341 42.6807 44.604 62.007 29.7959 
43.6243 31.5261 54.1885 76.253 9.59498 17.1381 0 26.096 25.5426 30.7756 48.1786 43.6243 
56.0833 43.6829 80.2845 102.349 35.691 43.2341 26.096 0 9.89784 38.0472 47.6512 56.0833 
55.53 43.1295 79.7311 101.796 35.1376 42.6807 25.5426 9.89784 0 37.4939 37.7534 55.53 
74.3999 62.3017 42.5092 64.3017 21.9035 44.604 30.7756 38.0472 37.4939 0 17.403 74.3999 
91.8029 79.7048 59.9122 68.0726 39.3065 62.007 48.1786 47.6512 37.7534 17.403 0 91.8029 
0 0 0 0 0 0 0 0 0 0 0 0 
Printing tau_prime:
0 2.45004 5.66164 8.62028 7.96457 4.5889 7.48641 10.0943 10.9589 10.8265 13.3442 0 
2.45004 0 5.88459 9.16818 5.8239 2.50365 5.10529 7.66241 8.50891 8.84677 11.3502 2.45004 
5.66164 5.88459 0 3.30939 6.94719 5.24808 7.84101 11.4856 11.703 8.47469 10.6829 5.66164 
8.62028 9.16818 3.30939 0 9.59938 8.47629 10.7982 14.4881 14.5387 10.3342 12.1244 8.62028 
7.96457 5.8239 6.94719 9.59938 0 3.38293 1.84812 5.18359 4.97406 3.1155 5.56238 7.96457 
4.5889 2.50365 5.24808 8.47629 3.38293 0 3.11428 6.44247 6.94245 6.35046 8.86015 4.5889 
7.48641 5.10529 7.84101 10.7982 1.84812 3.11428 0 3.69128 3.90156 4.66898 6.911 7.48641 
10.0943 7.66241 11.4856 14.4881 5.18359 6.44247 3.69128 0 1.40195 6.87393 8.30122 10.0943 
10.9589 8.50891 11.703 14.5387 4.97406 6.94245 3.90156 1.40195 0 6.03312 7.15899 10.9589 
10.8265 8.84677 8.47469 10.3342 3.1155 6.35046 4.66898 6.87393 6.03312 0 2.51827 10.8265 
13.3442 11.3502 10.6829 12.1244 5.56238 8.86015 6.911 8.30122 7.15899 2.51827 0 13.3442 
0 0 0 0 0 0 0 0 0 0 0 0 
Printing number of nodes: 11

Version identifier: 22.1.1.0 | 2022-11-28 | 9160aff4d
CPXPARAM_ClockType                               0
CPXPARAM_Emphasis_MIP                            2
CPXPARAM_MIP_Tolerances_Integrality              0
Tried aggregator 2 times.
MIP Presolve eliminated 563 rows and 1232 columns.
MIP Presolve modified 855 coefficients.
Aggregator did 38 substitutions.
Reduced MIP has 5530 rows, 445 columns, and 160706 nonzeros.
Reduced MIP has 436 binaries, 0 generals, 0 SOSs, and 0 indicators.
Presolve time = 0.09 sec. (341.11 ticks)
Found incumbent of value 534.873900 after 0.13 sec. (432.27 ticks)
Probing fixed 77 vars, tightened 0 bounds.
Probing time = 0.02 sec. (17.13 ticks)
Cover probing fixed 6 vars, tightened 0 bounds.
Tried aggregator 2 times.
MIP Presolve eliminated 109 rows and 87 columns.
MIP Presolve added 2 rows and 0 columns.
MIP Presolve modified 104 coefficients.
Aggregator did 4 substitutions.
Reduced MIP has 5419 rows, 354 columns, and 159957 nonzeros.
Reduced MIP has 345 binaries, 0 generals, 0 SOSs, and 0 indicators.
Presolve time = 0.10 sec. (279.31 ticks)
Probing fixed 1 vars, tightened 0 bounds.
Probing changed sense of 10 constraints.
Probing time = 0.02 sec. (16.90 ticks)
Tried aggregator 1 time.
MIP Presolve eliminated 66 rows and 87 columns.
MIP Presolve modified 22 coefficients.
Reduced MIP has 5353 rows, 267 columns, and 159647 nonzeros.
Reduced MIP has 259 binaries, 0 generals, 0 SOSs, and 0 indicators.
Presolve time = 0.07 sec. (188.80 ticks)
Probing time = 0.01 sec. (10.07 ticks)
Tried aggregator 1 time.
Detecting symmetries...
Reduced MIP has 5353 rows, 267 columns, and 159647 nonzeros.
Reduced MIP has 259 binaries, 0 generals, 0 SOSs, and 0 indicators.
Presolve time = 0.03 sec. (85.75 ticks)
Probing time = 0.01 sec. (11.16 ticks)
Clique table members: 14745.
MIP emphasis: optimality.
MIP search method: dynamic search.
Parallel mode: deterministic, using up to 20 threads.
Root relaxation solution time = 0.03 sec. (42.74 ticks)

        Nodes                                         Cuts/
   Node  Left     Objective  IInf  Best Integer    Best Bound    ItCnt     Gap

*     0+    0                          534.8739       -5.0000           100.93%
      0     0      159.4855    86      534.8739      159.4855      361   70.18%
*     0+    0                          165.4910      159.4855             3.63%
      0     0        cutoff            165.4910      165.4910      395    0.00%
Elapsed time = 0.59 sec. (1467.35 ticks, tree = 0.01 MB, solutions = 2)

Clique cuts applied:  35
Implied bound cuts applied:  5
Mixed integer rounding cuts applied:  2
Zero-half cuts applied:  10
Gomory fractional cuts applied:  23

Root node processing (before b&c):
  Real time             =    0.59 sec. (1467.89 ticks)
Parallel b&c, 20 threads:
  Real time             =    0.00 sec. (0.00 ticks)
  Sync time (average)   =    0.00 sec.
  Wait time (average)   =    0.00 sec.
                          ------------
Total (root+branch&cut) =    0.59 sec. (1467.89 ticks)
Truck arcs:
0 1
1 5
2 11
4 9
5 6
6 4
9 2
customer 3 is served by drone
start of this sortie: 1
end of this sortie: 5

customer 7 is served by drone
start of this sortie: 0
end of this sortie: 1

customer 8 is served by drone
start of this sortie: 6
end of this sortie: 4

customer 10 is served by drone
start of this sortie: 5
end of this sortie: 6

165.491
In write mode
