Instance name: /home/cuong/CLionProjects/uMV-FSTSP/50_dis_rand_ins/v31
Write arg val: 1

drone speed: 1 miles/minute
uav non-eligible customer: 11 
Printing tau:
0 2.68356 52.8197 55.4425 52.4508 43.4623 35.6886 50.8334 67.9401 107.267 99.772 0 
2.68356 0 50.8316 52.759 49.7673 40.7787 33.005 48.1499 65.2565 104.583 97.0884 2.68356 
52.8197 50.8316 0 9.7294 55.1742 45.9755 51.2842 76.1681 91.1743 61.5536 54.5375 52.8197 
55.4425 52.759 9.7294 0 46.1359 36.9372 42.2459 67.1298 82.136 51.8241 45.4992 55.4425 
52.4508 49.7673 55.1742 46.1359 0 9.19876 16.7622 20.9939 36.0001 54.8158 47.3212 52.4508 
43.4623 40.7787 45.9755 36.9372 9.19876 0 7.7737 30.1926 45.1989 63.8044 56.3097 43.4623 
35.6886 33.005 51.2842 42.2459 16.7622 7.7737 0 24.884 39.8902 71.5781 64.0834 35.6886 
50.8334 48.1499 76.1681 67.1298 20.9939 30.1926 24.884 0 17.1066 56.4332 48.9385 50.8334 
67.9401 65.2565 91.1743 82.136 36.0001 45.1989 39.8902 17.1066 0 39.3266 36.6368 67.9401 
107.267 104.583 61.5536 51.8241 54.8158 63.8044 71.5781 56.4332 39.3266 0 7.49468 107.267 
99.772 97.0884 54.5375 45.4992 47.3212 56.3097 64.0834 48.9385 36.6368 7.49468 0 99.772 
0 0 0 0 0 0 0 0 0 0 0 0 
Printing tau_prime:
0 0.472319 9.87888 9.99068 7.42514 6.22224 5.0518 7.91099 11.0335 15.1706 14.112 0 
0.472319 0 9.41848 9.5186 7.0649 5.80773 4.66806 7.69461 10.8498 14.7968 13.7404 0.472319 
9.87888 9.41848 0 1.87804 7.86078 6.5097 7.38993 10.7961 13.2716 11.5733 10.8597 9.87888 
9.99068 9.5186 1.87804 0 6.53831 5.49159 6.59535 9.51594 11.7495 9.6962 8.98363 9.99068 
7.42514 7.0649 7.86078 6.53831 0 1.81885 2.43354 2.97778 5.54242 7.75413 6.69283 7.42514 
6.22224 5.80773 6.5097 5.49159 1.81885 0 1.33126 4.39529 7.26925 9.09312 8.05492 6.22224 
5.0518 4.66806 7.38993 6.59535 2.43354 1.33126 0 4.11966 7.25449 10.1296 9.07443 5.0518 
7.91099 7.69461 10.7961 9.51594 2.97778 4.39529 4.11966 0 3.21814 8.57827 7.56685 7.91099 
11.0335 10.8498 13.2716 11.7495 5.54242 7.26925 7.25449 3.21814 0 7.66013 6.86371 11.0335 
15.1706 14.7968 11.5733 9.6962 7.75413 9.09312 10.1296 8.57827 7.66013 0 1.06341 15.1706 
14.112 13.7404 10.8597 8.98363 6.69283 8.05492 9.07443 7.56685 6.86371 1.06341 0 14.112 
0 0 0 0 0 0 0 0 0 0 0 0 
Printing number of nodes: 11

Version identifier: 22.1.1.0 | 2022-11-28 | 9160aff4d
CPXPARAM_ClockType                               0
CPXPARAM_Emphasis_MIP                            2
CPXPARAM_MIP_Tolerances_Integrality              0
Tried aggregator 3 times.
MIP Presolve eliminated 344 rows and 1159 columns.
MIP Presolve modified 864 coefficients.
Aggregator did 38 substitutions.
Reduced MIP has 5605 rows, 518 columns, and 163526 nonzeros.
Reduced MIP has 508 binaries, 0 generals, 0 SOSs, and 0 indicators.
Presolve time = 0.13 sec. (457.14 ticks)
Found incumbent of value 504.574160 after 0.17 sec. (551.96 ticks)
Probing fixed 90 vars, tightened 0 bounds.
Probing changed sense of 4 constraints.
Probing time = 0.02 sec. (21.00 ticks)
Cover probing fixed 10 vars, tightened 0 bounds.
Tried aggregator 2 times.
MIP Presolve eliminated 119 rows and 115 columns.
MIP Presolve modified 128 coefficients.
Aggregator did 3 substitutions.
Reduced MIP has 5481 rows, 400 columns, and 162669 nonzeros.
Reduced MIP has 390 binaries, 0 generals, 0 SOSs, and 0 indicators.
Presolve time = 0.11 sec. (291.29 ticks)
Probing fixed 2 vars, tightened 0 bounds.
Probing changed sense of 2 constraints.
Probing time = 0.03 sec. (17.93 ticks)
Tried aggregator 1 time.
Detecting symmetries...
MIP Presolve eliminated 56 rows and 78 columns.
MIP Presolve modified 117 coefficients.
Reduced MIP has 5421 rows, 322 columns, and 162350 nonzeros.
Reduced MIP has 312 binaries, 0 generals, 0 SOSs, and 0 indicators.
Presolve time = 0.08 sec. (216.12 ticks)
Probing changed sense of 2 constraints.
Probing time = 0.01 sec. (13.08 ticks)
Clique table members: 21467.
MIP emphasis: optimality.
MIP search method: dynamic search.
Parallel mode: deterministic, using up to 20 threads.
Root relaxation solution time = 0.08 sec. (87.47 ticks)

        Nodes                                         Cuts/
   Node  Left     Objective  IInf  Best Integer    Best Bound    ItCnt     Gap

*     0+    0                          504.5742       -4.0000           100.79%
*     0+    0                          314.9368       -4.0000           101.27%
      0     0      164.3431    98      314.9368      164.3431      512   47.82%
*     0+    0                          231.3740      164.3431            28.97%
      0     0      172.9313   108      231.3740      Cuts: 96      655   21.80%
      0     0      176.2278   115      231.3740     Cuts: 108      837   21.80%
      0     0      177.3212   125      231.3740      Cuts: 51      910   21.80%
      0     0      177.8656   137      231.3740      Cuts: 11      944   21.80%
      0     0      178.3009   135      231.3740      Cuts: 16      977   21.80%
Detecting symmetries...
      0     0      178.5284   127      231.3740      Cuts: 24     1004   18.87%
      0     0      179.3455   120      231.3740      Cuts: 12     1039   18.87%
      0     0      179.9181   125      231.3740      Cuts: 11     1074   18.87%
*     0+    0                          219.5161      187.7205            14.48%
      0     0      180.2073   135      219.5161      Cuts: 25     1093   10.98%
Detecting symmetries...
      0     2      180.2073   131      219.5161      203.2625     1093    7.40%
Elapsed time = 1.39 sec. (2867.12 ticks, tree = 0.02 MB, solutions = 4)
      9     4        cutoff            219.5161      203.2625     2077    7.40%

Clique cuts applied:  42
Implied bound cuts applied:  20
Flow cuts applied:  1
Zero-half cuts applied:  21
Gomory fractional cuts applied:  2

Root node processing (before b&c):
  Real time             =    1.26 sec. (2848.57 ticks)
Parallel b&c, 20 threads:
  Real time             =    0.33 sec. (366.23 ticks)
  Sync time (average)   =    0.21 sec.
  Wait time (average)   =    0.00 sec.
                          ------------
Total (root+branch&cut) =    1.59 sec. (3214.80 ticks)
Truck arcs:
0 7
1 11
4 5
5 6
6 1
7 8
8 10
10 4
customer 2 is served by drone
start of this sortie: 5
end of this sortie: 6

customer 3 is served by drone
start of this sortie: 4
end of this sortie: 5

customer 9 is served by drone
start of this sortie: 7
end of this sortie: 8

219.516
In write mode
