Instance name: /home/cuong/CLionProjects/uMV-FSTSP/50_dis_rand_ins/v56
Write arg val: 1

drone speed: 1 miles/minute
uav non-eligible customer: 8 9 11 
Printing tau:
0 15.9199 62.8585 71.0369 27.4875 51.1261 46.2843 54.3249 47.0166 106.356 89.1249 0 
15.9199 0 68.0306 61.7663 43.4074 67.046 62.2042 70.2448 62.9365 122.276 105.045 15.9199 
62.8585 68.0306 0 10.3515 41.4462 37.4258 59.1509 95.6576 84.6181 54.2455 42.6706 62.8585 
71.0369 61.7663 10.3515 0 49.6246 45.6042 67.3293 103.836 92.7965 64.5969 50.849 71.0369 
27.4875 43.4074 41.4462 49.6246 0 23.6386 18.7968 54.2114 43.1719 78.8686 61.6373 27.4875 
51.1261 67.046 37.4258 45.6042 23.6386 0 21.7251 58.2319 47.1924 55.2301 37.9988 51.1261 
46.2843 62.2042 59.1509 67.3293 18.7968 21.7251 0 36.5067 25.4672 60.0719 42.8406 46.2843 
54.3249 70.2448 95.6576 103.836 54.2114 58.2319 36.5067 0 11.0395 52.0313 52.9871 54.3249 
47.0166 62.9365 84.6181 92.7965 43.1719 47.1924 25.4672 11.0395 0 59.3396 42.1083 47.0166 
106.356 122.276 54.2455 64.5969 78.8686 55.2301 60.0719 52.0313 59.3396 0 17.2313 106.356 
89.1249 105.045 42.6706 50.849 61.6373 37.9988 42.8406 52.9871 42.1083 17.2313 0 89.1249 
0 0 0 0 0 0 0 0 0 0 0 0 
Printing tau_prime:
0 2.60533 11.547 11.6534 4.92757 8.07552 6.56656 8.97438 7.32672 15.2081 12.9235 0 
2.60533 0 12.2473 11.9515 6.37437 9.75334 8.83212 11.5795 9.92359 17.3178 14.9356 2.60533 
11.547 12.2473 0 1.86569 6.81775 5.29463 8.40568 13.5317 11.9885 10.1471 7.98852 11.547 
11.6534 11.9515 1.86569 0 7.30244 6.58404 9.54328 14.7918 13.1445 12.0112 9.82764 11.6534 
4.92757 6.37437 6.81775 7.30244 0 3.391 3.65178 8.55467 6.70104 11.181 8.71856 4.92757 
8.07552 9.75334 5.29463 6.58404 3.391 0 3.14777 8.24764 6.69927 7.92634 5.42479 8.07552 
6.56656 8.83212 8.40568 9.54328 3.65178 3.14777 0 5.28657 3.6031 8.6685 6.4914 6.56656 
8.97438 11.5795 13.5317 14.7918 8.55467 8.24764 5.28657 0 1.87233 10.078 8.96512 8.97438 
7.32672 9.92359 11.9885 13.1445 6.70104 6.69927 3.6031 1.87233 0 9.93881 8.4056 7.32672 
15.2081 17.3178 10.1471 12.0112 11.181 7.92634 8.6685 10.078 9.93881 0 2.51139 15.2081 
12.9235 14.9356 7.98852 9.82764 8.71856 5.42479 6.4914 8.96512 8.4056 2.51139 0 12.9235 
0 0 0 0 0 0 0 0 0 0 0 0 
Printing number of nodes: 11

Version identifier: 22.1.1.0 | 2022-11-28 | 9160aff4d
CPXPARAM_ClockType                               0
CPXPARAM_Emphasis_MIP                            2
CPXPARAM_MIP_Tolerances_Integrality              0
Tried aggregator 3 times.
MIP Presolve eliminated 995 rows and 1285 columns.
MIP Presolve modified 707 coefficients.
Aggregator did 30 substitutions.
Reduced MIP has 5250 rows, 400 columns, and 149035 nonzeros.
Reduced MIP has 392 binaries, 0 generals, 0 SOSs, and 0 indicators.
Presolve time = 0.14 sec. (532.79 ticks)
Found incumbent of value 594.749500 after 0.18 sec. (617.58 ticks)
Probing fixed 88 vars, tightened 0 bounds.
Probing changed sense of 23 constraints.
Probing time = 0.02 sec. (16.07 ticks)
Cover probing fixed 8 vars, tightened 0 bounds.
Tried aggregator 2 times.
MIP Presolve eliminated 152 rows and 123 columns.
MIP Presolve modified 115 coefficients.
Aggregator did 4 substitutions.
Reduced MIP has 5093 rows, 273 columns, and 148063 nonzeros.
Reduced MIP has 265 binaries, 0 generals, 0 SOSs, and 0 indicators.
Presolve time = 0.09 sec. (225.87 ticks)
Probing fixed 2 vars, tightened 0 bounds.
Probing changed sense of 15 constraints.
Probing time = 0.01 sec. (13.36 ticks)
Tried aggregator 1 time.
MIP Presolve eliminated 105 rows and 93 columns.
MIP Presolve modified 38 coefficients.
Reduced MIP has 4988 rows, 180 columns, and 147546 nonzeros.
Reduced MIP has 180 binaries, 0 generals, 0 SOSs, and 0 indicators.
Presolve time = 0.07 sec. (180.86 ticks)
Probing changed sense of 2 constraints.
Probing time = 0.01 sec. (8.10 ticks)
Tried aggregator 1 time.
Detecting symmetries...
MIP Presolve eliminated 6 rows and 2 columns.
MIP Presolve modified 6 coefficients.
Reduced MIP has 4982 rows, 178 columns, and 147526 nonzeros.
Reduced MIP has 178 binaries, 0 generals, 0 SOSs, and 0 indicators.
Presolve time = 0.04 sec. (72.26 ticks)
Probing time = 0.01 sec. (8.98 ticks)
Clique table members: 6234.
MIP emphasis: optimality.
MIP search method: dynamic search.
Parallel mode: deterministic, using up to 20 threads.
Root relaxation solution time = 0.02 sec. (24.72 ticks)

        Nodes                                         Cuts/
   Node  Left     Objective  IInf  Best Integer    Best Bound    ItCnt     Gap

*     0+    0                          594.7495       -2.0000           100.34%
*     0+    0                          540.1571       -2.0000           100.37%
*     0+    0                          474.1144       -2.0000           100.42%
      0     0      255.5094    24      474.1144      255.5094      105   46.11%
*     0+    0                          284.7619      255.5094            10.27%
*     0+    0                          256.0967      255.5094             0.23%
      0     0        cutoff            256.0967      256.0967      106    0.00%
Elapsed time = 0.59 sec. (1681.05 ticks, tree = 0.01 MB, solutions = 5)

Clique cuts applied:  12
Gomory fractional cuts applied:  1

Root node processing (before b&c):
  Real time             =    0.59 sec. (1681.14 ticks)
Parallel b&c, 20 threads:
  Real time             =    0.00 sec. (0.00 ticks)
  Sync time (average)   =    0.00 sec.
  Wait time (average)   =    0.00 sec.
                          ------------
Total (root+branch&cut) =    0.59 sec. (1681.14 ticks)
Truck arcs:
0 1
1 8
4 11
6 4
7 9
8 7
9 10
10 6
customer 2 is served by drone
start of this sortie: 9
end of this sortie: 10

customer 3 is served by drone
start of this sortie: 6
end of this sortie: 4

customer 5 is served by drone
start of this sortie: 0
end of this sortie: 1

256.097
In write mode
